

================================================================
== Vitis HLS Report for 'kernel_wrapper'
================================================================
* Date:           Thu Jul  4 19:03:30 2024

* Version:        2022.2 (Build 3670227 on Oct 13 2022)
* Project:        kernel_wrapper
* Solution:       solution (Vitis Kernel Flow Target)
* Product family: virtexuplus
* Target device:  xcu55c-fsvh2892-2L-e


================================================================
== Performance Estimates
================================================================
+ Timing: 
    * Summary: 
    +--------+---------+----------+------------+
    |  Clock |  Target | Estimated| Uncertainty|
    +--------+---------+----------+------------+
    |ap_clk  |  5.00 ns|  3.650 ns|     1.35 ns|
    +--------+---------+----------+------------+

+ Latency: 
    * Summary: 
    +----------+----------+-----------+-----------+----------+----------+---------+
    |   Latency (cycles)  |   Latency (absolute)  |       Interval      | Pipeline|
    |    min   |    max   |    min    |    max    |    min   |    max   |   Type  |
    +----------+----------+-----------+-----------+----------+----------+---------+
    |  25788443|  25788443|  0.129 sec|  0.129 sec|  25788444|  25788444|       no|
    +----------+----------+-----------+-----------+----------+----------+---------+

    + Detail: 
        * Instance: 
        +-------------------------------------+----------------------------------+---------+---------+-----------+-----------+------+------+----------+
        |                                     |                                  |  Latency (cycles) |   Latency (absolute)  |   Interval  | Pipeline |
        |               Instance              |              Module              |   min   |   max   |    min    |    max    |  min |  max |   Type   |
        +-------------------------------------+----------------------------------+---------+---------+-----------+-----------+------+------+----------+
        |dataflow_in_loop_VITIS_LOOP_36_1_U0  |dataflow_in_loop_VITIS_LOOP_36_1  |     3172|     3172|  15.860 us|  15.860 us|  3148|  3148|  dataflow|
        +-------------------------------------+----------------------------------+---------+---------+-----------+-----------+------+------+----------+

        * Loop: 
        +-------------------+----------+----------+----------+-----------+-----------+------+----------+
        |                   |   Latency (cycles)  | Iteration|  Initiation Interval  | Trip |          |
        |     Loop Name     |    min   |    max   |  Latency |  achieved |   target  | Count| Pipelined|
        +-------------------+----------+----------+----------+-----------+-----------+------+----------+
        |- VITIS_LOOP_36_1  |  25788442|  25788442|      3175|          -|          -|  8192|        no|
        +-------------------+----------+----------+----------+-----------+-----------+------+----------+



================================================================
== Utilization Estimates
================================================================
* Summary: 
+---------------------+---------+------+---------+---------+-----+
|         Name        | BRAM_18K|  DSP |    FF   |   LUT   | URAM|
+---------------------+---------+------+---------+---------+-----+
|DSP                  |        -|     -|        -|        -|    -|
|Expression           |        -|     -|      205|       49|    -|
|FIFO                 |        -|     -|        -|        -|    -|
|Instance             |       52|   443|    62880|   255718|    0|
|Memory               |        -|     -|        -|        -|    -|
|Multiplexer          |        -|     -|        -|       18|    -|
|Register             |        -|     -|       31|        -|    -|
+---------------------+---------+------+---------+---------+-----+
|Total                |       52|   443|    63116|   255785|    0|
+---------------------+---------+------+---------+---------+-----+
|Available SLR        |     1344|  3008|   869120|   434560|  320|
+---------------------+---------+------+---------+---------+-----+
|Utilization SLR (%)  |        3|    14|        7|       58|    0|
+---------------------+---------+------+---------+---------+-----+
|Available            |     4032|  9024|  2607360|  1303680|  960|
+---------------------+---------+------+---------+---------+-----+
|Utilization (%)      |        1|     4|        2|       19|    0|
+---------------------+---------+------+---------+---------+-----+

+ Detail: 
    * Instance: 
    +-------------------------------------+----------------------------------+---------+-----+-------+--------+-----+
    |               Instance              |              Module              | BRAM_18K| DSP |   FF  |   LUT  | URAM|
    +-------------------------------------+----------------------------------+---------+-----+-------+--------+-----+
    |control_s_axi_U                      |control_s_axi                     |        0|    0|    176|     296|    0|
    |dataflow_in_loop_VITIS_LOOP_36_1_U0  |dataflow_in_loop_VITIS_LOOP_36_1  |       52|  443|  61251|  253323|    0|
    |gmem0_m_axi_U                        |gmem0_m_axi                       |        0|    0|    689|     981|    0|
    |gmem1_m_axi_U                        |gmem1_m_axi                       |        0|    0|    764|    1118|    0|
    +-------------------------------------+----------------------------------+---------+-----+-------+--------+-----+
    |Total                                |                                  |       52|  443|  62880|  255718|    0|
    +-------------------------------------+----------------------------------+---------+-----+-------+--------+-----+

    * DSP: 
    N/A

    * Memory: 
    N/A

    * FIFO: 
    N/A

    * Expression: 
    +----------------------------+----------+----+----+----+------------+------------+
    |        Variable Name       | Operation| DSP| FF | LUT| Bitwidth P0| Bitwidth P1|
    +----------------------------+----------+----+----+----+------------+------------+
    |loop_dataflow_input_count   |         +|   0|  67|  16|          14|           1|
    |loop_dataflow_output_count  |         +|   0|  67|  16|          14|           1|
    |bound_minus_1               |         -|   0|  71|  17|          15|           1|
    +----------------------------+----------+----+----+----+------------+------------+
    |Total                       |          |   0| 205|  49|          43|           3|
    +----------------------------+----------+----+----+----+------------+------------+

    * Multiplexer: 
    +----------------------------+----+-----------+-----+-----------+
    |            Name            | LUT| Input Size| Bits| Total Bits|
    +----------------------------+----+-----------+-----+-----------+
    |loop_dataflow_input_count   |   9|          2|   14|         28|
    |loop_dataflow_output_count  |   9|          2|   14|         28|
    +----------------------------+----+-----------+-----+-----------+
    |Total                       |  18|          4|   28|         56|
    +----------------------------+----+-----------+-----+-----------+

    * Register: 
    +----------------------------+----+----+-----+-----------+
    |            Name            | FF | LUT| Bits| Const Bits|
    +----------------------------+----+----+-----+-----------+
    |ap_rst_n_inv                |   1|   0|    1|          0|
    |ap_rst_reg_1                |   1|   0|    1|          0|
    |ap_rst_reg_2                |   1|   0|    1|          0|
    |loop_dataflow_input_count   |  14|   0|   14|          0|
    |loop_dataflow_output_count  |  14|   0|   14|          0|
    +----------------------------+----+----+-----+-----------+
    |Total                       |  31|   0|   31|          0|
    +----------------------------+----+----+-----+-----------+



================================================================
== Interface
================================================================
* Summary: 
+-----------------------+-----+-----+---------------+----------------+--------------+
|       RTL Ports       | Dir | Bits|    Protocol   |  Source Object |    C Type    |
+-----------------------+-----+-----+---------------+----------------+--------------+
|s_axi_control_AWVALID  |   in|    1|          s_axi|         control|        scalar|
|s_axi_control_AWREADY  |  out|    1|          s_axi|         control|        scalar|
|s_axi_control_AWADDR   |   in|    6|          s_axi|         control|        scalar|
|s_axi_control_WVALID   |   in|    1|          s_axi|         control|        scalar|
|s_axi_control_WREADY   |  out|    1|          s_axi|         control|        scalar|
|s_axi_control_WDATA    |   in|   32|          s_axi|         control|        scalar|
|s_axi_control_WSTRB    |   in|    4|          s_axi|         control|        scalar|
|s_axi_control_ARVALID  |   in|    1|          s_axi|         control|        scalar|
|s_axi_control_ARREADY  |  out|    1|          s_axi|         control|        scalar|
|s_axi_control_ARADDR   |   in|    6|          s_axi|         control|        scalar|
|s_axi_control_RVALID   |  out|    1|          s_axi|         control|        scalar|
|s_axi_control_RREADY   |   in|    1|          s_axi|         control|        scalar|
|s_axi_control_RDATA    |  out|   32|          s_axi|         control|        scalar|
|s_axi_control_RRESP    |  out|    2|          s_axi|         control|        scalar|
|s_axi_control_BVALID   |  out|    1|          s_axi|         control|        scalar|
|s_axi_control_BREADY   |   in|    1|          s_axi|         control|        scalar|
|s_axi_control_BRESP    |  out|    2|          s_axi|         control|        scalar|
|ap_clk                 |   in|    1|  ap_ctrl_chain|  kernel_wrapper|  return value|
|ap_rst_n               |   in|    1|  ap_ctrl_chain|  kernel_wrapper|  return value|
|interrupt              |  out|    1|  ap_ctrl_chain|  kernel_wrapper|  return value|
|m_axi_gmem0_AWVALID    |  out|    1|          m_axi|           gmem0|       pointer|
|m_axi_gmem0_AWREADY    |   in|    1|          m_axi|           gmem0|       pointer|
|m_axi_gmem0_AWADDR     |  out|   64|          m_axi|           gmem0|       pointer|
|m_axi_gmem0_AWID       |  out|    1|          m_axi|           gmem0|       pointer|
|m_axi_gmem0_AWLEN      |  out|    8|          m_axi|           gmem0|       pointer|
|m_axi_gmem0_AWSIZE     |  out|    3|          m_axi|           gmem0|       pointer|
|m_axi_gmem0_AWBURST    |  out|    2|          m_axi|           gmem0|       pointer|
|m_axi_gmem0_AWLOCK     |  out|    2|          m_axi|           gmem0|       pointer|
|m_axi_gmem0_AWCACHE    |  out|    4|          m_axi|           gmem0|       pointer|
|m_axi_gmem0_AWPROT     |  out|    3|          m_axi|           gmem0|       pointer|
|m_axi_gmem0_AWQOS      |  out|    4|          m_axi|           gmem0|       pointer|
|m_axi_gmem0_AWREGION   |  out|    4|          m_axi|           gmem0|       pointer|
|m_axi_gmem0_AWUSER     |  out|    1|          m_axi|           gmem0|       pointer|
|m_axi_gmem0_WVALID     |  out|    1|          m_axi|           gmem0|       pointer|
|m_axi_gmem0_WREADY     |   in|    1|          m_axi|           gmem0|       pointer|
|m_axi_gmem0_WDATA      |  out|   32|          m_axi|           gmem0|       pointer|
|m_axi_gmem0_WSTRB      |  out|    4|          m_axi|           gmem0|       pointer|
|m_axi_gmem0_WLAST      |  out|    1|          m_axi|           gmem0|       pointer|
|m_axi_gmem0_WID        |  out|    1|          m_axi|           gmem0|       pointer|
|m_axi_gmem0_WUSER      |  out|    1|          m_axi|           gmem0|       pointer|
|m_axi_gmem0_ARVALID    |  out|    1|          m_axi|           gmem0|       pointer|
|m_axi_gmem0_ARREADY    |   in|    1|          m_axi|           gmem0|       pointer|
|m_axi_gmem0_ARADDR     |  out|   64|          m_axi|           gmem0|       pointer|
|m_axi_gmem0_ARID       |  out|    1|          m_axi|           gmem0|       pointer|
|m_axi_gmem0_ARLEN      |  out|    8|          m_axi|           gmem0|       pointer|
|m_axi_gmem0_ARSIZE     |  out|    3|          m_axi|           gmem0|       pointer|
|m_axi_gmem0_ARBURST    |  out|    2|          m_axi|           gmem0|       pointer|
|m_axi_gmem0_ARLOCK     |  out|    2|          m_axi|           gmem0|       pointer|
|m_axi_gmem0_ARCACHE    |  out|    4|          m_axi|           gmem0|       pointer|
|m_axi_gmem0_ARPROT     |  out|    3|          m_axi|           gmem0|       pointer|
|m_axi_gmem0_ARQOS      |  out|    4|          m_axi|           gmem0|       pointer|
|m_axi_gmem0_ARREGION   |  out|    4|          m_axi|           gmem0|       pointer|
|m_axi_gmem0_ARUSER     |  out|    1|          m_axi|           gmem0|       pointer|
|m_axi_gmem0_RVALID     |   in|    1|          m_axi|           gmem0|       pointer|
|m_axi_gmem0_RREADY     |  out|    1|          m_axi|           gmem0|       pointer|
|m_axi_gmem0_RDATA      |   in|   32|          m_axi|           gmem0|       pointer|
|m_axi_gmem0_RLAST      |   in|    1|          m_axi|           gmem0|       pointer|
|m_axi_gmem0_RID        |   in|    1|          m_axi|           gmem0|       pointer|
|m_axi_gmem0_RUSER      |   in|    1|          m_axi|           gmem0|       pointer|
|m_axi_gmem0_RRESP      |   in|    2|          m_axi|           gmem0|       pointer|
|m_axi_gmem0_BVALID     |   in|    1|          m_axi|           gmem0|       pointer|
|m_axi_gmem0_BREADY     |  out|    1|          m_axi|           gmem0|       pointer|
|m_axi_gmem0_BRESP      |   in|    2|          m_axi|           gmem0|       pointer|
|m_axi_gmem0_BID        |   in|    1|          m_axi|           gmem0|       pointer|
|m_axi_gmem0_BUSER      |   in|    1|          m_axi|           gmem0|       pointer|
|m_axi_gmem1_AWVALID    |  out|    1|          m_axi|           gmem1|       pointer|
|m_axi_gmem1_AWREADY    |   in|    1|          m_axi|           gmem1|       pointer|
|m_axi_gmem1_AWADDR     |  out|   64|          m_axi|           gmem1|       pointer|
|m_axi_gmem1_AWID       |  out|    1|          m_axi|           gmem1|       pointer|
|m_axi_gmem1_AWLEN      |  out|    8|          m_axi|           gmem1|       pointer|
|m_axi_gmem1_AWSIZE     |  out|    3|          m_axi|           gmem1|       pointer|
|m_axi_gmem1_AWBURST    |  out|    2|          m_axi|           gmem1|       pointer|
|m_axi_gmem1_AWLOCK     |  out|    2|          m_axi|           gmem1|       pointer|
|m_axi_gmem1_AWCACHE    |  out|    4|          m_axi|           gmem1|       pointer|
|m_axi_gmem1_AWPROT     |  out|    3|          m_axi|           gmem1|       pointer|
|m_axi_gmem1_AWQOS      |  out|    4|          m_axi|           gmem1|       pointer|
|m_axi_gmem1_AWREGION   |  out|    4|          m_axi|           gmem1|       pointer|
|m_axi_gmem1_AWUSER     |  out|    1|          m_axi|           gmem1|       pointer|
|m_axi_gmem1_WVALID     |  out|    1|          m_axi|           gmem1|       pointer|
|m_axi_gmem1_WREADY     |   in|    1|          m_axi|           gmem1|       pointer|
|m_axi_gmem1_WDATA      |  out|   32|          m_axi|           gmem1|       pointer|
|m_axi_gmem1_WSTRB      |  out|    4|          m_axi|           gmem1|       pointer|
|m_axi_gmem1_WLAST      |  out|    1|          m_axi|           gmem1|       pointer|
|m_axi_gmem1_WID        |  out|    1|          m_axi|           gmem1|       pointer|
|m_axi_gmem1_WUSER      |  out|    1|          m_axi|           gmem1|       pointer|
|m_axi_gmem1_ARVALID    |  out|    1|          m_axi|           gmem1|       pointer|
|m_axi_gmem1_ARREADY    |   in|    1|          m_axi|           gmem1|       pointer|
|m_axi_gmem1_ARADDR     |  out|   64|          m_axi|           gmem1|       pointer|
|m_axi_gmem1_ARID       |  out|    1|          m_axi|           gmem1|       pointer|
|m_axi_gmem1_ARLEN      |  out|    8|          m_axi|           gmem1|       pointer|
|m_axi_gmem1_ARSIZE     |  out|    3|          m_axi|           gmem1|       pointer|
|m_axi_gmem1_ARBURST    |  out|    2|          m_axi|           gmem1|       pointer|
|m_axi_gmem1_ARLOCK     |  out|    2|          m_axi|           gmem1|       pointer|
|m_axi_gmem1_ARCACHE    |  out|    4|          m_axi|           gmem1|       pointer|
|m_axi_gmem1_ARPROT     |  out|    3|          m_axi|           gmem1|       pointer|
|m_axi_gmem1_ARQOS      |  out|    4|          m_axi|           gmem1|       pointer|
|m_axi_gmem1_ARREGION   |  out|    4|          m_axi|           gmem1|       pointer|
|m_axi_gmem1_ARUSER     |  out|    1|          m_axi|           gmem1|       pointer|
|m_axi_gmem1_RVALID     |   in|    1|          m_axi|           gmem1|       pointer|
|m_axi_gmem1_RREADY     |  out|    1|          m_axi|           gmem1|       pointer|
|m_axi_gmem1_RDATA      |   in|   32|          m_axi|           gmem1|       pointer|
|m_axi_gmem1_RLAST      |   in|    1|          m_axi|           gmem1|       pointer|
|m_axi_gmem1_RID        |   in|    1|          m_axi|           gmem1|       pointer|
|m_axi_gmem1_RUSER      |   in|    1|          m_axi|           gmem1|       pointer|
|m_axi_gmem1_RRESP      |   in|    2|          m_axi|           gmem1|       pointer|
|m_axi_gmem1_BVALID     |   in|    1|          m_axi|           gmem1|       pointer|
|m_axi_gmem1_BREADY     |  out|    1|          m_axi|           gmem1|       pointer|
|m_axi_gmem1_BRESP      |   in|    2|          m_axi|           gmem1|       pointer|
|m_axi_gmem1_BID        |   in|    1|          m_axi|           gmem1|       pointer|
|m_axi_gmem1_BUSER      |   in|    1|          m_axi|           gmem1|       pointer|
+-----------------------+-----+-----+---------------+----------------+--------------+

