

================================================================
== Vitis HLS Report for 'relu_array_ap_fixed_24u_array_ap_ufixed_6_0_4_0_0_24u_relu_config12_s'
================================================================
* Date:           Thu Jul  4 19:00:20 2024

* Version:        2022.2 (Build 3670227 on Oct 13 2022)
* Project:        kernel_wrapper
* Solution:       solution (Vitis Kernel Flow Target)
* Product family: virtexuplus
* Target device:  xcu55c-fsvh2892-2L-e


================================================================
== Performance Estimates
================================================================
+ Timing: 
    * Summary: 
    +--------+---------+----------+------------+
    |  Clock |  Target | Estimated| Uncertainty|
    +--------+---------+----------+------------+
    |ap_clk  |  5.00 ns|  3.025 ns|     1.35 ns|
    +--------+---------+----------+------------+

+ Latency: 
    * Summary: 
    +---------+---------+-----------+-----------+-----+-----+---------+
    |  Latency (cycles) |   Latency (absolute)  |  Interval | Pipeline|
    |   min   |   max   |    min    |    max    | min | max |   Type  |
    +---------+---------+-----------+-----------+-----+-----+---------+
    |       19|       19|  95.000 ns|  95.000 ns|   19|   19|       no|
    +---------+---------+-----------+-----------+-----+-----+---------+

    + Detail: 
        * Instance: 
        N/A

        * Loop: 
        +---------------+---------+---------+----------+-----------+-----------+------+----------+
        |               |  Latency (cycles) | Iteration|  Initiation Interval  | Trip |          |
        |   Loop Name   |   min   |   max   |  Latency |  achieved |   target  | Count| Pipelined|
        +---------------+---------+---------+----------+-----------+-----------+------+----------+
        |- ReLUActLoop  |       17|       17|         3|          1|          1|    16|       yes|
        +---------------+---------+---------+----------+-----------+-----------+------+----------+



================================================================
== Utilization Estimates
================================================================
* Summary: 
+---------------------+---------+------+---------+---------+-----+
|         Name        | BRAM_18K|  DSP |    FF   |   LUT   | URAM|
+---------------------+---------+------+---------+---------+-----+
|DSP                  |        -|     -|        -|        -|    -|
|Expression           |        -|     -|        0|     1804|    -|
|FIFO                 |        -|     -|        -|        -|    -|
|Instance             |        -|     -|        -|        -|    -|
|Memory               |        -|     -|        -|        -|    -|
|Multiplexer          |        -|     -|        -|       63|    -|
|Register             |        -|     -|      155|        -|    -|
+---------------------+---------+------+---------+---------+-----+
|Total                |        0|     0|      155|     1867|    0|
+---------------------+---------+------+---------+---------+-----+
|Available SLR        |     1344|  3008|   869120|   434560|  320|
+---------------------+---------+------+---------+---------+-----+
|Utilization SLR (%)  |        0|     0|       ~0|       ~0|    0|
+---------------------+---------+------+---------+---------+-----+
|Available            |     4032|  9024|  2607360|  1303680|  960|
+---------------------+---------+------+---------+---------+-----+
|Utilization (%)      |        0|     0|       ~0|       ~0|    0|
+---------------------+---------+------+---------+---------+-----+

+ Detail: 
    * Instance: 
    N/A

    * DSP: 
    N/A

    * Memory: 
    N/A

    * FIFO: 
    N/A

    * Expression: 
    +---------------------------------+----------+----+---+----+------------+------------+
    |          Variable Name          | Operation| DSP| FF| LUT| Bitwidth P0| Bitwidth P1|
    +---------------------------------+----------+----+---+----+------------+------------+
    |i_2_fu_421_p2                    |         +|   0|  0|  12|           5|           1|
    |p_Val2_240_fu_732_p2             |         +|   0|  0|  13|           6|           6|
    |p_Val2_242_fu_872_p2             |         +|   0|  0|  13|           6|           6|
    |p_Val2_244_fu_1012_p2            |         +|   0|  0|  13|           6|           6|
    |p_Val2_246_fu_1152_p2            |         +|   0|  0|  13|           6|           6|
    |p_Val2_247_fu_1292_p2            |         +|   0|  0|  13|           6|           6|
    |p_Val2_248_fu_1432_p2            |         +|   0|  0|  13|           6|           6|
    |p_Val2_249_fu_1572_p2            |         +|   0|  0|  13|           6|           6|
    |p_Val2_250_fu_1712_p2            |         +|   0|  0|  13|           6|           6|
    |p_Val2_251_fu_1852_p2            |         +|   0|  0|  13|           6|           6|
    |p_Val2_252_fu_1992_p2            |         +|   0|  0|  13|           6|           6|
    |p_Val2_253_fu_2132_p2            |         +|   0|  0|  13|           6|           6|
    |p_Val2_254_fu_2272_p2            |         +|   0|  0|  13|           6|           6|
    |p_Val2_255_fu_2412_p2            |         +|   0|  0|  13|           6|           6|
    |p_Val2_256_fu_2552_p2            |         +|   0|  0|  13|           6|           6|
    |p_Val2_257_fu_2692_p2            |         +|   0|  0|  13|           6|           6|
    |p_Val2_258_fu_2832_p2            |         +|   0|  0|  13|           6|           6|
    |p_Val2_259_fu_2972_p2            |         +|   0|  0|  13|           6|           6|
    |p_Val2_260_fu_3112_p2            |         +|   0|  0|  13|           6|           6|
    |p_Val2_261_fu_3252_p2            |         +|   0|  0|  13|           6|           6|
    |p_Val2_262_fu_3392_p2            |         +|   0|  0|  13|           6|           6|
    |p_Val2_263_fu_3532_p2            |         +|   0|  0|  13|           6|           6|
    |p_Val2_264_fu_3672_p2            |         +|   0|  0|  13|           6|           6|
    |p_Val2_267_fu_3812_p2            |         +|   0|  0|  13|           6|           6|
    |p_Val2_269_fu_3952_p2            |         +|   0|  0|  13|           6|           6|
    |and_ln374_105_fu_862_p2          |       and|   0|  0|   2|           1|           1|
    |and_ln374_106_fu_1002_p2         |       and|   0|  0|   2|           1|           1|
    |and_ln374_107_fu_1142_p2         |       and|   0|  0|   2|           1|           1|
    |and_ln374_108_fu_1282_p2         |       and|   0|  0|   2|           1|           1|
    |and_ln374_109_fu_1422_p2         |       and|   0|  0|   2|           1|           1|
    |and_ln374_110_fu_1562_p2         |       and|   0|  0|   2|           1|           1|
    |and_ln374_111_fu_1702_p2         |       and|   0|  0|   2|           1|           1|
    |and_ln374_112_fu_1842_p2         |       and|   0|  0|   2|           1|           1|
    |and_ln374_113_fu_1982_p2         |       and|   0|  0|   2|           1|           1|
    |and_ln374_114_fu_2122_p2         |       and|   0|  0|   2|           1|           1|
    |and_ln374_115_fu_2262_p2         |       and|   0|  0|   2|           1|           1|
    |and_ln374_116_fu_2402_p2         |       and|   0|  0|   2|           1|           1|
    |and_ln374_117_fu_2542_p2         |       and|   0|  0|   2|           1|           1|
    |and_ln374_118_fu_2682_p2         |       and|   0|  0|   2|           1|           1|
    |and_ln374_119_fu_2822_p2         |       and|   0|  0|   2|           1|           1|
    |and_ln374_120_fu_2962_p2         |       and|   0|  0|   2|           1|           1|
    |and_ln374_121_fu_3102_p2         |       and|   0|  0|   2|           1|           1|
    |and_ln374_122_fu_3242_p2         |       and|   0|  0|   2|           1|           1|
    |and_ln374_123_fu_3382_p2         |       and|   0|  0|   2|           1|           1|
    |and_ln374_124_fu_3522_p2         |       and|   0|  0|   2|           1|           1|
    |and_ln374_125_fu_3662_p2         |       and|   0|  0|   2|           1|           1|
    |and_ln374_126_fu_3802_p2         |       and|   0|  0|   2|           1|           1|
    |and_ln374_127_fu_3942_p2         |       and|   0|  0|   2|           1|           1|
    |and_ln374_fu_722_p2              |       and|   0|  0|   2|           1|           1|
    |ap_condition_158                 |       and|   0|  0|   2|           1|           1|
    |Range1_all_ones_105_fu_888_p2    |      icmp|   0|  0|  10|           6|           2|
    |Range1_all_ones_106_fu_1028_p2   |      icmp|   0|  0|  10|           6|           2|
    |Range1_all_ones_107_fu_1168_p2   |      icmp|   0|  0|  10|           6|           2|
    |Range1_all_ones_108_fu_1308_p2   |      icmp|   0|  0|  10|           6|           2|
    |Range1_all_ones_109_fu_1448_p2   |      icmp|   0|  0|  10|           6|           2|
    |Range1_all_ones_110_fu_1588_p2   |      icmp|   0|  0|  10|           6|           2|
    |Range1_all_ones_111_fu_1728_p2   |      icmp|   0|  0|  10|           6|           2|
    |Range1_all_ones_112_fu_1868_p2   |      icmp|   0|  0|  10|           6|           2|
    |Range1_all_ones_113_fu_2008_p2   |      icmp|   0|  0|  10|           6|           2|
    |Range1_all_ones_114_fu_2148_p2   |      icmp|   0|  0|  10|           6|           2|
    |Range1_all_ones_115_fu_2288_p2   |      icmp|   0|  0|  10|           6|           2|
    |Range1_all_ones_116_fu_2428_p2   |      icmp|   0|  0|  10|           6|           2|
    |Range1_all_ones_117_fu_2568_p2   |      icmp|   0|  0|  10|           6|           2|
    |Range1_all_ones_118_fu_2708_p2   |      icmp|   0|  0|  10|           6|           2|
    |Range1_all_ones_119_fu_2848_p2   |      icmp|   0|  0|  10|           6|           2|
    |Range1_all_ones_120_fu_2988_p2   |      icmp|   0|  0|  10|           6|           2|
    |Range1_all_ones_121_fu_3128_p2   |      icmp|   0|  0|  10|           6|           2|
    |Range1_all_ones_122_fu_3268_p2   |      icmp|   0|  0|  10|           6|           2|
    |Range1_all_ones_123_fu_3408_p2   |      icmp|   0|  0|  10|           6|           2|
    |Range1_all_ones_124_fu_3548_p2   |      icmp|   0|  0|  10|           6|           2|
    |Range1_all_ones_125_fu_3688_p2   |      icmp|   0|  0|  10|           6|           2|
    |Range1_all_ones_126_fu_3828_p2   |      icmp|   0|  0|  10|           6|           2|
    |Range1_all_ones_127_fu_3968_p2   |      icmp|   0|  0|  10|           6|           2|
    |Range1_all_ones_fu_748_p2        |      icmp|   0|  0|  10|           6|           2|
    |Range1_all_zeros_105_fu_894_p2   |      icmp|   0|  0|  10|           6|           1|
    |Range1_all_zeros_106_fu_1034_p2  |      icmp|   0|  0|  10|           6|           1|
    |Range1_all_zeros_107_fu_1174_p2  |      icmp|   0|  0|  10|           6|           1|
    |Range1_all_zeros_108_fu_1314_p2  |      icmp|   0|  0|  10|           6|           1|
    |Range1_all_zeros_109_fu_1454_p2  |      icmp|   0|  0|  10|           6|           1|
    |Range1_all_zeros_110_fu_1594_p2  |      icmp|   0|  0|  10|           6|           1|
    |Range1_all_zeros_111_fu_1734_p2  |      icmp|   0|  0|  10|           6|           1|
    |Range1_all_zeros_112_fu_1874_p2  |      icmp|   0|  0|  10|           6|           1|
    |Range1_all_zeros_113_fu_2014_p2  |      icmp|   0|  0|  10|           6|           1|
    |Range1_all_zeros_114_fu_2154_p2  |      icmp|   0|  0|  10|           6|           1|
    |Range1_all_zeros_115_fu_2294_p2  |      icmp|   0|  0|  10|           6|           1|
    |Range1_all_zeros_116_fu_2434_p2  |      icmp|   0|  0|  10|           6|           1|
    |Range1_all_zeros_117_fu_2574_p2  |      icmp|   0|  0|  10|           6|           1|
    |Range1_all_zeros_118_fu_2714_p2  |      icmp|   0|  0|  10|           6|           1|
    |Range1_all_zeros_119_fu_2854_p2  |      icmp|   0|  0|  10|           6|           1|
    |Range1_all_zeros_120_fu_2994_p2  |      icmp|   0|  0|  10|           6|           1|
    |Range1_all_zeros_121_fu_3134_p2  |      icmp|   0|  0|  10|           6|           1|
    |Range1_all_zeros_122_fu_3274_p2  |      icmp|   0|  0|  10|           6|           1|
    |Range1_all_zeros_123_fu_3414_p2  |      icmp|   0|  0|  10|           6|           1|
    |Range1_all_zeros_124_fu_3554_p2  |      icmp|   0|  0|  10|           6|           1|
    |Range1_all_zeros_125_fu_3694_p2  |      icmp|   0|  0|  10|           6|           1|
    |Range1_all_zeros_126_fu_3834_p2  |      icmp|   0|  0|  10|           6|           1|
    |Range1_all_zeros_127_fu_3974_p2  |      icmp|   0|  0|  10|           6|           1|
    |Range1_all_zeros_fu_754_p2       |      icmp|   0|  0|  10|           6|           1|
    |icmp_ln1649_105_fu_800_p2        |      icmp|   0|  0|  13|          16|           1|
    |icmp_ln1649_106_fu_940_p2        |      icmp|   0|  0|  13|          16|           1|
    |icmp_ln1649_107_fu_1080_p2       |      icmp|   0|  0|  13|          16|           1|
    |icmp_ln1649_108_fu_1220_p2       |      icmp|   0|  0|  13|          16|           1|
    |icmp_ln1649_109_fu_1360_p2       |      icmp|   0|  0|  13|          16|           1|
    |icmp_ln1649_110_fu_1500_p2       |      icmp|   0|  0|  13|          16|           1|
    |icmp_ln1649_111_fu_1640_p2       |      icmp|   0|  0|  13|          16|           1|
    |icmp_ln1649_112_fu_1780_p2       |      icmp|   0|  0|  13|          16|           1|
    |icmp_ln1649_113_fu_1920_p2       |      icmp|   0|  0|  13|          16|           1|
    |icmp_ln1649_114_fu_2060_p2       |      icmp|   0|  0|  13|          16|           1|
    |icmp_ln1649_115_fu_2200_p2       |      icmp|   0|  0|  13|          16|           1|
    |icmp_ln1649_116_fu_2340_p2       |      icmp|   0|  0|  13|          16|           1|
    |icmp_ln1649_117_fu_2480_p2       |      icmp|   0|  0|  13|          16|           1|
    |icmp_ln1649_118_fu_2620_p2       |      icmp|   0|  0|  13|          16|           1|
    |icmp_ln1649_119_fu_2760_p2       |      icmp|   0|  0|  13|          16|           1|
    |icmp_ln1649_120_fu_2900_p2       |      icmp|   0|  0|  13|          16|           1|
    |icmp_ln1649_121_fu_3040_p2       |      icmp|   0|  0|  13|          16|           1|
    |icmp_ln1649_122_fu_3180_p2       |      icmp|   0|  0|  13|          16|           1|
    |icmp_ln1649_123_fu_3320_p2       |      icmp|   0|  0|  13|          16|           1|
    |icmp_ln1649_124_fu_3460_p2       |      icmp|   0|  0|  13|          16|           1|
    |icmp_ln1649_125_fu_3600_p2       |      icmp|   0|  0|  13|          16|           1|
    |icmp_ln1649_126_fu_3740_p2       |      icmp|   0|  0|  13|          16|           1|
    |icmp_ln1649_127_fu_3880_p2       |      icmp|   0|  0|  13|          16|           1|
    |icmp_ln1649_fu_666_p2            |      icmp|   0|  0|  13|          16|           1|
    |icmp_ln41_fu_415_p2              |      icmp|   0|  0|  10|           5|           6|
    |r_105_fu_842_p2                  |      icmp|   0|  0|   8|           3|           1|
    |r_106_fu_982_p2                  |      icmp|   0|  0|   8|           3|           1|
    |r_107_fu_1122_p2                 |      icmp|   0|  0|   8|           3|           1|
    |r_108_fu_1262_p2                 |      icmp|   0|  0|   8|           3|           1|
    |r_109_fu_1402_p2                 |      icmp|   0|  0|   8|           3|           1|
    |r_110_fu_1542_p2                 |      icmp|   0|  0|   8|           3|           1|
    |r_111_fu_1682_p2                 |      icmp|   0|  0|   8|           3|           1|
    |r_112_fu_1822_p2                 |      icmp|   0|  0|   8|           3|           1|
    |r_113_fu_1962_p2                 |      icmp|   0|  0|   8|           3|           1|
    |r_114_fu_2102_p2                 |      icmp|   0|  0|   8|           3|           1|
    |r_115_fu_2242_p2                 |      icmp|   0|  0|   8|           3|           1|
    |r_116_fu_2382_p2                 |      icmp|   0|  0|   8|           3|           1|
    |r_117_fu_2522_p2                 |      icmp|   0|  0|   8|           3|           1|
    |r_118_fu_2662_p2                 |      icmp|   0|  0|   8|           3|           1|
    |r_119_fu_2802_p2                 |      icmp|   0|  0|   8|           3|           1|
    |r_120_fu_2942_p2                 |      icmp|   0|  0|   8|           3|           1|
    |r_121_fu_3082_p2                 |      icmp|   0|  0|   8|           3|           1|
    |r_122_fu_3222_p2                 |      icmp|   0|  0|   8|           3|           1|
    |r_123_fu_3362_p2                 |      icmp|   0|  0|   8|           3|           1|
    |r_124_fu_3502_p2                 |      icmp|   0|  0|   8|           3|           1|
    |r_125_fu_3642_p2                 |      icmp|   0|  0|   8|           3|           1|
    |r_126_fu_3782_p2                 |      icmp|   0|  0|   8|           3|           1|
    |r_127_fu_3922_p2                 |      icmp|   0|  0|   8|           3|           1|
    |r_fu_702_p2                      |      icmp|   0|  0|   8|           3|           1|
    |ap_block_pp0_stage0_01001        |        or|   0|  0|   2|           1|           1|
    |or_ln374_105_fu_856_p2           |        or|   0|  0|   2|           1|           1|
    |or_ln374_106_fu_996_p2           |        or|   0|  0|   2|           1|           1|
    |or_ln374_107_fu_1136_p2          |        or|   0|  0|   2|           1|           1|
    |or_ln374_108_fu_1276_p2          |        or|   0|  0|   2|           1|           1|
    |or_ln374_109_fu_1416_p2          |        or|   0|  0|   2|           1|           1|
    |or_ln374_110_fu_1556_p2          |        or|   0|  0|   2|           1|           1|
    |or_ln374_111_fu_1696_p2          |        or|   0|  0|   2|           1|           1|
    |or_ln374_112_fu_1836_p2          |        or|   0|  0|   2|           1|           1|
    |or_ln374_113_fu_1976_p2          |        or|   0|  0|   2|           1|           1|
    |or_ln374_114_fu_2116_p2          |        or|   0|  0|   2|           1|           1|
    |or_ln374_115_fu_2256_p2          |        or|   0|  0|   2|           1|           1|
    |or_ln374_116_fu_2396_p2          |        or|   0|  0|   2|           1|           1|
    |or_ln374_117_fu_2536_p2          |        or|   0|  0|   2|           1|           1|
    |or_ln374_118_fu_2676_p2          |        or|   0|  0|   2|           1|           1|
    |or_ln374_119_fu_2816_p2          |        or|   0|  0|   2|           1|           1|
    |or_ln374_120_fu_2956_p2          |        or|   0|  0|   2|           1|           1|
    |or_ln374_121_fu_3096_p2          |        or|   0|  0|   2|           1|           1|
    |or_ln374_122_fu_3236_p2          |        or|   0|  0|   2|           1|           1|
    |or_ln374_123_fu_3376_p2          |        or|   0|  0|   2|           1|           1|
    |or_ln374_124_fu_3516_p2          |        or|   0|  0|   2|           1|           1|
    |or_ln374_125_fu_3656_p2          |        or|   0|  0|   2|           1|           1|
    |or_ln374_126_fu_3796_p2          |        or|   0|  0|   2|           1|           1|
    |or_ln374_127_fu_3936_p2          |        or|   0|  0|   2|           1|           1|
    |or_ln374_fu_716_p2               |        or|   0|  0|   2|           1|           1|
    |deleted_zeros_105_fu_916_p3      |    select|   0|  0|   2|           1|           1|
    |deleted_zeros_106_fu_1056_p3     |    select|   0|  0|   2|           1|           1|
    |deleted_zeros_107_fu_1196_p3     |    select|   0|  0|   2|           1|           1|
    |deleted_zeros_108_fu_1336_p3     |    select|   0|  0|   2|           1|           1|
    |deleted_zeros_109_fu_1476_p3     |    select|   0|  0|   2|           1|           1|
    |deleted_zeros_110_fu_1616_p3     |    select|   0|  0|   2|           1|           1|
    |deleted_zeros_111_fu_1756_p3     |    select|   0|  0|   2|           1|           1|
    |deleted_zeros_112_fu_1896_p3     |    select|   0|  0|   2|           1|           1|
    |deleted_zeros_113_fu_2036_p3     |    select|   0|  0|   2|           1|           1|
    |deleted_zeros_114_fu_2176_p3     |    select|   0|  0|   2|           1|           1|
    |deleted_zeros_115_fu_2316_p3     |    select|   0|  0|   2|           1|           1|
    |deleted_zeros_116_fu_2456_p3     |    select|   0|  0|   2|           1|           1|
    |deleted_zeros_117_fu_2596_p3     |    select|   0|  0|   2|           1|           1|
    |deleted_zeros_118_fu_2736_p3     |    select|   0|  0|   2|           1|           1|
    |deleted_zeros_119_fu_2876_p3     |    select|   0|  0|   2|           1|           1|
    |deleted_zeros_120_fu_3016_p3     |    select|   0|  0|   2|           1|           1|
    |deleted_zeros_121_fu_3156_p3     |    select|   0|  0|   2|           1|           1|
    |deleted_zeros_122_fu_3296_p3     |    select|   0|  0|   2|           1|           1|
    |deleted_zeros_123_fu_3436_p3     |    select|   0|  0|   2|           1|           1|
    |deleted_zeros_124_fu_3576_p3     |    select|   0|  0|   2|           1|           1|
    |deleted_zeros_125_fu_3716_p3     |    select|   0|  0|   2|           1|           1|
    |deleted_zeros_126_fu_3856_p3     |    select|   0|  0|   2|           1|           1|
    |deleted_zeros_127_fu_3996_p3     |    select|   0|  0|   2|           1|           1|
    |deleted_zeros_fu_776_p3          |    select|   0|  0|   2|           1|           1|
    |out_data_data_10_fu_1484_p3      |    select|   0|  0|   6|           1|           6|
    |out_data_data_11_fu_1492_p3      |    select|   0|  0|   6|           1|           6|
    |out_data_data_12_fu_1624_p3      |    select|   0|  0|   6|           1|           6|
    |out_data_data_13_fu_1632_p3      |    select|   0|  0|   6|           1|           6|
    |out_data_data_14_fu_1764_p3      |    select|   0|  0|   6|           1|           6|
    |out_data_data_15_fu_1772_p3      |    select|   0|  0|   6|           1|           6|
    |out_data_data_1_fu_792_p3        |    select|   0|  0|   6|           1|           6|
    |out_data_data_2_fu_924_p3        |    select|   0|  0|   6|           1|           6|
    |out_data_data_3_fu_932_p3        |    select|   0|  0|   6|           1|           6|
    |out_data_data_4_fu_1064_p3       |    select|   0|  0|   6|           1|           6|
    |out_data_data_5_fu_1072_p3       |    select|   0|  0|   6|           1|           6|
    |out_data_data_6_fu_1204_p3       |    select|   0|  0|   6|           1|           6|
    |out_data_data_7_fu_1212_p3       |    select|   0|  0|   6|           1|           6|
    |out_data_data_8_fu_1344_p3       |    select|   0|  0|   6|           1|           6|
    |out_data_data_9_fu_1352_p3       |    select|   0|  0|   6|           1|           6|
    |out_data_data_fu_784_p3          |    select|   0|  0|   6|           1|           6|
    |select_ln1649_105_fu_2052_p3     |    select|   0|  0|   6|           1|           6|
    |select_ln1649_106_fu_2192_p3     |    select|   0|  0|   6|           1|           6|
    |select_ln1649_107_fu_2332_p3     |    select|   0|  0|   6|           1|           6|
    |select_ln1649_108_fu_2472_p3     |    select|   0|  0|   6|           1|           6|
    |select_ln1649_109_fu_2612_p3     |    select|   0|  0|   6|           1|           6|
    |select_ln1649_110_fu_2752_p3     |    select|   0|  0|   6|           1|           6|
    |select_ln1649_111_fu_2892_p3     |    select|   0|  0|   6|           1|           6|
    |select_ln1649_112_fu_3032_p3     |    select|   0|  0|   6|           1|           6|
    |select_ln1649_113_fu_3172_p3     |    select|   0|  0|   6|           1|           6|
    |select_ln1649_114_fu_3312_p3     |    select|   0|  0|   6|           1|           6|
    |select_ln1649_115_fu_3452_p3     |    select|   0|  0|   6|           1|           6|
    |select_ln1649_116_fu_3592_p3     |    select|   0|  0|   6|           1|           6|
    |select_ln1649_117_fu_3732_p3     |    select|   0|  0|   6|           1|           6|
    |select_ln1649_118_fu_3872_p3     |    select|   0|  0|   6|           1|           6|
    |select_ln1649_119_fu_4012_p3     |    select|   0|  0|   6|           1|           6|
    |select_ln1649_fu_1912_p3         |    select|   0|  0|   6|           1|           6|
    |select_ln302_105_fu_2044_p3      |    select|   0|  0|   6|           1|           6|
    |select_ln302_106_fu_2184_p3      |    select|   0|  0|   6|           1|           6|
    |select_ln302_107_fu_2324_p3      |    select|   0|  0|   6|           1|           6|
    |select_ln302_108_fu_2464_p3      |    select|   0|  0|   6|           1|           6|
    |select_ln302_109_fu_2604_p3      |    select|   0|  0|   6|           1|           6|
    |select_ln302_110_fu_2744_p3      |    select|   0|  0|   6|           1|           6|
    |select_ln302_111_fu_2884_p3      |    select|   0|  0|   6|           1|           6|
    |select_ln302_112_fu_3024_p3      |    select|   0|  0|   6|           1|           6|
    |select_ln302_113_fu_3164_p3      |    select|   0|  0|   6|           1|           6|
    |select_ln302_114_fu_3304_p3      |    select|   0|  0|   6|           1|           6|
    |select_ln302_115_fu_3444_p3      |    select|   0|  0|   6|           1|           6|
    |select_ln302_116_fu_3584_p3      |    select|   0|  0|   6|           1|           6|
    |select_ln302_117_fu_3724_p3      |    select|   0|  0|   6|           1|           6|
    |select_ln302_118_fu_3864_p3      |    select|   0|  0|   6|           1|           6|
    |select_ln302_119_fu_4004_p3      |    select|   0|  0|   6|           1|           6|
    |select_ln302_fu_1904_p3          |    select|   0|  0|   6|           1|           6|
    |select_ln888_105_fu_908_p3       |    select|   0|  0|   2|           1|           1|
    |select_ln888_106_fu_1048_p3      |    select|   0|  0|   2|           1|           1|
    |select_ln888_107_fu_1188_p3      |    select|   0|  0|   2|           1|           1|
    |select_ln888_108_fu_1328_p3      |    select|   0|  0|   2|           1|           1|
    |select_ln888_109_fu_1468_p3      |    select|   0|  0|   2|           1|           1|
    |select_ln888_110_fu_1608_p3      |    select|   0|  0|   2|           1|           1|
    |select_ln888_111_fu_1748_p3      |    select|   0|  0|   2|           1|           1|
    |select_ln888_112_fu_1888_p3      |    select|   0|  0|   2|           1|           1|
    |select_ln888_113_fu_2028_p3      |    select|   0|  0|   2|           1|           1|
    |select_ln888_114_fu_2168_p3      |    select|   0|  0|   2|           1|           1|
    |select_ln888_115_fu_2308_p3      |    select|   0|  0|   2|           1|           1|
    |select_ln888_116_fu_2448_p3      |    select|   0|  0|   2|           1|           1|
    |select_ln888_117_fu_2588_p3      |    select|   0|  0|   2|           1|           1|
    |select_ln888_118_fu_2728_p3      |    select|   0|  0|   2|           1|           1|
    |select_ln888_119_fu_2868_p3      |    select|   0|  0|   2|           1|           1|
    |select_ln888_120_fu_3008_p3      |    select|   0|  0|   2|           1|           1|
    |select_ln888_121_fu_3148_p3      |    select|   0|  0|   2|           1|           1|
    |select_ln888_122_fu_3288_p3      |    select|   0|  0|   2|           1|           1|
    |select_ln888_123_fu_3428_p3      |    select|   0|  0|   2|           1|           1|
    |select_ln888_124_fu_3568_p3      |    select|   0|  0|   2|           1|           1|
    |select_ln888_125_fu_3708_p3      |    select|   0|  0|   2|           1|           1|
    |select_ln888_126_fu_3848_p3      |    select|   0|  0|   2|           1|           1|
    |select_ln888_127_fu_3988_p3      |    select|   0|  0|   2|           1|           1|
    |select_ln888_fu_768_p3           |    select|   0|  0|   2|           1|           1|
    |ap_enable_pp0                    |       xor|   0|  0|   2|           1|           2|
    +---------------------------------+----------+----+---+----+------------+------------+
    |Total                            |          |   0|  0|1804|        1045|         659|
    +---------------------------------+----------+----+---+----+------------+------------+

    * Multiplexer: 
    +-------------------------+----+-----------+-----+-----------+
    |           Name          | LUT| Input Size| Bits| Total Bits|
    +-------------------------+----+-----------+-----+-----------+
    |ap_done_int              |   9|          2|    1|          2|
    |ap_enable_reg_pp0_iter1  |   9|          2|    1|          2|
    |ap_sig_allocacmp_i_1     |   9|          2|    5|         10|
    |i_fu_390                 |   9|          2|    5|         10|
    |layer10_out_blk_n        |   9|          2|    1|          2|
    |layer12_out_blk_n        |   9|          2|    1|          2|
    |real_start               |   9|          2|    1|          2|
    +-------------------------+----+-----------+-----+-----------+
    |Total                    |  63|         14|   15|         30|
    +-------------------------+----+-----------+-----+-----------+

    * Register: 
    +----------------------------------+---+----+-----+-----------+
    |               Name               | FF| LUT| Bits| Const Bits|
    +----------------------------------+---+----+-----+-----------+
    |ap_CS_fsm                         |  1|   0|    1|          0|
    |ap_done_reg                       |  1|   0|    1|          0|
    |ap_enable_reg_pp0_iter1           |  1|   0|    1|          0|
    |ap_enable_reg_pp0_iter2           |  1|   0|    1|          0|
    |ap_loop_exit_ready_pp0_iter1_reg  |  1|   0|    1|          0|
    |i_fu_390                          |  5|   0|    5|          0|
    |out_data_data_11_reg_4085         |  6|   0|    6|          0|
    |out_data_data_13_reg_4090         |  6|   0|    6|          0|
    |out_data_data_15_reg_4095         |  6|   0|    6|          0|
    |out_data_data_1_reg_4060          |  6|   0|    6|          0|
    |out_data_data_3_reg_4065          |  6|   0|    6|          0|
    |out_data_data_5_reg_4070          |  6|   0|    6|          0|
    |out_data_data_7_reg_4075          |  6|   0|    6|          0|
    |out_data_data_9_reg_4080          |  6|   0|    6|          0|
    |select_ln1649_105_reg_4105        |  6|   0|    6|          0|
    |select_ln1649_106_reg_4110        |  6|   0|    6|          0|
    |select_ln1649_107_reg_4115        |  6|   0|    6|          0|
    |select_ln1649_108_reg_4120        |  6|   0|    6|          0|
    |select_ln1649_109_reg_4125        |  6|   0|    6|          0|
    |select_ln1649_110_reg_4130        |  6|   0|    6|          0|
    |select_ln1649_111_reg_4135        |  6|   0|    6|          0|
    |select_ln1649_112_reg_4140        |  6|   0|    6|          0|
    |select_ln1649_113_reg_4145        |  6|   0|    6|          0|
    |select_ln1649_114_reg_4150        |  6|   0|    6|          0|
    |select_ln1649_115_reg_4155        |  6|   0|    6|          0|
    |select_ln1649_116_reg_4160        |  6|   0|    6|          0|
    |select_ln1649_117_reg_4165        |  6|   0|    6|          0|
    |select_ln1649_118_reg_4170        |  6|   0|    6|          0|
    |select_ln1649_119_reg_4175        |  6|   0|    6|          0|
    |select_ln1649_reg_4100            |  6|   0|    6|          0|
    |start_once_reg                    |  1|   0|    1|          0|
    +----------------------------------+---+----+-----+-----------+
    |Total                             |155|   0|  155|          0|
    +----------------------------------+---+----+-----+-----------+



================================================================
== Interface
================================================================
* Summary: 
+----------------------------+-----+-----+------------+-------------------------------------------------------------------------+--------------+
|          RTL Ports         | Dir | Bits|  Protocol  |                              Source Object                              |    C Type    |
+----------------------------+-----+-----+------------+-------------------------------------------------------------------------+--------------+
|ap_clk                      |   in|    1|  ap_ctrl_hs|  relu<array<ap_fixed,24u>,array<ap_ufixed<6,0,4,0,0>,24u>,relu_config12>|  return value|
|ap_rst                      |   in|    1|  ap_ctrl_hs|  relu<array<ap_fixed,24u>,array<ap_ufixed<6,0,4,0,0>,24u>,relu_config12>|  return value|
|ap_start                    |   in|    1|  ap_ctrl_hs|  relu<array<ap_fixed,24u>,array<ap_ufixed<6,0,4,0,0>,24u>,relu_config12>|  return value|
|start_full_n                |   in|    1|  ap_ctrl_hs|  relu<array<ap_fixed,24u>,array<ap_ufixed<6,0,4,0,0>,24u>,relu_config12>|  return value|
|ap_done                     |  out|    1|  ap_ctrl_hs|  relu<array<ap_fixed,24u>,array<ap_ufixed<6,0,4,0,0>,24u>,relu_config12>|  return value|
|ap_continue                 |   in|    1|  ap_ctrl_hs|  relu<array<ap_fixed,24u>,array<ap_ufixed<6,0,4,0,0>,24u>,relu_config12>|  return value|
|ap_idle                     |  out|    1|  ap_ctrl_hs|  relu<array<ap_fixed,24u>,array<ap_ufixed<6,0,4,0,0>,24u>,relu_config12>|  return value|
|ap_ready                    |  out|    1|  ap_ctrl_hs|  relu<array<ap_fixed,24u>,array<ap_ufixed<6,0,4,0,0>,24u>,relu_config12>|  return value|
|start_out                   |  out|    1|  ap_ctrl_hs|  relu<array<ap_fixed,24u>,array<ap_ufixed<6,0,4,0,0>,24u>,relu_config12>|  return value|
|start_write                 |  out|    1|  ap_ctrl_hs|  relu<array<ap_fixed,24u>,array<ap_ufixed<6,0,4,0,0>,24u>,relu_config12>|  return value|
|layer10_out_dout            |   in|  384|     ap_fifo|                                                              layer10_out|       pointer|
|layer10_out_num_data_valid  |   in|    5|     ap_fifo|                                                              layer10_out|       pointer|
|layer10_out_fifo_cap        |   in|    5|     ap_fifo|                                                              layer10_out|       pointer|
|layer10_out_empty_n         |   in|    1|     ap_fifo|                                                              layer10_out|       pointer|
|layer10_out_read            |  out|    1|     ap_fifo|                                                              layer10_out|       pointer|
|layer12_out_din             |  out|  144|     ap_fifo|                                                              layer12_out|       pointer|
|layer12_out_num_data_valid  |   in|    5|     ap_fifo|                                                              layer12_out|       pointer|
|layer12_out_fifo_cap        |   in|    5|     ap_fifo|                                                              layer12_out|       pointer|
|layer12_out_full_n          |   in|    1|     ap_fifo|                                                              layer12_out|       pointer|
|layer12_out_write           |  out|    1|     ap_fifo|                                                              layer12_out|       pointer|
+----------------------------+-----+-----+------------+-------------------------------------------------------------------------+--------------+

