

================================================================
== Vitis HLS Report for 'write_result_Pipeline_VITIS_LOOP_20_1'
================================================================
* Date:           Fri Jun 28 02:51:34 2024

* Version:        2022.2 (Build 3670227 on Oct 13 2022)
* Project:        kernel_wrapper
* Solution:       solution (Vitis Kernel Flow Target)
* Product family: virtexuplus
* Target device:  xcu55c-fsvh2892-2L-e


================================================================
== Performance Estimates
================================================================
+ Timing: 
    * Summary: 
    +--------+---------+----------+------------+
    |  Clock |  Target | Estimated| Uncertainty|
    +--------+---------+----------+------------+
    |ap_clk  |  5.00 ns|  4.375 ns|     0.62 ns|
    +--------+---------+----------+------------+

+ Latency: 
    * Summary: 
    +---------+---------+----------+----------+-------+-------+---------+
    |  Latency (cycles) |  Latency (absolute) |    Interval   | Pipeline|
    |   min   |   max   |    min   |    max   |  min  |  max  |   Type  |
    +---------+---------+----------+----------+-------+-------+---------+
    |    40964|    40964|  0.205 ms|  0.205 ms|  40964|  40964|       no|
    +---------+---------+----------+----------+-------+-------+---------+

    + Detail: 
        * Instance: 
        N/A

        * Loop: 
        +-------------------+---------+---------+----------+-----------+-----------+------+----------+
        |                   |  Latency (cycles) | Iteration|  Initiation Interval  | Trip |          |
        |     Loop Name     |   min   |   max   |  Latency |  achieved |   target  | Count| Pipelined|
        +-------------------+---------+---------+----------+-----------+-----------+------+----------+
        |- VITIS_LOOP_20_1  |    40962|    40962|         8|          5|          1|  8192|       yes|
        +-------------------+---------+---------+----------+-----------+-----------+------+----------+



================================================================
== Utilization Estimates
================================================================
* Summary: 
+---------------------+---------+------+---------+---------+-----+
|         Name        | BRAM_18K|  DSP |    FF   |   LUT   | URAM|
+---------------------+---------+------+---------+---------+-----+
|DSP                  |        -|     -|        -|        -|    -|
|Expression           |        -|     -|        0|     4688|    -|
|FIFO                 |        -|     -|        -|        -|    -|
|Instance             |        -|     -|        -|        -|    -|
|Memory               |        -|     -|        -|        -|    -|
|Multiplexer          |        -|     -|        -|      125|    -|
|Register             |        -|     -|      637|        -|    -|
+---------------------+---------+------+---------+---------+-----+
|Total                |        0|     0|      637|     4813|    0|
+---------------------+---------+------+---------+---------+-----+
|Available SLR        |     1344|  3008|   869120|   434560|  320|
+---------------------+---------+------+---------+---------+-----+
|Utilization SLR (%)  |        0|     0|       ~0|        1|    0|
+---------------------+---------+------+---------+---------+-----+
|Available            |     4032|  9024|  2607360|  1303680|  960|
+---------------------+---------+------+---------+---------+-----+
|Utilization (%)      |        0|     0|       ~0|       ~0|    0|
+---------------------+---------+------+---------+---------+-----+

+ Detail: 
    * Instance: 
    N/A

    * DSP: 
    N/A

    * Memory: 
    N/A

    * FIFO: 
    N/A

    * Expression: 
    +----------------------------+----------+----+---+-----+------------+------------+
    |        Variable Name       | Operation| DSP| FF| LUT | Bitwidth P0| Bitwidth P1|
    +----------------------------+----------+----+---+-----+------------+------------+
    |add_ln1104_1_fu_741_p2      |         +|   0|  0|   23|          16|           6|
    |add_ln1104_2_fu_1032_p2     |         +|   0|  0|   23|          16|           6|
    |add_ln1104_3_fu_1323_p2     |         +|   0|  0|   23|          16|           6|
    |add_ln1104_4_fu_1614_p2     |         +|   0|  0|   23|          16|           6|
    |add_ln1104_fu_450_p2        |         +|   0|  0|   23|          16|           6|
    |add_ln1113_1_fu_782_p2      |         +|   0|  0|   39|          32|           6|
    |add_ln1113_2_fu_1073_p2     |         +|   0|  0|   39|          32|           6|
    |add_ln1113_3_fu_1364_p2     |         +|   0|  0|   39|          32|           6|
    |add_ln1113_4_fu_1655_p2     |         +|   0|  0|   39|          32|           6|
    |add_ln1113_fu_491_p2        |         +|   0|  0|   39|          32|           6|
    |add_ln1124_1_fu_865_p2      |         +|   0|  0|   19|           8|           8|
    |add_ln1124_2_fu_1156_p2     |         +|   0|  0|   19|           8|           8|
    |add_ln1124_3_fu_1447_p2     |         +|   0|  0|   19|           8|           8|
    |add_ln1124_4_fu_1738_p2     |         +|   0|  0|   19|           8|           8|
    |add_ln1124_fu_574_p2        |         +|   0|  0|   19|           8|           8|
    |add_ln20_fu_255_p2          |         +|   0|  0|   21|          14|           1|
    |lsb_index_1_fu_674_p2       |         +|   0|  0|   39|          32|           6|
    |lsb_index_2_fu_965_p2       |         +|   0|  0|   39|          32|           6|
    |lsb_index_3_fu_1256_p2      |         +|   0|  0|   39|          32|           6|
    |lsb_index_4_fu_1547_p2      |         +|   0|  0|   39|          32|           6|
    |lsb_index_fu_383_p2         |         +|   0|  0|   39|          32|           6|
    |m_13_fu_824_p2              |         +|   0|  0|   71|          64|          64|
    |m_16_fu_1115_p2             |         +|   0|  0|   71|          64|          64|
    |m_20_fu_1406_p2             |         +|   0|  0|   71|          64|          64|
    |m_24_fu_1697_p2             |         +|   0|  0|   71|          64|          64|
    |m_3_fu_533_p2               |         +|   0|  0|   71|          64|          64|
    |sub_ln1099_1_fu_656_p2      |         -|   0|  0|   39|           5|          32|
    |sub_ln1099_2_fu_947_p2      |         -|   0|  0|   39|           5|          32|
    |sub_ln1099_3_fu_1238_p2     |         -|   0|  0|   39|           5|          32|
    |sub_ln1099_4_fu_1529_p2     |         -|   0|  0|   39|           5|          32|
    |sub_ln1099_fu_333_p2        |         -|   0|  0|   39|           5|          32|
    |sub_ln1102_1_fu_695_p2      |         -|   0|  0|   12|           4|           4|
    |sub_ln1102_2_fu_986_p2      |         -|   0|  0|   12|           4|           4|
    |sub_ln1102_3_fu_1277_p2     |         -|   0|  0|   12|           4|           4|
    |sub_ln1102_4_fu_1568_p2     |         -|   0|  0|   12|           4|           4|
    |sub_ln1102_fu_404_p2        |         -|   0|  0|   12|           4|           4|
    |sub_ln1114_1_fu_797_p2      |         -|   0|  0|   39|           5|          32|
    |sub_ln1114_2_fu_1088_p2     |         -|   0|  0|   39|           5|          32|
    |sub_ln1114_3_fu_1379_p2     |         -|   0|  0|   39|           5|          32|
    |sub_ln1114_4_fu_1670_p2     |         -|   0|  0|   39|           5|          32|
    |sub_ln1114_fu_506_p2        |         -|   0|  0|   39|           5|          32|
    |sub_ln1119_1_fu_860_p2      |         -|   0|  0|   19|           3|           8|
    |sub_ln1119_2_fu_1151_p2     |         -|   0|  0|   19|           3|           8|
    |sub_ln1119_3_fu_1442_p2     |         -|   0|  0|   19|           3|           8|
    |sub_ln1119_4_fu_1733_p2     |         -|   0|  0|   19|           3|           8|
    |sub_ln1119_fu_569_p2        |         -|   0|  0|   19|           3|           8|
    |tmp_V_2_fu_615_p2           |         -|   0|  0|   23|           1|          16|
    |tmp_V_4_fu_906_p2           |         -|   0|  0|   23|           1|          16|
    |tmp_V_6_fu_1197_p2          |         -|   0|  0|   23|           1|          16|
    |tmp_V_8_fu_1488_p2          |         -|   0|  0|   23|           1|          16|
    |tmp_V_fu_289_p2             |         -|   0|  0|   23|           1|          16|
    |a_1_fu_721_p2               |       and|   0|  0|    2|           1|           1|
    |a_2_fu_1012_p2              |       and|   0|  0|    2|           1|           1|
    |a_3_fu_1303_p2              |       and|   0|  0|    2|           1|           1|
    |a_4_fu_1594_p2              |       and|   0|  0|    2|           1|           1|
    |a_fu_430_p2                 |       and|   0|  0|    2|           1|           1|
    |and_ln1104_1_fu_753_p2      |       and|   0|  0|    2|           1|           1|
    |and_ln1104_2_fu_1044_p2     |       and|   0|  0|    2|           1|           1|
    |and_ln1104_3_fu_1335_p2     |       and|   0|  0|    2|           1|           1|
    |and_ln1104_4_fu_1626_p2     |       and|   0|  0|    2|           1|           1|
    |and_ln1104_fu_462_p2        |       and|   0|  0|    2|           1|           1|
    |ap_block_pp0_stage0_11001   |       and|   0|  0|    2|           1|           1|
    |ap_block_pp0_stage3_11001   |       and|   0|  0|    2|           1|           1|
    |ap_block_pp0_stage4_11001   |       and|   0|  0|    2|           1|           1|
    |ap_block_state4_io          |       and|   0|  0|    2|           1|           1|
    |p_Result_10_fu_710_p2       |       and|   0|  0|   16|          16|          16|
    |p_Result_17_fu_1001_p2      |       and|   0|  0|   16|          16|          16|
    |p_Result_24_fu_1292_p2      |       and|   0|  0|   16|          16|          16|
    |p_Result_31_fu_1583_p2      |       and|   0|  0|   16|          16|          16|
    |p_Result_4_fu_419_p2        |       and|   0|  0|   16|          16|          16|
    |icmp_ln1090_1_fu_610_p2     |      icmp|   0|  0|   13|          16|           1|
    |icmp_ln1090_2_fu_901_p2     |      icmp|   0|  0|   13|          16|           1|
    |icmp_ln1090_3_fu_1192_p2    |      icmp|   0|  0|   13|          16|           1|
    |icmp_ln1090_4_fu_1483_p2    |      icmp|   0|  0|   13|          16|           1|
    |icmp_ln1090_fu_275_p2       |      icmp|   0|  0|   13|          16|           1|
    |icmp_ln1101_1_fu_689_p2     |      icmp|   0|  0|   19|          31|           1|
    |icmp_ln1101_2_fu_980_p2     |      icmp|   0|  0|   19|          31|           1|
    |icmp_ln1101_3_fu_1271_p2    |      icmp|   0|  0|   19|          31|           1|
    |icmp_ln1101_4_fu_1562_p2    |      icmp|   0|  0|   19|          31|           1|
    |icmp_ln1101_fu_398_p2       |      icmp|   0|  0|   19|          31|           1|
    |icmp_ln1102_1_fu_715_p2     |      icmp|   0|  0|   13|          16|           1|
    |icmp_ln1102_2_fu_1006_p2    |      icmp|   0|  0|   13|          16|           1|
    |icmp_ln1102_3_fu_1297_p2    |      icmp|   0|  0|   13|          16|           1|
    |icmp_ln1102_4_fu_1588_p2    |      icmp|   0|  0|   13|          16|           1|
    |icmp_ln1102_fu_424_p2       |      icmp|   0|  0|   13|          16|           1|
    |icmp_ln1113_1_fu_776_p2     |      icmp|   0|  0|   20|          32|           1|
    |icmp_ln1113_2_fu_1067_p2    |      icmp|   0|  0|   20|          32|           1|
    |icmp_ln1113_3_fu_1358_p2    |      icmp|   0|  0|   20|          32|           1|
    |icmp_ln1113_4_fu_1649_p2    |      icmp|   0|  0|   20|          32|           1|
    |icmp_ln1113_fu_485_p2       |      icmp|   0|  0|   20|          32|           1|
    |icmp_ln20_fu_249_p2         |      icmp|   0|  0|   12|          14|          15|
    |lshr_ln1102_1_fu_704_p2     |      lshr|   0|  0|   35|           2|          16|
    |lshr_ln1102_2_fu_995_p2     |      lshr|   0|  0|   35|           2|          16|
    |lshr_ln1102_3_fu_1286_p2    |      lshr|   0|  0|   35|           2|          16|
    |lshr_ln1102_4_fu_1577_p2    |      lshr|   0|  0|   35|           2|          16|
    |lshr_ln1102_fu_413_p2       |      lshr|   0|  0|   35|           2|          16|
    |lshr_ln1113_1_fu_791_p2     |      lshr|   0|  0|  182|          64|          64|
    |lshr_ln1113_2_fu_1082_p2    |      lshr|   0|  0|  182|          64|          64|
    |lshr_ln1113_3_fu_1373_p2    |      lshr|   0|  0|  182|          64|          64|
    |lshr_ln1113_4_fu_1664_p2    |      lshr|   0|  0|  182|          64|          64|
    |lshr_ln1113_fu_500_p2       |      lshr|   0|  0|  182|          64|          64|
    |or_ln1104_5_fu_468_p2       |        or|   0|  0|    2|           1|           1|
    |or_ln1104_6_fu_1050_p2      |        or|   0|  0|    2|           1|           1|
    |or_ln1104_7_fu_1341_p2      |        or|   0|  0|    2|           1|           1|
    |or_ln1104_8_fu_1632_p2      |        or|   0|  0|    2|           1|           1|
    |or_ln1104_fu_759_p2         |        or|   0|  0|    2|           1|           1|
    |m_12_fu_812_p3              |    select|   0|  0|   63|           1|          64|
    |m_15_fu_1103_p3             |    select|   0|  0|   63|           1|          64|
    |m_19_fu_1394_p3             |    select|   0|  0|   63|           1|          64|
    |m_23_fu_1685_p3             |    select|   0|  0|   63|           1|          64|
    |m_2_fu_521_p3               |    select|   0|  0|   63|           1|          64|
    |select_ln1090_1_fu_894_p3   |    select|   0|  0|   32|           1|           1|
    |select_ln1090_2_fu_1185_p3  |    select|   0|  0|   32|           1|           1|
    |select_ln1090_3_fu_1476_p3  |    select|   0|  0|   32|           1|           1|
    |select_ln1090_4_fu_1767_p3  |    select|   0|  0|   32|           1|           1|
    |select_ln1090_fu_603_p3     |    select|   0|  0|   32|           1|           1|
    |select_ln1098_1_fu_852_p3   |    select|   0|  0|    7|           1|           7|
    |select_ln1098_2_fu_1143_p3  |    select|   0|  0|    7|           1|           7|
    |select_ln1098_3_fu_1434_p3  |    select|   0|  0|    7|           1|           7|
    |select_ln1098_4_fu_1725_p3  |    select|   0|  0|    7|           1|           7|
    |select_ln1098_fu_561_p3     |    select|   0|  0|    7|           1|           7|
    |tmp_V_10_fu_295_p3          |    select|   0|  0|   16|           1|          16|
    |tmp_V_11_fu_620_p3          |    select|   0|  0|   16|           1|          16|
    |tmp_V_12_fu_911_p3          |    select|   0|  0|   16|           1|          16|
    |tmp_V_13_fu_1202_p3         |    select|   0|  0|   16|           1|          16|
    |tmp_V_14_fu_1493_p3         |    select|   0|  0|   16|           1|          16|
    |shl_ln1114_1_fu_806_p2      |       shl|   0|  0|  182|          64|          64|
    |shl_ln1114_2_fu_1097_p2     |       shl|   0|  0|  182|          64|          64|
    |shl_ln1114_3_fu_1388_p2     |       shl|   0|  0|  182|          64|          64|
    |shl_ln1114_4_fu_1679_p2     |       shl|   0|  0|  182|          64|          64|
    |shl_ln1114_fu_515_p2        |       shl|   0|  0|  182|          64|          64|
    |ap_enable_pp0               |       xor|   0|  0|    2|           1|           2|
    |xor_ln1104_1_fu_735_p2      |       xor|   0|  0|    2|           1|           2|
    |xor_ln1104_2_fu_1026_p2     |       xor|   0|  0|    2|           1|           2|
    |xor_ln1104_3_fu_1317_p2     |       xor|   0|  0|    2|           1|           2|
    |xor_ln1104_4_fu_1608_p2     |       xor|   0|  0|    2|           1|           2|
    |xor_ln1104_fu_444_p2        |       xor|   0|  0|    2|           1|           2|
    +----------------------------+----------+----+---+-----+------------+------------+
    |Total                       |          |   0|  0| 4688|        2128|        2217|
    +----------------------------+----------+----+---+-----+------------+------------+

    * Multiplexer: 
    +-----------------------------+----+-----------+-----+-----------+
    |             Name            | LUT| Input Size| Bits| Total Bits|
    +-----------------------------+----+-----------+-----+-----------+
    |ap_NS_fsm                    |  31|          6|    1|          6|
    |ap_done_int                  |   9|          2|    1|          2|
    |ap_enable_reg_pp0_iter0      |   9|          2|    1|          2|
    |ap_enable_reg_pp0_iter0_reg  |   9|          2|    1|          2|
    |ap_enable_reg_pp0_iter1      |   9|          2|    1|          2|
    |ap_sig_allocacmp_i_1         |   9|          2|   14|         28|
    |gmem1_blk_n_W                |   9|          2|    1|          2|
    |i_fu_116                     |   9|          2|   14|         28|
    |m_axi_gmem1_WDATA            |  31|          6|   32|        192|
    +-----------------------------+----+-----------+-----+-----------+
    |Total                        | 125|         26|   66|        264|
    +-----------------------------+----+-----------+-----+-----------+

    * Register: 
    +-----------------------------+----+----+-----+-----------+
    |             Name            | FF | LUT| Bits| Const Bits|
    +-----------------------------+----+----+-----+-----------+
    |ap_CS_fsm                    |   5|   0|    5|          0|
    |ap_done_reg                  |   1|   0|    1|          0|
    |ap_enable_reg_pp0_iter0_reg  |   1|   0|    1|          0|
    |ap_enable_reg_pp0_iter1      |   1|   0|    1|          0|
    |i_fu_116                     |  14|   0|   14|          0|
    |icmp_ln1090_1_reg_1915       |   1|   0|    1|          0|
    |icmp_ln1090_2_reg_1954       |   1|   0|    1|          0|
    |icmp_ln1090_3_reg_1993       |   1|   0|    1|          0|
    |icmp_ln1090_4_reg_2032       |   1|   0|    1|          0|
    |icmp_ln1090_reg_1819         |   1|   0|    1|          0|
    |icmp_ln20_reg_1790           |   1|   0|    1|          0|
    |p_Result_35_reg_1824         |   1|   0|    1|          0|
    |p_Result_38_reg_1865         |   1|   0|    1|          0|
    |p_Result_41_reg_1878         |   1|   0|    1|          0|
    |p_Result_44_reg_1891         |   1|   0|    1|          0|
    |p_Result_47_reg_1904         |   1|   0|    1|          0|
    |p_Val2_12_reg_1897           |  16|   0|   16|          0|
    |p_Val2_3_reg_1858            |  16|   0|   16|          0|
    |p_Val2_6_reg_1871            |  16|   0|   16|          0|
    |p_Val2_9_reg_1884            |  16|   0|   16|          0|
    |select_ln1090_1_reg_1949     |  32|   0|   32|          0|
    |select_ln1090_2_reg_1988     |  32|   0|   32|          0|
    |select_ln1090_3_reg_2027     |  32|   0|   32|          0|
    |select_ln1090_4_reg_2066     |  32|   0|   32|          0|
    |select_ln1090_reg_1910       |  32|   0|   32|          0|
    |sub_ln1099_1_reg_1927        |  32|   0|   32|          0|
    |sub_ln1099_2_reg_1966        |  32|   0|   32|          0|
    |sub_ln1099_3_reg_2005        |  32|   0|   32|          0|
    |sub_ln1099_4_reg_2044        |  32|   0|   32|          0|
    |sub_ln1099_reg_1836          |  32|   0|   32|          0|
    |tmp_V_10_reg_1829            |  16|   0|   16|          0|
    |tmp_V_11_reg_1920            |  16|   0|   16|          0|
    |tmp_V_12_reg_1959            |  16|   0|   16|          0|
    |tmp_V_13_reg_1998            |  16|   0|   16|          0|
    |tmp_V_14_reg_2037            |  16|   0|   16|          0|
    |trunc_ln1098_1_reg_1944      |   8|   0|    8|          0|
    |trunc_ln1098_2_reg_1983      |   8|   0|    8|          0|
    |trunc_ln1098_3_reg_2022      |   8|   0|    8|          0|
    |trunc_ln1098_4_reg_2061      |   8|   0|    8|          0|
    |trunc_ln1098_reg_1853        |   8|   0|    8|          0|
    |trunc_ln1099_1_reg_1934      |  16|   0|   16|          0|
    |trunc_ln1099_2_reg_1973      |  16|   0|   16|          0|
    |trunc_ln1099_3_reg_2012      |  16|   0|   16|          0|
    |trunc_ln1099_4_reg_2051      |  16|   0|   16|          0|
    |trunc_ln1099_reg_1843        |  16|   0|   16|          0|
    |trunc_ln1102_1_reg_1939      |   4|   0|    4|          0|
    |trunc_ln1102_2_reg_1978      |   4|   0|    4|          0|
    |trunc_ln1102_3_reg_2017      |   4|   0|    4|          0|
    |trunc_ln1102_4_reg_2056      |   4|   0|    4|          0|
    |trunc_ln1102_reg_1848        |   4|   0|    4|          0|
    +-----------------------------+----+----+-----+-----------+
    |Total                        | 637|   0|  637|          0|
    +-----------------------------+----+----+-----+-----------+



================================================================
== Interface
================================================================
* Summary: 
+----------------------+-----+-----+------------+---------------------------------------+--------------+
|       RTL Ports      | Dir | Bits|  Protocol  |             Source Object             |    C Type    |
+----------------------+-----+-----+------------+---------------------------------------+--------------+
|ap_clk                |   in|    1|  ap_ctrl_hs|  write_result_Pipeline_VITIS_LOOP_20_1|  return value|
|ap_rst                |   in|    1|  ap_ctrl_hs|  write_result_Pipeline_VITIS_LOOP_20_1|  return value|
|ap_start              |   in|    1|  ap_ctrl_hs|  write_result_Pipeline_VITIS_LOOP_20_1|  return value|
|ap_done               |  out|    1|  ap_ctrl_hs|  write_result_Pipeline_VITIS_LOOP_20_1|  return value|
|ap_idle               |  out|    1|  ap_ctrl_hs|  write_result_Pipeline_VITIS_LOOP_20_1|  return value|
|ap_ready              |  out|    1|  ap_ctrl_hs|  write_result_Pipeline_VITIS_LOOP_20_1|  return value|
|m_axi_gmem1_AWVALID   |  out|    1|       m_axi|                                  gmem1|       pointer|
|m_axi_gmem1_AWREADY   |   in|    1|       m_axi|                                  gmem1|       pointer|
|m_axi_gmem1_AWADDR    |  out|   64|       m_axi|                                  gmem1|       pointer|
|m_axi_gmem1_AWID      |  out|    1|       m_axi|                                  gmem1|       pointer|
|m_axi_gmem1_AWLEN     |  out|   32|       m_axi|                                  gmem1|       pointer|
|m_axi_gmem1_AWSIZE    |  out|    3|       m_axi|                                  gmem1|       pointer|
|m_axi_gmem1_AWBURST   |  out|    2|       m_axi|                                  gmem1|       pointer|
|m_axi_gmem1_AWLOCK    |  out|    2|       m_axi|                                  gmem1|       pointer|
|m_axi_gmem1_AWCACHE   |  out|    4|       m_axi|                                  gmem1|       pointer|
|m_axi_gmem1_AWPROT    |  out|    3|       m_axi|                                  gmem1|       pointer|
|m_axi_gmem1_AWQOS     |  out|    4|       m_axi|                                  gmem1|       pointer|
|m_axi_gmem1_AWREGION  |  out|    4|       m_axi|                                  gmem1|       pointer|
|m_axi_gmem1_AWUSER    |  out|    1|       m_axi|                                  gmem1|       pointer|
|m_axi_gmem1_WVALID    |  out|    1|       m_axi|                                  gmem1|       pointer|
|m_axi_gmem1_WREADY    |   in|    1|       m_axi|                                  gmem1|       pointer|
|m_axi_gmem1_WDATA     |  out|   32|       m_axi|                                  gmem1|       pointer|
|m_axi_gmem1_WSTRB     |  out|    4|       m_axi|                                  gmem1|       pointer|
|m_axi_gmem1_WLAST     |  out|    1|       m_axi|                                  gmem1|       pointer|
|m_axi_gmem1_WID       |  out|    1|       m_axi|                                  gmem1|       pointer|
|m_axi_gmem1_WUSER     |  out|    1|       m_axi|                                  gmem1|       pointer|
|m_axi_gmem1_ARVALID   |  out|    1|       m_axi|                                  gmem1|       pointer|
|m_axi_gmem1_ARREADY   |   in|    1|       m_axi|                                  gmem1|       pointer|
|m_axi_gmem1_ARADDR    |  out|   64|       m_axi|                                  gmem1|       pointer|
|m_axi_gmem1_ARID      |  out|    1|       m_axi|                                  gmem1|       pointer|
|m_axi_gmem1_ARLEN     |  out|   32|       m_axi|                                  gmem1|       pointer|
|m_axi_gmem1_ARSIZE    |  out|    3|       m_axi|                                  gmem1|       pointer|
|m_axi_gmem1_ARBURST   |  out|    2|       m_axi|                                  gmem1|       pointer|
|m_axi_gmem1_ARLOCK    |  out|    2|       m_axi|                                  gmem1|       pointer|
|m_axi_gmem1_ARCACHE   |  out|    4|       m_axi|                                  gmem1|       pointer|
|m_axi_gmem1_ARPROT    |  out|    3|       m_axi|                                  gmem1|       pointer|
|m_axi_gmem1_ARQOS     |  out|    4|       m_axi|                                  gmem1|       pointer|
|m_axi_gmem1_ARREGION  |  out|    4|       m_axi|                                  gmem1|       pointer|
|m_axi_gmem1_ARUSER    |  out|    1|       m_axi|                                  gmem1|       pointer|
|m_axi_gmem1_RVALID    |   in|    1|       m_axi|                                  gmem1|       pointer|
|m_axi_gmem1_RREADY    |  out|    1|       m_axi|                                  gmem1|       pointer|
|m_axi_gmem1_RDATA     |   in|   32|       m_axi|                                  gmem1|       pointer|
|m_axi_gmem1_RLAST     |   in|    1|       m_axi|                                  gmem1|       pointer|
|m_axi_gmem1_RID       |   in|    1|       m_axi|                                  gmem1|       pointer|
|m_axi_gmem1_RFIFONUM  |   in|    9|       m_axi|                                  gmem1|       pointer|
|m_axi_gmem1_RUSER     |   in|    1|       m_axi|                                  gmem1|       pointer|
|m_axi_gmem1_RRESP     |   in|    2|       m_axi|                                  gmem1|       pointer|
|m_axi_gmem1_BVALID    |   in|    1|       m_axi|                                  gmem1|       pointer|
|m_axi_gmem1_BREADY    |  out|    1|       m_axi|                                  gmem1|       pointer|
|m_axi_gmem1_BRESP     |   in|    2|       m_axi|                                  gmem1|       pointer|
|m_axi_gmem1_BID       |   in|    1|       m_axi|                                  gmem1|       pointer|
|m_axi_gmem1_BUSER     |   in|    1|       m_axi|                                  gmem1|       pointer|
|sext_ln20             |   in|   62|     ap_none|                              sext_ln20|        scalar|
|out_buf_0_address0    |  out|   13|   ap_memory|                              out_buf_0|         array|
|out_buf_0_ce0         |  out|    1|   ap_memory|                              out_buf_0|         array|
|out_buf_0_q0          |   in|   16|   ap_memory|                              out_buf_0|         array|
|out_buf_1_address0    |  out|   13|   ap_memory|                              out_buf_1|         array|
|out_buf_1_ce0         |  out|    1|   ap_memory|                              out_buf_1|         array|
|out_buf_1_q0          |   in|   16|   ap_memory|                              out_buf_1|         array|
|out_buf_2_address0    |  out|   13|   ap_memory|                              out_buf_2|         array|
|out_buf_2_ce0         |  out|    1|   ap_memory|                              out_buf_2|         array|
|out_buf_2_q0          |   in|   16|   ap_memory|                              out_buf_2|         array|
|out_buf_3_address0    |  out|   13|   ap_memory|                              out_buf_3|         array|
|out_buf_3_ce0         |  out|    1|   ap_memory|                              out_buf_3|         array|
|out_buf_3_q0          |   in|   16|   ap_memory|                              out_buf_3|         array|
|out_buf_4_address0    |  out|   13|   ap_memory|                              out_buf_4|         array|
|out_buf_4_ce0         |  out|    1|   ap_memory|                              out_buf_4|         array|
|out_buf_4_q0          |   in|   16|   ap_memory|                              out_buf_4|         array|
+----------------------+-----+-----+------------+---------------------------------------+--------------+

