

================================================================
== Vitis HLS Report for 'dense_latency_ap_fixed_16_6_5_3_0_ap_fixed_16_6_5_3_0_config11_s'
================================================================
* Date:           Fri Jun 28 02:50:41 2024

* Version:        2022.2 (Build 3670227 on Oct 13 2022)
* Project:        kernel_wrapper
* Solution:       solution (Vitis Kernel Flow Target)
* Product family: virtexuplus
* Target device:  xcu55c-fsvh2892-2L-e


================================================================
== Performance Estimates
================================================================
+ Timing: 
    * Summary: 
    +--------+---------+----------+------------+
    |  Clock |  Target | Estimated| Uncertainty|
    +--------+---------+----------+------------+
    |ap_clk  |  5.00 ns|  4.155 ns|     0.62 ns|
    +--------+---------+----------+------------+

+ Latency: 
    * Summary: 
    +---------+---------+----------+----------+-----+-----+---------+
    |  Latency (cycles) |  Latency (absolute) |  Interval | Pipeline|
    |   min   |   max   |    min   |    max   | min | max |   Type  |
    +---------+---------+----------+----------+-----+-----+---------+
    |        1|        1|  5.000 ns|  5.000 ns|    1|    1|      yes|
    +---------+---------+----------+----------+-----+-----+---------+

    + Detail: 
        * Instance: 
        N/A

        * Loop: 
        N/A



================================================================
== Utilization Estimates
================================================================
* Summary: 
+---------------------+---------+------+---------+---------+-----+
|         Name        | BRAM_18K|  DSP |    FF   |   LUT   | URAM|
+---------------------+---------+------+---------+---------+-----+
|DSP                  |        -|     -|        -|        -|    -|
|Expression           |        -|     -|        0|     3394|    -|
|FIFO                 |        -|     -|        -|        -|    -|
|Instance             |        -|    71|        0|      355|    -|
|Memory               |        -|     -|        -|        -|    -|
|Multiplexer          |        -|     -|        -|       70|    -|
|Register             |        -|     -|      318|        -|    -|
+---------------------+---------+------+---------+---------+-----+
|Total                |        0|    71|      318|     3819|    0|
+---------------------+---------+------+---------+---------+-----+
|Available SLR        |     1344|  3008|   869120|   434560|  320|
+---------------------+---------+------+---------+---------+-----+
|Utilization SLR (%)  |        0|     2|       ~0|       ~0|    0|
+---------------------+---------+------+---------+---------+-----+
|Available            |     4032|  9024|  2607360|  1303680|  960|
+---------------------+---------+------+---------+---------+-----+
|Utilization (%)      |        0|    ~0|       ~0|       ~0|    0|
+---------------------+---------+------+---------+---------+-----+

+ Detail: 
    * Instance: 
    +---------------------------+---------------------+---------+----+---+----+-----+
    |          Instance         |        Module       | BRAM_18K| DSP| FF| LUT| URAM|
    +---------------------------+---------------------+---------+----+---+----+-----+
    |mul_16s_10ns_26_1_0_U1281  |mul_16s_10ns_26_1_0  |        0|   1|  0|   5|    0|
    |mul_16s_10ns_26_1_0_U1289  |mul_16s_10ns_26_1_0  |        0|   1|  0|   5|    0|
    |mul_16s_10ns_26_1_0_U1300  |mul_16s_10ns_26_1_0  |        0|   1|  0|   5|    0|
    |mul_16s_10ns_26_1_0_U1308  |mul_16s_10ns_26_1_0  |        0|   1|  0|   5|    0|
    |mul_16s_10ns_26_1_0_U1311  |mul_16s_10ns_26_1_0  |        0|   1|  0|   5|    0|
    |mul_16s_10ns_26_1_0_U1320  |mul_16s_10ns_26_1_0  |        0|   1|  0|   5|    0|
    |mul_16s_10ns_26_1_0_U1324  |mul_16s_10ns_26_1_0  |        0|   1|  0|   5|    0|
    |mul_16s_10ns_26_1_0_U1342  |mul_16s_10ns_26_1_0  |        0|   1|  0|   5|    0|
    |mul_16s_10ns_26_1_0_U1348  |mul_16s_10ns_26_1_0  |        0|   1|  0|   5|    0|
    |mul_16s_10s_26_1_0_U1301   |mul_16s_10s_26_1_0   |        0|   1|  0|   5|    0|
    |mul_16s_10s_26_1_0_U1302   |mul_16s_10s_26_1_0   |        0|   1|  0|   5|    0|
    |mul_16s_10s_26_1_0_U1312   |mul_16s_10s_26_1_0   |        0|   1|  0|   5|    0|
    |mul_16s_10s_26_1_0_U1341   |mul_16s_10s_26_1_0   |        0|   1|  0|   5|    0|
    |mul_16s_11ns_26_1_0_U1299  |mul_16s_11ns_26_1_0  |        0|   1|  0|   5|    0|
    |mul_16s_11ns_26_1_0_U1314  |mul_16s_11ns_26_1_0  |        0|   1|  0|   5|    0|
    |mul_16s_11ns_26_1_0_U1319  |mul_16s_11ns_26_1_0  |        0|   1|  0|   5|    0|
    |mul_16s_11ns_26_1_0_U1322  |mul_16s_11ns_26_1_0  |        0|   1|  0|   5|    0|
    |mul_16s_11ns_26_1_0_U1323  |mul_16s_11ns_26_1_0  |        0|   1|  0|   5|    0|
    |mul_16s_11ns_26_1_0_U1334  |mul_16s_11ns_26_1_0  |        0|   1|  0|   5|    0|
    |mul_16s_11ns_26_1_0_U1343  |mul_16s_11ns_26_1_0  |        0|   1|  0|   5|    0|
    |mul_16s_11ns_26_1_0_U1344  |mul_16s_11ns_26_1_0  |        0|   1|  0|   5|    0|
    |mul_16s_11s_26_1_0_U1279   |mul_16s_11s_26_1_0   |        0|   1|  0|   5|    0|
    |mul_16s_11s_26_1_0_U1283   |mul_16s_11s_26_1_0   |        0|   1|  0|   5|    0|
    |mul_16s_11s_26_1_0_U1285   |mul_16s_11s_26_1_0   |        0|   1|  0|   5|    0|
    |mul_16s_11s_26_1_0_U1290   |mul_16s_11s_26_1_0   |        0|   1|  0|   5|    0|
    |mul_16s_11s_26_1_0_U1296   |mul_16s_11s_26_1_0   |        0|   1|  0|   5|    0|
    |mul_16s_11s_26_1_0_U1306   |mul_16s_11s_26_1_0   |        0|   1|  0|   5|    0|
    |mul_16s_11s_26_1_0_U1309   |mul_16s_11s_26_1_0   |        0|   1|  0|   5|    0|
    |mul_16s_11s_26_1_0_U1310   |mul_16s_11s_26_1_0   |        0|   1|  0|   5|    0|
    |mul_16s_11s_26_1_0_U1315   |mul_16s_11s_26_1_0   |        0|   1|  0|   5|    0|
    |mul_16s_11s_26_1_0_U1326   |mul_16s_11s_26_1_0   |        0|   1|  0|   5|    0|
    |mul_16s_11s_26_1_0_U1328   |mul_16s_11s_26_1_0   |        0|   1|  0|   5|    0|
    |mul_16s_11s_26_1_0_U1329   |mul_16s_11s_26_1_0   |        0|   1|  0|   5|    0|
    |mul_16s_11s_26_1_0_U1332   |mul_16s_11s_26_1_0   |        0|   1|  0|   5|    0|
    |mul_16s_11s_26_1_0_U1333   |mul_16s_11s_26_1_0   |        0|   1|  0|   5|    0|
    |mul_16s_11s_26_1_0_U1339   |mul_16s_11s_26_1_0   |        0|   1|  0|   5|    0|
    |mul_16s_11s_26_1_0_U1346   |mul_16s_11s_26_1_0   |        0|   1|  0|   5|    0|
    |mul_16s_12ns_26_1_0_U1278  |mul_16s_12ns_26_1_0  |        0|   1|  0|   5|    0|
    |mul_16s_12ns_26_1_0_U1292  |mul_16s_12ns_26_1_0  |        0|   1|  0|   5|    0|
    |mul_16s_12ns_26_1_0_U1293  |mul_16s_12ns_26_1_0  |        0|   1|  0|   5|    0|
    |mul_16s_12ns_26_1_0_U1317  |mul_16s_12ns_26_1_0  |        0|   1|  0|   5|    0|
    |mul_16s_12ns_26_1_0_U1331  |mul_16s_12ns_26_1_0  |        0|   1|  0|   5|    0|
    |mul_16s_12ns_26_1_0_U1347  |mul_16s_12ns_26_1_0  |        0|   1|  0|   5|    0|
    |mul_16s_12s_26_1_0_U1282   |mul_16s_12s_26_1_0   |        0|   1|  0|   5|    0|
    |mul_16s_12s_26_1_0_U1284   |mul_16s_12s_26_1_0   |        0|   1|  0|   5|    0|
    |mul_16s_12s_26_1_0_U1291   |mul_16s_12s_26_1_0   |        0|   1|  0|   5|    0|
    |mul_16s_12s_26_1_0_U1297   |mul_16s_12s_26_1_0   |        0|   1|  0|   5|    0|
    |mul_16s_12s_26_1_0_U1304   |mul_16s_12s_26_1_0   |        0|   1|  0|   5|    0|
    |mul_16s_12s_26_1_0_U1307   |mul_16s_12s_26_1_0   |        0|   1|  0|   5|    0|
    |mul_16s_12s_26_1_0_U1313   |mul_16s_12s_26_1_0   |        0|   1|  0|   5|    0|
    |mul_16s_12s_26_1_0_U1316   |mul_16s_12s_26_1_0   |        0|   1|  0|   5|    0|
    |mul_16s_12s_26_1_0_U1337   |mul_16s_12s_26_1_0   |        0|   1|  0|   5|    0|
    |mul_16s_12s_26_1_0_U1338   |mul_16s_12s_26_1_0   |        0|   1|  0|   5|    0|
    |mul_16s_13s_26_1_0_U1340   |mul_16s_13s_26_1_0   |        0|   1|  0|   5|    0|
    |mul_16s_7s_23_1_0_U1330    |mul_16s_7s_23_1_0    |        0|   1|  0|   5|    0|
    |mul_16s_7s_23_1_0_U1336    |mul_16s_7s_23_1_0    |        0|   1|  0|   5|    0|
    |mul_16s_8ns_24_1_0_U1294   |mul_16s_8ns_24_1_0   |        0|   1|  0|   5|    0|
    |mul_16s_8ns_24_1_0_U1303   |mul_16s_8ns_24_1_0   |        0|   1|  0|   5|    0|
    |mul_16s_8ns_24_1_0_U1321   |mul_16s_8ns_24_1_0   |        0|   1|  0|   5|    0|
    |mul_16s_8ns_24_1_0_U1345   |mul_16s_8ns_24_1_0   |        0|   1|  0|   5|    0|
    |mul_16s_8s_24_1_0_U1280    |mul_16s_8s_24_1_0    |        0|   1|  0|   5|    0|
    |mul_16s_8s_24_1_0_U1335    |mul_16s_8s_24_1_0    |        0|   1|  0|   5|    0|
    |mul_16s_9ns_25_1_0_U1286   |mul_16s_9ns_25_1_0   |        0|   1|  0|   5|    0|
    |mul_16s_9ns_25_1_0_U1288   |mul_16s_9ns_25_1_0   |        0|   1|  0|   5|    0|
    |mul_16s_9ns_25_1_0_U1295   |mul_16s_9ns_25_1_0   |        0|   1|  0|   5|    0|
    |mul_16s_9ns_25_1_0_U1298   |mul_16s_9ns_25_1_0   |        0|   1|  0|   5|    0|
    |mul_16s_9ns_25_1_0_U1318   |mul_16s_9ns_25_1_0   |        0|   1|  0|   5|    0|
    |mul_16s_9ns_25_1_0_U1327   |mul_16s_9ns_25_1_0   |        0|   1|  0|   5|    0|
    |mul_16s_9s_25_1_0_U1287    |mul_16s_9s_25_1_0    |        0|   1|  0|   5|    0|
    |mul_16s_9s_25_1_0_U1305    |mul_16s_9s_25_1_0    |        0|   1|  0|   5|    0|
    |mul_16s_9s_25_1_0_U1325    |mul_16s_9s_25_1_0    |        0|   1|  0|   5|    0|
    +---------------------------+---------------------+---------+----+---+----+-----+
    |Total                      |                     |        0|  71|  0| 355|    0|
    +---------------------------+---------------------+---------+----+---+----+-----+

    * DSP: 
    N/A

    * Memory: 
    N/A

    * FIFO: 
    N/A

    * Expression: 
    +----------------------------+----------+----+---+----+------------+------------+
    |        Variable Name       | Operation| DSP| FF| LUT| Bitwidth P0| Bitwidth P1|
    +----------------------------+----------+----+---+----+------------+------------+
    |add_ln813_3008_fu_48909_p2  |         +|   0|  0|  16|          16|          16|
    |add_ln813_3009_fu_48915_p2  |         +|   0|  0|  16|          16|          16|
    |add_ln813_3010_fu_48921_p2  |         +|   0|  0|  16|          16|          16|
    |add_ln813_3011_fu_48927_p2  |         +|   0|  0|  16|          16|          16|
    |add_ln813_3012_fu_48933_p2  |         +|   0|  0|  23|          16|          16|
    |add_ln813_3013_fu_48939_p2  |         +|   0|  0|  16|          16|          16|
    |add_ln813_3014_fu_48945_p2  |         +|   0|  0|  16|          16|          16|
    |add_ln813_3015_fu_48951_p2  |         +|   0|  0|  23|          16|          16|
    |add_ln813_3016_fu_48957_p2  |         +|   0|  0|  16|          16|          16|
    |add_ln813_3017_fu_48963_p2  |         +|   0|  0|  16|          16|          16|
    |add_ln813_3018_fu_49829_p2  |         +|   0|  0|  16|          16|          16|
    |add_ln813_3019_fu_48969_p2  |         +|   0|  0|  16|          16|          16|
    |add_ln813_3020_fu_48975_p2  |         +|   0|  0|  16|          16|          16|
    |add_ln813_3021_fu_48981_p2  |         +|   0|  0|  16|          15|          15|
    |add_ln813_3022_fu_48987_p2  |         +|   0|  0|  15|           8|           7|
    |add_ln813_3023_fu_48997_p2  |         +|   0|  0|  16|          15|          15|
    |add_ln813_3024_fu_49007_p2  |         +|   0|  0|  16|          16|          16|
    |add_ln813_3025_fu_49013_p2  |         +|   0|  0|  15|           8|           8|
    |add_ln813_3026_fu_49023_p2  |         +|   0|  0|  16|           9|           9|
    |add_ln813_3027_fu_49033_p2  |         +|   0|  0|  15|           8|           8|
    |add_ln813_3028_fu_49043_p2  |         +|   0|  0|  14|           7|           7|
    |add_ln813_3029_fu_49053_p2  |         +|   0|  0|  16|           9|           9|
    |add_ln813_3030_fu_49063_p2  |         +|   0|  0|  17|          10|          10|
    |add_ln813_3031_fu_49073_p2  |         +|   0|  0|  16|          16|          16|
    |add_ln813_3032_fu_49833_p2  |         +|   0|  0|  16|          16|          16|
    |add_ln813_3033_fu_49079_p2  |         +|   0|  0|  23|          16|          16|
    |add_ln813_3034_fu_49085_p2  |         +|   0|  0|  16|          16|          16|
    |add_ln813_3035_fu_49091_p2  |         +|   0|  0|  16|          16|          16|
    |add_ln813_3036_fu_49097_p2  |         +|   0|  0|  16|          16|          16|
    |add_ln813_3037_fu_49103_p2  |         +|   0|  0|  16|          16|          16|
    |add_ln813_3038_fu_49109_p2  |         +|   0|  0|  23|          16|          16|
    |add_ln813_3039_fu_49115_p2  |         +|   0|  0|  16|          16|          16|
    |add_ln813_3040_fu_49121_p2  |         +|   0|  0|  22|          15|          15|
    |add_ln813_3041_fu_49131_p2  |         +|   0|  0|  23|          16|          16|
    |add_ln813_3042_fu_49137_p2  |         +|   0|  0|  16|          16|          16|
    |add_ln813_3043_fu_49838_p2  |         +|   0|  0|  16|          16|          16|
    |add_ln813_3044_fu_49143_p2  |         +|   0|  0|  17|          10|          10|
    |add_ln813_3045_fu_49153_p2  |         +|   0|  0|  22|          15|          15|
    |add_ln813_3046_fu_49159_p2  |         +|   0|  0|  16|           9|           9|
    |add_ln813_3047_fu_49169_p2  |         +|   0|  0|  17|          10|           8|
    |add_ln813_3048_fu_49179_p2  |         +|   0|  0|  16|          15|          15|
    |add_ln813_3049_fu_49185_p2  |         +|   0|  0|  15|           8|           8|
    |add_ln813_3050_fu_49195_p2  |         +|   0|  0|  16|           9|           9|
    |add_ln813_3051_fu_49205_p2  |         +|   0|  0|  15|           8|           8|
    |add_ln813_3052_fu_49215_p2  |         +|   0|  0|  16|           9|           9|
    |add_ln813_3053_fu_49225_p2  |         +|   0|  0|  17|          10|          10|
    |add_ln813_3054_fu_49235_p2  |         +|   0|  0|  16|          15|          15|
    |add_ln813_3055_fu_49845_p2  |         +|   0|  0|  16|          16|          16|
    |add_ln813_3056_fu_49241_p2  |         +|   0|  0|  23|          16|          16|
    |add_ln813_3057_fu_49247_p2  |         +|   0|  0|  16|          16|          16|
    |add_ln813_3058_fu_49253_p2  |         +|   0|  0|  16|          16|          16|
    |add_ln813_3059_fu_49259_p2  |         +|   0|  0|  23|          16|          16|
    |add_ln813_3060_fu_49265_p2  |         +|   0|  0|  16|          16|          16|
    |add_ln813_3061_fu_49271_p2  |         +|   0|  0|  16|          16|          16|
    |add_ln813_3062_fu_49277_p2  |         +|   0|  0|  23|          16|          16|
    |add_ln813_3063_fu_49283_p2  |         +|   0|  0|  23|          16|          16|
    |add_ln813_3064_fu_49289_p2  |         +|   0|  0|  16|          16|          16|
    |add_ln813_3065_fu_49295_p2  |         +|   0|  0|  16|          16|          16|
    |add_ln813_3066_fu_49301_p2  |         +|   0|  0|  23|          16|          16|
    |add_ln813_3067_fu_49307_p2  |         +|   0|  0|  16|          16|          16|
    |add_ln813_3068_fu_49313_p2  |         +|   0|  0|  16|          16|          16|
    |add_ln813_3069_fu_49851_p2  |         +|   0|  0|  16|          16|          16|
    |add_ln813_3070_fu_49319_p2  |         +|   0|  0|  16|          16|          16|
    |add_ln813_3071_fu_49325_p2  |         +|   0|  0|  16|          16|          16|
    |add_ln813_3072_fu_49331_p2  |         +|   0|  0|  17|          10|          10|
    |add_ln813_3073_fu_49341_p2  |         +|   0|  0|  15|           8|           7|
    |add_ln813_3074_fu_49351_p2  |         +|   0|  0|  18|          11|          11|
    |add_ln813_3075_fu_49361_p2  |         +|   0|  0|  16|          16|          16|
    |add_ln813_3076_fu_49367_p2  |         +|   0|  0|  15|           8|           8|
    |add_ln813_3077_fu_49377_p2  |         +|   0|  0|  15|           8|           8|
    |add_ln813_3078_fu_49387_p2  |         +|   0|  0|  16|           9|           9|
    |add_ln813_3079_fu_49397_p2  |         +|   0|  0|  15|           8|           8|
    |add_ln813_3080_fu_49407_p2  |         +|   0|  0|  15|           8|           8|
    |add_ln813_3081_fu_49417_p2  |         +|   0|  0|  16|           9|           9|
    |add_ln813_3082_fu_49427_p2  |         +|   0|  0|  17|          10|          10|
    |add_ln813_3083_fu_49437_p2  |         +|   0|  0|  16|          16|          16|
    |add_ln813_3084_fu_49855_p2  |         +|   0|  0|  16|          16|          16|
    |add_ln813_3085_fu_49443_p2  |         +|   0|  0|  23|          16|          16|
    |add_ln813_3086_fu_49449_p2  |         +|   0|  0|  16|          16|          16|
    |add_ln813_3087_fu_49455_p2  |         +|   0|  0|  16|          16|          16|
    |add_ln813_3088_fu_49461_p2  |         +|   0|  0|  23|          16|          16|
    |add_ln813_3089_fu_49467_p2  |         +|   0|  0|  16|          16|          16|
    |add_ln813_3090_fu_49473_p2  |         +|   0|  0|  16|          16|          16|
    |add_ln813_3091_fu_49479_p2  |         +|   0|  0|  23|          16|          16|
    |add_ln813_3092_fu_49485_p2  |         +|   0|  0|  23|          16|          16|
    |add_ln813_3093_fu_49491_p2  |         +|   0|  0|  16|          16|          16|
    |add_ln813_3094_fu_49497_p2  |         +|   0|  0|  16|          16|          16|
    |add_ln813_3095_fu_49503_p2  |         +|   0|  0|  23|          16|          16|
    |add_ln813_3096_fu_49509_p2  |         +|   0|  0|  16|          16|          16|
    |add_ln813_3097_fu_49515_p2  |         +|   0|  0|  16|          16|          16|
    |add_ln813_3098_fu_49860_p2  |         +|   0|  0|  16|          16|          16|
    |add_ln813_3099_fu_49521_p2  |         +|   0|  0|  17|          10|          10|
    |add_ln813_3100_fu_49531_p2  |         +|   0|  0|  21|          14|          14|
    |add_ln813_3101_fu_49537_p2  |         +|   0|  0|  18|          10|          10|
    |add_ln813_3102_fu_49543_p2  |         +|   0|  0|  15|           8|           8|
    |add_ln813_3103_fu_49553_p2  |         +|   0|  0|  18|          10|          10|
    |add_ln813_3104_fu_49563_p2  |         +|   0|  0|  16|          14|          14|
    |add_ln813_3105_fu_49569_p2  |         +|   0|  0|  15|           8|           8|
    |add_ln813_3106_fu_49579_p2  |         +|   0|  0|  15|           8|           8|
    |add_ln813_3107_fu_49589_p2  |         +|   0|  0|  16|           9|           9|
    |add_ln813_3108_fu_49599_p2  |         +|   0|  0|  15|           8|           8|
    |add_ln813_3109_fu_49609_p2  |         +|   0|  0|  15|           8|           6|
    |add_ln813_3110_fu_49619_p2  |         +|   0|  0|  16|           9|           9|
    |add_ln813_3111_fu_49629_p2  |         +|   0|  0|  17|          10|          10|
    |add_ln813_3112_fu_49639_p2  |         +|   0|  0|  16|          14|          14|
    |add_ln813_3113_fu_49867_p2  |         +|   0|  0|  16|          16|          16|
    |add_ln813_3114_fu_49645_p2  |         +|   0|  0|  17|          10|          10|
    |add_ln813_3115_fu_49655_p2  |         +|   0|  0|  23|          16|          16|
    |add_ln813_3116_fu_49661_p2  |         +|   0|  0|  16|          16|          16|
    |add_ln813_3117_fu_49667_p2  |         +|   0|  0|  16|          16|          16|
    |add_ln813_3118_fu_49673_p2  |         +|   0|  0|  16|          16|          16|
    |add_ln813_3119_fu_49679_p2  |         +|   0|  0|  16|          16|          16|
    |add_ln813_3120_fu_49685_p2  |         +|   0|  0|  23|          16|          16|
    |add_ln813_3121_fu_49691_p2  |         +|   0|  0|  16|          16|          16|
    |add_ln813_3122_fu_49697_p2  |         +|   0|  0|  16|          16|          16|
    |add_ln813_3123_fu_49703_p2  |         +|   0|  0|  23|          16|          16|
    |add_ln813_3124_fu_49709_p2  |         +|   0|  0|  16|          16|          16|
    |add_ln813_3125_fu_49715_p2  |         +|   0|  0|  16|          16|          16|
    |add_ln813_3126_fu_49873_p2  |         +|   0|  0|  16|          16|          16|
    |add_ln813_3127_fu_49721_p2  |         +|   0|  0|  22|          15|          15|
    |add_ln813_3128_fu_49731_p2  |         +|   0|  0|  23|          16|          16|
    |add_ln813_3129_fu_49737_p2  |         +|   0|  0|  21|          14|          14|
    |add_ln813_3130_fu_49747_p2  |         +|   0|  0|  22|          15|          15|
    |add_ln813_3131_fu_49757_p2  |         +|   0|  0|  16|          16|          16|
    |add_ln813_3132_fu_49763_p2  |         +|   0|  0|  16|           9|           9|
    |add_ln813_3133_fu_49773_p2  |         +|   0|  0|  17|          10|          10|
    |add_ln813_3134_fu_49783_p2  |         +|   0|  0|  15|           8|           8|
    |add_ln813_3135_fu_49793_p2  |         +|   0|  0|  15|           8|           8|
    |add_ln813_3136_fu_49803_p2  |         +|   0|  0|  16|           9|           9|
    |add_ln813_3137_fu_49813_p2  |         +|   0|  0|  18|          11|          11|
    |add_ln813_3138_fu_49823_p2  |         +|   0|  0|  16|          16|          16|
    |add_ln813_3139_fu_49877_p2  |         +|   0|  0|  16|          16|          16|
    |add_ln813_fu_48903_p2       |         +|   0|  0|  23|          16|          16|
    |r_V_1667_fu_46748_p2        |         +|   0|  0|  31|          24|          24|
    |r_V_1725_fu_48765_p2        |         +|   0|  0|  33|          26|          26|
    |r_V_1670_fu_46866_p2        |         -|   0|  0|  30|          23|          23|
    |r_V_1671_fu_46904_p2        |         -|   0|  0|  24|           1|          17|
    |r_V_1672_fu_46932_p2        |         -|   0|  0|  24|           1|          17|
    |r_V_1673_fu_46985_p2        |         -|   0|  0|  26|           1|          19|
    |r_V_1674_fu_47039_p2        |         -|   0|  0|  24|           1|          17|
    |r_V_1679_fu_47224_p2        |         -|   0|  0|  25|           1|          18|
    |r_V_1680_fu_47256_p2        |         -|   0|  0|  26|          19|          19|
    |r_V_1681_fu_47294_p2        |         -|   0|  0|  33|          26|          26|
    |r_V_1683_fu_47332_p2        |         -|   0|  0|  24|           1|          17|
    |r_V_1688_fu_47473_p2        |         -|   0|  0|  25|           1|          18|
    |r_V_1691_fu_47548_p2        |         -|   0|  0|  33|           1|          26|
    |r_V_1692_fu_47578_p2        |         -|   0|  0|  24|           1|          17|
    |r_V_1693_fu_47602_p2        |         -|   0|  0|  24|           1|          17|
    |r_V_1694_fu_47626_p2        |         -|   0|  0|  24|           1|          17|
    |r_V_1695_fu_47662_p2        |         -|   0|  0|  25|           1|          18|
    |r_V_1696_fu_47706_p2        |         -|   0|  0|  33|          26|          26|
    |r_V_1697_fu_47726_p2        |         -|   0|  0|  24|           1|          17|
    |r_V_1698_fu_47750_p2        |         -|   0|  0|  24|           1|          17|
    |r_V_1700_fu_47851_p2        |         -|   0|  0|  19|          19|          19|
    |r_V_1701_fu_47900_p2        |         -|   0|  0|  24|           1|          17|
    |r_V_1702_fu_47942_p2        |         -|   0|  0|  26|          19|          19|
    |r_V_1704_fu_48041_p2        |         -|   0|  0|  33|          26|          26|
    |r_V_1705_fu_48075_p2        |         -|   0|  0|  24|          24|          24|
    |r_V_1706_fu_48134_p2        |         -|   0|  0|  21|          21|          21|
    |r_V_1708_fu_48168_p2        |         -|   0|  0|  24|           1|          17|
    |r_V_1709_fu_48229_p2        |         -|   0|  0|  24|           1|          17|
    |r_V_1712_fu_48291_p2        |         -|   0|  0|  24|           1|          17|
    |r_V_1713_fu_48358_p2        |         -|   0|  0|  28|          21|          21|
    |r_V_1714_fu_48390_p2        |         -|   0|  0|  26|           1|          19|
    |r_V_1719_fu_48545_p2        |         -|   0|  0|  19|          19|          19|
    |r_V_1721_fu_48579_p2        |         -|   0|  0|  26|          19|          19|
    |r_V_1722_fu_48639_p2        |         -|   0|  0|  26|           1|          19|
    |r_V_1723_fu_48719_p2        |         -|   0|  0|  25|          25|          25|
    |r_V_1726_fu_48803_p2        |         -|   0|  0|  25|           1|          18|
    |r_V_1730_fu_48883_p2        |         -|   0|  0|  24|           1|          17|
    |r_V_fu_46637_p2             |         -|   0|  0|  31|          24|          24|
    |sub_ln1273_605_fu_48057_p2  |         -|   0|  0|  24|           1|          24|
    |sub_ln1273_607_fu_48116_p2  |         -|   0|  0|  21|           1|          21|
    |sub_ln1273_614_fu_48539_p2  |         -|   0|  0|  19|           1|          19|
    |sub_ln1273_618_fu_48701_p2  |         -|   0|  0|  25|           1|          25|
    |sub_ln1273_fu_47845_p2      |         -|   0|  0|  19|           1|          19|
    +----------------------------+----------+----+---+----+------------+------------+
    |Total                       |          |   0|  0|3394|        2196|        2664|
    +----------------------------+----------+----+---+----+------------+------------+

    * Multiplexer: 
    +-------------+----+-----------+-----+-----------+
    |     Name    | LUT| Input Size| Bits| Total Bits|
    +-------------+----+-----------+-----+-----------+
    |ap_return_0  |  14|          3|   16|         48|
    |ap_return_1  |  14|          3|   16|         48|
    |ap_return_2  |  14|          3|   16|         48|
    |ap_return_3  |  14|          3|   16|         48|
    |ap_return_4  |  14|          3|   16|         48|
    +-------------+----+-----------+-----+-----------+
    |Total        |  70|         15|   80|        240|
    +-------------+----+-----------+-----+-----------+

    * Register: 
    +--------------------------+----+----+-----+-----------+
    |           Name           | FF | LUT| Bits| Const Bits|
    +--------------------------+----+----+-----+-----------+
    |add_ln813_3011_reg_49912  |  16|   0|   16|          0|
    |add_ln813_3017_reg_49917  |  16|   0|   16|          0|
    |add_ln813_3031_reg_49922  |  16|   0|   16|          0|
    |add_ln813_3037_reg_49927  |  16|   0|   16|          0|
    |add_ln813_3042_reg_49932  |  16|   0|   16|          0|
    |add_ln813_3054_reg_49937  |  15|   0|   15|          0|
    |add_ln813_3061_reg_49942  |  16|   0|   16|          0|
    |add_ln813_3068_reg_49947  |  16|   0|   16|          0|
    |add_ln813_3083_reg_49952  |  16|   0|   16|          0|
    |add_ln813_3090_reg_49957  |  16|   0|   16|          0|
    |add_ln813_3097_reg_49962  |  16|   0|   16|          0|
    |add_ln813_3112_reg_49967  |  14|   0|   14|          0|
    |add_ln813_3119_reg_49972  |  16|   0|   16|          0|
    |add_ln813_3125_reg_49977  |  16|   0|   16|          0|
    |add_ln813_3138_reg_49982  |  16|   0|   16|          0|
    |ap_ce_reg                 |   1|   0|    1|          0|
    |ap_return_0_int_reg       |  16|   0|   16|          0|
    |ap_return_1_int_reg       |  16|   0|   16|          0|
    |ap_return_2_int_reg       |  16|   0|   16|          0|
    |ap_return_3_int_reg       |  16|   0|   16|          0|
    |ap_return_4_int_reg       |  16|   0|   16|          0|
    +--------------------------+----+----+-----+-----------+
    |Total                     | 318|   0|  318|          0|
    +--------------------------+----+----+-----+-----------+



================================================================
== Interface
================================================================
* Summary: 
+-------------+-----+-----+------------+-----------------------------------------------------------------------------+--------------+
|  RTL Ports  | Dir | Bits|  Protocol  |                                Source Object                                |    C Type    |
+-------------+-----+-----+------------+-----------------------------------------------------------------------------+--------------+
|ap_clk       |   in|    1|  ap_ctrl_hs|  dense_latency<ap_fixed<16, 6, 5, 3, 0>, ap_fixed<16, 6, 5, 3, 0>, config11>|  return value|
|ap_rst       |   in|    1|  ap_ctrl_hs|  dense_latency<ap_fixed<16, 6, 5, 3, 0>, ap_fixed<16, 6, 5, 3, 0>, config11>|  return value|
|ap_return_0  |  out|   16|  ap_ctrl_hs|  dense_latency<ap_fixed<16, 6, 5, 3, 0>, ap_fixed<16, 6, 5, 3, 0>, config11>|  return value|
|ap_return_1  |  out|   16|  ap_ctrl_hs|  dense_latency<ap_fixed<16, 6, 5, 3, 0>, ap_fixed<16, 6, 5, 3, 0>, config11>|  return value|
|ap_return_2  |  out|   16|  ap_ctrl_hs|  dense_latency<ap_fixed<16, 6, 5, 3, 0>, ap_fixed<16, 6, 5, 3, 0>, config11>|  return value|
|ap_return_3  |  out|   16|  ap_ctrl_hs|  dense_latency<ap_fixed<16, 6, 5, 3, 0>, ap_fixed<16, 6, 5, 3, 0>, config11>|  return value|
|ap_return_4  |  out|   16|  ap_ctrl_hs|  dense_latency<ap_fixed<16, 6, 5, 3, 0>, ap_fixed<16, 6, 5, 3, 0>, config11>|  return value|
|ap_ce        |   in|    1|  ap_ctrl_hs|  dense_latency<ap_fixed<16, 6, 5, 3, 0>, ap_fixed<16, 6, 5, 3, 0>, config11>|  return value|
|p_read       |   in|   16|     ap_none|                                                                       p_read|        scalar|
|p_read1      |   in|   16|     ap_none|                                                                      p_read1|        scalar|
|p_read2      |   in|   16|     ap_none|                                                                      p_read2|        scalar|
|p_read3      |   in|   16|     ap_none|                                                                      p_read3|        scalar|
|p_read4      |   in|   16|     ap_none|                                                                      p_read4|        scalar|
|p_read5      |   in|   16|     ap_none|                                                                      p_read5|        scalar|
|p_read6      |   in|   16|     ap_none|                                                                      p_read6|        scalar|
|p_read7      |   in|   16|     ap_none|                                                                      p_read7|        scalar|
|p_read8      |   in|   16|     ap_none|                                                                      p_read8|        scalar|
|p_read9      |   in|   16|     ap_none|                                                                      p_read9|        scalar|
|p_read10     |   in|   16|     ap_none|                                                                     p_read10|        scalar|
|p_read11     |   in|   16|     ap_none|                                                                     p_read11|        scalar|
|p_read12     |   in|   16|     ap_none|                                                                     p_read12|        scalar|
|p_read13     |   in|   16|     ap_none|                                                                     p_read13|        scalar|
|p_read14     |   in|   16|     ap_none|                                                                     p_read14|        scalar|
|p_read15     |   in|   16|     ap_none|                                                                     p_read15|        scalar|
|p_read16     |   in|   16|     ap_none|                                                                     p_read16|        scalar|
|p_read17     |   in|   16|     ap_none|                                                                     p_read17|        scalar|
|p_read18     |   in|   16|     ap_none|                                                                     p_read18|        scalar|
|p_read19     |   in|   16|     ap_none|                                                                     p_read19|        scalar|
|p_read20     |   in|   16|     ap_none|                                                                     p_read20|        scalar|
|p_read21     |   in|   16|     ap_none|                                                                     p_read21|        scalar|
|p_read22     |   in|   16|     ap_none|                                                                     p_read22|        scalar|
|p_read23     |   in|   16|     ap_none|                                                                     p_read23|        scalar|
|p_read24     |   in|   16|     ap_none|                                                                     p_read24|        scalar|
|p_read25     |   in|   16|     ap_none|                                                                     p_read25|        scalar|
|p_read26     |   in|   16|     ap_none|                                                                     p_read26|        scalar|
|p_read27     |   in|   16|     ap_none|                                                                     p_read27|        scalar|
|p_read28     |   in|   16|     ap_none|                                                                     p_read28|        scalar|
|p_read29     |   in|   16|     ap_none|                                                                     p_read29|        scalar|
|p_read30     |   in|   16|     ap_none|                                                                     p_read30|        scalar|
|p_read31     |   in|   16|     ap_none|                                                                     p_read31|        scalar|
+-------------+-----+-----+------------+-----------------------------------------------------------------------------+--------------+

