

================================================================
== Vitis HLS Report for 'dense_array_ap_fixed_24u_array_ap_fixed_16_6_5_3_0_42u_config15_s'
================================================================
* Date:           Thu Jul  4 19:00:57 2024

* Version:        2022.2 (Build 3670227 on Oct 13 2022)
* Project:        kernel_wrapper
* Solution:       solution (Vitis Kernel Flow Target)
* Product family: virtexuplus
* Target device:  xcu55c-fsvh2892-2L-e


================================================================
== Performance Estimates
================================================================
+ Timing: 
    * Summary: 
    +--------+---------+----------+------------+
    |  Clock |  Target | Estimated| Uncertainty|
    +--------+---------+----------+------------+
    |ap_clk  |  5.00 ns|  3.460 ns|     1.35 ns|
    +--------+---------+----------+------------+

+ Latency: 
    * Summary: 
    +---------+---------+-----------+-----------+-----+-----+---------+
    |  Latency (cycles) |   Latency (absolute)  |  Interval | Pipeline|
    |   min   |   max   |    min    |    max    | min | max |   Type  |
    +---------+---------+-----------+-----------+-----+-----+---------+
    |        8|        8|  40.000 ns|  40.000 ns|    8|    8|       no|
    +---------+---------+-----------+-----------+-----+-----+---------+

    + Detail: 
        * Instance: 
        +-----------------------------------------------------------------------------+------------------------------------------------------------------+---------+---------+----------+----------+-----+-----+---------+
        |                                                                             |                                                                  |  Latency (cycles) |  Latency (absolute) |  Interval | Pipeline|
        |                                   Instance                                  |                              Module                              |   min   |   max   |    min   |    max   | min | max |   Type  |
        +-----------------------------------------------------------------------------+------------------------------------------------------------------+---------+---------+----------+----------+-----+-----+---------+
        |grp_dense_wrapper_ap_fixed_16_6_5_3_0_ap_fixed_16_6_5_3_0_config15_s_fu_539  |dense_wrapper_ap_fixed_16_6_5_3_0_ap_fixed_16_6_5_3_0_config15_s  |        1|        1|  5.000 ns|  5.000 ns|    1|    1|       no|
        +-----------------------------------------------------------------------------+------------------------------------------------------------------+---------+---------+----------+----------+-----+-----+---------+

        * Loop: 
        +---------------+---------+---------+----------+-----------+-----------+------+----------+
        |               |  Latency (cycles) | Iteration|  Initiation Interval  | Trip |          |
        |   Loop Name   |   min   |   max   |  Latency |  achieved |   target  | Count| Pipelined|
        +---------------+---------+---------+----------+-----------+-----------+------+----------+
        |- DataPrepare  |        4|        4|         1|          -|          -|     4|        no|
        +---------------+---------+---------+----------+-----------+-----------+------+----------+



================================================================
== Utilization Estimates
================================================================
* Summary: 
+---------------------+---------+------+---------+---------+-----+
|         Name        | BRAM_18K|  DSP |    FF   |   LUT   | URAM|
+---------------------+---------+------+---------+---------+-----+
|DSP                  |        -|     -|        -|        -|    -|
|Expression           |        -|     -|        0|       23|    -|
|FIFO                 |        -|     -|        -|        -|    -|
|Instance             |        -|    19|     5824|    51920|    -|
|Memory               |        -|     -|        -|        -|    -|
|Multiplexer          |        -|     -|        -|       71|    -|
|Register             |        -|     -|     1546|        -|    -|
+---------------------+---------+------+---------+---------+-----+
|Total                |        0|    19|     7370|    52014|    0|
+---------------------+---------+------+---------+---------+-----+
|Available SLR        |     1344|  3008|   869120|   434560|  320|
+---------------------+---------+------+---------+---------+-----+
|Utilization SLR (%)  |        0|    ~0|       ~0|       11|    0|
+---------------------+---------+------+---------+---------+-----+
|Available            |     4032|  9024|  2607360|  1303680|  960|
+---------------------+---------+------+---------+---------+-----+
|Utilization (%)      |        0|    ~0|       ~0|        3|    0|
+---------------------+---------+------+---------+---------+-----+

+ Detail: 
    * Instance: 
    +-----------------------------------------------------------------------------+------------------------------------------------------------------+---------+----+------+-------+-----+
    |                                   Instance                                  |                              Module                              | BRAM_18K| DSP|  FF  |  LUT  | URAM|
    +-----------------------------------------------------------------------------+------------------------------------------------------------------+---------+----+------+-------+-----+
    |grp_dense_wrapper_ap_fixed_16_6_5_3_0_ap_fixed_16_6_5_3_0_config15_s_fu_539  |dense_wrapper_ap_fixed_16_6_5_3_0_ap_fixed_16_6_5_3_0_config15_s  |        0|  19|  5824|  51920|    0|
    +-----------------------------------------------------------------------------+------------------------------------------------------------------+---------+----+------+-------+-----+
    |Total                                                                        |                                                                  |        0|  19|  5824|  51920|    0|
    +-----------------------------------------------------------------------------+------------------------------------------------------------------+---------+----+------+-------+-----+

    * DSP: 
    N/A

    * Memory: 
    N/A

    * FIFO: 
    N/A

    * Expression: 
    +---------------------+----------+----+---+----+------------+------------+
    |    Variable Name    | Operation| DSP| FF| LUT| Bitwidth P0| Bitwidth P1|
    +---------------------+----------+----+---+----+------------+------------+
    |add_ln36_fu_653_p2   |         +|   0|  0|  10|           3|           1|
    |ap_block_state2      |       and|   0|  0|   2|           1|           1|
    |icmp_ln36_fu_647_p2  |      icmp|   0|  0|   9|           3|           4|
    |ap_block_state1      |        or|   0|  0|   2|           1|           1|
    +---------------------+----------+----+---+----+------------+------------+
    |Total                |          |   0|  0|  23|           8|           7|
    +---------------------+----------+----+---+----+------------+------------+

    * Multiplexer: 
    +-------------------+----+-----------+-----+-----------+
    |        Name       | LUT| Input Size| Bits| Total Bits|
    +-------------------+----+-----------+-----+-----------+
    |ap_NS_fsm          |  26|          5|    1|          5|
    |ap_done            |   9|          2|    1|          2|
    |i_in_fu_138        |   9|          2|    3|          6|
    |layer13_out_blk_n  |   9|          2|    1|          2|
    |layer15_out_blk_n  |   9|          2|    1|          2|
    |real_start         |   9|          2|    1|          2|
    +-------------------+----+-----------+-----+-----------+
    |Total              |  71|         15|    8|         19|
    +-------------------+----+-----------+-----+-----------+

    * Register: 
    +------------------------------------------------------------------------------------------+----+----+-----+-----------+
    |                                           Name                                           | FF | LUT| Bits| Const Bits|
    +------------------------------------------------------------------------------------------+----+----+-----+-----------+
    |ap_CS_fsm                                                                                 |   4|   0|    4|          0|
    |ap_done_reg                                                                               |   1|   0|    1|          0|
    |data_V_101_fu_146                                                                         |  16|   0|   16|          0|
    |data_V_102_fu_150                                                                         |  16|   0|   16|          0|
    |data_V_103_fu_154                                                                         |  16|   0|   16|          0|
    |data_V_104_fu_158                                                                         |  16|   0|   16|          0|
    |data_V_105_fu_162                                                                         |  16|   0|   16|          0|
    |data_V_106_fu_166                                                                         |  16|   0|   16|          0|
    |data_V_107_fu_170                                                                         |  16|   0|   16|          0|
    |data_V_108_fu_174                                                                         |  16|   0|   16|          0|
    |data_V_109_fu_178                                                                         |  16|   0|   16|          0|
    |data_V_110_fu_182                                                                         |  16|   0|   16|          0|
    |data_V_111_fu_186                                                                         |  16|   0|   16|          0|
    |data_V_112_fu_190                                                                         |  16|   0|   16|          0|
    |data_V_113_fu_194                                                                         |  16|   0|   16|          0|
    |data_V_114_fu_198                                                                         |  16|   0|   16|          0|
    |data_V_115_fu_202                                                                         |  16|   0|   16|          0|
    |data_V_116_fu_206                                                                         |  16|   0|   16|          0|
    |data_V_117_fu_210                                                                         |  16|   0|   16|          0|
    |data_V_118_fu_214                                                                         |  16|   0|   16|          0|
    |data_V_119_fu_218                                                                         |  16|   0|   16|          0|
    |data_V_120_fu_222                                                                         |  16|   0|   16|          0|
    |data_V_121_fu_226                                                                         |  16|   0|   16|          0|
    |data_V_122_fu_230                                                                         |  16|   0|   16|          0|
    |data_V_123_fu_234                                                                         |  16|   0|   16|          0|
    |data_V_124_fu_238                                                                         |  16|   0|   16|          0|
    |data_V_125_fu_242                                                                         |  16|   0|   16|          0|
    |data_V_126_fu_246                                                                         |  16|   0|   16|          0|
    |data_V_127_fu_250                                                                         |  16|   0|   16|          0|
    |data_V_128_fu_254                                                                         |  16|   0|   16|          0|
    |data_V_129_fu_258                                                                         |  16|   0|   16|          0|
    |data_V_130_fu_262                                                                         |  16|   0|   16|          0|
    |data_V_131_fu_266                                                                         |  16|   0|   16|          0|
    |data_V_132_fu_270                                                                         |  16|   0|   16|          0|
    |data_V_133_fu_274                                                                         |  16|   0|   16|          0|
    |data_V_134_fu_278                                                                         |  16|   0|   16|          0|
    |data_V_135_fu_282                                                                         |  16|   0|   16|          0|
    |data_V_136_fu_286                                                                         |  16|   0|   16|          0|
    |data_V_137_fu_290                                                                         |  16|   0|   16|          0|
    |data_V_138_fu_294                                                                         |  16|   0|   16|          0|
    |data_V_139_fu_298                                                                         |  16|   0|   16|          0|
    |data_V_140_fu_302                                                                         |  16|   0|   16|          0|
    |data_V_141_fu_306                                                                         |  16|   0|   16|          0|
    |data_V_142_fu_310                                                                         |  16|   0|   16|          0|
    |data_V_143_fu_314                                                                         |  16|   0|   16|          0|
    |data_V_144_fu_318                                                                         |  16|   0|   16|          0|
    |data_V_145_fu_322                                                                         |  16|   0|   16|          0|
    |data_V_146_fu_326                                                                         |  16|   0|   16|          0|
    |data_V_147_fu_330                                                                         |  16|   0|   16|          0|
    |data_V_148_fu_334                                                                         |  16|   0|   16|          0|
    |data_V_149_fu_338                                                                         |  16|   0|   16|          0|
    |data_V_150_fu_342                                                                         |  16|   0|   16|          0|
    |data_V_151_fu_346                                                                         |  16|   0|   16|          0|
    |data_V_152_fu_350                                                                         |  16|   0|   16|          0|
    |data_V_153_fu_354                                                                         |  16|   0|   16|          0|
    |data_V_154_fu_358                                                                         |  16|   0|   16|          0|
    |data_V_155_fu_362                                                                         |  16|   0|   16|          0|
    |data_V_156_fu_366                                                                         |  16|   0|   16|          0|
    |data_V_157_fu_370                                                                         |  16|   0|   16|          0|
    |data_V_158_fu_374                                                                         |  16|   0|   16|          0|
    |data_V_159_fu_378                                                                         |  16|   0|   16|          0|
    |data_V_160_fu_382                                                                         |  16|   0|   16|          0|
    |data_V_161_fu_386                                                                         |  16|   0|   16|          0|
    |data_V_162_fu_390                                                                         |  16|   0|   16|          0|
    |data_V_163_fu_394                                                                         |  16|   0|   16|          0|
    |data_V_164_fu_398                                                                         |  16|   0|   16|          0|
    |data_V_165_fu_402                                                                         |  16|   0|   16|          0|
    |data_V_166_fu_406                                                                         |  16|   0|   16|          0|
    |data_V_167_fu_410                                                                         |  16|   0|   16|          0|
    |data_V_168_fu_414                                                                         |  16|   0|   16|          0|
    |data_V_169_fu_418                                                                         |  16|   0|   16|          0|
    |data_V_170_fu_422                                                                         |  16|   0|   16|          0|
    |data_V_171_fu_426                                                                         |  16|   0|   16|          0|
    |data_V_172_fu_430                                                                         |  16|   0|   16|          0|
    |data_V_173_fu_434                                                                         |  16|   0|   16|          0|
    |data_V_174_fu_438                                                                         |  16|   0|   16|          0|
    |data_V_175_fu_442                                                                         |  16|   0|   16|          0|
    |data_V_176_fu_446                                                                         |  16|   0|   16|          0|
    |data_V_177_fu_450                                                                         |  16|   0|   16|          0|
    |data_V_178_fu_454                                                                         |  16|   0|   16|          0|
    |data_V_179_fu_458                                                                         |  16|   0|   16|          0|
    |data_V_180_fu_462                                                                         |  16|   0|   16|          0|
    |data_V_181_fu_466                                                                         |  16|   0|   16|          0|
    |data_V_182_fu_470                                                                         |  16|   0|   16|          0|
    |data_V_183_fu_474                                                                         |  16|   0|   16|          0|
    |data_V_184_fu_478                                                                         |  16|   0|   16|          0|
    |data_V_185_fu_482                                                                         |  16|   0|   16|          0|
    |data_V_186_fu_486                                                                         |  16|   0|   16|          0|
    |data_V_187_fu_490                                                                         |  16|   0|   16|          0|
    |data_V_188_fu_494                                                                         |  16|   0|   16|          0|
    |data_V_189_fu_498                                                                         |  16|   0|   16|          0|
    |data_V_190_fu_502                                                                         |  16|   0|   16|          0|
    |data_V_191_fu_506                                                                         |  16|   0|   16|          0|
    |data_V_192_fu_510                                                                         |  16|   0|   16|          0|
    |data_V_193_fu_514                                                                         |  16|   0|   16|          0|
    |data_V_194_fu_518                                                                         |  16|   0|   16|          0|
    |data_V_195_fu_522                                                                         |  16|   0|   16|          0|
    |data_V_fu_142                                                                             |  16|   0|   16|          0|
    |grp_dense_wrapper_ap_fixed_16_6_5_3_0_ap_fixed_16_6_5_3_0_config15_s_fu_539_ap_start_reg  |   1|   0|    1|          0|
    |i_in_fu_138                                                                               |   3|   0|    3|          0|
    |start_once_reg                                                                            |   1|   0|    1|          0|
    +------------------------------------------------------------------------------------------+----+----+-----+-----------+
    |Total                                                                                     |1546|   0| 1546|          0|
    +------------------------------------------------------------------------------------------+----+----+-----+-----------+



================================================================
== Interface
================================================================
* Summary: 
+----------------------------+-----+-----+------------+---------------------------------------------------------------------+--------------+
|          RTL Ports         | Dir | Bits|  Protocol  |                            Source Object                            |    C Type    |
+----------------------------+-----+-----+------------+---------------------------------------------------------------------+--------------+
|ap_clk                      |   in|    1|  ap_ctrl_hs|  dense<array<ap_fixed,24u>,array<ap_fixed<16,6,5,3,0>,42u>,config15>|  return value|
|ap_rst                      |   in|    1|  ap_ctrl_hs|  dense<array<ap_fixed,24u>,array<ap_fixed<16,6,5,3,0>,42u>,config15>|  return value|
|ap_start                    |   in|    1|  ap_ctrl_hs|  dense<array<ap_fixed,24u>,array<ap_fixed<16,6,5,3,0>,42u>,config15>|  return value|
|start_full_n                |   in|    1|  ap_ctrl_hs|  dense<array<ap_fixed,24u>,array<ap_fixed<16,6,5,3,0>,42u>,config15>|  return value|
|ap_done                     |  out|    1|  ap_ctrl_hs|  dense<array<ap_fixed,24u>,array<ap_fixed<16,6,5,3,0>,42u>,config15>|  return value|
|ap_continue                 |   in|    1|  ap_ctrl_hs|  dense<array<ap_fixed,24u>,array<ap_fixed<16,6,5,3,0>,42u>,config15>|  return value|
|ap_idle                     |  out|    1|  ap_ctrl_hs|  dense<array<ap_fixed,24u>,array<ap_fixed<16,6,5,3,0>,42u>,config15>|  return value|
|ap_ready                    |  out|    1|  ap_ctrl_hs|  dense<array<ap_fixed,24u>,array<ap_fixed<16,6,5,3,0>,42u>,config15>|  return value|
|start_out                   |  out|    1|  ap_ctrl_hs|  dense<array<ap_fixed,24u>,array<ap_fixed<16,6,5,3,0>,42u>,config15>|  return value|
|start_write                 |  out|    1|  ap_ctrl_hs|  dense<array<ap_fixed,24u>,array<ap_fixed<16,6,5,3,0>,42u>,config15>|  return value|
|layer13_out_dout            |   in|  384|     ap_fifo|                                                          layer13_out|       pointer|
|layer13_out_num_data_valid  |   in|    3|     ap_fifo|                                                          layer13_out|       pointer|
|layer13_out_fifo_cap        |   in|    3|     ap_fifo|                                                          layer13_out|       pointer|
|layer13_out_empty_n         |   in|    1|     ap_fifo|                                                          layer13_out|       pointer|
|layer13_out_read            |  out|    1|     ap_fifo|                                                          layer13_out|       pointer|
|layer15_out_din             |  out|  672|     ap_fifo|                                                          layer15_out|       pointer|
|layer15_out_num_data_valid  |   in|    2|     ap_fifo|                                                          layer15_out|       pointer|
|layer15_out_fifo_cap        |   in|    2|     ap_fifo|                                                          layer15_out|       pointer|
|layer15_out_full_n          |   in|    1|     ap_fifo|                                                          layer15_out|       pointer|
|layer15_out_write           |  out|    1|     ap_fifo|                                                          layer15_out|       pointer|
+----------------------------+-----+-----+------------+---------------------------------------------------------------------+--------------+

