

================================================================
== Vitis HLS Report for 'softmax_array_array_ap_fixed_16_6_5_3_0_10u_softmax_config25_s'
================================================================
* Date:           Thu Jul  4 19:02:07 2024

* Version:        2022.2 (Build 3670227 on Oct 13 2022)
* Project:        kernel_wrapper
* Solution:       solution (Vitis Kernel Flow Target)
* Product family: virtexuplus
* Target device:  xcu55c-fsvh2892-2L-e


================================================================
== Performance Estimates
================================================================
+ Timing: 
    * Summary: 
    +--------+---------+----------+------------+
    |  Clock |  Target | Estimated| Uncertainty|
    +--------+---------+----------+------------+
    |ap_clk  |  5.00 ns|  3.559 ns|     1.35 ns|
    +--------+---------+----------+------------+

+ Latency: 
    * Summary: 
    +---------+---------+-----------+-----------+-----+-----+---------+
    |  Latency (cycles) |   Latency (absolute)  |  Interval | Pipeline|
    |   min   |   max   |    min    |    max    | min | max |   Type  |
    +---------+---------+-----------+-----------+-----+-----+---------+
    |        8|        8|  40.000 ns|  40.000 ns|    8|    8|       no|
    +---------+---------+-----------+-----------+-----+-----+---------+

    + Detail: 
        * Instance: 
        +---------------------------------------------------------------------------------+-----------------------------------------------------------------------+---------+---------+-----------+-----------+-----+-----+---------+
        |                                                                                 |                                                                       |  Latency (cycles) |   Latency (absolute)  |  Interval | Pipeline|
        |                                     Instance                                    |                                 Module                                |   min   |   max   |    min    |    max    | min | max |   Type  |
        +---------------------------------------------------------------------------------+-----------------------------------------------------------------------+---------+---------+-----------+-----------+-----+-----+---------+
        |grp_softmax_stable_array_array_ap_fixed_16_6_5_3_0_10u_softmax_config25_s_fu_20  |softmax_stable_array_array_ap_fixed_16_6_5_3_0_10u_softmax_config25_s  |        7|        7|  35.000 ns|  35.000 ns|    7|    7|       no|
        +---------------------------------------------------------------------------------+-----------------------------------------------------------------------+---------+---------+-----------+-----------+-----+-----+---------+

        * Loop: 
        N/A



================================================================
== Utilization Estimates
================================================================
* Summary: 
+---------------------+---------+------+---------+---------+-----+
|         Name        | BRAM_18K|  DSP |    FF   |   LUT   | URAM|
+---------------------+---------+------+---------+---------+-----+
|DSP                  |        -|     -|        -|        -|    -|
|Expression           |        -|     -|        0|        2|    -|
|FIFO                 |        -|     -|        -|        -|    -|
|Instance             |       10|    10|      665|     1680|    -|
|Memory               |        -|     -|        -|        -|    -|
|Multiplexer          |        -|     -|        -|       41|    -|
|Register             |        -|     -|        4|        -|    -|
+---------------------+---------+------+---------+---------+-----+
|Total                |       10|    10|      669|     1723|    0|
+---------------------+---------+------+---------+---------+-----+
|Available SLR        |     1344|  3008|   869120|   434560|  320|
+---------------------+---------+------+---------+---------+-----+
|Utilization SLR (%)  |       ~0|    ~0|       ~0|       ~0|    0|
+---------------------+---------+------+---------+---------+-----+
|Available            |     4032|  9024|  2607360|  1303680|  960|
+---------------------+---------+------+---------+---------+-----+
|Utilization (%)      |       ~0|    ~0|       ~0|       ~0|    0|
+---------------------+---------+------+---------+---------+-----+

+ Detail: 
    * Instance: 
    +---------------------------------------------------------------------------------+-----------------------------------------------------------------------+---------+----+-----+------+-----+
    |                                     Instance                                    |                                 Module                                | BRAM_18K| DSP|  FF |  LUT | URAM|
    +---------------------------------------------------------------------------------+-----------------------------------------------------------------------+---------+----+-----+------+-----+
    |grp_softmax_stable_array_array_ap_fixed_16_6_5_3_0_10u_softmax_config25_s_fu_20  |softmax_stable_array_array_ap_fixed_16_6_5_3_0_10u_softmax_config25_s  |       10|  10|  665|  1680|    0|
    +---------------------------------------------------------------------------------+-----------------------------------------------------------------------+---------+----+-----+------+-----+
    |Total                                                                            |                                                                       |       10|  10|  665|  1680|    0|
    +---------------------------------------------------------------------------------+-----------------------------------------------------------------------+---------+----+-----+------+-----+

    * DSP: 
    N/A

    * Memory: 
    N/A

    * FIFO: 
    N/A

    * Expression: 
    +-----------------+----------+----+---+----+------------+------------+
    |  Variable Name  | Operation| DSP| FF| LUT| Bitwidth P0| Bitwidth P1|
    +-----------------+----------+----+---+----+------------+------------+
    |ap_block_state1  |        or|   0|  0|   2|           1|           1|
    +-----------------+----------+----+---+----+------------+------------+
    |Total            |          |   0|  0|   2|           1|           1|
    +-----------------+----------+----+---+----+------------+------------+

    * Multiplexer: 
    +------------------+----+-----------+-----+-----------+
    |       Name       | LUT| Input Size| Bits| Total Bits|
    +------------------+----+-----------+-----+-----------+
    |ap_NS_fsm         |  14|          3|    1|          3|
    |ap_done           |   9|          2|    1|          2|
    |layer23_out_read  |   9|          2|    1|          2|
    |output_r_write    |   9|          2|    1|          2|
    +------------------+----+-----------+-----+-----------+
    |Total             |  41|          9|    4|          9|
    +------------------+----+-----------+-----+-----------+

    * Register: 
    +----------------------------------------------------------------------------------------------+---+----+-----+-----------+
    |                                             Name                                             | FF| LUT| Bits| Const Bits|
    +----------------------------------------------------------------------------------------------+---+----+-----+-----------+
    |ap_CS_fsm                                                                                     |  2|   0|    2|          0|
    |ap_done_reg                                                                                   |  1|   0|    1|          0|
    |grp_softmax_stable_array_array_ap_fixed_16_6_5_3_0_10u_softmax_config25_s_fu_20_ap_start_reg  |  1|   0|    1|          0|
    +----------------------------------------------------------------------------------------------+---+----+-----+-----------+
    |Total                                                                                         |  4|   0|    4|          0|
    +----------------------------------------------------------------------------------------------+---+----+-----+-----------+



================================================================
== Interface
================================================================
* Summary: 
+----------------------------+-----+-----+------------+-----------------------------------------------------------------+--------------+
|          RTL Ports         | Dir | Bits|  Protocol  |                          Source Object                          |    C Type    |
+----------------------------+-----+-----+------------+-----------------------------------------------------------------+--------------+
|ap_clk                      |   in|    1|  ap_ctrl_hs|  softmax<array,array<ap_fixed<16,6,5,3,0>,10u>,softmax_config25>|  return value|
|ap_rst                      |   in|    1|  ap_ctrl_hs|  softmax<array,array<ap_fixed<16,6,5,3,0>,10u>,softmax_config25>|  return value|
|ap_start                    |   in|    1|  ap_ctrl_hs|  softmax<array,array<ap_fixed<16,6,5,3,0>,10u>,softmax_config25>|  return value|
|ap_done                     |  out|    1|  ap_ctrl_hs|  softmax<array,array<ap_fixed<16,6,5,3,0>,10u>,softmax_config25>|  return value|
|ap_continue                 |   in|    1|  ap_ctrl_hs|  softmax<array,array<ap_fixed<16,6,5,3,0>,10u>,softmax_config25>|  return value|
|ap_idle                     |  out|    1|  ap_ctrl_hs|  softmax<array,array<ap_fixed<16,6,5,3,0>,10u>,softmax_config25>|  return value|
|ap_ready                    |  out|    1|  ap_ctrl_hs|  softmax<array,array<ap_fixed<16,6,5,3,0>,10u>,softmax_config25>|  return value|
|layer23_out_dout            |   in|  160|     ap_fifo|                                                      layer23_out|       pointer|
|layer23_out_num_data_valid  |   in|    2|     ap_fifo|                                                      layer23_out|       pointer|
|layer23_out_fifo_cap        |   in|    2|     ap_fifo|                                                      layer23_out|       pointer|
|layer23_out_empty_n         |   in|    1|     ap_fifo|                                                      layer23_out|       pointer|
|layer23_out_read            |  out|    1|     ap_fifo|                                                      layer23_out|       pointer|
|output_r_din                |  out|  160|     ap_fifo|                                                         output_r|       pointer|
|output_r_num_data_valid     |   in|    2|     ap_fifo|                                                         output_r|       pointer|
|output_r_fifo_cap           |   in|    2|     ap_fifo|                                                         output_r|       pointer|
|output_r_full_n             |   in|    1|     ap_fifo|                                                         output_r|       pointer|
|output_r_write              |  out|    1|     ap_fifo|                                                         output_r|       pointer|
+----------------------------+-----+-----+------------+-----------------------------------------------------------------+--------------+

