

================================================================
== Vitis HLS Report for 'softmax_stable_array_array_ap_fixed_16_6_5_3_0_10u_softmax_config25_s'
================================================================
* Date:           Thu Jul  4 19:02:05 2024

* Version:        2022.2 (Build 3670227 on Oct 13 2022)
* Project:        kernel_wrapper
* Solution:       solution (Vitis Kernel Flow Target)
* Product family: virtexuplus
* Target device:  xcu55c-fsvh2892-2L-e


================================================================
== Performance Estimates
================================================================
+ Timing: 
    * Summary: 
    +--------+---------+----------+------------+
    |  Clock |  Target | Estimated| Uncertainty|
    +--------+---------+----------+------------+
    |ap_clk  |  5.00 ns|  3.559 ns|     1.35 ns|
    +--------+---------+----------+------------+

+ Latency: 
    * Summary: 
    +---------+---------+-----------+-----------+-----+-----+---------+
    |  Latency (cycles) |   Latency (absolute)  |  Interval | Pipeline|
    |   min   |   max   |    min    |    max    | min | max |   Type  |
    +---------+---------+-----------+-----------+-----+-----+---------+
    |        7|        7|  35.000 ns|  35.000 ns|    7|    7|       no|
    +---------+---------+-----------+-----------+-----+-----+---------+

    + Detail: 
        * Instance: 
        N/A

        * Loop: 
        N/A



================================================================
== Utilization Estimates
================================================================
* Summary: 
+---------------------+---------+------+---------+---------+-----+
|         Name        | BRAM_18K|  DSP |    FF   |   LUT   | URAM|
+---------------------+---------+------+---------+---------+-----+
|DSP                  |        -|     -|        -|        -|    -|
|Expression           |        -|     -|        0|     1535|    -|
|FIFO                 |        -|     -|        -|        -|    -|
|Instance             |        -|    10|        0|       50|    -|
|Memory               |       10|     -|        0|        0|    -|
|Multiplexer          |        -|     -|        -|       95|    -|
|Register             |        -|     -|      665|        -|    -|
+---------------------+---------+------+---------+---------+-----+
|Total                |       10|    10|      665|     1680|    0|
+---------------------+---------+------+---------+---------+-----+
|Available SLR        |     1344|  3008|   869120|   434560|  320|
+---------------------+---------+------+---------+---------+-----+
|Utilization SLR (%)  |       ~0|    ~0|       ~0|       ~0|    0|
+---------------------+---------+------+---------+---------+-----+
|Available            |     4032|  9024|  2607360|  1303680|  960|
+---------------------+---------+------+---------+---------+-----+
|Utilization (%)      |       ~0|    ~0|       ~0|       ~0|    0|
+---------------------+---------+------+---------+---------+-----+

+ Detail: 
    * Instance: 
    +---------------------------+---------------------+---------+----+---+----+-----+
    |          Instance         |        Module       | BRAM_18K| DSP| FF| LUT| URAM|
    +---------------------------+---------------------+---------+----+---+----+-----+
    |mul_18s_17ns_26_1_1_U1848  |mul_18s_17ns_26_1_1  |        0|   1|  0|   5|    0|
    |mul_18s_17ns_26_1_1_U1849  |mul_18s_17ns_26_1_1  |        0|   1|  0|   5|    0|
    |mul_18s_17ns_26_1_1_U1850  |mul_18s_17ns_26_1_1  |        0|   1|  0|   5|    0|
    |mul_18s_17ns_26_1_1_U1851  |mul_18s_17ns_26_1_1  |        0|   1|  0|   5|    0|
    |mul_18s_17ns_26_1_1_U1852  |mul_18s_17ns_26_1_1  |        0|   1|  0|   5|    0|
    |mul_18s_17ns_26_1_1_U1853  |mul_18s_17ns_26_1_1  |        0|   1|  0|   5|    0|
    |mul_18s_17ns_26_1_1_U1854  |mul_18s_17ns_26_1_1  |        0|   1|  0|   5|    0|
    |mul_18s_17ns_26_1_1_U1855  |mul_18s_17ns_26_1_1  |        0|   1|  0|   5|    0|
    |mul_18s_17ns_26_1_1_U1856  |mul_18s_17ns_26_1_1  |        0|   1|  0|   5|    0|
    |mul_18s_17ns_26_1_1_U1857  |mul_18s_17ns_26_1_1  |        0|   1|  0|   5|    0|
    +---------------------------+---------------------+---------+----+---+----+-----+
    |Total                      |                     |        0|  10|  0|  50|    0|
    +---------------------------+---------------------+---------+----+---+----+-----+

    * DSP: 
    N/A

    * Memory: 
    +----------------+----------------------------------------------------------------------------------+---------+---+----+-----+------+-----+------+-------------+
    |     Memory     |                                      Module                                      | BRAM_18K| FF| LUT| URAM| Words| Bits| Banks| W*Bits*Banks|
    +----------------+----------------------------------------------------------------------------------+---------+---+----+-----+------+-----+------+-------------+
    |exp_table_U     |softmax_stable_array_array_ap_fixed_16_6_5_3_0_10u_softmax_config25_s_exp_tabcdu  |        8|  0|   0|    0|  1024|   17|     1|        17408|
    |invert_table_U  |softmax_stable_array_array_ap_fixed_16_6_5_3_0_10u_softmax_config25_s_invert_ceu  |        2|  0|   0|    0|  1024|   18|     1|        18432|
    +----------------+----------------------------------------------------------------------------------+---------+---+----+-----+------+-----+------+-------------+
    |Total           |                                                                                  |       10|  0|   0|    0|  2048|   35|     2|        35840|
    +----------------+----------------------------------------------------------------------------------+---------+---+----+-----+------+-----+------+-------------+

    * FIFO: 
    N/A

    * Expression: 
    +----------------------------+----------+----+---+----+------------+------------+
    |        Variable Name       | Operation| DSP| FF| LUT| Bitwidth P0| Bitwidth P1|
    +----------------------------+----------+----+---+----+------------+------------+
    |add_ln856_fu_2106_p2        |         +|   0|  0|  24|          17|          17|
    |p_Val2_10_fu_1656_p2        |         +|   0|  0|  25|          18|          18|
    |p_Val2_11_fu_1700_p2        |         +|   0|  0|  25|          18|          18|
    |p_Val2_13_fu_1760_p2        |         +|   0|  0|  25|          18|          18|
    |p_Val2_14_fu_1846_p2        |         +|   0|  0|  25|          18|          18|
    |p_Val2_15_fu_1890_p2        |         +|   0|  0|  25|          18|          18|
    |p_Val2_17_fu_1950_p2        |         +|   0|  0|  25|          18|          18|
    |p_Val2_19_fu_2052_p2        |         +|   0|  0|  25|          18|          18|
    |p_Val2_20_fu_2100_p2        |         +|   0|  0|  25|          18|          18|
    |p_Val2_22_fu_2151_p2        |         +|   0|  0|  25|          18|          18|
    |ret_V_10_fu_1746_p2         |         +|   0|  0|  26|          19|          19|
    |ret_V_11_fu_1936_p2         |         +|   0|  0|  26|          19|          19|
    |ret_V_12_fu_2038_p2         |         +|   0|  0|  26|          19|          19|
    |ret_V_13_fu_2137_p2         |         +|   0|  0|  26|          19|          19|
    |ret_V_1_fu_958_p2           |         -|   0|  0|  24|          17|          17|
    |ret_V_2_fu_1001_p2          |         -|   0|  0|  24|          17|          17|
    |ret_V_3_fu_1044_p2          |         -|   0|  0|  24|          17|          17|
    |ret_V_4_fu_1087_p2          |         -|   0|  0|  24|          17|          17|
    |ret_V_5_fu_1130_p2          |         -|   0|  0|  24|          17|          17|
    |ret_V_6_fu_1173_p2          |         -|   0|  0|  24|          17|          17|
    |ret_V_7_fu_1216_p2          |         -|   0|  0|  24|          17|          17|
    |ret_V_8_fu_1259_p2          |         -|   0|  0|  24|          17|          17|
    |ret_V_9_fu_1302_p2          |         -|   0|  0|  24|          17|          17|
    |ret_V_fu_915_p2             |         -|   0|  0|  24|          17|          17|
    |overflow_12_fu_1780_p2      |       and|   0|  0|   2|           1|           1|
    |overflow_15_fu_1970_p2      |       and|   0|  0|   2|           1|           1|
    |overflow_16_fu_2072_p2      |       and|   0|  0|   2|           1|           1|
    |overflow_18_fu_2170_p2      |       and|   0|  0|   2|           1|           1|
    |overflow_1_fu_986_p2        |       and|   0|  0|   2|           1|           1|
    |overflow_2_fu_1029_p2       |       and|   0|  0|   2|           1|           1|
    |overflow_3_fu_1072_p2       |       and|   0|  0|   2|           1|           1|
    |overflow_4_fu_1115_p2       |       and|   0|  0|   2|           1|           1|
    |overflow_5_fu_1158_p2       |       and|   0|  0|   2|           1|           1|
    |overflow_6_fu_1201_p2       |       and|   0|  0|   2|           1|           1|
    |overflow_7_fu_1244_p2       |       and|   0|  0|   2|           1|           1|
    |overflow_8_fu_1287_p2       |       and|   0|  0|   2|           1|           1|
    |overflow_9_fu_1330_p2       |       and|   0|  0|   2|           1|           1|
    |overflow_fu_943_p2          |       and|   0|  0|   2|           1|           1|
    |underflow_1_fu_1792_p2      |       and|   0|  0|   2|           1|           1|
    |underflow_2_fu_1982_p2      |       and|   0|  0|   2|           1|           1|
    |underflow_fu_2182_p2        |       and|   0|  0|   2|           1|           1|
    |icmp_ln1651_1_fu_756_p2     |      icmp|   0|  0|  13|          16|          16|
    |icmp_ln1651_2_fu_776_p2     |      icmp|   0|  0|  13|          16|          16|
    |icmp_ln1651_3_fu_796_p2     |      icmp|   0|  0|  13|          16|          16|
    |icmp_ln1651_4_fu_816_p2     |      icmp|   0|  0|  13|          16|          16|
    |icmp_ln1651_5_fu_836_p2     |      icmp|   0|  0|  13|          16|          16|
    |icmp_ln1651_6_fu_856_p2     |      icmp|   0|  0|  13|          16|          16|
    |icmp_ln1651_7_fu_872_p2     |      icmp|   0|  0|  13|          16|          16|
    |icmp_ln1651_8_fu_888_p2     |      icmp|   0|  0|  13|          16|          16|
    |icmp_ln1651_fu_736_p2       |      icmp|   0|  0|  13|          16|          16|
    |ap_block_state1             |        or|   0|  0|   2|           1|           1|
    |or_ln302_1_fu_1810_p2       |        or|   0|  0|   2|           1|           1|
    |or_ln302_2_fu_2000_p2       |        or|   0|  0|   2|           1|           1|
    |or_ln302_fu_2200_p2         |        or|   0|  0|   2|           1|           1|
    |lhs_2_fu_1686_p3            |    select|   0|  0|  18|           1|          18|
    |lhs_5_fu_1876_p3            |    select|   0|  0|  18|           1|          18|
    |lhs_6_fu_1832_p3            |    select|   0|  0|  18|           1|          18|
    |lhs_7_fu_2092_p3            |    select|   0|  0|  18|           1|          18|
    |p_Result_21_fu_1386_p3      |    select|   0|  0|  10|           1|          10|
    |p_Result_22_fu_1412_p3      |    select|   0|  0|  10|           1|          10|
    |p_Result_23_fu_1438_p3      |    select|   0|  0|  10|           1|          10|
    |p_Result_24_fu_1464_p3      |    select|   0|  0|  10|           1|          10|
    |p_Result_25_fu_1490_p3      |    select|   0|  0|  10|           1|          10|
    |p_Result_26_fu_1516_p3      |    select|   0|  0|  10|           1|          10|
    |p_Result_27_fu_1542_p3      |    select|   0|  0|  10|           1|          10|
    |p_Result_28_fu_1568_p3      |    select|   0|  0|  10|           1|          10|
    |p_Result_29_fu_1594_p3      |    select|   0|  0|  10|           1|          10|
    |p_Result_43_fu_2232_p3      |    select|   0|  0|  10|           1|          10|
    |p_Result_s_fu_1360_p3       |    select|   0|  0|  10|           1|          10|
    |rhs_2_fu_1730_p3            |    select|   0|  0|  18|           1|          18|
    |rhs_5_fu_1920_p3            |    select|   0|  0|  18|           1|          18|
    |rhs_6_fu_2022_p3            |    select|   0|  0|  18|           1|          18|
    |rhs_7_fu_2120_p3            |    select|   0|  0|  17|           1|           2|
    |select_ln302_5_fu_2006_p3   |    select|   0|  0|  18|           1|          17|
    |select_ln302_8_fu_2216_p3   |    select|   0|  0|  10|           1|           9|
    |select_ln302_fu_1816_p3     |    select|   0|  0|  18|           1|          17|
    |select_ln346_10_fu_2084_p3  |    select|   0|  0|  19|           1|          17|
    |select_ln346_11_fu_1678_p3  |    select|   0|  0|  19|           1|          17|
    |select_ln346_12_fu_1722_p3  |    select|   0|  0|  19|           1|          17|
    |select_ln346_13_fu_1868_p3  |    select|   0|  0|  19|           1|          17|
    |select_ln346_14_fu_1912_p3  |    select|   0|  0|  19|           1|          17|
    |select_ln346_1_fu_1368_p3   |    select|   0|  0|  11|           1|           9|
    |select_ln346_2_fu_1394_p3   |    select|   0|  0|  11|           1|           9|
    |select_ln346_3_fu_1420_p3   |    select|   0|  0|  11|           1|           9|
    |select_ln346_4_fu_1446_p3   |    select|   0|  0|  11|           1|           9|
    |select_ln346_5_fu_1472_p3   |    select|   0|  0|  11|           1|           9|
    |select_ln346_6_fu_1498_p3   |    select|   0|  0|  11|           1|           9|
    |select_ln346_7_fu_1524_p3   |    select|   0|  0|  11|           1|           9|
    |select_ln346_8_fu_1550_p3   |    select|   0|  0|  11|           1|           9|
    |select_ln346_9_fu_1576_p3   |    select|   0|  0|  11|           1|           9|
    |select_ln346_fu_1342_p3     |    select|   0|  0|  11|           1|           9|
    |select_ln350_1_fu_2014_p3   |    select|   0|  0|  19|           1|          19|
    |select_ln350_2_fu_2224_p3   |    select|   0|  0|  11|           1|          11|
    |select_ln350_fu_1824_p3     |    select|   0|  0|  19|           1|          19|
    |select_ln65_1_fu_768_p3     |    select|   0|  0|  16|           1|          16|
    |select_ln65_2_fu_788_p3     |    select|   0|  0|  16|           1|          16|
    |select_ln65_3_fu_808_p3     |    select|   0|  0|  16|           1|          16|
    |select_ln65_4_fu_828_p3     |    select|   0|  0|  16|           1|          16|
    |select_ln65_5_fu_848_p3     |    select|   0|  0|  16|           1|          16|
    |select_ln65_6_fu_866_p3     |    select|   0|  0|  16|           1|          16|
    |select_ln65_7_fu_882_p3     |    select|   0|  0|  16|           1|          16|
    |select_ln65_fu_748_p3       |    select|   0|  0|  16|           1|          16|
    |x_max_V_fu_900_p3           |    select|   0|  0|  16|           1|          16|
    |xor_ln1651_1_fu_762_p2      |       xor|   0|  0|   2|           1|           2|
    |xor_ln1651_2_fu_782_p2      |       xor|   0|  0|   2|           1|           2|
    |xor_ln1651_3_fu_802_p2      |       xor|   0|  0|   2|           1|           2|
    |xor_ln1651_4_fu_822_p2      |       xor|   0|  0|   2|           1|           2|
    |xor_ln1651_5_fu_842_p2      |       xor|   0|  0|   2|           1|           2|
    |xor_ln1651_6_fu_860_p2      |       xor|   0|  0|   2|           1|           2|
    |xor_ln1651_7_fu_876_p2      |       xor|   0|  0|   2|           1|           2|
    |xor_ln1651_8_fu_894_p2      |       xor|   0|  0|   2|           1|           2|
    |xor_ln1651_fu_742_p2        |       xor|   0|  0|   2|           1|           2|
    |xor_ln302_10_fu_2078_p2     |       xor|   0|  0|   2|           1|           1|
    |xor_ln302_11_fu_2188_p2     |       xor|   0|  0|   2|           1|           1|
    |xor_ln302_12_fu_2194_p2     |       xor|   0|  0|   2|           1|           2|
    |xor_ln302_13_fu_1798_p2     |       xor|   0|  0|   2|           1|           1|
    |xor_ln302_14_fu_1804_p2     |       xor|   0|  0|   2|           1|           2|
    |xor_ln302_15_fu_1988_p2     |       xor|   0|  0|   2|           1|           1|
    |xor_ln302_16_fu_1994_p2     |       xor|   0|  0|   2|           1|           2|
    |xor_ln302_1_fu_992_p2       |       xor|   0|  0|   2|           1|           1|
    |xor_ln302_2_fu_1035_p2      |       xor|   0|  0|   2|           1|           1|
    |xor_ln302_3_fu_1078_p2      |       xor|   0|  0|   2|           1|           1|
    |xor_ln302_4_fu_1121_p2      |       xor|   0|  0|   2|           1|           1|
    |xor_ln302_5_fu_1164_p2      |       xor|   0|  0|   2|           1|           1|
    |xor_ln302_6_fu_1207_p2      |       xor|   0|  0|   2|           1|           1|
    |xor_ln302_7_fu_1250_p2      |       xor|   0|  0|   2|           1|           1|
    |xor_ln302_8_fu_1293_p2      |       xor|   0|  0|   2|           1|           1|
    |xor_ln302_9_fu_1336_p2      |       xor|   0|  0|   2|           1|           1|
    |xor_ln302_fu_949_p2         |       xor|   0|  0|   2|           1|           1|
    |xor_ln895_10_fu_2066_p2     |       xor|   0|  0|   2|           1|           2|
    |xor_ln895_11_fu_2164_p2     |       xor|   0|  0|   2|           1|           2|
    |xor_ln895_12_fu_1774_p2     |       xor|   0|  0|   2|           1|           2|
    |xor_ln895_13_fu_1964_p2     |       xor|   0|  0|   2|           1|           2|
    |xor_ln895_1_fu_980_p2       |       xor|   0|  0|   2|           1|           2|
    |xor_ln895_2_fu_1023_p2      |       xor|   0|  0|   2|           1|           2|
    |xor_ln895_3_fu_1066_p2      |       xor|   0|  0|   2|           1|           2|
    |xor_ln895_4_fu_1109_p2      |       xor|   0|  0|   2|           1|           2|
    |xor_ln895_5_fu_1152_p2      |       xor|   0|  0|   2|           1|           2|
    |xor_ln895_6_fu_1195_p2      |       xor|   0|  0|   2|           1|           2|
    |xor_ln895_7_fu_1238_p2      |       xor|   0|  0|   2|           1|           2|
    |xor_ln895_8_fu_1281_p2      |       xor|   0|  0|   2|           1|           2|
    |xor_ln895_9_fu_1324_p2      |       xor|   0|  0|   2|           1|           2|
    |xor_ln895_fu_937_p2         |       xor|   0|  0|   2|           1|           2|
    |xor_ln896_1_fu_1786_p2      |       xor|   0|  0|   2|           1|           2|
    |xor_ln896_2_fu_1976_p2      |       xor|   0|  0|   2|           1|           2|
    |xor_ln896_fu_2176_p2        |       xor|   0|  0|   2|           1|           2|
    +----------------------------+----------+----+---+----+------------+------------+
    |Total                       |          |   0|  0|1535|         682|        1311|
    +----------------------------+----------+----+---+----+------------+------------+

    * Multiplexer: 
    +--------------------+----+-----------+-----+-----------+
    |        Name        | LUT| Input Size| Bits| Total Bits|
    +--------------------+----+-----------+-----+-----------+
    |ap_NS_fsm           |  49|          9|    1|          9|
    |exp_table_address0  |  14|          3|   10|         30|
    |exp_table_address1  |  14|          3|   10|         30|
    |layer23_out_blk_n   |   9|          2|    1|          2|
    |output_r_blk_n      |   9|          2|    1|          2|
    +--------------------+----+-----------+-----+-----------+
    |Total               |  95|         19|   23|         73|
    +--------------------+----+-----------+-----+-----------+

    * Register: 
    +-------------------------+----+----+-----+-----------+
    |           Name          | FF | LUT| Bits| Const Bits|
    +-------------------------+----+----+-----+-----------+
    |ap_CS_fsm                |   8|   0|    8|          0|
    |data_array_V_1_reg_2433  |  16|   0|   16|          0|
    |data_array_V_2_reg_2438  |  16|   0|   16|          0|
    |data_array_V_3_reg_2443  |  16|   0|   16|          0|
    |data_array_V_4_reg_2448  |  16|   0|   16|          0|
    |data_array_V_5_reg_2453  |  16|   0|   16|          0|
    |data_array_V_6_reg_2458  |  16|   0|   16|          0|
    |data_array_V_7_reg_2463  |  16|   0|   16|          0|
    |data_array_V_8_reg_2419  |  16|   0|   16|          0|
    |data_array_V_9_reg_2426  |  16|   0|   16|          0|
    |data_array_V_reg_2414    |  16|   0|   16|          0|
    |exp_res_V_10_reg_2576    |  17|   0|   17|          0|
    |exp_res_V_11_reg_2582    |  17|   0|   17|          0|
    |exp_res_V_12_reg_2588    |  17|   0|   17|          0|
    |exp_res_V_13_reg_2594    |  17|   0|   17|          0|
    |exp_res_V_14_reg_2600    |  17|   0|   17|          0|
    |exp_res_V_15_reg_2606    |  17|   0|   17|          0|
    |exp_res_V_16_reg_2612    |  17|   0|   17|          0|
    |exp_res_V_17_reg_2628    |  17|   0|   17|          0|
    |exp_res_V_18_reg_2633    |  17|   0|   17|          0|
    |exp_res_V_reg_2570       |  17|   0|   17|          0|
    |lhs_7_reg_2638           |  18|   0|   18|          0|
    |out_pack_data_reg_2655   |  16|   0|   16|          0|
    |p_Result_21_reg_2485     |  10|   0|   10|          0|
    |p_Result_22_reg_2490     |  10|   0|   10|          0|
    |p_Result_23_reg_2495     |  10|   0|   10|          0|
    |p_Result_24_reg_2500     |  10|   0|   10|          0|
    |p_Result_25_reg_2505     |  10|   0|   10|          0|
    |p_Result_26_reg_2510     |  10|   0|   10|          0|
    |p_Result_27_reg_2515     |  10|   0|   10|          0|
    |p_Result_28_reg_2520     |  10|   0|   10|          0|
    |p_Result_29_reg_2525     |  10|   0|   10|          0|
    |p_Result_s_reg_2480      |  10|   0|   10|          0|
    |rhs_7_reg_2644           |  17|   0|   17|          0|
    |select_ln65_2_reg_2468   |  16|   0|   16|          0|
    |select_ln65_5_reg_2474   |  16|   0|   16|          0|
    |tmp_10_reg_2670          |  16|   0|   16|          0|
    |tmp_11_reg_2675          |  16|   0|   16|          0|
    |tmp_12_reg_2680          |  16|   0|   16|          0|
    |tmp_13_reg_2685          |  16|   0|   16|          0|
    |tmp_14_reg_2690          |  16|   0|   16|          0|
    |tmp_15_reg_2695          |  16|   0|   16|          0|
    |tmp_16_reg_2700          |  16|   0|   16|          0|
    |trunc_ln1_reg_2660       |  16|   0|   16|          0|
    |trunc_ln818_1_reg_2665   |  16|   0|   16|          0|
    +-------------------------+----+----+-----+-----------+
    |Total                    | 665|   0|  665|          0|
    +-------------------------+----+----+-----+-----------+



================================================================
== Interface
================================================================
* Summary: 
+----------------------------+-----+-----+------------+------------------------------------------------------------------------+--------------+
|          RTL Ports         | Dir | Bits|  Protocol  |                              Source Object                             |    C Type    |
+----------------------------+-----+-----+------------+------------------------------------------------------------------------+--------------+
|ap_clk                      |   in|    1|  ap_ctrl_hs|  softmax_stable<array,array<ap_fixed<16,6,5,3,0>,10u>,softmax_config25>|  return value|
|ap_rst                      |   in|    1|  ap_ctrl_hs|  softmax_stable<array,array<ap_fixed<16,6,5,3,0>,10u>,softmax_config25>|  return value|
|ap_start                    |   in|    1|  ap_ctrl_hs|  softmax_stable<array,array<ap_fixed<16,6,5,3,0>,10u>,softmax_config25>|  return value|
|ap_done                     |  out|    1|  ap_ctrl_hs|  softmax_stable<array,array<ap_fixed<16,6,5,3,0>,10u>,softmax_config25>|  return value|
|ap_idle                     |  out|    1|  ap_ctrl_hs|  softmax_stable<array,array<ap_fixed<16,6,5,3,0>,10u>,softmax_config25>|  return value|
|ap_ready                    |  out|    1|  ap_ctrl_hs|  softmax_stable<array,array<ap_fixed<16,6,5,3,0>,10u>,softmax_config25>|  return value|
|layer23_out_dout            |   in|  160|     ap_fifo|                                                             layer23_out|       pointer|
|layer23_out_num_data_valid  |   in|    2|     ap_fifo|                                                             layer23_out|       pointer|
|layer23_out_fifo_cap        |   in|    2|     ap_fifo|                                                             layer23_out|       pointer|
|layer23_out_empty_n         |   in|    1|     ap_fifo|                                                             layer23_out|       pointer|
|layer23_out_read            |  out|    1|     ap_fifo|                                                             layer23_out|       pointer|
|output_r_din                |  out|  160|     ap_fifo|                                                                output_r|       pointer|
|output_r_num_data_valid     |   in|    2|     ap_fifo|                                                                output_r|       pointer|
|output_r_fifo_cap           |   in|    2|     ap_fifo|                                                                output_r|       pointer|
|output_r_full_n             |   in|    1|     ap_fifo|                                                                output_r|       pointer|
|output_r_write              |  out|    1|     ap_fifo|                                                                output_r|       pointer|
+----------------------------+-----+-----+------------+------------------------------------------------------------------------+--------------+

