Copyright 1986-2022 Xilinx, Inc. All Rights Reserved.
------------------------------------------------------------------------------------------
| Tool Version : Vivado v.2022.2 (lin64) Build 3671981 Fri Oct 14 04:59:54 MDT 2022
| Date         : Sun Jun  2 06:35:42 2024
| Host         : egl running 64-bit Ubuntu 20.04.4 LTS
| Command      : report_utilization -slr -file slr_util_placed.rpt -pb slr_util_placed.pb
| Design       : level0_wrapper
| Device       : xcu55c-fsvh2892-2L-e
| Speed File   : -2L
| Design State : Fully Placed
------------------------------------------------------------------------------------------

Utilization Design Information

Table of Contents
-----------------
1. SLR Connectivity
2. SLR Connectivity Matrix
3. SLR CLB Logic and Dedicated Block Utilization
4. SLR IO Utilization

1. SLR Connectivity
-------------------

+----------------------------------+-------+-------+-----------+-------+
|                                  |  Used | Fixed | Available | Util% |
+----------------------------------+-------+-------+-----------+-------+
| SLR2 <-> SLR1                    |  5612 |       |     23040 | 24.36 |
|   SLR1 -> SLR2                   |  2835 |       |           | 12.30 |
|     Using TX_REG only            |     0 |     0 |           |       |
|     Using RX_REG only            |     0 |     0 |           |       |
|     Using Both TX_REG and RX_REG |     0 |     0 |           |       |
|   SLR2 -> SLR1                   |  2777 |       |           | 12.05 |
|     Using TX_REG only            |     0 |     0 |           |       |
|     Using RX_REG only            |     0 |     0 |           |       |
|     Using Both TX_REG and RX_REG |     0 |     0 |           |       |
| SLR1 <-> SLR0                    |  6257 |       |     23040 | 27.16 |
|   SLR0 -> SLR1                   |  3193 |       |           | 13.86 |
|     Using TX_REG only            |     0 |     0 |           |       |
|     Using RX_REG only            |     0 |     0 |           |       |
|     Using Both TX_REG and RX_REG |     0 |     0 |           |       |
|   SLR1 -> SLR0                   |  3064 |       |           | 13.30 |
|     Using TX_REG only            |     0 |     0 |           |       |
|     Using RX_REG only            |     0 |     0 |           |       |
|     Using Both TX_REG and RX_REG |     0 |     0 |           |       |
+----------------------------------+-------+-------+-----------+-------+
| Total SLLs Used                  | 11869 |       |           |       |
+----------------------------------+-------+-------+-----------+-------+


2. SLR Connectivity Matrix
--------------------------

+-----------+------+------+------+
| FROM \ TO | SLR2 | SLR1 | SLR0 |
+-----------+------+------+------+
| SLR2      |    0 | 2579 |  198 |
| SLR1      | 2729 |    0 | 2866 |
| SLR0      |  106 | 3087 |    0 |
+-----------+------+------+------+


3. SLR CLB Logic and Dedicated Block Utilization
------------------------------------------------

+----------------------------+--------+--------+--------+--------+--------+--------+
|          Site Type         |  SLR0  |  SLR1  |  SLR2  | SLR0 % | SLR1 % | SLR2 % |
+----------------------------+--------+--------+--------+--------+--------+--------+
| CLB                        |  30303 |  45323 |  25539 |  55.14 |  83.93 |  47.29 |
|   CLBL                     |  15777 |  24471 |  13526 |  53.88 |  83.58 |  46.20 |
|   CLBM                     |  14526 |  20852 |  12013 |  56.57 |  84.35 |  48.60 |
| CLB LUTs                   | 133955 | 236947 | 114587 |  30.47 |  54.85 |  26.52 |
|   LUT as Logic             | 127351 | 229256 | 111058 |  28.96 |  53.07 |  25.71 |
|     using O5 output only   |   1748 |   1625 |    804 |   0.40 |   0.38 |   0.19 |
|     using O6 output only   |  88477 | 160454 |  76796 |  20.12 |  37.14 |  17.78 |
|     using O5 and O6        |  37126 |  67177 |  33458 |   8.44 |  15.55 |   7.74 |
|   LUT as Memory            |   6604 |   7691 |   3529 |   3.21 |   3.89 |   1.78 |
|     LUT as Distributed RAM |   3244 |   4820 |   1464 |   1.58 |   2.44 |   0.74 |
|       using O5 output only |      0 |      0 |      0 |   0.00 |   0.00 |   0.00 |
|       using O6 output only |    412 |    730 |    176 |   0.20 |   0.37 |   0.09 |
|       using O5 and O6      |   2832 |   4090 |   1288 |   1.38 |   2.07 |   0.65 |
|     LUT as Shift Register  |   3360 |   2871 |   2065 |   1.64 |   1.45 |   1.04 |
|       using O5 output only |      0 |      0 |      0 |   0.00 |   0.00 |   0.00 |
|       using O6 output only |   2511 |   2541 |   1894 |   1.22 |   1.28 |   0.96 |
|       using O5 and O6      |    849 |    330 |    171 |   0.41 |   0.17 |   0.09 |
| CLB Registers              | 129929 | 176849 |  89999 |  14.78 |  20.47 |  10.42 |
| CARRY8                     |  14703 |  29089 |  14363 |  26.75 |  53.87 |  26.60 |
| F7 Muxes                   |   1551 |   1295 |    566 |   0.71 |   0.60 |   0.26 |
| F8 Muxes                   |    197 |    260 |      0 |   0.18 |   0.24 |   0.00 |
| F9 Muxes                   |      0 |      0 |      0 |   0.00 |   0.00 |   0.00 |
| Block RAM Tile             |   83.5 |    137 |   73.5 |  12.43 |  20.39 |  10.94 |
|   RAMB36/FIFO              |     75 |    126 |     68 |  11.16 |  18.75 |  10.12 |
|   RAMB18                   |     17 |     22 |     11 |   1.26 |   1.64 |   0.82 |
| URAM                       |      0 |      0 |      0 |   0.00 |   0.00 |   0.00 |
| DSPs                       |    766 |   1532 |    770 |  26.60 |  49.87 |  25.07 |
| Unique Control Sets        |   3386 |   4330 |   1652 |   3.08 |   4.01 |   1.53 |
+----------------------------+--------+--------+--------+--------+--------+--------+
* Note: Available Control Sets based on CLB Registers / 8


4. SLR IO Utilization
---------------------

+-----------+-----------+---------+------------+----------+------------+----------+-----+
| SLR Index | Used IOBs | (%)IOBs | Used IPADs | (%)IPADs | Used OPADs | (%)OPADs | GTs |
+-----------+-----------+---------+------------+----------+------------+----------+-----+
| SLR2      |         0 |    0.00 |          0 |     0.00 |          0 |     0.00 |   0 |
| SLR1      |         0 |    0.00 |          0 |     0.00 |          0 |     0.00 |   0 |
| SLR0      |        12 |    5.77 |          0 |     0.00 |          0 |     0.00 |  16 |
+-----------+-----------+---------+------------+----------+------------+----------+-----+
| Total     |        12 |         |          0 |          |          0 |          |  16 |
+-----------+-----------+---------+------------+----------+------------+----------+-----+


