Copyright 1986-2022 Xilinx, Inc. All Rights Reserved.
------------------------------------------------------------------------------------------------------------------------------------------------------------------------------------------------------------------------------------------------------------------------------------------------------------------------------------------------------------------------------------------------------
| Tool Version : Vivado v.2022.2 (lin64) Build 3671981 Fri Oct 14 04:59:54 MDT 2022
| Date         : Wed Jun 19 19:11:01 2024
| Host         : egl running 64-bit Ubuntu 20.04.4 LTS
| Command      : report_accelerator_utilization -kernels { kernel_wrapper:level0_i/ulp/kernel_wrapper_1/inst:kernel_wrapper_1 kernel_wrapper:level0_i/ulp/kernel_wrapper_2/inst:kernel_wrapper_2 kernel_wrapper:level0_i/ulp/kernel_wrapper_3/inst:kernel_wrapper_3 kernel_wrapper:level0_i/ulp/kernel_wrapper_4/inst:kernel_wrapper_4} -file kernel_util_synthed.rpt -name kernel_util_synthed -json
| Design       : level0_wrapper
| Device       : xcu55c
| Design State : Synthesized
------------------------------------------------------------------------------------------------------------------------------------------------------------------------------------------------------------------------------------------------------------------------------------------------------------------------------------------------------------------------------------------------------

Accelerator Utilization Design Information

Table of Contents
-----------------
1. System Utilization

1. System Utilization
---------------------

+---------------------+-------------------+------------------+-------------------+----------------+---------------+----------------+
| Name                | LUT               | LUTAsMem         | REG               | BRAM           | URAM          | DSP            |
+---------------------+-------------------+------------------+-------------------+----------------+---------------+----------------+
| Platform            |  143786 [ 11.03%] |  11930 [  1.99%] |  185714 [  7.12%] |  200 [  9.92%] |   0 [  0.00%] |    4 [  0.04%] |
| User Budget         | 1159894 [100.00%] | 589030 [100.00%] | 2421646 [100.00%] | 1816 [100.00%] | 960 [100.00%] | 9020 [100.00%] |
|    Used Resources   |  182032 [ 15.69%] |   2360 [  0.40%] |   53400 [  2.21%] |  644 [ 35.46%] |   0 [  0.00%] | 4316 [ 47.85%] |
|    Unused Resources |  977862 [ 84.31%] | 586670 [ 99.60%] | 2368246 [ 97.79%] | 1172 [ 64.54%] | 960 [100.00%] | 4704 [ 52.15%] |
| kernel_wrapper      |  182032 [ 15.69%] |   2360 [  0.40%] |   53400 [  2.21%] |  644 [ 35.46%] |   0 [  0.00%] | 4316 [ 47.85%] |
|    kernel_wrapper_1 |   45508 [  3.92%] |    590 [  0.10%] |   13350 [  0.55%] |  161 [  8.87%] |   0 [  0.00%] | 1079 [ 11.96%] |
|    kernel_wrapper_2 |   45508 [  3.92%] |    590 [  0.10%] |   13350 [  0.55%] |  161 [  8.87%] |   0 [  0.00%] | 1079 [ 11.96%] |
|    kernel_wrapper_3 |   45508 [  3.92%] |    590 [  0.10%] |   13350 [  0.55%] |  161 [  8.87%] |   0 [  0.00%] | 1079 [ 11.96%] |
|    kernel_wrapper_4 |   45508 [  3.92%] |    590 [  0.10%] |   13350 [  0.55%] |  161 [  8.87%] |   0 [  0.00%] | 1079 [ 11.96%] |
+---------------------+-------------------+------------------+-------------------+----------------+---------------+----------------+


