Copyright 1986-2022 Xilinx, Inc. All Rights Reserved.
----------------------------------------------------------------------------------------------------------------------------------------------------------------------------------------------------------------------------------------------------------------------------------------------------------------------------------------------------------------------------------------------------
| Tool Version : Vivado v.2022.2 (lin64) Build 3671981 Fri Oct 14 04:59:54 MDT 2022
| Date         : Sat Jun  1 10:05:11 2024
| Host         : egl running 64-bit Ubuntu 20.04.4 LTS
| Command      : report_accelerator_utilization -kernels { kernel_wrapper:level0_i/ulp/kernel_wrapper_1/inst:kernel_wrapper_1 kernel_wrapper:level0_i/ulp/kernel_wrapper_2/inst:kernel_wrapper_2 kernel_wrapper:level0_i/ulp/kernel_wrapper_3/inst:kernel_wrapper_3 kernel_wrapper:level0_i/ulp/kernel_wrapper_4/inst:kernel_wrapper_4} -file kernel_util_routed.rpt -name kernel_util_routed -json
| Design       : level0_wrapper
| Device       : xcu55c
| Design State : Fully Placed
----------------------------------------------------------------------------------------------------------------------------------------------------------------------------------------------------------------------------------------------------------------------------------------------------------------------------------------------------------------------------------------------------

Accelerator Utilization Design Information

Table of Contents
-----------------
1. System Utilization

1. System Utilization
---------------------

+---------------------+-------------------+------------------+-------------------+----------------+---------------+----------------+
| Name                | LUT               | LUTAsMem         | REG               | BRAM           | URAM          | DSP            |
+---------------------+-------------------+------------------+-------------------+----------------+---------------+----------------+
| Platform            |  127610 [  9.79%] |  10328 [  1.72%] |  178699 [  6.85%] |  200 [  9.92%] |   0 [  0.00%] |    4 [  0.04%] |
| User Budget         | 1176070 [100.00%] | 590632 [100.00%] | 2428661 [100.00%] | 1816 [100.00%] | 960 [100.00%] | 9020 [100.00%] |
|    Used Resources   |  180003 [ 15.31%] |   1944 [  0.33%] |   97427 [  4.01%] |  700 [ 38.55%] |   0 [  0.00%] | 4316 [ 47.85%] |
|    Unused Resources |  996067 [ 84.69%] | 588688 [ 99.67%] | 2331234 [ 95.99%] | 1116 [ 61.45%] | 960 [100.00%] | 4704 [ 52.15%] |
| kernel_wrapper      |  180003 [ 15.31%] |   1944 [  0.33%] |   97427 [  4.01%] |  700 [ 38.55%] |   0 [  0.00%] | 4316 [ 47.85%] |
|    kernel_wrapper_1 |   44989 [  3.83%] |    486 [  0.08%] |   24381 [  1.00%] |  175 [  9.64%] |   0 [  0.00%] | 1079 [ 11.96%] |
|    kernel_wrapper_2 |   45133 [  3.84%] |    486 [  0.08%] |   24479 [  1.01%] |  175 [  9.64%] |   0 [  0.00%] | 1079 [ 11.96%] |
|    kernel_wrapper_3 |   45051 [  3.83%] |    486 [  0.08%] |   24338 [  1.00%] |  175 [  9.64%] |   0 [  0.00%] | 1079 [ 11.96%] |
|    kernel_wrapper_4 |   44830 [  3.81%] |    486 [  0.08%] |   24229 [  1.00%] |  175 [  9.64%] |   0 [  0.00%] | 1079 [ 11.96%] |
+---------------------+-------------------+------------------+-------------------+----------------+---------------+----------------+


