==============================================================
Vitis HLS - High-Level Synthesis from C, C++ and OpenCL v2022.2 (64-bit)
Tool Version Limit: 2019.12
Copyright 1986-2022 Xilinx, Inc. All Rights Reserved.
==============================================================
INFO: [HLS 200-1505] Using flow_target 'vitis'
INFO: [HLS 200-435] Setting 'open_solution -flow_target vitis' configuration: config_interface -m_axi_latency=64
INFO: [HLS 200-435] Setting 'open_solution -flow_target vitis' configuration: config_interface -m_axi_alignment_byte_size=64
INFO: [HLS 200-435] Setting 'open_solution -flow_target vitis' configuration: config_interface -m_axi_max_widen_bitwidth=512
INFO: [HLS 200-435] Setting 'open_solution -flow_target vitis' configuration: config_rtl -register_reset_num=3
INFO: [HLS 200-1510] Running: set_part xcu55c-fsvh2892-2L-e 
INFO: [HLS 200-1611] Setting target device to 'xcu55c-fsvh2892-2L-e'
INFO: [HLS 200-1510] Running: create_clock -period 200MHz -name default 
INFO: [SYN 201-201] Setting up clock 'default' with a period of 5ns.
INFO: [HLS 200-1510] Running: config_dataflow -strict_mode warning 
INFO: [HLS 200-1510] Running: config_export -deadlock_detection sim 
WARNING: [HLS 200-483] The 'config_export -deadlock_detection' command is deprecated and will be removed in a future release. Use 'config_rtl -deadlock_detection' as its replacement.
INFO: [HLS 200-1907] Replacing 'config_export -deadlock_detection=sim' with 'config_rtl -deadlock_detection=sim' in current solution file
INFO: [HLS 200-1510] Running: config_interface -m_axi_conservative_mode=1 
INFO: [HLS 200-1510] Running: config_interface -m_axi_addr64 
INFO: [HLS 200-1510] Running: config_interface -m_axi_auto_max_ports=0 
INFO: [HLS 200-1510] Running: config_export -format xo -ipname kernel_wrapper 
INFO: [HLS 200-1907] Replacing 'config_export -deadlock_detection=sim' with 'config_rtl -deadlock_detection=sim' in current solution file
INFO: [HLS 200-1510] Running: config_interface -m_axi_auto_max_ports=true 
INFO: [HLS 200-1510] Running: config_interface -m_axi_offset slave 
INFO: [HLS 200-1510] Running: set_clock_uncertainty 27% 
INFO: [SYN 201-201] Setting up clock 'default' with an uncertainty of 1.35ns.
INFO: [HLS 200-1510] Running: csynth_design 
INFO: [HLS 200-111] Finished File checks and directory preparation: CPU user time: 0.01 seconds. CPU system time: 0 seconds. Elapsed time: 0.01 seconds; current allocated memory: 754.199 MB.
INFO: [HLS 200-10] Analyzing design file '/home/ayvol/vitis-accel-DNN/vitis_accel_prj/firmware/myproject.cpp' ... 
WARNING: [HLS 207-5292] unused parameter 'keep' (/home/ayvol/vitis-accel-DNN/vitis_accel_prj/firmware/nnet_utils/nnet_helpers.h:285:99)
WARNING: [HLS 207-5292] unused parameter 'data' (/home/ayvol/vitis-accel-DNN/vitis_accel_prj/firmware/nnet_utils/nnet_code_gen.h:11:36)
WARNING: [HLS 207-5292] unused parameter 'buffer' (/home/ayvol/vitis-accel-DNN/vitis_accel_prj/firmware/nnet_utils/nnet_code_gen.h:12:36)
WARNING: [HLS 207-5292] unused parameter 'partition' (/home/ayvol/vitis-accel-DNN/vitis_accel_prj/firmware/nnet_utils/nnet_code_gen.h:13:44)
WARNING: [HLS 207-5292] unused parameter 'data' (/home/ayvol/vitis-accel-DNN/vitis_accel_prj/firmware/nnet_utils/nnet_code_gen.h:21:24)
WARNING: [HLS 207-5292] unused parameter 'buffer' (/home/ayvol/vitis-accel-DNN/vitis_accel_prj/firmware/nnet_utils/nnet_code_gen.h:22:24)
WARNING: [HLS 207-5292] unused parameter 'partition' (/home/ayvol/vitis-accel-DNN/vitis_accel_prj/firmware/nnet_utils/nnet_code_gen.h:23:32)
INFO: [HLS 200-10] Analyzing design file '/home/ayvol/vitis-accel-DNN/vitis_accel_prj/kernel_wrapper.cpp' ... 
INFO: [HLS 200-111] Finished Source Code Analysis and Preprocessing: CPU user time: 13.73 seconds. CPU system time: 1.75 seconds. Elapsed time: 85.2 seconds; current allocated memory: 759.594 MB.
INFO: [HLS 200-777] Using interface defaults for 'Vitis' flow target.
INFO: [HLS 214-131] Inlining function 'nnet::product::mult<ap_fixed<16, 6, (ap_q_mode)5, (ap_o_mode)3, 0>, ap_fixed<16, 6, (ap_q_mode)5, (ap_o_mode)3, 0> >::product(ap_fixed<16, 6, (ap_q_mode)5, (ap_o_mode)3, 0>, ap_fixed<16, 6, (ap_q_mode)5, (ap_o_mode)3, 0>)' into 'void nnet::dense_latency<ap_fixed<16, 6, (ap_q_mode)5, (ap_o_mode)3, 0>, ap_fixed<16, 6, (ap_q_mode)5, (ap_o_mode)3, 0>, config2>(ap_fixed<16, 6, (ap_q_mode)5, (ap_o_mode)3, 0>*, ap_fixed<16, 6, (ap_q_mode)5, (ap_o_mode)3, 0>*, config2::weight_t*, config2::bias_t*)' (/home/ayvol/vitis-accel-DNN/vitis_accel_prj/firmware/nnet_utils/nnet_dense_latency.h:42:27)
INFO: [HLS 214-131] Inlining function 'nnet::product::mult<ap_fixed<16, 6, (ap_q_mode)5, (ap_o_mode)3, 0>, ap_fixed<16, 6, (ap_q_mode)5, (ap_o_mode)3, 0> >::product(ap_fixed<16, 6, (ap_q_mode)5, (ap_o_mode)3, 0>, ap_fixed<16, 6, (ap_q_mode)5, (ap_o_mode)3, 0>)' into 'void nnet::dense_latency<ap_fixed<16, 6, (ap_q_mode)5, (ap_o_mode)3, 0>, ap_fixed<16, 6, (ap_q_mode)5, (ap_o_mode)3, 0>, config5>(ap_fixed<16, 6, (ap_q_mode)5, (ap_o_mode)3, 0>*, ap_fixed<16, 6, (ap_q_mode)5, (ap_o_mode)3, 0>*, config5::weight_t*, config5::bias_t*)' (/home/ayvol/vitis-accel-DNN/vitis_accel_prj/firmware/nnet_utils/nnet_dense_latency.h:42:27)
INFO: [HLS 214-131] Inlining function 'nnet::product::mult<ap_fixed<16, 6, (ap_q_mode)5, (ap_o_mode)3, 0>, ap_fixed<16, 6, (ap_q_mode)5, (ap_o_mode)3, 0> >::product(ap_fixed<16, 6, (ap_q_mode)5, (ap_o_mode)3, 0>, ap_fixed<16, 6, (ap_q_mode)5, (ap_o_mode)3, 0>)' into 'void nnet::dense_latency<ap_fixed<16, 6, (ap_q_mode)5, (ap_o_mode)3, 0>, ap_fixed<16, 6, (ap_q_mode)5, (ap_o_mode)3, 0>, config8>(ap_fixed<16, 6, (ap_q_mode)5, (ap_o_mode)3, 0>*, ap_fixed<16, 6, (ap_q_mode)5, (ap_o_mode)3, 0>*, config8::weight_t*, config8::bias_t*)' (/home/ayvol/vitis-accel-DNN/vitis_accel_prj/firmware/nnet_utils/nnet_dense_latency.h:42:27)
INFO: [HLS 214-131] Inlining function 'nnet::product::mult<ap_fixed<16, 6, (ap_q_mode)5, (ap_o_mode)3, 0>, ap_fixed<16, 6, (ap_q_mode)5, (ap_o_mode)3, 0> >::product(ap_fixed<16, 6, (ap_q_mode)5, (ap_o_mode)3, 0>, ap_fixed<16, 6, (ap_q_mode)5, (ap_o_mode)3, 0>)' into 'void nnet::dense_latency<ap_fixed<16, 6, (ap_q_mode)5, (ap_o_mode)3, 0>, ap_fixed<16, 6, (ap_q_mode)5, (ap_o_mode)3, 0>, config11>(ap_fixed<16, 6, (ap_q_mode)5, (ap_o_mode)3, 0>*, ap_fixed<16, 6, (ap_q_mode)5, (ap_o_mode)3, 0>*, config11::weight_t*, config11::bias_t*)' (/home/ayvol/vitis-accel-DNN/vitis_accel_prj/firmware/nnet_utils/nnet_dense_latency.h:42:27)
INFO: [HLS 214-131] Inlining function 'void nnet::dense<ap_fixed<16, 6, (ap_q_mode)5, (ap_o_mode)3, 0>, ap_fixed<16, 6, (ap_q_mode)5, (ap_o_mode)3, 0>, config2>(ap_fixed<16, 6, (ap_q_mode)5, (ap_o_mode)3, 0>*, ap_fixed<16, 6, (ap_q_mode)5, (ap_o_mode)3, 0>*, config2::weight_t*, config2::bias_t*)' into 'myproject(ap_fixed<16, 6, (ap_q_mode)5, (ap_o_mode)3, 0>*, ap_fixed<16, 6, (ap_q_mode)5, (ap_o_mode)3, 0>*)' (/home/ayvol/vitis-accel-DNN/vitis_accel_prj/firmware/myproject.cpp:41:2)
INFO: [HLS 214-131] Inlining function 'void nnet::dense<ap_fixed<16, 6, (ap_q_mode)5, (ap_o_mode)3, 0>, ap_fixed<16, 6, (ap_q_mode)5, (ap_o_mode)3, 0>, config5>(ap_fixed<16, 6, (ap_q_mode)5, (ap_o_mode)3, 0>*, ap_fixed<16, 6, (ap_q_mode)5, (ap_o_mode)3, 0>*, config5::weight_t*, config5::bias_t*)' into 'myproject(ap_fixed<16, 6, (ap_q_mode)5, (ap_o_mode)3, 0>*, ap_fixed<16, 6, (ap_q_mode)5, (ap_o_mode)3, 0>*)' (/home/ayvol/vitis-accel-DNN/vitis_accel_prj/firmware/myproject.cpp:49:2)
INFO: [HLS 214-131] Inlining function 'void nnet::dense<ap_fixed<16, 6, (ap_q_mode)5, (ap_o_mode)3, 0>, ap_fixed<16, 6, (ap_q_mode)5, (ap_o_mode)3, 0>, config8>(ap_fixed<16, 6, (ap_q_mode)5, (ap_o_mode)3, 0>*, ap_fixed<16, 6, (ap_q_mode)5, (ap_o_mode)3, 0>*, config8::weight_t*, config8::bias_t*)' into 'myproject(ap_fixed<16, 6, (ap_q_mode)5, (ap_o_mode)3, 0>*, ap_fixed<16, 6, (ap_q_mode)5, (ap_o_mode)3, 0>*)' (/home/ayvol/vitis-accel-DNN/vitis_accel_prj/firmware/myproject.cpp:57:2)
INFO: [HLS 214-131] Inlining function 'void nnet::dense<ap_fixed<16, 6, (ap_q_mode)5, (ap_o_mode)3, 0>, ap_fixed<16, 6, (ap_q_mode)5, (ap_o_mode)3, 0>, config11>(ap_fixed<16, 6, (ap_q_mode)5, (ap_o_mode)3, 0>*, ap_fixed<16, 6, (ap_q_mode)5, (ap_o_mode)3, 0>*, config11::weight_t*, config11::bias_t*)' into 'myproject(ap_fixed<16, 6, (ap_q_mode)5, (ap_o_mode)3, 0>*, ap_fixed<16, 6, (ap_q_mode)5, (ap_o_mode)3, 0>*)' (/home/ayvol/vitis-accel-DNN/vitis_accel_prj/firmware/myproject.cpp:65:2)
INFO: [HLS 214-131] Inlining function 'void nnet::softmax<ap_fixed<16, 6, (ap_q_mode)5, (ap_o_mode)3, 0>, ap_fixed<16, 6, (ap_q_mode)5, (ap_o_mode)3, 0>, softmax_config13>(ap_fixed<16, 6, (ap_q_mode)5, (ap_o_mode)3, 0>*, ap_fixed<16, 6, (ap_q_mode)5, (ap_o_mode)3, 0>*)' into 'myproject(ap_fixed<16, 6, (ap_q_mode)5, (ap_o_mode)3, 0>*, ap_fixed<16, 6, (ap_q_mode)5, (ap_o_mode)3, 0>*)' (/home/ayvol/vitis-accel-DNN/vitis_accel_prj/firmware/myproject.cpp:67:5)
INFO: [HLS 214-291] Loop 'VITIS_LOOP_23_2' is marked as complete unroll implied by the pipeline pragma (/home/ayvol/vitis-accel-DNN/vitis_accel_prj/kernel_wrapper.cpp:23:19)
INFO: [HLS 214-291] Loop 'anonymous' is marked as complete unroll implied by the pipeline pragma (/home/ayvol/vitis-accel-DNN/vitis_accel_prj/firmware/myproject.cpp:63:15)
INFO: [HLS 214-291] Loop 'anonymous' is marked as complete unroll implied by the pipeline pragma (/home/ayvol/vitis-accel-DNN/vitis_accel_prj/firmware/myproject.cpp:59:15)
INFO: [HLS 214-291] Loop 'anonymous' is marked as complete unroll implied by the pipeline pragma (/home/ayvol/vitis-accel-DNN/vitis_accel_prj/firmware/myproject.cpp:55:14)
INFO: [HLS 214-291] Loop 'anonymous' is marked as complete unroll implied by the pipeline pragma (/home/ayvol/vitis-accel-DNN/vitis_accel_prj/firmware/myproject.cpp:51:14)
INFO: [HLS 214-291] Loop 'anonymous' is marked as complete unroll implied by the pipeline pragma (/home/ayvol/vitis-accel-DNN/vitis_accel_prj/firmware/myproject.cpp:47:14)
INFO: [HLS 214-291] Loop 'anonymous' is marked as complete unroll implied by the pipeline pragma (/home/ayvol/vitis-accel-DNN/vitis_accel_prj/firmware/myproject.cpp:43:14)
INFO: [HLS 214-291] Loop 'anonymous' is marked as complete unroll implied by the pipeline pragma (/home/ayvol/vitis-accel-DNN/vitis_accel_prj/firmware/myproject.cpp:39:11)
INFO: [HLS 214-291] Loop 'VITIS_LOOP_266_3' is marked as complete unroll implied by the pipeline pragma (/home/ayvol/vitis-accel-DNN/vitis_accel_prj/firmware/nnet_utils/nnet_activation.h:266:23)
INFO: [HLS 214-291] Loop 'VITIS_LOOP_252_2' is marked as complete unroll implied by the pipeline pragma (/home/ayvol/vitis-accel-DNN/vitis_accel_prj/firmware/nnet_utils/nnet_activation.h:252:23)
INFO: [HLS 214-291] Loop 'anonymous' is marked as complete unroll implied by the pipeline pragma (/home/ayvol/vitis-accel-DNN/vitis_accel_prj/firmware/nnet_utils/nnet_activation.h:249:36)
INFO: [HLS 214-291] Loop 'VITIS_LOOP_243_1' is marked as complete unroll implied by the pipeline pragma (/home/ayvol/vitis-accel-DNN/vitis_accel_prj/firmware/nnet_utils/nnet_activation.h:243:23)
INFO: [HLS 214-291] Loop 'anonymous' is marked as complete unroll implied by the pipeline pragma (/home/ayvol/vitis-accel-DNN/vitis_accel_prj/firmware/nnet_utils/nnet_activation.h:242:61)
INFO: [HLS 214-291] Loop 'anonymous' is marked as complete unroll implied by the pipeline pragma (/home/ayvol/vitis-accel-DNN/vitis_accel_prj/firmware/nnet_utils/nnet_activation.h:222:36)
INFO: [HLS 214-291] Loop 'anonymous' is marked as complete unroll implied by the pipeline pragma (/home/ayvol/vitis-accel-DNN/vitis_accel_prj/firmware/nnet_utils/nnet_activation.h:221:36)
INFO: [HLS 214-291] Loop 'Result' is marked as complete unroll implied by the pipeline pragma (/home/ayvol/vitis-accel-DNN/vitis_accel_prj/firmware/nnet_utils/nnet_dense_latency.h:64:5)
INFO: [HLS 214-291] Loop 'Accum1' is marked as complete unroll implied by the pipeline pragma (/home/ayvol/vitis-accel-DNN/vitis_accel_prj/firmware/nnet_utils/nnet_dense_latency.h:54:5)
INFO: [HLS 214-291] Loop 'Accum2' is marked as complete unroll implied by the pipeline pragma (/home/ayvol/vitis-accel-DNN/vitis_accel_prj/firmware/nnet_utils/nnet_dense_latency.h:56:9)
INFO: [HLS 214-291] Loop 'ResetAccum' is marked as complete unroll implied by the pipeline pragma (/home/ayvol/vitis-accel-DNN/vitis_accel_prj/firmware/nnet_utils/nnet_dense_latency.h:48:5)
INFO: [HLS 214-291] Loop 'Product1' is marked as complete unroll implied by the pipeline pragma (/home/ayvol/vitis-accel-DNN/vitis_accel_prj/firmware/nnet_utils/nnet_dense_latency.h:37:5)
INFO: [HLS 214-291] Loop 'Product2' is marked as complete unroll implied by the pipeline pragma (/home/ayvol/vitis-accel-DNN/vitis_accel_prj/firmware/nnet_utils/nnet_dense_latency.h:40:9)
INFO: [HLS 214-291] Loop 'anonymous' is marked as complete unroll implied by the pipeline pragma (/home/ayvol/vitis-accel-DNN/vitis_accel_prj/firmware/nnet_utils/nnet_dense_latency.h:18:32)
INFO: [HLS 214-291] Loop 'anonymous' is marked as complete unroll implied by the pipeline pragma (/home/ayvol/vitis-accel-DNN/vitis_accel_prj/firmware/nnet_utils/nnet_dense_latency.h:17:32)
INFO: [HLS 214-291] Loop 'VITIS_LOOP_43_1' is marked as complete unroll implied by the pipeline pragma (/home/ayvol/vitis-accel-DNN/vitis_accel_prj/firmware/nnet_utils/nnet_activation.h:43:22)
INFO: [HLS 214-291] Loop 'VITIS_LOOP_7_2' is marked as complete unroll implied by the pipeline pragma (/home/ayvol/vitis-accel-DNN/vitis_accel_prj/kernel_wrapper.cpp:7:18)
INFO: [HLS 214-186] Unrolling loop 'VITIS_LOOP_23_2' (/home/ayvol/vitis-accel-DNN/vitis_accel_prj/kernel_wrapper.cpp:23:19) in function 'write_result' completely with a factor of 5 (/home/ayvol/vitis-accel-DNN/vitis_accel_prj/kernel_wrapper.cpp:20:0)
INFO: [HLS 214-186] Unrolling loop 'anonymous' (/home/ayvol/vitis-accel-DNN/vitis_accel_prj/firmware/myproject.cpp:63:15) in function 'myproject' completely with a factor of 5 (/home/ayvol/vitis-accel-DNN/vitis_accel_prj/firmware/myproject.cpp:9:0)
INFO: [HLS 214-186] Unrolling loop 'anonymous' (/home/ayvol/vitis-accel-DNN/vitis_accel_prj/firmware/myproject.cpp:59:15) in function 'myproject' completely with a factor of 32 (/home/ayvol/vitis-accel-DNN/vitis_accel_prj/firmware/myproject.cpp:9:0)
INFO: [HLS 214-186] Unrolling loop 'anonymous' (/home/ayvol/vitis-accel-DNN/vitis_accel_prj/firmware/myproject.cpp:55:14) in function 'myproject' completely with a factor of 32 (/home/ayvol/vitis-accel-DNN/vitis_accel_prj/firmware/myproject.cpp:9:0)
INFO: [HLS 214-186] Unrolling loop 'anonymous' (/home/ayvol/vitis-accel-DNN/vitis_accel_prj/firmware/myproject.cpp:51:14) in function 'myproject' completely with a factor of 32 (/home/ayvol/vitis-accel-DNN/vitis_accel_prj/firmware/myproject.cpp:9:0)
INFO: [HLS 214-186] Unrolling loop 'anonymous' (/home/ayvol/vitis-accel-DNN/vitis_accel_prj/firmware/myproject.cpp:47:14) in function 'myproject' completely with a factor of 32 (/home/ayvol/vitis-accel-DNN/vitis_accel_prj/firmware/myproject.cpp:9:0)
INFO: [HLS 214-186] Unrolling loop 'anonymous' (/home/ayvol/vitis-accel-DNN/vitis_accel_prj/firmware/myproject.cpp:43:14) in function 'myproject' completely with a factor of 64 (/home/ayvol/vitis-accel-DNN/vitis_accel_prj/firmware/myproject.cpp:9:0)
INFO: [HLS 214-186] Unrolling loop 'anonymous' (/home/ayvol/vitis-accel-DNN/vitis_accel_prj/firmware/myproject.cpp:39:11) in function 'myproject' completely with a factor of 64 (/home/ayvol/vitis-accel-DNN/vitis_accel_prj/firmware/myproject.cpp:9:0)
INFO: [HLS 214-186] Unrolling loop 'VITIS_LOOP_266_3' (/home/ayvol/vitis-accel-DNN/vitis_accel_prj/firmware/nnet_utils/nnet_activation.h:266:23) in function 'nnet::softmax_stable<ap_fixed<16, 6, (ap_q_mode)5, (ap_o_mode)3, 0>, ap_fixed<16, 6, (ap_q_mode)5, (ap_o_mode)3, 0>, softmax_config13>' completely with a factor of 5 (/home/ayvol/vitis-accel-DNN/vitis_accel_prj/firmware/nnet_utils/nnet_activation.h:216:0)
INFO: [HLS 214-186] Unrolling loop 'VITIS_LOOP_252_2' (/home/ayvol/vitis-accel-DNN/vitis_accel_prj/firmware/nnet_utils/nnet_activation.h:252:23) in function 'nnet::softmax_stable<ap_fixed<16, 6, (ap_q_mode)5, (ap_o_mode)3, 0>, ap_fixed<16, 6, (ap_q_mode)5, (ap_o_mode)3, 0>, softmax_config13>' completely with a factor of 5 (/home/ayvol/vitis-accel-DNN/vitis_accel_prj/firmware/nnet_utils/nnet_activation.h:216:0)
INFO: [HLS 214-186] Unrolling loop 'anonymous' (/home/ayvol/vitis-accel-DNN/vitis_accel_prj/firmware/nnet_utils/nnet_activation.h:249:36) in function 'nnet::softmax_stable<ap_fixed<16, 6, (ap_q_mode)5, (ap_o_mode)3, 0>, ap_fixed<16, 6, (ap_q_mode)5, (ap_o_mode)3, 0>, softmax_config13>' completely with a factor of 5 (/home/ayvol/vitis-accel-DNN/vitis_accel_prj/firmware/nnet_utils/nnet_activation.h:216:0)
INFO: [HLS 214-186] Unrolling loop 'VITIS_LOOP_243_1' (/home/ayvol/vitis-accel-DNN/vitis_accel_prj/firmware/nnet_utils/nnet_activation.h:243:23) in function 'nnet::softmax_stable<ap_fixed<16, 6, (ap_q_mode)5, (ap_o_mode)3, 0>, ap_fixed<16, 6, (ap_q_mode)5, (ap_o_mode)3, 0>, softmax_config13>' completely with a factor of 5 (/home/ayvol/vitis-accel-DNN/vitis_accel_prj/firmware/nnet_utils/nnet_activation.h:216:0)
INFO: [HLS 214-186] Unrolling loop 'anonymous' (/home/ayvol/vitis-accel-DNN/vitis_accel_prj/firmware/nnet_utils/nnet_activation.h:242:61) in function 'nnet::softmax_stable<ap_fixed<16, 6, (ap_q_mode)5, (ap_o_mode)3, 0>, ap_fixed<16, 6, (ap_q_mode)5, (ap_o_mode)3, 0>, softmax_config13>' completely with a factor of 5 (/home/ayvol/vitis-accel-DNN/vitis_accel_prj/firmware/nnet_utils/nnet_activation.h:216:0)
INFO: [HLS 214-186] Unrolling loop 'anonymous' (/home/ayvol/vitis-accel-DNN/vitis_accel_prj/firmware/nnet_utils/nnet_activation.h:222:36) in function 'nnet::softmax_stable<ap_fixed<16, 6, (ap_q_mode)5, (ap_o_mode)3, 0>, ap_fixed<16, 6, (ap_q_mode)5, (ap_o_mode)3, 0>, softmax_config13>' completely with a factor of 1024 (/home/ayvol/vitis-accel-DNN/vitis_accel_prj/firmware/nnet_utils/nnet_activation.h:216:0)
INFO: [HLS 214-186] Unrolling loop 'anonymous' (/home/ayvol/vitis-accel-DNN/vitis_accel_prj/firmware/nnet_utils/nnet_activation.h:221:36) in function 'nnet::softmax_stable<ap_fixed<16, 6, (ap_q_mode)5, (ap_o_mode)3, 0>, ap_fixed<16, 6, (ap_q_mode)5, (ap_o_mode)3, 0>, softmax_config13>' completely with a factor of 1024 (/home/ayvol/vitis-accel-DNN/vitis_accel_prj/firmware/nnet_utils/nnet_activation.h:216:0)
INFO: [HLS 214-186] Unrolling loop 'Result' (/home/ayvol/vitis-accel-DNN/vitis_accel_prj/firmware/nnet_utils/nnet_dense_latency.h:64:5) in function 'nnet::dense_latency<ap_fixed<16, 6, (ap_q_mode)5, (ap_o_mode)3, 0>, ap_fixed<16, 6, (ap_q_mode)5, (ap_o_mode)3, 0>, config11>' completely with a factor of 5 (/home/ayvol/vitis-accel-DNN/vitis_accel_prj/firmware/nnet_utils/nnet_dense_latency.h:15:0)
INFO: [HLS 214-186] Unrolling loop 'Accum1' (/home/ayvol/vitis-accel-DNN/vitis_accel_prj/firmware/nnet_utils/nnet_dense_latency.h:54:5) in function 'nnet::dense_latency<ap_fixed<16, 6, (ap_q_mode)5, (ap_o_mode)3, 0>, ap_fixed<16, 6, (ap_q_mode)5, (ap_o_mode)3, 0>, config11>' completely with a factor of 32 (/home/ayvol/vitis-accel-DNN/vitis_accel_prj/firmware/nnet_utils/nnet_dense_latency.h:15:0)
INFO: [HLS 214-186] Unrolling loop 'Accum2' (/home/ayvol/vitis-accel-DNN/vitis_accel_prj/firmware/nnet_utils/nnet_dense_latency.h:56:9) in function 'nnet::dense_latency<ap_fixed<16, 6, (ap_q_mode)5, (ap_o_mode)3, 0>, ap_fixed<16, 6, (ap_q_mode)5, (ap_o_mode)3, 0>, config11>' completely with a factor of 5 (/home/ayvol/vitis-accel-DNN/vitis_accel_prj/firmware/nnet_utils/nnet_dense_latency.h:15:0)
INFO: [HLS 214-186] Unrolling loop 'ResetAccum' (/home/ayvol/vitis-accel-DNN/vitis_accel_prj/firmware/nnet_utils/nnet_dense_latency.h:48:5) in function 'nnet::dense_latency<ap_fixed<16, 6, (ap_q_mode)5, (ap_o_mode)3, 0>, ap_fixed<16, 6, (ap_q_mode)5, (ap_o_mode)3, 0>, config11>' completely with a factor of 5 (/home/ayvol/vitis-accel-DNN/vitis_accel_prj/firmware/nnet_utils/nnet_dense_latency.h:15:0)
INFO: [HLS 214-186] Unrolling loop 'Product1' (/home/ayvol/vitis-accel-DNN/vitis_accel_prj/firmware/nnet_utils/nnet_dense_latency.h:37:5) in function 'nnet::dense_latency<ap_fixed<16, 6, (ap_q_mode)5, (ap_o_mode)3, 0>, ap_fixed<16, 6, (ap_q_mode)5, (ap_o_mode)3, 0>, config11>' completely with a factor of 32 (/home/ayvol/vitis-accel-DNN/vitis_accel_prj/firmware/nnet_utils/nnet_dense_latency.h:15:0)
INFO: [HLS 214-186] Unrolling loop 'Product2' (/home/ayvol/vitis-accel-DNN/vitis_accel_prj/firmware/nnet_utils/nnet_dense_latency.h:40:9) in function 'nnet::dense_latency<ap_fixed<16, 6, (ap_q_mode)5, (ap_o_mode)3, 0>, ap_fixed<16, 6, (ap_q_mode)5, (ap_o_mode)3, 0>, config11>' completely with a factor of 5 (/home/ayvol/vitis-accel-DNN/vitis_accel_prj/firmware/nnet_utils/nnet_dense_latency.h:15:0)
INFO: [HLS 214-186] Unrolling loop 'anonymous' (/home/ayvol/vitis-accel-DNN/vitis_accel_prj/firmware/nnet_utils/nnet_dense_latency.h:18:32) in function 'nnet::dense_latency<ap_fixed<16, 6, (ap_q_mode)5, (ap_o_mode)3, 0>, ap_fixed<16, 6, (ap_q_mode)5, (ap_o_mode)3, 0>, config11>' completely with a factor of 5 (/home/ayvol/vitis-accel-DNN/vitis_accel_prj/firmware/nnet_utils/nnet_dense_latency.h:15:0)
INFO: [HLS 214-186] Unrolling loop 'anonymous' (/home/ayvol/vitis-accel-DNN/vitis_accel_prj/firmware/nnet_utils/nnet_dense_latency.h:17:32) in function 'nnet::dense_latency<ap_fixed<16, 6, (ap_q_mode)5, (ap_o_mode)3, 0>, ap_fixed<16, 6, (ap_q_mode)5, (ap_o_mode)3, 0>, config11>' completely with a factor of 160 (/home/ayvol/vitis-accel-DNN/vitis_accel_prj/firmware/nnet_utils/nnet_dense_latency.h:15:0)
INFO: [HLS 214-186] Unrolling loop 'VITIS_LOOP_43_1' (/home/ayvol/vitis-accel-DNN/vitis_accel_prj/firmware/nnet_utils/nnet_activation.h:43:22) in function 'nnet::relu<ap_fixed<16, 6, (ap_q_mode)5, (ap_o_mode)3, 0>, ap_fixed<16, 6, (ap_q_mode)5, (ap_o_mode)3, 0>, relu_config10>' completely with a factor of 32 (/home/ayvol/vitis-accel-DNN/vitis_accel_prj/firmware/nnet_utils/nnet_activation.h:39:0)
INFO: [HLS 214-186] Unrolling loop 'Result' (/home/ayvol/vitis-accel-DNN/vitis_accel_prj/firmware/nnet_utils/nnet_dense_latency.h:64:5) in function 'nnet::dense_latency<ap_fixed<16, 6, (ap_q_mode)5, (ap_o_mode)3, 0>, ap_fixed<16, 6, (ap_q_mode)5, (ap_o_mode)3, 0>, config8>' completely with a factor of 32 (/home/ayvol/vitis-accel-DNN/vitis_accel_prj/firmware/nnet_utils/nnet_dense_latency.h:15:0)
INFO: [HLS 214-186] Unrolling loop 'Accum1' (/home/ayvol/vitis-accel-DNN/vitis_accel_prj/firmware/nnet_utils/nnet_dense_latency.h:54:5) in function 'nnet::dense_latency<ap_fixed<16, 6, (ap_q_mode)5, (ap_o_mode)3, 0>, ap_fixed<16, 6, (ap_q_mode)5, (ap_o_mode)3, 0>, config8>' completely with a factor of 32 (/home/ayvol/vitis-accel-DNN/vitis_accel_prj/firmware/nnet_utils/nnet_dense_latency.h:15:0)
INFO: [HLS 214-186] Unrolling loop 'Accum2' (/home/ayvol/vitis-accel-DNN/vitis_accel_prj/firmware/nnet_utils/nnet_dense_latency.h:56:9) in function 'nnet::dense_latency<ap_fixed<16, 6, (ap_q_mode)5, (ap_o_mode)3, 0>, ap_fixed<16, 6, (ap_q_mode)5, (ap_o_mode)3, 0>, config8>' completely with a factor of 32 (/home/ayvol/vitis-accel-DNN/vitis_accel_prj/firmware/nnet_utils/nnet_dense_latency.h:15:0)
INFO: [HLS 214-186] Unrolling loop 'ResetAccum' (/home/ayvol/vitis-accel-DNN/vitis_accel_prj/firmware/nnet_utils/nnet_dense_latency.h:48:5) in function 'nnet::dense_latency<ap_fixed<16, 6, (ap_q_mode)5, (ap_o_mode)3, 0>, ap_fixed<16, 6, (ap_q_mode)5, (ap_o_mode)3, 0>, config8>' completely with a factor of 32 (/home/ayvol/vitis-accel-DNN/vitis_accel_prj/firmware/nnet_utils/nnet_dense_latency.h:15:0)
INFO: [HLS 214-186] Unrolling loop 'Product1' (/home/ayvol/vitis-accel-DNN/vitis_accel_prj/firmware/nnet_utils/nnet_dense_latency.h:37:5) in function 'nnet::dense_latency<ap_fixed<16, 6, (ap_q_mode)5, (ap_o_mode)3, 0>, ap_fixed<16, 6, (ap_q_mode)5, (ap_o_mode)3, 0>, config8>' completely with a factor of 32 (/home/ayvol/vitis-accel-DNN/vitis_accel_prj/firmware/nnet_utils/nnet_dense_latency.h:15:0)
INFO: [HLS 214-186] Unrolling loop 'Product2' (/home/ayvol/vitis-accel-DNN/vitis_accel_prj/firmware/nnet_utils/nnet_dense_latency.h:40:9) in function 'nnet::dense_latency<ap_fixed<16, 6, (ap_q_mode)5, (ap_o_mode)3, 0>, ap_fixed<16, 6, (ap_q_mode)5, (ap_o_mode)3, 0>, config8>' completely with a factor of 32 (/home/ayvol/vitis-accel-DNN/vitis_accel_prj/firmware/nnet_utils/nnet_dense_latency.h:15:0)
INFO: [HLS 214-186] Unrolling loop 'anonymous' (/home/ayvol/vitis-accel-DNN/vitis_accel_prj/firmware/nnet_utils/nnet_dense_latency.h:18:32) in function 'nnet::dense_latency<ap_fixed<16, 6, (ap_q_mode)5, (ap_o_mode)3, 0>, ap_fixed<16, 6, (ap_q_mode)5, (ap_o_mode)3, 0>, config8>' completely with a factor of 32 (/home/ayvol/vitis-accel-DNN/vitis_accel_prj/firmware/nnet_utils/nnet_dense_latency.h:15:0)
INFO: [HLS 214-186] Unrolling loop 'anonymous' (/home/ayvol/vitis-accel-DNN/vitis_accel_prj/firmware/nnet_utils/nnet_dense_latency.h:17:32) in function 'nnet::dense_latency<ap_fixed<16, 6, (ap_q_mode)5, (ap_o_mode)3, 0>, ap_fixed<16, 6, (ap_q_mode)5, (ap_o_mode)3, 0>, config8>' completely with a factor of 1024 (/home/ayvol/vitis-accel-DNN/vitis_accel_prj/firmware/nnet_utils/nnet_dense_latency.h:15:0)
INFO: [HLS 214-186] Unrolling loop 'VITIS_LOOP_43_1' (/home/ayvol/vitis-accel-DNN/vitis_accel_prj/firmware/nnet_utils/nnet_activation.h:43:22) in function 'nnet::relu<ap_fixed<16, 6, (ap_q_mode)5, (ap_o_mode)3, 0>, ap_fixed<16, 6, (ap_q_mode)5, (ap_o_mode)3, 0>, relu_config7>' completely with a factor of 32 (/home/ayvol/vitis-accel-DNN/vitis_accel_prj/firmware/nnet_utils/nnet_activation.h:39:0)
INFO: [HLS 214-186] Unrolling loop 'Result' (/home/ayvol/vitis-accel-DNN/vitis_accel_prj/firmware/nnet_utils/nnet_dense_latency.h:64:5) in function 'nnet::dense_latency<ap_fixed<16, 6, (ap_q_mode)5, (ap_o_mode)3, 0>, ap_fixed<16, 6, (ap_q_mode)5, (ap_o_mode)3, 0>, config5>' completely with a factor of 32 (/home/ayvol/vitis-accel-DNN/vitis_accel_prj/firmware/nnet_utils/nnet_dense_latency.h:15:0)
INFO: [HLS 214-186] Unrolling loop 'Accum1' (/home/ayvol/vitis-accel-DNN/vitis_accel_prj/firmware/nnet_utils/nnet_dense_latency.h:54:5) in function 'nnet::dense_latency<ap_fixed<16, 6, (ap_q_mode)5, (ap_o_mode)3, 0>, ap_fixed<16, 6, (ap_q_mode)5, (ap_o_mode)3, 0>, config5>' completely with a factor of 64 (/home/ayvol/vitis-accel-DNN/vitis_accel_prj/firmware/nnet_utils/nnet_dense_latency.h:15:0)
INFO: [HLS 214-186] Unrolling loop 'Accum2' (/home/ayvol/vitis-accel-DNN/vitis_accel_prj/firmware/nnet_utils/nnet_dense_latency.h:56:9) in function 'nnet::dense_latency<ap_fixed<16, 6, (ap_q_mode)5, (ap_o_mode)3, 0>, ap_fixed<16, 6, (ap_q_mode)5, (ap_o_mode)3, 0>, config5>' completely with a factor of 32 (/home/ayvol/vitis-accel-DNN/vitis_accel_prj/firmware/nnet_utils/nnet_dense_latency.h:15:0)
INFO: [HLS 214-186] Unrolling loop 'ResetAccum' (/home/ayvol/vitis-accel-DNN/vitis_accel_prj/firmware/nnet_utils/nnet_dense_latency.h:48:5) in function 'nnet::dense_latency<ap_fixed<16, 6, (ap_q_mode)5, (ap_o_mode)3, 0>, ap_fixed<16, 6, (ap_q_mode)5, (ap_o_mode)3, 0>, config5>' completely with a factor of 32 (/home/ayvol/vitis-accel-DNN/vitis_accel_prj/firmware/nnet_utils/nnet_dense_latency.h:15:0)
INFO: [HLS 214-186] Unrolling loop 'Product1' (/home/ayvol/vitis-accel-DNN/vitis_accel_prj/firmware/nnet_utils/nnet_dense_latency.h:37:5) in function 'nnet::dense_latency<ap_fixed<16, 6, (ap_q_mode)5, (ap_o_mode)3, 0>, ap_fixed<16, 6, (ap_q_mode)5, (ap_o_mode)3, 0>, config5>' completely with a factor of 64 (/home/ayvol/vitis-accel-DNN/vitis_accel_prj/firmware/nnet_utils/nnet_dense_latency.h:15:0)
INFO: [HLS 214-186] Unrolling loop 'Product2' (/home/ayvol/vitis-accel-DNN/vitis_accel_prj/firmware/nnet_utils/nnet_dense_latency.h:40:9) in function 'nnet::dense_latency<ap_fixed<16, 6, (ap_q_mode)5, (ap_o_mode)3, 0>, ap_fixed<16, 6, (ap_q_mode)5, (ap_o_mode)3, 0>, config5>' completely with a factor of 32 (/home/ayvol/vitis-accel-DNN/vitis_accel_prj/firmware/nnet_utils/nnet_dense_latency.h:15:0)
INFO: [HLS 214-186] Unrolling loop 'anonymous' (/home/ayvol/vitis-accel-DNN/vitis_accel_prj/firmware/nnet_utils/nnet_dense_latency.h:18:32) in function 'nnet::dense_latency<ap_fixed<16, 6, (ap_q_mode)5, (ap_o_mode)3, 0>, ap_fixed<16, 6, (ap_q_mode)5, (ap_o_mode)3, 0>, config5>' completely with a factor of 32 (/home/ayvol/vitis-accel-DNN/vitis_accel_prj/firmware/nnet_utils/nnet_dense_latency.h:15:0)
INFO: [HLS 214-186] Unrolling loop 'anonymous' (/home/ayvol/vitis-accel-DNN/vitis_accel_prj/firmware/nnet_utils/nnet_dense_latency.h:17:32) in function 'nnet::dense_latency<ap_fixed<16, 6, (ap_q_mode)5, (ap_o_mode)3, 0>, ap_fixed<16, 6, (ap_q_mode)5, (ap_o_mode)3, 0>, config5>' completely with a factor of 2048 (/home/ayvol/vitis-accel-DNN/vitis_accel_prj/firmware/nnet_utils/nnet_dense_latency.h:15:0)
INFO: [HLS 214-186] Unrolling loop 'VITIS_LOOP_43_1' (/home/ayvol/vitis-accel-DNN/vitis_accel_prj/firmware/nnet_utils/nnet_activation.h:43:22) in function 'nnet::relu<ap_fixed<16, 6, (ap_q_mode)5, (ap_o_mode)3, 0>, ap_fixed<16, 6, (ap_q_mode)5, (ap_o_mode)3, 0>, relu_config4>' completely with a factor of 64 (/home/ayvol/vitis-accel-DNN/vitis_accel_prj/firmware/nnet_utils/nnet_activation.h:39:0)
INFO: [HLS 214-186] Unrolling loop 'Result' (/home/ayvol/vitis-accel-DNN/vitis_accel_prj/firmware/nnet_utils/nnet_dense_latency.h:64:5) in function 'nnet::dense_latency<ap_fixed<16, 6, (ap_q_mode)5, (ap_o_mode)3, 0>, ap_fixed<16, 6, (ap_q_mode)5, (ap_o_mode)3, 0>, config2>' completely with a factor of 64 (/home/ayvol/vitis-accel-DNN/vitis_accel_prj/firmware/nnet_utils/nnet_dense_latency.h:15:0)
INFO: [HLS 214-186] Unrolling loop 'Accum1' (/home/ayvol/vitis-accel-DNN/vitis_accel_prj/firmware/nnet_utils/nnet_dense_latency.h:54:5) in function 'nnet::dense_latency<ap_fixed<16, 6, (ap_q_mode)5, (ap_o_mode)3, 0>, ap_fixed<16, 6, (ap_q_mode)5, (ap_o_mode)3, 0>, config2>' completely with a factor of 16 (/home/ayvol/vitis-accel-DNN/vitis_accel_prj/firmware/nnet_utils/nnet_dense_latency.h:15:0)
INFO: [HLS 214-186] Unrolling loop 'Accum2' (/home/ayvol/vitis-accel-DNN/vitis_accel_prj/firmware/nnet_utils/nnet_dense_latency.h:56:9) in function 'nnet::dense_latency<ap_fixed<16, 6, (ap_q_mode)5, (ap_o_mode)3, 0>, ap_fixed<16, 6, (ap_q_mode)5, (ap_o_mode)3, 0>, config2>' completely with a factor of 64 (/home/ayvol/vitis-accel-DNN/vitis_accel_prj/firmware/nnet_utils/nnet_dense_latency.h:15:0)
INFO: [HLS 214-186] Unrolling loop 'ResetAccum' (/home/ayvol/vitis-accel-DNN/vitis_accel_prj/firmware/nnet_utils/nnet_dense_latency.h:48:5) in function 'nnet::dense_latency<ap_fixed<16, 6, (ap_q_mode)5, (ap_o_mode)3, 0>, ap_fixed<16, 6, (ap_q_mode)5, (ap_o_mode)3, 0>, config2>' completely with a factor of 64 (/home/ayvol/vitis-accel-DNN/vitis_accel_prj/firmware/nnet_utils/nnet_dense_latency.h:15:0)
INFO: [HLS 214-186] Unrolling loop 'Product1' (/home/ayvol/vitis-accel-DNN/vitis_accel_prj/firmware/nnet_utils/nnet_dense_latency.h:37:5) in function 'nnet::dense_latency<ap_fixed<16, 6, (ap_q_mode)5, (ap_o_mode)3, 0>, ap_fixed<16, 6, (ap_q_mode)5, (ap_o_mode)3, 0>, config2>' completely with a factor of 16 (/home/ayvol/vitis-accel-DNN/vitis_accel_prj/firmware/nnet_utils/nnet_dense_latency.h:15:0)
INFO: [HLS 214-186] Unrolling loop 'Product2' (/home/ayvol/vitis-accel-DNN/vitis_accel_prj/firmware/nnet_utils/nnet_dense_latency.h:40:9) in function 'nnet::dense_latency<ap_fixed<16, 6, (ap_q_mode)5, (ap_o_mode)3, 0>, ap_fixed<16, 6, (ap_q_mode)5, (ap_o_mode)3, 0>, config2>' completely with a factor of 64 (/home/ayvol/vitis-accel-DNN/vitis_accel_prj/firmware/nnet_utils/nnet_dense_latency.h:15:0)
INFO: [HLS 214-186] Unrolling loop 'anonymous' (/home/ayvol/vitis-accel-DNN/vitis_accel_prj/firmware/nnet_utils/nnet_dense_latency.h:18:32) in function 'nnet::dense_latency<ap_fixed<16, 6, (ap_q_mode)5, (ap_o_mode)3, 0>, ap_fixed<16, 6, (ap_q_mode)5, (ap_o_mode)3, 0>, config2>' completely with a factor of 64 (/home/ayvol/vitis-accel-DNN/vitis_accel_prj/firmware/nnet_utils/nnet_dense_latency.h:15:0)
INFO: [HLS 214-186] Unrolling loop 'anonymous' (/home/ayvol/vitis-accel-DNN/vitis_accel_prj/firmware/nnet_utils/nnet_dense_latency.h:17:32) in function 'nnet::dense_latency<ap_fixed<16, 6, (ap_q_mode)5, (ap_o_mode)3, 0>, ap_fixed<16, 6, (ap_q_mode)5, (ap_o_mode)3, 0>, config2>' completely with a factor of 1024 (/home/ayvol/vitis-accel-DNN/vitis_accel_prj/firmware/nnet_utils/nnet_dense_latency.h:15:0)
INFO: [HLS 214-186] Unrolling loop 'VITIS_LOOP_7_2' (/home/ayvol/vitis-accel-DNN/vitis_accel_prj/kernel_wrapper.cpp:7:18) in function 'read_input' completely with a factor of 16 (/home/ayvol/vitis-accel-DNN/vitis_accel_prj/kernel_wrapper.cpp:4:0)
INFO: [HLS 214-178] Inlining function 'std::enable_if<!(std::is_same<ap_fixed<16, 6, (ap_q_mode)5, (ap_o_mode)3, 0>, ap_uint<1> >::value), ap_fixed<16, 6, (ap_q_mode)5, (ap_o_mode)3, 0> >::type nnet::cast<ap_fixed<16, 6, (ap_q_mode)5, (ap_o_mode)3, 0>, ap_fixed<16, 6, (ap_q_mode)5, (ap_o_mode)3, 0>, config5>(config5::accum_t)' into 'void nnet::dense_latency<ap_fixed<16, 6, (ap_q_mode)5, (ap_o_mode)3, 0>, ap_fixed<16, 6, (ap_q_mode)5, (ap_o_mode)3, 0>, config5>(ap_fixed<16, 6, (ap_q_mode)5, (ap_o_mode)3, 0>*, ap_fixed<16, 6, (ap_q_mode)5, (ap_o_mode)3, 0>*, config5::weight_t*, config5::bias_t*)' (/home/ayvol/vitis-accel-DNN/vitis_accel_prj/firmware/nnet_utils/nnet_dense_latency.h:15:0)
INFO: [HLS 214-178] Inlining function 'std::enable_if<!(std::is_same<ap_fixed<16, 6, (ap_q_mode)5, (ap_o_mode)3, 0>, ap_uint<1> >::value), ap_fixed<16, 6, (ap_q_mode)5, (ap_o_mode)3, 0> >::type nnet::cast<ap_fixed<16, 6, (ap_q_mode)5, (ap_o_mode)3, 0>, ap_fixed<16, 6, (ap_q_mode)5, (ap_o_mode)3, 0>, config8>(config8::accum_t)' into 'void nnet::dense_latency<ap_fixed<16, 6, (ap_q_mode)5, (ap_o_mode)3, 0>, ap_fixed<16, 6, (ap_q_mode)5, (ap_o_mode)3, 0>, config8>(ap_fixed<16, 6, (ap_q_mode)5, (ap_o_mode)3, 0>*, ap_fixed<16, 6, (ap_q_mode)5, (ap_o_mode)3, 0>*, config8::weight_t*, config8::bias_t*)' (/home/ayvol/vitis-accel-DNN/vitis_accel_prj/firmware/nnet_utils/nnet_dense_latency.h:15:0)
INFO: [HLS 214-178] Inlining function 'std::enable_if<!(std::is_same<ap_fixed<16, 6, (ap_q_mode)5, (ap_o_mode)3, 0>, ap_uint<1> >::value), ap_fixed<16, 6, (ap_q_mode)5, (ap_o_mode)3, 0> >::type nnet::cast<ap_fixed<16, 6, (ap_q_mode)5, (ap_o_mode)3, 0>, ap_fixed<16, 6, (ap_q_mode)5, (ap_o_mode)3, 0>, config11>(config11::accum_t)' into 'void nnet::dense_latency<ap_fixed<16, 6, (ap_q_mode)5, (ap_o_mode)3, 0>, ap_fixed<16, 6, (ap_q_mode)5, (ap_o_mode)3, 0>, config11>(ap_fixed<16, 6, (ap_q_mode)5, (ap_o_mode)3, 0>*, ap_fixed<16, 6, (ap_q_mode)5, (ap_o_mode)3, 0>*, config11::weight_t*, config11::bias_t*)' (/home/ayvol/vitis-accel-DNN/vitis_accel_prj/firmware/nnet_utils/nnet_dense_latency.h:15:0)
INFO: [HLS 214-178] Inlining function 'nnet::Op_max<ap_fixed<16, 6, (ap_q_mode)5, (ap_o_mode)3, 0> >::operator()(ap_fixed<16, 6, (ap_q_mode)5, (ap_o_mode)3, 0>, ap_fixed<16, 6, (ap_q_mode)5, (ap_o_mode)3, 0>)' into 'ap_fixed<16, 6, (ap_q_mode)5, (ap_o_mode)3, 0> nnet::reduce<ap_fixed<16, 6, (ap_q_mode)5, (ap_o_mode)3, 0>, 2, nnet::Op_max<ap_fixed<16, 6, (ap_q_mode)5, (ap_o_mode)3, 0> > >(ap_fixed<16, 6, (ap_q_mode)5, (ap_o_mode)3, 0> const*, nnet::Op_max<ap_fixed<16, 6, (ap_q_mode)5, (ap_o_mode)3, 0> >)' (/home/ayvol/vitis-accel-DNN/vitis_accel_prj/firmware/nnet_utils/nnet_common.h:36:0)
INFO: [HLS 214-178] Inlining function 'ap_fixed<16, 6, (ap_q_mode)5, (ap_o_mode)3, 0> nnet::reduce<ap_fixed<16, 6, (ap_q_mode)5, (ap_o_mode)3, 0>, 2, nnet::Op_max<ap_fixed<16, 6, (ap_q_mode)5, (ap_o_mode)3, 0> > >(ap_fixed<16, 6, (ap_q_mode)5, (ap_o_mode)3, 0> const*, nnet::Op_max<ap_fixed<16, 6, (ap_q_mode)5, (ap_o_mode)3, 0> >)' into 'ap_fixed<16, 6, (ap_q_mode)5, (ap_o_mode)3, 0> nnet::reduce<ap_fixed<16, 6, (ap_q_mode)5, (ap_o_mode)3, 0>, 4, nnet::Op_max<ap_fixed<16, 6, (ap_q_mode)5, (ap_o_mode)3, 0> > >(ap_fixed<16, 6, (ap_q_mode)5, (ap_o_mode)3, 0> const*, nnet::Op_max<ap_fixed<16, 6, (ap_q_mode)5, (ap_o_mode)3, 0> >)' (/home/ayvol/vitis-accel-DNN/vitis_accel_prj/firmware/nnet_utils/nnet_common.h:36:0)
INFO: [HLS 214-178] Inlining function 'nnet::Op_max<ap_fixed<16, 6, (ap_q_mode)5, (ap_o_mode)3, 0> >::operator()(ap_fixed<16, 6, (ap_q_mode)5, (ap_o_mode)3, 0>, ap_fixed<16, 6, (ap_q_mode)5, (ap_o_mode)3, 0>)' into 'ap_fixed<16, 6, (ap_q_mode)5, (ap_o_mode)3, 0> nnet::reduce<ap_fixed<16, 6, (ap_q_mode)5, (ap_o_mode)3, 0>, 4, nnet::Op_max<ap_fixed<16, 6, (ap_q_mode)5, (ap_o_mode)3, 0> > >(ap_fixed<16, 6, (ap_q_mode)5, (ap_o_mode)3, 0> const*, nnet::Op_max<ap_fixed<16, 6, (ap_q_mode)5, (ap_o_mode)3, 0> >)' (/home/ayvol/vitis-accel-DNN/vitis_accel_prj/firmware/nnet_utils/nnet_common.h:36:0)
INFO: [HLS 214-178] Inlining function 'ap_fixed<16, 6, (ap_q_mode)5, (ap_o_mode)3, 0> nnet::reduce<ap_fixed<16, 6, (ap_q_mode)5, (ap_o_mode)3, 0>, 4, nnet::Op_max<ap_fixed<16, 6, (ap_q_mode)5, (ap_o_mode)3, 0> > >(ap_fixed<16, 6, (ap_q_mode)5, (ap_o_mode)3, 0> const*, nnet::Op_max<ap_fixed<16, 6, (ap_q_mode)5, (ap_o_mode)3, 0> >)' into 'ap_fixed<16, 6, (ap_q_mode)5, (ap_o_mode)3, 0> nnet::reduce<ap_fixed<16, 6, (ap_q_mode)5, (ap_o_mode)3, 0>, 5, nnet::Op_max<ap_fixed<16, 6, (ap_q_mode)5, (ap_o_mode)3, 0> > >(ap_fixed<16, 6, (ap_q_mode)5, (ap_o_mode)3, 0> const*, nnet::Op_max<ap_fixed<16, 6, (ap_q_mode)5, (ap_o_mode)3, 0> >)' (/home/ayvol/vitis-accel-DNN/vitis_accel_prj/firmware/nnet_utils/nnet_common.h:36:0)
INFO: [HLS 214-178] Inlining function 'ap_fixed<16, 6, (ap_q_mode)5, (ap_o_mode)3, 0> nnet::reduce<ap_fixed<16, 6, (ap_q_mode)5, (ap_o_mode)3, 0>, 1, nnet::Op_max<ap_fixed<16, 6, (ap_q_mode)5, (ap_o_mode)3, 0> > >(ap_fixed<16, 6, (ap_q_mode)5, (ap_o_mode)3, 0> const*, nnet::Op_max<ap_fixed<16, 6, (ap_q_mode)5, (ap_o_mode)3, 0> >)' into 'ap_fixed<16, 6, (ap_q_mode)5, (ap_o_mode)3, 0> nnet::reduce<ap_fixed<16, 6, (ap_q_mode)5, (ap_o_mode)3, 0>, 5, nnet::Op_max<ap_fixed<16, 6, (ap_q_mode)5, (ap_o_mode)3, 0> > >(ap_fixed<16, 6, (ap_q_mode)5, (ap_o_mode)3, 0> const*, nnet::Op_max<ap_fixed<16, 6, (ap_q_mode)5, (ap_o_mode)3, 0> >)' (/home/ayvol/vitis-accel-DNN/vitis_accel_prj/firmware/nnet_utils/nnet_common.h:36:0)
INFO: [HLS 214-178] Inlining function 'nnet::Op_max<ap_fixed<16, 6, (ap_q_mode)5, (ap_o_mode)3, 0> >::operator()(ap_fixed<16, 6, (ap_q_mode)5, (ap_o_mode)3, 0>, ap_fixed<16, 6, (ap_q_mode)5, (ap_o_mode)3, 0>) (.114)' into 'ap_fixed<16, 6, (ap_q_mode)5, (ap_o_mode)3, 0> nnet::reduce<ap_fixed<16, 6, (ap_q_mode)5, (ap_o_mode)3, 0>, 5, nnet::Op_max<ap_fixed<16, 6, (ap_q_mode)5, (ap_o_mode)3, 0> > >(ap_fixed<16, 6, (ap_q_mode)5, (ap_o_mode)3, 0> const*, nnet::Op_max<ap_fixed<16, 6, (ap_q_mode)5, (ap_o_mode)3, 0> >)' (/home/ayvol/vitis-accel-DNN/vitis_accel_prj/firmware/nnet_utils/nnet_common.h:36:0)
INFO: [HLS 214-178] Inlining function 'nnet::Op_add<ap_fixed<18, 8, (ap_q_mode)5, (ap_o_mode)3, 0> >::operator()(ap_fixed<18, 8, (ap_q_mode)5, (ap_o_mode)3, 0>, ap_fixed<18, 8, (ap_q_mode)5, (ap_o_mode)3, 0>) (.27.48.55.61)' into 'ap_fixed<18, 8, (ap_q_mode)5, (ap_o_mode)3, 0> nnet::reduce<ap_fixed<18, 8, (ap_q_mode)5, (ap_o_mode)3, 0>, 2, nnet::Op_add<ap_fixed<18, 8, (ap_q_mode)5, (ap_o_mode)3, 0> > >(ap_fixed<18, 8, (ap_q_mode)5, (ap_o_mode)3, 0> const*, nnet::Op_add<ap_fixed<18, 8, (ap_q_mode)5, (ap_o_mode)3, 0> >)' (/home/ayvol/vitis-accel-DNN/vitis_accel_prj/firmware/nnet_utils/nnet_common.h:36:0)
INFO: [HLS 214-178] Inlining function 'ap_fixed<18, 8, (ap_q_mode)5, (ap_o_mode)3, 0> nnet::reduce<ap_fixed<18, 8, (ap_q_mode)5, (ap_o_mode)3, 0>, 2, nnet::Op_add<ap_fixed<18, 8, (ap_q_mode)5, (ap_o_mode)3, 0> > >(ap_fixed<18, 8, (ap_q_mode)5, (ap_o_mode)3, 0> const*, nnet::Op_add<ap_fixed<18, 8, (ap_q_mode)5, (ap_o_mode)3, 0> >)' into 'ap_fixed<18, 8, (ap_q_mode)5, (ap_o_mode)3, 0> nnet::reduce<ap_fixed<18, 8, (ap_q_mode)5, (ap_o_mode)3, 0>, 4, nnet::Op_add<ap_fixed<18, 8, (ap_q_mode)5, (ap_o_mode)3, 0> > >(ap_fixed<18, 8, (ap_q_mode)5, (ap_o_mode)3, 0> const*, nnet::Op_add<ap_fixed<18, 8, (ap_q_mode)5, (ap_o_mode)3, 0> >)' (/home/ayvol/vitis-accel-DNN/vitis_accel_prj/firmware/nnet_utils/nnet_common.h:36:0)
INFO: [HLS 214-178] Inlining function 'nnet::Op_add<ap_fixed<18, 8, (ap_q_mode)5, (ap_o_mode)3, 0> >::operator()(ap_fixed<18, 8, (ap_q_mode)5, (ap_o_mode)3, 0>, ap_fixed<18, 8, (ap_q_mode)5, (ap_o_mode)3, 0>) (.27.48.55.61)' into 'ap_fixed<18, 8, (ap_q_mode)5, (ap_o_mode)3, 0> nnet::reduce<ap_fixed<18, 8, (ap_q_mode)5, (ap_o_mode)3, 0>, 4, nnet::Op_add<ap_fixed<18, 8, (ap_q_mode)5, (ap_o_mode)3, 0> > >(ap_fixed<18, 8, (ap_q_mode)5, (ap_o_mode)3, 0> const*, nnet::Op_add<ap_fixed<18, 8, (ap_q_mode)5, (ap_o_mode)3, 0> >)' (/home/ayvol/vitis-accel-DNN/vitis_accel_prj/firmware/nnet_utils/nnet_common.h:36:0)
INFO: [HLS 214-178] Inlining function 'ap_fixed<18, 8, (ap_q_mode)5, (ap_o_mode)3, 0> nnet::reduce<ap_fixed<18, 8, (ap_q_mode)5, (ap_o_mode)3, 0>, 4, nnet::Op_add<ap_fixed<18, 8, (ap_q_mode)5, (ap_o_mode)3, 0> > >(ap_fixed<18, 8, (ap_q_mode)5, (ap_o_mode)3, 0> const*, nnet::Op_add<ap_fixed<18, 8, (ap_q_mode)5, (ap_o_mode)3, 0> >)' into 'ap_fixed<18, 8, (ap_q_mode)5, (ap_o_mode)3, 0> nnet::reduce<ap_fixed<18, 8, (ap_q_mode)5, (ap_o_mode)3, 0>, 5, nnet::Op_add<ap_fixed<18, 8, (ap_q_mode)5, (ap_o_mode)3, 0> > >(ap_fixed<18, 8, (ap_q_mode)5, (ap_o_mode)3, 0> const*, nnet::Op_add<ap_fixed<18, 8, (ap_q_mode)5, (ap_o_mode)3, 0> >)' (/home/ayvol/vitis-accel-DNN/vitis_accel_prj/firmware/nnet_utils/nnet_common.h:36:0)
INFO: [HLS 214-178] Inlining function 'ap_fixed<18, 8, (ap_q_mode)5, (ap_o_mode)3, 0> nnet::reduce<ap_fixed<18, 8, (ap_q_mode)5, (ap_o_mode)3, 0>, 1, nnet::Op_add<ap_fixed<18, 8, (ap_q_mode)5, (ap_o_mode)3, 0> > >(ap_fixed<18, 8, (ap_q_mode)5, (ap_o_mode)3, 0> const*, nnet::Op_add<ap_fixed<18, 8, (ap_q_mode)5, (ap_o_mode)3, 0> >)' into 'ap_fixed<18, 8, (ap_q_mode)5, (ap_o_mode)3, 0> nnet::reduce<ap_fixed<18, 8, (ap_q_mode)5, (ap_o_mode)3, 0>, 5, nnet::Op_add<ap_fixed<18, 8, (ap_q_mode)5, (ap_o_mode)3, 0> > >(ap_fixed<18, 8, (ap_q_mode)5, (ap_o_mode)3, 0> const*, nnet::Op_add<ap_fixed<18, 8, (ap_q_mode)5, (ap_o_mode)3, 0> >)' (/home/ayvol/vitis-accel-DNN/vitis_accel_prj/firmware/nnet_utils/nnet_common.h:36:0)
INFO: [HLS 214-178] Inlining function 'nnet::Op_add<ap_fixed<18, 8, (ap_q_mode)5, (ap_o_mode)3, 0> >::operator()(ap_fixed<18, 8, (ap_q_mode)5, (ap_o_mode)3, 0>, ap_fixed<18, 8, (ap_q_mode)5, (ap_o_mode)3, 0>) (.27.48.55.61)' into 'ap_fixed<18, 8, (ap_q_mode)5, (ap_o_mode)3, 0> nnet::reduce<ap_fixed<18, 8, (ap_q_mode)5, (ap_o_mode)3, 0>, 5, nnet::Op_add<ap_fixed<18, 8, (ap_q_mode)5, (ap_o_mode)3, 0> > >(ap_fixed<18, 8, (ap_q_mode)5, (ap_o_mode)3, 0> const*, nnet::Op_add<ap_fixed<18, 8, (ap_q_mode)5, (ap_o_mode)3, 0> >)' (/home/ayvol/vitis-accel-DNN/vitis_accel_prj/firmware/nnet_utils/nnet_common.h:36:0)
INFO: [HLS 214-178] Inlining function 'ap_fixed<16, 6, (ap_q_mode)5, (ap_o_mode)3, 0> nnet::reduce<ap_fixed<16, 6, (ap_q_mode)5, (ap_o_mode)3, 0>, 5, nnet::Op_max<ap_fixed<16, 6, (ap_q_mode)5, (ap_o_mode)3, 0> > >(ap_fixed<16, 6, (ap_q_mode)5, (ap_o_mode)3, 0> const*, nnet::Op_max<ap_fixed<16, 6, (ap_q_mode)5, (ap_o_mode)3, 0> >)' into 'void nnet::softmax_stable<ap_fixed<16, 6, (ap_q_mode)5, (ap_o_mode)3, 0>, ap_fixed<16, 6, (ap_q_mode)5, (ap_o_mode)3, 0>, softmax_config13>(ap_fixed<16, 6, (ap_q_mode)5, (ap_o_mode)3, 0>*, ap_fixed<16, 6, (ap_q_mode)5, (ap_o_mode)3, 0>*)' (/home/ayvol/vitis-accel-DNN/vitis_accel_prj/firmware/nnet_utils/nnet_activation.h:216:0)
INFO: [HLS 214-178] Inlining function 'unsigned int nnet::softmax_idx_from_real_val<ap_fixed<16, 6, (ap_q_mode)5, (ap_o_mode)3, 0>, softmax_config13>(ap_fixed<16, 6, (ap_q_mode)5, (ap_o_mode)3, 0>)' into 'void nnet::softmax_stable<ap_fixed<16, 6, (ap_q_mode)5, (ap_o_mode)3, 0>, ap_fixed<16, 6, (ap_q_mode)5, (ap_o_mode)3, 0>, softmax_config13>(ap_fixed<16, 6, (ap_q_mode)5, (ap_o_mode)3, 0>*, ap_fixed<16, 6, (ap_q_mode)5, (ap_o_mode)3, 0>*)' (/home/ayvol/vitis-accel-DNN/vitis_accel_prj/firmware/nnet_utils/nnet_activation.h:216:0)
INFO: [HLS 214-178] Inlining function 'ap_fixed<18, 8, (ap_q_mode)5, (ap_o_mode)3, 0> nnet::reduce<ap_fixed<18, 8, (ap_q_mode)5, (ap_o_mode)3, 0>, 5, nnet::Op_add<ap_fixed<18, 8, (ap_q_mode)5, (ap_o_mode)3, 0> > >(ap_fixed<18, 8, (ap_q_mode)5, (ap_o_mode)3, 0> const*, nnet::Op_add<ap_fixed<18, 8, (ap_q_mode)5, (ap_o_mode)3, 0> >)' into 'void nnet::softmax_stable<ap_fixed<16, 6, (ap_q_mode)5, (ap_o_mode)3, 0>, ap_fixed<16, 6, (ap_q_mode)5, (ap_o_mode)3, 0>, softmax_config13>(ap_fixed<16, 6, (ap_q_mode)5, (ap_o_mode)3, 0>*, ap_fixed<16, 6, (ap_q_mode)5, (ap_o_mode)3, 0>*)' (/home/ayvol/vitis-accel-DNN/vitis_accel_prj/firmware/nnet_utils/nnet_activation.h:216:0)
INFO: [HLS 214-178] Inlining function 'unsigned int nnet::softmax_idx_from_real_val<ap_fixed<18, 8, (ap_q_mode)5, (ap_o_mode)3, 0>, softmax_config13>(ap_fixed<18, 8, (ap_q_mode)5, (ap_o_mode)3, 0>)' into 'void nnet::softmax_stable<ap_fixed<16, 6, (ap_q_mode)5, (ap_o_mode)3, 0>, ap_fixed<16, 6, (ap_q_mode)5, (ap_o_mode)3, 0>, softmax_config13>(ap_fixed<16, 6, (ap_q_mode)5, (ap_o_mode)3, 0>*, ap_fixed<16, 6, (ap_q_mode)5, (ap_o_mode)3, 0>*)' (/home/ayvol/vitis-accel-DNN/vitis_accel_prj/firmware/nnet_utils/nnet_activation.h:216:0)
WARNING: [HLS 214-267] Partition and reshape on the same dimension of 'out_buf' may not commute. Partition is applied first. (/home/ayvol/vitis-accel-DNN/vitis_accel_prj/kernel_wrapper.cpp:38:18)
INFO: [HLS 214-248] Applying array_partition to 'b11': Complete partitioning on dimension 1. (/home/ayvol/vitis-accel-DNN/vitis_accel_prj/firmware/weights/b11.h:12:0)
INFO: [HLS 214-248] Applying array_partition to 'b8': Complete partitioning on dimension 1. (/home/ayvol/vitis-accel-DNN/vitis_accel_prj/firmware/weights/b8.h:12:0)
INFO: [HLS 214-248] Applying array_partition to 'b5': Complete partitioning on dimension 1. (/home/ayvol/vitis-accel-DNN/vitis_accel_prj/firmware/weights/b5.h:12:0)
INFO: [HLS 214-248] Applying array_partition to 'b2': Complete partitioning on dimension 1. (/home/ayvol/vitis-accel-DNN/vitis_accel_prj/firmware/weights/b2.h:12:0)
INFO: [HLS 214-248] Applying array_partition to 'mult': Complete partitioning on dimension 1. (/home/ayvol/vitis-accel-DNN/vitis_accel_prj/firmware/nnet_utils/nnet_dense_latency.h:17:32)
INFO: [HLS 214-248] Applying array_partition to 'layer2_out': Complete partitioning on dimension 1. (/home/ayvol/vitis-accel-DNN/vitis_accel_prj/firmware/myproject.cpp:39:11)
INFO: [HLS 214-248] Applying array_partition to 'layer4_out': Complete partitioning on dimension 1. (/home/ayvol/vitis-accel-DNN/vitis_accel_prj/firmware/myproject.cpp:43:14)
INFO: [HLS 214-248] Applying array_partition to 'layer5_out': Complete partitioning on dimension 1. (/home/ayvol/vitis-accel-DNN/vitis_accel_prj/firmware/myproject.cpp:47:14)
INFO: [HLS 214-248] Applying array_partition to 'layer7_out': Complete partitioning on dimension 1. (/home/ayvol/vitis-accel-DNN/vitis_accel_prj/firmware/myproject.cpp:51:14)
INFO: [HLS 214-248] Applying array_partition to 'layer8_out': Complete partitioning on dimension 1. (/home/ayvol/vitis-accel-DNN/vitis_accel_prj/firmware/myproject.cpp:55:14)
INFO: [HLS 214-248] Applying array_partition to 'layer10_out': Complete partitioning on dimension 1. (/home/ayvol/vitis-accel-DNN/vitis_accel_prj/firmware/myproject.cpp:59:15)
INFO: [HLS 214-248] Applying array_partition to 'layer11_out': Complete partitioning on dimension 1. (/home/ayvol/vitis-accel-DNN/vitis_accel_prj/firmware/myproject.cpp:63:15)
INFO: [HLS 214-248] Applying array_partition to 'out_buf': Complete partitioning on dimension 2. (/home/ayvol/vitis-accel-DNN/vitis_accel_prj/kernel_wrapper.cpp:38:18)
INFO: [HLS 214-248] Applying array_reshape to 'in_buf': Complete reshaping on dimension 2. (/home/ayvol/vitis-accel-DNN/vitis_accel_prj/kernel_wrapper.cpp:37:17)
INFO: [HLS 214-364] Automatically inlining function 'std::enable_if<!(std::is_same<ap_fixed<16, 6, (ap_q_mode)5, (ap_o_mode)3, 0>, ap_uint<1> >::value), ap_fixed<16, 6, (ap_q_mode)5, (ap_o_mode)3, 0> >::type nnet::cast<ap_fixed<16, 6, (ap_q_mode)5, (ap_o_mode)3, 0>, ap_fixed<16, 6, (ap_q_mode)5, (ap_o_mode)3, 0>, config2>(config2::accum_t)' to improve effectiveness of pipeline pragma in function 'void nnet::dense_latency<ap_fixed<16, 6, (ap_q_mode)5, (ap_o_mode)3, 0>, ap_fixed<16, 6, (ap_q_mode)5, (ap_o_mode)3, 0>, config2>(ap_fixed<16, 6, (ap_q_mode)5, (ap_o_mode)3, 0>*, ap_fixed<16, 6, (ap_q_mode)5, (ap_o_mode)3, 0>*, config2::weight_t*, config2::bias_t*)' (/home/ayvol/vitis-accel-DNN/vitis_accel_prj/firmware/nnet_utils/nnet_dense_latency.h:66:21)
WARNING: [HLS 214-253] Ignored unsupported array_partition pragma on variable 'out_buf_4'. This can happen when applying a pragma on a function argument with mismatched array size w.r.t. its call site, or when providing a dim too deep on an array of insufficient dimension. (/home/ayvol/vitis-accel-DNN/vitis_accel_prj/kernel_wrapper.cpp:44:5)
WARNING: [HLS 214-253] Ignored unsupported array_partition pragma on variable 'out_buf_3'. This can happen when applying a pragma on a function argument with mismatched array size w.r.t. its call site, or when providing a dim too deep on an array of insufficient dimension. (/home/ayvol/vitis-accel-DNN/vitis_accel_prj/kernel_wrapper.cpp:44:5)
WARNING: [HLS 214-253] Ignored unsupported array_partition pragma on variable 'out_buf_2'. This can happen when applying a pragma on a function argument with mismatched array size w.r.t. its call site, or when providing a dim too deep on an array of insufficient dimension. (/home/ayvol/vitis-accel-DNN/vitis_accel_prj/kernel_wrapper.cpp:44:5)
WARNING: [HLS 214-253] Ignored unsupported array_partition pragma on variable 'out_buf_1'. This can happen when applying a pragma on a function argument with mismatched array size w.r.t. its call site, or when providing a dim too deep on an array of insufficient dimension. (/home/ayvol/vitis-accel-DNN/vitis_accel_prj/kernel_wrapper.cpp:44:5)
WARNING: [HLS 214-253] Ignored unsupported array_partition pragma on variable 'out_buf_0'. This can happen when applying a pragma on a function argument with mismatched array size w.r.t. its call site, or when providing a dim too deep on an array of insufficient dimension. (/home/ayvol/vitis-accel-DNN/vitis_accel_prj/kernel_wrapper.cpp:44:5)
INFO: [HLS 214-115] Multiple burst reads of length 4096 and bit width 512 has been inferred on bundle 'gmem0'. These burst requests might be further partitioned into multiple requests during RTL generation, based on max_read_burst_length or max_write_burst_length settings. (/home/ayvol/vitis-accel-DNN/vitis_accel_prj/kernel_wrapper.cpp:5:21)
INFO: [HLS 214-115] Multiple burst writes of length 40960 and bit width 16 in loop 'VITIS_LOOP_21_1'(/home/ayvol/vitis-accel-DNN/vitis_accel_prj/kernel_wrapper.cpp:21:22) has been inferred on bundle 'gmem1'. These burst requests might be further partitioned into multiple requests during RTL generation, based on max_read_burst_length or max_write_burst_length settings. (/home/ayvol/vitis-accel-DNN/vitis_accel_prj/kernel_wrapper.cpp:21:22)
INFO: [HLS 200-111] Finished Compiling Optimization and Transform: CPU user time: 136.02 seconds. CPU system time: 1.98 seconds. Elapsed time: 150.66 seconds; current allocated memory: 765.703 MB.
INFO: [HLS 200-111] Finished Checking Pragmas: CPU user time: 0 seconds. CPU system time: 0 seconds. Elapsed time: 0 seconds; current allocated memory: 765.703 MB.
INFO: [HLS 200-10] Starting code transformations ...
INFO: [HLS 200-111] Finished Standard Transforms: CPU user time: 1.34 seconds. CPU system time: 0.1 seconds. Elapsed time: 1.46 seconds; current allocated memory: 892.352 MB.
INFO: [HLS 200-10] Checking synthesizability ...
INFO: [HLS 200-111] Finished Checking Synthesizability: CPU user time: 1.38 seconds. CPU system time: 0.05 seconds. Elapsed time: 1.47 seconds; current allocated memory: 969.609 MB.
INFO: [XFORM 203-721] Extract dataflow region from loop VITIS_LOOP_15_1 (/home/ayvol/vitis-accel-DNN/vitis_accel_prj/kernel_wrapper.cpp:17)  of function 'run_inference'.
INFO: [XFORM 203-712] Applying dataflow to function 'dataflow_in_loop_VITIS_LOOP_15_1' (/home/ayvol/vitis-accel-DNN/vitis_accel_prj/kernel_wrapper.cpp:16:2), detected/extracted 1 process function(s): 
	 'myproject'.
INFO: [XFORM 203-712] Applying dataflow to function 'kernel_wrapper' (/home/ayvol/vitis-accel-DNN/vitis_accel_prj/kernel_wrapper.cpp:36:1), detected/extracted 4 process function(s): 
	 'entry_proc'
	 'read_input'
	 'run_inference'
	 'write_result'.
INFO: [XFORM 203-11] Balancing expressions in function 'nnet::softmax_stable<ap_fixed<16, 6, (ap_q_mode)5, (ap_o_mode)3, 0>, ap_fixed<16, 6, (ap_q_mode)5, (ap_o_mode)3, 0>, softmax_config13>' (/home/ayvol/vitis-accel-DNN/vitis_accel_prj/firmware/nnet_utils/nnet_activation.h:65:1)...4 expression(s) balanced.
INFO: [XFORM 203-11] Balancing expressions in function 'nnet::dense_latency<ap_fixed<16, 6, (ap_q_mode)5, (ap_o_mode)3, 0>, ap_fixed<16, 6, (ap_q_mode)5, (ap_o_mode)3, 0>, config8>' (/home/ayvol/vitis-accel-DNN/vitis_accel_prj/firmware/nnet_utils/nnet_dense_latency.h:17:1)...728 expression(s) balanced.
INFO: [XFORM 203-11] Balancing expressions in function 'nnet::dense_latency<ap_fixed<16, 6, (ap_q_mode)5, (ap_o_mode)3, 0>, ap_fixed<16, 6, (ap_q_mode)5, (ap_o_mode)3, 0>, config5>' (/home/ayvol/vitis-accel-DNN/vitis_accel_prj/firmware/nnet_utils/nnet_dense_latency.h:17:1)...1513 expression(s) balanced.
INFO: [XFORM 203-11] Balancing expressions in function 'nnet::dense_latency<ap_fixed<16, 6, (ap_q_mode)5, (ap_o_mode)3, 0>, ap_fixed<16, 6, (ap_q_mode)5, (ap_o_mode)3, 0>, config2>' (/home/ayvol/vitis-accel-DNN/vitis_accel_prj/firmware/nnet_utils/nnet_dense_latency.h:17:1)...881 expression(s) balanced.
INFO: [XFORM 203-11] Balancing expressions in function 'nnet::dense_latency<ap_fixed<16, 6, (ap_q_mode)5, (ap_o_mode)3, 0>, ap_fixed<16, 6, (ap_q_mode)5, (ap_o_mode)3, 0>, config11>' (/home/ayvol/vitis-accel-DNN/vitis_accel_prj/firmware/nnet_utils/nnet_dense_latency.h:33:1)...132 expression(s) balanced.
INFO: [HLS 200-111] Finished Loop, function and other optimizations: CPU user time: 2.78 seconds. CPU system time: 0.15 seconds. Elapsed time: 3.22 seconds; current allocated memory: 1.105 GB.
INFO: [HLS 200-472] Inferring partial write operation for 'in_buf' (/home/ayvol/vitis-accel-DNN/vitis_accel_prj/kernel_wrapper.cpp:9:15)
INFO: [HLS 200-472] Inferring partial write operation for 'out_buf_0' (/home/ayvol/vitis-accel-DNN/vitis_accel_prj/firmware/nnet_utils/nnet_activation.h:386:9)
WARNING: [HLS 200-1449] Process dataflow_in_loop_VITIS_LOOP_15_1 has both a predecessor and reads an input from its caller (see the GUI dataflow viewer). This may lead to lower throughput. Consider copying this input via a predecessor process.
INFO: [HLS 200-111] Finished Architecture Synthesis: CPU user time: 2.46 seconds. CPU system time: 0.13 seconds. Elapsed time: 2.64 seconds; current allocated memory: 1.340 GB.
INFO: [HLS 200-10] Starting hardware synthesis ...
INFO: [HLS 200-10] Synthesizing 'kernel_wrapper' ...
WARNING: [SYN 201-103] Legalizing function name 'dense_latency<ap_fixed<16, 6, 5, 3, 0>, ap_fixed<16, 6, 5, 3, 0>, config2>' to 'dense_latency_ap_fixed_16_6_5_3_0_ap_fixed_16_6_5_3_0_config2_s'.
WARNING: [SYN 201-103] Legalizing function name 'relu<ap_fixed<16, 6, 5, 3, 0>, ap_fixed<16, 6, 5, 3, 0>, relu_config4>' to 'relu_ap_fixed_16_6_5_3_0_ap_fixed_16_6_5_3_0_relu_config4_s'.
WARNING: [SYN 201-103] Legalizing function name 'dense_latency<ap_fixed<16, 6, 5, 3, 0>, ap_fixed<16, 6, 5, 3, 0>, config5>' to 'dense_latency_ap_fixed_16_6_5_3_0_ap_fixed_16_6_5_3_0_config5_s'.
WARNING: [SYN 201-103] Legalizing function name 'relu<ap_fixed<16, 6, 5, 3, 0>, ap_fixed<16, 6, 5, 3, 0>, relu_config7>' to 'relu_ap_fixed_16_6_5_3_0_ap_fixed_16_6_5_3_0_relu_config7_s'.
WARNING: [SYN 201-103] Legalizing function name 'dense_latency<ap_fixed<16, 6, 5, 3, 0>, ap_fixed<16, 6, 5, 3, 0>, config8>' to 'dense_latency_ap_fixed_16_6_5_3_0_ap_fixed_16_6_5_3_0_config8_s'.
WARNING: [SYN 201-103] Legalizing function name 'relu<ap_fixed<16, 6, 5, 3, 0>, ap_fixed<16, 6, 5, 3, 0>, relu_config10>' to 'relu_ap_fixed_16_6_5_3_0_ap_fixed_16_6_5_3_0_relu_config10_s'.
WARNING: [SYN 201-103] Legalizing function name 'dense_latency<ap_fixed<16, 6, 5, 3, 0>, ap_fixed<16, 6, 5, 3, 0>, config11>' to 'dense_latency_ap_fixed_16_6_5_3_0_ap_fixed_16_6_5_3_0_config11_s'.
WARNING: [SYN 201-103] Legalizing function name 'softmax_stable<ap_fixed,ap_fixed<16,6,5,3,0>,softmax_config13>' to 'softmax_stable_ap_fixed_ap_fixed_16_6_5_3_0_softmax_config13_s'.
INFO: [HLS 200-10] ----------------------------------------------------------------
INFO: [HLS 200-42] -- Implementing module 'entry_proc' 
INFO: [HLS 200-10] ----------------------------------------------------------------
INFO: [SCHED 204-11] Starting scheduling ...
INFO: [SCHED 204-11] Finished scheduling.
INFO: [HLS 200-111] Finished Scheduling: CPU user time: 0.25 seconds. CPU system time: 0.07 seconds. Elapsed time: 3 seconds; current allocated memory: 1.342 GB.
INFO: [BIND 205-100] Starting micro-architecture generation ...
INFO: [BIND 205-101] Performing variable lifetime analysis.
INFO: [BIND 205-101] Exploring resource sharing.
INFO: [BIND 205-101] Binding ...
INFO: [BIND 205-100] Finished micro-architecture generation.
INFO: [HLS 200-111] Finished Binding: CPU user time: 0.01 seconds. CPU system time: 0 seconds. Elapsed time: 0.34 seconds; current allocated memory: 1.342 GB.
INFO: [HLS 200-10] ----------------------------------------------------------------
INFO: [HLS 200-42] -- Implementing module 'read_input_Pipeline_VITIS_LOOP_5_1' 
INFO: [HLS 200-10] ----------------------------------------------------------------
INFO: [SCHED 204-11] Starting scheduling ...
INFO: [SCHED 204-61] Pipelining loop 'VITIS_LOOP_5_1'.
INFO: [HLS 200-1470] Pipelining result : Target II = NA, Final II = 1, Depth = 3, loop 'VITIS_LOOP_5_1'
INFO: [SCHED 204-11] Finished scheduling.
INFO: [HLS 200-111] Finished Scheduling: CPU user time: 0.03 seconds. CPU system time: 0 seconds. Elapsed time: 0.25 seconds; current allocated memory: 1.343 GB.
INFO: [BIND 205-100] Starting micro-architecture generation ...
INFO: [BIND 205-101] Performing variable lifetime analysis.
INFO: [BIND 205-101] Exploring resource sharing.
INFO: [BIND 205-101] Binding ...
INFO: [BIND 205-100] Finished micro-architecture generation.
INFO: [HLS 200-111] Finished Binding: CPU user time: 0.03 seconds. CPU system time: 0 seconds. Elapsed time: 0.22 seconds; current allocated memory: 1.343 GB.
INFO: [HLS 200-10] ----------------------------------------------------------------
INFO: [HLS 200-42] -- Implementing module 'read_input' 
INFO: [HLS 200-10] ----------------------------------------------------------------
INFO: [SCHED 204-11] Starting scheduling ...
INFO: [SCHED 204-11] Finished scheduling.
INFO: [HLS 200-111] Finished Scheduling: CPU user time: 0.14 seconds. CPU system time: 0 seconds. Elapsed time: 0.38 seconds; current allocated memory: 1.343 GB.
INFO: [BIND 205-100] Starting micro-architecture generation ...
INFO: [BIND 205-101] Performing variable lifetime analysis.
INFO: [BIND 205-101] Exploring resource sharing.
INFO: [BIND 205-101] Binding ...
INFO: [BIND 205-100] Finished micro-architecture generation.
INFO: [HLS 200-111] Finished Binding: CPU user time: 0.31 seconds. CPU system time: 0 seconds. Elapsed time: 0.48 seconds; current allocated memory: 1.343 GB.
INFO: [HLS 200-10] ----------------------------------------------------------------
INFO: [HLS 200-42] -- Implementing module 'dense_latency_ap_fixed_16_6_5_3_0_ap_fixed_16_6_5_3_0_config2_s' 
INFO: [HLS 200-10] ----------------------------------------------------------------
INFO: [SCHED 204-11] Starting scheduling ...
INFO: [SCHED 204-61] Pipelining function 'dense_latency<ap_fixed<16, 6, 5, 3, 0>, ap_fixed<16, 6, 5, 3, 0>, config2>'.
INFO: [HLS 200-1470] Pipelining result : Target II = NA, Final II = 1, Depth = 2, function 'dense_latency<ap_fixed<16, 6, 5, 3, 0>, ap_fixed<16, 6, 5, 3, 0>, config2>'
INFO: [SCHED 204-11] Finished scheduling.
INFO: [HLS 200-111] Finished Scheduling: CPU user time: 4.87 seconds. CPU system time: 0.05 seconds. Elapsed time: 5.15 seconds; current allocated memory: 1.369 GB.
INFO: [BIND 205-100] Starting micro-architecture generation ...
INFO: [BIND 205-101] Performing variable lifetime analysis.
INFO: [BIND 205-101] Exploring resource sharing.
INFO: [BIND 205-101] Binding ...
INFO: [BIND 205-100] Starting global binding ...
INFO: [BIND 205-100] Finished micro-architecture generation.
INFO: [HLS 200-111] Finished Binding: CPU user time: 6.76 seconds. CPU system time: 0.1 seconds. Elapsed time: 7.19 seconds; current allocated memory: 1.538 GB.
INFO: [HLS 200-10] ----------------------------------------------------------------
INFO: [HLS 200-42] -- Implementing module 'relu_ap_fixed_16_6_5_3_0_ap_fixed_16_6_5_3_0_relu_config4_s' 
INFO: [HLS 200-10] ----------------------------------------------------------------
INFO: [SCHED 204-11] Starting scheduling ...
INFO: [SCHED 204-61] Pipelining function 'relu<ap_fixed<16, 6, 5, 3, 0>, ap_fixed<16, 6, 5, 3, 0>, relu_config4>'.
INFO: [HLS 200-1470] Pipelining result : Target II = NA, Final II = 1, Depth = 1, function 'relu<ap_fixed<16, 6, 5, 3, 0>, ap_fixed<16, 6, 5, 3, 0>, relu_config4>'
INFO: [SCHED 204-11] Finished scheduling.
INFO: [HLS 200-111] Finished Scheduling: CPU user time: 5.48 seconds. CPU system time: 0.03 seconds. Elapsed time: 5.66 seconds; current allocated memory: 1.538 GB.
INFO: [BIND 205-100] Starting micro-architecture generation ...
INFO: [BIND 205-101] Performing variable lifetime analysis.
INFO: [BIND 205-101] Exploring resource sharing.
INFO: [BIND 205-101] Binding ...
INFO: [BIND 205-100] Finished micro-architecture generation.
INFO: [HLS 200-111] Finished Binding: CPU user time: 0.22 seconds. CPU system time: 0 seconds. Elapsed time: 0.27 seconds; current allocated memory: 1.538 GB.
INFO: [HLS 200-10] ----------------------------------------------------------------
INFO: [HLS 200-42] -- Implementing module 'dense_latency_ap_fixed_16_6_5_3_0_ap_fixed_16_6_5_3_0_config5_s' 
INFO: [HLS 200-10] ----------------------------------------------------------------
INFO: [SCHED 204-11] Starting scheduling ...
INFO: [SCHED 204-61] Pipelining function 'dense_latency<ap_fixed<16, 6, 5, 3, 0>, ap_fixed<16, 6, 5, 3, 0>, config5>'.
INFO: [HLS 200-1470] Pipelining result : Target II = NA, Final II = 1, Depth = 2, function 'dense_latency<ap_fixed<16, 6, 5, 3, 0>, ap_fixed<16, 6, 5, 3, 0>, config5>'
INFO: [SCHED 204-11] Finished scheduling.
INFO: [HLS 200-111] Finished Scheduling: CPU user time: 7.31 seconds. CPU system time: 0.03 seconds. Elapsed time: 7.54 seconds; current allocated memory: 1.538 GB.
INFO: [BIND 205-100] Starting micro-architecture generation ...
INFO: [BIND 205-101] Performing variable lifetime analysis.
INFO: [BIND 205-101] Exploring resource sharing.
INFO: [BIND 205-101] Binding ...
INFO: [BIND 205-100] Starting global binding ...
INFO: [BIND 205-100] Finished micro-architecture generation.
INFO: [HLS 200-111] Finished Binding: CPU user time: 13.36 seconds. CPU system time: 0.11 seconds. Elapsed time: 13.82 seconds; current allocated memory: 1.675 GB.
INFO: [HLS 200-10] ----------------------------------------------------------------
INFO: [HLS 200-42] -- Implementing module 'relu_ap_fixed_16_6_5_3_0_ap_fixed_16_6_5_3_0_relu_config7_s' 
INFO: [HLS 200-10] ----------------------------------------------------------------
INFO: [SCHED 204-11] Starting scheduling ...
INFO: [SCHED 204-61] Pipelining function 'relu<ap_fixed<16, 6, 5, 3, 0>, ap_fixed<16, 6, 5, 3, 0>, relu_config7>'.
INFO: [HLS 200-1470] Pipelining result : Target II = NA, Final II = 1, Depth = 1, function 'relu<ap_fixed<16, 6, 5, 3, 0>, ap_fixed<16, 6, 5, 3, 0>, relu_config7>'
INFO: [SCHED 204-11] Finished scheduling.
INFO: [HLS 200-111] Finished Scheduling: CPU user time: 8.19 seconds. CPU system time: 0.03 seconds. Elapsed time: 8.52 seconds; current allocated memory: 1.675 GB.
INFO: [BIND 205-100] Starting micro-architecture generation ...
INFO: [BIND 205-101] Performing variable lifetime analysis.
INFO: [BIND 205-101] Exploring resource sharing.
INFO: [BIND 205-101] Binding ...
INFO: [BIND 205-100] Finished micro-architecture generation.
INFO: [HLS 200-111] Finished Binding: CPU user time: 0.11 seconds. CPU system time: 0 seconds. Elapsed time: 0.3 seconds; current allocated memory: 1.675 GB.
INFO: [HLS 200-10] ----------------------------------------------------------------
INFO: [HLS 200-42] -- Implementing module 'dense_latency_ap_fixed_16_6_5_3_0_ap_fixed_16_6_5_3_0_config8_s' 
INFO: [HLS 200-10] ----------------------------------------------------------------
INFO: [SCHED 204-11] Starting scheduling ...
INFO: [SCHED 204-61] Pipelining function 'dense_latency<ap_fixed<16, 6, 5, 3, 0>, ap_fixed<16, 6, 5, 3, 0>, config8>'.
INFO: [HLS 200-1470] Pipelining result : Target II = NA, Final II = 1, Depth = 2, function 'dense_latency<ap_fixed<16, 6, 5, 3, 0>, ap_fixed<16, 6, 5, 3, 0>, config8>'
INFO: [SCHED 204-11] Finished scheduling.
INFO: [HLS 200-111] Finished Scheduling: CPU user time: 3.41 seconds. CPU system time: 0 seconds. Elapsed time: 3.5 seconds; current allocated memory: 1.675 GB.
INFO: [BIND 205-100] Starting micro-architecture generation ...
INFO: [BIND 205-101] Performing variable lifetime analysis.
INFO: [BIND 205-101] Exploring resource sharing.
INFO: [BIND 205-101] Binding ...
INFO: [BIND 205-100] Starting global binding ...
INFO: [BIND 205-100] Finished micro-architecture generation.
INFO: [HLS 200-111] Finished Binding: CPU user time: 3.97 seconds. CPU system time: 0.04 seconds. Elapsed time: 4.19 seconds; current allocated memory: 1.675 GB.
INFO: [HLS 200-10] ----------------------------------------------------------------
INFO: [HLS 200-42] -- Implementing module 'relu_ap_fixed_16_6_5_3_0_ap_fixed_16_6_5_3_0_relu_config10_s' 
INFO: [HLS 200-10] ----------------------------------------------------------------
INFO: [SCHED 204-11] Starting scheduling ...
INFO: [SCHED 204-61] Pipelining function 'relu<ap_fixed<16, 6, 5, 3, 0>, ap_fixed<16, 6, 5, 3, 0>, relu_config10>'.
INFO: [HLS 200-1470] Pipelining result : Target II = NA, Final II = 1, Depth = 1, function 'relu<ap_fixed<16, 6, 5, 3, 0>, ap_fixed<16, 6, 5, 3, 0>, relu_config10>'
INFO: [SCHED 204-11] Finished scheduling.
INFO: [HLS 200-111] Finished Scheduling: CPU user time: 3.83 seconds. CPU system time: 0.01 seconds. Elapsed time: 4.04 seconds; current allocated memory: 1.675 GB.
INFO: [BIND 205-100] Starting micro-architecture generation ...
INFO: [BIND 205-101] Performing variable lifetime analysis.
INFO: [BIND 205-101] Exploring resource sharing.
INFO: [BIND 205-101] Binding ...
INFO: [BIND 205-100] Finished micro-architecture generation.
INFO: [HLS 200-111] Finished Binding: CPU user time: 0.12 seconds. CPU system time: 0 seconds. Elapsed time: 0.28 seconds; current allocated memory: 1.675 GB.
INFO: [HLS 200-10] ----------------------------------------------------------------
INFO: [HLS 200-42] -- Implementing module 'dense_latency_ap_fixed_16_6_5_3_0_ap_fixed_16_6_5_3_0_config11_s' 
INFO: [HLS 200-10] ----------------------------------------------------------------
INFO: [SCHED 204-11] Starting scheduling ...
INFO: [SCHED 204-61] Pipelining function 'dense_latency<ap_fixed<16, 6, 5, 3, 0>, ap_fixed<16, 6, 5, 3, 0>, config11>'.
INFO: [HLS 200-1470] Pipelining result : Target II = NA, Final II = 1, Depth = 2, function 'dense_latency<ap_fixed<16, 6, 5, 3, 0>, ap_fixed<16, 6, 5, 3, 0>, config11>'
INFO: [SCHED 204-11] Finished scheduling.
INFO: [HLS 200-111] Finished Scheduling: CPU user time: 0.96 seconds. CPU system time: 0.01 seconds. Elapsed time: 1.11 seconds; current allocated memory: 1.675 GB.
INFO: [BIND 205-100] Starting micro-architecture generation ...
INFO: [BIND 205-101] Performing variable lifetime analysis.
INFO: [BIND 205-101] Exploring resource sharing.
INFO: [BIND 205-101] Binding ...
INFO: [BIND 205-100] Starting global binding ...
INFO: [BIND 205-100] Finished micro-architecture generation.
INFO: [HLS 200-111] Finished Binding: CPU user time: 0.58 seconds. CPU system time: 0 seconds. Elapsed time: 0.76 seconds; current allocated memory: 1.675 GB.
INFO: [HLS 200-10] ----------------------------------------------------------------
INFO: [HLS 200-42] -- Implementing module 'softmax_stable_ap_fixed_ap_fixed_16_6_5_3_0_softmax_config13_s' 
INFO: [HLS 200-10] ----------------------------------------------------------------
INFO: [SCHED 204-11] Starting scheduling ...
INFO: [HLS 200-486] Changing DSP latency (root=mul_ln1270_4) to 3 in order to utilize available DSP registers.
INFO: [HLS 200-486] Changing DSP latency (root=mul_ln1270_3) to 3 in order to utilize available DSP registers.
INFO: [HLS 200-486] Changing DSP latency (root=mul_ln1270_2) to 3 in order to utilize available DSP registers.
INFO: [HLS 200-486] Changing DSP latency (root=mul_ln1270_1) to 3 in order to utilize available DSP registers.
INFO: [HLS 200-486] Changing DSP latency (root=mul_ln1270) to 3 in order to utilize available DSP registers.
INFO: [SCHED 204-61] Pipelining function 'softmax_stable<ap_fixed,ap_fixed<16,6,5,3,0>,softmax_config13>'.
INFO: [HLS 200-1470] Pipelining result : Target II = NA, Final II = 1, Depth = 8, function 'softmax_stable<ap_fixed,ap_fixed<16,6,5,3,0>,softmax_config13>'
INFO: [SCHED 204-11] Finished scheduling.
INFO: [HLS 200-111] Finished Scheduling: CPU user time: 0.96 seconds. CPU system time: 0 seconds. Elapsed time: 1.4 seconds; current allocated memory: 1.675 GB.
INFO: [BIND 205-100] Starting micro-architecture generation ...
INFO: [BIND 205-101] Performing variable lifetime analysis.
INFO: [BIND 205-101] Exploring resource sharing.
INFO: [BIND 205-101] Binding ...
INFO: [BIND 205-100] Finished micro-architecture generation.
INFO: [HLS 200-111] Finished Binding: CPU user time: 0.14 seconds. CPU system time: 0.01 seconds. Elapsed time: 0.31 seconds; current allocated memory: 1.675 GB.
INFO: [HLS 200-10] ----------------------------------------------------------------
INFO: [HLS 200-42] -- Implementing module 'myproject' 
INFO: [HLS 200-10] ----------------------------------------------------------------
INFO: [SCHED 204-11] Starting scheduling ...
INFO: [SCHED 204-61] Pipelining function 'myproject'.
INFO: [HLS 200-876] Unable to schedule the whole 2 cycles 'load' operation ('in_buf_load', /home/ayvol/vitis-accel-DNN/vitis_accel_prj/firmware/nnet_utils/nnet_dense.h:41->/home/ayvol/vitis-accel-DNN/vitis_accel_prj/kernel_wrapper.cpp:17) on array 'in_buf' within the first cycle (II = 1). Simulation mismatch may occur if the input data is modified before this operation completes.
INFO: [HLS 200-1470] Pipelining result : Target II = NA, Final II = 2, Depth = 21, function 'myproject'
INFO: [SCHED 204-11] Finished scheduling.
INFO: [HLS 200-111] Finished Scheduling: CPU user time: 0.41 seconds. CPU system time: 0 seconds. Elapsed time: 0.64 seconds; current allocated memory: 1.675 GB.
INFO: [BIND 205-100] Starting micro-architecture generation ...
INFO: [BIND 205-101] Performing variable lifetime analysis.
INFO: [BIND 205-101] Exploring resource sharing.
INFO: [BIND 205-101] Binding ...
INFO: [BIND 205-100] Finished micro-architecture generation.
INFO: [HLS 200-111] Finished Binding: CPU user time: 4.93 seconds. CPU system time: 0.01 seconds. Elapsed time: 5.1 seconds; current allocated memory: 1.675 GB.
INFO: [HLS 200-10] ----------------------------------------------------------------
INFO: [HLS 200-42] -- Implementing module 'dataflow_in_loop_VITIS_LOOP_15_1' 
INFO: [HLS 200-10] ----------------------------------------------------------------
INFO: [SCHED 204-11] Starting scheduling ...
INFO: [SCHED 204-11] Finished scheduling.
INFO: [HLS 200-111] Finished Scheduling: CPU user time: 14.4 seconds. CPU system time: 0.02 seconds. Elapsed time: 14.56 seconds; current allocated memory: 1.675 GB.
INFO: [BIND 205-100] Starting micro-architecture generation ...
INFO: [BIND 205-101] Performing variable lifetime analysis.
INFO: [BIND 205-101] Exploring resource sharing.
INFO: [BIND 205-101] Binding ...
INFO: [BIND 205-100] Finished micro-architecture generation.
INFO: [HLS 200-111] Finished Binding: CPU user time: 5 seconds. CPU system time: 0.02 seconds. Elapsed time: 5.08 seconds; current allocated memory: 1.675 GB.
INFO: [HLS 200-10] ----------------------------------------------------------------
INFO: [HLS 200-42] -- Implementing module 'run_inference' 
INFO: [HLS 200-10] ----------------------------------------------------------------
INFO: [SCHED 204-11] Starting scheduling ...
INFO: [SCHED 204-11] Finished scheduling.
INFO: [HLS 200-111] Finished Scheduling: CPU user time: 14.46 seconds. CPU system time: 0.01 seconds. Elapsed time: 14.66 seconds; current allocated memory: 1.675 GB.
INFO: [BIND 205-100] Starting micro-architecture generation ...
INFO: [BIND 205-101] Performing variable lifetime analysis.
INFO: [BIND 205-101] Exploring resource sharing.
INFO: [BIND 205-101] Binding ...
INFO: [BIND 205-100] Finished micro-architecture generation.
INFO: [HLS 200-111] Finished Binding: CPU user time: 4.82 seconds. CPU system time: 0.01 seconds. Elapsed time: 5.03 seconds; current allocated memory: 1.675 GB.
INFO: [HLS 200-10] ----------------------------------------------------------------
INFO: [HLS 200-42] -- Implementing module 'write_result_Pipeline_VITIS_LOOP_21_1' 
INFO: [HLS 200-10] ----------------------------------------------------------------
INFO: [SCHED 204-11] Starting scheduling ...
INFO: [SCHED 204-61] Pipelining loop 'VITIS_LOOP_21_1'.
WARNING: [HLS 200-880] The II Violation in module 'write_result_Pipeline_VITIS_LOOP_21_1' (loop 'VITIS_LOOP_21_1'): Unable to enforce a carried dependence constraint (II = 1, distance = 1, offset = 1) between bus write operation ('gmem1_addr_write_ln23', /home/ayvol/vitis-accel-DNN/vitis_accel_prj/kernel_wrapper.cpp:23) on port 'gmem1' (/home/ayvol/vitis-accel-DNN/vitis_accel_prj/kernel_wrapper.cpp:23) and bus write operation ('gmem1_addr_write_ln23', /home/ayvol/vitis-accel-DNN/vitis_accel_prj/kernel_wrapper.cpp:23) on port 'gmem1' (/home/ayvol/vitis-accel-DNN/vitis_accel_prj/kernel_wrapper.cpp:23).
WARNING: [HLS 200-880] The II Violation in module 'write_result_Pipeline_VITIS_LOOP_21_1' (loop 'VITIS_LOOP_21_1'): Unable to enforce a carried dependence constraint (II = 2, distance = 1, offset = 1) between bus write operation ('gmem1_addr_write_ln23', /home/ayvol/vitis-accel-DNN/vitis_accel_prj/kernel_wrapper.cpp:23) on port 'gmem1' (/home/ayvol/vitis-accel-DNN/vitis_accel_prj/kernel_wrapper.cpp:23) and bus write operation ('gmem1_addr_write_ln23', /home/ayvol/vitis-accel-DNN/vitis_accel_prj/kernel_wrapper.cpp:23) on port 'gmem1' (/home/ayvol/vitis-accel-DNN/vitis_accel_prj/kernel_wrapper.cpp:23).
WARNING: [HLS 200-880] The II Violation in module 'write_result_Pipeline_VITIS_LOOP_21_1' (loop 'VITIS_LOOP_21_1'): Unable to enforce a carried dependence constraint (II = 3, distance = 1, offset = 1) between bus write operation ('gmem1_addr_write_ln23', /home/ayvol/vitis-accel-DNN/vitis_accel_prj/kernel_wrapper.cpp:23) on port 'gmem1' (/home/ayvol/vitis-accel-DNN/vitis_accel_prj/kernel_wrapper.cpp:23) and bus write operation ('gmem1_addr_write_ln23', /home/ayvol/vitis-accel-DNN/vitis_accel_prj/kernel_wrapper.cpp:23) on port 'gmem1' (/home/ayvol/vitis-accel-DNN/vitis_accel_prj/kernel_wrapper.cpp:23).
WARNING: [HLS 200-880] The II Violation in module 'write_result_Pipeline_VITIS_LOOP_21_1' (loop 'VITIS_LOOP_21_1'): Unable to enforce a carried dependence constraint (II = 4, distance = 1, offset = 1) between bus write operation ('gmem1_addr_write_ln23', /home/ayvol/vitis-accel-DNN/vitis_accel_prj/kernel_wrapper.cpp:23) on port 'gmem1' (/home/ayvol/vitis-accel-DNN/vitis_accel_prj/kernel_wrapper.cpp:23) and bus write operation ('gmem1_addr_write_ln23', /home/ayvol/vitis-accel-DNN/vitis_accel_prj/kernel_wrapper.cpp:23) on port 'gmem1' (/home/ayvol/vitis-accel-DNN/vitis_accel_prj/kernel_wrapper.cpp:23).
INFO: [HLS 200-1470] Pipelining result : Target II = NA, Final II = 5, Depth = 7, loop 'VITIS_LOOP_21_1'
INFO: [SCHED 204-11] Finished scheduling.
INFO: [HLS 200-111] Finished Scheduling: CPU user time: 14.38 seconds. CPU system time: 0.01 seconds. Elapsed time: 14.74 seconds; current allocated memory: 1.675 GB.
INFO: [BIND 205-100] Starting micro-architecture generation ...
INFO: [BIND 205-101] Performing variable lifetime analysis.
INFO: [BIND 205-101] Exploring resource sharing.
INFO: [BIND 205-101] Binding ...
INFO: [BIND 205-100] Finished micro-architecture generation.
INFO: [HLS 200-111] Finished Binding: CPU user time: 0.07 seconds. CPU system time: 0 seconds. Elapsed time: 0.22 seconds; current allocated memory: 1.675 GB.
INFO: [HLS 200-10] ----------------------------------------------------------------
INFO: [HLS 200-42] -- Implementing module 'write_result' 
INFO: [HLS 200-10] ----------------------------------------------------------------
INFO: [SCHED 204-11] Starting scheduling ...
INFO: [SCHED 204-11] Finished scheduling.
INFO: [HLS 200-111] Finished Scheduling: CPU user time: 0.16 seconds. CPU system time: 0.01 seconds. Elapsed time: 0.24 seconds; current allocated memory: 1.675 GB.
INFO: [BIND 205-100] Starting micro-architecture generation ...
INFO: [BIND 205-101] Performing variable lifetime analysis.
INFO: [BIND 205-101] Exploring resource sharing.
INFO: [BIND 205-101] Binding ...
INFO: [BIND 205-100] Finished micro-architecture generation.
INFO: [HLS 200-111] Finished Binding: CPU user time: 0.31 seconds. CPU system time: 0 seconds. Elapsed time: 0.47 seconds; current allocated memory: 1.675 GB.
INFO: [HLS 200-10] ----------------------------------------------------------------
INFO: [HLS 200-42] -- Implementing module 'kernel_wrapper' 
INFO: [HLS 200-10] ----------------------------------------------------------------
INFO: [SCHED 204-11] Starting scheduling ...
INFO: [SCHED 204-11] Finished scheduling.
INFO: [HLS 200-111] Finished Scheduling: CPU user time: 0.08 seconds. CPU system time: 0 seconds. Elapsed time: 0.24 seconds; current allocated memory: 1.675 GB.
INFO: [BIND 205-100] Starting micro-architecture generation ...
INFO: [BIND 205-101] Performing variable lifetime analysis.
INFO: [BIND 205-101] Exploring resource sharing.
INFO: [BIND 205-101] Binding ...
INFO: [BIND 205-100] Finished micro-architecture generation.
INFO: [HLS 200-111] Finished Binding: CPU user time: 4.89 seconds. CPU system time: 0.01 seconds. Elapsed time: 5.01 seconds; current allocated memory: 1.675 GB.
INFO: [HLS 200-10] ----------------------------------------------------------------
INFO: [HLS 200-10] -- Generating RTL for module 'entry_proc' 
INFO: [HLS 200-10] ----------------------------------------------------------------
INFO: [RTGEN 206-100] Finished creating RTL model for 'entry_proc'.
INFO: [HLS 200-111] Finished Creating RTL model: CPU user time: 14.44 seconds. CPU system time: 0.01 seconds. Elapsed time: 14.69 seconds; current allocated memory: 1.675 GB.
INFO: [HLS 200-10] ----------------------------------------------------------------
INFO: [HLS 200-10] -- Generating RTL for module 'read_input_Pipeline_VITIS_LOOP_5_1' 
INFO: [HLS 200-10] ----------------------------------------------------------------
INFO: [HLS 200-1030] Apply Unified Pipeline Control on module 'read_input_Pipeline_VITIS_LOOP_5_1' pipeline 'VITIS_LOOP_5_1' pipeline type 'loop pipeline'
WARNING: [RTGEN 206-101] Setting dangling out port 'read_input_Pipeline_VITIS_LOOP_5_1/m_axi_gmem0_ARVALID' to 0.
WARNING: [RTGEN 206-101] Setting dangling out port 'read_input_Pipeline_VITIS_LOOP_5_1/m_axi_gmem0_ARADDR' to 0.
WARNING: [RTGEN 206-101] Setting dangling out port 'read_input_Pipeline_VITIS_LOOP_5_1/m_axi_gmem0_ARID' to 0.
WARNING: [RTGEN 206-101] Setting dangling out port 'read_input_Pipeline_VITIS_LOOP_5_1/m_axi_gmem0_ARLEN' to 0.
WARNING: [RTGEN 206-101] Setting dangling out port 'read_input_Pipeline_VITIS_LOOP_5_1/m_axi_gmem0_ARSIZE' to 0.
WARNING: [RTGEN 206-101] Setting dangling out port 'read_input_Pipeline_VITIS_LOOP_5_1/m_axi_gmem0_ARBURST' to 0.
WARNING: [RTGEN 206-101] Setting dangling out port 'read_input_Pipeline_VITIS_LOOP_5_1/m_axi_gmem0_ARLOCK' to 0.
WARNING: [RTGEN 206-101] Setting dangling out port 'read_input_Pipeline_VITIS_LOOP_5_1/m_axi_gmem0_ARCACHE' to 0.
WARNING: [RTGEN 206-101] Setting dangling out port 'read_input_Pipeline_VITIS_LOOP_5_1/m_axi_gmem0_ARPROT' to 0.
WARNING: [RTGEN 206-101] Setting dangling out port 'read_input_Pipeline_VITIS_LOOP_5_1/m_axi_gmem0_ARQOS' to 0.
WARNING: [RTGEN 206-101] Setting dangling out port 'read_input_Pipeline_VITIS_LOOP_5_1/m_axi_gmem0_ARREGION' to 0.
WARNING: [RTGEN 206-101] Setting dangling out port 'read_input_Pipeline_VITIS_LOOP_5_1/m_axi_gmem0_ARUSER' to 0.
INFO: [RTGEN 206-100] Finished creating RTL model for 'read_input_Pipeline_VITIS_LOOP_5_1'.
INFO: [HLS 200-111] Finished Creating RTL model: CPU user time: 0.06 seconds. CPU system time: 0.02 seconds. Elapsed time: 1.15 seconds; current allocated memory: 1.675 GB.
INFO: [HLS 200-10] ----------------------------------------------------------------
INFO: [HLS 200-10] -- Generating RTL for module 'read_input' 
INFO: [HLS 200-10] ----------------------------------------------------------------
INFO: [RTGEN 206-100] Finished creating RTL model for 'read_input'.
INFO: [HLS 200-111] Finished Creating RTL model: CPU user time: 0.09 seconds. CPU system time: 0 seconds. Elapsed time: 0.3 seconds; current allocated memory: 1.675 GB.
INFO: [HLS 200-10] ----------------------------------------------------------------
INFO: [HLS 200-10] -- Generating RTL for module 'dense_latency_ap_fixed_16_6_5_3_0_ap_fixed_16_6_5_3_0_config2_s' 
INFO: [HLS 200-10] ----------------------------------------------------------------
INFO: [RTGEN 206-104] Estimated max fanout for 'dense_latency_ap_fixed_16_6_5_3_0_ap_fixed_16_6_5_3_0_config2_s' is 9565 from HDL expression: (1'b0 == ap_block_pp0_stage0)
INFO: [RTGEN 206-100] Generating core module 'mul_16s_10ns_26_1_0': 40 instance(s).
INFO: [RTGEN 206-100] Generating core module 'mul_16s_10s_26_1_0': 39 instance(s).
INFO: [RTGEN 206-100] Generating core module 'mul_16s_11ns_26_1_0': 18 instance(s).
INFO: [RTGEN 206-100] Generating core module 'mul_16s_11s_26_1_0': 18 instance(s).
INFO: [RTGEN 206-100] Generating core module 'mul_16s_12ns_26_1_0': 5 instance(s).
INFO: [RTGEN 206-100] Generating core module 'mul_16s_12s_26_1_0': 4 instance(s).
INFO: [RTGEN 206-100] Generating core module 'mul_16s_5ns_21_1_0': 3 instance(s).
INFO: [RTGEN 206-100] Generating core module 'mul_16s_5s_21_1_0': 4 instance(s).
INFO: [RTGEN 206-100] Generating core module 'mul_16s_6ns_22_1_0': 17 instance(s).
INFO: [RTGEN 206-100] Generating core module 'mul_16s_6s_22_1_0': 12 instance(s).
INFO: [RTGEN 206-100] Generating core module 'mul_16s_7ns_23_1_0': 24 instance(s).
INFO: [RTGEN 206-100] Generating core module 'mul_16s_7s_23_1_0': 30 instance(s).
INFO: [RTGEN 206-100] Generating core module 'mul_16s_8ns_24_1_0': 46 instance(s).
INFO: [RTGEN 206-100] Generating core module 'mul_16s_8s_24_1_0': 45 instance(s).
INFO: [RTGEN 206-100] Generating core module 'mul_16s_9ns_25_1_0': 48 instance(s).
INFO: [RTGEN 206-100] Generating core module 'mul_16s_9s_25_1_0': 44 instance(s).
INFO: [RTGEN 206-100] Finished creating RTL model for 'dense_latency_ap_fixed_16_6_5_3_0_ap_fixed_16_6_5_3_0_config2_s'.
INFO: [HLS 200-111] Finished Creating RTL model: CPU user time: 1.15 seconds. CPU system time: 0.03 seconds. Elapsed time: 4.16 seconds; current allocated memory: 1.675 GB.
INFO: [HLS 200-10] ----------------------------------------------------------------
INFO: [HLS 200-10] -- Generating RTL for module 'relu_ap_fixed_16_6_5_3_0_ap_fixed_16_6_5_3_0_relu_config4_s' 
INFO: [HLS 200-10] ----------------------------------------------------------------
INFO: [RTGEN 206-100] Finished creating RTL model for 'relu_ap_fixed_16_6_5_3_0_ap_fixed_16_6_5_3_0_relu_config4_s'.
INFO: [HLS 200-111] Finished Creating RTL model: CPU user time: 14.14 seconds. CPU system time: 0.17 seconds. Elapsed time: 14.39 seconds; current allocated memory: 1.675 GB.
INFO: [HLS 200-10] ----------------------------------------------------------------
INFO: [HLS 200-10] -- Generating RTL for module 'dense_latency_ap_fixed_16_6_5_3_0_ap_fixed_16_6_5_3_0_config5_s' 
INFO: [HLS 200-10] ----------------------------------------------------------------
INFO: [RTGEN 206-104] Estimated max fanout for 'dense_latency_ap_fixed_16_6_5_3_0_ap_fixed_16_6_5_3_0_config5_s' is 17917 from HDL expression: (1'b0 == ap_block_pp0_stage0)
INFO: [RTGEN 206-100] Generating core module 'mul_16s_10ns_26_1_0': 42 instance(s).
INFO: [RTGEN 206-100] Generating core module 'mul_16s_10s_26_1_0': 36 instance(s).
INFO: [RTGEN 206-100] Generating core module 'mul_16s_11ns_26_1_0': 9 instance(s).
INFO: [RTGEN 206-100] Generating core module 'mul_16s_11s_26_1_0': 21 instance(s).
INFO: [RTGEN 206-100] Generating core module 'mul_16s_12s_26_1_0': 2 instance(s).
INFO: [RTGEN 206-100] Generating core module 'mul_16s_5ns_21_1_0': 8 instance(s).
INFO: [RTGEN 206-100] Generating core module 'mul_16s_5s_21_1_0': 3 instance(s).
INFO: [RTGEN 206-100] Generating core module 'mul_16s_6ns_22_1_0': 10 instance(s).
INFO: [RTGEN 206-100] Generating core module 'mul_16s_6s_22_1_0': 9 instance(s).
INFO: [RTGEN 206-100] Generating core module 'mul_16s_7ns_23_1_0': 38 instance(s).
INFO: [RTGEN 206-100] Generating core module 'mul_16s_7s_23_1_0': 19 instance(s).
INFO: [RTGEN 206-100] Generating core module 'mul_16s_8ns_24_1_0': 60 instance(s).
INFO: [RTGEN 206-100] Generating core module 'mul_16s_8s_24_1_0': 33 instance(s).
INFO: [RTGEN 206-100] Generating core module 'mul_16s_9ns_25_1_0': 70 instance(s).
INFO: [RTGEN 206-100] Generating core module 'mul_16s_9s_25_1_0': 49 instance(s).
INFO: [RTGEN 206-100] Finished creating RTL model for 'dense_latency_ap_fixed_16_6_5_3_0_ap_fixed_16_6_5_3_0_config5_s'.
INFO: [HLS 200-111] Finished Creating RTL model: CPU user time: 2.56 seconds. CPU system time: 0.04 seconds. Elapsed time: 3.2 seconds; current allocated memory: 1.701 GB.
INFO: [HLS 200-10] ----------------------------------------------------------------
INFO: [HLS 200-10] -- Generating RTL for module 'relu_ap_fixed_16_6_5_3_0_ap_fixed_16_6_5_3_0_relu_config7_s' 
INFO: [HLS 200-10] ----------------------------------------------------------------
INFO: [RTGEN 206-100] Finished creating RTL model for 'relu_ap_fixed_16_6_5_3_0_ap_fixed_16_6_5_3_0_relu_config7_s'.
INFO: [HLS 200-111] Finished Creating RTL model: CPU user time: 21.4 seconds. CPU system time: 0.36 seconds. Elapsed time: 21.89 seconds; current allocated memory: 1.787 GB.
INFO: [HLS 200-10] ----------------------------------------------------------------
INFO: [HLS 200-10] -- Generating RTL for module 'dense_latency_ap_fixed_16_6_5_3_0_ap_fixed_16_6_5_3_0_config8_s' 
INFO: [HLS 200-10] ----------------------------------------------------------------
INFO: [RTGEN 206-104] Estimated max fanout for 'dense_latency_ap_fixed_16_6_5_3_0_ap_fixed_16_6_5_3_0_config8_s' is 9034 from HDL expression: (1'b0 == ap_block_pp0_stage0)
INFO: [RTGEN 206-100] Generating core module 'mul_16s_10ns_26_1_0': 32 instance(s).
INFO: [RTGEN 206-100] Generating core module 'mul_16s_10s_26_1_0': 22 instance(s).
INFO: [RTGEN 206-100] Generating core module 'mul_16s_11ns_26_1_0': 16 instance(s).
INFO: [RTGEN 206-100] Generating core module 'mul_16s_11s_26_1_0': 16 instance(s).
INFO: [RTGEN 206-100] Generating core module 'mul_16s_12ns_26_1_0': 1 instance(s).
INFO: [RTGEN 206-100] Generating core module 'mul_16s_12s_26_1_0': 8 instance(s).
INFO: [RTGEN 206-100] Generating core module 'mul_16s_5ns_21_1_0': 1 instance(s).
INFO: [RTGEN 206-100] Generating core module 'mul_16s_5s_21_1_0': 1 instance(s).
INFO: [RTGEN 206-100] Generating core module 'mul_16s_6ns_22_1_0': 4 instance(s).
INFO: [RTGEN 206-100] Generating core module 'mul_16s_6s_22_1_0': 2 instance(s).
INFO: [RTGEN 206-100] Generating core module 'mul_16s_7ns_23_1_0': 11 instance(s).
INFO: [RTGEN 206-100] Generating core module 'mul_16s_7s_23_1_0': 12 instance(s).
INFO: [RTGEN 206-100] Generating core module 'mul_16s_8ns_24_1_0': 25 instance(s).
INFO: [RTGEN 206-100] Generating core module 'mul_16s_8s_24_1_0': 11 instance(s).
INFO: [RTGEN 206-100] Generating core module 'mul_16s_9ns_25_1_0': 25 instance(s).
INFO: [RTGEN 206-100] Generating core module 'mul_16s_9s_25_1_0': 18 instance(s).
INFO: [RTGEN 206-100] Finished creating RTL model for 'dense_latency_ap_fixed_16_6_5_3_0_ap_fixed_16_6_5_3_0_config8_s'.
INFO: [HLS 200-111] Finished Creating RTL model: CPU user time: 1.28 seconds. CPU system time: 0.03 seconds. Elapsed time: 2.37 seconds; current allocated memory: 1.812 GB.
INFO: [HLS 200-10] ----------------------------------------------------------------
INFO: [HLS 200-10] -- Generating RTL for module 'relu_ap_fixed_16_6_5_3_0_ap_fixed_16_6_5_3_0_relu_config10_s' 
INFO: [HLS 200-10] ----------------------------------------------------------------
INFO: [RTGEN 206-100] Finished creating RTL model for 'relu_ap_fixed_16_6_5_3_0_ap_fixed_16_6_5_3_0_relu_config10_s'.
INFO: [HLS 200-111] Finished Creating RTL model: CPU user time: 9.76 seconds. CPU system time: 0.12 seconds. Elapsed time: 10.06 seconds; current allocated memory: 1.864 GB.
INFO: [HLS 200-10] ----------------------------------------------------------------
INFO: [HLS 200-10] -- Generating RTL for module 'dense_latency_ap_fixed_16_6_5_3_0_ap_fixed_16_6_5_3_0_config11_s' 
INFO: [HLS 200-10] ----------------------------------------------------------------
INFO: [RTGEN 206-100] Generating core module 'mul_16s_10ns_26_1_0': 9 instance(s).
INFO: [RTGEN 206-100] Generating core module 'mul_16s_10s_26_1_0': 4 instance(s).
INFO: [RTGEN 206-100] Generating core module 'mul_16s_11ns_26_1_0': 8 instance(s).
INFO: [RTGEN 206-100] Generating core module 'mul_16s_11s_26_1_0': 16 instance(s).
INFO: [RTGEN 206-100] Generating core module 'mul_16s_12ns_26_1_0': 6 instance(s).
INFO: [RTGEN 206-100] Generating core module 'mul_16s_12s_26_1_0': 10 instance(s).
INFO: [RTGEN 206-100] Generating core module 'mul_16s_13s_26_1_0': 1 instance(s).
INFO: [RTGEN 206-100] Generating core module 'mul_16s_7s_23_1_0': 2 instance(s).
INFO: [RTGEN 206-100] Generating core module 'mul_16s_8ns_24_1_0': 4 instance(s).
INFO: [RTGEN 206-100] Generating core module 'mul_16s_8s_24_1_0': 2 instance(s).
INFO: [RTGEN 206-100] Generating core module 'mul_16s_9ns_25_1_0': 6 instance(s).
INFO: [RTGEN 206-100] Generating core module 'mul_16s_9s_25_1_0': 3 instance(s).
INFO: [RTGEN 206-100] Finished creating RTL model for 'dense_latency_ap_fixed_16_6_5_3_0_ap_fixed_16_6_5_3_0_config11_s'.
INFO: [HLS 200-111] Finished Creating RTL model: CPU user time: 0.78 seconds. CPU system time: 0.03 seconds. Elapsed time: 1.86 seconds; current allocated memory: 1.885 GB.
INFO: [HLS 200-10] ----------------------------------------------------------------
INFO: [HLS 200-10] -- Generating RTL for module 'softmax_stable_ap_fixed_ap_fixed_16_6_5_3_0_softmax_config13_s' 
INFO: [HLS 200-10] ----------------------------------------------------------------
INFO: [SYN 201-210] Renamed object name 'softmax_stable_ap_fixed_ap_fixed_16_6_5_3_0_softmax_config13_s_exp_table_ROM_AUTO_1R' to 'softmax_stable_ap_fixed_ap_fixed_16_6_5_3_0_softmax_config13_s_exp_table_ROM_bkb' due to the length limit 80
INFO: [SYN 201-210] Renamed object name 'softmax_stable_ap_fixed_ap_fixed_16_6_5_3_0_softmax_config13_s_invert_table_ROM_AUTO_1R' to 'softmax_stable_ap_fixed_ap_fixed_16_6_5_3_0_softmax_config13_s_invert_table_Rcud' due to the length limit 80
INFO: [HLS 200-1030] Apply Unified Pipeline Control on module 'softmax_stable_ap_fixed_ap_fixed_16_6_5_3_0_softmax_config13_s' pipeline 'softmax_stable<ap_fixed,ap_fixed<16,6,5,3,0>,softmax_config13>' pipeline type 'function pipeline'
INFO: [RTGEN 206-100] Generating core module 'mul_mul_18s_18s_30_4_1': 5 instance(s).
INFO: [RTGEN 206-100] Finished creating RTL model for 'softmax_stable_ap_fixed_ap_fixed_16_6_5_3_0_softmax_config13_s'.
INFO: [RTMG 210-279] Implementing memory 'kernel_wrapper_softmax_stable_ap_fixed_ap_fixed_16_6_5_3_0_softmax_config13_s_exp_table_ROM_bkb' using auto ROMs.
INFO: [RTMG 210-279] Implementing memory 'kernel_wrapper_softmax_stable_ap_fixed_ap_fixed_16_6_5_3_0_softmax_config13_s_invert_table_Rcud' using auto ROMs.
