

================================================================
== Vitis HLS Report for 'dataflow_in_loop_VITIS_LOOP_14_1'
================================================================
* Date:           Wed Jun 19 16:22:20 2024

* Version:        2022.2 (Build 3670227 on Oct 13 2022)
* Project:        kernel_wrapper
* Solution:       solution (Vitis Kernel Flow Target)
* Product family: virtexuplus
* Target device:  xcu55c-fsvh2892-2L-e


================================================================
== Performance Estimates
================================================================
+ Timing: 
    * Summary: 
    +--------+---------+----------+------------+
    |  Clock |  Target | Estimated| Uncertainty|
    +--------+---------+----------+------------+
    |ap_clk  |  5.00 ns|  4.372 ns|     0.62 ns|
    +--------+---------+----------+------------+

+ Latency: 
    * Summary: 
    +---------+---------+-----------+-----------+-----+-----+----------+
    |  Latency (cycles) |   Latency (absolute)  |  Interval | Pipeline |
    |   min   |   max   |    min    |    max    | min | max |   Type   |
    +---------+---------+-----------+-----------+-----+-----+----------+
    |       17|       17|  85.000 ns|  85.000 ns|    2|    2|  dataflow|
    +---------+---------+-----------+-----------+-----+-----+----------+

    + Detail: 
        * Instance: 
        N/A

        * Loop: 
        N/A

============================================================
+ Verbose Summary: Synthesis Manager
============================================================
InlineROM: 1
ExposeGlobal: 0
============================================================
+ Verbose Summary: CDFG Model
============================================================
IsTopModel: 0
ResetActiveHigh: 1
IsCombinational: 2
IsDatapathOnly: 0
HasWiredReturn: 1
HasMFsm: 0
HasVarLatency: 1
IsPipeline: 0
IsRtlPipelined: 0
IsInstanceOverlapped: 0
IsDontTouch: 0
HasImplIP: 0
IsGatedGlobalClock: 0


============================================================
+ Verbose Summary: Schedule
============================================================
* Number of FSM states : 18
* Pipeline : 0
* Dataflow Pipeline: 1
  DF-Pipeline-0: Size = 18, States = { 1 2 3 4 5 6 7 8 9 10 11 12 13 14 15 16 17 18 }

* FSM state transitions: 
1 --> 2 
2 --> 3 
3 --> 4 
4 --> 5 
5 --> 6 
6 --> 7 
7 --> 8 
8 --> 9 
9 --> 10 
10 --> 11 
11 --> 12 
12 --> 13 
13 --> 14 
14 --> 15 
15 --> 16 
16 --> 17 
17 --> 18 
18 --> 

* FSM state operations: 

State 1 <SV = 0> <Delay = 1.42>
ST_1 : Operation 19 [1/1] (0.00ns)   --->   "%i_read = read i14 @_ssdm_op_Read.ap_auto.i14, i14 %i"   --->   Operation 19 'read' 'i_read' <Predicate = true> <Delay = 0.00>
ST_1 : Operation 20 [1/1] (0.00ns)   --->   "%empty = trunc i14 %i_read"   --->   Operation 20 'trunc' 'empty' <Predicate = true> <Delay = 0.00>
ST_1 : Operation 21 [18/18] (1.42ns)   --->   "%call_ln16 = call void @myproject, i256 %in_buf, i13 %empty, i16 %out_buf_0, i16 %out_buf_1, i16 %out_buf_2, i16 %out_buf_3, i16 %out_buf_4, i18 %exp_table, i18 %invert_table" [/home/ayvol/vitis-accel-DNN/vitis_accel_prj/kernel_wrapper.cpp:16]   --->   Operation 21 'call' 'call_ln16' <Predicate = true> <Delay = 1.42> <CoreType = "Generic">   --->   Core 0 '' <Latency = 0> <II = 1> <Delay = 1.00> <Generic> <Opcode : >

State 2 <SV = 1> <Delay = 4.37>
ST_2 : Operation 22 [17/18] (4.37ns)   --->   "%call_ln16 = call void @myproject, i256 %in_buf, i13 %empty, i16 %out_buf_0, i16 %out_buf_1, i16 %out_buf_2, i16 %out_buf_3, i16 %out_buf_4, i18 %exp_table, i18 %invert_table" [/home/ayvol/vitis-accel-DNN/vitis_accel_prj/kernel_wrapper.cpp:16]   --->   Operation 22 'call' 'call_ln16' <Predicate = true> <Delay = 4.37> <CoreType = "Generic">   --->   Core 0 '' <Latency = 0> <II = 1> <Delay = 1.00> <Generic> <Opcode : >

State 3 <SV = 2> <Delay = 4.37>
ST_3 : Operation 23 [16/18] (4.37ns)   --->   "%call_ln16 = call void @myproject, i256 %in_buf, i13 %empty, i16 %out_buf_0, i16 %out_buf_1, i16 %out_buf_2, i16 %out_buf_3, i16 %out_buf_4, i18 %exp_table, i18 %invert_table" [/home/ayvol/vitis-accel-DNN/vitis_accel_prj/kernel_wrapper.cpp:16]   --->   Operation 23 'call' 'call_ln16' <Predicate = true> <Delay = 4.37> <CoreType = "Generic">   --->   Core 0 '' <Latency = 0> <II = 1> <Delay = 1.00> <Generic> <Opcode : >

State 4 <SV = 3> <Delay = 4.37>
ST_4 : Operation 24 [15/18] (4.37ns)   --->   "%call_ln16 = call void @myproject, i256 %in_buf, i13 %empty, i16 %out_buf_0, i16 %out_buf_1, i16 %out_buf_2, i16 %out_buf_3, i16 %out_buf_4, i18 %exp_table, i18 %invert_table" [/home/ayvol/vitis-accel-DNN/vitis_accel_prj/kernel_wrapper.cpp:16]   --->   Operation 24 'call' 'call_ln16' <Predicate = true> <Delay = 4.37> <CoreType = "Generic">   --->   Core 0 '' <Latency = 0> <II = 1> <Delay = 1.00> <Generic> <Opcode : >

State 5 <SV = 4> <Delay = 4.37>
ST_5 : Operation 25 [14/18] (4.37ns)   --->   "%call_ln16 = call void @myproject, i256 %in_buf, i13 %empty, i16 %out_buf_0, i16 %out_buf_1, i16 %out_buf_2, i16 %out_buf_3, i16 %out_buf_4, i18 %exp_table, i18 %invert_table" [/home/ayvol/vitis-accel-DNN/vitis_accel_prj/kernel_wrapper.cpp:16]   --->   Operation 25 'call' 'call_ln16' <Predicate = true> <Delay = 4.37> <CoreType = "Generic">   --->   Core 0 '' <Latency = 0> <II = 1> <Delay = 1.00> <Generic> <Opcode : >

State 6 <SV = 5> <Delay = 4.37>
ST_6 : Operation 26 [13/18] (4.37ns)   --->   "%call_ln16 = call void @myproject, i256 %in_buf, i13 %empty, i16 %out_buf_0, i16 %out_buf_1, i16 %out_buf_2, i16 %out_buf_3, i16 %out_buf_4, i18 %exp_table, i18 %invert_table" [/home/ayvol/vitis-accel-DNN/vitis_accel_prj/kernel_wrapper.cpp:16]   --->   Operation 26 'call' 'call_ln16' <Predicate = true> <Delay = 4.37> <CoreType = "Generic">   --->   Core 0 '' <Latency = 0> <II = 1> <Delay = 1.00> <Generic> <Opcode : >

State 7 <SV = 6> <Delay = 4.37>
ST_7 : Operation 27 [12/18] (4.37ns)   --->   "%call_ln16 = call void @myproject, i256 %in_buf, i13 %empty, i16 %out_buf_0, i16 %out_buf_1, i16 %out_buf_2, i16 %out_buf_3, i16 %out_buf_4, i18 %exp_table, i18 %invert_table" [/home/ayvol/vitis-accel-DNN/vitis_accel_prj/kernel_wrapper.cpp:16]   --->   Operation 27 'call' 'call_ln16' <Predicate = true> <Delay = 4.37> <CoreType = "Generic">   --->   Core 0 '' <Latency = 0> <II = 1> <Delay = 1.00> <Generic> <Opcode : >

State 8 <SV = 7> <Delay = 4.37>
ST_8 : Operation 28 [11/18] (4.37ns)   --->   "%call_ln16 = call void @myproject, i256 %in_buf, i13 %empty, i16 %out_buf_0, i16 %out_buf_1, i16 %out_buf_2, i16 %out_buf_3, i16 %out_buf_4, i18 %exp_table, i18 %invert_table" [/home/ayvol/vitis-accel-DNN/vitis_accel_prj/kernel_wrapper.cpp:16]   --->   Operation 28 'call' 'call_ln16' <Predicate = true> <Delay = 4.37> <CoreType = "Generic">   --->   Core 0 '' <Latency = 0> <II = 1> <Delay = 1.00> <Generic> <Opcode : >

State 9 <SV = 8> <Delay = 4.37>
ST_9 : Operation 29 [10/18] (4.37ns)   --->   "%call_ln16 = call void @myproject, i256 %in_buf, i13 %empty, i16 %out_buf_0, i16 %out_buf_1, i16 %out_buf_2, i16 %out_buf_3, i16 %out_buf_4, i18 %exp_table, i18 %invert_table" [/home/ayvol/vitis-accel-DNN/vitis_accel_prj/kernel_wrapper.cpp:16]   --->   Operation 29 'call' 'call_ln16' <Predicate = true> <Delay = 4.37> <CoreType = "Generic">   --->   Core 0 '' <Latency = 0> <II = 1> <Delay = 1.00> <Generic> <Opcode : >

State 10 <SV = 9> <Delay = 4.37>
ST_10 : Operation 30 [9/18] (4.37ns)   --->   "%call_ln16 = call void @myproject, i256 %in_buf, i13 %empty, i16 %out_buf_0, i16 %out_buf_1, i16 %out_buf_2, i16 %out_buf_3, i16 %out_buf_4, i18 %exp_table, i18 %invert_table" [/home/ayvol/vitis-accel-DNN/vitis_accel_prj/kernel_wrapper.cpp:16]   --->   Operation 30 'call' 'call_ln16' <Predicate = true> <Delay = 4.37> <CoreType = "Generic">   --->   Core 0 '' <Latency = 0> <II = 1> <Delay = 1.00> <Generic> <Opcode : >

State 11 <SV = 10> <Delay = 4.37>
ST_11 : Operation 31 [8/18] (4.37ns)   --->   "%call_ln16 = call void @myproject, i256 %in_buf, i13 %empty, i16 %out_buf_0, i16 %out_buf_1, i16 %out_buf_2, i16 %out_buf_3, i16 %out_buf_4, i18 %exp_table, i18 %invert_table" [/home/ayvol/vitis-accel-DNN/vitis_accel_prj/kernel_wrapper.cpp:16]   --->   Operation 31 'call' 'call_ln16' <Predicate = true> <Delay = 4.37> <CoreType = "Generic">   --->   Core 0 '' <Latency = 0> <II = 1> <Delay = 1.00> <Generic> <Opcode : >

State 12 <SV = 11> <Delay = 4.37>
ST_12 : Operation 32 [7/18] (4.37ns)   --->   "%call_ln16 = call void @myproject, i256 %in_buf, i13 %empty, i16 %out_buf_0, i16 %out_buf_1, i16 %out_buf_2, i16 %out_buf_3, i16 %out_buf_4, i18 %exp_table, i18 %invert_table" [/home/ayvol/vitis-accel-DNN/vitis_accel_prj/kernel_wrapper.cpp:16]   --->   Operation 32 'call' 'call_ln16' <Predicate = true> <Delay = 4.37> <CoreType = "Generic">   --->   Core 0 '' <Latency = 0> <II = 1> <Delay = 1.00> <Generic> <Opcode : >

State 13 <SV = 12> <Delay = 4.37>
ST_13 : Operation 33 [6/18] (4.37ns)   --->   "%call_ln16 = call void @myproject, i256 %in_buf, i13 %empty, i16 %out_buf_0, i16 %out_buf_1, i16 %out_buf_2, i16 %out_buf_3, i16 %out_buf_4, i18 %exp_table, i18 %invert_table" [/home/ayvol/vitis-accel-DNN/vitis_accel_prj/kernel_wrapper.cpp:16]   --->   Operation 33 'call' 'call_ln16' <Predicate = true> <Delay = 4.37> <CoreType = "Generic">   --->   Core 0 '' <Latency = 0> <II = 1> <Delay = 1.00> <Generic> <Opcode : >

State 14 <SV = 13> <Delay = 4.37>
ST_14 : Operation 34 [5/18] (4.37ns)   --->   "%call_ln16 = call void @myproject, i256 %in_buf, i13 %empty, i16 %out_buf_0, i16 %out_buf_1, i16 %out_buf_2, i16 %out_buf_3, i16 %out_buf_4, i18 %exp_table, i18 %invert_table" [/home/ayvol/vitis-accel-DNN/vitis_accel_prj/kernel_wrapper.cpp:16]   --->   Operation 34 'call' 'call_ln16' <Predicate = true> <Delay = 4.37> <CoreType = "Generic">   --->   Core 0 '' <Latency = 0> <II = 1> <Delay = 1.00> <Generic> <Opcode : >

State 15 <SV = 14> <Delay = 4.37>
ST_15 : Operation 35 [4/18] (4.37ns)   --->   "%call_ln16 = call void @myproject, i256 %in_buf, i13 %empty, i16 %out_buf_0, i16 %out_buf_1, i16 %out_buf_2, i16 %out_buf_3, i16 %out_buf_4, i18 %exp_table, i18 %invert_table" [/home/ayvol/vitis-accel-DNN/vitis_accel_prj/kernel_wrapper.cpp:16]   --->   Operation 35 'call' 'call_ln16' <Predicate = true> <Delay = 4.37> <CoreType = "Generic">   --->   Core 0 '' <Latency = 0> <II = 1> <Delay = 1.00> <Generic> <Opcode : >

State 16 <SV = 15> <Delay = 4.37>
ST_16 : Operation 36 [3/18] (4.37ns)   --->   "%call_ln16 = call void @myproject, i256 %in_buf, i13 %empty, i16 %out_buf_0, i16 %out_buf_1, i16 %out_buf_2, i16 %out_buf_3, i16 %out_buf_4, i18 %exp_table, i18 %invert_table" [/home/ayvol/vitis-accel-DNN/vitis_accel_prj/kernel_wrapper.cpp:16]   --->   Operation 36 'call' 'call_ln16' <Predicate = true> <Delay = 4.37> <CoreType = "Generic">   --->   Core 0 '' <Latency = 0> <II = 1> <Delay = 1.00> <Generic> <Opcode : >

State 17 <SV = 16> <Delay = 4.37>
ST_17 : Operation 37 [2/18] (4.37ns)   --->   "%call_ln16 = call void @myproject, i256 %in_buf, i13 %empty, i16 %out_buf_0, i16 %out_buf_1, i16 %out_buf_2, i16 %out_buf_3, i16 %out_buf_4, i18 %exp_table, i18 %invert_table" [/home/ayvol/vitis-accel-DNN/vitis_accel_prj/kernel_wrapper.cpp:16]   --->   Operation 37 'call' 'call_ln16' <Predicate = true> <Delay = 4.37> <CoreType = "Generic">   --->   Core 0 '' <Latency = 0> <II = 1> <Delay = 1.00> <Generic> <Opcode : >

State 18 <SV = 17> <Delay = 0.00>
ST_18 : Operation 38 [1/1] (0.00ns)   --->   "%specdataflowpipeline_ln15 = specdataflowpipeline void @_ssdm_op_SpecDataflowPipeline, i32 4294967295, i32 0, void @empty_1" [/home/ayvol/vitis-accel-DNN/vitis_accel_prj/kernel_wrapper.cpp:15]   --->   Operation 38 'specdataflowpipeline' 'specdataflowpipeline_ln15' <Predicate = true> <Delay = 0.00>
ST_18 : Operation 39 [1/18] (0.00ns)   --->   "%call_ln16 = call void @myproject, i256 %in_buf, i13 %empty, i16 %out_buf_0, i16 %out_buf_1, i16 %out_buf_2, i16 %out_buf_3, i16 %out_buf_4, i18 %exp_table, i18 %invert_table" [/home/ayvol/vitis-accel-DNN/vitis_accel_prj/kernel_wrapper.cpp:16]   --->   Operation 39 'call' 'call_ln16' <Predicate = true> <Delay = 0.00> <CoreType = "Generic">   --->   Core 0 '' <Latency = 0> <II = 1> <Delay = 1.00> <Generic> <Opcode : >
ST_18 : Operation 40 [1/1] (0.00ns)   --->   "%ret_ln16 = ret" [/home/ayvol/vitis-accel-DNN/vitis_accel_prj/kernel_wrapper.cpp:16]   --->   Operation 40 'ret' 'ret_ln16' <Predicate = true> <Delay = 0.00>


============================================================
+ Verbose Summary: Timing violations
============================================================
Target clock period: 5ns, clock uncertainty: 0.625ns.

 <State 1>: 1.43ns
The critical path consists of the following:
	wire read operation ('i_read') on port 'i' [10]  (0 ns)
	'call' operation ('call_ln16', /home/ayvol/vitis-accel-DNN/vitis_accel_prj/kernel_wrapper.cpp:16) to 'myproject' [13]  (1.43 ns)

 <State 2>: 4.37ns
The critical path consists of the following:
	'call' operation ('call_ln16', /home/ayvol/vitis-accel-DNN/vitis_accel_prj/kernel_wrapper.cpp:16) to 'myproject' [13]  (4.37 ns)

 <State 3>: 4.37ns
The critical path consists of the following:
	'call' operation ('call_ln16', /home/ayvol/vitis-accel-DNN/vitis_accel_prj/kernel_wrapper.cpp:16) to 'myproject' [13]  (4.37 ns)

 <State 4>: 4.37ns
The critical path consists of the following:
	'call' operation ('call_ln16', /home/ayvol/vitis-accel-DNN/vitis_accel_prj/kernel_wrapper.cpp:16) to 'myproject' [13]  (4.37 ns)

 <State 5>: 4.37ns
The critical path consists of the following:
	'call' operation ('call_ln16', /home/ayvol/vitis-accel-DNN/vitis_accel_prj/kernel_wrapper.cpp:16) to 'myproject' [13]  (4.37 ns)

 <State 6>: 4.37ns
The critical path consists of the following:
	'call' operation ('call_ln16', /home/ayvol/vitis-accel-DNN/vitis_accel_prj/kernel_wrapper.cpp:16) to 'myproject' [13]  (4.37 ns)

 <State 7>: 4.37ns
The critical path consists of the following:
	'call' operation ('call_ln16', /home/ayvol/vitis-accel-DNN/vitis_accel_prj/kernel_wrapper.cpp:16) to 'myproject' [13]  (4.37 ns)

 <State 8>: 4.37ns
The critical path consists of the following:
	'call' operation ('call_ln16', /home/ayvol/vitis-accel-DNN/vitis_accel_prj/kernel_wrapper.cpp:16) to 'myproject' [13]  (4.37 ns)

 <State 9>: 4.37ns
The critical path consists of the following:
	'call' operation ('call_ln16', /home/ayvol/vitis-accel-DNN/vitis_accel_prj/kernel_wrapper.cpp:16) to 'myproject' [13]  (4.37 ns)

 <State 10>: 4.37ns
The critical path consists of the following:
	'call' operation ('call_ln16', /home/ayvol/vitis-accel-DNN/vitis_accel_prj/kernel_wrapper.cpp:16) to 'myproject' [13]  (4.37 ns)

 <State 11>: 4.37ns
The critical path consists of the following:
	'call' operation ('call_ln16', /home/ayvol/vitis-accel-DNN/vitis_accel_prj/kernel_wrapper.cpp:16) to 'myproject' [13]  (4.37 ns)

 <State 12>: 4.37ns
The critical path consists of the following:
	'call' operation ('call_ln16', /home/ayvol/vitis-accel-DNN/vitis_accel_prj/kernel_wrapper.cpp:16) to 'myproject' [13]  (4.37 ns)

 <State 13>: 4.37ns
The critical path consists of the following:
	'call' operation ('call_ln16', /home/ayvol/vitis-accel-DNN/vitis_accel_prj/kernel_wrapper.cpp:16) to 'myproject' [13]  (4.37 ns)

 <State 14>: 4.37ns
The critical path consists of the following:
	'call' operation ('call_ln16', /home/ayvol/vitis-accel-DNN/vitis_accel_prj/kernel_wrapper.cpp:16) to 'myproject' [13]  (4.37 ns)

 <State 15>: 4.37ns
The critical path consists of the following:
	'call' operation ('call_ln16', /home/ayvol/vitis-accel-DNN/vitis_accel_prj/kernel_wrapper.cpp:16) to 'myproject' [13]  (4.37 ns)

 <State 16>: 4.37ns
The critical path consists of the following:
	'call' operation ('call_ln16', /home/ayvol/vitis-accel-DNN/vitis_accel_prj/kernel_wrapper.cpp:16) to 'myproject' [13]  (4.37 ns)

 <State 17>: 4.37ns
The critical path consists of the following:
	'call' operation ('call_ln16', /home/ayvol/vitis-accel-DNN/vitis_accel_prj/kernel_wrapper.cpp:16) to 'myproject' [13]  (4.37 ns)

 <State 18>: 0ns
The critical path consists of the following:


============================================================
+ Verbose Summary: Binding
============================================================
N/A
* FSMD analyzer results:
  - Output states:
 - Input state : 
  - Chain level:
	State 1
	State 2
	State 3
	State 4
	State 5
	State 6
	State 7
	State 8
	State 9
	State 10
	State 11
	State 12
	State 13
	State 14
	State 15
	State 16
	State 17
	State 18


============================================================
+ Verbose Summary: Datapath Resource usage 
============================================================
N/A
