/home/ayvol/vitis-accel-CNN/vitis_accel_prj/build/xo/myproject_kernel/kernel_wrapper/kernel_wrapper/solution/.autopilot/db/kernel_wrapper.pp.0.cpp:1339:7: warning: Added loop label VITIS_LOOP_1211_1:   [xilinx-label-all-loops]
      for (i = 0; i < __N - 1; ++i) {
      ^~~
      VITIS_LOOP_1211_1: 
/home/ayvol/vitis-accel-CNN/vitis_accel_prj/build/xo/myproject_kernel/kernel_wrapper/kernel_wrapper/solution/.autopilot/db/kernel_wrapper.pp.0.cpp:1339:7: note: FIX-IT applied suggested code changes
/home/ayvol/vitis-accel-CNN/vitis_accel_prj/build/xo/myproject_kernel/kernel_wrapper/kernel_wrapper/solution/.autopilot/db/kernel_wrapper.pp.0.cpp:2313:5: warning: Added loop label VITIS_LOOP_676_1:   [xilinx-label-all-loops]
    for (unsigned i = low; i != high; ++i) {
    ^~~
    VITIS_LOOP_676_1: 
/home/ayvol/vitis-accel-CNN/vitis_accel_prj/build/xo/myproject_kernel/kernel_wrapper/kernel_wrapper/solution/.autopilot/db/kernel_wrapper.pp.0.cpp:2313:5: note: FIX-IT applied suggested code changes
/home/ayvol/vitis-accel-CNN/vitis_accel_prj/build/xo/myproject_kernel/kernel_wrapper/kernel_wrapper/solution/.autopilot/db/kernel_wrapper.pp.0.cpp:2327:5: warning: Added loop label VITIS_LOOP_690_1:   [xilinx-label-all-loops]
    for (unsigned i = low; i != high; ++i) {
    ^~~
    VITIS_LOOP_690_1: 
/home/ayvol/vitis-accel-CNN/vitis_accel_prj/build/xo/myproject_kernel/kernel_wrapper/kernel_wrapper/solution/.autopilot/db/kernel_wrapper.pp.0.cpp:2327:5: note: FIX-IT applied suggested code changes
/home/ayvol/vitis-accel-CNN/vitis_accel_prj/build/xo/myproject_kernel/kernel_wrapper/kernel_wrapper/solution/.autopilot/db/kernel_wrapper.pp.0.cpp:2341:5: warning: Added loop label VITIS_LOOP_704_1:   [xilinx-label-all-loops]
    for (unsigned i = low; i != high; ++i) {
    ^~~
    VITIS_LOOP_704_1: 
/home/ayvol/vitis-accel-CNN/vitis_accel_prj/build/xo/myproject_kernel/kernel_wrapper/kernel_wrapper/solution/.autopilot/db/kernel_wrapper.pp.0.cpp:2341:5: note: FIX-IT applied suggested code changes
/home/ayvol/vitis-accel-CNN/vitis_accel_prj/build/xo/myproject_kernel/kernel_wrapper/kernel_wrapper/solution/.autopilot/db/kernel_wrapper.pp.0.cpp:3940:7: warning: Added loop label VITIS_LOOP_1245_1:   [xilinx-label-all-loops]
      for (i = 0; i < __N - 1; ++i) {
      ^~~
      VITIS_LOOP_1245_1: 
/home/ayvol/vitis-accel-CNN/vitis_accel_prj/build/xo/myproject_kernel/kernel_wrapper/kernel_wrapper/solution/.autopilot/db/kernel_wrapper.pp.0.cpp:3940:7: note: FIX-IT applied suggested code changes
/home/ayvol/vitis-accel-CNN/vitis_accel_prj/build/xo/myproject_kernel/kernel_wrapper/kernel_wrapper/solution/.autopilot/db/kernel_wrapper.pp.0.cpp:6778:9: warning: Added loop label VITIS_LOOP_27_1:   [xilinx-label-all-loops]
        for (unsigned i = 0; i < N; i++) {
        ^~~
        VITIS_LOOP_27_1: 
/home/ayvol/vitis-accel-CNN/vitis_accel_prj/build/xo/myproject_kernel/kernel_wrapper/kernel_wrapper/solution/.autopilot/db/kernel_wrapper.pp.0.cpp:6778:9: note: FIX-IT applied suggested code changes
/home/ayvol/vitis-accel-CNN/vitis_accel_prj/build/xo/myproject_kernel/kernel_wrapper/kernel_wrapper/solution/.autopilot/db/kernel_wrapper.pp.0.cpp:6791:9: warning: Added loop label VITIS_LOOP_40_1:   [xilinx-label-all-loops]
        for (size_t i = 0; i < N; i++) {
        ^~~
        VITIS_LOOP_40_1: 
/home/ayvol/vitis-accel-CNN/vitis_accel_prj/build/xo/myproject_kernel/kernel_wrapper/kernel_wrapper/solution/.autopilot/db/kernel_wrapper.pp.0.cpp:6791:9: note: FIX-IT applied suggested code changes
/home/ayvol/vitis-accel-CNN/vitis_accel_prj/build/xo/myproject_kernel/kernel_wrapper/kernel_wrapper/solution/.autopilot/db/kernel_wrapper.pp.0.cpp:7021:3: warning: Added loop label VITIS_LOOP_5_1:   [xilinx-label-all-loops]
  for (int i = 0; i < 32 * 32 * 1; i++) {
  ^~~
  VITIS_LOOP_5_1: 
/home/ayvol/vitis-accel-CNN/vitis_accel_prj/build/xo/myproject_kernel/kernel_wrapper/kernel_wrapper/solution/.autopilot/db/kernel_wrapper.pp.0.cpp:7021:3: note: FIX-IT applied suggested code changes
/home/ayvol/vitis-accel-CNN/vitis_accel_prj/build/xo/myproject_kernel/kernel_wrapper/kernel_wrapper/solution/.autopilot/db/kernel_wrapper.pp.0.cpp:7024:5: warning: Added loop label VITIS_LOOP_8_2:   [xilinx-label-all-loops]
    for (int j = 0; j < 3; j++) {
    ^~~
    VITIS_LOOP_8_2: 
/home/ayvol/vitis-accel-CNN/vitis_accel_prj/build/xo/myproject_kernel/kernel_wrapper/kernel_wrapper/solution/.autopilot/db/kernel_wrapper.pp.0.cpp:7024:5: note: FIX-IT applied suggested code changes
/home/ayvol/vitis-accel-CNN/vitis_accel_prj/build/xo/myproject_kernel/kernel_wrapper/kernel_wrapper/solution/.autopilot/db/kernel_wrapper.pp.0.cpp:7034:3: warning: Added loop label VITIS_LOOP_18_1:   [xilinx-label-all-loops]
  for (int i = 0; i < 10; i++) {
  ^~~
  VITIS_LOOP_18_1: 
/home/ayvol/vitis-accel-CNN/vitis_accel_prj/build/xo/myproject_kernel/kernel_wrapper/kernel_wrapper/solution/.autopilot/db/kernel_wrapper.pp.0.cpp:7034:3: note: FIX-IT applied suggested code changes
/home/ayvol/vitis-accel-CNN/vitis_accel_prj/build/xo/myproject_kernel/kernel_wrapper/kernel_wrapper/solution/.autopilot/db/kernel_wrapper.pp.0.cpp:7056:2: warning: Added loop label VITIS_LOOP_36_1:   [xilinx-label-all-loops]
 for (int n = 0; n < 8192; n++) {
 ^~~
 VITIS_LOOP_36_1: 
/home/ayvol/vitis-accel-CNN/vitis_accel_prj/build/xo/myproject_kernel/kernel_wrapper/kernel_wrapper/solution/.autopilot/db/kernel_wrapper.pp.0.cpp:7056:2: note: FIX-IT applied suggested code changes
