

================================================================
== Vitis HLS Report for 'read_input'
================================================================
* Date:           Sun Jun  2 03:43:46 2024

* Version:        2022.2 (Build 3670227 on Oct 13 2022)
* Project:        kernel_wrapper
* Solution:       solution (Vitis Kernel Flow Target)
* Product family: virtexuplus
* Target device:  xcu55c-fsvh2892-2L-e


================================================================
== Performance Estimates
================================================================
+ Timing: 
    * Summary: 
    +--------+---------+----------+------------+
    |  Clock |  Target | Estimated| Uncertainty|
    +--------+---------+----------+------------+
    |ap_clk  |  3.33 ns|  2.433 ns|     0.90 ns|
    +--------+---------+----------+------------+

+ Latency: 
    * Summary: 
    +---------+---------+-----------+-----------+------+------+---------+
    |  Latency (cycles) |   Latency (absolute)  |   Interval  | Pipeline|
    |   min   |   max   |    min    |    max    |  min |  max |   Type  |
    +---------+---------+-----------+-----------+------+------+---------+
    |     3148|     3148|  10.492 us|  10.492 us|  3148|  3148|       no|
    +---------+---------+-----------+-----------+------+------+---------+

    + Detail: 
        * Instance: 
        N/A

        * Loop: 
        N/A

============================================================
+ Verbose Summary: Synthesis Manager
============================================================
InlineROM: 1
ExposeGlobal: 0
============================================================
+ Verbose Summary: CDFG Model
============================================================
IsTopModel: 0
ResetActiveHigh: 1
IsCombinational: 2
IsDatapathOnly: 0
HasWiredReturn: 1
HasMFsm: 0
HasVarLatency: 1
IsPipeline: 0
IsRtlPipelined: 0
IsInstanceOverlapped: 0
IsDontTouch: 0
HasImplIP: 0
IsGatedGlobalClock: 0


============================================================
+ Verbose Summary: Schedule
============================================================
* Number of FSM states : 74
* Pipeline : 0
* Dataflow Pipeline: 0

* FSM state transitions: 
1 --> 2 
2 --> 3 
3 --> 4 
4 --> 5 
5 --> 6 
6 --> 7 
7 --> 8 
8 --> 9 
9 --> 10 
10 --> 11 
11 --> 12 
12 --> 13 
13 --> 14 
14 --> 15 
15 --> 16 
16 --> 17 
17 --> 18 
18 --> 19 
19 --> 20 
20 --> 21 
21 --> 22 
22 --> 23 
23 --> 24 
24 --> 25 
25 --> 26 
26 --> 27 
27 --> 28 
28 --> 29 
29 --> 30 
30 --> 31 
31 --> 32 
32 --> 33 
33 --> 34 
34 --> 35 
35 --> 36 
36 --> 37 
37 --> 38 
38 --> 39 
39 --> 40 
40 --> 41 
41 --> 42 
42 --> 43 
43 --> 44 
44 --> 45 
45 --> 46 
46 --> 47 
47 --> 48 
48 --> 49 
49 --> 50 
50 --> 51 
51 --> 52 
52 --> 53 
53 --> 54 
54 --> 55 
55 --> 56 
56 --> 57 
57 --> 58 
58 --> 59 
59 --> 60 
60 --> 61 
61 --> 62 
62 --> 63 
63 --> 64 
64 --> 65 
65 --> 66 
66 --> 67 
67 --> 68 
68 --> 69 
69 --> 70 
70 --> 71 
71 --> 72 
72 --> 73 
73 --> 74 
74 --> 

* FSM state operations: 

State 1 <SV = 0> <Delay = 2.43>
ST_1 : Operation 75 [1/1] (1.21ns)   --->   "%n_read = read i13 @_ssdm_op_Read.ap_auto.i13, i13 %n"   --->   Operation 75 'read' 'n_read' <Predicate = true> <Delay = 1.21> <CoreInst = "FIFO_SRL">   --->   Core 81 'FIFO_SRL' <Latency = 0> <II = 1> <Delay = 1.42> <Storage> <Opcode : 'read' 'write' 'nbread' 'nbwrite'> <Ports = 0> <Width = -1> <Depth = -1> <FIFO>
ST_1 : Operation 76 [1/1] (1.21ns)   --->   "%write_ln0 = write void @_ssdm_op_Write.ap_fifo.i13P0A, i13 %n_c, i13 %n_read"   --->   Operation 76 'write' 'write_ln0' <Predicate = true> <Delay = 1.21> <CoreInst = "FIFO_SRL">   --->   Core 81 'FIFO_SRL' <Latency = 0> <II = 1> <Delay = 1.33> <Storage> <Opcode : 'read' 'write' 'nbread' 'nbwrite'> <Ports = 0> <Width = 13> <Depth = 3> <FIFO>

State 2 <SV = 1> <Delay = 1.98>
ST_2 : Operation 77 [1/1] (0.00ns)   --->   "%in_r_read = read i64 @_ssdm_op_Read.ap_auto.i64, i64 %in_r"   --->   Operation 77 'read' 'in_r_read' <Predicate = true> <Delay = 0.00>
ST_2 : Operation 78 [1/1] (0.00ns)   --->   "%p_shl_i = bitconcatenate i25 @_ssdm_op_BitConcatenate.i25.i13.i12, i13 %n_read, i12 0"   --->   Operation 78 'bitconcatenate' 'p_shl_i' <Predicate = true> <Delay = 0.00>
ST_2 : Operation 79 [1/1] (0.00ns)   --->   "%p_shl_cast4_i = zext i25 %p_shl_i"   --->   Operation 79 'zext' 'p_shl_cast4_i' <Predicate = true> <Delay = 0.00>
ST_2 : Operation 80 [1/1] (0.00ns)   --->   "%p_shl1_i = bitconcatenate i23 @_ssdm_op_BitConcatenate.i23.i13.i10, i13 %n_read, i10 0"   --->   Operation 80 'bitconcatenate' 'p_shl1_i' <Predicate = true> <Delay = 0.00>
ST_2 : Operation 81 [1/1] (0.00ns)   --->   "%p_shl1_cast5_i = zext i23 %p_shl1_i"   --->   Operation 81 'zext' 'p_shl1_cast5_i' <Predicate = true> <Delay = 0.00>
ST_2 : Operation 82 [1/1] (0.83ns)   --->   "%mul7_i = sub i26 %p_shl_cast4_i, i26 %p_shl1_cast5_i"   --->   Operation 82 'sub' 'mul7_i' <Predicate = true> <Delay = 0.83> <CoreInst = "Adder">   --->   Core 1 'Adder' <Latency = 0> <II = 1> <Delay = 0.83> <FuncUnit> <Opcode : 'add' 'sub'> <InPorts = 2> <OutPorts = 1>
ST_2 : Operation 83 [1/1] (0.00ns)   --->   "%tmp_i = bitconcatenate i27 @_ssdm_op_BitConcatenate.i27.i26.i1, i26 %mul7_i, i1 0" [/home/ayvol/vitis-accel-CNN/vitis_accel_prj/kernel_wrapper.cpp:5->/home/ayvol/vitis-accel-CNN/vitis_accel_prj/kernel_wrapper.cpp:38]   --->   Operation 83 'bitconcatenate' 'tmp_i' <Predicate = true> <Delay = 0.00>
ST_2 : Operation 84 [1/1] (0.00ns)   --->   "%sext_ln5 = sext i27 %tmp_i" [/home/ayvol/vitis-accel-CNN/vitis_accel_prj/kernel_wrapper.cpp:5->/home/ayvol/vitis-accel-CNN/vitis_accel_prj/kernel_wrapper.cpp:38]   --->   Operation 84 'sext' 'sext_ln5' <Predicate = true> <Delay = 0.00>
ST_2 : Operation 85 [1/1] (1.14ns)   --->   "%add_ln5 = add i64 %sext_ln5, i64 %in_r_read" [/home/ayvol/vitis-accel-CNN/vitis_accel_prj/kernel_wrapper.cpp:5->/home/ayvol/vitis-accel-CNN/vitis_accel_prj/kernel_wrapper.cpp:38]   --->   Operation 85 'add' 'add_ln5' <Predicate = true> <Delay = 1.14> <CoreInst = "Adder">   --->   Core 1 'Adder' <Latency = 0> <II = 1> <Delay = 1.14> <FuncUnit> <Opcode : 'add' 'sub'> <InPorts = 2> <OutPorts = 1>
ST_2 : Operation 86 [1/1] (0.00ns)   --->   "%trunc_ln5_i = partselect i63 @_ssdm_op_PartSelect.i63.i64.i32.i32, i64 %add_ln5, i32 1, i32 63" [/home/ayvol/vitis-accel-CNN/vitis_accel_prj/kernel_wrapper.cpp:5->/home/ayvol/vitis-accel-CNN/vitis_accel_prj/kernel_wrapper.cpp:38]   --->   Operation 86 'partselect' 'trunc_ln5_i' <Predicate = true> <Delay = 0.00>

State 3 <SV = 2> <Delay = 2.43>
ST_3 : Operation 87 [1/1] (0.00ns)   --->   "%sext_ln5_1 = sext i63 %trunc_ln5_i" [/home/ayvol/vitis-accel-CNN/vitis_accel_prj/kernel_wrapper.cpp:5->/home/ayvol/vitis-accel-CNN/vitis_accel_prj/kernel_wrapper.cpp:38]   --->   Operation 87 'sext' 'sext_ln5_1' <Predicate = true> <Delay = 0.00>
ST_3 : Operation 88 [1/1] (0.00ns)   --->   "%gmem0_addr = getelementptr i16 %gmem0, i64 %sext_ln5_1" [/home/ayvol/vitis-accel-CNN/vitis_accel_prj/kernel_wrapper.cpp:5->/home/ayvol/vitis-accel-CNN/vitis_accel_prj/kernel_wrapper.cpp:38]   --->   Operation 88 'getelementptr' 'gmem0_addr' <Predicate = true> <Delay = 0.00>
ST_3 : Operation 89 [70/70] (2.43ns)   --->   "%empty = readreq i1 @_ssdm_op_ReadReq.m_axi.p1i16, i16 %gmem0_addr, i32 3072" [/home/ayvol/vitis-accel-CNN/vitis_accel_prj/kernel_wrapper.cpp:5->/home/ayvol/vitis-accel-CNN/vitis_accel_prj/kernel_wrapper.cpp:38]   --->   Operation 89 'readreq' 'empty' <Predicate = true> <Delay = 2.43> <CoreInst = "m_axi">   --->   Core 121 'm_axi' <Latency = 0> <II = 1> <Delay = 1.00> <Adapter> <Opcode : 'read' 'write' 'readreq' 'writereq' 'writeresp'>

State 4 <SV = 3> <Delay = 2.43>
ST_4 : Operation 90 [69/70] (2.43ns)   --->   "%empty = readreq i1 @_ssdm_op_ReadReq.m_axi.p1i16, i16 %gmem0_addr, i32 3072" [/home/ayvol/vitis-accel-CNN/vitis_accel_prj/kernel_wrapper.cpp:5->/home/ayvol/vitis-accel-CNN/vitis_accel_prj/kernel_wrapper.cpp:38]   --->   Operation 90 'readreq' 'empty' <Predicate = true> <Delay = 2.43> <CoreInst = "m_axi">   --->   Core 121 'm_axi' <Latency = 0> <II = 1> <Delay = 1.00> <Adapter> <Opcode : 'read' 'write' 'readreq' 'writereq' 'writeresp'>

State 5 <SV = 4> <Delay = 2.43>
ST_5 : Operation 91 [68/70] (2.43ns)   --->   "%empty = readreq i1 @_ssdm_op_ReadReq.m_axi.p1i16, i16 %gmem0_addr, i32 3072" [/home/ayvol/vitis-accel-CNN/vitis_accel_prj/kernel_wrapper.cpp:5->/home/ayvol/vitis-accel-CNN/vitis_accel_prj/kernel_wrapper.cpp:38]   --->   Operation 91 'readreq' 'empty' <Predicate = true> <Delay = 2.43> <CoreInst = "m_axi">   --->   Core 121 'm_axi' <Latency = 0> <II = 1> <Delay = 1.00> <Adapter> <Opcode : 'read' 'write' 'readreq' 'writereq' 'writeresp'>

State 6 <SV = 5> <Delay = 2.43>
ST_6 : Operation 92 [67/70] (2.43ns)   --->   "%empty = readreq i1 @_ssdm_op_ReadReq.m_axi.p1i16, i16 %gmem0_addr, i32 3072" [/home/ayvol/vitis-accel-CNN/vitis_accel_prj/kernel_wrapper.cpp:5->/home/ayvol/vitis-accel-CNN/vitis_accel_prj/kernel_wrapper.cpp:38]   --->   Operation 92 'readreq' 'empty' <Predicate = true> <Delay = 2.43> <CoreInst = "m_axi">   --->   Core 121 'm_axi' <Latency = 0> <II = 1> <Delay = 1.00> <Adapter> <Opcode : 'read' 'write' 'readreq' 'writereq' 'writeresp'>

State 7 <SV = 6> <Delay = 2.43>
ST_7 : Operation 93 [66/70] (2.43ns)   --->   "%empty = readreq i1 @_ssdm_op_ReadReq.m_axi.p1i16, i16 %gmem0_addr, i32 3072" [/home/ayvol/vitis-accel-CNN/vitis_accel_prj/kernel_wrapper.cpp:5->/home/ayvol/vitis-accel-CNN/vitis_accel_prj/kernel_wrapper.cpp:38]   --->   Operation 93 'readreq' 'empty' <Predicate = true> <Delay = 2.43> <CoreInst = "m_axi">   --->   Core 121 'm_axi' <Latency = 0> <II = 1> <Delay = 1.00> <Adapter> <Opcode : 'read' 'write' 'readreq' 'writereq' 'writeresp'>

State 8 <SV = 7> <Delay = 2.43>
ST_8 : Operation 94 [65/70] (2.43ns)   --->   "%empty = readreq i1 @_ssdm_op_ReadReq.m_axi.p1i16, i16 %gmem0_addr, i32 3072" [/home/ayvol/vitis-accel-CNN/vitis_accel_prj/kernel_wrapper.cpp:5->/home/ayvol/vitis-accel-CNN/vitis_accel_prj/kernel_wrapper.cpp:38]   --->   Operation 94 'readreq' 'empty' <Predicate = true> <Delay = 2.43> <CoreInst = "m_axi">   --->   Core 121 'm_axi' <Latency = 0> <II = 1> <Delay = 1.00> <Adapter> <Opcode : 'read' 'write' 'readreq' 'writereq' 'writeresp'>

State 9 <SV = 8> <Delay = 2.43>
ST_9 : Operation 95 [64/70] (2.43ns)   --->   "%empty = readreq i1 @_ssdm_op_ReadReq.m_axi.p1i16, i16 %gmem0_addr, i32 3072" [/home/ayvol/vitis-accel-CNN/vitis_accel_prj/kernel_wrapper.cpp:5->/home/ayvol/vitis-accel-CNN/vitis_accel_prj/kernel_wrapper.cpp:38]   --->   Operation 95 'readreq' 'empty' <Predicate = true> <Delay = 2.43> <CoreInst = "m_axi">   --->   Core 121 'm_axi' <Latency = 0> <II = 1> <Delay = 1.00> <Adapter> <Opcode : 'read' 'write' 'readreq' 'writereq' 'writeresp'>

State 10 <SV = 9> <Delay = 2.43>
ST_10 : Operation 96 [63/70] (2.43ns)   --->   "%empty = readreq i1 @_ssdm_op_ReadReq.m_axi.p1i16, i16 %gmem0_addr, i32 3072" [/home/ayvol/vitis-accel-CNN/vitis_accel_prj/kernel_wrapper.cpp:5->/home/ayvol/vitis-accel-CNN/vitis_accel_prj/kernel_wrapper.cpp:38]   --->   Operation 96 'readreq' 'empty' <Predicate = true> <Delay = 2.43> <CoreInst = "m_axi">   --->   Core 121 'm_axi' <Latency = 0> <II = 1> <Delay = 1.00> <Adapter> <Opcode : 'read' 'write' 'readreq' 'writereq' 'writeresp'>

State 11 <SV = 10> <Delay = 2.43>
ST_11 : Operation 97 [62/70] (2.43ns)   --->   "%empty = readreq i1 @_ssdm_op_ReadReq.m_axi.p1i16, i16 %gmem0_addr, i32 3072" [/home/ayvol/vitis-accel-CNN/vitis_accel_prj/kernel_wrapper.cpp:5->/home/ayvol/vitis-accel-CNN/vitis_accel_prj/kernel_wrapper.cpp:38]   --->   Operation 97 'readreq' 'empty' <Predicate = true> <Delay = 2.43> <CoreInst = "m_axi">   --->   Core 121 'm_axi' <Latency = 0> <II = 1> <Delay = 1.00> <Adapter> <Opcode : 'read' 'write' 'readreq' 'writereq' 'writeresp'>

State 12 <SV = 11> <Delay = 2.43>
ST_12 : Operation 98 [61/70] (2.43ns)   --->   "%empty = readreq i1 @_ssdm_op_ReadReq.m_axi.p1i16, i16 %gmem0_addr, i32 3072" [/home/ayvol/vitis-accel-CNN/vitis_accel_prj/kernel_wrapper.cpp:5->/home/ayvol/vitis-accel-CNN/vitis_accel_prj/kernel_wrapper.cpp:38]   --->   Operation 98 'readreq' 'empty' <Predicate = true> <Delay = 2.43> <CoreInst = "m_axi">   --->   Core 121 'm_axi' <Latency = 0> <II = 1> <Delay = 1.00> <Adapter> <Opcode : 'read' 'write' 'readreq' 'writereq' 'writeresp'>

State 13 <SV = 12> <Delay = 2.43>
ST_13 : Operation 99 [60/70] (2.43ns)   --->   "%empty = readreq i1 @_ssdm_op_ReadReq.m_axi.p1i16, i16 %gmem0_addr, i32 3072" [/home/ayvol/vitis-accel-CNN/vitis_accel_prj/kernel_wrapper.cpp:5->/home/ayvol/vitis-accel-CNN/vitis_accel_prj/kernel_wrapper.cpp:38]   --->   Operation 99 'readreq' 'empty' <Predicate = true> <Delay = 2.43> <CoreInst = "m_axi">   --->   Core 121 'm_axi' <Latency = 0> <II = 1> <Delay = 1.00> <Adapter> <Opcode : 'read' 'write' 'readreq' 'writereq' 'writeresp'>

State 14 <SV = 13> <Delay = 2.43>
ST_14 : Operation 100 [59/70] (2.43ns)   --->   "%empty = readreq i1 @_ssdm_op_ReadReq.m_axi.p1i16, i16 %gmem0_addr, i32 3072" [/home/ayvol/vitis-accel-CNN/vitis_accel_prj/kernel_wrapper.cpp:5->/home/ayvol/vitis-accel-CNN/vitis_accel_prj/kernel_wrapper.cpp:38]   --->   Operation 100 'readreq' 'empty' <Predicate = true> <Delay = 2.43> <CoreInst = "m_axi">   --->   Core 121 'm_axi' <Latency = 0> <II = 1> <Delay = 1.00> <Adapter> <Opcode : 'read' 'write' 'readreq' 'writereq' 'writeresp'>

State 15 <SV = 14> <Delay = 2.43>
ST_15 : Operation 101 [58/70] (2.43ns)   --->   "%empty = readreq i1 @_ssdm_op_ReadReq.m_axi.p1i16, i16 %gmem0_addr, i32 3072" [/home/ayvol/vitis-accel-CNN/vitis_accel_prj/kernel_wrapper.cpp:5->/home/ayvol/vitis-accel-CNN/vitis_accel_prj/kernel_wrapper.cpp:38]   --->   Operation 101 'readreq' 'empty' <Predicate = true> <Delay = 2.43> <CoreInst = "m_axi">   --->   Core 121 'm_axi' <Latency = 0> <II = 1> <Delay = 1.00> <Adapter> <Opcode : 'read' 'write' 'readreq' 'writereq' 'writeresp'>

State 16 <SV = 15> <Delay = 2.43>
ST_16 : Operation 102 [57/70] (2.43ns)   --->   "%empty = readreq i1 @_ssdm_op_ReadReq.m_axi.p1i16, i16 %gmem0_addr, i32 3072" [/home/ayvol/vitis-accel-CNN/vitis_accel_prj/kernel_wrapper.cpp:5->/home/ayvol/vitis-accel-CNN/vitis_accel_prj/kernel_wrapper.cpp:38]   --->   Operation 102 'readreq' 'empty' <Predicate = true> <Delay = 2.43> <CoreInst = "m_axi">   --->   Core 121 'm_axi' <Latency = 0> <II = 1> <Delay = 1.00> <Adapter> <Opcode : 'read' 'write' 'readreq' 'writereq' 'writeresp'>

State 17 <SV = 16> <Delay = 2.43>
ST_17 : Operation 103 [56/70] (2.43ns)   --->   "%empty = readreq i1 @_ssdm_op_ReadReq.m_axi.p1i16, i16 %gmem0_addr, i32 3072" [/home/ayvol/vitis-accel-CNN/vitis_accel_prj/kernel_wrapper.cpp:5->/home/ayvol/vitis-accel-CNN/vitis_accel_prj/kernel_wrapper.cpp:38]   --->   Operation 103 'readreq' 'empty' <Predicate = true> <Delay = 2.43> <CoreInst = "m_axi">   --->   Core 121 'm_axi' <Latency = 0> <II = 1> <Delay = 1.00> <Adapter> <Opcode : 'read' 'write' 'readreq' 'writereq' 'writeresp'>

State 18 <SV = 17> <Delay = 2.43>
ST_18 : Operation 104 [55/70] (2.43ns)   --->   "%empty = readreq i1 @_ssdm_op_ReadReq.m_axi.p1i16, i16 %gmem0_addr, i32 3072" [/home/ayvol/vitis-accel-CNN/vitis_accel_prj/kernel_wrapper.cpp:5->/home/ayvol/vitis-accel-CNN/vitis_accel_prj/kernel_wrapper.cpp:38]   --->   Operation 104 'readreq' 'empty' <Predicate = true> <Delay = 2.43> <CoreInst = "m_axi">   --->   Core 121 'm_axi' <Latency = 0> <II = 1> <Delay = 1.00> <Adapter> <Opcode : 'read' 'write' 'readreq' 'writereq' 'writeresp'>

State 19 <SV = 18> <Delay = 2.43>
ST_19 : Operation 105 [54/70] (2.43ns)   --->   "%empty = readreq i1 @_ssdm_op_ReadReq.m_axi.p1i16, i16 %gmem0_addr, i32 3072" [/home/ayvol/vitis-accel-CNN/vitis_accel_prj/kernel_wrapper.cpp:5->/home/ayvol/vitis-accel-CNN/vitis_accel_prj/kernel_wrapper.cpp:38]   --->   Operation 105 'readreq' 'empty' <Predicate = true> <Delay = 2.43> <CoreInst = "m_axi">   --->   Core 121 'm_axi' <Latency = 0> <II = 1> <Delay = 1.00> <Adapter> <Opcode : 'read' 'write' 'readreq' 'writereq' 'writeresp'>

State 20 <SV = 19> <Delay = 2.43>
ST_20 : Operation 106 [53/70] (2.43ns)   --->   "%empty = readreq i1 @_ssdm_op_ReadReq.m_axi.p1i16, i16 %gmem0_addr, i32 3072" [/home/ayvol/vitis-accel-CNN/vitis_accel_prj/kernel_wrapper.cpp:5->/home/ayvol/vitis-accel-CNN/vitis_accel_prj/kernel_wrapper.cpp:38]   --->   Operation 106 'readreq' 'empty' <Predicate = true> <Delay = 2.43> <CoreInst = "m_axi">   --->   Core 121 'm_axi' <Latency = 0> <II = 1> <Delay = 1.00> <Adapter> <Opcode : 'read' 'write' 'readreq' 'writereq' 'writeresp'>

State 21 <SV = 20> <Delay = 2.43>
ST_21 : Operation 107 [52/70] (2.43ns)   --->   "%empty = readreq i1 @_ssdm_op_ReadReq.m_axi.p1i16, i16 %gmem0_addr, i32 3072" [/home/ayvol/vitis-accel-CNN/vitis_accel_prj/kernel_wrapper.cpp:5->/home/ayvol/vitis-accel-CNN/vitis_accel_prj/kernel_wrapper.cpp:38]   --->   Operation 107 'readreq' 'empty' <Predicate = true> <Delay = 2.43> <CoreInst = "m_axi">   --->   Core 121 'm_axi' <Latency = 0> <II = 1> <Delay = 1.00> <Adapter> <Opcode : 'read' 'write' 'readreq' 'writereq' 'writeresp'>

State 22 <SV = 21> <Delay = 2.43>
ST_22 : Operation 108 [51/70] (2.43ns)   --->   "%empty = readreq i1 @_ssdm_op_ReadReq.m_axi.p1i16, i16 %gmem0_addr, i32 3072" [/home/ayvol/vitis-accel-CNN/vitis_accel_prj/kernel_wrapper.cpp:5->/home/ayvol/vitis-accel-CNN/vitis_accel_prj/kernel_wrapper.cpp:38]   --->   Operation 108 'readreq' 'empty' <Predicate = true> <Delay = 2.43> <CoreInst = "m_axi">   --->   Core 121 'm_axi' <Latency = 0> <II = 1> <Delay = 1.00> <Adapter> <Opcode : 'read' 'write' 'readreq' 'writereq' 'writeresp'>

State 23 <SV = 22> <Delay = 2.43>
ST_23 : Operation 109 [50/70] (2.43ns)   --->   "%empty = readreq i1 @_ssdm_op_ReadReq.m_axi.p1i16, i16 %gmem0_addr, i32 3072" [/home/ayvol/vitis-accel-CNN/vitis_accel_prj/kernel_wrapper.cpp:5->/home/ayvol/vitis-accel-CNN/vitis_accel_prj/kernel_wrapper.cpp:38]   --->   Operation 109 'readreq' 'empty' <Predicate = true> <Delay = 2.43> <CoreInst = "m_axi">   --->   Core 121 'm_axi' <Latency = 0> <II = 1> <Delay = 1.00> <Adapter> <Opcode : 'read' 'write' 'readreq' 'writereq' 'writeresp'>

State 24 <SV = 23> <Delay = 2.43>
ST_24 : Operation 110 [49/70] (2.43ns)   --->   "%empty = readreq i1 @_ssdm_op_ReadReq.m_axi.p1i16, i16 %gmem0_addr, i32 3072" [/home/ayvol/vitis-accel-CNN/vitis_accel_prj/kernel_wrapper.cpp:5->/home/ayvol/vitis-accel-CNN/vitis_accel_prj/kernel_wrapper.cpp:38]   --->   Operation 110 'readreq' 'empty' <Predicate = true> <Delay = 2.43> <CoreInst = "m_axi">   --->   Core 121 'm_axi' <Latency = 0> <II = 1> <Delay = 1.00> <Adapter> <Opcode : 'read' 'write' 'readreq' 'writereq' 'writeresp'>

State 25 <SV = 24> <Delay = 2.43>
ST_25 : Operation 111 [48/70] (2.43ns)   --->   "%empty = readreq i1 @_ssdm_op_ReadReq.m_axi.p1i16, i16 %gmem0_addr, i32 3072" [/home/ayvol/vitis-accel-CNN/vitis_accel_prj/kernel_wrapper.cpp:5->/home/ayvol/vitis-accel-CNN/vitis_accel_prj/kernel_wrapper.cpp:38]   --->   Operation 111 'readreq' 'empty' <Predicate = true> <Delay = 2.43> <CoreInst = "m_axi">   --->   Core 121 'm_axi' <Latency = 0> <II = 1> <Delay = 1.00> <Adapter> <Opcode : 'read' 'write' 'readreq' 'writereq' 'writeresp'>

State 26 <SV = 25> <Delay = 2.43>
ST_26 : Operation 112 [47/70] (2.43ns)   --->   "%empty = readreq i1 @_ssdm_op_ReadReq.m_axi.p1i16, i16 %gmem0_addr, i32 3072" [/home/ayvol/vitis-accel-CNN/vitis_accel_prj/kernel_wrapper.cpp:5->/home/ayvol/vitis-accel-CNN/vitis_accel_prj/kernel_wrapper.cpp:38]   --->   Operation 112 'readreq' 'empty' <Predicate = true> <Delay = 2.43> <CoreInst = "m_axi">   --->   Core 121 'm_axi' <Latency = 0> <II = 1> <Delay = 1.00> <Adapter> <Opcode : 'read' 'write' 'readreq' 'writereq' 'writeresp'>

State 27 <SV = 26> <Delay = 2.43>
ST_27 : Operation 113 [46/70] (2.43ns)   --->   "%empty = readreq i1 @_ssdm_op_ReadReq.m_axi.p1i16, i16 %gmem0_addr, i32 3072" [/home/ayvol/vitis-accel-CNN/vitis_accel_prj/kernel_wrapper.cpp:5->/home/ayvol/vitis-accel-CNN/vitis_accel_prj/kernel_wrapper.cpp:38]   --->   Operation 113 'readreq' 'empty' <Predicate = true> <Delay = 2.43> <CoreInst = "m_axi">   --->   Core 121 'm_axi' <Latency = 0> <II = 1> <Delay = 1.00> <Adapter> <Opcode : 'read' 'write' 'readreq' 'writereq' 'writeresp'>

State 28 <SV = 27> <Delay = 2.43>
ST_28 : Operation 114 [45/70] (2.43ns)   --->   "%empty = readreq i1 @_ssdm_op_ReadReq.m_axi.p1i16, i16 %gmem0_addr, i32 3072" [/home/ayvol/vitis-accel-CNN/vitis_accel_prj/kernel_wrapper.cpp:5->/home/ayvol/vitis-accel-CNN/vitis_accel_prj/kernel_wrapper.cpp:38]   --->   Operation 114 'readreq' 'empty' <Predicate = true> <Delay = 2.43> <CoreInst = "m_axi">   --->   Core 121 'm_axi' <Latency = 0> <II = 1> <Delay = 1.00> <Adapter> <Opcode : 'read' 'write' 'readreq' 'writereq' 'writeresp'>

State 29 <SV = 28> <Delay = 2.43>
ST_29 : Operation 115 [44/70] (2.43ns)   --->   "%empty = readreq i1 @_ssdm_op_ReadReq.m_axi.p1i16, i16 %gmem0_addr, i32 3072" [/home/ayvol/vitis-accel-CNN/vitis_accel_prj/kernel_wrapper.cpp:5->/home/ayvol/vitis-accel-CNN/vitis_accel_prj/kernel_wrapper.cpp:38]   --->   Operation 115 'readreq' 'empty' <Predicate = true> <Delay = 2.43> <CoreInst = "m_axi">   --->   Core 121 'm_axi' <Latency = 0> <II = 1> <Delay = 1.00> <Adapter> <Opcode : 'read' 'write' 'readreq' 'writereq' 'writeresp'>

State 30 <SV = 29> <Delay = 2.43>
ST_30 : Operation 116 [43/70] (2.43ns)   --->   "%empty = readreq i1 @_ssdm_op_ReadReq.m_axi.p1i16, i16 %gmem0_addr, i32 3072" [/home/ayvol/vitis-accel-CNN/vitis_accel_prj/kernel_wrapper.cpp:5->/home/ayvol/vitis-accel-CNN/vitis_accel_prj/kernel_wrapper.cpp:38]   --->   Operation 116 'readreq' 'empty' <Predicate = true> <Delay = 2.43> <CoreInst = "m_axi">   --->   Core 121 'm_axi' <Latency = 0> <II = 1> <Delay = 1.00> <Adapter> <Opcode : 'read' 'write' 'readreq' 'writereq' 'writeresp'>

State 31 <SV = 30> <Delay = 2.43>
ST_31 : Operation 117 [42/70] (2.43ns)   --->   "%empty = readreq i1 @_ssdm_op_ReadReq.m_axi.p1i16, i16 %gmem0_addr, i32 3072" [/home/ayvol/vitis-accel-CNN/vitis_accel_prj/kernel_wrapper.cpp:5->/home/ayvol/vitis-accel-CNN/vitis_accel_prj/kernel_wrapper.cpp:38]   --->   Operation 117 'readreq' 'empty' <Predicate = true> <Delay = 2.43> <CoreInst = "m_axi">   --->   Core 121 'm_axi' <Latency = 0> <II = 1> <Delay = 1.00> <Adapter> <Opcode : 'read' 'write' 'readreq' 'writereq' 'writeresp'>

State 32 <SV = 31> <Delay = 2.43>
ST_32 : Operation 118 [41/70] (2.43ns)   --->   "%empty = readreq i1 @_ssdm_op_ReadReq.m_axi.p1i16, i16 %gmem0_addr, i32 3072" [/home/ayvol/vitis-accel-CNN/vitis_accel_prj/kernel_wrapper.cpp:5->/home/ayvol/vitis-accel-CNN/vitis_accel_prj/kernel_wrapper.cpp:38]   --->   Operation 118 'readreq' 'empty' <Predicate = true> <Delay = 2.43> <CoreInst = "m_axi">   --->   Core 121 'm_axi' <Latency = 0> <II = 1> <Delay = 1.00> <Adapter> <Opcode : 'read' 'write' 'readreq' 'writereq' 'writeresp'>

State 33 <SV = 32> <Delay = 2.43>
ST_33 : Operation 119 [40/70] (2.43ns)   --->   "%empty = readreq i1 @_ssdm_op_ReadReq.m_axi.p1i16, i16 %gmem0_addr, i32 3072" [/home/ayvol/vitis-accel-CNN/vitis_accel_prj/kernel_wrapper.cpp:5->/home/ayvol/vitis-accel-CNN/vitis_accel_prj/kernel_wrapper.cpp:38]   --->   Operation 119 'readreq' 'empty' <Predicate = true> <Delay = 2.43> <CoreInst = "m_axi">   --->   Core 121 'm_axi' <Latency = 0> <II = 1> <Delay = 1.00> <Adapter> <Opcode : 'read' 'write' 'readreq' 'writereq' 'writeresp'>

State 34 <SV = 33> <Delay = 2.43>
ST_34 : Operation 120 [39/70] (2.43ns)   --->   "%empty = readreq i1 @_ssdm_op_ReadReq.m_axi.p1i16, i16 %gmem0_addr, i32 3072" [/home/ayvol/vitis-accel-CNN/vitis_accel_prj/kernel_wrapper.cpp:5->/home/ayvol/vitis-accel-CNN/vitis_accel_prj/kernel_wrapper.cpp:38]   --->   Operation 120 'readreq' 'empty' <Predicate = true> <Delay = 2.43> <CoreInst = "m_axi">   --->   Core 121 'm_axi' <Latency = 0> <II = 1> <Delay = 1.00> <Adapter> <Opcode : 'read' 'write' 'readreq' 'writereq' 'writeresp'>

State 35 <SV = 34> <Delay = 2.43>
ST_35 : Operation 121 [38/70] (2.43ns)   --->   "%empty = readreq i1 @_ssdm_op_ReadReq.m_axi.p1i16, i16 %gmem0_addr, i32 3072" [/home/ayvol/vitis-accel-CNN/vitis_accel_prj/kernel_wrapper.cpp:5->/home/ayvol/vitis-accel-CNN/vitis_accel_prj/kernel_wrapper.cpp:38]   --->   Operation 121 'readreq' 'empty' <Predicate = true> <Delay = 2.43> <CoreInst = "m_axi">   --->   Core 121 'm_axi' <Latency = 0> <II = 1> <Delay = 1.00> <Adapter> <Opcode : 'read' 'write' 'readreq' 'writereq' 'writeresp'>

State 36 <SV = 35> <Delay = 2.43>
ST_36 : Operation 122 [37/70] (2.43ns)   --->   "%empty = readreq i1 @_ssdm_op_ReadReq.m_axi.p1i16, i16 %gmem0_addr, i32 3072" [/home/ayvol/vitis-accel-CNN/vitis_accel_prj/kernel_wrapper.cpp:5->/home/ayvol/vitis-accel-CNN/vitis_accel_prj/kernel_wrapper.cpp:38]   --->   Operation 122 'readreq' 'empty' <Predicate = true> <Delay = 2.43> <CoreInst = "m_axi">   --->   Core 121 'm_axi' <Latency = 0> <II = 1> <Delay = 1.00> <Adapter> <Opcode : 'read' 'write' 'readreq' 'writereq' 'writeresp'>

State 37 <SV = 36> <Delay = 2.43>
ST_37 : Operation 123 [36/70] (2.43ns)   --->   "%empty = readreq i1 @_ssdm_op_ReadReq.m_axi.p1i16, i16 %gmem0_addr, i32 3072" [/home/ayvol/vitis-accel-CNN/vitis_accel_prj/kernel_wrapper.cpp:5->/home/ayvol/vitis-accel-CNN/vitis_accel_prj/kernel_wrapper.cpp:38]   --->   Operation 123 'readreq' 'empty' <Predicate = true> <Delay = 2.43> <CoreInst = "m_axi">   --->   Core 121 'm_axi' <Latency = 0> <II = 1> <Delay = 1.00> <Adapter> <Opcode : 'read' 'write' 'readreq' 'writereq' 'writeresp'>

State 38 <SV = 37> <Delay = 2.43>
ST_38 : Operation 124 [35/70] (2.43ns)   --->   "%empty = readreq i1 @_ssdm_op_ReadReq.m_axi.p1i16, i16 %gmem0_addr, i32 3072" [/home/ayvol/vitis-accel-CNN/vitis_accel_prj/kernel_wrapper.cpp:5->/home/ayvol/vitis-accel-CNN/vitis_accel_prj/kernel_wrapper.cpp:38]   --->   Operation 124 'readreq' 'empty' <Predicate = true> <Delay = 2.43> <CoreInst = "m_axi">   --->   Core 121 'm_axi' <Latency = 0> <II = 1> <Delay = 1.00> <Adapter> <Opcode : 'read' 'write' 'readreq' 'writereq' 'writeresp'>

State 39 <SV = 38> <Delay = 2.43>
ST_39 : Operation 125 [34/70] (2.43ns)   --->   "%empty = readreq i1 @_ssdm_op_ReadReq.m_axi.p1i16, i16 %gmem0_addr, i32 3072" [/home/ayvol/vitis-accel-CNN/vitis_accel_prj/kernel_wrapper.cpp:5->/home/ayvol/vitis-accel-CNN/vitis_accel_prj/kernel_wrapper.cpp:38]   --->   Operation 125 'readreq' 'empty' <Predicate = true> <Delay = 2.43> <CoreInst = "m_axi">   --->   Core 121 'm_axi' <Latency = 0> <II = 1> <Delay = 1.00> <Adapter> <Opcode : 'read' 'write' 'readreq' 'writereq' 'writeresp'>

State 40 <SV = 39> <Delay = 2.43>
ST_40 : Operation 126 [33/70] (2.43ns)   --->   "%empty = readreq i1 @_ssdm_op_ReadReq.m_axi.p1i16, i16 %gmem0_addr, i32 3072" [/home/ayvol/vitis-accel-CNN/vitis_accel_prj/kernel_wrapper.cpp:5->/home/ayvol/vitis-accel-CNN/vitis_accel_prj/kernel_wrapper.cpp:38]   --->   Operation 126 'readreq' 'empty' <Predicate = true> <Delay = 2.43> <CoreInst = "m_axi">   --->   Core 121 'm_axi' <Latency = 0> <II = 1> <Delay = 1.00> <Adapter> <Opcode : 'read' 'write' 'readreq' 'writereq' 'writeresp'>

State 41 <SV = 40> <Delay = 2.43>
ST_41 : Operation 127 [32/70] (2.43ns)   --->   "%empty = readreq i1 @_ssdm_op_ReadReq.m_axi.p1i16, i16 %gmem0_addr, i32 3072" [/home/ayvol/vitis-accel-CNN/vitis_accel_prj/kernel_wrapper.cpp:5->/home/ayvol/vitis-accel-CNN/vitis_accel_prj/kernel_wrapper.cpp:38]   --->   Operation 127 'readreq' 'empty' <Predicate = true> <Delay = 2.43> <CoreInst = "m_axi">   --->   Core 121 'm_axi' <Latency = 0> <II = 1> <Delay = 1.00> <Adapter> <Opcode : 'read' 'write' 'readreq' 'writereq' 'writeresp'>

State 42 <SV = 41> <Delay = 2.43>
ST_42 : Operation 128 [31/70] (2.43ns)   --->   "%empty = readreq i1 @_ssdm_op_ReadReq.m_axi.p1i16, i16 %gmem0_addr, i32 3072" [/home/ayvol/vitis-accel-CNN/vitis_accel_prj/kernel_wrapper.cpp:5->/home/ayvol/vitis-accel-CNN/vitis_accel_prj/kernel_wrapper.cpp:38]   --->   Operation 128 'readreq' 'empty' <Predicate = true> <Delay = 2.43> <CoreInst = "m_axi">   --->   Core 121 'm_axi' <Latency = 0> <II = 1> <Delay = 1.00> <Adapter> <Opcode : 'read' 'write' 'readreq' 'writereq' 'writeresp'>

State 43 <SV = 42> <Delay = 2.43>
ST_43 : Operation 129 [30/70] (2.43ns)   --->   "%empty = readreq i1 @_ssdm_op_ReadReq.m_axi.p1i16, i16 %gmem0_addr, i32 3072" [/home/ayvol/vitis-accel-CNN/vitis_accel_prj/kernel_wrapper.cpp:5->/home/ayvol/vitis-accel-CNN/vitis_accel_prj/kernel_wrapper.cpp:38]   --->   Operation 129 'readreq' 'empty' <Predicate = true> <Delay = 2.43> <CoreInst = "m_axi">   --->   Core 121 'm_axi' <Latency = 0> <II = 1> <Delay = 1.00> <Adapter> <Opcode : 'read' 'write' 'readreq' 'writereq' 'writeresp'>

State 44 <SV = 43> <Delay = 2.43>
ST_44 : Operation 130 [29/70] (2.43ns)   --->   "%empty = readreq i1 @_ssdm_op_ReadReq.m_axi.p1i16, i16 %gmem0_addr, i32 3072" [/home/ayvol/vitis-accel-CNN/vitis_accel_prj/kernel_wrapper.cpp:5->/home/ayvol/vitis-accel-CNN/vitis_accel_prj/kernel_wrapper.cpp:38]   --->   Operation 130 'readreq' 'empty' <Predicate = true> <Delay = 2.43> <CoreInst = "m_axi">   --->   Core 121 'm_axi' <Latency = 0> <II = 1> <Delay = 1.00> <Adapter> <Opcode : 'read' 'write' 'readreq' 'writereq' 'writeresp'>

State 45 <SV = 44> <Delay = 2.43>
ST_45 : Operation 131 [28/70] (2.43ns)   --->   "%empty = readreq i1 @_ssdm_op_ReadReq.m_axi.p1i16, i16 %gmem0_addr, i32 3072" [/home/ayvol/vitis-accel-CNN/vitis_accel_prj/kernel_wrapper.cpp:5->/home/ayvol/vitis-accel-CNN/vitis_accel_prj/kernel_wrapper.cpp:38]   --->   Operation 131 'readreq' 'empty' <Predicate = true> <Delay = 2.43> <CoreInst = "m_axi">   --->   Core 121 'm_axi' <Latency = 0> <II = 1> <Delay = 1.00> <Adapter> <Opcode : 'read' 'write' 'readreq' 'writereq' 'writeresp'>

State 46 <SV = 45> <Delay = 2.43>
ST_46 : Operation 132 [27/70] (2.43ns)   --->   "%empty = readreq i1 @_ssdm_op_ReadReq.m_axi.p1i16, i16 %gmem0_addr, i32 3072" [/home/ayvol/vitis-accel-CNN/vitis_accel_prj/kernel_wrapper.cpp:5->/home/ayvol/vitis-accel-CNN/vitis_accel_prj/kernel_wrapper.cpp:38]   --->   Operation 132 'readreq' 'empty' <Predicate = true> <Delay = 2.43> <CoreInst = "m_axi">   --->   Core 121 'm_axi' <Latency = 0> <II = 1> <Delay = 1.00> <Adapter> <Opcode : 'read' 'write' 'readreq' 'writereq' 'writeresp'>

State 47 <SV = 46> <Delay = 2.43>
ST_47 : Operation 133 [26/70] (2.43ns)   --->   "%empty = readreq i1 @_ssdm_op_ReadReq.m_axi.p1i16, i16 %gmem0_addr, i32 3072" [/home/ayvol/vitis-accel-CNN/vitis_accel_prj/kernel_wrapper.cpp:5->/home/ayvol/vitis-accel-CNN/vitis_accel_prj/kernel_wrapper.cpp:38]   --->   Operation 133 'readreq' 'empty' <Predicate = true> <Delay = 2.43> <CoreInst = "m_axi">   --->   Core 121 'm_axi' <Latency = 0> <II = 1> <Delay = 1.00> <Adapter> <Opcode : 'read' 'write' 'readreq' 'writereq' 'writeresp'>

State 48 <SV = 47> <Delay = 2.43>
ST_48 : Operation 134 [25/70] (2.43ns)   --->   "%empty = readreq i1 @_ssdm_op_ReadReq.m_axi.p1i16, i16 %gmem0_addr, i32 3072" [/home/ayvol/vitis-accel-CNN/vitis_accel_prj/kernel_wrapper.cpp:5->/home/ayvol/vitis-accel-CNN/vitis_accel_prj/kernel_wrapper.cpp:38]   --->   Operation 134 'readreq' 'empty' <Predicate = true> <Delay = 2.43> <CoreInst = "m_axi">   --->   Core 121 'm_axi' <Latency = 0> <II = 1> <Delay = 1.00> <Adapter> <Opcode : 'read' 'write' 'readreq' 'writereq' 'writeresp'>

State 49 <SV = 48> <Delay = 2.43>
ST_49 : Operation 135 [24/70] (2.43ns)   --->   "%empty = readreq i1 @_ssdm_op_ReadReq.m_axi.p1i16, i16 %gmem0_addr, i32 3072" [/home/ayvol/vitis-accel-CNN/vitis_accel_prj/kernel_wrapper.cpp:5->/home/ayvol/vitis-accel-CNN/vitis_accel_prj/kernel_wrapper.cpp:38]   --->   Operation 135 'readreq' 'empty' <Predicate = true> <Delay = 2.43> <CoreInst = "m_axi">   --->   Core 121 'm_axi' <Latency = 0> <II = 1> <Delay = 1.00> <Adapter> <Opcode : 'read' 'write' 'readreq' 'writereq' 'writeresp'>

State 50 <SV = 49> <Delay = 2.43>
ST_50 : Operation 136 [23/70] (2.43ns)   --->   "%empty = readreq i1 @_ssdm_op_ReadReq.m_axi.p1i16, i16 %gmem0_addr, i32 3072" [/home/ayvol/vitis-accel-CNN/vitis_accel_prj/kernel_wrapper.cpp:5->/home/ayvol/vitis-accel-CNN/vitis_accel_prj/kernel_wrapper.cpp:38]   --->   Operation 136 'readreq' 'empty' <Predicate = true> <Delay = 2.43> <CoreInst = "m_axi">   --->   Core 121 'm_axi' <Latency = 0> <II = 1> <Delay = 1.00> <Adapter> <Opcode : 'read' 'write' 'readreq' 'writereq' 'writeresp'>

State 51 <SV = 50> <Delay = 2.43>
ST_51 : Operation 137 [22/70] (2.43ns)   --->   "%empty = readreq i1 @_ssdm_op_ReadReq.m_axi.p1i16, i16 %gmem0_addr, i32 3072" [/home/ayvol/vitis-accel-CNN/vitis_accel_prj/kernel_wrapper.cpp:5->/home/ayvol/vitis-accel-CNN/vitis_accel_prj/kernel_wrapper.cpp:38]   --->   Operation 137 'readreq' 'empty' <Predicate = true> <Delay = 2.43> <CoreInst = "m_axi">   --->   Core 121 'm_axi' <Latency = 0> <II = 1> <Delay = 1.00> <Adapter> <Opcode : 'read' 'write' 'readreq' 'writereq' 'writeresp'>

State 52 <SV = 51> <Delay = 2.43>
ST_52 : Operation 138 [21/70] (2.43ns)   --->   "%empty = readreq i1 @_ssdm_op_ReadReq.m_axi.p1i16, i16 %gmem0_addr, i32 3072" [/home/ayvol/vitis-accel-CNN/vitis_accel_prj/kernel_wrapper.cpp:5->/home/ayvol/vitis-accel-CNN/vitis_accel_prj/kernel_wrapper.cpp:38]   --->   Operation 138 'readreq' 'empty' <Predicate = true> <Delay = 2.43> <CoreInst = "m_axi">   --->   Core 121 'm_axi' <Latency = 0> <II = 1> <Delay = 1.00> <Adapter> <Opcode : 'read' 'write' 'readreq' 'writereq' 'writeresp'>

State 53 <SV = 52> <Delay = 2.43>
ST_53 : Operation 139 [20/70] (2.43ns)   --->   "%empty = readreq i1 @_ssdm_op_ReadReq.m_axi.p1i16, i16 %gmem0_addr, i32 3072" [/home/ayvol/vitis-accel-CNN/vitis_accel_prj/kernel_wrapper.cpp:5->/home/ayvol/vitis-accel-CNN/vitis_accel_prj/kernel_wrapper.cpp:38]   --->   Operation 139 'readreq' 'empty' <Predicate = true> <Delay = 2.43> <CoreInst = "m_axi">   --->   Core 121 'm_axi' <Latency = 0> <II = 1> <Delay = 1.00> <Adapter> <Opcode : 'read' 'write' 'readreq' 'writereq' 'writeresp'>

State 54 <SV = 53> <Delay = 2.43>
ST_54 : Operation 140 [19/70] (2.43ns)   --->   "%empty = readreq i1 @_ssdm_op_ReadReq.m_axi.p1i16, i16 %gmem0_addr, i32 3072" [/home/ayvol/vitis-accel-CNN/vitis_accel_prj/kernel_wrapper.cpp:5->/home/ayvol/vitis-accel-CNN/vitis_accel_prj/kernel_wrapper.cpp:38]   --->   Operation 140 'readreq' 'empty' <Predicate = true> <Delay = 2.43> <CoreInst = "m_axi">   --->   Core 121 'm_axi' <Latency = 0> <II = 1> <Delay = 1.00> <Adapter> <Opcode : 'read' 'write' 'readreq' 'writereq' 'writeresp'>

State 55 <SV = 54> <Delay = 2.43>
ST_55 : Operation 141 [18/70] (2.43ns)   --->   "%empty = readreq i1 @_ssdm_op_ReadReq.m_axi.p1i16, i16 %gmem0_addr, i32 3072" [/home/ayvol/vitis-accel-CNN/vitis_accel_prj/kernel_wrapper.cpp:5->/home/ayvol/vitis-accel-CNN/vitis_accel_prj/kernel_wrapper.cpp:38]   --->   Operation 141 'readreq' 'empty' <Predicate = true> <Delay = 2.43> <CoreInst = "m_axi">   --->   Core 121 'm_axi' <Latency = 0> <II = 1> <Delay = 1.00> <Adapter> <Opcode : 'read' 'write' 'readreq' 'writereq' 'writeresp'>

State 56 <SV = 55> <Delay = 2.43>
ST_56 : Operation 142 [17/70] (2.43ns)   --->   "%empty = readreq i1 @_ssdm_op_ReadReq.m_axi.p1i16, i16 %gmem0_addr, i32 3072" [/home/ayvol/vitis-accel-CNN/vitis_accel_prj/kernel_wrapper.cpp:5->/home/ayvol/vitis-accel-CNN/vitis_accel_prj/kernel_wrapper.cpp:38]   --->   Operation 142 'readreq' 'empty' <Predicate = true> <Delay = 2.43> <CoreInst = "m_axi">   --->   Core 121 'm_axi' <Latency = 0> <II = 1> <Delay = 1.00> <Adapter> <Opcode : 'read' 'write' 'readreq' 'writereq' 'writeresp'>

State 57 <SV = 56> <Delay = 2.43>
ST_57 : Operation 143 [16/70] (2.43ns)   --->   "%empty = readreq i1 @_ssdm_op_ReadReq.m_axi.p1i16, i16 %gmem0_addr, i32 3072" [/home/ayvol/vitis-accel-CNN/vitis_accel_prj/kernel_wrapper.cpp:5->/home/ayvol/vitis-accel-CNN/vitis_accel_prj/kernel_wrapper.cpp:38]   --->   Operation 143 'readreq' 'empty' <Predicate = true> <Delay = 2.43> <CoreInst = "m_axi">   --->   Core 121 'm_axi' <Latency = 0> <II = 1> <Delay = 1.00> <Adapter> <Opcode : 'read' 'write' 'readreq' 'writereq' 'writeresp'>

State 58 <SV = 57> <Delay = 2.43>
ST_58 : Operation 144 [15/70] (2.43ns)   --->   "%empty = readreq i1 @_ssdm_op_ReadReq.m_axi.p1i16, i16 %gmem0_addr, i32 3072" [/home/ayvol/vitis-accel-CNN/vitis_accel_prj/kernel_wrapper.cpp:5->/home/ayvol/vitis-accel-CNN/vitis_accel_prj/kernel_wrapper.cpp:38]   --->   Operation 144 'readreq' 'empty' <Predicate = true> <Delay = 2.43> <CoreInst = "m_axi">   --->   Core 121 'm_axi' <Latency = 0> <II = 1> <Delay = 1.00> <Adapter> <Opcode : 'read' 'write' 'readreq' 'writereq' 'writeresp'>

State 59 <SV = 58> <Delay = 2.43>
ST_59 : Operation 145 [14/70] (2.43ns)   --->   "%empty = readreq i1 @_ssdm_op_ReadReq.m_axi.p1i16, i16 %gmem0_addr, i32 3072" [/home/ayvol/vitis-accel-CNN/vitis_accel_prj/kernel_wrapper.cpp:5->/home/ayvol/vitis-accel-CNN/vitis_accel_prj/kernel_wrapper.cpp:38]   --->   Operation 145 'readreq' 'empty' <Predicate = true> <Delay = 2.43> <CoreInst = "m_axi">   --->   Core 121 'm_axi' <Latency = 0> <II = 1> <Delay = 1.00> <Adapter> <Opcode : 'read' 'write' 'readreq' 'writereq' 'writeresp'>

State 60 <SV = 59> <Delay = 2.43>
ST_60 : Operation 146 [13/70] (2.43ns)   --->   "%empty = readreq i1 @_ssdm_op_ReadReq.m_axi.p1i16, i16 %gmem0_addr, i32 3072" [/home/ayvol/vitis-accel-CNN/vitis_accel_prj/kernel_wrapper.cpp:5->/home/ayvol/vitis-accel-CNN/vitis_accel_prj/kernel_wrapper.cpp:38]   --->   Operation 146 'readreq' 'empty' <Predicate = true> <Delay = 2.43> <CoreInst = "m_axi">   --->   Core 121 'm_axi' <Latency = 0> <II = 1> <Delay = 1.00> <Adapter> <Opcode : 'read' 'write' 'readreq' 'writereq' 'writeresp'>

State 61 <SV = 60> <Delay = 2.43>
ST_61 : Operation 147 [12/70] (2.43ns)   --->   "%empty = readreq i1 @_ssdm_op_ReadReq.m_axi.p1i16, i16 %gmem0_addr, i32 3072" [/home/ayvol/vitis-accel-CNN/vitis_accel_prj/kernel_wrapper.cpp:5->/home/ayvol/vitis-accel-CNN/vitis_accel_prj/kernel_wrapper.cpp:38]   --->   Operation 147 'readreq' 'empty' <Predicate = true> <Delay = 2.43> <CoreInst = "m_axi">   --->   Core 121 'm_axi' <Latency = 0> <II = 1> <Delay = 1.00> <Adapter> <Opcode : 'read' 'write' 'readreq' 'writereq' 'writeresp'>

State 62 <SV = 61> <Delay = 2.43>
ST_62 : Operation 148 [11/70] (2.43ns)   --->   "%empty = readreq i1 @_ssdm_op_ReadReq.m_axi.p1i16, i16 %gmem0_addr, i32 3072" [/home/ayvol/vitis-accel-CNN/vitis_accel_prj/kernel_wrapper.cpp:5->/home/ayvol/vitis-accel-CNN/vitis_accel_prj/kernel_wrapper.cpp:38]   --->   Operation 148 'readreq' 'empty' <Predicate = true> <Delay = 2.43> <CoreInst = "m_axi">   --->   Core 121 'm_axi' <Latency = 0> <II = 1> <Delay = 1.00> <Adapter> <Opcode : 'read' 'write' 'readreq' 'writereq' 'writeresp'>

State 63 <SV = 62> <Delay = 2.43>
ST_63 : Operation 149 [10/70] (2.43ns)   --->   "%empty = readreq i1 @_ssdm_op_ReadReq.m_axi.p1i16, i16 %gmem0_addr, i32 3072" [/home/ayvol/vitis-accel-CNN/vitis_accel_prj/kernel_wrapper.cpp:5->/home/ayvol/vitis-accel-CNN/vitis_accel_prj/kernel_wrapper.cpp:38]   --->   Operation 149 'readreq' 'empty' <Predicate = true> <Delay = 2.43> <CoreInst = "m_axi">   --->   Core 121 'm_axi' <Latency = 0> <II = 1> <Delay = 1.00> <Adapter> <Opcode : 'read' 'write' 'readreq' 'writereq' 'writeresp'>

State 64 <SV = 63> <Delay = 2.43>
ST_64 : Operation 150 [9/70] (2.43ns)   --->   "%empty = readreq i1 @_ssdm_op_ReadReq.m_axi.p1i16, i16 %gmem0_addr, i32 3072" [/home/ayvol/vitis-accel-CNN/vitis_accel_prj/kernel_wrapper.cpp:5->/home/ayvol/vitis-accel-CNN/vitis_accel_prj/kernel_wrapper.cpp:38]   --->   Operation 150 'readreq' 'empty' <Predicate = true> <Delay = 2.43> <CoreInst = "m_axi">   --->   Core 121 'm_axi' <Latency = 0> <II = 1> <Delay = 1.00> <Adapter> <Opcode : 'read' 'write' 'readreq' 'writereq' 'writeresp'>

State 65 <SV = 64> <Delay = 2.43>
ST_65 : Operation 151 [8/70] (2.43ns)   --->   "%empty = readreq i1 @_ssdm_op_ReadReq.m_axi.p1i16, i16 %gmem0_addr, i32 3072" [/home/ayvol/vitis-accel-CNN/vitis_accel_prj/kernel_wrapper.cpp:5->/home/ayvol/vitis-accel-CNN/vitis_accel_prj/kernel_wrapper.cpp:38]   --->   Operation 151 'readreq' 'empty' <Predicate = true> <Delay = 2.43> <CoreInst = "m_axi">   --->   Core 121 'm_axi' <Latency = 0> <II = 1> <Delay = 1.00> <Adapter> <Opcode : 'read' 'write' 'readreq' 'writereq' 'writeresp'>

State 66 <SV = 65> <Delay = 2.43>
ST_66 : Operation 152 [7/70] (2.43ns)   --->   "%empty = readreq i1 @_ssdm_op_ReadReq.m_axi.p1i16, i16 %gmem0_addr, i32 3072" [/home/ayvol/vitis-accel-CNN/vitis_accel_prj/kernel_wrapper.cpp:5->/home/ayvol/vitis-accel-CNN/vitis_accel_prj/kernel_wrapper.cpp:38]   --->   Operation 152 'readreq' 'empty' <Predicate = true> <Delay = 2.43> <CoreInst = "m_axi">   --->   Core 121 'm_axi' <Latency = 0> <II = 1> <Delay = 1.00> <Adapter> <Opcode : 'read' 'write' 'readreq' 'writereq' 'writeresp'>

State 67 <SV = 66> <Delay = 2.43>
ST_67 : Operation 153 [6/70] (2.43ns)   --->   "%empty = readreq i1 @_ssdm_op_ReadReq.m_axi.p1i16, i16 %gmem0_addr, i32 3072" [/home/ayvol/vitis-accel-CNN/vitis_accel_prj/kernel_wrapper.cpp:5->/home/ayvol/vitis-accel-CNN/vitis_accel_prj/kernel_wrapper.cpp:38]   --->   Operation 153 'readreq' 'empty' <Predicate = true> <Delay = 2.43> <CoreInst = "m_axi">   --->   Core 121 'm_axi' <Latency = 0> <II = 1> <Delay = 1.00> <Adapter> <Opcode : 'read' 'write' 'readreq' 'writereq' 'writeresp'>

State 68 <SV = 67> <Delay = 2.43>
ST_68 : Operation 154 [5/70] (2.43ns)   --->   "%empty = readreq i1 @_ssdm_op_ReadReq.m_axi.p1i16, i16 %gmem0_addr, i32 3072" [/home/ayvol/vitis-accel-CNN/vitis_accel_prj/kernel_wrapper.cpp:5->/home/ayvol/vitis-accel-CNN/vitis_accel_prj/kernel_wrapper.cpp:38]   --->   Operation 154 'readreq' 'empty' <Predicate = true> <Delay = 2.43> <CoreInst = "m_axi">   --->   Core 121 'm_axi' <Latency = 0> <II = 1> <Delay = 1.00> <Adapter> <Opcode : 'read' 'write' 'readreq' 'writereq' 'writeresp'>

State 69 <SV = 68> <Delay = 2.43>
ST_69 : Operation 155 [4/70] (2.43ns)   --->   "%empty = readreq i1 @_ssdm_op_ReadReq.m_axi.p1i16, i16 %gmem0_addr, i32 3072" [/home/ayvol/vitis-accel-CNN/vitis_accel_prj/kernel_wrapper.cpp:5->/home/ayvol/vitis-accel-CNN/vitis_accel_prj/kernel_wrapper.cpp:38]   --->   Operation 155 'readreq' 'empty' <Predicate = true> <Delay = 2.43> <CoreInst = "m_axi">   --->   Core 121 'm_axi' <Latency = 0> <II = 1> <Delay = 1.00> <Adapter> <Opcode : 'read' 'write' 'readreq' 'writereq' 'writeresp'>

State 70 <SV = 69> <Delay = 2.43>
ST_70 : Operation 156 [3/70] (2.43ns)   --->   "%empty = readreq i1 @_ssdm_op_ReadReq.m_axi.p1i16, i16 %gmem0_addr, i32 3072" [/home/ayvol/vitis-accel-CNN/vitis_accel_prj/kernel_wrapper.cpp:5->/home/ayvol/vitis-accel-CNN/vitis_accel_prj/kernel_wrapper.cpp:38]   --->   Operation 156 'readreq' 'empty' <Predicate = true> <Delay = 2.43> <CoreInst = "m_axi">   --->   Core 121 'm_axi' <Latency = 0> <II = 1> <Delay = 1.00> <Adapter> <Opcode : 'read' 'write' 'readreq' 'writereq' 'writeresp'>

State 71 <SV = 70> <Delay = 2.43>
ST_71 : Operation 157 [2/70] (2.43ns)   --->   "%empty = readreq i1 @_ssdm_op_ReadReq.m_axi.p1i16, i16 %gmem0_addr, i32 3072" [/home/ayvol/vitis-accel-CNN/vitis_accel_prj/kernel_wrapper.cpp:5->/home/ayvol/vitis-accel-CNN/vitis_accel_prj/kernel_wrapper.cpp:38]   --->   Operation 157 'readreq' 'empty' <Predicate = true> <Delay = 2.43> <CoreInst = "m_axi">   --->   Core 121 'm_axi' <Latency = 0> <II = 1> <Delay = 1.00> <Adapter> <Opcode : 'read' 'write' 'readreq' 'writereq' 'writeresp'>

State 72 <SV = 71> <Delay = 2.43>
ST_72 : Operation 158 [1/70] (2.43ns)   --->   "%empty = readreq i1 @_ssdm_op_ReadReq.m_axi.p1i16, i16 %gmem0_addr, i32 3072" [/home/ayvol/vitis-accel-CNN/vitis_accel_prj/kernel_wrapper.cpp:5->/home/ayvol/vitis-accel-CNN/vitis_accel_prj/kernel_wrapper.cpp:38]   --->   Operation 158 'readreq' 'empty' <Predicate = true> <Delay = 2.43> <CoreInst = "m_axi">   --->   Core 121 'm_axi' <Latency = 0> <II = 1> <Delay = 1.00> <Adapter> <Opcode : 'read' 'write' 'readreq' 'writereq' 'writeresp'>

State 73 <SV = 72> <Delay = 0.00>
ST_73 : Operation 159 [1/1] (0.00ns)   --->   "%empty_101 = wait i32 @_ssdm_op_Wait"   --->   Operation 159 'wait' 'empty_101' <Predicate = true> <Delay = 0.00>
ST_73 : Operation 160 [2/2] (0.00ns)   --->   "%call_ln5 = call void @read_input_Pipeline_VITIS_LOOP_5_1, i16 %gmem0, i63 %trunc_ln5_i, i48 %input1" [/home/ayvol/vitis-accel-CNN/vitis_accel_prj/kernel_wrapper.cpp:5->/home/ayvol/vitis-accel-CNN/vitis_accel_prj/kernel_wrapper.cpp:38]   --->   Operation 160 'call' 'call_ln5' <Predicate = true> <Delay = 0.00> <CoreType = "Generic">   --->   Core 0 '' <Latency = 0> <II = 1> <Delay = 1.00> <Generic> <Opcode : >

State 74 <SV = 73> <Delay = 0.00>
ST_74 : Operation 161 [1/1] (0.00ns)   --->   "%specinterface_ln0 = specinterface void @_ssdm_op_SpecInterface, i13 %n_c, void @ap_fifo_str, i32 0, i32 0, void @p_str, i32 0, i32 0, void @p_str, void @p_str, void @p_str, i32 2, i32 2, i32 16, i32 16, void @p_str, void @ScalarProp_str, i32 4294967295, i32 0"   --->   Operation 161 'specinterface' 'specinterface_ln0' <Predicate = true> <Delay = 0.00>
ST_74 : Operation 162 [1/1] (0.00ns)   --->   "%specinterface_ln0 = specinterface void @_ssdm_op_SpecInterface, i48 %input1, void @empty_0, i32 0, i32 0, void @empty_7, i32 0, i32 0, void @empty_7, void @empty_7, void @empty_7, i32 0, i32 0, i32 0, i32 0, void @empty_7, void @empty_7, i32 4294967295, i32 0"   --->   Operation 162 'specinterface' 'specinterface_ln0' <Predicate = true> <Delay = 0.00>
ST_74 : Operation 163 [1/1] (0.00ns)   --->   "%specinterface_ln0 = specinterface void @_ssdm_op_SpecInterface, i16 %gmem0, void @empty_16, i32 0, i32 0, void @empty_7, i32 64, i32 0, void @empty_29, void @empty_10, void @empty_7, i32 16, i32 16, i32 16, i32 16, void @empty_7, void @empty_7, i32 4294967295, i32 0"   --->   Operation 163 'specinterface' 'specinterface_ln0' <Predicate = true> <Delay = 0.00>
ST_74 : Operation 164 [1/2] (0.00ns)   --->   "%call_ln5 = call void @read_input_Pipeline_VITIS_LOOP_5_1, i16 %gmem0, i63 %trunc_ln5_i, i48 %input1" [/home/ayvol/vitis-accel-CNN/vitis_accel_prj/kernel_wrapper.cpp:5->/home/ayvol/vitis-accel-CNN/vitis_accel_prj/kernel_wrapper.cpp:38]   --->   Operation 164 'call' 'call_ln5' <Predicate = true> <Delay = 0.00> <CoreType = "Generic">   --->   Core 0 '' <Latency = 0> <II = 1> <Delay = 1.00> <Generic> <Opcode : >
ST_74 : Operation 165 [1/1] (0.00ns)   --->   "%ret_ln38 = ret" [/home/ayvol/vitis-accel-CNN/vitis_accel_prj/kernel_wrapper.cpp:38]   --->   Operation 165 'ret' 'ret_ln38' <Predicate = true> <Delay = 0.00>


============================================================
+ Verbose Summary: Timing violations
============================================================
Target clock period: 3.33ns, clock uncertainty: 0.9ns.

 <State 1>: 2.43ns
The critical path consists of the following:
	wire read operation ('n_read') on port 'n' [6]  (1.22 ns)
	fifo write operation ('write_ln0') on port 'n_c' [9]  (1.22 ns)

 <State 2>: 1.99ns
The critical path consists of the following:
	'sub' operation ('mul7_i') [16]  (0.838 ns)
	'add' operation ('add_ln5', /home/ayvol/vitis-accel-CNN/vitis_accel_prj/kernel_wrapper.cpp:5->/home/ayvol/vitis-accel-CNN/vitis_accel_prj/kernel_wrapper.cpp:38) [19]  (1.15 ns)

 <State 3>: 2.43ns
The critical path consists of the following:
	'getelementptr' operation ('gmem0_addr', /home/ayvol/vitis-accel-CNN/vitis_accel_prj/kernel_wrapper.cpp:5->/home/ayvol/vitis-accel-CNN/vitis_accel_prj/kernel_wrapper.cpp:38) [22]  (0 ns)
	bus request operation ('empty', /home/ayvol/vitis-accel-CNN/vitis_accel_prj/kernel_wrapper.cpp:5->/home/ayvol/vitis-accel-CNN/vitis_accel_prj/kernel_wrapper.cpp:38) on port 'gmem0' (/home/ayvol/vitis-accel-CNN/vitis_accel_prj/kernel_wrapper.cpp:5->/home/ayvol/vitis-accel-CNN/vitis_accel_prj/kernel_wrapper.cpp:38) [23]  (2.43 ns)

 <State 4>: 2.43ns
The critical path consists of the following:
	bus request operation ('empty', /home/ayvol/vitis-accel-CNN/vitis_accel_prj/kernel_wrapper.cpp:5->/home/ayvol/vitis-accel-CNN/vitis_accel_prj/kernel_wrapper.cpp:38) on port 'gmem0' (/home/ayvol/vitis-accel-CNN/vitis_accel_prj/kernel_wrapper.cpp:5->/home/ayvol/vitis-accel-CNN/vitis_accel_prj/kernel_wrapper.cpp:38) [23]  (2.43 ns)

 <State 5>: 2.43ns
The critical path consists of the following:
	bus request operation ('empty', /home/ayvol/vitis-accel-CNN/vitis_accel_prj/kernel_wrapper.cpp:5->/home/ayvol/vitis-accel-CNN/vitis_accel_prj/kernel_wrapper.cpp:38) on port 'gmem0' (/home/ayvol/vitis-accel-CNN/vitis_accel_prj/kernel_wrapper.cpp:5->/home/ayvol/vitis-accel-CNN/vitis_accel_prj/kernel_wrapper.cpp:38) [23]  (2.43 ns)

 <State 6>: 2.43ns
The critical path consists of the following:
	bus request operation ('empty', /home/ayvol/vitis-accel-CNN/vitis_accel_prj/kernel_wrapper.cpp:5->/home/ayvol/vitis-accel-CNN/vitis_accel_prj/kernel_wrapper.cpp:38) on port 'gmem0' (/home/ayvol/vitis-accel-CNN/vitis_accel_prj/kernel_wrapper.cpp:5->/home/ayvol/vitis-accel-CNN/vitis_accel_prj/kernel_wrapper.cpp:38) [23]  (2.43 ns)

 <State 7>: 2.43ns
The critical path consists of the following:
	bus request operation ('empty', /home/ayvol/vitis-accel-CNN/vitis_accel_prj/kernel_wrapper.cpp:5->/home/ayvol/vitis-accel-CNN/vitis_accel_prj/kernel_wrapper.cpp:38) on port 'gmem0' (/home/ayvol/vitis-accel-CNN/vitis_accel_prj/kernel_wrapper.cpp:5->/home/ayvol/vitis-accel-CNN/vitis_accel_prj/kernel_wrapper.cpp:38) [23]  (2.43 ns)

 <State 8>: 2.43ns
The critical path consists of the following:
	bus request operation ('empty', /home/ayvol/vitis-accel-CNN/vitis_accel_prj/kernel_wrapper.cpp:5->/home/ayvol/vitis-accel-CNN/vitis_accel_prj/kernel_wrapper.cpp:38) on port 'gmem0' (/home/ayvol/vitis-accel-CNN/vitis_accel_prj/kernel_wrapper.cpp:5->/home/ayvol/vitis-accel-CNN/vitis_accel_prj/kernel_wrapper.cpp:38) [23]  (2.43 ns)

 <State 9>: 2.43ns
The critical path consists of the following:
	bus request operation ('empty', /home/ayvol/vitis-accel-CNN/vitis_accel_prj/kernel_wrapper.cpp:5->/home/ayvol/vitis-accel-CNN/vitis_accel_prj/kernel_wrapper.cpp:38) on port 'gmem0' (/home/ayvol/vitis-accel-CNN/vitis_accel_prj/kernel_wrapper.cpp:5->/home/ayvol/vitis-accel-CNN/vitis_accel_prj/kernel_wrapper.cpp:38) [23]  (2.43 ns)

 <State 10>: 2.43ns
The critical path consists of the following:
	bus request operation ('empty', /home/ayvol/vitis-accel-CNN/vitis_accel_prj/kernel_wrapper.cpp:5->/home/ayvol/vitis-accel-CNN/vitis_accel_prj/kernel_wrapper.cpp:38) on port 'gmem0' (/home/ayvol/vitis-accel-CNN/vitis_accel_prj/kernel_wrapper.cpp:5->/home/ayvol/vitis-accel-CNN/vitis_accel_prj/kernel_wrapper.cpp:38) [23]  (2.43 ns)

 <State 11>: 2.43ns
The critical path consists of the following:
	bus request operation ('empty', /home/ayvol/vitis-accel-CNN/vitis_accel_prj/kernel_wrapper.cpp:5->/home/ayvol/vitis-accel-CNN/vitis_accel_prj/kernel_wrapper.cpp:38) on port 'gmem0' (/home/ayvol/vitis-accel-CNN/vitis_accel_prj/kernel_wrapper.cpp:5->/home/ayvol/vitis-accel-CNN/vitis_accel_prj/kernel_wrapper.cpp:38) [23]  (2.43 ns)

 <State 12>: 2.43ns
The critical path consists of the following:
	bus request operation ('empty', /home/ayvol/vitis-accel-CNN/vitis_accel_prj/kernel_wrapper.cpp:5->/home/ayvol/vitis-accel-CNN/vitis_accel_prj/kernel_wrapper.cpp:38) on port 'gmem0' (/home/ayvol/vitis-accel-CNN/vitis_accel_prj/kernel_wrapper.cpp:5->/home/ayvol/vitis-accel-CNN/vitis_accel_prj/kernel_wrapper.cpp:38) [23]  (2.43 ns)

 <State 13>: 2.43ns
The critical path consists of the following:
	bus request operation ('empty', /home/ayvol/vitis-accel-CNN/vitis_accel_prj/kernel_wrapper.cpp:5->/home/ayvol/vitis-accel-CNN/vitis_accel_prj/kernel_wrapper.cpp:38) on port 'gmem0' (/home/ayvol/vitis-accel-CNN/vitis_accel_prj/kernel_wrapper.cpp:5->/home/ayvol/vitis-accel-CNN/vitis_accel_prj/kernel_wrapper.cpp:38) [23]  (2.43 ns)

 <State 14>: 2.43ns
The critical path consists of the following:
	bus request operation ('empty', /home/ayvol/vitis-accel-CNN/vitis_accel_prj/kernel_wrapper.cpp:5->/home/ayvol/vitis-accel-CNN/vitis_accel_prj/kernel_wrapper.cpp:38) on port 'gmem0' (/home/ayvol/vitis-accel-CNN/vitis_accel_prj/kernel_wrapper.cpp:5->/home/ayvol/vitis-accel-CNN/vitis_accel_prj/kernel_wrapper.cpp:38) [23]  (2.43 ns)

 <State 15>: 2.43ns
The critical path consists of the following:
	bus request operation ('empty', /home/ayvol/vitis-accel-CNN/vitis_accel_prj/kernel_wrapper.cpp:5->/home/ayvol/vitis-accel-CNN/vitis_accel_prj/kernel_wrapper.cpp:38) on port 'gmem0' (/home/ayvol/vitis-accel-CNN/vitis_accel_prj/kernel_wrapper.cpp:5->/home/ayvol/vitis-accel-CNN/vitis_accel_prj/kernel_wrapper.cpp:38) [23]  (2.43 ns)

 <State 16>: 2.43ns
The critical path consists of the following:
	bus request operation ('empty', /home/ayvol/vitis-accel-CNN/vitis_accel_prj/kernel_wrapper.cpp:5->/home/ayvol/vitis-accel-CNN/vitis_accel_prj/kernel_wrapper.cpp:38) on port 'gmem0' (/home/ayvol/vitis-accel-CNN/vitis_accel_prj/kernel_wrapper.cpp:5->/home/ayvol/vitis-accel-CNN/vitis_accel_prj/kernel_wrapper.cpp:38) [23]  (2.43 ns)

 <State 17>: 2.43ns
The critical path consists of the following:
	bus request operation ('empty', /home/ayvol/vitis-accel-CNN/vitis_accel_prj/kernel_wrapper.cpp:5->/home/ayvol/vitis-accel-CNN/vitis_accel_prj/kernel_wrapper.cpp:38) on port 'gmem0' (/home/ayvol/vitis-accel-CNN/vitis_accel_prj/kernel_wrapper.cpp:5->/home/ayvol/vitis-accel-CNN/vitis_accel_prj/kernel_wrapper.cpp:38) [23]  (2.43 ns)

 <State 18>: 2.43ns
The critical path consists of the following:
	bus request operation ('empty', /home/ayvol/vitis-accel-CNN/vitis_accel_prj/kernel_wrapper.cpp:5->/home/ayvol/vitis-accel-CNN/vitis_accel_prj/kernel_wrapper.cpp:38) on port 'gmem0' (/home/ayvol/vitis-accel-CNN/vitis_accel_prj/kernel_wrapper.cpp:5->/home/ayvol/vitis-accel-CNN/vitis_accel_prj/kernel_wrapper.cpp:38) [23]  (2.43 ns)

 <State 19>: 2.43ns
The critical path consists of the following:
	bus request operation ('empty', /home/ayvol/vitis-accel-CNN/vitis_accel_prj/kernel_wrapper.cpp:5->/home/ayvol/vitis-accel-CNN/vitis_accel_prj/kernel_wrapper.cpp:38) on port 'gmem0' (/home/ayvol/vitis-accel-CNN/vitis_accel_prj/kernel_wrapper.cpp:5->/home/ayvol/vitis-accel-CNN/vitis_accel_prj/kernel_wrapper.cpp:38) [23]  (2.43 ns)

 <State 20>: 2.43ns
The critical path consists of the following:
	bus request operation ('empty', /home/ayvol/vitis-accel-CNN/vitis_accel_prj/kernel_wrapper.cpp:5->/home/ayvol/vitis-accel-CNN/vitis_accel_prj/kernel_wrapper.cpp:38) on port 'gmem0' (/home/ayvol/vitis-accel-CNN/vitis_accel_prj/kernel_wrapper.cpp:5->/home/ayvol/vitis-accel-CNN/vitis_accel_prj/kernel_wrapper.cpp:38) [23]  (2.43 ns)

 <State 21>: 2.43ns
The critical path consists of the following:
	bus request operation ('empty', /home/ayvol/vitis-accel-CNN/vitis_accel_prj/kernel_wrapper.cpp:5->/home/ayvol/vitis-accel-CNN/vitis_accel_prj/kernel_wrapper.cpp:38) on port 'gmem0' (/home/ayvol/vitis-accel-CNN/vitis_accel_prj/kernel_wrapper.cpp:5->/home/ayvol/vitis-accel-CNN/vitis_accel_prj/kernel_wrapper.cpp:38) [23]  (2.43 ns)

 <State 22>: 2.43ns
The critical path consists of the following:
	bus request operation ('empty', /home/ayvol/vitis-accel-CNN/vitis_accel_prj/kernel_wrapper.cpp:5->/home/ayvol/vitis-accel-CNN/vitis_accel_prj/kernel_wrapper.cpp:38) on port 'gmem0' (/home/ayvol/vitis-accel-CNN/vitis_accel_prj/kernel_wrapper.cpp:5->/home/ayvol/vitis-accel-CNN/vitis_accel_prj/kernel_wrapper.cpp:38) [23]  (2.43 ns)

 <State 23>: 2.43ns
The critical path consists of the following:
	bus request operation ('empty', /home/ayvol/vitis-accel-CNN/vitis_accel_prj/kernel_wrapper.cpp:5->/home/ayvol/vitis-accel-CNN/vitis_accel_prj/kernel_wrapper.cpp:38) on port 'gmem0' (/home/ayvol/vitis-accel-CNN/vitis_accel_prj/kernel_wrapper.cpp:5->/home/ayvol/vitis-accel-CNN/vitis_accel_prj/kernel_wrapper.cpp:38) [23]  (2.43 ns)

 <State 24>: 2.43ns
The critical path consists of the following:
	bus request operation ('empty', /home/ayvol/vitis-accel-CNN/vitis_accel_prj/kernel_wrapper.cpp:5->/home/ayvol/vitis-accel-CNN/vitis_accel_prj/kernel_wrapper.cpp:38) on port 'gmem0' (/home/ayvol/vitis-accel-CNN/vitis_accel_prj/kernel_wrapper.cpp:5->/home/ayvol/vitis-accel-CNN/vitis_accel_prj/kernel_wrapper.cpp:38) [23]  (2.43 ns)

 <State 25>: 2.43ns
The critical path consists of the following:
	bus request operation ('empty', /home/ayvol/vitis-accel-CNN/vitis_accel_prj/kernel_wrapper.cpp:5->/home/ayvol/vitis-accel-CNN/vitis_accel_prj/kernel_wrapper.cpp:38) on port 'gmem0' (/home/ayvol/vitis-accel-CNN/vitis_accel_prj/kernel_wrapper.cpp:5->/home/ayvol/vitis-accel-CNN/vitis_accel_prj/kernel_wrapper.cpp:38) [23]  (2.43 ns)

 <State 26>: 2.43ns
The critical path consists of the following:
	bus request operation ('empty', /home/ayvol/vitis-accel-CNN/vitis_accel_prj/kernel_wrapper.cpp:5->/home/ayvol/vitis-accel-CNN/vitis_accel_prj/kernel_wrapper.cpp:38) on port 'gmem0' (/home/ayvol/vitis-accel-CNN/vitis_accel_prj/kernel_wrapper.cpp:5->/home/ayvol/vitis-accel-CNN/vitis_accel_prj/kernel_wrapper.cpp:38) [23]  (2.43 ns)

 <State 27>: 2.43ns
The critical path consists of the following:
	bus request operation ('empty', /home/ayvol/vitis-accel-CNN/vitis_accel_prj/kernel_wrapper.cpp:5->/home/ayvol/vitis-accel-CNN/vitis_accel_prj/kernel_wrapper.cpp:38) on port 'gmem0' (/home/ayvol/vitis-accel-CNN/vitis_accel_prj/kernel_wrapper.cpp:5->/home/ayvol/vitis-accel-CNN/vitis_accel_prj/kernel_wrapper.cpp:38) [23]  (2.43 ns)

 <State 28>: 2.43ns
The critical path consists of the following:
	bus request operation ('empty', /home/ayvol/vitis-accel-CNN/vitis_accel_prj/kernel_wrapper.cpp:5->/home/ayvol/vitis-accel-CNN/vitis_accel_prj/kernel_wrapper.cpp:38) on port 'gmem0' (/home/ayvol/vitis-accel-CNN/vitis_accel_prj/kernel_wrapper.cpp:5->/home/ayvol/vitis-accel-CNN/vitis_accel_prj/kernel_wrapper.cpp:38) [23]  (2.43 ns)

 <State 29>: 2.43ns
The critical path consists of the following:
	bus request operation ('empty', /home/ayvol/vitis-accel-CNN/vitis_accel_prj/kernel_wrapper.cpp:5->/home/ayvol/vitis-accel-CNN/vitis_accel_prj/kernel_wrapper.cpp:38) on port 'gmem0' (/home/ayvol/vitis-accel-CNN/vitis_accel_prj/kernel_wrapper.cpp:5->/home/ayvol/vitis-accel-CNN/vitis_accel_prj/kernel_wrapper.cpp:38) [23]  (2.43 ns)

 <State 30>: 2.43ns
The critical path consists of the following:
	bus request operation ('empty', /home/ayvol/vitis-accel-CNN/vitis_accel_prj/kernel_wrapper.cpp:5->/home/ayvol/vitis-accel-CNN/vitis_accel_prj/kernel_wrapper.cpp:38) on port 'gmem0' (/home/ayvol/vitis-accel-CNN/vitis_accel_prj/kernel_wrapper.cpp:5->/home/ayvol/vitis-accel-CNN/vitis_accel_prj/kernel_wrapper.cpp:38) [23]  (2.43 ns)

 <State 31>: 2.43ns
The critical path consists of the following:
	bus request operation ('empty', /home/ayvol/vitis-accel-CNN/vitis_accel_prj/kernel_wrapper.cpp:5->/home/ayvol/vitis-accel-CNN/vitis_accel_prj/kernel_wrapper.cpp:38) on port 'gmem0' (/home/ayvol/vitis-accel-CNN/vitis_accel_prj/kernel_wrapper.cpp:5->/home/ayvol/vitis-accel-CNN/vitis_accel_prj/kernel_wrapper.cpp:38) [23]  (2.43 ns)

 <State 32>: 2.43ns
The critical path consists of the following:
	bus request operation ('empty', /home/ayvol/vitis-accel-CNN/vitis_accel_prj/kernel_wrapper.cpp:5->/home/ayvol/vitis-accel-CNN/vitis_accel_prj/kernel_wrapper.cpp:38) on port 'gmem0' (/home/ayvol/vitis-accel-CNN/vitis_accel_prj/kernel_wrapper.cpp:5->/home/ayvol/vitis-accel-CNN/vitis_accel_prj/kernel_wrapper.cpp:38) [23]  (2.43 ns)

 <State 33>: 2.43ns
The critical path consists of the following:
	bus request operation ('empty', /home/ayvol/vitis-accel-CNN/vitis_accel_prj/kernel_wrapper.cpp:5->/home/ayvol/vitis-accel-CNN/vitis_accel_prj/kernel_wrapper.cpp:38) on port 'gmem0' (/home/ayvol/vitis-accel-CNN/vitis_accel_prj/kernel_wrapper.cpp:5->/home/ayvol/vitis-accel-CNN/vitis_accel_prj/kernel_wrapper.cpp:38) [23]  (2.43 ns)

 <State 34>: 2.43ns
The critical path consists of the following:
	bus request operation ('empty', /home/ayvol/vitis-accel-CNN/vitis_accel_prj/kernel_wrapper.cpp:5->/home/ayvol/vitis-accel-CNN/vitis_accel_prj/kernel_wrapper.cpp:38) on port 'gmem0' (/home/ayvol/vitis-accel-CNN/vitis_accel_prj/kernel_wrapper.cpp:5->/home/ayvol/vitis-accel-CNN/vitis_accel_prj/kernel_wrapper.cpp:38) [23]  (2.43 ns)

 <State 35>: 2.43ns
The critical path consists of the following:
	bus request operation ('empty', /home/ayvol/vitis-accel-CNN/vitis_accel_prj/kernel_wrapper.cpp:5->/home/ayvol/vitis-accel-CNN/vitis_accel_prj/kernel_wrapper.cpp:38) on port 'gmem0' (/home/ayvol/vitis-accel-CNN/vitis_accel_prj/kernel_wrapper.cpp:5->/home/ayvol/vitis-accel-CNN/vitis_accel_prj/kernel_wrapper.cpp:38) [23]  (2.43 ns)

 <State 36>: 2.43ns
The critical path consists of the following:
	bus request operation ('empty', /home/ayvol/vitis-accel-CNN/vitis_accel_prj/kernel_wrapper.cpp:5->/home/ayvol/vitis-accel-CNN/vitis_accel_prj/kernel_wrapper.cpp:38) on port 'gmem0' (/home/ayvol/vitis-accel-CNN/vitis_accel_prj/kernel_wrapper.cpp:5->/home/ayvol/vitis-accel-CNN/vitis_accel_prj/kernel_wrapper.cpp:38) [23]  (2.43 ns)

 <State 37>: 2.43ns
The critical path consists of the following:
	bus request operation ('empty', /home/ayvol/vitis-accel-CNN/vitis_accel_prj/kernel_wrapper.cpp:5->/home/ayvol/vitis-accel-CNN/vitis_accel_prj/kernel_wrapper.cpp:38) on port 'gmem0' (/home/ayvol/vitis-accel-CNN/vitis_accel_prj/kernel_wrapper.cpp:5->/home/ayvol/vitis-accel-CNN/vitis_accel_prj/kernel_wrapper.cpp:38) [23]  (2.43 ns)

 <State 38>: 2.43ns
The critical path consists of the following:
	bus request operation ('empty', /home/ayvol/vitis-accel-CNN/vitis_accel_prj/kernel_wrapper.cpp:5->/home/ayvol/vitis-accel-CNN/vitis_accel_prj/kernel_wrapper.cpp:38) on port 'gmem0' (/home/ayvol/vitis-accel-CNN/vitis_accel_prj/kernel_wrapper.cpp:5->/home/ayvol/vitis-accel-CNN/vitis_accel_prj/kernel_wrapper.cpp:38) [23]  (2.43 ns)

 <State 39>: 2.43ns
The critical path consists of the following:
	bus request operation ('empty', /home/ayvol/vitis-accel-CNN/vitis_accel_prj/kernel_wrapper.cpp:5->/home/ayvol/vitis-accel-CNN/vitis_accel_prj/kernel_wrapper.cpp:38) on port 'gmem0' (/home/ayvol/vitis-accel-CNN/vitis_accel_prj/kernel_wrapper.cpp:5->/home/ayvol/vitis-accel-CNN/vitis_accel_prj/kernel_wrapper.cpp:38) [23]  (2.43 ns)

 <State 40>: 2.43ns
The critical path consists of the following:
	bus request operation ('empty', /home/ayvol/vitis-accel-CNN/vitis_accel_prj/kernel_wrapper.cpp:5->/home/ayvol/vitis-accel-CNN/vitis_accel_prj/kernel_wrapper.cpp:38) on port 'gmem0' (/home/ayvol/vitis-accel-CNN/vitis_accel_prj/kernel_wrapper.cpp:5->/home/ayvol/vitis-accel-CNN/vitis_accel_prj/kernel_wrapper.cpp:38) [23]  (2.43 ns)

 <State 41>: 2.43ns
The critical path consists of the following:
	bus request operation ('empty', /home/ayvol/vitis-accel-CNN/vitis_accel_prj/kernel_wrapper.cpp:5->/home/ayvol/vitis-accel-CNN/vitis_accel_prj/kernel_wrapper.cpp:38) on port 'gmem0' (/home/ayvol/vitis-accel-CNN/vitis_accel_prj/kernel_wrapper.cpp:5->/home/ayvol/vitis-accel-CNN/vitis_accel_prj/kernel_wrapper.cpp:38) [23]  (2.43 ns)

 <State 42>: 2.43ns
The critical path consists of the following:
	bus request operation ('empty', /home/ayvol/vitis-accel-CNN/vitis_accel_prj/kernel_wrapper.cpp:5->/home/ayvol/vitis-accel-CNN/vitis_accel_prj/kernel_wrapper.cpp:38) on port 'gmem0' (/home/ayvol/vitis-accel-CNN/vitis_accel_prj/kernel_wrapper.cpp:5->/home/ayvol/vitis-accel-CNN/vitis_accel_prj/kernel_wrapper.cpp:38) [23]  (2.43 ns)

 <State 43>: 2.43ns
The critical path consists of the following:
	bus request operation ('empty', /home/ayvol/vitis-accel-CNN/vitis_accel_prj/kernel_wrapper.cpp:5->/home/ayvol/vitis-accel-CNN/vitis_accel_prj/kernel_wrapper.cpp:38) on port 'gmem0' (/home/ayvol/vitis-accel-CNN/vitis_accel_prj/kernel_wrapper.cpp:5->/home/ayvol/vitis-accel-CNN/vitis_accel_prj/kernel_wrapper.cpp:38) [23]  (2.43 ns)

 <State 44>: 2.43ns
The critical path consists of the following:
	bus request operation ('empty', /home/ayvol/vitis-accel-CNN/vitis_accel_prj/kernel_wrapper.cpp:5->/home/ayvol/vitis-accel-CNN/vitis_accel_prj/kernel_wrapper.cpp:38) on port 'gmem0' (/home/ayvol/vitis-accel-CNN/vitis_accel_prj/kernel_wrapper.cpp:5->/home/ayvol/vitis-accel-CNN/vitis_accel_prj/kernel_wrapper.cpp:38) [23]  (2.43 ns)

 <State 45>: 2.43ns
The critical path consists of the following:
	bus request operation ('empty', /home/ayvol/vitis-accel-CNN/vitis_accel_prj/kernel_wrapper.cpp:5->/home/ayvol/vitis-accel-CNN/vitis_accel_prj/kernel_wrapper.cpp:38) on port 'gmem0' (/home/ayvol/vitis-accel-CNN/vitis_accel_prj/kernel_wrapper.cpp:5->/home/ayvol/vitis-accel-CNN/vitis_accel_prj/kernel_wrapper.cpp:38) [23]  (2.43 ns)

 <State 46>: 2.43ns
The critical path consists of the following:
	bus request operation ('empty', /home/ayvol/vitis-accel-CNN/vitis_accel_prj/kernel_wrapper.cpp:5->/home/ayvol/vitis-accel-CNN/vitis_accel_prj/kernel_wrapper.cpp:38) on port 'gmem0' (/home/ayvol/vitis-accel-CNN/vitis_accel_prj/kernel_wrapper.cpp:5->/home/ayvol/vitis-accel-CNN/vitis_accel_prj/kernel_wrapper.cpp:38) [23]  (2.43 ns)

 <State 47>: 2.43ns
The critical path consists of the following:
	bus request operation ('empty', /home/ayvol/vitis-accel-CNN/vitis_accel_prj/kernel_wrapper.cpp:5->/home/ayvol/vitis-accel-CNN/vitis_accel_prj/kernel_wrapper.cpp:38) on port 'gmem0' (/home/ayvol/vitis-accel-CNN/vitis_accel_prj/kernel_wrapper.cpp:5->/home/ayvol/vitis-accel-CNN/vitis_accel_prj/kernel_wrapper.cpp:38) [23]  (2.43 ns)

 <State 48>: 2.43ns
The critical path consists of the following:
	bus request operation ('empty', /home/ayvol/vitis-accel-CNN/vitis_accel_prj/kernel_wrapper.cpp:5->/home/ayvol/vitis-accel-CNN/vitis_accel_prj/kernel_wrapper.cpp:38) on port 'gmem0' (/home/ayvol/vitis-accel-CNN/vitis_accel_prj/kernel_wrapper.cpp:5->/home/ayvol/vitis-accel-CNN/vitis_accel_prj/kernel_wrapper.cpp:38) [23]  (2.43 ns)

 <State 49>: 2.43ns
The critical path consists of the following:
	bus request operation ('empty', /home/ayvol/vitis-accel-CNN/vitis_accel_prj/kernel_wrapper.cpp:5->/home/ayvol/vitis-accel-CNN/vitis_accel_prj/kernel_wrapper.cpp:38) on port 'gmem0' (/home/ayvol/vitis-accel-CNN/vitis_accel_prj/kernel_wrapper.cpp:5->/home/ayvol/vitis-accel-CNN/vitis_accel_prj/kernel_wrapper.cpp:38) [23]  (2.43 ns)

 <State 50>: 2.43ns
The critical path consists of the following:
	bus request operation ('empty', /home/ayvol/vitis-accel-CNN/vitis_accel_prj/kernel_wrapper.cpp:5->/home/ayvol/vitis-accel-CNN/vitis_accel_prj/kernel_wrapper.cpp:38) on port 'gmem0' (/home/ayvol/vitis-accel-CNN/vitis_accel_prj/kernel_wrapper.cpp:5->/home/ayvol/vitis-accel-CNN/vitis_accel_prj/kernel_wrapper.cpp:38) [23]  (2.43 ns)

 <State 51>: 2.43ns
The critical path consists of the following:
	bus request operation ('empty', /home/ayvol/vitis-accel-CNN/vitis_accel_prj/kernel_wrapper.cpp:5->/home/ayvol/vitis-accel-CNN/vitis_accel_prj/kernel_wrapper.cpp:38) on port 'gmem0' (/home/ayvol/vitis-accel-CNN/vitis_accel_prj/kernel_wrapper.cpp:5->/home/ayvol/vitis-accel-CNN/vitis_accel_prj/kernel_wrapper.cpp:38) [23]  (2.43 ns)

 <State 52>: 2.43ns
The critical path consists of the following:
	bus request operation ('empty', /home/ayvol/vitis-accel-CNN/vitis_accel_prj/kernel_wrapper.cpp:5->/home/ayvol/vitis-accel-CNN/vitis_accel_prj/kernel_wrapper.cpp:38) on port 'gmem0' (/home/ayvol/vitis-accel-CNN/vitis_accel_prj/kernel_wrapper.cpp:5->/home/ayvol/vitis-accel-CNN/vitis_accel_prj/kernel_wrapper.cpp:38) [23]  (2.43 ns)

 <State 53>: 2.43ns
The critical path consists of the following:
	bus request operation ('empty', /home/ayvol/vitis-accel-CNN/vitis_accel_prj/kernel_wrapper.cpp:5->/home/ayvol/vitis-accel-CNN/vitis_accel_prj/kernel_wrapper.cpp:38) on port 'gmem0' (/home/ayvol/vitis-accel-CNN/vitis_accel_prj/kernel_wrapper.cpp:5->/home/ayvol/vitis-accel-CNN/vitis_accel_prj/kernel_wrapper.cpp:38) [23]  (2.43 ns)

 <State 54>: 2.43ns
The critical path consists of the following:
	bus request operation ('empty', /home/ayvol/vitis-accel-CNN/vitis_accel_prj/kernel_wrapper.cpp:5->/home/ayvol/vitis-accel-CNN/vitis_accel_prj/kernel_wrapper.cpp:38) on port 'gmem0' (/home/ayvol/vitis-accel-CNN/vitis_accel_prj/kernel_wrapper.cpp:5->/home/ayvol/vitis-accel-CNN/vitis_accel_prj/kernel_wrapper.cpp:38) [23]  (2.43 ns)

 <State 55>: 2.43ns
The critical path consists of the following:
	bus request operation ('empty', /home/ayvol/vitis-accel-CNN/vitis_accel_prj/kernel_wrapper.cpp:5->/home/ayvol/vitis-accel-CNN/vitis_accel_prj/kernel_wrapper.cpp:38) on port 'gmem0' (/home/ayvol/vitis-accel-CNN/vitis_accel_prj/kernel_wrapper.cpp:5->/home/ayvol/vitis-accel-CNN/vitis_accel_prj/kernel_wrapper.cpp:38) [23]  (2.43 ns)

 <State 56>: 2.43ns
The critical path consists of the following:
	bus request operation ('empty', /home/ayvol/vitis-accel-CNN/vitis_accel_prj/kernel_wrapper.cpp:5->/home/ayvol/vitis-accel-CNN/vitis_accel_prj/kernel_wrapper.cpp:38) on port 'gmem0' (/home/ayvol/vitis-accel-CNN/vitis_accel_prj/kernel_wrapper.cpp:5->/home/ayvol/vitis-accel-CNN/vitis_accel_prj/kernel_wrapper.cpp:38) [23]  (2.43 ns)

 <State 57>: 2.43ns
The critical path consists of the following:
	bus request operation ('empty', /home/ayvol/vitis-accel-CNN/vitis_accel_prj/kernel_wrapper.cpp:5->/home/ayvol/vitis-accel-CNN/vitis_accel_prj/kernel_wrapper.cpp:38) on port 'gmem0' (/home/ayvol/vitis-accel-CNN/vitis_accel_prj/kernel_wrapper.cpp:5->/home/ayvol/vitis-accel-CNN/vitis_accel_prj/kernel_wrapper.cpp:38) [23]  (2.43 ns)

 <State 58>: 2.43ns
The critical path consists of the following:
	bus request operation ('empty', /home/ayvol/vitis-accel-CNN/vitis_accel_prj/kernel_wrapper.cpp:5->/home/ayvol/vitis-accel-CNN/vitis_accel_prj/kernel_wrapper.cpp:38) on port 'gmem0' (/home/ayvol/vitis-accel-CNN/vitis_accel_prj/kernel_wrapper.cpp:5->/home/ayvol/vitis-accel-CNN/vitis_accel_prj/kernel_wrapper.cpp:38) [23]  (2.43 ns)

 <State 59>: 2.43ns
The critical path consists of the following:
	bus request operation ('empty', /home/ayvol/vitis-accel-CNN/vitis_accel_prj/kernel_wrapper.cpp:5->/home/ayvol/vitis-accel-CNN/vitis_accel_prj/kernel_wrapper.cpp:38) on port 'gmem0' (/home/ayvol/vitis-accel-CNN/vitis_accel_prj/kernel_wrapper.cpp:5->/home/ayvol/vitis-accel-CNN/vitis_accel_prj/kernel_wrapper.cpp:38) [23]  (2.43 ns)

 <State 60>: 2.43ns
The critical path consists of the following:
	bus request operation ('empty', /home/ayvol/vitis-accel-CNN/vitis_accel_prj/kernel_wrapper.cpp:5->/home/ayvol/vitis-accel-CNN/vitis_accel_prj/kernel_wrapper.cpp:38) on port 'gmem0' (/home/ayvol/vitis-accel-CNN/vitis_accel_prj/kernel_wrapper.cpp:5->/home/ayvol/vitis-accel-CNN/vitis_accel_prj/kernel_wrapper.cpp:38) [23]  (2.43 ns)

 <State 61>: 2.43ns
The critical path consists of the following:
	bus request operation ('empty', /home/ayvol/vitis-accel-CNN/vitis_accel_prj/kernel_wrapper.cpp:5->/home/ayvol/vitis-accel-CNN/vitis_accel_prj/kernel_wrapper.cpp:38) on port 'gmem0' (/home/ayvol/vitis-accel-CNN/vitis_accel_prj/kernel_wrapper.cpp:5->/home/ayvol/vitis-accel-CNN/vitis_accel_prj/kernel_wrapper.cpp:38) [23]  (2.43 ns)

 <State 62>: 2.43ns
The critical path consists of the following:
	bus request operation ('empty', /home/ayvol/vitis-accel-CNN/vitis_accel_prj/kernel_wrapper.cpp:5->/home/ayvol/vitis-accel-CNN/vitis_accel_prj/kernel_wrapper.cpp:38) on port 'gmem0' (/home/ayvol/vitis-accel-CNN/vitis_accel_prj/kernel_wrapper.cpp:5->/home/ayvol/vitis-accel-CNN/vitis_accel_prj/kernel_wrapper.cpp:38) [23]  (2.43 ns)

 <State 63>: 2.43ns
The critical path consists of the following:
	bus request operation ('empty', /home/ayvol/vitis-accel-CNN/vitis_accel_prj/kernel_wrapper.cpp:5->/home/ayvol/vitis-accel-CNN/vitis_accel_prj/kernel_wrapper.cpp:38) on port 'gmem0' (/home/ayvol/vitis-accel-CNN/vitis_accel_prj/kernel_wrapper.cpp:5->/home/ayvol/vitis-accel-CNN/vitis_accel_prj/kernel_wrapper.cpp:38) [23]  (2.43 ns)

 <State 64>: 2.43ns
The critical path consists of the following:
	bus request operation ('empty', /home/ayvol/vitis-accel-CNN/vitis_accel_prj/kernel_wrapper.cpp:5->/home/ayvol/vitis-accel-CNN/vitis_accel_prj/kernel_wrapper.cpp:38) on port 'gmem0' (/home/ayvol/vitis-accel-CNN/vitis_accel_prj/kernel_wrapper.cpp:5->/home/ayvol/vitis-accel-CNN/vitis_accel_prj/kernel_wrapper.cpp:38) [23]  (2.43 ns)

 <State 65>: 2.43ns
The critical path consists of the following:
	bus request operation ('empty', /home/ayvol/vitis-accel-CNN/vitis_accel_prj/kernel_wrapper.cpp:5->/home/ayvol/vitis-accel-CNN/vitis_accel_prj/kernel_wrapper.cpp:38) on port 'gmem0' (/home/ayvol/vitis-accel-CNN/vitis_accel_prj/kernel_wrapper.cpp:5->/home/ayvol/vitis-accel-CNN/vitis_accel_prj/kernel_wrapper.cpp:38) [23]  (2.43 ns)

 <State 66>: 2.43ns
The critical path consists of the following:
	bus request operation ('empty', /home/ayvol/vitis-accel-CNN/vitis_accel_prj/kernel_wrapper.cpp:5->/home/ayvol/vitis-accel-CNN/vitis_accel_prj/kernel_wrapper.cpp:38) on port 'gmem0' (/home/ayvol/vitis-accel-CNN/vitis_accel_prj/kernel_wrapper.cpp:5->/home/ayvol/vitis-accel-CNN/vitis_accel_prj/kernel_wrapper.cpp:38) [23]  (2.43 ns)

 <State 67>: 2.43ns
The critical path consists of the following:
	bus request operation ('empty', /home/ayvol/vitis-accel-CNN/vitis_accel_prj/kernel_wrapper.cpp:5->/home/ayvol/vitis-accel-CNN/vitis_accel_prj/kernel_wrapper.cpp:38) on port 'gmem0' (/home/ayvol/vitis-accel-CNN/vitis_accel_prj/kernel_wrapper.cpp:5->/home/ayvol/vitis-accel-CNN/vitis_accel_prj/kernel_wrapper.cpp:38) [23]  (2.43 ns)

 <State 68>: 2.43ns
The critical path consists of the following:
	bus request operation ('empty', /home/ayvol/vitis-accel-CNN/vitis_accel_prj/kernel_wrapper.cpp:5->/home/ayvol/vitis-accel-CNN/vitis_accel_prj/kernel_wrapper.cpp:38) on port 'gmem0' (/home/ayvol/vitis-accel-CNN/vitis_accel_prj/kernel_wrapper.cpp:5->/home/ayvol/vitis-accel-CNN/vitis_accel_prj/kernel_wrapper.cpp:38) [23]  (2.43 ns)

 <State 69>: 2.43ns
The critical path consists of the following:
	bus request operation ('empty', /home/ayvol/vitis-accel-CNN/vitis_accel_prj/kernel_wrapper.cpp:5->/home/ayvol/vitis-accel-CNN/vitis_accel_prj/kernel_wrapper.cpp:38) on port 'gmem0' (/home/ayvol/vitis-accel-CNN/vitis_accel_prj/kernel_wrapper.cpp:5->/home/ayvol/vitis-accel-CNN/vitis_accel_prj/kernel_wrapper.cpp:38) [23]  (2.43 ns)

 <State 70>: 2.43ns
The critical path consists of the following:
	bus request operation ('empty', /home/ayvol/vitis-accel-CNN/vitis_accel_prj/kernel_wrapper.cpp:5->/home/ayvol/vitis-accel-CNN/vitis_accel_prj/kernel_wrapper.cpp:38) on port 'gmem0' (/home/ayvol/vitis-accel-CNN/vitis_accel_prj/kernel_wrapper.cpp:5->/home/ayvol/vitis-accel-CNN/vitis_accel_prj/kernel_wrapper.cpp:38) [23]  (2.43 ns)

 <State 71>: 2.43ns
The critical path consists of the following:
	bus request operation ('empty', /home/ayvol/vitis-accel-CNN/vitis_accel_prj/kernel_wrapper.cpp:5->/home/ayvol/vitis-accel-CNN/vitis_accel_prj/kernel_wrapper.cpp:38) on port 'gmem0' (/home/ayvol/vitis-accel-CNN/vitis_accel_prj/kernel_wrapper.cpp:5->/home/ayvol/vitis-accel-CNN/vitis_accel_prj/kernel_wrapper.cpp:38) [23]  (2.43 ns)

 <State 72>: 2.43ns
The critical path consists of the following:
	bus request operation ('empty', /home/ayvol/vitis-accel-CNN/vitis_accel_prj/kernel_wrapper.cpp:5->/home/ayvol/vitis-accel-CNN/vitis_accel_prj/kernel_wrapper.cpp:38) on port 'gmem0' (/home/ayvol/vitis-accel-CNN/vitis_accel_prj/kernel_wrapper.cpp:5->/home/ayvol/vitis-accel-CNN/vitis_accel_prj/kernel_wrapper.cpp:38) [23]  (2.43 ns)

 <State 73>: 0ns
The critical path consists of the following:

 <State 74>: 0ns
The critical path consists of the following:


============================================================
+ Verbose Summary: Binding
============================================================
N/A
* FSMD analyzer results:
  - Output states:
 - Input state : 
  - Chain level:
	State 1
	State 2
	State 3
	State 4
	State 5
	State 6
	State 7
	State 8
	State 9
	State 10
	State 11
	State 12
	State 13
	State 14
	State 15
	State 16
	State 17
	State 18
	State 19
	State 20
	State 21
	State 22
	State 23
	State 24
	State 25
	State 26
	State 27
	State 28
	State 29
	State 30
	State 31
	State 32
	State 33
	State 34
	State 35
	State 36
	State 37
	State 38
	State 39
	State 40
	State 41
	State 42
	State 43
	State 44
	State 45
	State 46
	State 47
	State 48
	State 49
	State 50
	State 51
	State 52
	State 53
	State 54
	State 55
	State 56
	State 57
	State 58
	State 59
	State 60
	State 61
	State 62
	State 63
	State 64
	State 65
	State 66
	State 67
	State 68
	State 69
	State 70
	State 71
	State 72
	State 73
	State 74


============================================================
+ Verbose Summary: Datapath Resource usage 
============================================================
N/A
