

================================================================
== Vitis HLS Report for 'write_result'
================================================================
* Date:           Wed Jun 19 16:25:42 2024

* Version:        2022.2 (Build 3670227 on Oct 13 2022)
* Project:        kernel_wrapper
* Solution:       solution (Vitis Kernel Flow Target)
* Product family: virtexuplus
* Target device:  xcu55c-fsvh2892-2L-e


================================================================
== Performance Estimates
================================================================
+ Timing: 
    * Summary: 
    +--------+---------+----------+------------+
    |  Clock |  Target | Estimated| Uncertainty|
    +--------+---------+----------+------------+
    |ap_clk  |  5.00 ns|  4.375 ns|     0.62 ns|
    +--------+---------+----------+------------+

+ Latency: 
    * Summary: 
    +---------+---------+----------+----------+-------+-------+---------+
    |  Latency (cycles) |  Latency (absolute) |    Interval   | Pipeline|
    |   min   |   max   |    min   |    max   |  min  |  max  |   Type  |
    +---------+---------+----------+----------+-------+-------+---------+
    |    41034|    41034|  0.205 ms|  0.205 ms|  41034|  41034|       no|
    +---------+---------+----------+----------+-------+-------+---------+

    + Detail: 
        * Instance: 
        N/A

        * Loop: 
        N/A

============================================================
+ Verbose Summary: Synthesis Manager
============================================================
InlineROM: 1
ExposeGlobal: 0
============================================================
+ Verbose Summary: CDFG Model
============================================================
IsTopModel: 0
ResetActiveHigh: 1
IsCombinational: 2
IsDatapathOnly: 0
HasWiredReturn: 1
HasMFsm: 0
HasVarLatency: 1
IsPipeline: 0
IsRtlPipelined: 0
IsInstanceOverlapped: 0
IsDontTouch: 0
HasImplIP: 0
IsGatedGlobalClock: 0


============================================================
+ Verbose Summary: Schedule
============================================================
* Number of FSM states : 72
* Pipeline : 0
* Dataflow Pipeline: 0

* FSM state transitions: 
1 --> 2 
2 --> 3 
3 --> 4 
4 --> 5 
5 --> 6 
6 --> 7 
7 --> 8 
8 --> 9 
9 --> 10 
10 --> 11 
11 --> 12 
12 --> 13 
13 --> 14 
14 --> 15 
15 --> 16 
16 --> 17 
17 --> 18 
18 --> 19 
19 --> 20 
20 --> 21 
21 --> 22 
22 --> 23 
23 --> 24 
24 --> 25 
25 --> 26 
26 --> 27 
27 --> 28 
28 --> 29 
29 --> 30 
30 --> 31 
31 --> 32 
32 --> 33 
33 --> 34 
34 --> 35 
35 --> 36 
36 --> 37 
37 --> 38 
38 --> 39 
39 --> 40 
40 --> 41 
41 --> 42 
42 --> 43 
43 --> 44 
44 --> 45 
45 --> 46 
46 --> 47 
47 --> 48 
48 --> 49 
49 --> 50 
50 --> 51 
51 --> 52 
52 --> 53 
53 --> 54 
54 --> 55 
55 --> 56 
56 --> 57 
57 --> 58 
58 --> 59 
59 --> 60 
60 --> 61 
61 --> 62 
62 --> 63 
63 --> 64 
64 --> 65 
65 --> 66 
66 --> 67 
67 --> 68 
68 --> 69 
69 --> 70 
70 --> 71 
71 --> 72 
72 --> 

* FSM state operations: 

State 1 <SV = 0> <Delay = 1.41>
ST_1 : Operation 73 [1/1] (1.41ns)   --->   "%out_V = read i64 @_ssdm_op_Read.ap_fifo.i64P0A, i64 %out_r"   --->   Operation 73 'read' 'out_V' <Predicate = true> <Delay = 1.41> <CoreInst = "FIFO_SRL">   --->   Core 81 'FIFO_SRL' <Latency = 0> <II = 1> <Delay = 1.41> <Storage> <Opcode : 'read' 'write' 'nbread' 'nbwrite'> <Ports = 0> <Width = 64> <Depth = 4> <FIFO>
ST_1 : Operation 74 [1/1] (0.00ns)   --->   "%trunc_ln = partselect i63 @_ssdm_op_PartSelect.i63.i64.i32.i32, i64 %out_V, i32 1, i32 63" [/home/ayvol/vitis-accel-DNN/vitis_accel_prj/kernel_wrapper.cpp:20]   --->   Operation 74 'partselect' 'trunc_ln' <Predicate = true> <Delay = 0.00>

State 2 <SV = 1> <Delay = 4.37>
ST_2 : Operation 75 [1/1] (0.00ns)   --->   "%sext_ln20 = sext i63 %trunc_ln" [/home/ayvol/vitis-accel-DNN/vitis_accel_prj/kernel_wrapper.cpp:20]   --->   Operation 75 'sext' 'sext_ln20' <Predicate = true> <Delay = 0.00>
ST_2 : Operation 76 [1/1] (0.00ns)   --->   "%gmem1_addr = getelementptr i16 %gmem1, i64 %sext_ln20" [/home/ayvol/vitis-accel-DNN/vitis_accel_prj/kernel_wrapper.cpp:20]   --->   Operation 76 'getelementptr' 'gmem1_addr' <Predicate = true> <Delay = 0.00>
ST_2 : Operation 77 [1/1] (4.37ns)   --->   "%empty = writereq i1 @_ssdm_op_WriteReq.m_axi.p1i16, i16 %gmem1_addr, i32 40960" [/home/ayvol/vitis-accel-DNN/vitis_accel_prj/kernel_wrapper.cpp:20]   --->   Operation 77 'writereq' 'empty' <Predicate = true> <Delay = 4.37> <CoreInst = "m_axi">   --->   Core 121 'm_axi' <Latency = 0> <II = 1> <Delay = 1.00> <Adapter> <Opcode : 'read' 'write' 'readreq' 'writereq' 'writeresp'>

State 3 <SV = 2> <Delay = 0.00>
ST_3 : Operation 78 [2/2] (0.00ns)   --->   "%call_ln20 = call void @write_result_Pipeline_VITIS_LOOP_20_1, i16 %gmem1, i63 %trunc_ln, i16 %out_buf_0, i16 %out_buf_1, i16 %out_buf_2, i16 %out_buf_3, i16 %out_buf_4" [/home/ayvol/vitis-accel-DNN/vitis_accel_prj/kernel_wrapper.cpp:20]   --->   Operation 78 'call' 'call_ln20' <Predicate = true> <Delay = 0.00> <CoreType = "Generic">   --->   Core 0 '' <Latency = 0> <II = 1> <Delay = 1.00> <Generic> <Opcode : >

State 4 <SV = 3> <Delay = 0.00>
ST_4 : Operation 79 [1/2] (0.00ns)   --->   "%call_ln20 = call void @write_result_Pipeline_VITIS_LOOP_20_1, i16 %gmem1, i63 %trunc_ln, i16 %out_buf_0, i16 %out_buf_1, i16 %out_buf_2, i16 %out_buf_3, i16 %out_buf_4" [/home/ayvol/vitis-accel-DNN/vitis_accel_prj/kernel_wrapper.cpp:20]   --->   Operation 79 'call' 'call_ln20' <Predicate = true> <Delay = 0.00> <CoreType = "Generic">   --->   Core 0 '' <Latency = 0> <II = 1> <Delay = 1.00> <Generic> <Opcode : >

State 5 <SV = 4> <Delay = 4.37>
ST_5 : Operation 80 [68/68] (4.37ns)   --->   "%empty_50 = writeresp i1 @_ssdm_op_WriteResp.m_axi.p1i16, i16 %gmem1_addr" [/home/ayvol/vitis-accel-DNN/vitis_accel_prj/kernel_wrapper.cpp:27]   --->   Operation 80 'writeresp' 'empty_50' <Predicate = true> <Delay = 4.37> <CoreInst = "m_axi">   --->   Core 121 'm_axi' <Latency = 0> <II = 1> <Delay = 1.00> <Adapter> <Opcode : 'read' 'write' 'readreq' 'writereq' 'writeresp'>

State 6 <SV = 5> <Delay = 4.37>
ST_6 : Operation 81 [67/68] (4.37ns)   --->   "%empty_50 = writeresp i1 @_ssdm_op_WriteResp.m_axi.p1i16, i16 %gmem1_addr" [/home/ayvol/vitis-accel-DNN/vitis_accel_prj/kernel_wrapper.cpp:27]   --->   Operation 81 'writeresp' 'empty_50' <Predicate = true> <Delay = 4.37> <CoreInst = "m_axi">   --->   Core 121 'm_axi' <Latency = 0> <II = 1> <Delay = 1.00> <Adapter> <Opcode : 'read' 'write' 'readreq' 'writereq' 'writeresp'>

State 7 <SV = 6> <Delay = 4.37>
ST_7 : Operation 82 [66/68] (4.37ns)   --->   "%empty_50 = writeresp i1 @_ssdm_op_WriteResp.m_axi.p1i16, i16 %gmem1_addr" [/home/ayvol/vitis-accel-DNN/vitis_accel_prj/kernel_wrapper.cpp:27]   --->   Operation 82 'writeresp' 'empty_50' <Predicate = true> <Delay = 4.37> <CoreInst = "m_axi">   --->   Core 121 'm_axi' <Latency = 0> <II = 1> <Delay = 1.00> <Adapter> <Opcode : 'read' 'write' 'readreq' 'writereq' 'writeresp'>

State 8 <SV = 7> <Delay = 4.37>
ST_8 : Operation 83 [65/68] (4.37ns)   --->   "%empty_50 = writeresp i1 @_ssdm_op_WriteResp.m_axi.p1i16, i16 %gmem1_addr" [/home/ayvol/vitis-accel-DNN/vitis_accel_prj/kernel_wrapper.cpp:27]   --->   Operation 83 'writeresp' 'empty_50' <Predicate = true> <Delay = 4.37> <CoreInst = "m_axi">   --->   Core 121 'm_axi' <Latency = 0> <II = 1> <Delay = 1.00> <Adapter> <Opcode : 'read' 'write' 'readreq' 'writereq' 'writeresp'>

State 9 <SV = 8> <Delay = 4.37>
ST_9 : Operation 84 [64/68] (4.37ns)   --->   "%empty_50 = writeresp i1 @_ssdm_op_WriteResp.m_axi.p1i16, i16 %gmem1_addr" [/home/ayvol/vitis-accel-DNN/vitis_accel_prj/kernel_wrapper.cpp:27]   --->   Operation 84 'writeresp' 'empty_50' <Predicate = true> <Delay = 4.37> <CoreInst = "m_axi">   --->   Core 121 'm_axi' <Latency = 0> <II = 1> <Delay = 1.00> <Adapter> <Opcode : 'read' 'write' 'readreq' 'writereq' 'writeresp'>

State 10 <SV = 9> <Delay = 4.37>
ST_10 : Operation 85 [63/68] (4.37ns)   --->   "%empty_50 = writeresp i1 @_ssdm_op_WriteResp.m_axi.p1i16, i16 %gmem1_addr" [/home/ayvol/vitis-accel-DNN/vitis_accel_prj/kernel_wrapper.cpp:27]   --->   Operation 85 'writeresp' 'empty_50' <Predicate = true> <Delay = 4.37> <CoreInst = "m_axi">   --->   Core 121 'm_axi' <Latency = 0> <II = 1> <Delay = 1.00> <Adapter> <Opcode : 'read' 'write' 'readreq' 'writereq' 'writeresp'>

State 11 <SV = 10> <Delay = 4.37>
ST_11 : Operation 86 [62/68] (4.37ns)   --->   "%empty_50 = writeresp i1 @_ssdm_op_WriteResp.m_axi.p1i16, i16 %gmem1_addr" [/home/ayvol/vitis-accel-DNN/vitis_accel_prj/kernel_wrapper.cpp:27]   --->   Operation 86 'writeresp' 'empty_50' <Predicate = true> <Delay = 4.37> <CoreInst = "m_axi">   --->   Core 121 'm_axi' <Latency = 0> <II = 1> <Delay = 1.00> <Adapter> <Opcode : 'read' 'write' 'readreq' 'writereq' 'writeresp'>

State 12 <SV = 11> <Delay = 4.37>
ST_12 : Operation 87 [61/68] (4.37ns)   --->   "%empty_50 = writeresp i1 @_ssdm_op_WriteResp.m_axi.p1i16, i16 %gmem1_addr" [/home/ayvol/vitis-accel-DNN/vitis_accel_prj/kernel_wrapper.cpp:27]   --->   Operation 87 'writeresp' 'empty_50' <Predicate = true> <Delay = 4.37> <CoreInst = "m_axi">   --->   Core 121 'm_axi' <Latency = 0> <II = 1> <Delay = 1.00> <Adapter> <Opcode : 'read' 'write' 'readreq' 'writereq' 'writeresp'>

State 13 <SV = 12> <Delay = 4.37>
ST_13 : Operation 88 [60/68] (4.37ns)   --->   "%empty_50 = writeresp i1 @_ssdm_op_WriteResp.m_axi.p1i16, i16 %gmem1_addr" [/home/ayvol/vitis-accel-DNN/vitis_accel_prj/kernel_wrapper.cpp:27]   --->   Operation 88 'writeresp' 'empty_50' <Predicate = true> <Delay = 4.37> <CoreInst = "m_axi">   --->   Core 121 'm_axi' <Latency = 0> <II = 1> <Delay = 1.00> <Adapter> <Opcode : 'read' 'write' 'readreq' 'writereq' 'writeresp'>

State 14 <SV = 13> <Delay = 4.37>
ST_14 : Operation 89 [59/68] (4.37ns)   --->   "%empty_50 = writeresp i1 @_ssdm_op_WriteResp.m_axi.p1i16, i16 %gmem1_addr" [/home/ayvol/vitis-accel-DNN/vitis_accel_prj/kernel_wrapper.cpp:27]   --->   Operation 89 'writeresp' 'empty_50' <Predicate = true> <Delay = 4.37> <CoreInst = "m_axi">   --->   Core 121 'm_axi' <Latency = 0> <II = 1> <Delay = 1.00> <Adapter> <Opcode : 'read' 'write' 'readreq' 'writereq' 'writeresp'>

State 15 <SV = 14> <Delay = 4.37>
ST_15 : Operation 90 [58/68] (4.37ns)   --->   "%empty_50 = writeresp i1 @_ssdm_op_WriteResp.m_axi.p1i16, i16 %gmem1_addr" [/home/ayvol/vitis-accel-DNN/vitis_accel_prj/kernel_wrapper.cpp:27]   --->   Operation 90 'writeresp' 'empty_50' <Predicate = true> <Delay = 4.37> <CoreInst = "m_axi">   --->   Core 121 'm_axi' <Latency = 0> <II = 1> <Delay = 1.00> <Adapter> <Opcode : 'read' 'write' 'readreq' 'writereq' 'writeresp'>

State 16 <SV = 15> <Delay = 4.37>
ST_16 : Operation 91 [57/68] (4.37ns)   --->   "%empty_50 = writeresp i1 @_ssdm_op_WriteResp.m_axi.p1i16, i16 %gmem1_addr" [/home/ayvol/vitis-accel-DNN/vitis_accel_prj/kernel_wrapper.cpp:27]   --->   Operation 91 'writeresp' 'empty_50' <Predicate = true> <Delay = 4.37> <CoreInst = "m_axi">   --->   Core 121 'm_axi' <Latency = 0> <II = 1> <Delay = 1.00> <Adapter> <Opcode : 'read' 'write' 'readreq' 'writereq' 'writeresp'>

State 17 <SV = 16> <Delay = 4.37>
ST_17 : Operation 92 [56/68] (4.37ns)   --->   "%empty_50 = writeresp i1 @_ssdm_op_WriteResp.m_axi.p1i16, i16 %gmem1_addr" [/home/ayvol/vitis-accel-DNN/vitis_accel_prj/kernel_wrapper.cpp:27]   --->   Operation 92 'writeresp' 'empty_50' <Predicate = true> <Delay = 4.37> <CoreInst = "m_axi">   --->   Core 121 'm_axi' <Latency = 0> <II = 1> <Delay = 1.00> <Adapter> <Opcode : 'read' 'write' 'readreq' 'writereq' 'writeresp'>

State 18 <SV = 17> <Delay = 4.37>
ST_18 : Operation 93 [55/68] (4.37ns)   --->   "%empty_50 = writeresp i1 @_ssdm_op_WriteResp.m_axi.p1i16, i16 %gmem1_addr" [/home/ayvol/vitis-accel-DNN/vitis_accel_prj/kernel_wrapper.cpp:27]   --->   Operation 93 'writeresp' 'empty_50' <Predicate = true> <Delay = 4.37> <CoreInst = "m_axi">   --->   Core 121 'm_axi' <Latency = 0> <II = 1> <Delay = 1.00> <Adapter> <Opcode : 'read' 'write' 'readreq' 'writereq' 'writeresp'>

State 19 <SV = 18> <Delay = 4.37>
ST_19 : Operation 94 [54/68] (4.37ns)   --->   "%empty_50 = writeresp i1 @_ssdm_op_WriteResp.m_axi.p1i16, i16 %gmem1_addr" [/home/ayvol/vitis-accel-DNN/vitis_accel_prj/kernel_wrapper.cpp:27]   --->   Operation 94 'writeresp' 'empty_50' <Predicate = true> <Delay = 4.37> <CoreInst = "m_axi">   --->   Core 121 'm_axi' <Latency = 0> <II = 1> <Delay = 1.00> <Adapter> <Opcode : 'read' 'write' 'readreq' 'writereq' 'writeresp'>

State 20 <SV = 19> <Delay = 4.37>
ST_20 : Operation 95 [53/68] (4.37ns)   --->   "%empty_50 = writeresp i1 @_ssdm_op_WriteResp.m_axi.p1i16, i16 %gmem1_addr" [/home/ayvol/vitis-accel-DNN/vitis_accel_prj/kernel_wrapper.cpp:27]   --->   Operation 95 'writeresp' 'empty_50' <Predicate = true> <Delay = 4.37> <CoreInst = "m_axi">   --->   Core 121 'm_axi' <Latency = 0> <II = 1> <Delay = 1.00> <Adapter> <Opcode : 'read' 'write' 'readreq' 'writereq' 'writeresp'>

State 21 <SV = 20> <Delay = 4.37>
ST_21 : Operation 96 [52/68] (4.37ns)   --->   "%empty_50 = writeresp i1 @_ssdm_op_WriteResp.m_axi.p1i16, i16 %gmem1_addr" [/home/ayvol/vitis-accel-DNN/vitis_accel_prj/kernel_wrapper.cpp:27]   --->   Operation 96 'writeresp' 'empty_50' <Predicate = true> <Delay = 4.37> <CoreInst = "m_axi">   --->   Core 121 'm_axi' <Latency = 0> <II = 1> <Delay = 1.00> <Adapter> <Opcode : 'read' 'write' 'readreq' 'writereq' 'writeresp'>

State 22 <SV = 21> <Delay = 4.37>
ST_22 : Operation 97 [51/68] (4.37ns)   --->   "%empty_50 = writeresp i1 @_ssdm_op_WriteResp.m_axi.p1i16, i16 %gmem1_addr" [/home/ayvol/vitis-accel-DNN/vitis_accel_prj/kernel_wrapper.cpp:27]   --->   Operation 97 'writeresp' 'empty_50' <Predicate = true> <Delay = 4.37> <CoreInst = "m_axi">   --->   Core 121 'm_axi' <Latency = 0> <II = 1> <Delay = 1.00> <Adapter> <Opcode : 'read' 'write' 'readreq' 'writereq' 'writeresp'>

State 23 <SV = 22> <Delay = 4.37>
ST_23 : Operation 98 [50/68] (4.37ns)   --->   "%empty_50 = writeresp i1 @_ssdm_op_WriteResp.m_axi.p1i16, i16 %gmem1_addr" [/home/ayvol/vitis-accel-DNN/vitis_accel_prj/kernel_wrapper.cpp:27]   --->   Operation 98 'writeresp' 'empty_50' <Predicate = true> <Delay = 4.37> <CoreInst = "m_axi">   --->   Core 121 'm_axi' <Latency = 0> <II = 1> <Delay = 1.00> <Adapter> <Opcode : 'read' 'write' 'readreq' 'writereq' 'writeresp'>

State 24 <SV = 23> <Delay = 4.37>
ST_24 : Operation 99 [49/68] (4.37ns)   --->   "%empty_50 = writeresp i1 @_ssdm_op_WriteResp.m_axi.p1i16, i16 %gmem1_addr" [/home/ayvol/vitis-accel-DNN/vitis_accel_prj/kernel_wrapper.cpp:27]   --->   Operation 99 'writeresp' 'empty_50' <Predicate = true> <Delay = 4.37> <CoreInst = "m_axi">   --->   Core 121 'm_axi' <Latency = 0> <II = 1> <Delay = 1.00> <Adapter> <Opcode : 'read' 'write' 'readreq' 'writereq' 'writeresp'>

State 25 <SV = 24> <Delay = 4.37>
ST_25 : Operation 100 [48/68] (4.37ns)   --->   "%empty_50 = writeresp i1 @_ssdm_op_WriteResp.m_axi.p1i16, i16 %gmem1_addr" [/home/ayvol/vitis-accel-DNN/vitis_accel_prj/kernel_wrapper.cpp:27]   --->   Operation 100 'writeresp' 'empty_50' <Predicate = true> <Delay = 4.37> <CoreInst = "m_axi">   --->   Core 121 'm_axi' <Latency = 0> <II = 1> <Delay = 1.00> <Adapter> <Opcode : 'read' 'write' 'readreq' 'writereq' 'writeresp'>

State 26 <SV = 25> <Delay = 4.37>
ST_26 : Operation 101 [47/68] (4.37ns)   --->   "%empty_50 = writeresp i1 @_ssdm_op_WriteResp.m_axi.p1i16, i16 %gmem1_addr" [/home/ayvol/vitis-accel-DNN/vitis_accel_prj/kernel_wrapper.cpp:27]   --->   Operation 101 'writeresp' 'empty_50' <Predicate = true> <Delay = 4.37> <CoreInst = "m_axi">   --->   Core 121 'm_axi' <Latency = 0> <II = 1> <Delay = 1.00> <Adapter> <Opcode : 'read' 'write' 'readreq' 'writereq' 'writeresp'>

State 27 <SV = 26> <Delay = 4.37>
ST_27 : Operation 102 [46/68] (4.37ns)   --->   "%empty_50 = writeresp i1 @_ssdm_op_WriteResp.m_axi.p1i16, i16 %gmem1_addr" [/home/ayvol/vitis-accel-DNN/vitis_accel_prj/kernel_wrapper.cpp:27]   --->   Operation 102 'writeresp' 'empty_50' <Predicate = true> <Delay = 4.37> <CoreInst = "m_axi">   --->   Core 121 'm_axi' <Latency = 0> <II = 1> <Delay = 1.00> <Adapter> <Opcode : 'read' 'write' 'readreq' 'writereq' 'writeresp'>

State 28 <SV = 27> <Delay = 4.37>
ST_28 : Operation 103 [45/68] (4.37ns)   --->   "%empty_50 = writeresp i1 @_ssdm_op_WriteResp.m_axi.p1i16, i16 %gmem1_addr" [/home/ayvol/vitis-accel-DNN/vitis_accel_prj/kernel_wrapper.cpp:27]   --->   Operation 103 'writeresp' 'empty_50' <Predicate = true> <Delay = 4.37> <CoreInst = "m_axi">   --->   Core 121 'm_axi' <Latency = 0> <II = 1> <Delay = 1.00> <Adapter> <Opcode : 'read' 'write' 'readreq' 'writereq' 'writeresp'>

State 29 <SV = 28> <Delay = 4.37>
ST_29 : Operation 104 [44/68] (4.37ns)   --->   "%empty_50 = writeresp i1 @_ssdm_op_WriteResp.m_axi.p1i16, i16 %gmem1_addr" [/home/ayvol/vitis-accel-DNN/vitis_accel_prj/kernel_wrapper.cpp:27]   --->   Operation 104 'writeresp' 'empty_50' <Predicate = true> <Delay = 4.37> <CoreInst = "m_axi">   --->   Core 121 'm_axi' <Latency = 0> <II = 1> <Delay = 1.00> <Adapter> <Opcode : 'read' 'write' 'readreq' 'writereq' 'writeresp'>

State 30 <SV = 29> <Delay = 4.37>
ST_30 : Operation 105 [43/68] (4.37ns)   --->   "%empty_50 = writeresp i1 @_ssdm_op_WriteResp.m_axi.p1i16, i16 %gmem1_addr" [/home/ayvol/vitis-accel-DNN/vitis_accel_prj/kernel_wrapper.cpp:27]   --->   Operation 105 'writeresp' 'empty_50' <Predicate = true> <Delay = 4.37> <CoreInst = "m_axi">   --->   Core 121 'm_axi' <Latency = 0> <II = 1> <Delay = 1.00> <Adapter> <Opcode : 'read' 'write' 'readreq' 'writereq' 'writeresp'>

State 31 <SV = 30> <Delay = 4.37>
ST_31 : Operation 106 [42/68] (4.37ns)   --->   "%empty_50 = writeresp i1 @_ssdm_op_WriteResp.m_axi.p1i16, i16 %gmem1_addr" [/home/ayvol/vitis-accel-DNN/vitis_accel_prj/kernel_wrapper.cpp:27]   --->   Operation 106 'writeresp' 'empty_50' <Predicate = true> <Delay = 4.37> <CoreInst = "m_axi">   --->   Core 121 'm_axi' <Latency = 0> <II = 1> <Delay = 1.00> <Adapter> <Opcode : 'read' 'write' 'readreq' 'writereq' 'writeresp'>

State 32 <SV = 31> <Delay = 4.37>
ST_32 : Operation 107 [41/68] (4.37ns)   --->   "%empty_50 = writeresp i1 @_ssdm_op_WriteResp.m_axi.p1i16, i16 %gmem1_addr" [/home/ayvol/vitis-accel-DNN/vitis_accel_prj/kernel_wrapper.cpp:27]   --->   Operation 107 'writeresp' 'empty_50' <Predicate = true> <Delay = 4.37> <CoreInst = "m_axi">   --->   Core 121 'm_axi' <Latency = 0> <II = 1> <Delay = 1.00> <Adapter> <Opcode : 'read' 'write' 'readreq' 'writereq' 'writeresp'>

State 33 <SV = 32> <Delay = 4.37>
ST_33 : Operation 108 [40/68] (4.37ns)   --->   "%empty_50 = writeresp i1 @_ssdm_op_WriteResp.m_axi.p1i16, i16 %gmem1_addr" [/home/ayvol/vitis-accel-DNN/vitis_accel_prj/kernel_wrapper.cpp:27]   --->   Operation 108 'writeresp' 'empty_50' <Predicate = true> <Delay = 4.37> <CoreInst = "m_axi">   --->   Core 121 'm_axi' <Latency = 0> <II = 1> <Delay = 1.00> <Adapter> <Opcode : 'read' 'write' 'readreq' 'writereq' 'writeresp'>

State 34 <SV = 33> <Delay = 4.37>
ST_34 : Operation 109 [39/68] (4.37ns)   --->   "%empty_50 = writeresp i1 @_ssdm_op_WriteResp.m_axi.p1i16, i16 %gmem1_addr" [/home/ayvol/vitis-accel-DNN/vitis_accel_prj/kernel_wrapper.cpp:27]   --->   Operation 109 'writeresp' 'empty_50' <Predicate = true> <Delay = 4.37> <CoreInst = "m_axi">   --->   Core 121 'm_axi' <Latency = 0> <II = 1> <Delay = 1.00> <Adapter> <Opcode : 'read' 'write' 'readreq' 'writereq' 'writeresp'>

State 35 <SV = 34> <Delay = 4.37>
ST_35 : Operation 110 [38/68] (4.37ns)   --->   "%empty_50 = writeresp i1 @_ssdm_op_WriteResp.m_axi.p1i16, i16 %gmem1_addr" [/home/ayvol/vitis-accel-DNN/vitis_accel_prj/kernel_wrapper.cpp:27]   --->   Operation 110 'writeresp' 'empty_50' <Predicate = true> <Delay = 4.37> <CoreInst = "m_axi">   --->   Core 121 'm_axi' <Latency = 0> <II = 1> <Delay = 1.00> <Adapter> <Opcode : 'read' 'write' 'readreq' 'writereq' 'writeresp'>

State 36 <SV = 35> <Delay = 4.37>
ST_36 : Operation 111 [37/68] (4.37ns)   --->   "%empty_50 = writeresp i1 @_ssdm_op_WriteResp.m_axi.p1i16, i16 %gmem1_addr" [/home/ayvol/vitis-accel-DNN/vitis_accel_prj/kernel_wrapper.cpp:27]   --->   Operation 111 'writeresp' 'empty_50' <Predicate = true> <Delay = 4.37> <CoreInst = "m_axi">   --->   Core 121 'm_axi' <Latency = 0> <II = 1> <Delay = 1.00> <Adapter> <Opcode : 'read' 'write' 'readreq' 'writereq' 'writeresp'>

State 37 <SV = 36> <Delay = 4.37>
ST_37 : Operation 112 [36/68] (4.37ns)   --->   "%empty_50 = writeresp i1 @_ssdm_op_WriteResp.m_axi.p1i16, i16 %gmem1_addr" [/home/ayvol/vitis-accel-DNN/vitis_accel_prj/kernel_wrapper.cpp:27]   --->   Operation 112 'writeresp' 'empty_50' <Predicate = true> <Delay = 4.37> <CoreInst = "m_axi">   --->   Core 121 'm_axi' <Latency = 0> <II = 1> <Delay = 1.00> <Adapter> <Opcode : 'read' 'write' 'readreq' 'writereq' 'writeresp'>

State 38 <SV = 37> <Delay = 4.37>
ST_38 : Operation 113 [35/68] (4.37ns)   --->   "%empty_50 = writeresp i1 @_ssdm_op_WriteResp.m_axi.p1i16, i16 %gmem1_addr" [/home/ayvol/vitis-accel-DNN/vitis_accel_prj/kernel_wrapper.cpp:27]   --->   Operation 113 'writeresp' 'empty_50' <Predicate = true> <Delay = 4.37> <CoreInst = "m_axi">   --->   Core 121 'm_axi' <Latency = 0> <II = 1> <Delay = 1.00> <Adapter> <Opcode : 'read' 'write' 'readreq' 'writereq' 'writeresp'>

State 39 <SV = 38> <Delay = 4.37>
ST_39 : Operation 114 [34/68] (4.37ns)   --->   "%empty_50 = writeresp i1 @_ssdm_op_WriteResp.m_axi.p1i16, i16 %gmem1_addr" [/home/ayvol/vitis-accel-DNN/vitis_accel_prj/kernel_wrapper.cpp:27]   --->   Operation 114 'writeresp' 'empty_50' <Predicate = true> <Delay = 4.37> <CoreInst = "m_axi">   --->   Core 121 'm_axi' <Latency = 0> <II = 1> <Delay = 1.00> <Adapter> <Opcode : 'read' 'write' 'readreq' 'writereq' 'writeresp'>

State 40 <SV = 39> <Delay = 4.37>
ST_40 : Operation 115 [33/68] (4.37ns)   --->   "%empty_50 = writeresp i1 @_ssdm_op_WriteResp.m_axi.p1i16, i16 %gmem1_addr" [/home/ayvol/vitis-accel-DNN/vitis_accel_prj/kernel_wrapper.cpp:27]   --->   Operation 115 'writeresp' 'empty_50' <Predicate = true> <Delay = 4.37> <CoreInst = "m_axi">   --->   Core 121 'm_axi' <Latency = 0> <II = 1> <Delay = 1.00> <Adapter> <Opcode : 'read' 'write' 'readreq' 'writereq' 'writeresp'>

State 41 <SV = 40> <Delay = 4.37>
ST_41 : Operation 116 [32/68] (4.37ns)   --->   "%empty_50 = writeresp i1 @_ssdm_op_WriteResp.m_axi.p1i16, i16 %gmem1_addr" [/home/ayvol/vitis-accel-DNN/vitis_accel_prj/kernel_wrapper.cpp:27]   --->   Operation 116 'writeresp' 'empty_50' <Predicate = true> <Delay = 4.37> <CoreInst = "m_axi">   --->   Core 121 'm_axi' <Latency = 0> <II = 1> <Delay = 1.00> <Adapter> <Opcode : 'read' 'write' 'readreq' 'writereq' 'writeresp'>

State 42 <SV = 41> <Delay = 4.37>
ST_42 : Operation 117 [31/68] (4.37ns)   --->   "%empty_50 = writeresp i1 @_ssdm_op_WriteResp.m_axi.p1i16, i16 %gmem1_addr" [/home/ayvol/vitis-accel-DNN/vitis_accel_prj/kernel_wrapper.cpp:27]   --->   Operation 117 'writeresp' 'empty_50' <Predicate = true> <Delay = 4.37> <CoreInst = "m_axi">   --->   Core 121 'm_axi' <Latency = 0> <II = 1> <Delay = 1.00> <Adapter> <Opcode : 'read' 'write' 'readreq' 'writereq' 'writeresp'>

State 43 <SV = 42> <Delay = 4.37>
ST_43 : Operation 118 [30/68] (4.37ns)   --->   "%empty_50 = writeresp i1 @_ssdm_op_WriteResp.m_axi.p1i16, i16 %gmem1_addr" [/home/ayvol/vitis-accel-DNN/vitis_accel_prj/kernel_wrapper.cpp:27]   --->   Operation 118 'writeresp' 'empty_50' <Predicate = true> <Delay = 4.37> <CoreInst = "m_axi">   --->   Core 121 'm_axi' <Latency = 0> <II = 1> <Delay = 1.00> <Adapter> <Opcode : 'read' 'write' 'readreq' 'writereq' 'writeresp'>

State 44 <SV = 43> <Delay = 4.37>
ST_44 : Operation 119 [29/68] (4.37ns)   --->   "%empty_50 = writeresp i1 @_ssdm_op_WriteResp.m_axi.p1i16, i16 %gmem1_addr" [/home/ayvol/vitis-accel-DNN/vitis_accel_prj/kernel_wrapper.cpp:27]   --->   Operation 119 'writeresp' 'empty_50' <Predicate = true> <Delay = 4.37> <CoreInst = "m_axi">   --->   Core 121 'm_axi' <Latency = 0> <II = 1> <Delay = 1.00> <Adapter> <Opcode : 'read' 'write' 'readreq' 'writereq' 'writeresp'>

State 45 <SV = 44> <Delay = 4.37>
ST_45 : Operation 120 [28/68] (4.37ns)   --->   "%empty_50 = writeresp i1 @_ssdm_op_WriteResp.m_axi.p1i16, i16 %gmem1_addr" [/home/ayvol/vitis-accel-DNN/vitis_accel_prj/kernel_wrapper.cpp:27]   --->   Operation 120 'writeresp' 'empty_50' <Predicate = true> <Delay = 4.37> <CoreInst = "m_axi">   --->   Core 121 'm_axi' <Latency = 0> <II = 1> <Delay = 1.00> <Adapter> <Opcode : 'read' 'write' 'readreq' 'writereq' 'writeresp'>

State 46 <SV = 45> <Delay = 4.37>
ST_46 : Operation 121 [27/68] (4.37ns)   --->   "%empty_50 = writeresp i1 @_ssdm_op_WriteResp.m_axi.p1i16, i16 %gmem1_addr" [/home/ayvol/vitis-accel-DNN/vitis_accel_prj/kernel_wrapper.cpp:27]   --->   Operation 121 'writeresp' 'empty_50' <Predicate = true> <Delay = 4.37> <CoreInst = "m_axi">   --->   Core 121 'm_axi' <Latency = 0> <II = 1> <Delay = 1.00> <Adapter> <Opcode : 'read' 'write' 'readreq' 'writereq' 'writeresp'>

State 47 <SV = 46> <Delay = 4.37>
ST_47 : Operation 122 [26/68] (4.37ns)   --->   "%empty_50 = writeresp i1 @_ssdm_op_WriteResp.m_axi.p1i16, i16 %gmem1_addr" [/home/ayvol/vitis-accel-DNN/vitis_accel_prj/kernel_wrapper.cpp:27]   --->   Operation 122 'writeresp' 'empty_50' <Predicate = true> <Delay = 4.37> <CoreInst = "m_axi">   --->   Core 121 'm_axi' <Latency = 0> <II = 1> <Delay = 1.00> <Adapter> <Opcode : 'read' 'write' 'readreq' 'writereq' 'writeresp'>

State 48 <SV = 47> <Delay = 4.37>
ST_48 : Operation 123 [25/68] (4.37ns)   --->   "%empty_50 = writeresp i1 @_ssdm_op_WriteResp.m_axi.p1i16, i16 %gmem1_addr" [/home/ayvol/vitis-accel-DNN/vitis_accel_prj/kernel_wrapper.cpp:27]   --->   Operation 123 'writeresp' 'empty_50' <Predicate = true> <Delay = 4.37> <CoreInst = "m_axi">   --->   Core 121 'm_axi' <Latency = 0> <II = 1> <Delay = 1.00> <Adapter> <Opcode : 'read' 'write' 'readreq' 'writereq' 'writeresp'>

State 49 <SV = 48> <Delay = 4.37>
ST_49 : Operation 124 [24/68] (4.37ns)   --->   "%empty_50 = writeresp i1 @_ssdm_op_WriteResp.m_axi.p1i16, i16 %gmem1_addr" [/home/ayvol/vitis-accel-DNN/vitis_accel_prj/kernel_wrapper.cpp:27]   --->   Operation 124 'writeresp' 'empty_50' <Predicate = true> <Delay = 4.37> <CoreInst = "m_axi">   --->   Core 121 'm_axi' <Latency = 0> <II = 1> <Delay = 1.00> <Adapter> <Opcode : 'read' 'write' 'readreq' 'writereq' 'writeresp'>

State 50 <SV = 49> <Delay = 4.37>
ST_50 : Operation 125 [23/68] (4.37ns)   --->   "%empty_50 = writeresp i1 @_ssdm_op_WriteResp.m_axi.p1i16, i16 %gmem1_addr" [/home/ayvol/vitis-accel-DNN/vitis_accel_prj/kernel_wrapper.cpp:27]   --->   Operation 125 'writeresp' 'empty_50' <Predicate = true> <Delay = 4.37> <CoreInst = "m_axi">   --->   Core 121 'm_axi' <Latency = 0> <II = 1> <Delay = 1.00> <Adapter> <Opcode : 'read' 'write' 'readreq' 'writereq' 'writeresp'>

State 51 <SV = 50> <Delay = 4.37>
ST_51 : Operation 126 [22/68] (4.37ns)   --->   "%empty_50 = writeresp i1 @_ssdm_op_WriteResp.m_axi.p1i16, i16 %gmem1_addr" [/home/ayvol/vitis-accel-DNN/vitis_accel_prj/kernel_wrapper.cpp:27]   --->   Operation 126 'writeresp' 'empty_50' <Predicate = true> <Delay = 4.37> <CoreInst = "m_axi">   --->   Core 121 'm_axi' <Latency = 0> <II = 1> <Delay = 1.00> <Adapter> <Opcode : 'read' 'write' 'readreq' 'writereq' 'writeresp'>

State 52 <SV = 51> <Delay = 4.37>
ST_52 : Operation 127 [21/68] (4.37ns)   --->   "%empty_50 = writeresp i1 @_ssdm_op_WriteResp.m_axi.p1i16, i16 %gmem1_addr" [/home/ayvol/vitis-accel-DNN/vitis_accel_prj/kernel_wrapper.cpp:27]   --->   Operation 127 'writeresp' 'empty_50' <Predicate = true> <Delay = 4.37> <CoreInst = "m_axi">   --->   Core 121 'm_axi' <Latency = 0> <II = 1> <Delay = 1.00> <Adapter> <Opcode : 'read' 'write' 'readreq' 'writereq' 'writeresp'>

State 53 <SV = 52> <Delay = 4.37>
ST_53 : Operation 128 [20/68] (4.37ns)   --->   "%empty_50 = writeresp i1 @_ssdm_op_WriteResp.m_axi.p1i16, i16 %gmem1_addr" [/home/ayvol/vitis-accel-DNN/vitis_accel_prj/kernel_wrapper.cpp:27]   --->   Operation 128 'writeresp' 'empty_50' <Predicate = true> <Delay = 4.37> <CoreInst = "m_axi">   --->   Core 121 'm_axi' <Latency = 0> <II = 1> <Delay = 1.00> <Adapter> <Opcode : 'read' 'write' 'readreq' 'writereq' 'writeresp'>

State 54 <SV = 53> <Delay = 4.37>
ST_54 : Operation 129 [19/68] (4.37ns)   --->   "%empty_50 = writeresp i1 @_ssdm_op_WriteResp.m_axi.p1i16, i16 %gmem1_addr" [/home/ayvol/vitis-accel-DNN/vitis_accel_prj/kernel_wrapper.cpp:27]   --->   Operation 129 'writeresp' 'empty_50' <Predicate = true> <Delay = 4.37> <CoreInst = "m_axi">   --->   Core 121 'm_axi' <Latency = 0> <II = 1> <Delay = 1.00> <Adapter> <Opcode : 'read' 'write' 'readreq' 'writereq' 'writeresp'>

State 55 <SV = 54> <Delay = 4.37>
ST_55 : Operation 130 [18/68] (4.37ns)   --->   "%empty_50 = writeresp i1 @_ssdm_op_WriteResp.m_axi.p1i16, i16 %gmem1_addr" [/home/ayvol/vitis-accel-DNN/vitis_accel_prj/kernel_wrapper.cpp:27]   --->   Operation 130 'writeresp' 'empty_50' <Predicate = true> <Delay = 4.37> <CoreInst = "m_axi">   --->   Core 121 'm_axi' <Latency = 0> <II = 1> <Delay = 1.00> <Adapter> <Opcode : 'read' 'write' 'readreq' 'writereq' 'writeresp'>

State 56 <SV = 55> <Delay = 4.37>
ST_56 : Operation 131 [17/68] (4.37ns)   --->   "%empty_50 = writeresp i1 @_ssdm_op_WriteResp.m_axi.p1i16, i16 %gmem1_addr" [/home/ayvol/vitis-accel-DNN/vitis_accel_prj/kernel_wrapper.cpp:27]   --->   Operation 131 'writeresp' 'empty_50' <Predicate = true> <Delay = 4.37> <CoreInst = "m_axi">   --->   Core 121 'm_axi' <Latency = 0> <II = 1> <Delay = 1.00> <Adapter> <Opcode : 'read' 'write' 'readreq' 'writereq' 'writeresp'>

State 57 <SV = 56> <Delay = 4.37>
ST_57 : Operation 132 [16/68] (4.37ns)   --->   "%empty_50 = writeresp i1 @_ssdm_op_WriteResp.m_axi.p1i16, i16 %gmem1_addr" [/home/ayvol/vitis-accel-DNN/vitis_accel_prj/kernel_wrapper.cpp:27]   --->   Operation 132 'writeresp' 'empty_50' <Predicate = true> <Delay = 4.37> <CoreInst = "m_axi">   --->   Core 121 'm_axi' <Latency = 0> <II = 1> <Delay = 1.00> <Adapter> <Opcode : 'read' 'write' 'readreq' 'writereq' 'writeresp'>

State 58 <SV = 57> <Delay = 4.37>
ST_58 : Operation 133 [15/68] (4.37ns)   --->   "%empty_50 = writeresp i1 @_ssdm_op_WriteResp.m_axi.p1i16, i16 %gmem1_addr" [/home/ayvol/vitis-accel-DNN/vitis_accel_prj/kernel_wrapper.cpp:27]   --->   Operation 133 'writeresp' 'empty_50' <Predicate = true> <Delay = 4.37> <CoreInst = "m_axi">   --->   Core 121 'm_axi' <Latency = 0> <II = 1> <Delay = 1.00> <Adapter> <Opcode : 'read' 'write' 'readreq' 'writereq' 'writeresp'>

State 59 <SV = 58> <Delay = 4.37>
ST_59 : Operation 134 [14/68] (4.37ns)   --->   "%empty_50 = writeresp i1 @_ssdm_op_WriteResp.m_axi.p1i16, i16 %gmem1_addr" [/home/ayvol/vitis-accel-DNN/vitis_accel_prj/kernel_wrapper.cpp:27]   --->   Operation 134 'writeresp' 'empty_50' <Predicate = true> <Delay = 4.37> <CoreInst = "m_axi">   --->   Core 121 'm_axi' <Latency = 0> <II = 1> <Delay = 1.00> <Adapter> <Opcode : 'read' 'write' 'readreq' 'writereq' 'writeresp'>

State 60 <SV = 59> <Delay = 4.37>
ST_60 : Operation 135 [13/68] (4.37ns)   --->   "%empty_50 = writeresp i1 @_ssdm_op_WriteResp.m_axi.p1i16, i16 %gmem1_addr" [/home/ayvol/vitis-accel-DNN/vitis_accel_prj/kernel_wrapper.cpp:27]   --->   Operation 135 'writeresp' 'empty_50' <Predicate = true> <Delay = 4.37> <CoreInst = "m_axi">   --->   Core 121 'm_axi' <Latency = 0> <II = 1> <Delay = 1.00> <Adapter> <Opcode : 'read' 'write' 'readreq' 'writereq' 'writeresp'>

State 61 <SV = 60> <Delay = 4.37>
ST_61 : Operation 136 [12/68] (4.37ns)   --->   "%empty_50 = writeresp i1 @_ssdm_op_WriteResp.m_axi.p1i16, i16 %gmem1_addr" [/home/ayvol/vitis-accel-DNN/vitis_accel_prj/kernel_wrapper.cpp:27]   --->   Operation 136 'writeresp' 'empty_50' <Predicate = true> <Delay = 4.37> <CoreInst = "m_axi">   --->   Core 121 'm_axi' <Latency = 0> <II = 1> <Delay = 1.00> <Adapter> <Opcode : 'read' 'write' 'readreq' 'writereq' 'writeresp'>

State 62 <SV = 61> <Delay = 4.37>
ST_62 : Operation 137 [11/68] (4.37ns)   --->   "%empty_50 = writeresp i1 @_ssdm_op_WriteResp.m_axi.p1i16, i16 %gmem1_addr" [/home/ayvol/vitis-accel-DNN/vitis_accel_prj/kernel_wrapper.cpp:27]   --->   Operation 137 'writeresp' 'empty_50' <Predicate = true> <Delay = 4.37> <CoreInst = "m_axi">   --->   Core 121 'm_axi' <Latency = 0> <II = 1> <Delay = 1.00> <Adapter> <Opcode : 'read' 'write' 'readreq' 'writereq' 'writeresp'>

State 63 <SV = 62> <Delay = 4.37>
ST_63 : Operation 138 [10/68] (4.37ns)   --->   "%empty_50 = writeresp i1 @_ssdm_op_WriteResp.m_axi.p1i16, i16 %gmem1_addr" [/home/ayvol/vitis-accel-DNN/vitis_accel_prj/kernel_wrapper.cpp:27]   --->   Operation 138 'writeresp' 'empty_50' <Predicate = true> <Delay = 4.37> <CoreInst = "m_axi">   --->   Core 121 'm_axi' <Latency = 0> <II = 1> <Delay = 1.00> <Adapter> <Opcode : 'read' 'write' 'readreq' 'writereq' 'writeresp'>

State 64 <SV = 63> <Delay = 4.37>
ST_64 : Operation 139 [9/68] (4.37ns)   --->   "%empty_50 = writeresp i1 @_ssdm_op_WriteResp.m_axi.p1i16, i16 %gmem1_addr" [/home/ayvol/vitis-accel-DNN/vitis_accel_prj/kernel_wrapper.cpp:27]   --->   Operation 139 'writeresp' 'empty_50' <Predicate = true> <Delay = 4.37> <CoreInst = "m_axi">   --->   Core 121 'm_axi' <Latency = 0> <II = 1> <Delay = 1.00> <Adapter> <Opcode : 'read' 'write' 'readreq' 'writereq' 'writeresp'>

State 65 <SV = 64> <Delay = 4.37>
ST_65 : Operation 140 [8/68] (4.37ns)   --->   "%empty_50 = writeresp i1 @_ssdm_op_WriteResp.m_axi.p1i16, i16 %gmem1_addr" [/home/ayvol/vitis-accel-DNN/vitis_accel_prj/kernel_wrapper.cpp:27]   --->   Operation 140 'writeresp' 'empty_50' <Predicate = true> <Delay = 4.37> <CoreInst = "m_axi">   --->   Core 121 'm_axi' <Latency = 0> <II = 1> <Delay = 1.00> <Adapter> <Opcode : 'read' 'write' 'readreq' 'writereq' 'writeresp'>

State 66 <SV = 65> <Delay = 4.37>
ST_66 : Operation 141 [7/68] (4.37ns)   --->   "%empty_50 = writeresp i1 @_ssdm_op_WriteResp.m_axi.p1i16, i16 %gmem1_addr" [/home/ayvol/vitis-accel-DNN/vitis_accel_prj/kernel_wrapper.cpp:27]   --->   Operation 141 'writeresp' 'empty_50' <Predicate = true> <Delay = 4.37> <CoreInst = "m_axi">   --->   Core 121 'm_axi' <Latency = 0> <II = 1> <Delay = 1.00> <Adapter> <Opcode : 'read' 'write' 'readreq' 'writereq' 'writeresp'>

State 67 <SV = 66> <Delay = 4.37>
ST_67 : Operation 142 [6/68] (4.37ns)   --->   "%empty_50 = writeresp i1 @_ssdm_op_WriteResp.m_axi.p1i16, i16 %gmem1_addr" [/home/ayvol/vitis-accel-DNN/vitis_accel_prj/kernel_wrapper.cpp:27]   --->   Operation 142 'writeresp' 'empty_50' <Predicate = true> <Delay = 4.37> <CoreInst = "m_axi">   --->   Core 121 'm_axi' <Latency = 0> <II = 1> <Delay = 1.00> <Adapter> <Opcode : 'read' 'write' 'readreq' 'writereq' 'writeresp'>

State 68 <SV = 67> <Delay = 4.37>
ST_68 : Operation 143 [5/68] (4.37ns)   --->   "%empty_50 = writeresp i1 @_ssdm_op_WriteResp.m_axi.p1i16, i16 %gmem1_addr" [/home/ayvol/vitis-accel-DNN/vitis_accel_prj/kernel_wrapper.cpp:27]   --->   Operation 143 'writeresp' 'empty_50' <Predicate = true> <Delay = 4.37> <CoreInst = "m_axi">   --->   Core 121 'm_axi' <Latency = 0> <II = 1> <Delay = 1.00> <Adapter> <Opcode : 'read' 'write' 'readreq' 'writereq' 'writeresp'>

State 69 <SV = 68> <Delay = 4.37>
ST_69 : Operation 144 [4/68] (4.37ns)   --->   "%empty_50 = writeresp i1 @_ssdm_op_WriteResp.m_axi.p1i16, i16 %gmem1_addr" [/home/ayvol/vitis-accel-DNN/vitis_accel_prj/kernel_wrapper.cpp:27]   --->   Operation 144 'writeresp' 'empty_50' <Predicate = true> <Delay = 4.37> <CoreInst = "m_axi">   --->   Core 121 'm_axi' <Latency = 0> <II = 1> <Delay = 1.00> <Adapter> <Opcode : 'read' 'write' 'readreq' 'writereq' 'writeresp'>

State 70 <SV = 69> <Delay = 4.37>
ST_70 : Operation 145 [3/68] (4.37ns)   --->   "%empty_50 = writeresp i1 @_ssdm_op_WriteResp.m_axi.p1i16, i16 %gmem1_addr" [/home/ayvol/vitis-accel-DNN/vitis_accel_prj/kernel_wrapper.cpp:27]   --->   Operation 145 'writeresp' 'empty_50' <Predicate = true> <Delay = 4.37> <CoreInst = "m_axi">   --->   Core 121 'm_axi' <Latency = 0> <II = 1> <Delay = 1.00> <Adapter> <Opcode : 'read' 'write' 'readreq' 'writereq' 'writeresp'>

State 71 <SV = 70> <Delay = 4.37>
ST_71 : Operation 146 [2/68] (4.37ns)   --->   "%empty_50 = writeresp i1 @_ssdm_op_WriteResp.m_axi.p1i16, i16 %gmem1_addr" [/home/ayvol/vitis-accel-DNN/vitis_accel_prj/kernel_wrapper.cpp:27]   --->   Operation 146 'writeresp' 'empty_50' <Predicate = true> <Delay = 4.37> <CoreInst = "m_axi">   --->   Core 121 'm_axi' <Latency = 0> <II = 1> <Delay = 1.00> <Adapter> <Opcode : 'read' 'write' 'readreq' 'writereq' 'writeresp'>

State 72 <SV = 71> <Delay = 4.37>
ST_72 : Operation 147 [1/1] (0.00ns)   --->   "%specinterface_ln0 = specinterface void @_ssdm_op_SpecInterface, i64 %out_r, void @ap_fifo_str, i32 0, i32 0, void @p_str, i32 0, i32 0, void @p_str, void @p_str, void @p_str, i32 2, i32 2, i32 16, i32 16, void @p_str, void @ScalarProp_str, i32 4294967295, i32 0"   --->   Operation 147 'specinterface' 'specinterface_ln0' <Predicate = true> <Delay = 0.00>
ST_72 : Operation 148 [1/1] (0.00ns)   --->   "%specinterface_ln0 = specinterface void @_ssdm_op_SpecInterface, i16 %gmem1, void @empty_0, i32 0, i32 0, void @empty_1, i32 64, i32 0, void @empty_3, void @empty_9, void @empty_1, i32 16, i32 16, i32 16, i32 16, void @empty_1, void @empty_1, i32 4294967295, i32 0"   --->   Operation 148 'specinterface' 'specinterface_ln0' <Predicate = true> <Delay = 0.00>
ST_72 : Operation 149 [1/68] (4.37ns)   --->   "%empty_50 = writeresp i1 @_ssdm_op_WriteResp.m_axi.p1i16, i16 %gmem1_addr" [/home/ayvol/vitis-accel-DNN/vitis_accel_prj/kernel_wrapper.cpp:27]   --->   Operation 149 'writeresp' 'empty_50' <Predicate = true> <Delay = 4.37> <CoreInst = "m_axi">   --->   Core 121 'm_axi' <Latency = 0> <II = 1> <Delay = 1.00> <Adapter> <Opcode : 'read' 'write' 'readreq' 'writereq' 'writeresp'>
ST_72 : Operation 150 [1/1] (0.00ns)   --->   "%ret_ln27 = ret" [/home/ayvol/vitis-accel-DNN/vitis_accel_prj/kernel_wrapper.cpp:27]   --->   Operation 150 'ret' 'ret_ln27' <Predicate = true> <Delay = 0.00>


============================================================
+ Verbose Summary: Timing violations
============================================================
Target clock period: 5ns, clock uncertainty: 0.625ns.

 <State 1>: 1.41ns
The critical path consists of the following:
	fifo read operation ('out.V') on port 'out_r' [9]  (1.41 ns)

 <State 2>: 4.38ns
The critical path consists of the following:
	'getelementptr' operation ('gmem1_addr', /home/ayvol/vitis-accel-DNN/vitis_accel_prj/kernel_wrapper.cpp:20) [13]  (0 ns)
	bus request operation ('empty', /home/ayvol/vitis-accel-DNN/vitis_accel_prj/kernel_wrapper.cpp:20) on port 'gmem1' (/home/ayvol/vitis-accel-DNN/vitis_accel_prj/kernel_wrapper.cpp:20) [14]  (4.38 ns)

 <State 3>: 0ns
The critical path consists of the following:

 <State 4>: 0ns
The critical path consists of the following:

 <State 5>: 4.38ns
The critical path consists of the following:
	bus response operation ('empty_50', /home/ayvol/vitis-accel-DNN/vitis_accel_prj/kernel_wrapper.cpp:27) on port 'gmem1' (/home/ayvol/vitis-accel-DNN/vitis_accel_prj/kernel_wrapper.cpp:27) [16]  (4.38 ns)

 <State 6>: 4.38ns
The critical path consists of the following:
	bus response operation ('empty_50', /home/ayvol/vitis-accel-DNN/vitis_accel_prj/kernel_wrapper.cpp:27) on port 'gmem1' (/home/ayvol/vitis-accel-DNN/vitis_accel_prj/kernel_wrapper.cpp:27) [16]  (4.38 ns)

 <State 7>: 4.38ns
The critical path consists of the following:
	bus response operation ('empty_50', /home/ayvol/vitis-accel-DNN/vitis_accel_prj/kernel_wrapper.cpp:27) on port 'gmem1' (/home/ayvol/vitis-accel-DNN/vitis_accel_prj/kernel_wrapper.cpp:27) [16]  (4.38 ns)

 <State 8>: 4.38ns
The critical path consists of the following:
	bus response operation ('empty_50', /home/ayvol/vitis-accel-DNN/vitis_accel_prj/kernel_wrapper.cpp:27) on port 'gmem1' (/home/ayvol/vitis-accel-DNN/vitis_accel_prj/kernel_wrapper.cpp:27) [16]  (4.38 ns)

 <State 9>: 4.38ns
The critical path consists of the following:
	bus response operation ('empty_50', /home/ayvol/vitis-accel-DNN/vitis_accel_prj/kernel_wrapper.cpp:27) on port 'gmem1' (/home/ayvol/vitis-accel-DNN/vitis_accel_prj/kernel_wrapper.cpp:27) [16]  (4.38 ns)

 <State 10>: 4.38ns
The critical path consists of the following:
	bus response operation ('empty_50', /home/ayvol/vitis-accel-DNN/vitis_accel_prj/kernel_wrapper.cpp:27) on port 'gmem1' (/home/ayvol/vitis-accel-DNN/vitis_accel_prj/kernel_wrapper.cpp:27) [16]  (4.38 ns)

 <State 11>: 4.38ns
The critical path consists of the following:
	bus response operation ('empty_50', /home/ayvol/vitis-accel-DNN/vitis_accel_prj/kernel_wrapper.cpp:27) on port 'gmem1' (/home/ayvol/vitis-accel-DNN/vitis_accel_prj/kernel_wrapper.cpp:27) [16]  (4.38 ns)

 <State 12>: 4.38ns
The critical path consists of the following:
	bus response operation ('empty_50', /home/ayvol/vitis-accel-DNN/vitis_accel_prj/kernel_wrapper.cpp:27) on port 'gmem1' (/home/ayvol/vitis-accel-DNN/vitis_accel_prj/kernel_wrapper.cpp:27) [16]  (4.38 ns)

 <State 13>: 4.38ns
The critical path consists of the following:
	bus response operation ('empty_50', /home/ayvol/vitis-accel-DNN/vitis_accel_prj/kernel_wrapper.cpp:27) on port 'gmem1' (/home/ayvol/vitis-accel-DNN/vitis_accel_prj/kernel_wrapper.cpp:27) [16]  (4.38 ns)

 <State 14>: 4.38ns
The critical path consists of the following:
	bus response operation ('empty_50', /home/ayvol/vitis-accel-DNN/vitis_accel_prj/kernel_wrapper.cpp:27) on port 'gmem1' (/home/ayvol/vitis-accel-DNN/vitis_accel_prj/kernel_wrapper.cpp:27) [16]  (4.38 ns)

 <State 15>: 4.38ns
The critical path consists of the following:
	bus response operation ('empty_50', /home/ayvol/vitis-accel-DNN/vitis_accel_prj/kernel_wrapper.cpp:27) on port 'gmem1' (/home/ayvol/vitis-accel-DNN/vitis_accel_prj/kernel_wrapper.cpp:27) [16]  (4.38 ns)

 <State 16>: 4.38ns
The critical path consists of the following:
	bus response operation ('empty_50', /home/ayvol/vitis-accel-DNN/vitis_accel_prj/kernel_wrapper.cpp:27) on port 'gmem1' (/home/ayvol/vitis-accel-DNN/vitis_accel_prj/kernel_wrapper.cpp:27) [16]  (4.38 ns)

 <State 17>: 4.38ns
The critical path consists of the following:
	bus response operation ('empty_50', /home/ayvol/vitis-accel-DNN/vitis_accel_prj/kernel_wrapper.cpp:27) on port 'gmem1' (/home/ayvol/vitis-accel-DNN/vitis_accel_prj/kernel_wrapper.cpp:27) [16]  (4.38 ns)

 <State 18>: 4.38ns
The critical path consists of the following:
	bus response operation ('empty_50', /home/ayvol/vitis-accel-DNN/vitis_accel_prj/kernel_wrapper.cpp:27) on port 'gmem1' (/home/ayvol/vitis-accel-DNN/vitis_accel_prj/kernel_wrapper.cpp:27) [16]  (4.38 ns)

 <State 19>: 4.38ns
The critical path consists of the following:
	bus response operation ('empty_50', /home/ayvol/vitis-accel-DNN/vitis_accel_prj/kernel_wrapper.cpp:27) on port 'gmem1' (/home/ayvol/vitis-accel-DNN/vitis_accel_prj/kernel_wrapper.cpp:27) [16]  (4.38 ns)

 <State 20>: 4.38ns
The critical path consists of the following:
	bus response operation ('empty_50', /home/ayvol/vitis-accel-DNN/vitis_accel_prj/kernel_wrapper.cpp:27) on port 'gmem1' (/home/ayvol/vitis-accel-DNN/vitis_accel_prj/kernel_wrapper.cpp:27) [16]  (4.38 ns)

 <State 21>: 4.38ns
The critical path consists of the following:
	bus response operation ('empty_50', /home/ayvol/vitis-accel-DNN/vitis_accel_prj/kernel_wrapper.cpp:27) on port 'gmem1' (/home/ayvol/vitis-accel-DNN/vitis_accel_prj/kernel_wrapper.cpp:27) [16]  (4.38 ns)

 <State 22>: 4.38ns
The critical path consists of the following:
	bus response operation ('empty_50', /home/ayvol/vitis-accel-DNN/vitis_accel_prj/kernel_wrapper.cpp:27) on port 'gmem1' (/home/ayvol/vitis-accel-DNN/vitis_accel_prj/kernel_wrapper.cpp:27) [16]  (4.38 ns)

 <State 23>: 4.38ns
The critical path consists of the following:
	bus response operation ('empty_50', /home/ayvol/vitis-accel-DNN/vitis_accel_prj/kernel_wrapper.cpp:27) on port 'gmem1' (/home/ayvol/vitis-accel-DNN/vitis_accel_prj/kernel_wrapper.cpp:27) [16]  (4.38 ns)

 <State 24>: 4.38ns
The critical path consists of the following:
	bus response operation ('empty_50', /home/ayvol/vitis-accel-DNN/vitis_accel_prj/kernel_wrapper.cpp:27) on port 'gmem1' (/home/ayvol/vitis-accel-DNN/vitis_accel_prj/kernel_wrapper.cpp:27) [16]  (4.38 ns)

 <State 25>: 4.38ns
The critical path consists of the following:
	bus response operation ('empty_50', /home/ayvol/vitis-accel-DNN/vitis_accel_prj/kernel_wrapper.cpp:27) on port 'gmem1' (/home/ayvol/vitis-accel-DNN/vitis_accel_prj/kernel_wrapper.cpp:27) [16]  (4.38 ns)

 <State 26>: 4.38ns
The critical path consists of the following:
	bus response operation ('empty_50', /home/ayvol/vitis-accel-DNN/vitis_accel_prj/kernel_wrapper.cpp:27) on port 'gmem1' (/home/ayvol/vitis-accel-DNN/vitis_accel_prj/kernel_wrapper.cpp:27) [16]  (4.38 ns)

 <State 27>: 4.38ns
The critical path consists of the following:
	bus response operation ('empty_50', /home/ayvol/vitis-accel-DNN/vitis_accel_prj/kernel_wrapper.cpp:27) on port 'gmem1' (/home/ayvol/vitis-accel-DNN/vitis_accel_prj/kernel_wrapper.cpp:27) [16]  (4.38 ns)

 <State 28>: 4.38ns
The critical path consists of the following:
	bus response operation ('empty_50', /home/ayvol/vitis-accel-DNN/vitis_accel_prj/kernel_wrapper.cpp:27) on port 'gmem1' (/home/ayvol/vitis-accel-DNN/vitis_accel_prj/kernel_wrapper.cpp:27) [16]  (4.38 ns)

 <State 29>: 4.38ns
The critical path consists of the following:
	bus response operation ('empty_50', /home/ayvol/vitis-accel-DNN/vitis_accel_prj/kernel_wrapper.cpp:27) on port 'gmem1' (/home/ayvol/vitis-accel-DNN/vitis_accel_prj/kernel_wrapper.cpp:27) [16]  (4.38 ns)

 <State 30>: 4.38ns
The critical path consists of the following:
	bus response operation ('empty_50', /home/ayvol/vitis-accel-DNN/vitis_accel_prj/kernel_wrapper.cpp:27) on port 'gmem1' (/home/ayvol/vitis-accel-DNN/vitis_accel_prj/kernel_wrapper.cpp:27) [16]  (4.38 ns)

 <State 31>: 4.38ns
The critical path consists of the following:
	bus response operation ('empty_50', /home/ayvol/vitis-accel-DNN/vitis_accel_prj/kernel_wrapper.cpp:27) on port 'gmem1' (/home/ayvol/vitis-accel-DNN/vitis_accel_prj/kernel_wrapper.cpp:27) [16]  (4.38 ns)

 <State 32>: 4.38ns
The critical path consists of the following:
	bus response operation ('empty_50', /home/ayvol/vitis-accel-DNN/vitis_accel_prj/kernel_wrapper.cpp:27) on port 'gmem1' (/home/ayvol/vitis-accel-DNN/vitis_accel_prj/kernel_wrapper.cpp:27) [16]  (4.38 ns)

 <State 33>: 4.38ns
The critical path consists of the following:
	bus response operation ('empty_50', /home/ayvol/vitis-accel-DNN/vitis_accel_prj/kernel_wrapper.cpp:27) on port 'gmem1' (/home/ayvol/vitis-accel-DNN/vitis_accel_prj/kernel_wrapper.cpp:27) [16]  (4.38 ns)

 <State 34>: 4.38ns
The critical path consists of the following:
	bus response operation ('empty_50', /home/ayvol/vitis-accel-DNN/vitis_accel_prj/kernel_wrapper.cpp:27) on port 'gmem1' (/home/ayvol/vitis-accel-DNN/vitis_accel_prj/kernel_wrapper.cpp:27) [16]  (4.38 ns)

 <State 35>: 4.38ns
The critical path consists of the following:
	bus response operation ('empty_50', /home/ayvol/vitis-accel-DNN/vitis_accel_prj/kernel_wrapper.cpp:27) on port 'gmem1' (/home/ayvol/vitis-accel-DNN/vitis_accel_prj/kernel_wrapper.cpp:27) [16]  (4.38 ns)

 <State 36>: 4.38ns
The critical path consists of the following:
	bus response operation ('empty_50', /home/ayvol/vitis-accel-DNN/vitis_accel_prj/kernel_wrapper.cpp:27) on port 'gmem1' (/home/ayvol/vitis-accel-DNN/vitis_accel_prj/kernel_wrapper.cpp:27) [16]  (4.38 ns)

 <State 37>: 4.38ns
The critical path consists of the following:
	bus response operation ('empty_50', /home/ayvol/vitis-accel-DNN/vitis_accel_prj/kernel_wrapper.cpp:27) on port 'gmem1' (/home/ayvol/vitis-accel-DNN/vitis_accel_prj/kernel_wrapper.cpp:27) [16]  (4.38 ns)

 <State 38>: 4.38ns
The critical path consists of the following:
	bus response operation ('empty_50', /home/ayvol/vitis-accel-DNN/vitis_accel_prj/kernel_wrapper.cpp:27) on port 'gmem1' (/home/ayvol/vitis-accel-DNN/vitis_accel_prj/kernel_wrapper.cpp:27) [16]  (4.38 ns)

 <State 39>: 4.38ns
The critical path consists of the following:
	bus response operation ('empty_50', /home/ayvol/vitis-accel-DNN/vitis_accel_prj/kernel_wrapper.cpp:27) on port 'gmem1' (/home/ayvol/vitis-accel-DNN/vitis_accel_prj/kernel_wrapper.cpp:27) [16]  (4.38 ns)

 <State 40>: 4.38ns
The critical path consists of the following:
	bus response operation ('empty_50', /home/ayvol/vitis-accel-DNN/vitis_accel_prj/kernel_wrapper.cpp:27) on port 'gmem1' (/home/ayvol/vitis-accel-DNN/vitis_accel_prj/kernel_wrapper.cpp:27) [16]  (4.38 ns)

 <State 41>: 4.38ns
The critical path consists of the following:
	bus response operation ('empty_50', /home/ayvol/vitis-accel-DNN/vitis_accel_prj/kernel_wrapper.cpp:27) on port 'gmem1' (/home/ayvol/vitis-accel-DNN/vitis_accel_prj/kernel_wrapper.cpp:27) [16]  (4.38 ns)

 <State 42>: 4.38ns
The critical path consists of the following:
	bus response operation ('empty_50', /home/ayvol/vitis-accel-DNN/vitis_accel_prj/kernel_wrapper.cpp:27) on port 'gmem1' (/home/ayvol/vitis-accel-DNN/vitis_accel_prj/kernel_wrapper.cpp:27) [16]  (4.38 ns)

 <State 43>: 4.38ns
The critical path consists of the following:
	bus response operation ('empty_50', /home/ayvol/vitis-accel-DNN/vitis_accel_prj/kernel_wrapper.cpp:27) on port 'gmem1' (/home/ayvol/vitis-accel-DNN/vitis_accel_prj/kernel_wrapper.cpp:27) [16]  (4.38 ns)

 <State 44>: 4.38ns
The critical path consists of the following:
	bus response operation ('empty_50', /home/ayvol/vitis-accel-DNN/vitis_accel_prj/kernel_wrapper.cpp:27) on port 'gmem1' (/home/ayvol/vitis-accel-DNN/vitis_accel_prj/kernel_wrapper.cpp:27) [16]  (4.38 ns)

 <State 45>: 4.38ns
The critical path consists of the following:
	bus response operation ('empty_50', /home/ayvol/vitis-accel-DNN/vitis_accel_prj/kernel_wrapper.cpp:27) on port 'gmem1' (/home/ayvol/vitis-accel-DNN/vitis_accel_prj/kernel_wrapper.cpp:27) [16]  (4.38 ns)

 <State 46>: 4.38ns
The critical path consists of the following:
	bus response operation ('empty_50', /home/ayvol/vitis-accel-DNN/vitis_accel_prj/kernel_wrapper.cpp:27) on port 'gmem1' (/home/ayvol/vitis-accel-DNN/vitis_accel_prj/kernel_wrapper.cpp:27) [16]  (4.38 ns)

 <State 47>: 4.38ns
The critical path consists of the following:
	bus response operation ('empty_50', /home/ayvol/vitis-accel-DNN/vitis_accel_prj/kernel_wrapper.cpp:27) on port 'gmem1' (/home/ayvol/vitis-accel-DNN/vitis_accel_prj/kernel_wrapper.cpp:27) [16]  (4.38 ns)

 <State 48>: 4.38ns
The critical path consists of the following:
	bus response operation ('empty_50', /home/ayvol/vitis-accel-DNN/vitis_accel_prj/kernel_wrapper.cpp:27) on port 'gmem1' (/home/ayvol/vitis-accel-DNN/vitis_accel_prj/kernel_wrapper.cpp:27) [16]  (4.38 ns)

 <State 49>: 4.38ns
The critical path consists of the following:
	bus response operation ('empty_50', /home/ayvol/vitis-accel-DNN/vitis_accel_prj/kernel_wrapper.cpp:27) on port 'gmem1' (/home/ayvol/vitis-accel-DNN/vitis_accel_prj/kernel_wrapper.cpp:27) [16]  (4.38 ns)

 <State 50>: 4.38ns
The critical path consists of the following:
	bus response operation ('empty_50', /home/ayvol/vitis-accel-DNN/vitis_accel_prj/kernel_wrapper.cpp:27) on port 'gmem1' (/home/ayvol/vitis-accel-DNN/vitis_accel_prj/kernel_wrapper.cpp:27) [16]  (4.38 ns)

 <State 51>: 4.38ns
The critical path consists of the following:
	bus response operation ('empty_50', /home/ayvol/vitis-accel-DNN/vitis_accel_prj/kernel_wrapper.cpp:27) on port 'gmem1' (/home/ayvol/vitis-accel-DNN/vitis_accel_prj/kernel_wrapper.cpp:27) [16]  (4.38 ns)

 <State 52>: 4.38ns
The critical path consists of the following:
	bus response operation ('empty_50', /home/ayvol/vitis-accel-DNN/vitis_accel_prj/kernel_wrapper.cpp:27) on port 'gmem1' (/home/ayvol/vitis-accel-DNN/vitis_accel_prj/kernel_wrapper.cpp:27) [16]  (4.38 ns)

 <State 53>: 4.38ns
The critical path consists of the following:
	bus response operation ('empty_50', /home/ayvol/vitis-accel-DNN/vitis_accel_prj/kernel_wrapper.cpp:27) on port 'gmem1' (/home/ayvol/vitis-accel-DNN/vitis_accel_prj/kernel_wrapper.cpp:27) [16]  (4.38 ns)

 <State 54>: 4.38ns
The critical path consists of the following:
	bus response operation ('empty_50', /home/ayvol/vitis-accel-DNN/vitis_accel_prj/kernel_wrapper.cpp:27) on port 'gmem1' (/home/ayvol/vitis-accel-DNN/vitis_accel_prj/kernel_wrapper.cpp:27) [16]  (4.38 ns)

 <State 55>: 4.38ns
The critical path consists of the following:
	bus response operation ('empty_50', /home/ayvol/vitis-accel-DNN/vitis_accel_prj/kernel_wrapper.cpp:27) on port 'gmem1' (/home/ayvol/vitis-accel-DNN/vitis_accel_prj/kernel_wrapper.cpp:27) [16]  (4.38 ns)

 <State 56>: 4.38ns
The critical path consists of the following:
	bus response operation ('empty_50', /home/ayvol/vitis-accel-DNN/vitis_accel_prj/kernel_wrapper.cpp:27) on port 'gmem1' (/home/ayvol/vitis-accel-DNN/vitis_accel_prj/kernel_wrapper.cpp:27) [16]  (4.38 ns)

 <State 57>: 4.38ns
The critical path consists of the following:
	bus response operation ('empty_50', /home/ayvol/vitis-accel-DNN/vitis_accel_prj/kernel_wrapper.cpp:27) on port 'gmem1' (/home/ayvol/vitis-accel-DNN/vitis_accel_prj/kernel_wrapper.cpp:27) [16]  (4.38 ns)

 <State 58>: 4.38ns
The critical path consists of the following:
	bus response operation ('empty_50', /home/ayvol/vitis-accel-DNN/vitis_accel_prj/kernel_wrapper.cpp:27) on port 'gmem1' (/home/ayvol/vitis-accel-DNN/vitis_accel_prj/kernel_wrapper.cpp:27) [16]  (4.38 ns)

 <State 59>: 4.38ns
The critical path consists of the following:
	bus response operation ('empty_50', /home/ayvol/vitis-accel-DNN/vitis_accel_prj/kernel_wrapper.cpp:27) on port 'gmem1' (/home/ayvol/vitis-accel-DNN/vitis_accel_prj/kernel_wrapper.cpp:27) [16]  (4.38 ns)

 <State 60>: 4.38ns
The critical path consists of the following:
	bus response operation ('empty_50', /home/ayvol/vitis-accel-DNN/vitis_accel_prj/kernel_wrapper.cpp:27) on port 'gmem1' (/home/ayvol/vitis-accel-DNN/vitis_accel_prj/kernel_wrapper.cpp:27) [16]  (4.38 ns)

 <State 61>: 4.38ns
The critical path consists of the following:
	bus response operation ('empty_50', /home/ayvol/vitis-accel-DNN/vitis_accel_prj/kernel_wrapper.cpp:27) on port 'gmem1' (/home/ayvol/vitis-accel-DNN/vitis_accel_prj/kernel_wrapper.cpp:27) [16]  (4.38 ns)

 <State 62>: 4.38ns
The critical path consists of the following:
	bus response operation ('empty_50', /home/ayvol/vitis-accel-DNN/vitis_accel_prj/kernel_wrapper.cpp:27) on port 'gmem1' (/home/ayvol/vitis-accel-DNN/vitis_accel_prj/kernel_wrapper.cpp:27) [16]  (4.38 ns)

 <State 63>: 4.38ns
The critical path consists of the following:
	bus response operation ('empty_50', /home/ayvol/vitis-accel-DNN/vitis_accel_prj/kernel_wrapper.cpp:27) on port 'gmem1' (/home/ayvol/vitis-accel-DNN/vitis_accel_prj/kernel_wrapper.cpp:27) [16]  (4.38 ns)

 <State 64>: 4.38ns
The critical path consists of the following:
	bus response operation ('empty_50', /home/ayvol/vitis-accel-DNN/vitis_accel_prj/kernel_wrapper.cpp:27) on port 'gmem1' (/home/ayvol/vitis-accel-DNN/vitis_accel_prj/kernel_wrapper.cpp:27) [16]  (4.38 ns)

 <State 65>: 4.38ns
The critical path consists of the following:
	bus response operation ('empty_50', /home/ayvol/vitis-accel-DNN/vitis_accel_prj/kernel_wrapper.cpp:27) on port 'gmem1' (/home/ayvol/vitis-accel-DNN/vitis_accel_prj/kernel_wrapper.cpp:27) [16]  (4.38 ns)

 <State 66>: 4.38ns
The critical path consists of the following:
	bus response operation ('empty_50', /home/ayvol/vitis-accel-DNN/vitis_accel_prj/kernel_wrapper.cpp:27) on port 'gmem1' (/home/ayvol/vitis-accel-DNN/vitis_accel_prj/kernel_wrapper.cpp:27) [16]  (4.38 ns)

 <State 67>: 4.38ns
The critical path consists of the following:
	bus response operation ('empty_50', /home/ayvol/vitis-accel-DNN/vitis_accel_prj/kernel_wrapper.cpp:27) on port 'gmem1' (/home/ayvol/vitis-accel-DNN/vitis_accel_prj/kernel_wrapper.cpp:27) [16]  (4.38 ns)

 <State 68>: 4.38ns
The critical path consists of the following:
	bus response operation ('empty_50', /home/ayvol/vitis-accel-DNN/vitis_accel_prj/kernel_wrapper.cpp:27) on port 'gmem1' (/home/ayvol/vitis-accel-DNN/vitis_accel_prj/kernel_wrapper.cpp:27) [16]  (4.38 ns)

 <State 69>: 4.38ns
The critical path consists of the following:
	bus response operation ('empty_50', /home/ayvol/vitis-accel-DNN/vitis_accel_prj/kernel_wrapper.cpp:27) on port 'gmem1' (/home/ayvol/vitis-accel-DNN/vitis_accel_prj/kernel_wrapper.cpp:27) [16]  (4.38 ns)

 <State 70>: 4.38ns
The critical path consists of the following:
	bus response operation ('empty_50', /home/ayvol/vitis-accel-DNN/vitis_accel_prj/kernel_wrapper.cpp:27) on port 'gmem1' (/home/ayvol/vitis-accel-DNN/vitis_accel_prj/kernel_wrapper.cpp:27) [16]  (4.38 ns)

 <State 71>: 4.38ns
The critical path consists of the following:
	bus response operation ('empty_50', /home/ayvol/vitis-accel-DNN/vitis_accel_prj/kernel_wrapper.cpp:27) on port 'gmem1' (/home/ayvol/vitis-accel-DNN/vitis_accel_prj/kernel_wrapper.cpp:27) [16]  (4.38 ns)

 <State 72>: 4.38ns
The critical path consists of the following:
	bus response operation ('empty_50', /home/ayvol/vitis-accel-DNN/vitis_accel_prj/kernel_wrapper.cpp:27) on port 'gmem1' (/home/ayvol/vitis-accel-DNN/vitis_accel_prj/kernel_wrapper.cpp:27) [16]  (4.38 ns)


============================================================
+ Verbose Summary: Binding
============================================================
N/A
* FSMD analyzer results:
  - Output states:
 - Input state : 
  - Chain level:
	State 1
	State 2
	State 3
	State 4
	State 5
	State 6
	State 7
	State 8
	State 9
	State 10
	State 11
	State 12
	State 13
	State 14
	State 15
	State 16
	State 17
	State 18
	State 19
	State 20
	State 21
	State 22
	State 23
	State 24
	State 25
	State 26
	State 27
	State 28
	State 29
	State 30
	State 31
	State 32
	State 33
	State 34
	State 35
	State 36
	State 37
	State 38
	State 39
	State 40
	State 41
	State 42
	State 43
	State 44
	State 45
	State 46
	State 47
	State 48
	State 49
	State 50
	State 51
	State 52
	State 53
	State 54
	State 55
	State 56
	State 57
	State 58
	State 59
	State 60
	State 61
	State 62
	State 63
	State 64
	State 65
	State 66
	State 67
	State 68
	State 69
	State 70
	State 71
	State 72


============================================================
+ Verbose Summary: Datapath Resource usage 
============================================================
N/A
