

================================================================
== Vitis HLS Report for 'compute_output_buffer_2d_array_array_ap_fixed_16_6_5_3_0_16u_config2_s'
================================================================
* Date:           Sun Jun  2 03:49:50 2024

* Version:        2022.2 (Build 3670227 on Oct 13 2022)
* Project:        kernel_wrapper
* Solution:       solution (Vitis Kernel Flow Target)
* Product family: virtexuplus
* Target device:  xcu55c-fsvh2892-2L-e


================================================================
== Performance Estimates
================================================================
+ Timing: 
    * Summary: 
    +--------+---------+----------+------------+
    |  Clock |  Target | Estimated| Uncertainty|
    +--------+---------+----------+------------+
    |ap_clk  |  3.33 ns|  2.275 ns|     0.90 ns|
    +--------+---------+----------+------------+

+ Latency: 
    * Summary: 
    +---------+---------+-----------+-----------+-----+-----+---------+
    |  Latency (cycles) |   Latency (absolute)  |  Interval | Pipeline|
    |   min   |   max   |    min    |    max    | min | max |   Type  |
    +---------+---------+-----------+-----------+-----+-----+---------+
    |        5|        5|  16.665 ns|  16.665 ns|    5|    5|      yes|
    +---------+---------+-----------+-----------+-----+-----+---------+

    + Detail: 
        * Instance: 
        +---------------------------------------------------------------------------------+----------------------------------------------------------------------+---------+---------+----------+----------+-----+-----+---------+
        |                                                                                 |                                                                      |  Latency (cycles) |  Latency (absolute) |  Interval | Pipeline|
        |                                     Instance                                    |                                Module                                |   min   |   max   |    min   |    max   | min | max |   Type  |
        +---------------------------------------------------------------------------------+----------------------------------------------------------------------+---------+---------+----------+----------+-----+-----+---------+
        |call_ln286_shift_line_buffer_array_ap_fixed_16_6_5_3_0_3u_config2_s_fu_150       |shift_line_buffer_array_ap_fixed_16_6_5_3_0_3u_config2_s              |        0|        0|      0 ns|      0 ns|    1|    1|      yes|
        |grp_dense_latency_ap_fixed_16_6_5_3_0_ap_fixed_16_6_5_3_0_config2_mult_s_fu_226  |dense_latency_ap_fixed_16_6_5_3_0_ap_fixed_16_6_5_3_0_config2_mult_s  |        2|        2|  6.666 ns|  6.666 ns|    1|    1|      yes|
        +---------------------------------------------------------------------------------+----------------------------------------------------------------------+---------+---------+----------+----------+-----+-----+---------+

        * Loop: 
        N/A



================================================================
== Utilization Estimates
================================================================
* Summary: 
+---------------------+---------+------+---------+---------+-----+
|         Name        | BRAM_18K|  DSP |    FF   |   LUT   | URAM|
+---------------------+---------+------+---------+---------+-----+
|DSP                  |        -|     -|        -|        -|    -|
|Expression           |        -|     -|        0|      378|    -|
|FIFO                 |        -|     -|        -|        -|    -|
|Instance             |        -|    29|     2707|     7151|    -|
|Memory               |        -|     -|        -|        -|    -|
|Multiplexer          |        -|     -|        -|       94|    -|
|Register             |        -|     -|      858|        -|    -|
+---------------------+---------+------+---------+---------+-----+
|Total                |        0|    29|     3565|     7623|    0|
+---------------------+---------+------+---------+---------+-----+
|Available SLR        |     1344|  3008|   869120|   434560|  320|
+---------------------+---------+------+---------+---------+-----+
|Utilization SLR (%)  |        0|    ~0|       ~0|        1|    0|
+---------------------+---------+------+---------+---------+-----+
|Available            |     4032|  9024|  2607360|  1303680|  960|
+---------------------+---------+------+---------+---------+-----+
|Utilization (%)      |        0|    ~0|       ~0|       ~0|    0|
+---------------------+---------+------+---------+---------+-----+

+ Detail: 
    * Instance: 
    +---------------------------------------------------------------------------------+----------------------------------------------------------------------+---------+----+------+------+-----+
    |                                     Instance                                    |                                Module                                | BRAM_18K| DSP|  FF  |  LUT | URAM|
    +---------------------------------------------------------------------------------+----------------------------------------------------------------------+---------+----+------+------+-----+
    |grp_dense_latency_ap_fixed_16_6_5_3_0_ap_fixed_16_6_5_3_0_config2_mult_s_fu_226  |dense_latency_ap_fixed_16_6_5_3_0_ap_fixed_16_6_5_3_0_config2_mult_s  |        0|  29|  2322|  6797|    0|
    |call_ln286_shift_line_buffer_array_ap_fixed_16_6_5_3_0_3u_config2_s_fu_150       |shift_line_buffer_array_ap_fixed_16_6_5_3_0_3u_config2_s              |        0|   0|   385|   354|    0|
    +---------------------------------------------------------------------------------+----------------------------------------------------------------------+---------+----+------+------+-----+
    |Total                                                                            |                                                                      |        0|  29|  2707|  7151|    0|
    +---------------------------------------------------------------------------------+----------------------------------------------------------------------+---------+----+------+------+-----+

    * DSP: 
    N/A

    * Memory: 
    N/A

    * FIFO: 
    N/A

    * Expression: 
    +----------------------------------+----------+----+---+----+------------+------------+
    |           Variable Name          | Operation| DSP| FF| LUT| Bitwidth P0| Bitwidth P1|
    +----------------------------------+----------+----+---+----+------------+------------+
    |add_ln313_fu_356_p2               |         +|   0|  0|  39|          32|           1|
    |add_ln317_fu_406_p2               |         +|   0|  0|  39|          32|           1|
    |add_ln323_fu_430_p2               |         +|   0|  0|  39|          32|           1|
    |add_ln328_fu_374_p2               |         +|   0|  0|  39|          32|           1|
    |and_ln289_1_fu_350_p2             |       and|   0|  0|   2|           1|           1|
    |and_ln289_fu_344_p2               |       and|   0|  0|   2|           1|           1|
    |ap_block_pp0_stage0_01001         |       and|   0|  0|   2|           1|           1|
    |ap_block_state6_pp0_stage0_iter1  |       and|   0|  0|   2|           1|           1|
    |ap_condition_366                  |       and|   0|  0|   2|           1|           1|
    |ap_condition_524                  |       and|   0|  0|   2|           1|           1|
    |ap_predicate_op26_call_state2     |       and|   0|  0|   2|           1|           1|
    |ap_predicate_op47_call_state3     |       and|   0|  0|   2|           1|           1|
    |icmp_ln289_1_fu_306_p2            |      icmp|   0|  0|  20|          32|           2|
    |icmp_ln289_7_fu_322_p2            |      icmp|   0|  0|  19|          31|           1|
    |icmp_ln289_8_fu_338_p2            |      icmp|   0|  0|  19|          31|           1|
    |icmp_ln289_fu_288_p2              |      icmp|   0|  0|  20|          32|           2|
    |icmp_ln313_fu_362_p2              |      icmp|   0|  0|  20|          32|           6|
    |icmp_ln317_fu_412_p2              |      icmp|   0|  0|  20|          32|           6|
    |icmp_ln323_fu_424_p2              |      icmp|   0|  0|  20|          32|           2|
    |ap_block_pp0_stage0_subdone       |        or|   0|  0|   2|           1|           1|
    |select_ln323_fu_436_p3            |    select|   0|  0|  32|           1|           2|
    |select_ln328_fu_380_p3            |    select|   0|  0|  32|           1|           2|
    |ap_enable_pp0                     |       xor|   0|  0|   2|           1|           2|
    +----------------------------------+----------+----+---+----+------------+------------+
    |Total                             |          |   0|  0| 378|         362|          39|
    +----------------------------------+----------+----+---+----+------------+------------+

    * Multiplexer: 
    +-----------------------------------------+----+-----------+-----+-----------+
    |                   Name                  | LUT| Input Size| Bits| Total Bits|
    +-----------------------------------------+----+-----------+-----+-----------+
    |ap_NS_fsm                                |  31|          6|    1|          6|
    |ap_enable_reg_pp0_iter0                  |   9|          2|    1|          2|
    |ap_enable_reg_pp0_iter1                  |   9|          2|    1|          2|
    |ap_phi_reg_pp0_iter0_storemerge_reg_139  |   9|          2|   32|         64|
    |layer2_out_blk_n                         |   9|          2|    1|          2|
    |pX_3                                     |   9|          2|   32|         64|
    |pY_3                                     |   9|          2|   32|         64|
    |sX_3                                     |   9|          2|   32|         64|
    +-----------------------------------------+----+-----------+-----+-----------+
    |Total                                    |  94|         20|  132|        268|
    +-----------------------------------------+----+-----------+-----+-----------+

    * Register: 
    +--------------------------------------------------------------------------------------+----+----+-----+-----------+
    |                                         Name                                         | FF | LUT| Bits| Const Bits|
    +--------------------------------------------------------------------------------------+----+----+-----+-----------+
    |and_ln289_1_reg_545                                                                   |   1|   0|    1|          0|
    |ap_CS_fsm                                                                             |   5|   0|    5|          0|
    |ap_enable_reg_pp0_iter0_reg                                                           |   1|   0|    1|          0|
    |ap_enable_reg_pp0_iter1                                                               |   1|   0|    1|          0|
    |ap_phi_reg_pp0_iter0_storemerge_reg_139                                               |  32|   0|   32|          0|
    |icmp_ln289_reg_541                                                                    |   1|   0|    1|          0|
    |icmp_ln313_reg_549                                                                    |   1|   0|    1|          0|
    |pX_3                                                                                  |  32|   0|   32|          0|
    |pY_3                                                                                  |  32|   0|   32|          0|
    |p_ZZN4nnet24compute_output_buffer_2dINS_5arrayI8ap_fixedILi16ELi6EL9ap_q_mode5EL9     |  16|   0|   16|          0|
    |p_ZZN4nnet24compute_output_buffer_2dINS_5arrayI8ap_fixedILi16ELi6EL9ap_q_mode5EL9_1   |  16|   0|   16|          0|
    |p_ZZN4nnet24compute_output_buffer_2dINS_5arrayI8ap_fixedILi16ELi6EL9ap_q_mode5EL9_10  |  16|   0|   16|          0|
    |p_ZZN4nnet24compute_output_buffer_2dINS_5arrayI8ap_fixedILi16ELi6EL9ap_q_mode5EL9_11  |  16|   0|   16|          0|
    |p_ZZN4nnet24compute_output_buffer_2dINS_5arrayI8ap_fixedILi16ELi6EL9ap_q_mode5EL9_12  |  16|   0|   16|          0|
    |p_ZZN4nnet24compute_output_buffer_2dINS_5arrayI8ap_fixedILi16ELi6EL9ap_q_mode5EL9_13  |  16|   0|   16|          0|
    |p_ZZN4nnet24compute_output_buffer_2dINS_5arrayI8ap_fixedILi16ELi6EL9ap_q_mode5EL9_14  |  16|   0|   16|          0|
    |p_ZZN4nnet24compute_output_buffer_2dINS_5arrayI8ap_fixedILi16ELi6EL9ap_q_mode5EL9_15  |  16|   0|   16|          0|
    |p_ZZN4nnet24compute_output_buffer_2dINS_5arrayI8ap_fixedILi16ELi6EL9ap_q_mode5EL9_16  |  16|   0|   16|          0|
    |p_ZZN4nnet24compute_output_buffer_2dINS_5arrayI8ap_fixedILi16ELi6EL9ap_q_mode5EL9_2   |  16|   0|   16|          0|
    |p_ZZN4nnet24compute_output_buffer_2dINS_5arrayI8ap_fixedILi16ELi6EL9ap_q_mode5EL9_3   |  16|   0|   16|          0|
    |p_ZZN4nnet24compute_output_buffer_2dINS_5arrayI8ap_fixedILi16ELi6EL9ap_q_mode5EL9_4   |  16|   0|   16|          0|
    |p_ZZN4nnet24compute_output_buffer_2dINS_5arrayI8ap_fixedILi16ELi6EL9ap_q_mode5EL9_5   |  16|   0|   16|          0|
    |p_ZZN4nnet24compute_output_buffer_2dINS_5arrayI8ap_fixedILi16ELi6EL9ap_q_mode5EL9_6   |  16|   0|   16|          0|
    |p_ZZN4nnet24compute_output_buffer_2dINS_5arrayI8ap_fixedILi16ELi6EL9ap_q_mode5EL9_7   |  16|   0|   16|          0|
    |p_ZZN4nnet24compute_output_buffer_2dINS_5arrayI8ap_fixedILi16ELi6EL9ap_q_mode5EL9_8   |  16|   0|   16|          0|
    |p_ZZN4nnet24compute_output_buffer_2dINS_5arrayI8ap_fixedILi16ELi6EL9ap_q_mode5EL9_9   |  16|   0|   16|          0|
    |res_out_V_48_reg_611                                                                  |  16|   0|   16|          0|
    |res_out_V_49_reg_616                                                                  |  16|   0|   16|          0|
    |res_out_V_4_reg_581                                                                   |  16|   0|   16|          0|
    |res_out_V_50_reg_621                                                                  |  16|   0|   16|          0|
    |res_out_V_51_reg_626                                                                  |  16|   0|   16|          0|
    |res_out_V_52_reg_631                                                                  |  16|   0|   16|          0|
    |res_out_V_53_reg_636                                                                  |  16|   0|   16|          0|
    |res_out_V_54_reg_566                                                                  |  16|   0|   16|          0|
    |res_out_V_55_reg_571                                                                  |  16|   0|   16|          0|
    |res_out_V_56_reg_576                                                                  |  16|   0|   16|          0|
    |res_out_V_5_reg_586                                                                   |  16|   0|   16|          0|
    |res_out_V_6_reg_591                                                                   |  16|   0|   16|          0|
    |res_out_V_7_reg_596                                                                   |  16|   0|   16|          0|
    |res_out_V_8_reg_601                                                                   |  16|   0|   16|          0|
    |res_out_V_9_reg_606                                                                   |  16|   0|   16|          0|
    |res_out_V_reg_561                                                                     |  16|   0|   16|          0|
    |sX_3                                                                                  |  32|   0|   32|          0|
    |sY_3                                                                                  |  32|   0|   32|          0|
    |void_compute_output_buffer_2d_array_const_ap_shift_reg_n_chan_stream_weig             |  16|   0|   16|          0|
    |void_compute_output_buffer_2d_array_const_ap_shift_reg_n_chan_stream_weig_1           |  16|   0|   16|          0|
    |void_compute_output_buffer_2d_array_const_ap_shift_reg_n_chan_stream_weig_2           |  16|   0|   16|          0|
    |void_compute_output_buffer_2d_array_const_ap_shift_reg_n_chan_stream_weig_3           |  16|   0|   16|          0|
    |void_compute_output_buffer_2d_array_const_ap_shift_reg_n_chan_stream_weig_4           |  16|   0|   16|          0|
    |void_compute_output_buffer_2d_array_const_ap_shift_reg_n_chan_stream_weig_5           |  16|   0|   16|          0|
    |void_compute_output_buffer_2d_array_const_ap_shift_reg_n_chan_stream_weig_6           |  16|   0|   16|          0|
    |void_compute_output_buffer_2d_array_const_ap_shift_reg_n_chan_stream_weig_7           |  16|   0|   16|          0|
    |void_compute_output_buffer_2d_array_const_ap_shift_reg_n_chan_stream_weig_8           |  16|   0|   16|          0|
    |void_compute_output_buffer_2d_array_const_ap_shift_reg_n_chan_stream_weig_9           |  16|   0|   16|          0|
    +--------------------------------------------------------------------------------------+----+----+-----+-----------+
    |Total                                                                                 | 858|   0|  858|          0|
    +--------------------------------------------------------------------------------------+----+----+-----+-----------+



================================================================
== Interface
================================================================
* Summary: 
+---------------------------+-----+-----+------------+-------------------------------------------------------------------------+--------------+
|         RTL Ports         | Dir | Bits|  Protocol  |                              Source Object                              |    C Type    |
+---------------------------+-----+-----+------------+-------------------------------------------------------------------------+--------------+
|ap_clk                     |   in|    1|  ap_ctrl_hs|  compute_output_buffer_2d<array,array<ap_fixed<16,6,5,3,0>,16u>,config2>|  return value|
|ap_rst                     |   in|    1|  ap_ctrl_hs|  compute_output_buffer_2d<array,array<ap_fixed<16,6,5,3,0>,16u>,config2>|  return value|
|ap_start                   |   in|    1|  ap_ctrl_hs|  compute_output_buffer_2d<array,array<ap_fixed<16,6,5,3,0>,16u>,config2>|  return value|
|ap_done                    |  out|    1|  ap_ctrl_hs|  compute_output_buffer_2d<array,array<ap_fixed<16,6,5,3,0>,16u>,config2>|  return value|
|ap_idle                    |  out|    1|  ap_ctrl_hs|  compute_output_buffer_2d<array,array<ap_fixed<16,6,5,3,0>,16u>,config2>|  return value|
|ap_ready                   |  out|    1|  ap_ctrl_hs|  compute_output_buffer_2d<array,array<ap_fixed<16,6,5,3,0>,16u>,config2>|  return value|
|ap_ce                      |   in|    1|  ap_ctrl_hs|  compute_output_buffer_2d<array,array<ap_fixed<16,6,5,3,0>,16u>,config2>|  return value|
|layer2_out_blk_n           |  out|    1|  ap_ctrl_hs|  compute_output_buffer_2d<array,array<ap_fixed<16,6,5,3,0>,16u>,config2>|  return value|
|p_read                     |   in|   16|     ap_none|                                                                   p_read|        scalar|
|p_read1                    |   in|   16|     ap_none|                                                                  p_read1|        scalar|
|p_read2                    |   in|   16|     ap_none|                                                                  p_read2|        scalar|
|layer2_out_din             |  out|  256|     ap_fifo|                                                               layer2_out|       pointer|
|layer2_out_num_data_valid  |   in|   11|     ap_fifo|                                                               layer2_out|       pointer|
|layer2_out_fifo_cap        |   in|   11|     ap_fifo|                                                               layer2_out|       pointer|
|layer2_out_full_n          |   in|    1|     ap_fifo|                                                               layer2_out|       pointer|
|layer2_out_write           |  out|    1|     ap_fifo|                                                               layer2_out|       pointer|
+---------------------------+-----+-----+------------+-------------------------------------------------------------------------+--------------+

