

================================================================
== Vitis HLS Report for 'relu_array_ap_fixed_42u_array_ap_ufixed_6_0_4_0_0_42u_relu_config18_s'
================================================================
* Date:           Sun Jun  2 03:52:31 2024

* Version:        2022.2 (Build 3670227 on Oct 13 2022)
* Project:        kernel_wrapper
* Solution:       solution (Vitis Kernel Flow Target)
* Product family: virtexuplus
* Target device:  xcu55c-fsvh2892-2L-e


================================================================
== Performance Estimates
================================================================
+ Timing: 
    * Summary: 
    +--------+---------+----------+------------+
    |  Clock |  Target | Estimated| Uncertainty|
    +--------+---------+----------+------------+
    |ap_clk  |  3.33 ns|  2.423 ns|     0.90 ns|
    +--------+---------+----------+------------+

+ Latency: 
    * Summary: 
    +---------+---------+----------+----------+-----+-----+---------+
    |  Latency (cycles) |  Latency (absolute) |  Interval | Pipeline|
    |   min   |   max   |    min   |    max   | min | max |   Type  |
    +---------+---------+----------+----------+-----+-----+---------+
    |        1|        1|  3.333 ns|  3.333 ns|    1|    1|       no|
    +---------+---------+----------+----------+-----+-----+---------+

    + Detail: 
        * Instance: 
        N/A

        * Loop: 
        N/A



================================================================
== Utilization Estimates
================================================================
* Summary: 
+---------------------+---------+------+---------+---------+-----+
|         Name        | BRAM_18K|  DSP |    FF   |   LUT   | URAM|
+---------------------+---------+------+---------+---------+-----+
|DSP                  |        -|     -|        -|        -|    -|
|Expression           |        -|     -|        0|     3110|    -|
|FIFO                 |        -|     -|        -|        -|    -|
|Instance             |        -|     -|        -|        -|    -|
|Memory               |        -|     -|        -|        -|    -|
|Multiplexer          |        -|     -|        -|       50|    -|
|Register             |        -|     -|     1054|        -|    -|
+---------------------+---------+------+---------+---------+-----+
|Total                |        0|     0|     1054|     3160|    0|
+---------------------+---------+------+---------+---------+-----+
|Available SLR        |     1344|  3008|   869120|   434560|  320|
+---------------------+---------+------+---------+---------+-----+
|Utilization SLR (%)  |        0|     0|       ~0|       ~0|    0|
+---------------------+---------+------+---------+---------+-----+
|Available            |     4032|  9024|  2607360|  1303680|  960|
+---------------------+---------+------+---------+---------+-----+
|Utilization (%)      |        0|     0|       ~0|       ~0|    0|
+---------------------+---------+------+---------+---------+-----+

+ Detail: 
    * Instance: 
    N/A

    * DSP: 
    N/A

    * Memory: 
    N/A

    * FIFO: 
    N/A

    * Expression: 
    +---------------------------------+----------+----+---+----+------------+------------+
    |          Variable Name          | Operation| DSP| FF| LUT| Bitwidth P0| Bitwidth P1|
    +---------------------------------+----------+----+---+----+------------+------------+
    |p_Val2_192_fu_1109_p2            |         +|   0|  0|  13|           6|           6|
    |p_Val2_194_fu_1201_p2            |         +|   0|  0|  13|           6|           6|
    |p_Val2_196_fu_1293_p2            |         +|   0|  0|  13|           6|           6|
    |p_Val2_198_fu_1385_p2            |         +|   0|  0|  13|           6|           6|
    |p_Val2_199_fu_1477_p2            |         +|   0|  0|  13|           6|           6|
    |p_Val2_200_fu_1569_p2            |         +|   0|  0|  13|           6|           6|
    |p_Val2_201_fu_1661_p2            |         +|   0|  0|  13|           6|           6|
    |p_Val2_202_fu_1753_p2            |         +|   0|  0|  13|           6|           6|
    |p_Val2_203_fu_1845_p2            |         +|   0|  0|  13|           6|           6|
    |p_Val2_204_fu_1937_p2            |         +|   0|  0|  13|           6|           6|
    |p_Val2_205_fu_2029_p2            |         +|   0|  0|  13|           6|           6|
    |p_Val2_206_fu_2121_p2            |         +|   0|  0|  13|           6|           6|
    |p_Val2_207_fu_2213_p2            |         +|   0|  0|  13|           6|           6|
    |p_Val2_208_fu_2305_p2            |         +|   0|  0|  13|           6|           6|
    |p_Val2_209_fu_2397_p2            |         +|   0|  0|  13|           6|           6|
    |p_Val2_210_fu_2489_p2            |         +|   0|  0|  13|           6|           6|
    |p_Val2_211_fu_2581_p2            |         +|   0|  0|  13|           6|           6|
    |p_Val2_212_fu_2673_p2            |         +|   0|  0|  13|           6|           6|
    |p_Val2_213_fu_2765_p2            |         +|   0|  0|  13|           6|           6|
    |p_Val2_214_fu_2857_p2            |         +|   0|  0|  13|           6|           6|
    |p_Val2_215_fu_2949_p2            |         +|   0|  0|  13|           6|           6|
    |p_Val2_216_fu_3041_p2            |         +|   0|  0|  13|           6|           6|
    |p_Val2_217_fu_3133_p2            |         +|   0|  0|  13|           6|           6|
    |p_Val2_218_fu_3225_p2            |         +|   0|  0|  13|           6|           6|
    |p_Val2_219_fu_3317_p2            |         +|   0|  0|  13|           6|           6|
    |p_Val2_220_fu_3409_p2            |         +|   0|  0|  13|           6|           6|
    |p_Val2_221_fu_3501_p2            |         +|   0|  0|  13|           6|           6|
    |p_Val2_222_fu_3593_p2            |         +|   0|  0|  13|           6|           6|
    |p_Val2_223_fu_3685_p2            |         +|   0|  0|  13|           6|           6|
    |p_Val2_224_fu_3777_p2            |         +|   0|  0|  13|           6|           6|
    |p_Val2_225_fu_3869_p2            |         +|   0|  0|  13|           6|           6|
    |p_Val2_226_fu_3961_p2            |         +|   0|  0|  13|           6|           6|
    |p_Val2_227_fu_4053_p2            |         +|   0|  0|  13|           6|           6|
    |p_Val2_228_fu_4145_p2            |         +|   0|  0|  13|           6|           6|
    |p_Val2_229_fu_4237_p2            |         +|   0|  0|  13|           6|           6|
    |p_Val2_230_fu_4329_p2            |         +|   0|  0|  13|           6|           6|
    |p_Val2_231_fu_4421_p2            |         +|   0|  0|  13|           6|           6|
    |p_Val2_232_fu_4513_p2            |         +|   0|  0|  13|           6|           6|
    |p_Val2_233_fu_4605_p2            |         +|   0|  0|  13|           6|           6|
    |p_Val2_234_fu_4697_p2            |         +|   0|  0|  13|           6|           6|
    |p_Val2_237_fu_4789_p2            |         +|   0|  0|  13|           6|           6|
    |p_Val2_239_fu_4881_p2            |         +|   0|  0|  13|           6|           6|
    |and_ln374_100_fu_4503_p2         |       and|   0|  0|   2|           1|           1|
    |and_ln374_101_fu_4595_p2         |       and|   0|  0|   2|           1|           1|
    |and_ln374_102_fu_4687_p2         |       and|   0|  0|   2|           1|           1|
    |and_ln374_103_fu_4779_p2         |       and|   0|  0|   2|           1|           1|
    |and_ln374_104_fu_4871_p2         |       and|   0|  0|   2|           1|           1|
    |and_ln374_64_fu_1191_p2          |       and|   0|  0|   2|           1|           1|
    |and_ln374_65_fu_1283_p2          |       and|   0|  0|   2|           1|           1|
    |and_ln374_66_fu_1375_p2          |       and|   0|  0|   2|           1|           1|
    |and_ln374_67_fu_1467_p2          |       and|   0|  0|   2|           1|           1|
    |and_ln374_68_fu_1559_p2          |       and|   0|  0|   2|           1|           1|
    |and_ln374_69_fu_1651_p2          |       and|   0|  0|   2|           1|           1|
    |and_ln374_70_fu_1743_p2          |       and|   0|  0|   2|           1|           1|
    |and_ln374_71_fu_1835_p2          |       and|   0|  0|   2|           1|           1|
    |and_ln374_72_fu_1927_p2          |       and|   0|  0|   2|           1|           1|
    |and_ln374_73_fu_2019_p2          |       and|   0|  0|   2|           1|           1|
    |and_ln374_74_fu_2111_p2          |       and|   0|  0|   2|           1|           1|
    |and_ln374_75_fu_2203_p2          |       and|   0|  0|   2|           1|           1|
    |and_ln374_76_fu_2295_p2          |       and|   0|  0|   2|           1|           1|
    |and_ln374_77_fu_2387_p2          |       and|   0|  0|   2|           1|           1|
    |and_ln374_78_fu_2479_p2          |       and|   0|  0|   2|           1|           1|
    |and_ln374_79_fu_2571_p2          |       and|   0|  0|   2|           1|           1|
    |and_ln374_80_fu_2663_p2          |       and|   0|  0|   2|           1|           1|
    |and_ln374_81_fu_2755_p2          |       and|   0|  0|   2|           1|           1|
    |and_ln374_82_fu_2847_p2          |       and|   0|  0|   2|           1|           1|
    |and_ln374_83_fu_2939_p2          |       and|   0|  0|   2|           1|           1|
    |and_ln374_84_fu_3031_p2          |       and|   0|  0|   2|           1|           1|
    |and_ln374_85_fu_3123_p2          |       and|   0|  0|   2|           1|           1|
    |and_ln374_86_fu_3215_p2          |       and|   0|  0|   2|           1|           1|
    |and_ln374_87_fu_3307_p2          |       and|   0|  0|   2|           1|           1|
    |and_ln374_88_fu_3399_p2          |       and|   0|  0|   2|           1|           1|
    |and_ln374_89_fu_3491_p2          |       and|   0|  0|   2|           1|           1|
    |and_ln374_90_fu_3583_p2          |       and|   0|  0|   2|           1|           1|
    |and_ln374_91_fu_3675_p2          |       and|   0|  0|   2|           1|           1|
    |and_ln374_92_fu_3767_p2          |       and|   0|  0|   2|           1|           1|
    |and_ln374_93_fu_3859_p2          |       and|   0|  0|   2|           1|           1|
    |and_ln374_94_fu_3951_p2          |       and|   0|  0|   2|           1|           1|
    |and_ln374_95_fu_4043_p2          |       and|   0|  0|   2|           1|           1|
    |and_ln374_96_fu_4135_p2          |       and|   0|  0|   2|           1|           1|
    |and_ln374_97_fu_4227_p2          |       and|   0|  0|   2|           1|           1|
    |and_ln374_98_fu_4319_p2          |       and|   0|  0|   2|           1|           1|
    |and_ln374_99_fu_4411_p2          |       and|   0|  0|   2|           1|           1|
    |and_ln374_fu_1099_p2             |       and|   0|  0|   2|           1|           1|
    |Range1_all_ones_100_fu_4529_p2   |      icmp|   0|  0|  10|           6|           2|
    |Range1_all_ones_101_fu_4621_p2   |      icmp|   0|  0|  10|           6|           2|
    |Range1_all_ones_102_fu_4713_p2   |      icmp|   0|  0|  10|           6|           2|
    |Range1_all_ones_103_fu_4805_p2   |      icmp|   0|  0|  10|           6|           2|
    |Range1_all_ones_104_fu_4897_p2   |      icmp|   0|  0|  10|           6|           2|
    |Range1_all_ones_64_fu_1217_p2    |      icmp|   0|  0|  10|           6|           2|
    |Range1_all_ones_65_fu_1309_p2    |      icmp|   0|  0|  10|           6|           2|
    |Range1_all_ones_66_fu_1401_p2    |      icmp|   0|  0|  10|           6|           2|
    |Range1_all_ones_67_fu_1493_p2    |      icmp|   0|  0|  10|           6|           2|
    |Range1_all_ones_68_fu_1585_p2    |      icmp|   0|  0|  10|           6|           2|
    |Range1_all_ones_69_fu_1677_p2    |      icmp|   0|  0|  10|           6|           2|
    |Range1_all_ones_70_fu_1769_p2    |      icmp|   0|  0|  10|           6|           2|
    |Range1_all_ones_71_fu_1861_p2    |      icmp|   0|  0|  10|           6|           2|
    |Range1_all_ones_72_fu_1953_p2    |      icmp|   0|  0|  10|           6|           2|
    |Range1_all_ones_73_fu_2045_p2    |      icmp|   0|  0|  10|           6|           2|
    |Range1_all_ones_74_fu_2137_p2    |      icmp|   0|  0|  10|           6|           2|
    |Range1_all_ones_75_fu_2229_p2    |      icmp|   0|  0|  10|           6|           2|
    |Range1_all_ones_76_fu_2321_p2    |      icmp|   0|  0|  10|           6|           2|
    |Range1_all_ones_77_fu_2413_p2    |      icmp|   0|  0|  10|           6|           2|
    |Range1_all_ones_78_fu_2505_p2    |      icmp|   0|  0|  10|           6|           2|
    |Range1_all_ones_79_fu_2597_p2    |      icmp|   0|  0|  10|           6|           2|
    |Range1_all_ones_80_fu_2689_p2    |      icmp|   0|  0|  10|           6|           2|
    |Range1_all_ones_81_fu_2781_p2    |      icmp|   0|  0|  10|           6|           2|
    |Range1_all_ones_82_fu_2873_p2    |      icmp|   0|  0|  10|           6|           2|
    |Range1_all_ones_83_fu_2965_p2    |      icmp|   0|  0|  10|           6|           2|
    |Range1_all_ones_84_fu_3057_p2    |      icmp|   0|  0|  10|           6|           2|
    |Range1_all_ones_85_fu_3149_p2    |      icmp|   0|  0|  10|           6|           2|
    |Range1_all_ones_86_fu_3241_p2    |      icmp|   0|  0|  10|           6|           2|
    |Range1_all_ones_87_fu_3333_p2    |      icmp|   0|  0|  10|           6|           2|
    |Range1_all_ones_88_fu_3425_p2    |      icmp|   0|  0|  10|           6|           2|
    |Range1_all_ones_89_fu_3517_p2    |      icmp|   0|  0|  10|           6|           2|
    |Range1_all_ones_90_fu_3609_p2    |      icmp|   0|  0|  10|           6|           2|
    |Range1_all_ones_91_fu_3701_p2    |      icmp|   0|  0|  10|           6|           2|
    |Range1_all_ones_92_fu_3793_p2    |      icmp|   0|  0|  10|           6|           2|
    |Range1_all_ones_93_fu_3885_p2    |      icmp|   0|  0|  10|           6|           2|
    |Range1_all_ones_94_fu_3977_p2    |      icmp|   0|  0|  10|           6|           2|
    |Range1_all_ones_95_fu_4069_p2    |      icmp|   0|  0|  10|           6|           2|
    |Range1_all_ones_96_fu_4161_p2    |      icmp|   0|  0|  10|           6|           2|
    |Range1_all_ones_97_fu_4253_p2    |      icmp|   0|  0|  10|           6|           2|
    |Range1_all_ones_98_fu_4345_p2    |      icmp|   0|  0|  10|           6|           2|
    |Range1_all_ones_99_fu_4437_p2    |      icmp|   0|  0|  10|           6|           2|
    |Range1_all_ones_fu_1125_p2       |      icmp|   0|  0|  10|           6|           2|
    |Range1_all_zeros_100_fu_4535_p2  |      icmp|   0|  0|  10|           6|           1|
    |Range1_all_zeros_101_fu_4627_p2  |      icmp|   0|  0|  10|           6|           1|
    |Range1_all_zeros_102_fu_4719_p2  |      icmp|   0|  0|  10|           6|           1|
    |Range1_all_zeros_103_fu_4811_p2  |      icmp|   0|  0|  10|           6|           1|
    |Range1_all_zeros_104_fu_4903_p2  |      icmp|   0|  0|  10|           6|           1|
    |Range1_all_zeros_64_fu_1223_p2   |      icmp|   0|  0|  10|           6|           1|
    |Range1_all_zeros_65_fu_1315_p2   |      icmp|   0|  0|  10|           6|           1|
    |Range1_all_zeros_66_fu_1407_p2   |      icmp|   0|  0|  10|           6|           1|
    |Range1_all_zeros_67_fu_1499_p2   |      icmp|   0|  0|  10|           6|           1|
    |Range1_all_zeros_68_fu_1591_p2   |      icmp|   0|  0|  10|           6|           1|
    |Range1_all_zeros_69_fu_1683_p2   |      icmp|   0|  0|  10|           6|           1|
    |Range1_all_zeros_70_fu_1775_p2   |      icmp|   0|  0|  10|           6|           1|
    |Range1_all_zeros_71_fu_1867_p2   |      icmp|   0|  0|  10|           6|           1|
    |Range1_all_zeros_72_fu_1959_p2   |      icmp|   0|  0|  10|           6|           1|
    |Range1_all_zeros_73_fu_2051_p2   |      icmp|   0|  0|  10|           6|           1|
    |Range1_all_zeros_74_fu_2143_p2   |      icmp|   0|  0|  10|           6|           1|
    |Range1_all_zeros_75_fu_2235_p2   |      icmp|   0|  0|  10|           6|           1|
    |Range1_all_zeros_76_fu_2327_p2   |      icmp|   0|  0|  10|           6|           1|
    |Range1_all_zeros_77_fu_2419_p2   |      icmp|   0|  0|  10|           6|           1|
    |Range1_all_zeros_78_fu_2511_p2   |      icmp|   0|  0|  10|           6|           1|
    |Range1_all_zeros_79_fu_2603_p2   |      icmp|   0|  0|  10|           6|           1|
    |Range1_all_zeros_80_fu_2695_p2   |      icmp|   0|  0|  10|           6|           1|
    |Range1_all_zeros_81_fu_2787_p2   |      icmp|   0|  0|  10|           6|           1|
    |Range1_all_zeros_82_fu_2879_p2   |      icmp|   0|  0|  10|           6|           1|
    |Range1_all_zeros_83_fu_2971_p2   |      icmp|   0|  0|  10|           6|           1|
    |Range1_all_zeros_84_fu_3063_p2   |      icmp|   0|  0|  10|           6|           1|
    |Range1_all_zeros_85_fu_3155_p2   |      icmp|   0|  0|  10|           6|           1|
    |Range1_all_zeros_86_fu_3247_p2   |      icmp|   0|  0|  10|           6|           1|
    |Range1_all_zeros_87_fu_3339_p2   |      icmp|   0|  0|  10|           6|           1|
    |Range1_all_zeros_88_fu_3431_p2   |      icmp|   0|  0|  10|           6|           1|
    |Range1_all_zeros_89_fu_3523_p2   |      icmp|   0|  0|  10|           6|           1|
    |Range1_all_zeros_90_fu_3615_p2   |      icmp|   0|  0|  10|           6|           1|
    |Range1_all_zeros_91_fu_3707_p2   |      icmp|   0|  0|  10|           6|           1|
    |Range1_all_zeros_92_fu_3799_p2   |      icmp|   0|  0|  10|           6|           1|
    |Range1_all_zeros_93_fu_3891_p2   |      icmp|   0|  0|  10|           6|           1|
    |Range1_all_zeros_94_fu_3983_p2   |      icmp|   0|  0|  10|           6|           1|
    |Range1_all_zeros_95_fu_4075_p2   |      icmp|   0|  0|  10|           6|           1|
    |Range1_all_zeros_96_fu_4167_p2   |      icmp|   0|  0|  10|           6|           1|
    |Range1_all_zeros_97_fu_4259_p2   |      icmp|   0|  0|  10|           6|           1|
    |Range1_all_zeros_98_fu_4351_p2   |      icmp|   0|  0|  10|           6|           1|
    |Range1_all_zeros_99_fu_4443_p2   |      icmp|   0|  0|  10|           6|           1|
    |Range1_all_zeros_fu_1131_p2      |      icmp|   0|  0|  10|           6|           1|
    |icmp_ln1649_100_fu_4449_p2       |      icmp|   0|  0|  13|          16|           1|
    |icmp_ln1649_101_fu_4541_p2       |      icmp|   0|  0|  13|          16|           1|
    |icmp_ln1649_102_fu_4633_p2       |      icmp|   0|  0|  13|          16|           1|
    |icmp_ln1649_103_fu_4725_p2       |      icmp|   0|  0|  13|          16|           1|
    |icmp_ln1649_104_fu_4817_p2       |      icmp|   0|  0|  13|          16|           1|
    |icmp_ln1649_64_fu_1137_p2        |      icmp|   0|  0|  13|          16|           1|
    |icmp_ln1649_65_fu_1229_p2        |      icmp|   0|  0|  13|          16|           1|
    |icmp_ln1649_66_fu_1321_p2        |      icmp|   0|  0|  13|          16|           1|
    |icmp_ln1649_67_fu_1413_p2        |      icmp|   0|  0|  13|          16|           1|
    |icmp_ln1649_68_fu_1505_p2        |      icmp|   0|  0|  13|          16|           1|
    |icmp_ln1649_69_fu_1597_p2        |      icmp|   0|  0|  13|          16|           1|
    |icmp_ln1649_70_fu_1689_p2        |      icmp|   0|  0|  13|          16|           1|
    |icmp_ln1649_71_fu_1781_p2        |      icmp|   0|  0|  13|          16|           1|
    |icmp_ln1649_72_fu_1873_p2        |      icmp|   0|  0|  13|          16|           1|
    |icmp_ln1649_73_fu_1965_p2        |      icmp|   0|  0|  13|          16|           1|
    |icmp_ln1649_74_fu_2057_p2        |      icmp|   0|  0|  13|          16|           1|
    |icmp_ln1649_75_fu_2149_p2        |      icmp|   0|  0|  13|          16|           1|
    |icmp_ln1649_76_fu_2241_p2        |      icmp|   0|  0|  13|          16|           1|
    |icmp_ln1649_77_fu_2333_p2        |      icmp|   0|  0|  13|          16|           1|
    |icmp_ln1649_78_fu_2425_p2        |      icmp|   0|  0|  13|          16|           1|
    |icmp_ln1649_79_fu_2517_p2        |      icmp|   0|  0|  13|          16|           1|
    |icmp_ln1649_80_fu_2609_p2        |      icmp|   0|  0|  13|          16|           1|
    |icmp_ln1649_81_fu_2701_p2        |      icmp|   0|  0|  13|          16|           1|
    |icmp_ln1649_82_fu_2793_p2        |      icmp|   0|  0|  13|          16|           1|
    |icmp_ln1649_83_fu_2885_p2        |      icmp|   0|  0|  13|          16|           1|
    |icmp_ln1649_84_fu_2977_p2        |      icmp|   0|  0|  13|          16|           1|
    |icmp_ln1649_85_fu_3069_p2        |      icmp|   0|  0|  13|          16|           1|
    |icmp_ln1649_86_fu_3161_p2        |      icmp|   0|  0|  13|          16|           1|
    |icmp_ln1649_87_fu_3253_p2        |      icmp|   0|  0|  13|          16|           1|
    |icmp_ln1649_88_fu_3345_p2        |      icmp|   0|  0|  13|          16|           1|
    |icmp_ln1649_89_fu_3437_p2        |      icmp|   0|  0|  13|          16|           1|
    |icmp_ln1649_90_fu_3529_p2        |      icmp|   0|  0|  13|          16|           1|
    |icmp_ln1649_91_fu_3621_p2        |      icmp|   0|  0|  13|          16|           1|
    |icmp_ln1649_92_fu_3713_p2        |      icmp|   0|  0|  13|          16|           1|
    |icmp_ln1649_93_fu_3805_p2        |      icmp|   0|  0|  13|          16|           1|
    |icmp_ln1649_94_fu_3897_p2        |      icmp|   0|  0|  13|          16|           1|
    |icmp_ln1649_95_fu_3989_p2        |      icmp|   0|  0|  13|          16|           1|
    |icmp_ln1649_96_fu_4081_p2        |      icmp|   0|  0|  13|          16|           1|
    |icmp_ln1649_97_fu_4173_p2        |      icmp|   0|  0|  13|          16|           1|
    |icmp_ln1649_98_fu_4265_p2        |      icmp|   0|  0|  13|          16|           1|
    |icmp_ln1649_99_fu_4357_p2        |      icmp|   0|  0|  13|          16|           1|
    |icmp_ln1649_fu_1051_p2           |      icmp|   0|  0|  13|          16|           1|
    |r_100_fu_4491_p2                 |      icmp|   0|  0|   8|           3|           1|
    |r_101_fu_4583_p2                 |      icmp|   0|  0|   8|           3|           1|
    |r_102_fu_4675_p2                 |      icmp|   0|  0|   8|           3|           1|
    |r_103_fu_4767_p2                 |      icmp|   0|  0|   8|           3|           1|
    |r_104_fu_4859_p2                 |      icmp|   0|  0|   8|           3|           1|
    |r_64_fu_1179_p2                  |      icmp|   0|  0|   8|           3|           1|
    |r_65_fu_1271_p2                  |      icmp|   0|  0|   8|           3|           1|
    |r_66_fu_1363_p2                  |      icmp|   0|  0|   8|           3|           1|
    |r_67_fu_1455_p2                  |      icmp|   0|  0|   8|           3|           1|
    |r_68_fu_1547_p2                  |      icmp|   0|  0|   8|           3|           1|
    |r_69_fu_1639_p2                  |      icmp|   0|  0|   8|           3|           1|
    |r_70_fu_1731_p2                  |      icmp|   0|  0|   8|           3|           1|
    |r_71_fu_1823_p2                  |      icmp|   0|  0|   8|           3|           1|
    |r_72_fu_1915_p2                  |      icmp|   0|  0|   8|           3|           1|
    |r_73_fu_2007_p2                  |      icmp|   0|  0|   8|           3|           1|
    |r_74_fu_2099_p2                  |      icmp|   0|  0|   8|           3|           1|
    |r_75_fu_2191_p2                  |      icmp|   0|  0|   8|           3|           1|
    |r_76_fu_2283_p2                  |      icmp|   0|  0|   8|           3|           1|
    |r_77_fu_2375_p2                  |      icmp|   0|  0|   8|           3|           1|
    |r_78_fu_2467_p2                  |      icmp|   0|  0|   8|           3|           1|
    |r_79_fu_2559_p2                  |      icmp|   0|  0|   8|           3|           1|
    |r_80_fu_2651_p2                  |      icmp|   0|  0|   8|           3|           1|
    |r_81_fu_2743_p2                  |      icmp|   0|  0|   8|           3|           1|
    |r_82_fu_2835_p2                  |      icmp|   0|  0|   8|           3|           1|
    |r_83_fu_2927_p2                  |      icmp|   0|  0|   8|           3|           1|
    |r_84_fu_3019_p2                  |      icmp|   0|  0|   8|           3|           1|
    |r_85_fu_3111_p2                  |      icmp|   0|  0|   8|           3|           1|
    |r_86_fu_3203_p2                  |      icmp|   0|  0|   8|           3|           1|
    |r_87_fu_3295_p2                  |      icmp|   0|  0|   8|           3|           1|
    |r_88_fu_3387_p2                  |      icmp|   0|  0|   8|           3|           1|
    |r_89_fu_3479_p2                  |      icmp|   0|  0|   8|           3|           1|
    |r_90_fu_3571_p2                  |      icmp|   0|  0|   8|           3|           1|
    |r_91_fu_3663_p2                  |      icmp|   0|  0|   8|           3|           1|
    |r_92_fu_3755_p2                  |      icmp|   0|  0|   8|           3|           1|
    |r_93_fu_3847_p2                  |      icmp|   0|  0|   8|           3|           1|
    |r_94_fu_3939_p2                  |      icmp|   0|  0|   8|           3|           1|
    |r_95_fu_4031_p2                  |      icmp|   0|  0|   8|           3|           1|
    |r_96_fu_4123_p2                  |      icmp|   0|  0|   8|           3|           1|
    |r_97_fu_4215_p2                  |      icmp|   0|  0|   8|           3|           1|
    |r_98_fu_4307_p2                  |      icmp|   0|  0|   8|           3|           1|
    |r_99_fu_4399_p2                  |      icmp|   0|  0|   8|           3|           1|
    |r_fu_1087_p2                     |      icmp|   0|  0|   8|           3|           1|
    |ap_block_state1                  |        or|   0|  0|   2|           1|           1|
    |or_ln374_100_fu_4497_p2          |        or|   0|  0|   2|           1|           1|
    |or_ln374_101_fu_4589_p2          |        or|   0|  0|   2|           1|           1|
    |or_ln374_102_fu_4681_p2          |        or|   0|  0|   2|           1|           1|
    |or_ln374_103_fu_4773_p2          |        or|   0|  0|   2|           1|           1|
    |or_ln374_104_fu_4865_p2          |        or|   0|  0|   2|           1|           1|
    |or_ln374_64_fu_1185_p2           |        or|   0|  0|   2|           1|           1|
    |or_ln374_65_fu_1277_p2           |        or|   0|  0|   2|           1|           1|
    |or_ln374_66_fu_1369_p2           |        or|   0|  0|   2|           1|           1|
    |or_ln374_67_fu_1461_p2           |        or|   0|  0|   2|           1|           1|
    |or_ln374_68_fu_1553_p2           |        or|   0|  0|   2|           1|           1|
    |or_ln374_69_fu_1645_p2           |        or|   0|  0|   2|           1|           1|
    |or_ln374_70_fu_1737_p2           |        or|   0|  0|   2|           1|           1|
    |or_ln374_71_fu_1829_p2           |        or|   0|  0|   2|           1|           1|
    |or_ln374_72_fu_1921_p2           |        or|   0|  0|   2|           1|           1|
    |or_ln374_73_fu_2013_p2           |        or|   0|  0|   2|           1|           1|
    |or_ln374_74_fu_2105_p2           |        or|   0|  0|   2|           1|           1|
    |or_ln374_75_fu_2197_p2           |        or|   0|  0|   2|           1|           1|
    |or_ln374_76_fu_2289_p2           |        or|   0|  0|   2|           1|           1|
    |or_ln374_77_fu_2381_p2           |        or|   0|  0|   2|           1|           1|
    |or_ln374_78_fu_2473_p2           |        or|   0|  0|   2|           1|           1|
    |or_ln374_79_fu_2565_p2           |        or|   0|  0|   2|           1|           1|
    |or_ln374_80_fu_2657_p2           |        or|   0|  0|   2|           1|           1|
    |or_ln374_81_fu_2749_p2           |        or|   0|  0|   2|           1|           1|
    |or_ln374_82_fu_2841_p2           |        or|   0|  0|   2|           1|           1|
    |or_ln374_83_fu_2933_p2           |        or|   0|  0|   2|           1|           1|
    |or_ln374_84_fu_3025_p2           |        or|   0|  0|   2|           1|           1|
    |or_ln374_85_fu_3117_p2           |        or|   0|  0|   2|           1|           1|
    |or_ln374_86_fu_3209_p2           |        or|   0|  0|   2|           1|           1|
    |or_ln374_87_fu_3301_p2           |        or|   0|  0|   2|           1|           1|
    |or_ln374_88_fu_3393_p2           |        or|   0|  0|   2|           1|           1|
    |or_ln374_89_fu_3485_p2           |        or|   0|  0|   2|           1|           1|
    |or_ln374_90_fu_3577_p2           |        or|   0|  0|   2|           1|           1|
    |or_ln374_91_fu_3669_p2           |        or|   0|  0|   2|           1|           1|
    |or_ln374_92_fu_3761_p2           |        or|   0|  0|   2|           1|           1|
    |or_ln374_93_fu_3853_p2           |        or|   0|  0|   2|           1|           1|
    |or_ln374_94_fu_3945_p2           |        or|   0|  0|   2|           1|           1|
    |or_ln374_95_fu_4037_p2           |        or|   0|  0|   2|           1|           1|
    |or_ln374_96_fu_4129_p2           |        or|   0|  0|   2|           1|           1|
    |or_ln374_97_fu_4221_p2           |        or|   0|  0|   2|           1|           1|
    |or_ln374_98_fu_4313_p2           |        or|   0|  0|   2|           1|           1|
    |or_ln374_99_fu_4405_p2           |        or|   0|  0|   2|           1|           1|
    |or_ln374_fu_1093_p2              |        or|   0|  0|   2|           1|           1|
    |deleted_zeros_100_fu_6446_p3     |    select|   0|  0|   2|           1|           1|
    |deleted_zeros_101_fu_6487_p3     |    select|   0|  0|   2|           1|           1|
    |deleted_zeros_102_fu_6528_p3     |    select|   0|  0|   2|           1|           1|
    |deleted_zeros_103_fu_6569_p3     |    select|   0|  0|   2|           1|           1|
    |deleted_zeros_104_fu_6610_p3     |    select|   0|  0|   2|           1|           1|
    |deleted_zeros_64_fu_4970_p3      |    select|   0|  0|   2|           1|           1|
    |deleted_zeros_65_fu_5011_p3      |    select|   0|  0|   2|           1|           1|
    |deleted_zeros_66_fu_5052_p3      |    select|   0|  0|   2|           1|           1|
    |deleted_zeros_67_fu_5093_p3      |    select|   0|  0|   2|           1|           1|
    |deleted_zeros_68_fu_5134_p3      |    select|   0|  0|   2|           1|           1|
    |deleted_zeros_69_fu_5175_p3      |    select|   0|  0|   2|           1|           1|
    |deleted_zeros_70_fu_5216_p3      |    select|   0|  0|   2|           1|           1|
    |deleted_zeros_71_fu_5257_p3      |    select|   0|  0|   2|           1|           1|
    |deleted_zeros_72_fu_5298_p3      |    select|   0|  0|   2|           1|           1|
    |deleted_zeros_73_fu_5339_p3      |    select|   0|  0|   2|           1|           1|
    |deleted_zeros_74_fu_5380_p3      |    select|   0|  0|   2|           1|           1|
    |deleted_zeros_75_fu_5421_p3      |    select|   0|  0|   2|           1|           1|
    |deleted_zeros_76_fu_5462_p3      |    select|   0|  0|   2|           1|           1|
    |deleted_zeros_77_fu_5503_p3      |    select|   0|  0|   2|           1|           1|
    |deleted_zeros_78_fu_5544_p3      |    select|   0|  0|   2|           1|           1|
    |deleted_zeros_79_fu_5585_p3      |    select|   0|  0|   2|           1|           1|
    |deleted_zeros_80_fu_5626_p3      |    select|   0|  0|   2|           1|           1|
    |deleted_zeros_81_fu_5667_p3      |    select|   0|  0|   2|           1|           1|
    |deleted_zeros_82_fu_5708_p3      |    select|   0|  0|   2|           1|           1|
    |deleted_zeros_83_fu_5749_p3      |    select|   0|  0|   2|           1|           1|
    |deleted_zeros_84_fu_5790_p3      |    select|   0|  0|   2|           1|           1|
    |deleted_zeros_85_fu_5831_p3      |    select|   0|  0|   2|           1|           1|
    |deleted_zeros_86_fu_5872_p3      |    select|   0|  0|   2|           1|           1|
    |deleted_zeros_87_fu_5913_p3      |    select|   0|  0|   2|           1|           1|
    |deleted_zeros_88_fu_5954_p3      |    select|   0|  0|   2|           1|           1|
    |deleted_zeros_89_fu_5995_p3      |    select|   0|  0|   2|           1|           1|
    |deleted_zeros_90_fu_6036_p3      |    select|   0|  0|   2|           1|           1|
    |deleted_zeros_91_fu_6077_p3      |    select|   0|  0|   2|           1|           1|
    |deleted_zeros_92_fu_6118_p3      |    select|   0|  0|   2|           1|           1|
    |deleted_zeros_93_fu_6159_p3      |    select|   0|  0|   2|           1|           1|
    |deleted_zeros_94_fu_6200_p3      |    select|   0|  0|   2|           1|           1|
    |deleted_zeros_95_fu_6241_p3      |    select|   0|  0|   2|           1|           1|
    |deleted_zeros_96_fu_6282_p3      |    select|   0|  0|   2|           1|           1|
    |deleted_zeros_97_fu_6323_p3      |    select|   0|  0|   2|           1|           1|
    |deleted_zeros_98_fu_6364_p3      |    select|   0|  0|   2|           1|           1|
    |deleted_zeros_99_fu_6405_p3      |    select|   0|  0|   2|           1|           1|
    |deleted_zeros_fu_4929_p3         |    select|   0|  0|   2|           1|           1|
    |select_ln1649_100_fu_6460_p3     |    select|   0|  0|   6|           1|           6|
    |select_ln1649_101_fu_6501_p3     |    select|   0|  0|   6|           1|           6|
    |select_ln1649_102_fu_6542_p3     |    select|   0|  0|   6|           1|           6|
    |select_ln1649_103_fu_6583_p3     |    select|   0|  0|   6|           1|           6|
    |select_ln1649_104_fu_6624_p3     |    select|   0|  0|   6|           1|           6|
    |select_ln1649_64_fu_4984_p3      |    select|   0|  0|   6|           1|           6|
    |select_ln1649_65_fu_5025_p3      |    select|   0|  0|   6|           1|           6|
    |select_ln1649_66_fu_5066_p3      |    select|   0|  0|   6|           1|           6|
    |select_ln1649_67_fu_5107_p3      |    select|   0|  0|   6|           1|           6|
    |select_ln1649_68_fu_5148_p3      |    select|   0|  0|   6|           1|           6|
    |select_ln1649_69_fu_5189_p3      |    select|   0|  0|   6|           1|           6|
    |select_ln1649_70_fu_5230_p3      |    select|   0|  0|   6|           1|           6|
    |select_ln1649_71_fu_5271_p3      |    select|   0|  0|   6|           1|           6|
    |select_ln1649_72_fu_5312_p3      |    select|   0|  0|   6|           1|           6|
    |select_ln1649_73_fu_5353_p3      |    select|   0|  0|   6|           1|           6|
    |select_ln1649_74_fu_5394_p3      |    select|   0|  0|   6|           1|           6|
    |select_ln1649_75_fu_5435_p3      |    select|   0|  0|   6|           1|           6|
    |select_ln1649_76_fu_5476_p3      |    select|   0|  0|   6|           1|           6|
    |select_ln1649_77_fu_5517_p3      |    select|   0|  0|   6|           1|           6|
    |select_ln1649_78_fu_5558_p3      |    select|   0|  0|   6|           1|           6|
    |select_ln1649_79_fu_5599_p3      |    select|   0|  0|   6|           1|           6|
    |select_ln1649_80_fu_5640_p3      |    select|   0|  0|   6|           1|           6|
    |select_ln1649_81_fu_5681_p3      |    select|   0|  0|   6|           1|           6|
    |select_ln1649_82_fu_5722_p3      |    select|   0|  0|   6|           1|           6|
    |select_ln1649_83_fu_5763_p3      |    select|   0|  0|   6|           1|           6|
    |select_ln1649_84_fu_5804_p3      |    select|   0|  0|   6|           1|           6|
    |select_ln1649_85_fu_5845_p3      |    select|   0|  0|   6|           1|           6|
    |select_ln1649_86_fu_5886_p3      |    select|   0|  0|   6|           1|           6|
    |select_ln1649_87_fu_5927_p3      |    select|   0|  0|   6|           1|           6|
    |select_ln1649_88_fu_5968_p3      |    select|   0|  0|   6|           1|           6|
    |select_ln1649_89_fu_6009_p3      |    select|   0|  0|   6|           1|           6|
    |select_ln1649_90_fu_6050_p3      |    select|   0|  0|   6|           1|           6|
    |select_ln1649_91_fu_6091_p3      |    select|   0|  0|   6|           1|           6|
    |select_ln1649_92_fu_6132_p3      |    select|   0|  0|   6|           1|           6|
    |select_ln1649_93_fu_6173_p3      |    select|   0|  0|   6|           1|           6|
    |select_ln1649_94_fu_6214_p3      |    select|   0|  0|   6|           1|           6|
    |select_ln1649_95_fu_6255_p3      |    select|   0|  0|   6|           1|           6|
    |select_ln1649_96_fu_6296_p3      |    select|   0|  0|   6|           1|           6|
    |select_ln1649_97_fu_6337_p3      |    select|   0|  0|   6|           1|           6|
    |select_ln1649_98_fu_6378_p3      |    select|   0|  0|   6|           1|           6|
    |select_ln1649_99_fu_6419_p3      |    select|   0|  0|   6|           1|           6|
    |select_ln1649_fu_4943_p3         |    select|   0|  0|   6|           1|           6|
    |select_ln302_100_fu_6453_p3      |    select|   0|  0|   6|           1|           6|
    |select_ln302_101_fu_6494_p3      |    select|   0|  0|   6|           1|           6|
    |select_ln302_102_fu_6535_p3      |    select|   0|  0|   6|           1|           6|
    |select_ln302_103_fu_6576_p3      |    select|   0|  0|   6|           1|           6|
    |select_ln302_104_fu_6617_p3      |    select|   0|  0|   6|           1|           6|
    |select_ln302_64_fu_4977_p3       |    select|   0|  0|   6|           1|           6|
    |select_ln302_65_fu_5018_p3       |    select|   0|  0|   6|           1|           6|
    |select_ln302_66_fu_5059_p3       |    select|   0|  0|   6|           1|           6|
    |select_ln302_67_fu_5100_p3       |    select|   0|  0|   6|           1|           6|
    |select_ln302_68_fu_5141_p3       |    select|   0|  0|   6|           1|           6|
    |select_ln302_69_fu_5182_p3       |    select|   0|  0|   6|           1|           6|
    |select_ln302_70_fu_5223_p3       |    select|   0|  0|   6|           1|           6|
    |select_ln302_71_fu_5264_p3       |    select|   0|  0|   6|           1|           6|
    |select_ln302_72_fu_5305_p3       |    select|   0|  0|   6|           1|           6|
    |select_ln302_73_fu_5346_p3       |    select|   0|  0|   6|           1|           6|
    |select_ln302_74_fu_5387_p3       |    select|   0|  0|   6|           1|           6|
    |select_ln302_75_fu_5428_p3       |    select|   0|  0|   6|           1|           6|
    |select_ln302_76_fu_5469_p3       |    select|   0|  0|   6|           1|           6|
    |select_ln302_77_fu_5510_p3       |    select|   0|  0|   6|           1|           6|
    |select_ln302_78_fu_5551_p3       |    select|   0|  0|   6|           1|           6|
    |select_ln302_79_fu_5592_p3       |    select|   0|  0|   6|           1|           6|
    |select_ln302_80_fu_5633_p3       |    select|   0|  0|   6|           1|           6|
    |select_ln302_81_fu_5674_p3       |    select|   0|  0|   6|           1|           6|
    |select_ln302_82_fu_5715_p3       |    select|   0|  0|   6|           1|           6|
    |select_ln302_83_fu_5756_p3       |    select|   0|  0|   6|           1|           6|
    |select_ln302_84_fu_5797_p3       |    select|   0|  0|   6|           1|           6|
    |select_ln302_85_fu_5838_p3       |    select|   0|  0|   6|           1|           6|
    |select_ln302_86_fu_5879_p3       |    select|   0|  0|   6|           1|           6|
    |select_ln302_87_fu_5920_p3       |    select|   0|  0|   6|           1|           6|
    |select_ln302_88_fu_5961_p3       |    select|   0|  0|   6|           1|           6|
    |select_ln302_89_fu_6002_p3       |    select|   0|  0|   6|           1|           6|
    |select_ln302_90_fu_6043_p3       |    select|   0|  0|   6|           1|           6|
    |select_ln302_91_fu_6084_p3       |    select|   0|  0|   6|           1|           6|
    |select_ln302_92_fu_6125_p3       |    select|   0|  0|   6|           1|           6|
    |select_ln302_93_fu_6166_p3       |    select|   0|  0|   6|           1|           6|
    |select_ln302_94_fu_6207_p3       |    select|   0|  0|   6|           1|           6|
    |select_ln302_95_fu_6248_p3       |    select|   0|  0|   6|           1|           6|
    |select_ln302_96_fu_6289_p3       |    select|   0|  0|   6|           1|           6|
    |select_ln302_97_fu_6330_p3       |    select|   0|  0|   6|           1|           6|
    |select_ln302_98_fu_6371_p3       |    select|   0|  0|   6|           1|           6|
    |select_ln302_99_fu_6412_p3       |    select|   0|  0|   6|           1|           6|
    |select_ln302_fu_4936_p3          |    select|   0|  0|   6|           1|           6|
    |select_ln888_100_fu_6440_p3      |    select|   0|  0|   2|           1|           1|
    |select_ln888_101_fu_6481_p3      |    select|   0|  0|   2|           1|           1|
    |select_ln888_102_fu_6522_p3      |    select|   0|  0|   2|           1|           1|
    |select_ln888_103_fu_6563_p3      |    select|   0|  0|   2|           1|           1|
    |select_ln888_104_fu_6604_p3      |    select|   0|  0|   2|           1|           1|
    |select_ln888_64_fu_4964_p3       |    select|   0|  0|   2|           1|           1|
    |select_ln888_65_fu_5005_p3       |    select|   0|  0|   2|           1|           1|
    |select_ln888_66_fu_5046_p3       |    select|   0|  0|   2|           1|           1|
    |select_ln888_67_fu_5087_p3       |    select|   0|  0|   2|           1|           1|
    |select_ln888_68_fu_5128_p3       |    select|   0|  0|   2|           1|           1|
    |select_ln888_69_fu_5169_p3       |    select|   0|  0|   2|           1|           1|
    |select_ln888_70_fu_5210_p3       |    select|   0|  0|   2|           1|           1|
    |select_ln888_71_fu_5251_p3       |    select|   0|  0|   2|           1|           1|
    |select_ln888_72_fu_5292_p3       |    select|   0|  0|   2|           1|           1|
    |select_ln888_73_fu_5333_p3       |    select|   0|  0|   2|           1|           1|
    |select_ln888_74_fu_5374_p3       |    select|   0|  0|   2|           1|           1|
    |select_ln888_75_fu_5415_p3       |    select|   0|  0|   2|           1|           1|
    |select_ln888_76_fu_5456_p3       |    select|   0|  0|   2|           1|           1|
    |select_ln888_77_fu_5497_p3       |    select|   0|  0|   2|           1|           1|
    |select_ln888_78_fu_5538_p3       |    select|   0|  0|   2|           1|           1|
    |select_ln888_79_fu_5579_p3       |    select|   0|  0|   2|           1|           1|
    |select_ln888_80_fu_5620_p3       |    select|   0|  0|   2|           1|           1|
    |select_ln888_81_fu_5661_p3       |    select|   0|  0|   2|           1|           1|
    |select_ln888_82_fu_5702_p3       |    select|   0|  0|   2|           1|           1|
    |select_ln888_83_fu_5743_p3       |    select|   0|  0|   2|           1|           1|
    |select_ln888_84_fu_5784_p3       |    select|   0|  0|   2|           1|           1|
    |select_ln888_85_fu_5825_p3       |    select|   0|  0|   2|           1|           1|
    |select_ln888_86_fu_5866_p3       |    select|   0|  0|   2|           1|           1|
    |select_ln888_87_fu_5907_p3       |    select|   0|  0|   2|           1|           1|
    |select_ln888_88_fu_5948_p3       |    select|   0|  0|   2|           1|           1|
    |select_ln888_89_fu_5989_p3       |    select|   0|  0|   2|           1|           1|
    |select_ln888_90_fu_6030_p3       |    select|   0|  0|   2|           1|           1|
    |select_ln888_91_fu_6071_p3       |    select|   0|  0|   2|           1|           1|
    |select_ln888_92_fu_6112_p3       |    select|   0|  0|   2|           1|           1|
    |select_ln888_93_fu_6153_p3       |    select|   0|  0|   2|           1|           1|
    |select_ln888_94_fu_6194_p3       |    select|   0|  0|   2|           1|           1|
    |select_ln888_95_fu_6235_p3       |    select|   0|  0|   2|           1|           1|
    |select_ln888_96_fu_6276_p3       |    select|   0|  0|   2|           1|           1|
    |select_ln888_97_fu_6317_p3       |    select|   0|  0|   2|           1|           1|
    |select_ln888_98_fu_6358_p3       |    select|   0|  0|   2|           1|           1|
    |select_ln888_99_fu_6399_p3       |    select|   0|  0|   2|           1|           1|
    |select_ln888_fu_4923_p3          |    select|   0|  0|   2|           1|           1|
    +---------------------------------+----------+----+---+----+------------+------------+
    |Total                            |          |   0|  0|3110|        1807|        1135|
    +---------------------------------+----------+----+---+----+------------+------------+

    * Multiplexer: 
    +-------------------+----+-----------+-----+-----------+
    |        Name       | LUT| Input Size| Bits| Total Bits|
    +-------------------+----+-----------+-----+-----------+
    |ap_NS_fsm          |  14|          3|    1|          3|
    |ap_done            |   9|          2|    1|          2|
    |layer17_out_blk_n  |   9|          2|    1|          2|
    |layer18_out_blk_n  |   9|          2|    1|          2|
    |real_start         |   9|          2|    1|          2|
    +-------------------+----+-----------+-----+-----------+
    |Total              |  50|         11|    5|         11|
    +-------------------+----+-----------+-----+-----------+

    * Register: 
    +-------------------------------+-----+----+-----+-----------+
    |              Name             |  FF | LUT| Bits| Const Bits|
    +-------------------------------+-----+----+-----+-----------+
    |Range1_all_ones_100_reg_7591   |    1|   0|    1|          0|
    |Range1_all_ones_101_reg_7613   |    1|   0|    1|          0|
    |Range1_all_ones_102_reg_7635   |    1|   0|    1|          0|
    |Range1_all_ones_103_reg_7657   |    1|   0|    1|          0|
    |Range1_all_ones_104_reg_7679   |    1|   0|    1|          0|
    |Range1_all_ones_64_reg_6799    |    1|   0|    1|          0|
    |Range1_all_ones_65_reg_6821    |    1|   0|    1|          0|
    |Range1_all_ones_66_reg_6843    |    1|   0|    1|          0|
    |Range1_all_ones_67_reg_6865    |    1|   0|    1|          0|
    |Range1_all_ones_68_reg_6887    |    1|   0|    1|          0|
    |Range1_all_ones_69_reg_6909    |    1|   0|    1|          0|
    |Range1_all_ones_70_reg_6931    |    1|   0|    1|          0|
    |Range1_all_ones_71_reg_6953    |    1|   0|    1|          0|
    |Range1_all_ones_72_reg_6975    |    1|   0|    1|          0|
    |Range1_all_ones_73_reg_6997    |    1|   0|    1|          0|
    |Range1_all_ones_74_reg_7019    |    1|   0|    1|          0|
    |Range1_all_ones_75_reg_7041    |    1|   0|    1|          0|
    |Range1_all_ones_76_reg_7063    |    1|   0|    1|          0|
    |Range1_all_ones_77_reg_7085    |    1|   0|    1|          0|
    |Range1_all_ones_78_reg_7107    |    1|   0|    1|          0|
    |Range1_all_ones_79_reg_7129    |    1|   0|    1|          0|
    |Range1_all_ones_80_reg_7151    |    1|   0|    1|          0|
    |Range1_all_ones_81_reg_7173    |    1|   0|    1|          0|
    |Range1_all_ones_82_reg_7195    |    1|   0|    1|          0|
    |Range1_all_ones_83_reg_7217    |    1|   0|    1|          0|
    |Range1_all_ones_84_reg_7239    |    1|   0|    1|          0|
    |Range1_all_ones_85_reg_7261    |    1|   0|    1|          0|
    |Range1_all_ones_86_reg_7283    |    1|   0|    1|          0|
    |Range1_all_ones_87_reg_7305    |    1|   0|    1|          0|
    |Range1_all_ones_88_reg_7327    |    1|   0|    1|          0|
    |Range1_all_ones_89_reg_7349    |    1|   0|    1|          0|
    |Range1_all_ones_90_reg_7371    |    1|   0|    1|          0|
    |Range1_all_ones_91_reg_7393    |    1|   0|    1|          0|
    |Range1_all_ones_92_reg_7415    |    1|   0|    1|          0|
    |Range1_all_ones_93_reg_7437    |    1|   0|    1|          0|
    |Range1_all_ones_94_reg_7459    |    1|   0|    1|          0|
    |Range1_all_ones_95_reg_7481    |    1|   0|    1|          0|
    |Range1_all_ones_96_reg_7503    |    1|   0|    1|          0|
    |Range1_all_ones_97_reg_7525    |    1|   0|    1|          0|
    |Range1_all_ones_98_reg_7547    |    1|   0|    1|          0|
    |Range1_all_ones_99_reg_7569    |    1|   0|    1|          0|
    |Range1_all_ones_reg_6777       |    1|   0|    1|          0|
    |Range1_all_zeros_100_reg_7596  |    1|   0|    1|          0|
    |Range1_all_zeros_101_reg_7618  |    1|   0|    1|          0|
    |Range1_all_zeros_102_reg_7640  |    1|   0|    1|          0|
    |Range1_all_zeros_103_reg_7662  |    1|   0|    1|          0|
    |Range1_all_zeros_104_reg_7684  |    1|   0|    1|          0|
    |Range1_all_zeros_64_reg_6804   |    1|   0|    1|          0|
    |Range1_all_zeros_65_reg_6826   |    1|   0|    1|          0|
    |Range1_all_zeros_66_reg_6848   |    1|   0|    1|          0|
    |Range1_all_zeros_67_reg_6870   |    1|   0|    1|          0|
    |Range1_all_zeros_68_reg_6892   |    1|   0|    1|          0|
    |Range1_all_zeros_69_reg_6914   |    1|   0|    1|          0|
    |Range1_all_zeros_70_reg_6936   |    1|   0|    1|          0|
    |Range1_all_zeros_71_reg_6958   |    1|   0|    1|          0|
    |Range1_all_zeros_72_reg_6980   |    1|   0|    1|          0|
    |Range1_all_zeros_73_reg_7002   |    1|   0|    1|          0|
    |Range1_all_zeros_74_reg_7024   |    1|   0|    1|          0|
    |Range1_all_zeros_75_reg_7046   |    1|   0|    1|          0|
    |Range1_all_zeros_76_reg_7068   |    1|   0|    1|          0|
    |Range1_all_zeros_77_reg_7090   |    1|   0|    1|          0|
    |Range1_all_zeros_78_reg_7112   |    1|   0|    1|          0|
    |Range1_all_zeros_79_reg_7134   |    1|   0|    1|          0|
    |Range1_all_zeros_80_reg_7156   |    1|   0|    1|          0|
    |Range1_all_zeros_81_reg_7178   |    1|   0|    1|          0|
    |Range1_all_zeros_82_reg_7200   |    1|   0|    1|          0|
    |Range1_all_zeros_83_reg_7222   |    1|   0|    1|          0|
    |Range1_all_zeros_84_reg_7244   |    1|   0|    1|          0|
    |Range1_all_zeros_85_reg_7266   |    1|   0|    1|          0|
    |Range1_all_zeros_86_reg_7288   |    1|   0|    1|          0|
    |Range1_all_zeros_87_reg_7310   |    1|   0|    1|          0|
    |Range1_all_zeros_88_reg_7332   |    1|   0|    1|          0|
    |Range1_all_zeros_89_reg_7354   |    1|   0|    1|          0|
    |Range1_all_zeros_90_reg_7376   |    1|   0|    1|          0|
    |Range1_all_zeros_91_reg_7398   |    1|   0|    1|          0|
    |Range1_all_zeros_92_reg_7420   |    1|   0|    1|          0|
    |Range1_all_zeros_93_reg_7442   |    1|   0|    1|          0|
    |Range1_all_zeros_94_reg_7464   |    1|   0|    1|          0|
    |Range1_all_zeros_95_reg_7486   |    1|   0|    1|          0|
    |Range1_all_zeros_96_reg_7508   |    1|   0|    1|          0|
    |Range1_all_zeros_97_reg_7530   |    1|   0|    1|          0|
    |Range1_all_zeros_98_reg_7552   |    1|   0|    1|          0|
    |Range1_all_zeros_99_reg_7574   |    1|   0|    1|          0|
    |Range1_all_zeros_reg_6782      |    1|   0|    1|          0|
    |ap_CS_fsm                      |    2|   0|    2|          0|
    |ap_done_reg                    |    1|   0|    1|          0|
    |icmp_ln1649_100_reg_7580       |    1|   0|    1|          0|
    |icmp_ln1649_101_reg_7602       |    1|   0|    1|          0|
    |icmp_ln1649_102_reg_7624       |    1|   0|    1|          0|
    |icmp_ln1649_103_reg_7646       |    1|   0|    1|          0|
    |icmp_ln1649_104_reg_7668       |    1|   0|    1|          0|
    |icmp_ln1649_64_reg_6788        |    1|   0|    1|          0|
    |icmp_ln1649_65_reg_6810        |    1|   0|    1|          0|
    |icmp_ln1649_66_reg_6832        |    1|   0|    1|          0|
    |icmp_ln1649_67_reg_6854        |    1|   0|    1|          0|
    |icmp_ln1649_68_reg_6876        |    1|   0|    1|          0|
    |icmp_ln1649_69_reg_6898        |    1|   0|    1|          0|
    |icmp_ln1649_70_reg_6920        |    1|   0|    1|          0|
    |icmp_ln1649_71_reg_6942        |    1|   0|    1|          0|
    |icmp_ln1649_72_reg_6964        |    1|   0|    1|          0|
    |icmp_ln1649_73_reg_6986        |    1|   0|    1|          0|
    |icmp_ln1649_74_reg_7008        |    1|   0|    1|          0|
    |icmp_ln1649_75_reg_7030        |    1|   0|    1|          0|
    |icmp_ln1649_76_reg_7052        |    1|   0|    1|          0|
    |icmp_ln1649_77_reg_7074        |    1|   0|    1|          0|
    |icmp_ln1649_78_reg_7096        |    1|   0|    1|          0|
    |icmp_ln1649_79_reg_7118        |    1|   0|    1|          0|
    |icmp_ln1649_80_reg_7140        |    1|   0|    1|          0|
    |icmp_ln1649_81_reg_7162        |    1|   0|    1|          0|
    |icmp_ln1649_82_reg_7184        |    1|   0|    1|          0|
    |icmp_ln1649_83_reg_7206        |    1|   0|    1|          0|
    |icmp_ln1649_84_reg_7228        |    1|   0|    1|          0|
    |icmp_ln1649_85_reg_7250        |    1|   0|    1|          0|
    |icmp_ln1649_86_reg_7272        |    1|   0|    1|          0|
    |icmp_ln1649_87_reg_7294        |    1|   0|    1|          0|
    |icmp_ln1649_88_reg_7316        |    1|   0|    1|          0|
    |icmp_ln1649_89_reg_7338        |    1|   0|    1|          0|
    |icmp_ln1649_90_reg_7360        |    1|   0|    1|          0|
    |icmp_ln1649_91_reg_7382        |    1|   0|    1|          0|
    |icmp_ln1649_92_reg_7404        |    1|   0|    1|          0|
    |icmp_ln1649_93_reg_7426        |    1|   0|    1|          0|
    |icmp_ln1649_94_reg_7448        |    1|   0|    1|          0|
    |icmp_ln1649_95_reg_7470        |    1|   0|    1|          0|
    |icmp_ln1649_96_reg_7492        |    1|   0|    1|          0|
    |icmp_ln1649_97_reg_7514        |    1|   0|    1|          0|
    |icmp_ln1649_98_reg_7536        |    1|   0|    1|          0|
    |icmp_ln1649_99_reg_7558        |    1|   0|    1|          0|
    |icmp_ln1649_reg_6766           |    1|   0|    1|          0|
    |layer17_out_read_reg_6720      |  672|   0|  672|          0|
    |p_Val2_192_reg_6771            |    6|   0|    6|          0|
    |p_Val2_194_reg_6793            |    6|   0|    6|          0|
    |p_Val2_196_reg_6815            |    6|   0|    6|          0|
    |p_Val2_198_reg_6837            |    6|   0|    6|          0|
    |p_Val2_199_reg_6859            |    6|   0|    6|          0|
    |p_Val2_200_reg_6881            |    6|   0|    6|          0|
    |p_Val2_201_reg_6903            |    6|   0|    6|          0|
    |p_Val2_202_reg_6925            |    6|   0|    6|          0|
    |p_Val2_203_reg_6947            |    6|   0|    6|          0|
    |p_Val2_204_reg_6969            |    6|   0|    6|          0|
    |p_Val2_205_reg_6991            |    6|   0|    6|          0|
    |p_Val2_206_reg_7013            |    6|   0|    6|          0|
    |p_Val2_207_reg_7035            |    6|   0|    6|          0|
    |p_Val2_208_reg_7057            |    6|   0|    6|          0|
    |p_Val2_209_reg_7079            |    6|   0|    6|          0|
    |p_Val2_210_reg_7101            |    6|   0|    6|          0|
    |p_Val2_211_reg_7123            |    6|   0|    6|          0|
    |p_Val2_212_reg_7145            |    6|   0|    6|          0|
    |p_Val2_213_reg_7167            |    6|   0|    6|          0|
    |p_Val2_214_reg_7189            |    6|   0|    6|          0|
    |p_Val2_215_reg_7211            |    6|   0|    6|          0|
    |p_Val2_216_reg_7233            |    6|   0|    6|          0|
    |p_Val2_217_reg_7255            |    6|   0|    6|          0|
    |p_Val2_218_reg_7277            |    6|   0|    6|          0|
    |p_Val2_219_reg_7299            |    6|   0|    6|          0|
    |p_Val2_220_reg_7321            |    6|   0|    6|          0|
    |p_Val2_221_reg_7343            |    6|   0|    6|          0|
    |p_Val2_222_reg_7365            |    6|   0|    6|          0|
    |p_Val2_223_reg_7387            |    6|   0|    6|          0|
    |p_Val2_224_reg_7409            |    6|   0|    6|          0|
    |p_Val2_225_reg_7431            |    6|   0|    6|          0|
    |p_Val2_226_reg_7453            |    6|   0|    6|          0|
    |p_Val2_227_reg_7475            |    6|   0|    6|          0|
    |p_Val2_228_reg_7497            |    6|   0|    6|          0|
    |p_Val2_229_reg_7519            |    6|   0|    6|          0|
    |p_Val2_230_reg_7541            |    6|   0|    6|          0|
    |p_Val2_231_reg_7563            |    6|   0|    6|          0|
    |p_Val2_232_reg_7585            |    6|   0|    6|          0|
    |p_Val2_233_reg_7607            |    6|   0|    6|          0|
    |p_Val2_234_reg_7629            |    6|   0|    6|          0|
    |p_Val2_237_reg_7651            |    6|   0|    6|          0|
    |p_Val2_239_reg_7673            |    6|   0|    6|          0|
    |start_once_reg                 |    1|   0|    1|          0|
    +-------------------------------+-----+----+-----+-----------+
    |Total                          | 1054|   0| 1054|          0|
    +-------------------------------+-----+----+-----+-----------+



================================================================
== Interface
================================================================
* Summary: 
+----------------------------+-----+-----+------------+-------------------------------------------------------------------------+--------------+
|          RTL Ports         | Dir | Bits|  Protocol  |                              Source Object                              |    C Type    |
+----------------------------+-----+-----+------------+-------------------------------------------------------------------------+--------------+
|ap_clk                      |   in|    1|  ap_ctrl_hs|  relu<array<ap_fixed,42u>,array<ap_ufixed<6,0,4,0,0>,42u>,relu_config18>|  return value|
|ap_rst                      |   in|    1|  ap_ctrl_hs|  relu<array<ap_fixed,42u>,array<ap_ufixed<6,0,4,0,0>,42u>,relu_config18>|  return value|
|ap_start                    |   in|    1|  ap_ctrl_hs|  relu<array<ap_fixed,42u>,array<ap_ufixed<6,0,4,0,0>,42u>,relu_config18>|  return value|
|start_full_n                |   in|    1|  ap_ctrl_hs|  relu<array<ap_fixed,42u>,array<ap_ufixed<6,0,4,0,0>,42u>,relu_config18>|  return value|
|ap_done                     |  out|    1|  ap_ctrl_hs|  relu<array<ap_fixed,42u>,array<ap_ufixed<6,0,4,0,0>,42u>,relu_config18>|  return value|
|ap_continue                 |   in|    1|  ap_ctrl_hs|  relu<array<ap_fixed,42u>,array<ap_ufixed<6,0,4,0,0>,42u>,relu_config18>|  return value|
|ap_idle                     |  out|    1|  ap_ctrl_hs|  relu<array<ap_fixed,42u>,array<ap_ufixed<6,0,4,0,0>,42u>,relu_config18>|  return value|
|ap_ready                    |  out|    1|  ap_ctrl_hs|  relu<array<ap_fixed,42u>,array<ap_ufixed<6,0,4,0,0>,42u>,relu_config18>|  return value|
|start_out                   |  out|    1|  ap_ctrl_hs|  relu<array<ap_fixed,42u>,array<ap_ufixed<6,0,4,0,0>,42u>,relu_config18>|  return value|
|start_write                 |  out|    1|  ap_ctrl_hs|  relu<array<ap_fixed,42u>,array<ap_ufixed<6,0,4,0,0>,42u>,relu_config18>|  return value|
|layer17_out_dout            |   in|  672|     ap_fifo|                                                              layer17_out|       pointer|
|layer17_out_num_data_valid  |   in|    2|     ap_fifo|                                                              layer17_out|       pointer|
|layer17_out_fifo_cap        |   in|    2|     ap_fifo|                                                              layer17_out|       pointer|
|layer17_out_empty_n         |   in|    1|     ap_fifo|                                                              layer17_out|       pointer|
|layer17_out_read            |  out|    1|     ap_fifo|                                                              layer17_out|       pointer|
|layer18_out_din             |  out|  252|     ap_fifo|                                                              layer18_out|       pointer|
|layer18_out_num_data_valid  |   in|    2|     ap_fifo|                                                              layer18_out|       pointer|
|layer18_out_fifo_cap        |   in|    2|     ap_fifo|                                                              layer18_out|       pointer|
|layer18_out_full_n          |   in|    1|     ap_fifo|                                                              layer18_out|       pointer|
|layer18_out_write           |  out|    1|     ap_fifo|                                                              layer18_out|       pointer|
+----------------------------+-----+-----+------------+-------------------------------------------------------------------------+--------------+

