

================================================================
== Vitis HLS Report for 'conv_2d_cl_array_ap_fixed_16u_array_ap_fixed_16_6_5_3_0_16u_config6_s'
================================================================
* Date:           Sun Jun  2 03:50:39 2024

* Version:        2022.2 (Build 3670227 on Oct 13 2022)
* Project:        kernel_wrapper
* Solution:       solution (Vitis Kernel Flow Target)
* Product family: virtexuplus
* Target device:  xcu55c-fsvh2892-2L-e


================================================================
== Performance Estimates
================================================================
+ Timing: 
    * Summary: 
    +--------+---------+----------+------------+
    |  Clock |  Target | Estimated| Uncertainty|
    +--------+---------+----------+------------+
    |ap_clk  |  3.33 ns|  2.387 ns|     0.90 ns|
    +--------+---------+----------+------------+

+ Latency: 
    * Summary: 
    +---------+---------+----------+----------+------+------+---------+
    |  Latency (cycles) |  Latency (absolute) |   Interval  | Pipeline|
    |   min   |   max   |    min   |    max   |  min |  max |   Type  |
    +---------+---------+----------+----------+------+------+---------+
    |     1128|     1128|  3.760 us|  3.760 us|  1128|  1128|       no|
    +---------+---------+----------+----------+------+------+---------+

    + Detail: 
        * Instance: 
        +-----------------------------------------------------------------------------------+------------------------------------------------------------------------+---------+---------+-----------+-----------+-----+-----+---------+
        |                                                                                   |                                                                        |  Latency (cycles) |   Latency (absolute)  |  Interval | Pipeline|
        |                                      Instance                                     |                                 Module                                 |   min   |   max   |    min    |    max    | min | max |   Type  |
        +-----------------------------------------------------------------------------------+------------------------------------------------------------------------+---------+---------+-----------+-----------+-----+-----+---------+
        |grp_compute_output_buffer_2d_array_array_ap_fixed_16_6_5_3_0_16u_config6_s_fu_472  |compute_output_buffer_2d_array_array_ap_fixed_16_6_5_3_0_16u_config6_s  |        5|        5|  16.665 ns|  16.665 ns|    5|    5|      yes|
        +-----------------------------------------------------------------------------------+------------------------------------------------------------------------+---------+---------+-----------+-----------+-----+-----+---------+

        * Loop: 
        +----------------------------------+---------+---------+----------+-----------+-----------+------+----------+
        |                                  |  Latency (cycles) | Iteration|  Initiation Interval  | Trip |          |
        |             Loop Name            |   min   |   max   |  Latency |  achieved |   target  | Count| Pipelined|
        +----------------------------------+---------+---------+----------+-----------+-----------+------+----------+
        |- ReadInputHeight_ReadInputWidth  |     1126|     1126|         7|          5|          1|   225|       yes|
        +----------------------------------+---------+---------+----------+-----------+-----------+------+----------+



================================================================
== Utilization Estimates
================================================================
* Summary: 
+---------------------+---------+------+---------+---------+-----+
|         Name        | BRAM_18K|  DSP |    FF   |   LUT   | URAM|
+---------------------+---------+------+---------+---------+-----+
|DSP                  |        -|     -|        -|        -|    -|
|Expression           |        -|     -|        0|       40|    -|
|FIFO                 |        -|     -|        -|        -|    -|
|Instance             |        -|   111|    16529|    42568|    -|
|Memory               |        -|     -|        -|        -|    -|
|Multiplexer          |        -|     -|        -|      121|    -|
|Register             |        -|     -|       27|        -|    -|
+---------------------+---------+------+---------+---------+-----+
|Total                |        0|   111|    16556|    42729|    0|
+---------------------+---------+------+---------+---------+-----+
|Available SLR        |     1344|  3008|   869120|   434560|  320|
+---------------------+---------+------+---------+---------+-----+
|Utilization SLR (%)  |        0|     3|        1|        9|    0|
+---------------------+---------+------+---------+---------+-----+
|Available            |     4032|  9024|  2607360|  1303680|  960|
+---------------------+---------+------+---------+---------+-----+
|Utilization (%)      |        0|     1|       ~0|        3|    0|
+---------------------+---------+------+---------+---------+-----+

+ Detail: 
    * Instance: 
    +-----------------------------------------------------------------------------------+------------------------------------------------------------------------+---------+-----+-------+-------+-----+
    |                                      Instance                                     |                                 Module                                 | BRAM_18K| DSP |   FF  |  LUT  | URAM|
    +-----------------------------------------------------------------------------------+------------------------------------------------------------------------+---------+-----+-------+-------+-----+
    |grp_compute_output_buffer_2d_array_array_ap_fixed_16_6_5_3_0_16u_config6_s_fu_472  |compute_output_buffer_2d_array_array_ap_fixed_16_6_5_3_0_16u_config6_s  |        0|  111|  16529|  42568|    0|
    +-----------------------------------------------------------------------------------+------------------------------------------------------------------------+---------+-----+-------+-------+-----+
    |Total                                                                              |                                                                        |        0|  111|  16529|  42568|    0|
    +-----------------------------------------------------------------------------------+------------------------------------------------------------------------+---------+-----+-------+-------+-----+

    * DSP: 
    N/A

    * Memory: 
    N/A

    * FIFO: 
    N/A

    * Expression: 
    +------------------------------------------+----------+----+---+----+------------+------------+
    |               Variable Name              | Operation| DSP| FF| LUT| Bitwidth P0| Bitwidth P1|
    +------------------------------------------+----------+----+---+----+------------+------------+
    |add_ln79_fu_868_p2                        |         +|   0|  0|  15|           8|           1|
    |ap_block_pp0_stage0_11001                 |       and|   0|  0|   2|           1|           1|
    |ap_block_pp0_stage1_11001_ignoreCallOp37  |       and|   0|  0|   2|           1|           1|
    |ap_block_state2_pp0_stage1_iter0          |       and|   0|  0|   2|           1|           1|
    |ap_condition_1238                         |       and|   0|  0|   2|           1|           1|
    |ap_condition_1241                         |       and|   0|  0|   2|           1|           1|
    |icmp_ln79_fu_862_p2                       |      icmp|   0|  0|  11|           8|           6|
    |ap_block_pp0_stage1_11001                 |        or|   0|  0|   2|           1|           1|
    |ap_enable_pp0                             |       xor|   0|  0|   2|           1|           2|
    +------------------------------------------+----------+----+---+----+------------+------------+
    |Total                                     |          |   0|  0|  40|          23|          15|
    +------------------------------------------+----------+----+---+----+------------+------------+

    * Multiplexer: 
    +--------------------------------------+----+-----------+-----+-----------+
    |                 Name                 | LUT| Input Size| Bits| Total Bits|
    +--------------------------------------+----+-----------+-----+-----------+
    |ap_NS_fsm                             |  31|          6|    1|          6|
    |ap_done_int                           |   9|          2|    1|          2|
    |ap_enable_reg_pp0_iter0               |   9|          2|    1|          2|
    |ap_enable_reg_pp0_iter0_reg           |   9|          2|    1|          2|
    |ap_enable_reg_pp0_iter1               |   9|          2|    1|          2|
    |ap_sig_allocacmp_indvar_flatten_load  |   9|          2|    8|         16|
    |indvar_flatten_fu_462                 |   9|          2|    8|         16|
    |layer5_out_blk_n                      |   9|          2|    1|          2|
    |layer6_out_blk_n                      |   9|          2|    1|          2|
    |layer6_out_write                      |   9|          2|    1|          2|
    |real_start                            |   9|          2|    1|          2|
    +--------------------------------------+----+-----------+-----+-----------+
    |Total                                 | 121|         26|   25|         54|
    +--------------------------------------+----+-----------+-----+-----------+

    * Register: 
    +------------------------------------------------------------------------------------------------+---+----+-----+-----------+
    |                                              Name                                              | FF| LUT| Bits| Const Bits|
    +------------------------------------------------------------------------------------------------+---+----+-----+-----------+
    |add_ln79_reg_1059                                                                               |  8|   0|    8|          0|
    |ap_CS_fsm                                                                                       |  5|   0|    5|          0|
    |ap_done_reg                                                                                     |  1|   0|    1|          0|
    |ap_enable_reg_pp0_iter0_reg                                                                     |  1|   0|    1|          0|
    |ap_enable_reg_pp0_iter1                                                                         |  1|   0|    1|          0|
    |grp_compute_output_buffer_2d_array_array_ap_fixed_16_6_5_3_0_16u_config6_s_fu_472_ap_start_reg  |  1|   0|    1|          0|
    |icmp_ln79_reg_1055                                                                              |  1|   0|    1|          0|
    |indvar_flatten_fu_462                                                                           |  8|   0|    8|          0|
    |start_once_reg                                                                                  |  1|   0|    1|          0|
    +------------------------------------------------------------------------------------------------+---+----+-----+-----------+
    |Total                                                                                           | 27|   0|   27|          0|
    +------------------------------------------------------------------------------------------------+---+----+-----+-----------+



================================================================
== Interface
================================================================
* Summary: 
+---------------------------+-----+-----+------------+-------------------------------------------------------------------------+--------------+
|         RTL Ports         | Dir | Bits|  Protocol  |                              Source Object                              |    C Type    |
+---------------------------+-----+-----+------------+-------------------------------------------------------------------------+--------------+
|ap_clk                     |   in|    1|  ap_ctrl_hs|  conv_2d_cl<array<ap_fixed,16u>,array<ap_fixed<16,6,5,3,0>,16u>,config6>|  return value|
|ap_rst                     |   in|    1|  ap_ctrl_hs|  conv_2d_cl<array<ap_fixed,16u>,array<ap_fixed<16,6,5,3,0>,16u>,config6>|  return value|
|ap_start                   |   in|    1|  ap_ctrl_hs|  conv_2d_cl<array<ap_fixed,16u>,array<ap_fixed<16,6,5,3,0>,16u>,config6>|  return value|
|start_full_n               |   in|    1|  ap_ctrl_hs|  conv_2d_cl<array<ap_fixed,16u>,array<ap_fixed<16,6,5,3,0>,16u>,config6>|  return value|
|ap_done                    |  out|    1|  ap_ctrl_hs|  conv_2d_cl<array<ap_fixed,16u>,array<ap_fixed<16,6,5,3,0>,16u>,config6>|  return value|
|ap_continue                |   in|    1|  ap_ctrl_hs|  conv_2d_cl<array<ap_fixed,16u>,array<ap_fixed<16,6,5,3,0>,16u>,config6>|  return value|
|ap_idle                    |  out|    1|  ap_ctrl_hs|  conv_2d_cl<array<ap_fixed,16u>,array<ap_fixed<16,6,5,3,0>,16u>,config6>|  return value|
|ap_ready                   |  out|    1|  ap_ctrl_hs|  conv_2d_cl<array<ap_fixed,16u>,array<ap_fixed<16,6,5,3,0>,16u>,config6>|  return value|
|start_out                  |  out|    1|  ap_ctrl_hs|  conv_2d_cl<array<ap_fixed,16u>,array<ap_fixed<16,6,5,3,0>,16u>,config6>|  return value|
|start_write                |  out|    1|  ap_ctrl_hs|  conv_2d_cl<array<ap_fixed,16u>,array<ap_fixed<16,6,5,3,0>,16u>,config6>|  return value|
|layer5_out_dout            |   in|  256|     ap_fifo|                                                               layer5_out|       pointer|
|layer5_out_num_data_valid  |   in|    9|     ap_fifo|                                                               layer5_out|       pointer|
|layer5_out_fifo_cap        |   in|    9|     ap_fifo|                                                               layer5_out|       pointer|
|layer5_out_empty_n         |   in|    1|     ap_fifo|                                                               layer5_out|       pointer|
|layer5_out_read            |  out|    1|     ap_fifo|                                                               layer5_out|       pointer|
|layer6_out_din             |  out|  256|     ap_fifo|                                                               layer6_out|       pointer|
|layer6_out_num_data_valid  |   in|    9|     ap_fifo|                                                               layer6_out|       pointer|
|layer6_out_fifo_cap        |   in|    9|     ap_fifo|                                                               layer6_out|       pointer|
|layer6_out_full_n          |   in|    1|     ap_fifo|                                                               layer6_out|       pointer|
|layer6_out_write           |  out|    1|     ap_fifo|                                                               layer6_out|       pointer|
+---------------------------+-----+-----+------------+-------------------------------------------------------------------------+--------------+

