

================================================================
== Vitis HLS Report for 'myproject'
================================================================
* Date:           Wed Jun 19 16:32:03 2024

* Version:        2022.2 (Build 3670227 on Oct 13 2022)
* Project:        kernel_wrapper
* Solution:       solution (Vitis Kernel Flow Target)
* Product family: virtexuplus
* Target device:  xcu55c-fsvh2892-2L-e


================================================================
== Performance Estimates
================================================================
+ Timing: 
    * Summary: 
    +--------+---------+----------+------------+
    |  Clock |  Target | Estimated| Uncertainty|
    +--------+---------+----------+------------+
    |ap_clk  |  5.00 ns|  4.372 ns|     0.62 ns|
    +--------+---------+----------+------------+

+ Latency: 
    * Summary: 
    +---------+---------+-----------+-----------+-----+-----+---------+
    |  Latency (cycles) |   Latency (absolute)  |  Interval | Pipeline|
    |   min   |   max   |    min    |    max    | min | max |   Type  |
    +---------+---------+-----------+-----------+-----+-----+---------+
    |       17|       17|  85.000 ns|  85.000 ns|    2|    2|      yes|
    +---------+---------+-----------+-----------+-----+-----+---------+

    + Detail: 
        * Instance: 
        +-----------------------------------------------------------------------------------+------------------------------------------------------------------+---------+---------+-----------+-----------+-----+-----+---------+
        |                                                                                   |                                                                  |  Latency (cycles) |   Latency (absolute)  |  Interval | Pipeline|
        |                                      Instance                                     |                              Module                              |   min   |   max   |    min    |    max    | min | max |   Type  |
        +-----------------------------------------------------------------------------------+------------------------------------------------------------------+---------+---------+-----------+-----------+-----+-----+---------+
        |grp_dense_latency_ap_fixed_16_6_5_3_0_ap_fixed_16_6_5_3_0_config2_s_fu_130         |dense_latency_ap_fixed_16_6_5_3_0_ap_fixed_16_6_5_3_0_config2_s   |        1|        1|   5.000 ns|   5.000 ns|    1|    1|      yes|
        |call_ret2_i_i_relu_ap_fixed_16_6_5_3_0_ap_fixed_16_6_5_3_0_relu_config4_s_fu_135   |relu_ap_fixed_16_6_5_3_0_ap_fixed_16_6_5_3_0_relu_config4_s       |        0|        0|       0 ns|       0 ns|    1|    1|      yes|
        |grp_dense_latency_ap_fixed_16_6_5_3_0_ap_fixed_16_6_5_3_0_config5_s_fu_203         |dense_latency_ap_fixed_16_6_5_3_0_ap_fixed_16_6_5_3_0_config5_s   |        1|        1|   5.000 ns|   5.000 ns|    1|    1|      yes|
        |call_ret4_i_i_relu_ap_fixed_16_6_5_3_0_ap_fixed_16_6_5_3_0_relu_config7_s_fu_271   |relu_ap_fixed_16_6_5_3_0_ap_fixed_16_6_5_3_0_relu_config7_s       |        0|        0|       0 ns|       0 ns|    1|    1|      yes|
        |grp_dense_latency_ap_fixed_16_6_5_3_0_ap_fixed_16_6_5_3_0_config8_s_fu_307         |dense_latency_ap_fixed_16_6_5_3_0_ap_fixed_16_6_5_3_0_config8_s   |        1|        1|   5.000 ns|   5.000 ns|    1|    1|      yes|
        |call_ret6_i_i_relu_ap_fixed_16_6_5_3_0_ap_fixed_16_6_5_3_0_relu_config10_s_fu_343  |relu_ap_fixed_16_6_5_3_0_ap_fixed_16_6_5_3_0_relu_config10_s      |        0|        0|       0 ns|       0 ns|    1|    1|      yes|
        |grp_dense_latency_ap_fixed_16_6_5_3_0_ap_fixed_16_6_5_3_0_config11_s_fu_379        |dense_latency_ap_fixed_16_6_5_3_0_ap_fixed_16_6_5_3_0_config11_s  |        1|        1|   5.000 ns|   5.000 ns|    1|    1|      yes|
        |grp_softmax_stable_ap_fixed_ap_fixed_16_6_5_3_0_softmax_config13_s_fu_415          |softmax_stable_ap_fixed_ap_fixed_16_6_5_3_0_softmax_config13_s    |        6|        6|  30.000 ns|  30.000 ns|    1|    1|      yes|
        +-----------------------------------------------------------------------------------+------------------------------------------------------------------+---------+---------+-----------+-----------+-----+-----+---------+

        * Loop: 
        N/A



================================================================
== Utilization Estimates
================================================================
* Summary: 
+---------------------+---------+------+---------+---------+-----+
|         Name        | BRAM_18K|  DSP |    FF   |   LUT   | URAM|
+---------------------+---------+------+---------+---------+-----+
|DSP                  |        -|     -|        -|        -|    -|
|Expression           |        -|     -|        0|        4|    -|
|FIFO                 |        -|     -|        -|        -|    -|
|Instance             |        8|  1087|     7649|    88060|    -|
|Memory               |        -|     -|        -|        -|    -|
|Multiplexer          |        -|     -|        -|       32|    -|
|Register             |        -|     -|     2487|       32|    -|
+---------------------+---------+------+---------+---------+-----+
|Total                |        8|  1087|    10136|    88128|    0|
+---------------------+---------+------+---------+---------+-----+
|Available SLR        |     1344|  3008|   869120|   434560|  320|
+---------------------+---------+------+---------+---------+-----+
|Utilization SLR (%)  |       ~0|    36|        1|       20|    0|
+---------------------+---------+------+---------+---------+-----+
|Available            |     4032|  9024|  2607360|  1303680|  960|
+---------------------+---------+------+---------+---------+-----+
|Utilization (%)      |       ~0|    12|       ~0|        6|    0|
+---------------------+---------+------+---------+---------+-----+

+ Detail: 
    * Instance: 
    +-----------------------------------------------------------------------------------+------------------------------------------------------------------+---------+-----+------+-------+-----+
    |                                      Instance                                     |                              Module                              | BRAM_18K| DSP |  FF  |  LUT  | URAM|
    +-----------------------------------------------------------------------------------+------------------------------------------------------------------+---------+-----+------+-------+-----+
    |grp_dense_latency_ap_fixed_16_6_5_3_0_ap_fixed_16_6_5_3_0_config11_s_fu_379        |dense_latency_ap_fixed_16_6_5_3_0_ap_fixed_16_6_5_3_0_config11_s  |        0|   71|   318|   3819|    0|
    |grp_dense_latency_ap_fixed_16_6_5_3_0_ap_fixed_16_6_5_3_0_config2_s_fu_130         |dense_latency_ap_fixed_16_6_5_3_0_ap_fixed_16_6_5_3_0_config2_s   |        0|  397|  2494|  24745|    0|
    |grp_dense_latency_ap_fixed_16_6_5_3_0_ap_fixed_16_6_5_3_0_config5_s_fu_203         |dense_latency_ap_fixed_16_6_5_3_0_ap_fixed_16_6_5_3_0_config5_s   |        0|  409|  3132|  38023|    0|
    |grp_dense_latency_ap_fixed_16_6_5_3_0_ap_fixed_16_6_5_3_0_config8_s_fu_307         |dense_latency_ap_fixed_16_6_5_3_0_ap_fixed_16_6_5_3_0_config8_s   |        0|  205|  1558|  17436|    0|
    |call_ret6_i_i_relu_ap_fixed_16_6_5_3_0_ap_fixed_16_6_5_3_0_relu_config10_s_fu_343  |relu_ap_fixed_16_6_5_3_0_ap_fixed_16_6_5_3_0_relu_config10_s      |        0|    0|     0|    896|    0|
    |call_ret2_i_i_relu_ap_fixed_16_6_5_3_0_ap_fixed_16_6_5_3_0_relu_config4_s_fu_135   |relu_ap_fixed_16_6_5_3_0_ap_fixed_16_6_5_3_0_relu_config4_s       |        0|    0|     0|   1792|    0|
    |call_ret4_i_i_relu_ap_fixed_16_6_5_3_0_ap_fixed_16_6_5_3_0_relu_config7_s_fu_271   |relu_ap_fixed_16_6_5_3_0_ap_fixed_16_6_5_3_0_relu_config7_s       |        0|    0|     0|    896|    0|
    |grp_softmax_stable_ap_fixed_ap_fixed_16_6_5_3_0_softmax_config13_s_fu_415          |softmax_stable_ap_fixed_ap_fixed_16_6_5_3_0_softmax_config13_s    |        8|    5|   147|    453|    0|
    +-----------------------------------------------------------------------------------+------------------------------------------------------------------+---------+-----+------+-------+-----+
    |Total                                                                              |                                                                  |        8| 1087|  7649|  88060|    0|
    +-----------------------------------------------------------------------------------+------------------------------------------------------------------+---------+-----+------+-------+-----+

    * DSP: 
    N/A

    * Memory: 
    N/A

    * FIFO: 
    N/A

    * Expression: 
    +---------------------------+----------+----+---+----+------------+------------+
    |       Variable Name       | Operation| DSP| FF| LUT| Bitwidth P0| Bitwidth P1|
    +---------------------------+----------+----+---+----+------------+------------+
    |ap_block_pp0_stage0_11001  |        or|   0|  0|   2|           1|           1|
    |ap_enable_pp0              |       xor|   0|  0|   2|           1|           2|
    +---------------------------+----------+----+---+----+------------+------------+
    |Total                      |          |   0|  0|   4|           2|           3|
    +---------------------------+----------+----+---+----+------------+------------+

    * Multiplexer: 
    +-------------------------+----+-----------+-----+-----------+
    |           Name          | LUT| Input Size| Bits| Total Bits|
    +-------------------------+----+-----------+-----+-----------+
    |ap_NS_fsm                |  14|          3|    1|          3|
    |ap_done                  |   9|          2|    1|          2|
    |ap_enable_reg_pp0_iter0  |   9|          2|    1|          2|
    +-------------------------+----+-----------+-----+-----------+
    |Total                    |  32|          7|    3|          7|
    +-------------------------+----+-----------+-----+-----------+

    * Register: 
    +----------------------------------------------------------------------------------------+-----+----+-----+-----------+
    |                                          Name                                          |  FF | LUT| Bits| Const Bits|
    +----------------------------------------------------------------------------------------+-----+----+-----+-----------+
    |ap_CS_fsm                                                                               |    2|   0|    2|          0|
    |ap_done_reg                                                                             |    1|   0|    1|          0|
    |ap_enable_reg_pp0_iter0_reg                                                             |    1|   0|    1|          0|
    |ap_enable_reg_pp0_iter1                                                                 |    1|   0|    1|          0|
    |ap_enable_reg_pp0_iter2                                                                 |    1|   0|    1|          0|
    |ap_enable_reg_pp0_iter3                                                                 |    1|   0|    1|          0|
    |ap_enable_reg_pp0_iter4                                                                 |    1|   0|    1|          0|
    |ap_enable_reg_pp0_iter5                                                                 |    1|   0|    1|          0|
    |ap_enable_reg_pp0_iter6                                                                 |    1|   0|    1|          0|
    |ap_enable_reg_pp0_iter7                                                                 |    1|   0|    1|          0|
    |ap_enable_reg_pp0_iter8                                                                 |    1|   0|    1|          0|
    |grp_softmax_stable_ap_fixed_ap_fixed_16_6_5_3_0_softmax_config13_s_fu_415_ap_start_reg  |    1|   0|    1|          0|
    |i_read_reg_1629                                                                         |   13|   0|   13|          0|
    |in_buf_load_reg_1648                                                                    |  256|   0|  256|          0|
    |layer10_out_V_10_reg_2183                                                               |   16|   0|   16|          0|
    |layer10_out_V_11_reg_2188                                                               |   16|   0|   16|          0|
    |layer10_out_V_12_reg_2193                                                               |   16|   0|   16|          0|
    |layer10_out_V_13_reg_2198                                                               |   16|   0|   16|          0|
    |layer10_out_V_14_reg_2203                                                               |   16|   0|   16|          0|
    |layer10_out_V_15_reg_2208                                                               |   16|   0|   16|          0|
    |layer10_out_V_16_reg_2213                                                               |   16|   0|   16|          0|
    |layer10_out_V_17_reg_2218                                                               |   16|   0|   16|          0|
    |layer10_out_V_18_reg_2223                                                               |   16|   0|   16|          0|
    |layer10_out_V_19_reg_2228                                                               |   16|   0|   16|          0|
    |layer10_out_V_1_reg_2138                                                                |   16|   0|   16|          0|
    |layer10_out_V_20_reg_2233                                                               |   16|   0|   16|          0|
    |layer10_out_V_21_reg_2238                                                               |   16|   0|   16|          0|
    |layer10_out_V_22_reg_2243                                                               |   16|   0|   16|          0|
    |layer10_out_V_23_reg_2248                                                               |   16|   0|   16|          0|
    |layer10_out_V_24_reg_2253                                                               |   16|   0|   16|          0|
    |layer10_out_V_25_reg_2258                                                               |   16|   0|   16|          0|
    |layer10_out_V_26_reg_2263                                                               |   16|   0|   16|          0|
    |layer10_out_V_27_reg_2268                                                               |   16|   0|   16|          0|
    |layer10_out_V_28_reg_2273                                                               |   16|   0|   16|          0|
    |layer10_out_V_29_reg_2278                                                               |   16|   0|   16|          0|
    |layer10_out_V_2_reg_2143                                                                |   16|   0|   16|          0|
    |layer10_out_V_30_reg_2283                                                               |   16|   0|   16|          0|
    |layer10_out_V_31_reg_2288                                                               |   16|   0|   16|          0|
    |layer10_out_V_3_reg_2148                                                                |   16|   0|   16|          0|
    |layer10_out_V_4_reg_2153                                                                |   16|   0|   16|          0|
    |layer10_out_V_5_reg_2158                                                                |   16|   0|   16|          0|
    |layer10_out_V_6_reg_2163                                                                |   16|   0|   16|          0|
    |layer10_out_V_7_reg_2168                                                                |   16|   0|   16|          0|
    |layer10_out_V_8_reg_2173                                                                |   16|   0|   16|          0|
    |layer10_out_V_9_reg_2178                                                                |   16|   0|   16|          0|
    |layer10_out_V_reg_2133                                                                  |   16|   0|   16|          0|
    |layer11_out_V_1_reg_2298                                                                |   16|   0|   16|          0|
    |layer11_out_V_2_reg_2303                                                                |   16|   0|   16|          0|
    |layer11_out_V_3_reg_2308                                                                |   16|   0|   16|          0|
    |layer11_out_V_4_reg_2313                                                                |   16|   0|   16|          0|
    |layer11_out_V_reg_2293                                                                  |   16|   0|   16|          0|
    |layer4_out_V_10_reg_1703                                                                |   16|   0|   16|          0|
    |layer4_out_V_11_reg_1708                                                                |   16|   0|   16|          0|
    |layer4_out_V_12_reg_1713                                                                |   16|   0|   16|          0|
    |layer4_out_V_13_reg_1718                                                                |   16|   0|   16|          0|
    |layer4_out_V_14_reg_1723                                                                |   16|   0|   16|          0|
    |layer4_out_V_15_reg_1728                                                                |   16|   0|   16|          0|
    |layer4_out_V_16_reg_1733                                                                |   16|   0|   16|          0|
    |layer4_out_V_17_reg_1738                                                                |   16|   0|   16|          0|
    |layer4_out_V_18_reg_1743                                                                |   16|   0|   16|          0|
    |layer4_out_V_19_reg_1748                                                                |   16|   0|   16|          0|
    |layer4_out_V_1_reg_1658                                                                 |   16|   0|   16|          0|
    |layer4_out_V_20_reg_1753                                                                |   16|   0|   16|          0|
    |layer4_out_V_21_reg_1758                                                                |   16|   0|   16|          0|
    |layer4_out_V_22_reg_1763                                                                |   16|   0|   16|          0|
    |layer4_out_V_23_reg_1768                                                                |   16|   0|   16|          0|
    |layer4_out_V_24_reg_1773                                                                |   16|   0|   16|          0|
    |layer4_out_V_25_reg_1778                                                                |   16|   0|   16|          0|
    |layer4_out_V_26_reg_1783                                                                |   16|   0|   16|          0|
    |layer4_out_V_27_reg_1788                                                                |   16|   0|   16|          0|
    |layer4_out_V_28_reg_1793                                                                |   16|   0|   16|          0|
    |layer4_out_V_29_reg_1798                                                                |   16|   0|   16|          0|
    |layer4_out_V_2_reg_1663                                                                 |   16|   0|   16|          0|
    |layer4_out_V_30_reg_1803                                                                |   16|   0|   16|          0|
    |layer4_out_V_31_reg_1808                                                                |   16|   0|   16|          0|
    |layer4_out_V_32_reg_1813                                                                |   16|   0|   16|          0|
    |layer4_out_V_33_reg_1818                                                                |   16|   0|   16|          0|
    |layer4_out_V_34_reg_1823                                                                |   16|   0|   16|          0|
    |layer4_out_V_35_reg_1828                                                                |   16|   0|   16|          0|
    |layer4_out_V_36_reg_1833                                                                |   16|   0|   16|          0|
    |layer4_out_V_37_reg_1838                                                                |   16|   0|   16|          0|
    |layer4_out_V_38_reg_1843                                                                |   16|   0|   16|          0|
    |layer4_out_V_39_reg_1848                                                                |   16|   0|   16|          0|
    |layer4_out_V_3_reg_1668                                                                 |   16|   0|   16|          0|
    |layer4_out_V_40_reg_1853                                                                |   16|   0|   16|          0|
    |layer4_out_V_41_reg_1858                                                                |   16|   0|   16|          0|
    |layer4_out_V_42_reg_1863                                                                |   16|   0|   16|          0|
    |layer4_out_V_43_reg_1868                                                                |   16|   0|   16|          0|
    |layer4_out_V_44_reg_1873                                                                |   16|   0|   16|          0|
    |layer4_out_V_45_reg_1878                                                                |   16|   0|   16|          0|
    |layer4_out_V_46_reg_1883                                                                |   16|   0|   16|          0|
    |layer4_out_V_47_reg_1888                                                                |   16|   0|   16|          0|
    |layer4_out_V_48_reg_1893                                                                |   16|   0|   16|          0|
    |layer4_out_V_49_reg_1898                                                                |   16|   0|   16|          0|
    |layer4_out_V_4_reg_1673                                                                 |   16|   0|   16|          0|
    |layer4_out_V_50_reg_1903                                                                |   16|   0|   16|          0|
    |layer4_out_V_51_reg_1908                                                                |   16|   0|   16|          0|
    |layer4_out_V_52_reg_1913                                                                |   16|   0|   16|          0|
    |layer4_out_V_53_reg_1918                                                                |   16|   0|   16|          0|
    |layer4_out_V_54_reg_1923                                                                |   16|   0|   16|          0|
    |layer4_out_V_55_reg_1928                                                                |   16|   0|   16|          0|
    |layer4_out_V_56_reg_1933                                                                |   16|   0|   16|          0|
    |layer4_out_V_57_reg_1938                                                                |   16|   0|   16|          0|
    |layer4_out_V_58_reg_1943                                                                |   16|   0|   16|          0|
    |layer4_out_V_59_reg_1948                                                                |   16|   0|   16|          0|
    |layer4_out_V_5_reg_1678                                                                 |   16|   0|   16|          0|
    |layer4_out_V_60_reg_1953                                                                |   16|   0|   16|          0|
    |layer4_out_V_61_reg_1958                                                                |   16|   0|   16|          0|
    |layer4_out_V_62_reg_1963                                                                |   16|   0|   16|          0|
    |layer4_out_V_63_reg_1968                                                                |   16|   0|   16|          0|
    |layer4_out_V_6_reg_1683                                                                 |   16|   0|   16|          0|
    |layer4_out_V_7_reg_1688                                                                 |   16|   0|   16|          0|
    |layer4_out_V_8_reg_1693                                                                 |   16|   0|   16|          0|
    |layer4_out_V_9_reg_1698                                                                 |   16|   0|   16|          0|
    |layer4_out_V_reg_1653                                                                   |   16|   0|   16|          0|
    |layer7_out_V_10_reg_2023                                                                |   16|   0|   16|          0|
    |layer7_out_V_11_reg_2028                                                                |   16|   0|   16|          0|
    |layer7_out_V_12_reg_2033                                                                |   16|   0|   16|          0|
    |layer7_out_V_13_reg_2038                                                                |   16|   0|   16|          0|
    |layer7_out_V_14_reg_2043                                                                |   16|   0|   16|          0|
    |layer7_out_V_15_reg_2048                                                                |   16|   0|   16|          0|
    |layer7_out_V_16_reg_2053                                                                |   16|   0|   16|          0|
    |layer7_out_V_17_reg_2058                                                                |   16|   0|   16|          0|
    |layer7_out_V_18_reg_2063                                                                |   16|   0|   16|          0|
    |layer7_out_V_19_reg_2068                                                                |   16|   0|   16|          0|
    |layer7_out_V_1_reg_1978                                                                 |   16|   0|   16|          0|
    |layer7_out_V_20_reg_2073                                                                |   16|   0|   16|          0|
    |layer7_out_V_21_reg_2078                                                                |   16|   0|   16|          0|
    |layer7_out_V_22_reg_2083                                                                |   16|   0|   16|          0|
    |layer7_out_V_23_reg_2088                                                                |   16|   0|   16|          0|
    |layer7_out_V_24_reg_2093                                                                |   16|   0|   16|          0|
    |layer7_out_V_25_reg_2098                                                                |   16|   0|   16|          0|
    |layer7_out_V_26_reg_2103                                                                |   16|   0|   16|          0|
    |layer7_out_V_27_reg_2108                                                                |   16|   0|   16|          0|
    |layer7_out_V_28_reg_2113                                                                |   16|   0|   16|          0|
    |layer7_out_V_29_reg_2118                                                                |   16|   0|   16|          0|
    |layer7_out_V_2_reg_1983                                                                 |   16|   0|   16|          0|
    |layer7_out_V_30_reg_2123                                                                |   16|   0|   16|          0|
    |layer7_out_V_31_reg_2128                                                                |   16|   0|   16|          0|
    |layer7_out_V_3_reg_1988                                                                 |   16|   0|   16|          0|
    |layer7_out_V_4_reg_1993                                                                 |   16|   0|   16|          0|
    |layer7_out_V_5_reg_1998                                                                 |   16|   0|   16|          0|
    |layer7_out_V_6_reg_2003                                                                 |   16|   0|   16|          0|
    |layer7_out_V_7_reg_2008                                                                 |   16|   0|   16|          0|
    |layer7_out_V_8_reg_2013                                                                 |   16|   0|   16|          0|
    |layer7_out_V_9_reg_2018                                                                 |   16|   0|   16|          0|
    |layer7_out_V_reg_1973                                                                   |   16|   0|   16|          0|
    |zext_ln386_reg_1634                                                                     |   13|   0|   64|         51|
    |zext_ln386_reg_1634                                                                     |   64|  32|   64|         51|
    +----------------------------------------------------------------------------------------+-----+----+-----+-----------+
    |Total                                                                                   | 2487|  32| 2538|        102|
    +----------------------------------------------------------------------------------------+-----+----+-----+-----------+



================================================================
== Interface
================================================================
* Summary: 
+--------------------+-----+-----+------------+--------------+--------------+
|      RTL Ports     | Dir | Bits|  Protocol  | Source Object|    C Type    |
+--------------------+-----+-----+------------+--------------+--------------+
|ap_continue         |   in|    1|  ap_ctrl_hs|     myproject|  return value|
|ap_clk              |   in|    1|  ap_ctrl_hs|     myproject|  return value|
|ap_rst              |   in|    1|  ap_ctrl_hs|     myproject|  return value|
|ap_start            |   in|    1|  ap_ctrl_hs|     myproject|  return value|
|ap_done             |  out|    1|  ap_ctrl_hs|     myproject|  return value|
|ap_idle             |  out|    1|  ap_ctrl_hs|     myproject|  return value|
|ap_ready            |  out|    1|  ap_ctrl_hs|     myproject|  return value|
|in_buf_address0     |  out|   13|   ap_memory|        in_buf|         array|
|in_buf_ce0          |  out|    1|   ap_memory|        in_buf|         array|
|in_buf_q0           |   in|  256|   ap_memory|        in_buf|         array|
|i                   |   in|   13|     ap_none|             i|        scalar|
|out_buf_0_address0  |  out|   13|   ap_memory|     out_buf_0|         array|
|out_buf_0_ce0       |  out|    1|   ap_memory|     out_buf_0|         array|
|out_buf_0_we0       |  out|    1|   ap_memory|     out_buf_0|         array|
|out_buf_0_d0        |  out|   16|   ap_memory|     out_buf_0|         array|
|out_buf_1_address0  |  out|   13|   ap_memory|     out_buf_1|         array|
|out_buf_1_ce0       |  out|    1|   ap_memory|     out_buf_1|         array|
|out_buf_1_we0       |  out|    1|   ap_memory|     out_buf_1|         array|
|out_buf_1_d0        |  out|   16|   ap_memory|     out_buf_1|         array|
|out_buf_2_address0  |  out|   13|   ap_memory|     out_buf_2|         array|
|out_buf_2_ce0       |  out|    1|   ap_memory|     out_buf_2|         array|
|out_buf_2_we0       |  out|    1|   ap_memory|     out_buf_2|         array|
|out_buf_2_d0        |  out|   16|   ap_memory|     out_buf_2|         array|
|out_buf_3_address0  |  out|   13|   ap_memory|     out_buf_3|         array|
|out_buf_3_ce0       |  out|    1|   ap_memory|     out_buf_3|         array|
|out_buf_3_we0       |  out|    1|   ap_memory|     out_buf_3|         array|
|out_buf_3_d0        |  out|   16|   ap_memory|     out_buf_3|         array|
|out_buf_4_address0  |  out|   13|   ap_memory|     out_buf_4|         array|
|out_buf_4_ce0       |  out|    1|   ap_memory|     out_buf_4|         array|
|out_buf_4_we0       |  out|    1|   ap_memory|     out_buf_4|         array|
|out_buf_4_d0        |  out|   16|   ap_memory|     out_buf_4|         array|
+--------------------+-----+-----+------------+--------------+--------------+

