INFO: [v++ 60-1306] Additional information associated with this v++ link can be found at:
	Reports: /home/ayvol/vitis-accel-hw-quant/vitis_accel_prj/build_hw_rel/xclbin/reports/link
	Log files: /home/ayvol/vitis-accel-hw-quant/vitis_accel_prj/build_hw_rel/xclbin/link
INFO: [v++ 60-1548] Creating build summary session with primary output /home/ayvol/vitis-accel-hw-quant/vitis_accel_prj/build_hw_rel/kernel_wrapper.xclbin.link_summary, at Fri Jun 28 03:01:59 2024
INFO: [v++ 60-1315] Creating rulecheck session with output '/home/ayvol/vitis-accel-hw-quant/vitis_accel_prj/build_hw_rel/xclbin/reports/link/v++_link_kernel_wrapper_guidance.html', at Fri Jun 28 03:01:59 2024
INFO: [v++ 60-895]   Target platform: /opt/xilinx/platforms/xilinx_u55c_gen3x16_xdma_3_202210_1/xilinx_u55c_gen3x16_xdma_3_202210_1.xpfm
INFO: [v++ 60-1578]   This platform contains Xilinx Shell Archive '/opt/xilinx/platforms/xilinx_u55c_gen3x16_xdma_3_202210_1/hw/hw.xsa'
INFO: [v++ 74-78] Compiler Version string: 2022.2
INFO: [v++ 60-629] Linking for hardware target
INFO: [v++ 60-423]   Target device: xilinx_u55c_gen3x16_xdma_3_202210_1
INFO: [v++ 60-1332] Run 'run_link' status: Not started
INFO: [v++ 60-1443] [03:02:03] Run run_link: Step system_link: Started
INFO: [v++ 60-1453] Command Line: system_link --xo /home/ayvol/vitis-accel-hw-quant/vitis_accel_prj/build_hw_rel/myproject_kernel.xo -keep --config /home/ayvol/vitis-accel-hw-quant/vitis_accel_prj/build_hw_rel/xclbin/link/int/syslinkConfig.ini --xpfm /opt/xilinx/platforms/xilinx_u55c_gen3x16_xdma_3_202210_1/xilinx_u55c_gen3x16_xdma_3_202210_1.xpfm --target hw --output_dir /home/ayvol/vitis-accel-hw-quant/vitis_accel_prj/build_hw_rel/xclbin/link/int --temp_dir /home/ayvol/vitis-accel-hw-quant/vitis_accel_prj/build_hw_rel/xclbin/link/sys_link
INFO: [v++ 60-1454] Run Directory: /home/ayvol/vitis-accel-hw-quant/vitis_accel_prj/build_hw_rel/xclbin/link/run_link
INFO: [SYSTEM_LINK 82-70] Extracting xo v3 file /home/ayvol/vitis-accel-hw-quant/vitis_accel_prj/build_hw_rel/myproject_kernel.xo
INFO: [SYSTEM_LINK 82-53] Creating IP database /home/ayvol/vitis-accel-hw-quant/vitis_accel_prj/build_hw_rel/xclbin/link/sys_link/_sysl/.cdb/xd_ip_db.xml
INFO: [SYSTEM_LINK 82-38] [03:02:12] build_xd_ip_db started: /tools/Xilinx/Vitis/2022.2/bin/build_xd_ip_db -ip_search 0  -sds-pf /home/ayvol/vitis-accel-hw-quant/vitis_accel_prj/build_hw_rel/xclbin/link/sys_link/hw.hpfm -clkid 0 -ip /home/ayvol/vitis-accel-hw-quant/vitis_accel_prj/build_hw_rel/xclbin/link/sys_link/iprepo/xilinx_com_hls_kernel_wrapper_1_0,kernel_wrapper -o /home/ayvol/vitis-accel-hw-quant/vitis_accel_prj/build_hw_rel/xclbin/link/sys_link/_sysl/.cdb/xd_ip_db.xml
INFO: [SYSTEM_LINK 82-37] [03:02:28] build_xd_ip_db finished successfully
Time (s): cpu = 00:00:04 ; elapsed = 00:00:15 . Memory (MB): peak = 429.336 ; gain = 0.000 ; free physical = 637463 ; free virtual = 844244
INFO: [SYSTEM_LINK 82-51] Create system connectivity graph
INFO: [SYSTEM_LINK 82-102] Applying explicit connections to the system connectivity graph: /home/ayvol/vitis-accel-hw-quant/vitis_accel_prj/build_hw_rel/xclbin/link/sys_link/cfgraph/cfgen_cfgraph.xml
INFO: [SYSTEM_LINK 82-38] [03:02:28] cfgen started: /tools/Xilinx/Vitis/2022.2/bin/cfgen  -nk kernel_wrapper:4 -sp kernel_wrapper_1.in:HBM[0:3] -sp kernel_wrapper_1.out:HBM[4:7] -sp kernel_wrapper_2.in:HBM[8:11] -sp kernel_wrapper_2.out:HBM[12:15] -sp kernel_wrapper_3.in:HBM[16:19] -sp kernel_wrapper_3.out:HBM[20:23] -sp kernel_wrapper_4.in:HBM[24:27] -sp kernel_wrapper_4.out:HBM[28:31] -dpa_mem_offload false -dmclkid 0 -r /home/ayvol/vitis-accel-hw-quant/vitis_accel_prj/build_hw_rel/xclbin/link/sys_link/_sysl/.cdb/xd_ip_db.xml -o /home/ayvol/vitis-accel-hw-quant/vitis_accel_prj/build_hw_rel/xclbin/link/sys_link/cfgraph/cfgen_cfgraph.xml
INFO: [CFGEN 83-0] Kernel Specs: 
INFO: [CFGEN 83-0]   kernel: kernel_wrapper, num: 4  {kernel_wrapper_1 kernel_wrapper_2 kernel_wrapper_3 kernel_wrapper_4}
INFO: [CFGEN 83-0] Port Specs: 
INFO: [CFGEN 83-0]   kernel: kernel_wrapper_1, k_port: in, sptag: HBM[0:3]
INFO: [CFGEN 83-0]   kernel: kernel_wrapper_1, k_port: out, sptag: HBM[4:7]
INFO: [CFGEN 83-0]   kernel: kernel_wrapper_2, k_port: in, sptag: HBM[8:11]
INFO: [CFGEN 83-0]   kernel: kernel_wrapper_2, k_port: out, sptag: HBM[12:15]
INFO: [CFGEN 83-0]   kernel: kernel_wrapper_3, k_port: in, sptag: HBM[16:19]
INFO: [CFGEN 83-0]   kernel: kernel_wrapper_3, k_port: out, sptag: HBM[20:23]
INFO: [CFGEN 83-0]   kernel: kernel_wrapper_4, k_port: in, sptag: HBM[24:27]
INFO: [CFGEN 83-0]   kernel: kernel_wrapper_4, k_port: out, sptag: HBM[28:31]
INFO: [SYSTEM_LINK 82-37] [03:02:38] cfgen finished successfully
Time (s): cpu = 00:00:09 ; elapsed = 00:00:10 . Memory (MB): peak = 429.336 ; gain = 0.000 ; free physical = 653578 ; free virtual = 859843
INFO: [SYSTEM_LINK 82-52] Create top-level block diagram
INFO: [SYSTEM_LINK 82-38] [03:02:38] cf2bd started: /tools/Xilinx/Vitis/2022.2/bin/cf2bd  --linux --trace_buffer 1024 --input_file /home/ayvol/vitis-accel-hw-quant/vitis_accel_prj/build_hw_rel/xclbin/link/sys_link/cfgraph/cfgen_cfgraph.xml --ip_db /home/ayvol/vitis-accel-hw-quant/vitis_accel_prj/build_hw_rel/xclbin/link/sys_link/_sysl/.cdb/xd_ip_db.xml --cf_name dr --working_dir /home/ayvol/vitis-accel-hw-quant/vitis_accel_prj/build_hw_rel/xclbin/link/sys_link/_sysl/.xsd --temp_dir /home/ayvol/vitis-accel-hw-quant/vitis_accel_prj/build_hw_rel/xclbin/link/sys_link --output_dir /home/ayvol/vitis-accel-hw-quant/vitis_accel_prj/build_hw_rel/xclbin/link/int --target_bd ulp.bd
INFO: [CF2BD 82-31] Launching cf2xd: cf2xd -linux -trace-buffer 1024 -i /home/ayvol/vitis-accel-hw-quant/vitis_accel_prj/build_hw_rel/xclbin/link/sys_link/cfgraph/cfgen_cfgraph.xml -r /home/ayvol/vitis-accel-hw-quant/vitis_accel_prj/build_hw_rel/xclbin/link/sys_link/_sysl/.cdb/xd_ip_db.xml -o dr.xml
INFO: [CF2BD 82-28] cf2xd finished successfully
INFO: [CF2BD 82-31] Launching cf_xsd: cf_xsd -disable-address-gen -bd ulp.bd -dn dr -dp /home/ayvol/vitis-accel-hw-quant/vitis_accel_prj/build_hw_rel/xclbin/link/sys_link/_sysl/.xsd
INFO: [CF2BD 82-28] cf_xsd finished successfully
INFO: [SYSTEM_LINK 82-37] [03:02:48] cf2bd finished successfully
Time (s): cpu = 00:00:05 ; elapsed = 00:00:10 . Memory (MB): peak = 429.336 ; gain = 0.000 ; free physical = 664224 ; free virtual = 872945
INFO: [v++ 60-1441] [03:02:48] Run run_link: Step system_link: Completed
Time (s): cpu = 00:00:20 ; elapsed = 00:00:45 . Memory (MB): peak = 456.688 ; gain = 0.000 ; free physical = 664279 ; free virtual = 873001
INFO: [v++ 60-1443] [03:02:49] Run run_link: Step cf2sw: Started
INFO: [v++ 60-1453] Command Line: cf2sw -sdsl /home/ayvol/vitis-accel-hw-quant/vitis_accel_prj/build_hw_rel/xclbin/link/int/sdsl.dat -rtd /home/ayvol/vitis-accel-hw-quant/vitis_accel_prj/build_hw_rel/xclbin/link/int/cf2sw.rtd -nofilter /home/ayvol/vitis-accel-hw-quant/vitis_accel_prj/build_hw_rel/xclbin/link/int/cf2sw_full.rtd -xclbin /home/ayvol/vitis-accel-hw-quant/vitis_accel_prj/build_hw_rel/xclbin/link/int/xclbin_orig.xml -o /home/ayvol/vitis-accel-hw-quant/vitis_accel_prj/build_hw_rel/xclbin/link/int/xclbin_orig.1.xml
INFO: [v++ 60-1454] Run Directory: /home/ayvol/vitis-accel-hw-quant/vitis_accel_prj/build_hw_rel/xclbin/link/run_link
INFO: [v++ 60-1441] [03:02:57] Run run_link: Step cf2sw: Completed
Time (s): cpu = 00:00:07 ; elapsed = 00:00:08 . Memory (MB): peak = 456.688 ; gain = 0.000 ; free physical = 653505 ; free virtual = 864279
INFO: [v++ 60-1443] [03:02:58] Run run_link: Step rtd2_system_diagram: Started
INFO: [v++ 60-1453] Command Line: rtd2SystemDiagram
INFO: [v++ 60-1454] Run Directory: /home/ayvol/vitis-accel-hw-quant/vitis_accel_prj/build_hw_rel/xclbin/link/run_link
INFO: [v++ 60-1441] [03:02:59] Run run_link: Step rtd2_system_diagram: Completed
Time (s): cpu = 00:00:00 ; elapsed = 00:00:00.26 . Memory (MB): peak = 456.688 ; gain = 0.000 ; free physical = 653343 ; free virtual = 864298
INFO: [v++ 60-1443] [03:02:59] Run run_link: Step vpl: Started
INFO: [v++ 60-1453] Command Line: vpl -t hw -f xilinx_u55c_gen3x16_xdma_3_202210_1 -s --remote_ip_cache /home/ayvol/vitis-accel-hw-quant/vitis_accel_prj/.ipcache --output_dir /home/ayvol/vitis-accel-hw-quant/vitis_accel_prj/build_hw_rel/xclbin/link/int --log_dir /home/ayvol/vitis-accel-hw-quant/vitis_accel_prj/build_hw_rel/xclbin/link --report_dir /home/ayvol/vitis-accel-hw-quant/vitis_accel_prj/build_hw_rel/xclbin/reports/link --config /home/ayvol/vitis-accel-hw-quant/vitis_accel_prj/build_hw_rel/xclbin/link/int/vplConfig.ini -k /home/ayvol/vitis-accel-hw-quant/vitis_accel_prj/build_hw_rel/xclbin/link/int/kernel_info.dat --webtalk_flag Vitis --temp_dir /home/ayvol/vitis-accel-hw-quant/vitis_accel_prj/build_hw_rel/xclbin/link --no-info --iprepo /home/ayvol/vitis-accel-hw-quant/vitis_accel_prj/build_hw_rel/xclbin/link/int/xo/ip_repo/xilinx_com_hls_kernel_wrapper_1_0 --messageDb /home/ayvol/vitis-accel-hw-quant/vitis_accel_prj/build_hw_rel/xclbin/link/run_link/vpl.pb /home/ayvol/vitis-accel-hw-quant/vitis_accel_prj/build_hw_rel/xclbin/link/int/dr.bd.tcl
INFO: [v++ 60-1454] Run Directory: /home/ayvol/vitis-accel-hw-quant/vitis_accel_prj/build_hw_rel/xclbin/link/run_link

****** vpl v2022.2 (64-bit)
  **** SW Build 3671529 on 2022-10-13-17:52:11
    ** Copyright 1986-2022 Xilinx, Inc. All Rights Reserved.

INFO: [VPL 60-839] Read in kernel information from file '/home/ayvol/vitis-accel-hw-quant/vitis_accel_prj/build_hw_rel/xclbin/link/int/kernel_info.dat'.
INFO: [VPL 74-78] Compiler Version string: 2022.2
INFO: [VPL 60-423]   Target device: xilinx_u55c_gen3x16_xdma_3_202210_1
INFO: [VPL 60-1032] Extracting hardware platform to /home/ayvol/vitis-accel-hw-quant/vitis_accel_prj/build_hw_rel/xclbin/link/vivado/vpl/.local/hw_platform
[03:03:25] Run vpl: Step create_project: Started
Creating Vivado project.
[03:03:38] Run vpl: Step create_project: Completed
[03:03:38] Run vpl: Step create_bd: Started
[03:04:54] Run vpl: Step create_bd: RUNNING...
[03:06:09] Run vpl: Step create_bd: RUNNING...
[03:06:13] Run vpl: Step create_bd: Completed
[03:06:13] Run vpl: Step update_bd: Started
[03:06:14] Run vpl: Step update_bd: Completed
[03:06:14] Run vpl: Step generate_target: Started
[03:07:30] Run vpl: Step generate_target: RUNNING...
[03:08:45] Run vpl: Step generate_target: RUNNING...
[03:10:00] Run vpl: Step generate_target: RUNNING...
[03:11:15] Run vpl: Step generate_target: RUNNING...
[03:11:24] Run vpl: Step generate_target: Completed
[03:11:24] Run vpl: Step config_hw_runs: Started
[03:11:52] Run vpl: Step config_hw_runs: Completed
[03:11:52] Run vpl: Step synth: Started
[03:12:23] Block-level synthesis in progress, 0 of 4 jobs complete, 1 job running.
[03:12:53] Block-level synthesis in progress, 0 of 4 jobs complete, 1 job running.
[03:13:23] Block-level synthesis in progress, 0 of 4 jobs complete, 1 job running.
[03:13:54] Block-level synthesis in progress, 0 of 4 jobs complete, 1 job running.
[03:14:24] Block-level synthesis in progress, 0 of 4 jobs complete, 1 job running.
[03:14:54] Block-level synthesis in progress, 0 of 4 jobs complete, 1 job running.
[03:15:24] Block-level synthesis in progress, 0 of 4 jobs complete, 1 job running.
[03:15:54] Block-level synthesis in progress, 0 of 4 jobs complete, 1 job running.
[03:16:24] Block-level synthesis in progress, 0 of 4 jobs complete, 1 job running.
[03:16:54] Block-level synthesis in progress, 0 of 4 jobs complete, 1 job running.
[03:17:24] Block-level synthesis in progress, 0 of 4 jobs complete, 1 job running.
[03:17:54] Block-level synthesis in progress, 0 of 4 jobs complete, 1 job running.
[03:18:25] Block-level synthesis in progress, 0 of 4 jobs complete, 1 job running.
[03:18:55] Block-level synthesis in progress, 0 of 4 jobs complete, 1 job running.
[03:19:25] Block-level synthesis in progress, 0 of 4 jobs complete, 1 job running.
[03:19:55] Block-level synthesis in progress, 0 of 4 jobs complete, 1 job running.
[03:20:25] Block-level synthesis in progress, 0 of 4 jobs complete, 1 job running.
[03:20:55] Block-level synthesis in progress, 0 of 4 jobs complete, 1 job running.
[03:21:25] Block-level synthesis in progress, 0 of 4 jobs complete, 1 job running.
[03:21:55] Block-level synthesis in progress, 0 of 4 jobs complete, 1 job running.
[03:22:25] Block-level synthesis in progress, 0 of 4 jobs complete, 1 job running.
[03:22:55] Block-level synthesis in progress, 0 of 4 jobs complete, 1 job running.
[03:23:25] Block-level synthesis in progress, 0 of 4 jobs complete, 1 job running.
[03:23:56] Block-level synthesis in progress, 0 of 4 jobs complete, 1 job running.
[03:24:26] Block-level synthesis in progress, 0 of 4 jobs complete, 1 job running.
[03:24:56] Block-level synthesis in progress, 0 of 4 jobs complete, 1 job running.
[03:25:26] Block-level synthesis in progress, 0 of 4 jobs complete, 1 job running.
[03:25:56] Block-level synthesis in progress, 0 of 4 jobs complete, 1 job running.
[03:26:26] Block-level synthesis in progress, 0 of 4 jobs complete, 1 job running.
[03:26:56] Block-level synthesis in progress, 0 of 4 jobs complete, 1 job running.
[03:27:26] Block-level synthesis in progress, 0 of 4 jobs complete, 1 job running.
[03:27:56] Block-level synthesis in progress, 0 of 4 jobs complete, 1 job running.
[03:28:26] Block-level synthesis in progress, 0 of 4 jobs complete, 1 job running.
[03:28:56] Block-level synthesis in progress, 0 of 4 jobs complete, 1 job running.
[03:29:27] Block-level synthesis in progress, 0 of 4 jobs complete, 1 job running.
[03:29:57] Block-level synthesis in progress, 0 of 4 jobs complete, 1 job running.
[03:30:27] Block-level synthesis in progress, 0 of 4 jobs complete, 1 job running.
[03:30:57] Block-level synthesis in progress, 0 of 4 jobs complete, 1 job running.
[03:31:27] Block-level synthesis in progress, 1 of 4 jobs complete, 0 jobs running.
[03:31:57] Block-level synthesis in progress, 4 of 4 jobs complete, 0 jobs running.
[03:32:27] Top-level synthesis in progress.
[03:32:58] Top-level synthesis in progress.
[03:33:33] Run vpl: Step synth: Completed
[03:33:33] Run vpl: Step impl: Started
[03:52:09] Finished 2nd of 6 tasks (FPGA linking synthesized kernels to platform). Elapsed time: 00h 49m 07s 

[03:52:09] Starting logic optimization..
[03:54:40] Phase 1 Retarget
[03:55:10] Phase 2 Constant propagation
[03:55:40] Phase 3 Sweep
[03:56:10] Phase 4 BUFG optimization
[03:56:40] Phase 5 Shift Register Optimization
[03:56:40] Phase 6 Post Processing Netlist
[03:58:41] Finished 3rd of 6 tasks (FPGA logic optimization). Elapsed time: 00h 06m 32s 

[03:58:41] Starting logic placement..
[03:59:42] Phase 1 Placer Initialization
[03:59:42] Phase 1.1 Placer Initialization Netlist Sorting
[04:03:13] Phase 1.2 IO Placement/ Clock Placement/ Build Placer Device
[04:05:13] Phase 1.3 Build Placer Netlist Model
[04:09:45] Phase 1.4 Constrain Clocks/Macros
[04:10:15] Phase 2 Global Placement
[04:10:15] Phase 2.1 Floorplanning
[04:11:46] Phase 2.1.1 Partition Driven Placement
[04:11:46] Phase 2.1.1.1 PBP: Partition Driven Placement
[04:13:47] Phase 2.1.1.2 PBP: Clock Region Placement
[04:14:47] Phase 2.1.1.3 PBP: Discrete Incremental
[04:15:18] Phase 2.1.1.4 PBP: Compute Congestion
[04:15:48] Phase 2.1.1.5 PBP: Macro Placement
[04:16:18] Phase 2.1.1.6 PBP: UpdateTiming
[04:16:49] Phase 2.1.1.7 PBP: Add part constraints
[04:16:49] Phase 2.2 Physical Synthesis After Floorplan
[04:17:50] Phase 2.3 Update Timing before SLR Path Opt
[04:17:50] Phase 2.4 Post-Processing in Floorplanning
[04:17:50] Phase 2.5 Global Placement Core
[04:27:58] Phase 2.5.1 UpdateTiming Before Physical Synthesis
[04:28:28] Phase 2.5.2 Physical Synthesis In Placer
[04:33:32] Phase 3 Detail Placement
[04:34:02] Phase 3.1 Commit Multi Column Macros
[04:34:02] Phase 3.2 Commit Most Macros & LUTRAMs
[04:38:06] Phase 3.3 Small Shape DP
[04:38:06] Phase 3.3.1 Small Shape Clustering
[04:38:36] Phase 3.3.2 Flow Legalize Slice Clusters
[04:38:36] Phase 3.3.3 Slice Area Swap
[04:39:06] Phase 3.3.3.1 Slice Area Swap Initial
[04:40:38] Phase 3.4 Place Remaining
[04:40:38] Phase 3.5 Re-assign LUT pins
[04:41:08] Phase 3.6 Pipeline Register Optimization
[04:41:08] Phase 3.7 Fast Optimization
[04:43:10] Phase 4 Post Placement Optimization and Clean-Up
[04:43:10] Phase 4.1 Post Commit Optimization
[04:46:42] Phase 4.1.1 Post Placement Optimization
[04:47:13] Phase 4.1.1.1 BUFG Insertion
[04:47:13] Phase 1 Physical Synthesis Initialization
[04:48:44] Phase 4.1.1.2 BUFG Replication
[04:48:44] Phase 4.1.1.3 Post Placement Timing Optimization
[04:53:48] Phase 4.1.1.4 Replication
[04:56:20] Phase 4.2 Post Placement Cleanup
[04:56:20] Phase 4.3 Placer Reporting
[04:56:20] Phase 4.3.1 Print Estimated Congestion
[04:56:50] Phase 4.4 Final Placement Cleanup
[05:14:34] Finished 4th of 6 tasks (FPGA logic placement). Elapsed time: 01h 15m 53s 

[05:14:34] Starting logic routing..
[05:15:35] Phase 1 Build RT Design
[05:19:38] Phase 2 Router Initialization
[05:19:38] Phase 2.1 Fix Topology Constraints
[05:20:09] Phase 2.2 Pre Route Cleanup
[05:20:39] Phase 2.3 Global Clock Net Routing
[05:21:40] Phase 2.4 Update Timing
[05:26:44] Phase 2.5 Update Timing for Bus Skew
[05:26:44] Phase 2.5.1 Update Timing
[05:28:46] Phase 3 Initial Routing
[05:28:46] Phase 3.1 Global Routing
[05:31:48] Phase 4 Rip-up And Reroute
[05:31:48] Phase 4.1 Global Iteration 0
[05:47:30] Phase 4.2 Global Iteration 1
[05:53:35] Phase 4.3 Global Iteration 2
[05:57:38] Phase 4.4 Global Iteration 3
[06:02:12] Phase 4.5 Global Iteration 4
[06:05:45] Phase 4.6 Global Iteration 5
[06:09:48] Phase 5 Delay and Skew Optimization
[06:09:48] Phase 5.1 Delay CleanUp
[06:09:48] Phase 5.1.1 Update Timing
[06:11:19] Phase 5.1.2 Update Timing
[06:12:50] Phase 5.1.3 Update Timing
[06:14:52] Phase 5.2 Clock Skew Optimization
[06:15:22] Phase 6 Post Hold Fix
[06:15:22] Phase 6.1 Hold Fix Iter
[06:15:22] Phase 6.1.1 Update Timing
[06:17:54] Phase 7 Leaf Clock Prog Delay Opt
[06:20:57] Phase 7.1 Delay CleanUp
[06:20:57] Phase 7.1.1 Update Timing
[06:21:58] Phase 7.1.2 Update Timing
[06:23:59] Phase 7.1.3 Update Timing
[06:25:30] Phase 7.2 Hold Fix Iter
[06:25:30] Phase 7.2.1 Update Timing
[06:29:34] Phase 8 Route finalize
[06:30:04] Phase 9 Verifying routed nets
[06:30:34] Phase 10 Depositing Routes
[06:32:06] Phase 11 Resolve XTalk
[06:32:36] Phase 12 Post Router Timing
[06:35:08] Phase 13 Physical Synthesis in Router
[06:35:08] Phase 13.1 Physical Synthesis Initialization
[06:36:39] Phase 13.2 Critical Path Optimization
[06:38:10] Finished 5th of 6 tasks (FPGA routing). Elapsed time: 01h 23m 36s 

[06:38:10] Starting bitstream generation..
[06:56:56] Creating bitmap...
[07:10:07] Writing bitstream ./level0_i_ulp_my_rm_partial.bit...
[07:10:37] Finished 6th of 6 tasks (FPGA bitstream generation). Elapsed time: 00h 32m 26s 
Check VPL, containing 1 checks, has run: 0 errors
[07:11:21] Run vpl: Step impl: Completed
[07:11:22] Run vpl: FINISHED. Run Status: impl Complete!
INFO: [v++ 60-1441] [07:11:22] Run run_link: Step vpl: Completed
Time (s): cpu = 00:02:21 ; elapsed = 04:08:23 . Memory (MB): peak = 456.688 ; gain = 0.000 ; free physical = 649278 ; free virtual = 876920
INFO: [v++ 60-1443] [07:11:23] Run run_link: Step rtdgen: Started
INFO: [v++ 60-1453] Command Line: rtdgen
INFO: [v++ 60-1454] Run Directory: /home/ayvol/vitis-accel-hw-quant/vitis_accel_prj/build_hw_rel/xclbin/link/run_link
INFO: [v++ 60-991] clock name 'ulp_ucs/aclk_kernel_01' (clock ID '1') is being mapped to clock name 'KERNEL_CLK' in the xclbin
INFO: [v++ 60-991] clock name 'ulp_ucs/aclk_kernel_00' (clock ID '0') is being mapped to clock name 'DATA_CLK' in the xclbin
INFO: [v++ 60-991] clock name 'hbm_aclk' (clock ID '') is being mapped to clock name 'hbm_aclk' in the xclbin
INFO: [v++ 60-1230] The compiler selected the following frequencies for the runtime controllable kernel clock(s) and scalable system clock(s): System (SYSTEM) clock: hbm_aclk = 450, Kernel (KERNEL) clock: ulp_ucs/aclk_kernel_01 = 500, Kernel (DATA) clock: ulp_ucs/aclk_kernel_00 = 154
INFO: [v++ 60-1453] Command Line: cf2sw -a /home/ayvol/vitis-accel-hw-quant/vitis_accel_prj/build_hw_rel/xclbin/link/int/address_map.xml -sdsl /home/ayvol/vitis-accel-hw-quant/vitis_accel_prj/build_hw_rel/xclbin/link/int/sdsl.dat -xclbin /home/ayvol/vitis-accel-hw-quant/vitis_accel_prj/build_hw_rel/xclbin/link/int/xclbin_orig.xml -rtd /home/ayvol/vitis-accel-hw-quant/vitis_accel_prj/build_hw_rel/xclbin/link/int/kernel_wrapper.rtd -o /home/ayvol/vitis-accel-hw-quant/vitis_accel_prj/build_hw_rel/xclbin/link/int/kernel_wrapper.xml
INFO: [v++ 60-1652] Cf2sw returned exit code: 0
INFO: [v++ 60-1441] [07:11:40] Run run_link: Step rtdgen: Completed
Time (s): cpu = 00:00:06 ; elapsed = 00:00:17 . Memory (MB): peak = 456.688 ; gain = 0.000 ; free physical = 651936 ; free virtual = 879945
INFO: [v++ 60-1443] [07:11:41] Run run_link: Step xclbinutil: Started
INFO: [v++ 60-1453] Command Line: xclbinutil --add-section BITSTREAM:RAW:/home/ayvol/vitis-accel-hw-quant/vitis_accel_prj/build_hw_rel/xclbin/link/int/partial.bit --force --target hw --key-value SYS:dfx_enable:true --add-section :JSON:/home/ayvol/vitis-accel-hw-quant/vitis_accel_prj/build_hw_rel/xclbin/link/int/kernel_wrapper.rtd --append-section :JSON:/home/ayvol/vitis-accel-hw-quant/vitis_accel_prj/build_hw_rel/xclbin/link/int/appendSection.rtd --add-section CLOCK_FREQ_TOPOLOGY:JSON:/home/ayvol/vitis-accel-hw-quant/vitis_accel_prj/build_hw_rel/xclbin/link/int/kernel_wrapper_xml.rtd --add-section BUILD_METADATA:JSON:/home/ayvol/vitis-accel-hw-quant/vitis_accel_prj/build_hw_rel/xclbin/link/int/kernel_wrapper_build.rtd --add-section EMBEDDED_METADATA:RAW:/home/ayvol/vitis-accel-hw-quant/vitis_accel_prj/build_hw_rel/xclbin/link/int/kernel_wrapper.xml --add-section SYSTEM_METADATA:RAW:/home/ayvol/vitis-accel-hw-quant/vitis_accel_prj/build_hw_rel/xclbin/link/int/systemDiagramModelSlrBaseAddress.json --key-value SYS:PlatformVBNV:xilinx_u55c_gen3x16_xdma_3_202210_1 --output /home/ayvol/vitis-accel-hw-quant/vitis_accel_prj/build_hw_rel/kernel_wrapper.xclbin
INFO: [v++ 60-1454] Run Directory: /home/ayvol/vitis-accel-hw-quant/vitis_accel_prj/build_hw_rel/xclbin/link/run_link
XRT Build Version: 2.15.225 (2023.1)
       Build Date: 2023-05-03 10:13:38
          Hash ID: adf27adb3cfadc6e4c41d6db814159f1329b24f3
Creating a default 'in-memory' xclbin image.

Section: 'BITSTREAM'(0) was successfully added.
Size   : 69671570 bytes
Format : RAW
File   : '/home/ayvol/vitis-accel-hw-quant/vitis_accel_prj/build_hw_rel/xclbin/link/int/partial.bit'

Section: 'MEM_TOPOLOGY'(6) was successfully added.
Format : JSON
File   : 'mem_topology'

Section: 'IP_LAYOUT'(8) was successfully added.
Format : JSON
File   : 'ip_layout'

Section: 'CONNECTIVITY'(7) was successfully added.
Format : JSON
File   : 'connectivity'

Section: 'CLOCK_FREQ_TOPOLOGY'(11) was successfully added.
Size   : 410 bytes
Format : JSON
File   : '/home/ayvol/vitis-accel-hw-quant/vitis_accel_prj/build_hw_rel/xclbin/link/int/kernel_wrapper_xml.rtd'

Section: 'BUILD_METADATA'(14) was successfully added.
Size   : 2698 bytes
Format : JSON
File   : '/home/ayvol/vitis-accel-hw-quant/vitis_accel_prj/build_hw_rel/xclbin/link/int/kernel_wrapper_build.rtd'

Section: 'EMBEDDED_METADATA'(2) was successfully added.
Size   : 35999 bytes
Format : RAW
File   : '/home/ayvol/vitis-accel-hw-quant/vitis_accel_prj/build_hw_rel/xclbin/link/int/kernel_wrapper.xml'

Section: 'SYSTEM_METADATA'(22) was successfully added.
Size   : 59840 bytes
Format : RAW
File   : '/home/ayvol/vitis-accel-hw-quant/vitis_accel_prj/build_hw_rel/xclbin/link/int/systemDiagramModelSlrBaseAddress.json'

Section: 'PARTITION_METADATA'(20) was successfully appended to.
Format : JSON
File   : 'partition_metadata'

Section: 'IP_LAYOUT'(8) was successfully appended to.
Format : JSON
File   : 'ip_layout'
Successfully wrote (69804653 bytes) to the output file: /home/ayvol/vitis-accel-hw-quant/vitis_accel_prj/build_hw_rel/kernel_wrapper.xclbin
Leaving xclbinutil.
INFO: [v++ 60-1441] [07:11:43] Run run_link: Step xclbinutil: Completed
Time (s): cpu = 00:00:00.07 ; elapsed = 00:00:03 . Memory (MB): peak = 456.688 ; gain = 0.000 ; free physical = 651811 ; free virtual = 879945
INFO: [v++ 60-1443] [07:11:43] Run run_link: Step xclbinutilinfo: Started
INFO: [v++ 60-1453] Command Line: xclbinutil --quiet --force --info /home/ayvol/vitis-accel-hw-quant/vitis_accel_prj/build_hw_rel/kernel_wrapper.xclbin.info --input /home/ayvol/vitis-accel-hw-quant/vitis_accel_prj/build_hw_rel/kernel_wrapper.xclbin
INFO: [v++ 60-1454] Run Directory: /home/ayvol/vitis-accel-hw-quant/vitis_accel_prj/build_hw_rel/xclbin/link/run_link
INFO: [v++ 60-1441] [07:11:44] Run run_link: Step xclbinutilinfo: Completed
Time (s): cpu = 00:00:00.56 ; elapsed = 00:00:00.61 . Memory (MB): peak = 456.688 ; gain = 0.000 ; free physical = 651791 ; free virtual = 879937
INFO: [v++ 60-1443] [07:11:44] Run run_link: Step generate_sc_driver: Started
INFO: [v++ 60-1453] Command Line: 
INFO: [v++ 60-1454] Run Directory: /home/ayvol/vitis-accel-hw-quant/vitis_accel_prj/build_hw_rel/xclbin/link/run_link
INFO: [v++ 60-1441] [07:11:44] Run run_link: Step generate_sc_driver: Completed
Time (s): cpu = 00:00:00 ; elapsed = 00:00:00.01 . Memory (MB): peak = 456.688 ; gain = 0.000 ; free physical = 651791 ; free virtual = 879937
INFO: [v++ 60-244] Generating system estimate report...
INFO: [v++ 60-1092] Generated system estimate report: /home/ayvol/vitis-accel-hw-quant/vitis_accel_prj/build_hw_rel/xclbin/reports/link/system_estimate_kernel_wrapper.xtxt
INFO: [v++ 60-586] Created /home/ayvol/vitis-accel-hw-quant/vitis_accel_prj/build_hw_rel/kernel_wrapper.ltx
INFO: [v++ 60-586] Created build_hw_rel/kernel_wrapper.xclbin
INFO: [v++ 60-1307] Run completed. Additional information can be found in:
	Guidance: /home/ayvol/vitis-accel-hw-quant/vitis_accel_prj/build_hw_rel/xclbin/reports/link/v++_link_kernel_wrapper_guidance.html
	Timing Report: /home/ayvol/vitis-accel-hw-quant/vitis_accel_prj/build_hw_rel/xclbin/reports/link/imp/impl_1_hw_bb_locked_timing_summary_routed.rpt
	Vivado Log: /home/ayvol/vitis-accel-hw-quant/vitis_accel_prj/build_hw_rel/xclbin/link/vivado.log
	Steps Log File: /home/ayvol/vitis-accel-hw-quant/vitis_accel_prj/build_hw_rel/xclbin/link/link.steps.log

INFO: [v++ 60-2343] Use the vitis_analyzer tool to visualize and navigate the relevant reports. Run the following command. 
    vitis_analyzer /home/ayvol/vitis-accel-hw-quant/vitis_accel_prj/build_hw_rel/kernel_wrapper.xclbin.link_summary 
INFO: [v++ 60-791] Total elapsed time: 4h 9m 55s
INFO: [v++ 60-1653] Closing dispatch client.
