

================================================================
== Vitis HLS Report for 'normalize_array_ap_fixed_64u_array_ap_fixed_16_6_5_3_0_64u_config21_s'
================================================================
* Date:           Sun Jun  2 03:52:59 2024

* Version:        2022.2 (Build 3670227 on Oct 13 2022)
* Project:        kernel_wrapper
* Solution:       solution (Vitis Kernel Flow Target)
* Product family: virtexuplus
* Target device:  xcu55c-fsvh2892-2L-e


================================================================
== Performance Estimates
================================================================
+ Timing: 
    * Summary: 
    +--------+---------+----------+------------+
    |  Clock |  Target | Estimated| Uncertainty|
    +--------+---------+----------+------------+
    |ap_clk  |  3.33 ns|  2.061 ns|     0.90 ns|
    +--------+---------+----------+------------+

+ Latency: 
    * Summary: 
    +---------+---------+----------+----------+-----+-----+---------+
    |  Latency (cycles) |  Latency (absolute) |  Interval | Pipeline|
    |   min   |   max   |    min   |    max   | min | max |   Type  |
    +---------+---------+----------+----------+-----+-----+---------+
    |        2|        2|  6.666 ns|  6.666 ns|    2|    2|       no|
    +---------+---------+----------+----------+-----+-----+---------+

    + Detail: 
        * Instance: 
        N/A

        * Loop: 
        N/A



================================================================
== Utilization Estimates
================================================================
* Summary: 
+---------------------+---------+------+---------+---------+-----+
|         Name        | BRAM_18K|  DSP |    FF   |   LUT   | URAM|
+---------------------+---------+------+---------+---------+-----+
|DSP                  |        -|     -|        -|        -|    -|
|Expression           |        -|     -|        0|     2133|    -|
|FIFO                 |        -|     -|        -|        -|    -|
|Instance             |        -|    63|        0|      315|    -|
|Memory               |        -|     -|        -|        -|    -|
|Multiplexer          |        -|     -|        -|       56|    -|
|Register             |        -|     -|     2667|        -|    -|
+---------------------+---------+------+---------+---------+-----+
|Total                |        0|    63|     2667|     2504|    0|
+---------------------+---------+------+---------+---------+-----+
|Available SLR        |     1344|  3008|   869120|   434560|  320|
+---------------------+---------+------+---------+---------+-----+
|Utilization SLR (%)  |        0|     2|       ~0|       ~0|    0|
+---------------------+---------+------+---------+---------+-----+
|Available            |     4032|  9024|  2607360|  1303680|  960|
+---------------------+---------+------+---------+---------+-----+
|Utilization (%)      |        0|    ~0|       ~0|       ~0|    0|
+---------------------+---------+------+---------+---------+-----+

+ Detail: 
    * Instance: 
    +---------------------------+---------------------+---------+----+---+----+-----+
    |          Instance         |        Module       | BRAM_18K| DSP| FF| LUT| URAM|
    +---------------------------+---------------------+---------+----+---+----+-----+
    |mul_16s_13ns_26_1_1_U1132  |mul_16s_13ns_26_1_1  |        0|   1|  0|   5|    0|
    |mul_16s_13ns_26_1_1_U1136  |mul_16s_13ns_26_1_1  |        0|   1|  0|   5|    0|
    |mul_16s_13ns_26_1_1_U1137  |mul_16s_13ns_26_1_1  |        0|   1|  0|   5|    0|
    |mul_16s_13ns_26_1_1_U1139  |mul_16s_13ns_26_1_1  |        0|   1|  0|   5|    0|
    |mul_16s_13ns_26_1_1_U1142  |mul_16s_13ns_26_1_1  |        0|   1|  0|   5|    0|
    |mul_16s_13ns_26_1_1_U1143  |mul_16s_13ns_26_1_1  |        0|   1|  0|   5|    0|
    |mul_16s_13ns_26_1_1_U1145  |mul_16s_13ns_26_1_1  |        0|   1|  0|   5|    0|
    |mul_16s_13ns_26_1_1_U1155  |mul_16s_13ns_26_1_1  |        0|   1|  0|   5|    0|
    |mul_16s_13ns_26_1_1_U1157  |mul_16s_13ns_26_1_1  |        0|   1|  0|   5|    0|
    |mul_16s_13ns_26_1_1_U1159  |mul_16s_13ns_26_1_1  |        0|   1|  0|   5|    0|
    |mul_16s_13ns_26_1_1_U1161  |mul_16s_13ns_26_1_1  |        0|   1|  0|   5|    0|
    |mul_16s_13ns_26_1_1_U1162  |mul_16s_13ns_26_1_1  |        0|   1|  0|   5|    0|
    |mul_16s_13ns_26_1_1_U1164  |mul_16s_13ns_26_1_1  |        0|   1|  0|   5|    0|
    |mul_16s_13ns_26_1_1_U1165  |mul_16s_13ns_26_1_1  |        0|   1|  0|   5|    0|
    |mul_16s_13ns_26_1_1_U1166  |mul_16s_13ns_26_1_1  |        0|   1|  0|   5|    0|
    |mul_16s_13ns_26_1_1_U1167  |mul_16s_13ns_26_1_1  |        0|   1|  0|   5|    0|
    |mul_16s_13ns_26_1_1_U1168  |mul_16s_13ns_26_1_1  |        0|   1|  0|   5|    0|
    |mul_16s_13ns_26_1_1_U1177  |mul_16s_13ns_26_1_1  |        0|   1|  0|   5|    0|
    |mul_16s_13ns_26_1_1_U1181  |mul_16s_13ns_26_1_1  |        0|   1|  0|   5|    0|
    |mul_16s_13ns_26_1_1_U1182  |mul_16s_13ns_26_1_1  |        0|   1|  0|   5|    0|
    |mul_16s_13ns_26_1_1_U1183  |mul_16s_13ns_26_1_1  |        0|   1|  0|   5|    0|
    |mul_16s_13ns_26_1_1_U1189  |mul_16s_13ns_26_1_1  |        0|   1|  0|   5|    0|
    |mul_16s_13ns_26_1_1_U1192  |mul_16s_13ns_26_1_1  |        0|   1|  0|   5|    0|
    |mul_16s_14ns_26_1_1_U1130  |mul_16s_14ns_26_1_1  |        0|   1|  0|   5|    0|
    |mul_16s_14ns_26_1_1_U1131  |mul_16s_14ns_26_1_1  |        0|   1|  0|   5|    0|
    |mul_16s_14ns_26_1_1_U1133  |mul_16s_14ns_26_1_1  |        0|   1|  0|   5|    0|
    |mul_16s_14ns_26_1_1_U1134  |mul_16s_14ns_26_1_1  |        0|   1|  0|   5|    0|
    |mul_16s_14ns_26_1_1_U1135  |mul_16s_14ns_26_1_1  |        0|   1|  0|   5|    0|
    |mul_16s_14ns_26_1_1_U1138  |mul_16s_14ns_26_1_1  |        0|   1|  0|   5|    0|
    |mul_16s_14ns_26_1_1_U1140  |mul_16s_14ns_26_1_1  |        0|   1|  0|   5|    0|
    |mul_16s_14ns_26_1_1_U1141  |mul_16s_14ns_26_1_1  |        0|   1|  0|   5|    0|
    |mul_16s_14ns_26_1_1_U1144  |mul_16s_14ns_26_1_1  |        0|   1|  0|   5|    0|
    |mul_16s_14ns_26_1_1_U1146  |mul_16s_14ns_26_1_1  |        0|   1|  0|   5|    0|
    |mul_16s_14ns_26_1_1_U1147  |mul_16s_14ns_26_1_1  |        0|   1|  0|   5|    0|
    |mul_16s_14ns_26_1_1_U1148  |mul_16s_14ns_26_1_1  |        0|   1|  0|   5|    0|
    |mul_16s_14ns_26_1_1_U1149  |mul_16s_14ns_26_1_1  |        0|   1|  0|   5|    0|
    |mul_16s_14ns_26_1_1_U1150  |mul_16s_14ns_26_1_1  |        0|   1|  0|   5|    0|
    |mul_16s_14ns_26_1_1_U1151  |mul_16s_14ns_26_1_1  |        0|   1|  0|   5|    0|
    |mul_16s_14ns_26_1_1_U1152  |mul_16s_14ns_26_1_1  |        0|   1|  0|   5|    0|
    |mul_16s_14ns_26_1_1_U1153  |mul_16s_14ns_26_1_1  |        0|   1|  0|   5|    0|
    |mul_16s_14ns_26_1_1_U1154  |mul_16s_14ns_26_1_1  |        0|   1|  0|   5|    0|
    |mul_16s_14ns_26_1_1_U1156  |mul_16s_14ns_26_1_1  |        0|   1|  0|   5|    0|
    |mul_16s_14ns_26_1_1_U1158  |mul_16s_14ns_26_1_1  |        0|   1|  0|   5|    0|
    |mul_16s_14ns_26_1_1_U1160  |mul_16s_14ns_26_1_1  |        0|   1|  0|   5|    0|
    |mul_16s_14ns_26_1_1_U1163  |mul_16s_14ns_26_1_1  |        0|   1|  0|   5|    0|
    |mul_16s_14ns_26_1_1_U1169  |mul_16s_14ns_26_1_1  |        0|   1|  0|   5|    0|
    |mul_16s_14ns_26_1_1_U1170  |mul_16s_14ns_26_1_1  |        0|   1|  0|   5|    0|
    |mul_16s_14ns_26_1_1_U1171  |mul_16s_14ns_26_1_1  |        0|   1|  0|   5|    0|
    |mul_16s_14ns_26_1_1_U1172  |mul_16s_14ns_26_1_1  |        0|   1|  0|   5|    0|
    |mul_16s_14ns_26_1_1_U1173  |mul_16s_14ns_26_1_1  |        0|   1|  0|   5|    0|
    |mul_16s_14ns_26_1_1_U1174  |mul_16s_14ns_26_1_1  |        0|   1|  0|   5|    0|
    |mul_16s_14ns_26_1_1_U1175  |mul_16s_14ns_26_1_1  |        0|   1|  0|   5|    0|
    |mul_16s_14ns_26_1_1_U1176  |mul_16s_14ns_26_1_1  |        0|   1|  0|   5|    0|
    |mul_16s_14ns_26_1_1_U1178  |mul_16s_14ns_26_1_1  |        0|   1|  0|   5|    0|
    |mul_16s_14ns_26_1_1_U1179  |mul_16s_14ns_26_1_1  |        0|   1|  0|   5|    0|
    |mul_16s_14ns_26_1_1_U1180  |mul_16s_14ns_26_1_1  |        0|   1|  0|   5|    0|
    |mul_16s_14ns_26_1_1_U1184  |mul_16s_14ns_26_1_1  |        0|   1|  0|   5|    0|
    |mul_16s_14ns_26_1_1_U1185  |mul_16s_14ns_26_1_1  |        0|   1|  0|   5|    0|
    |mul_16s_14ns_26_1_1_U1186  |mul_16s_14ns_26_1_1  |        0|   1|  0|   5|    0|
    |mul_16s_14ns_26_1_1_U1187  |mul_16s_14ns_26_1_1  |        0|   1|  0|   5|    0|
    |mul_16s_14ns_26_1_1_U1188  |mul_16s_14ns_26_1_1  |        0|   1|  0|   5|    0|
    |mul_16s_14ns_26_1_1_U1190  |mul_16s_14ns_26_1_1  |        0|   1|  0|   5|    0|
    |mul_16s_14ns_26_1_1_U1191  |mul_16s_14ns_26_1_1  |        0|   1|  0|   5|    0|
    +---------------------------+---------------------+---------+----+---+----+-----+
    |Total                      |                     |        0|  63|  0| 315|    0|
    +---------------------------+---------------------+---------+----+---+----+-----+

    * DSP: 
    N/A

    * Memory: 
    N/A

    * FIFO: 
    N/A

    * Expression: 
    +----------------------+----------+----+---+----+------------+------------+
    |     Variable Name    | Operation| DSP| FF| LUT| Bitwidth P0| Bitwidth P1|
    +----------------------+----------+----+---+----+------------+------------+
    |ret_V_14_fu_18204_p2  |         +|   0|  0|  33|          26|          21|
    |ret_V_15_fu_18220_p2  |         +|   0|  0|  33|          26|          21|
    |ret_V_16_fu_18236_p2  |         +|   0|  0|  33|          26|          21|
    |ret_V_17_fu_18252_p2  |         +|   0|  0|  33|          26|          18|
    |ret_V_18_fu_18268_p2  |         +|   0|  0|  33|          26|          21|
    |ret_V_19_fu_18284_p2  |         +|   0|  0|  33|          26|          21|
    |ret_V_20_fu_18300_p2  |         +|   0|  0|  33|          26|          18|
    |ret_V_21_fu_18316_p2  |         +|   0|  0|  33|          26|          21|
    |ret_V_22_fu_18332_p2  |         +|   0|  0|  33|          26|          21|
    |ret_V_23_fu_18348_p2  |         +|   0|  0|  33|          26|          20|
    |ret_V_24_fu_18364_p2  |         +|   0|  0|  33|          26|          19|
    |ret_V_25_fu_18380_p2  |         +|   0|  0|  33|          26|          19|
    |ret_V_26_fu_18396_p2  |         +|   0|  0|  33|          26|          18|
    |ret_V_27_fu_18412_p2  |         +|   0|  0|  33|          26|          17|
    |ret_V_28_fu_18428_p2  |         +|   0|  0|  33|          26|          17|
    |ret_V_29_fu_18444_p2  |         +|   0|  0|  33|          26|          20|
    |ret_V_30_fu_18460_p2  |         +|   0|  0|  33|          26|          20|
    |ret_V_31_fu_18476_p2  |         +|   0|  0|  33|          26|          21|
    |ret_V_32_fu_18492_p2  |         +|   0|  0|  33|          26|          18|
    |ret_V_33_fu_18508_p2  |         +|   0|  0|  33|          26|          22|
    |ret_V_34_fu_18524_p2  |         +|   0|  0|  33|          26|          21|
    |ret_V_35_fu_18540_p2  |         +|   0|  0|  33|          26|          22|
    |ret_V_36_fu_18556_p2  |         +|   0|  0|  33|          26|          19|
    |ret_V_37_fu_18572_p2  |         +|   0|  0|  33|          26|          21|
    |ret_V_38_fu_18588_p2  |         +|   0|  0|  33|          26|          21|
    |ret_V_39_fu_18604_p2  |         +|   0|  0|  33|          26|          19|
    |ret_V_40_fu_18620_p2  |         +|   0|  0|  33|          26|          20|
    |ret_V_41_fu_18636_p2  |         +|   0|  0|  33|          26|          21|
    |ret_V_42_fu_18652_p2  |         +|   0|  0|  33|          26|          20|
    |ret_V_43_fu_18668_p2  |         +|   0|  0|  33|          26|          20|
    |ret_V_44_fu_18684_p2  |         +|   0|  0|  33|          26|          22|
    |ret_V_45_fu_18700_p2  |         +|   0|  0|  33|          26|          22|
    |ret_V_46_fu_18716_p2  |         +|   0|  0|  33|          26|          20|
    |ret_V_47_fu_18732_p2  |         +|   0|  0|  33|          26|          20|
    |ret_V_48_fu_18748_p2  |         +|   0|  0|  33|          26|          16|
    |ret_V_49_fu_18764_p2  |         +|   0|  0|  33|          26|          21|
    |ret_V_50_fu_17920_p2  |         +|   0|  0|  26|          26|          15|
    |ret_V_51_fu_18780_p2  |         +|   0|  0|  33|          26|          19|
    |ret_V_52_fu_18796_p2  |         +|   0|  0|  33|          26|          20|
    |ret_V_53_fu_18812_p2  |         +|   0|  0|  33|          26|          20|
    |ret_V_54_fu_18828_p2  |         +|   0|  0|  33|          26|          20|
    |ret_V_55_fu_18844_p2  |         +|   0|  0|  33|          26|          19|
    |ret_V_56_fu_18860_p2  |         +|   0|  0|  33|          26|          21|
    |ret_V_57_fu_18876_p2  |         +|   0|  0|  33|          26|          19|
    |ret_V_58_fu_18892_p2  |         +|   0|  0|  33|          26|          20|
    |ret_V_59_fu_18908_p2  |         +|   0|  0|  33|          26|          20|
    |ret_V_60_fu_18924_p2  |         +|   0|  0|  33|          26|          19|
    |ret_V_61_fu_18940_p2  |         +|   0|  0|  33|          26|          21|
    |ret_V_62_fu_18956_p2  |         +|   0|  0|  33|          26|          19|
    |ret_V_63_fu_18972_p2  |         +|   0|  0|  33|          26|          20|
    |ret_V_64_fu_18988_p2  |         +|   0|  0|  33|          26|          19|
    |ret_V_65_fu_19004_p2  |         +|   0|  0|  33|          26|          23|
    |ret_V_66_fu_19020_p2  |         +|   0|  0|  33|          26|          22|
    |ret_V_67_fu_19036_p2  |         +|   0|  0|  33|          26|          17|
    |ret_V_68_fu_19052_p2  |         +|   0|  0|  33|          26|          21|
    |ret_V_69_fu_19068_p2  |         +|   0|  0|  33|          26|          18|
    |ret_V_70_fu_19084_p2  |         +|   0|  0|  33|          26|          15|
    |ret_V_71_fu_19100_p2  |         +|   0|  0|  33|          26|          15|
    |ret_V_72_fu_19116_p2  |         +|   0|  0|  33|          26|          20|
    |ret_V_73_fu_19132_p2  |         +|   0|  0|  33|          26|          20|
    |ret_V_74_fu_19148_p2  |         +|   0|  0|  33|          26|          12|
    |ret_V_75_fu_19164_p2  |         +|   0|  0|  33|          26|          20|
    |ret_V_76_fu_19180_p2  |         +|   0|  0|  33|          26|          19|
    |ret_V_fu_18188_p2     |         +|   0|  0|  33|          26|          18|
    |r_V_47_fu_17914_p2    |         -|   0|  0|  26|          26|          26|
    |ap_block_state1       |        or|   0|  0|   2|           1|           1|
    +----------------------+----------+----+---+----+------------+------------+
    |Total                 |          |   0|  0|2133|        1691|        1277|
    +----------------------+----------+----+---+----+------------+------------+

    * Multiplexer: 
    +-------------------+----+-----------+-----+-----------+
    |        Name       | LUT| Input Size| Bits| Total Bits|
    +-------------------+----+-----------+-----+-----------+
    |ap_NS_fsm          |  20|          4|    1|          4|
    |ap_done            |   9|          2|    1|          2|
    |layer19_out_blk_n  |   9|          2|    1|          2|
    |layer21_out_blk_n  |   9|          2|    1|          2|
    |real_start         |   9|          2|    1|          2|
    +-------------------+----+-----------+-----+-----------+
    |Total              |  56|         12|    5|         12|
    +-------------------+----+-----------+-----+-----------+

    * Register: 
    +--------------------------+----+----+-----+-----------+
    |           Name           | FF | LUT| Bits| Const Bits|
    +--------------------------+----+----+-----+-----------+
    |a_V_10_reg_19388          |  16|   0|   16|          0|
    |a_V_11_reg_19393          |  16|   0|   16|          0|
    |a_V_12_reg_19398          |  16|   0|   16|          0|
    |a_V_13_reg_19403          |  16|   0|   16|          0|
    |a_V_14_reg_19408          |  16|   0|   16|          0|
    |a_V_15_reg_19413          |  16|   0|   16|          0|
    |a_V_16_reg_19418          |  16|   0|   16|          0|
    |a_V_17_reg_19423          |  16|   0|   16|          0|
    |a_V_18_reg_19428          |  16|   0|   16|          0|
    |a_V_19_reg_19433          |  16|   0|   16|          0|
    |a_V_1_reg_19343           |  16|   0|   16|          0|
    |a_V_20_reg_19438          |  16|   0|   16|          0|
    |a_V_21_reg_19443          |  16|   0|   16|          0|
    |a_V_22_reg_19448          |  16|   0|   16|          0|
    |a_V_23_reg_19453          |  16|   0|   16|          0|
    |a_V_24_reg_19458          |  16|   0|   16|          0|
    |a_V_25_reg_19463          |  16|   0|   16|          0|
    |a_V_26_reg_19468          |  16|   0|   16|          0|
    |a_V_27_reg_19473          |  16|   0|   16|          0|
    |a_V_28_reg_19478          |  16|   0|   16|          0|
    |a_V_29_reg_19483          |  16|   0|   16|          0|
    |a_V_2_reg_19348           |  16|   0|   16|          0|
    |a_V_30_reg_19488          |  16|   0|   16|          0|
    |a_V_31_reg_19493          |  16|   0|   16|          0|
    |a_V_32_reg_19498          |  16|   0|   16|          0|
    |a_V_33_reg_19503          |  16|   0|   16|          0|
    |a_V_34_reg_19508          |  16|   0|   16|          0|
    |a_V_35_reg_19513          |  16|   0|   16|          0|
    |a_V_36_reg_19518          |  16|   0|   16|          0|
    |a_V_38_reg_19523          |  16|   0|   16|          0|
    |a_V_39_reg_19528          |  16|   0|   16|          0|
    |a_V_3_reg_19353           |  16|   0|   16|          0|
    |a_V_40_reg_19533          |  16|   0|   16|          0|
    |a_V_41_reg_19538          |  16|   0|   16|          0|
    |a_V_42_reg_19543          |  16|   0|   16|          0|
    |a_V_43_reg_19548          |  16|   0|   16|          0|
    |a_V_44_reg_19553          |  16|   0|   16|          0|
    |a_V_45_reg_19558          |  16|   0|   16|          0|
    |a_V_46_reg_19563          |  16|   0|   16|          0|
    |a_V_47_reg_19568          |  16|   0|   16|          0|
    |a_V_48_reg_19573          |  16|   0|   16|          0|
    |a_V_49_reg_19578          |  16|   0|   16|          0|
    |a_V_4_reg_19358           |  16|   0|   16|          0|
    |a_V_50_reg_19583          |  16|   0|   16|          0|
    |a_V_51_reg_19588          |  16|   0|   16|          0|
    |a_V_52_reg_19593          |  16|   0|   16|          0|
    |a_V_53_reg_19598          |  16|   0|   16|          0|
    |a_V_54_reg_19603          |  16|   0|   16|          0|
    |a_V_55_reg_19608          |  16|   0|   16|          0|
    |a_V_56_reg_19613          |  16|   0|   16|          0|
    |a_V_57_reg_19618          |  16|   0|   16|          0|
    |a_V_58_reg_19623          |  16|   0|   16|          0|
    |a_V_59_reg_19628          |  16|   0|   16|          0|
    |a_V_5_reg_19363           |  16|   0|   16|          0|
    |a_V_60_reg_19633          |  16|   0|   16|          0|
    |a_V_61_reg_19638          |  16|   0|   16|          0|
    |a_V_62_reg_19333          |  16|   0|   16|          0|
    |a_V_63_reg_19338          |  16|   0|   16|          0|
    |a_V_6_reg_19368           |  16|   0|   16|          0|
    |a_V_7_reg_19373           |  16|   0|   16|          0|
    |a_V_8_reg_19378           |  16|   0|   16|          0|
    |a_V_9_reg_19383           |  16|   0|   16|          0|
    |a_V_reg_19328             |  16|   0|   16|          0|
    |ap_CS_fsm                 |   3|   0|    3|          0|
    |ap_done_reg               |   1|   0|    1|          0|
    |mul_ln1347_10_reg_17045   |  26|   0|   26|          0|
    |mul_ln1347_11_reg_17049   |  26|   0|   26|          0|
    |mul_ln1347_12_reg_17053   |  26|   0|   26|          0|
    |mul_ln1347_13_reg_17057   |  26|   0|   26|          0|
    |mul_ln1347_14_reg_17061   |  26|   0|   26|          0|
    |mul_ln1347_15_reg_17065   |  26|   0|   26|          0|
    |mul_ln1347_16_reg_17069   |  26|   0|   26|          0|
    |mul_ln1347_17_reg_17073   |  26|   0|   26|          0|
    |mul_ln1347_18_reg_17077   |  26|   0|   26|          0|
    |mul_ln1347_19_reg_17081   |  26|   0|   26|          0|
    |mul_ln1347_1_reg_17009    |  26|   0|   26|          0|
    |mul_ln1347_20_reg_17085   |  26|   0|   26|          0|
    |mul_ln1347_21_reg_17089   |  26|   0|   26|          0|
    |mul_ln1347_22_reg_17093   |  26|   0|   26|          0|
    |mul_ln1347_23_reg_17097   |  26|   0|   26|          0|
    |mul_ln1347_24_reg_17101   |  26|   0|   26|          0|
    |mul_ln1347_25_reg_17105   |  26|   0|   26|          0|
    |mul_ln1347_26_reg_17109   |  26|   0|   26|          0|
    |mul_ln1347_27_reg_17113   |  26|   0|   26|          0|
    |mul_ln1347_28_reg_17117   |  26|   0|   26|          0|
    |mul_ln1347_29_reg_17121   |  26|   0|   26|          0|
    |mul_ln1347_2_reg_17013    |  26|   0|   26|          0|
    |mul_ln1347_30_reg_17125   |  26|   0|   26|          0|
    |mul_ln1347_31_reg_17129   |  26|   0|   26|          0|
    |mul_ln1347_32_reg_17133   |  26|   0|   26|          0|
    |mul_ln1347_33_reg_17137   |  26|   0|   26|          0|
    |mul_ln1347_34_reg_17141   |  26|   0|   26|          0|
    |mul_ln1347_35_reg_17145   |  26|   0|   26|          0|
    |mul_ln1347_36_reg_17149   |  26|   0|   26|          0|
    |mul_ln1347_37_reg_17153   |  26|   0|   26|          0|
    |mul_ln1347_38_reg_17157   |  26|   0|   26|          0|
    |mul_ln1347_39_reg_17161   |  26|   0|   26|          0|
    |mul_ln1347_3_reg_17017    |  26|   0|   26|          0|
    |mul_ln1347_40_reg_17165   |  26|   0|   26|          0|
    |mul_ln1347_41_reg_17169   |  26|   0|   26|          0|
    |mul_ln1347_42_reg_17173   |  26|   0|   26|          0|
    |mul_ln1347_43_reg_17177   |  26|   0|   26|          0|
    |mul_ln1347_44_reg_17181   |  26|   0|   26|          0|
    |mul_ln1347_45_reg_17185   |  26|   0|   26|          0|
    |mul_ln1347_46_reg_17189   |  26|   0|   26|          0|
    |mul_ln1347_47_reg_17193   |  26|   0|   26|          0|
    |mul_ln1347_48_reg_17197   |  26|   0|   26|          0|
    |mul_ln1347_49_reg_17201   |  26|   0|   26|          0|
    |mul_ln1347_4_reg_17021    |  26|   0|   26|          0|
    |mul_ln1347_50_reg_17205   |  26|   0|   26|          0|
    |mul_ln1347_51_reg_17209   |  26|   0|   26|          0|
    |mul_ln1347_52_reg_17213   |  26|   0|   26|          0|
    |mul_ln1347_53_reg_17217   |  26|   0|   26|          0|
    |mul_ln1347_54_reg_17221   |  26|   0|   26|          0|
    |mul_ln1347_55_reg_17225   |  26|   0|   26|          0|
    |mul_ln1347_56_reg_17229   |  26|   0|   26|          0|
    |mul_ln1347_57_reg_17233   |  26|   0|   26|          0|
    |mul_ln1347_58_reg_17237   |  26|   0|   26|          0|
    |mul_ln1347_59_reg_17241   |  26|   0|   26|          0|
    |mul_ln1347_5_reg_17025    |  26|   0|   26|          0|
    |mul_ln1347_60_reg_17245   |  26|   0|   26|          0|
    |mul_ln1347_61_reg_17249   |  26|   0|   26|          0|
    |mul_ln1347_62_reg_17253   |  26|   0|   26|          0|
    |mul_ln1347_6_reg_17029    |  26|   0|   26|          0|
    |mul_ln1347_7_reg_17033    |  26|   0|   26|          0|
    |mul_ln1347_8_reg_17037    |  26|   0|   26|          0|
    |mul_ln1347_9_reg_17041    |  26|   0|   26|          0|
    |mul_ln1347_reg_17005      |  26|   0|   26|          0|
    |start_once_reg            |   1|   0|    1|          0|
    |trunc_ln818_36_reg_19643  |  16|   0|   16|          0|
    +--------------------------+----+----+-----+-----------+
    |Total                     |2667|   0| 2667|          0|
    +--------------------------+----+----+-----+-----------+



================================================================
== Interface
================================================================
* Summary: 
+----------------------------+-----+------+------------+-------------------------------------------------------------------------+--------------+
|          RTL Ports         | Dir | Bits |  Protocol  |                              Source Object                              |    C Type    |
+----------------------------+-----+------+------------+-------------------------------------------------------------------------+--------------+
|ap_clk                      |   in|     1|  ap_ctrl_hs|  normalize<array<ap_fixed,64u>,array<ap_fixed<16,6,5,3,0>,64u>,config21>|  return value|
|ap_rst                      |   in|     1|  ap_ctrl_hs|  normalize<array<ap_fixed,64u>,array<ap_fixed<16,6,5,3,0>,64u>,config21>|  return value|
|ap_start                    |   in|     1|  ap_ctrl_hs|  normalize<array<ap_fixed,64u>,array<ap_fixed<16,6,5,3,0>,64u>,config21>|  return value|
|start_full_n                |   in|     1|  ap_ctrl_hs|  normalize<array<ap_fixed,64u>,array<ap_fixed<16,6,5,3,0>,64u>,config21>|  return value|
|ap_done                     |  out|     1|  ap_ctrl_hs|  normalize<array<ap_fixed,64u>,array<ap_fixed<16,6,5,3,0>,64u>,config21>|  return value|
|ap_continue                 |   in|     1|  ap_ctrl_hs|  normalize<array<ap_fixed,64u>,array<ap_fixed<16,6,5,3,0>,64u>,config21>|  return value|
|ap_idle                     |  out|     1|  ap_ctrl_hs|  normalize<array<ap_fixed,64u>,array<ap_fixed<16,6,5,3,0>,64u>,config21>|  return value|
|ap_ready                    |  out|     1|  ap_ctrl_hs|  normalize<array<ap_fixed,64u>,array<ap_fixed<16,6,5,3,0>,64u>,config21>|  return value|
|start_out                   |  out|     1|  ap_ctrl_hs|  normalize<array<ap_fixed,64u>,array<ap_fixed<16,6,5,3,0>,64u>,config21>|  return value|
|start_write                 |  out|     1|  ap_ctrl_hs|  normalize<array<ap_fixed,64u>,array<ap_fixed<16,6,5,3,0>,64u>,config21>|  return value|
|layer19_out_dout            |   in|  1024|     ap_fifo|                                                              layer19_out|       pointer|
|layer19_out_num_data_valid  |   in|     2|     ap_fifo|                                                              layer19_out|       pointer|
|layer19_out_fifo_cap        |   in|     2|     ap_fifo|                                                              layer19_out|       pointer|
|layer19_out_empty_n         |   in|     1|     ap_fifo|                                                              layer19_out|       pointer|
|layer19_out_read            |  out|     1|     ap_fifo|                                                              layer19_out|       pointer|
|layer21_out_din             |  out|  1024|     ap_fifo|                                                              layer21_out|       pointer|
|layer21_out_num_data_valid  |   in|     2|     ap_fifo|                                                              layer21_out|       pointer|
|layer21_out_fifo_cap        |   in|     2|     ap_fifo|                                                              layer21_out|       pointer|
|layer21_out_full_n          |   in|     1|     ap_fifo|                                                              layer21_out|       pointer|
|layer21_out_write           |  out|     1|     ap_fifo|                                                              layer21_out|       pointer|
+----------------------------+-----+------+------------+-------------------------------------------------------------------------+--------------+

