

================================================================
== Vitis HLS Report for 'pooling2d_cl_array_array_ap_fixed_16_6_5_3_0_16u_config9_s'
================================================================
* Date:           Sun Jun  2 03:50:50 2024

* Version:        2022.2 (Build 3670227 on Oct 13 2022)
* Project:        kernel_wrapper
* Solution:       solution (Vitis Kernel Flow Target)
* Product family: virtexuplus
* Target device:  xcu55c-fsvh2892-2L-e


================================================================
== Performance Estimates
================================================================
+ Timing: 
    * Summary: 
    +--------+---------+----------+------------+
    |  Clock |  Target | Estimated| Uncertainty|
    +--------+---------+----------+------------+
    |ap_clk  |  3.33 ns|  2.432 ns|     0.90 ns|
    +--------+---------+----------+------------+

+ Latency: 
    * Summary: 
    +---------+---------+----------+----------+-----+-----+---------+
    |  Latency (cycles) |  Latency (absolute) |  Interval | Pipeline|
    |   min   |   max   |    min   |    max   | min | max |   Type  |
    +---------+---------+----------+----------+-----+-----+---------+
    |      172|      172|  0.573 us|  0.573 us|  172|  172|       no|
    +---------+---------+----------+----------+-----+-----+---------+

    + Detail: 
        * Instance: 
        N/A

        * Loop: 
        +----------------------------------+---------+---------+----------+-----------+-----------+------+----------+
        |                                  |  Latency (cycles) | Iteration|  Initiation Interval  | Trip |          |
        |             Loop Name            |   min   |   max   |  Latency |  achieved |   target  | Count| Pipelined|
        +----------------------------------+---------+---------+----------+-----------+-----------+------+----------+
        |- ReadInputHeight_ReadInputWidth  |      170|      170|         3|          1|          1|   169|       yes|
        +----------------------------------+---------+---------+----------+-----------+-----------+------+----------+



================================================================
== Utilization Estimates
================================================================
* Summary: 
+---------------------+---------+------+---------+---------+-----+
|         Name        | BRAM_18K|  DSP |    FF   |   LUT   | URAM|
+---------------------+---------+------+---------+---------+-----+
|DSP                  |        -|     -|        -|        -|    -|
|Expression           |        -|     -|        0|     1450|    -|
|FIFO                 |        -|     -|        -|        -|    -|
|Instance             |        -|     -|        -|        -|    -|
|Memory               |        -|     -|     1024|      512|    -|
|Multiplexer          |        -|     -|        -|      108|    -|
|Register             |        -|     -|      678|        -|    -|
+---------------------+---------+------+---------+---------+-----+
|Total                |        0|     0|     1702|     2070|    0|
+---------------------+---------+------+---------+---------+-----+
|Available SLR        |     1344|  3008|   869120|   434560|  320|
+---------------------+---------+------+---------+---------+-----+
|Utilization SLR (%)  |        0|     0|       ~0|       ~0|    0|
+---------------------+---------+------+---------+---------+-----+
|Available            |     4032|  9024|  2607360|  1303680|  960|
+---------------------+---------+------+---------+---------+-----+
|Utilization (%)      |        0|     0|       ~0|       ~0|    0|
+---------------------+---------+------+---------+---------+-----+

+ Detail: 
    * Instance: 
    N/A

    * DSP: 
    N/A

    * Memory: 
    +---------------------------------------------------------------------------------------+----------------------------------------------------------------------------------+---------+----+----+-----+------+-----+------+-------------+
    |                                         Memory                                        |                                      Module                                      | BRAM_18K| FF | LUT| URAM| Words| Bits| Banks| W*Bits*Banks|
    +---------------------------------------------------------------------------------------+----------------------------------------------------------------------------------+---------+----+----+-----+------+-----+------+-------------+
    |void_pooling2d_buffer_cl_stream_stream_array_ap_fixed_16u_0_line_buffer_9_U            |pooling2d_cl_array_array_ap_fixed_16_6_5_3_0_16u_config9_s_void_pooling2d_buf3i2  |        0|  64|  32|    0|    13|    6|     1|           78|
    |void_pooling2d_buffer_cl_stream_stream_array_ap_fixed_16u_0_line_buffer_8_U            |pooling2d_cl_array_array_ap_fixed_16_6_5_3_0_16u_config9_s_void_pooling2d_buf3i2  |        0|  64|  32|    0|    13|    6|     1|           78|
    |void_pooling2d_buffer_cl_stream_stream_array_ap_fixed_16u_0_line_buffer_7_U            |pooling2d_cl_array_array_ap_fixed_16_6_5_3_0_16u_config9_s_void_pooling2d_buf3i2  |        0|  64|  32|    0|    13|    6|     1|           78|
    |void_pooling2d_buffer_cl_stream_stream_array_ap_fixed_16u_0_line_buffer_6_U            |pooling2d_cl_array_array_ap_fixed_16_6_5_3_0_16u_config9_s_void_pooling2d_buf3i2  |        0|  64|  32|    0|    13|    6|     1|           78|
    |void_pooling2d_buffer_cl_stream_stream_array_ap_fixed_16u_0_line_buffer_5_U            |pooling2d_cl_array_array_ap_fixed_16_6_5_3_0_16u_config9_s_void_pooling2d_buf3i2  |        0|  64|  32|    0|    13|    6|     1|           78|
    |void_pooling2d_buffer_cl_stream_stream_array_ap_fixed_16u_0_line_buffer_4_U            |pooling2d_cl_array_array_ap_fixed_16_6_5_3_0_16u_config9_s_void_pooling2d_buf3i2  |        0|  64|  32|    0|    13|    6|     1|           78|
    |void_pooling2d_buffer_cl_stream_stream_array_ap_fixed_16u_0_line_buffer_3_U            |pooling2d_cl_array_array_ap_fixed_16_6_5_3_0_16u_config9_s_void_pooling2d_buf3i2  |        0|  64|  32|    0|    13|    6|     1|           78|
    |void_pooling2d_buffer_cl_stream_stream_array_ap_fixed_16u_0_line_buffer_2_U            |pooling2d_cl_array_array_ap_fixed_16_6_5_3_0_16u_config9_s_void_pooling2d_buf3i2  |        0|  64|  32|    0|    13|    6|     1|           78|
    |void_pooling2d_buffer_cl_stream_stream_array_ap_fixed_16u_0_line_buffer_1_U            |pooling2d_cl_array_array_ap_fixed_16_6_5_3_0_16u_config9_s_void_pooling2d_buf3i2  |        0|  64|  32|    0|    13|    6|     1|           78|
    |void_pooling2d_buffer_cl_stream_stream_array_ap_fixed_16u_0_line_buffer_U              |pooling2d_cl_array_array_ap_fixed_16_6_5_3_0_16u_config9_s_void_pooling2d_buf3i2  |        0|  64|  32|    0|    13|    6|     1|           78|
    |p_ZZN4nnet19pooling2d_buffer_clINS_5arrayI9ap_ufixedILi6ELi0EL9ap_q_mode4EL9ap_o_19_U  |pooling2d_cl_array_array_ap_fixed_16_6_5_3_0_16u_config9_s_void_pooling2d_buf3i2  |        0|  64|  32|    0|    13|    6|     1|           78|
    |p_ZZN4nnet19pooling2d_buffer_clINS_5arrayI9ap_ufixedILi6ELi0EL9ap_q_mode4EL9ap_o_18_U  |pooling2d_cl_array_array_ap_fixed_16_6_5_3_0_16u_config9_s_void_pooling2d_buf3i2  |        0|  64|  32|    0|    13|    6|     1|           78|
    |p_ZZN4nnet19pooling2d_buffer_clINS_5arrayI9ap_ufixedILi6ELi0EL9ap_q_mode4EL9ap_o_17_U  |pooling2d_cl_array_array_ap_fixed_16_6_5_3_0_16u_config9_s_void_pooling2d_buf3i2  |        0|  64|  32|    0|    13|    6|     1|           78|
    |p_ZZN4nnet19pooling2d_buffer_clINS_5arrayI9ap_ufixedILi6ELi0EL9ap_q_mode4EL9ap_o_16_U  |pooling2d_cl_array_array_ap_fixed_16_6_5_3_0_16u_config9_s_void_pooling2d_buf3i2  |        0|  64|  32|    0|    13|    6|     1|           78|
    |p_ZZN4nnet19pooling2d_buffer_clINS_5arrayI9ap_ufixedILi6ELi0EL9ap_q_mode4EL9ap_o_15_U  |pooling2d_cl_array_array_ap_fixed_16_6_5_3_0_16u_config9_s_void_pooling2d_buf3i2  |        0|  64|  32|    0|    13|    6|     1|           78|
    |p_ZZN4nnet19pooling2d_buffer_clINS_5arrayI9ap_ufixedILi6ELi0EL9ap_q_mode4EL9ap_o_14_U  |pooling2d_cl_array_array_ap_fixed_16_6_5_3_0_16u_config9_s_void_pooling2d_buf3i2  |        0|  64|  32|    0|    13|    6|     1|           78|
    +---------------------------------------------------------------------------------------+----------------------------------------------------------------------------------+---------+----+----+-----+------+-----+------+-------------+
    |Total                                                                                  |                                                                                  |        0|1024| 512|    0|   208|   96|    16|         1248|
    +---------------------------------------------------------------------------------------+----------------------------------------------------------------------------------+---------+----+----+-----+------+-----+------+-------------+

    * FIFO: 
    N/A

    * Expression: 
    +----------------------------------+----------+----+---+----+------------+------------+
    |           Variable Name          | Operation| DSP| FF| LUT| Bitwidth P0| Bitwidth P1|
    +----------------------------------+----------+----+---+----+------------+------------+
    |add_ln212_fu_332_p2               |         +|   0|  0|  39|          32|           1|
    |add_ln216_fu_386_p2               |         +|   0|  0|  39|          32|           1|
    |add_ln222_fu_2015_p2              |         +|   0|  0|  39|          32|          32|
    |add_ln227_fu_358_p2               |         +|   0|  0|  39|          32|          32|
    |add_ln241_fu_296_p2               |         +|   0|  0|  15|           8|           1|
    |and_ln191_2_fu_1063_p2            |       and|   0|  0|   2|           1|           1|
    |and_ln191_fu_1059_p2              |       and|   0|  0|   2|           1|           1|
    |ap_block_state3_pp0_stage0_iter2  |       and|   0|  0|   2|           1|           1|
    |ap_condition_454                  |       and|   0|  0|   2|           1|           1|
    |ap_condition_456                  |       and|   0|  0|   2|           1|           1|
    |ap_condition_480                  |       and|   0|  0|   2|           1|           1|
    |ap_condition_593                  |       and|   0|  0|   2|           1|           1|
    |ap_predicate_op381_write_state3   |       and|   0|  0|   2|           1|           1|
    |icmp_ln1651_100_fu_1507_p2        |      icmp|   0|  0|  11|          10|          10|
    |icmp_ln1651_101_fu_1513_p2        |      icmp|   0|  0|  11|          10|          10|
    |icmp_ln1651_102_fu_2270_p2        |      icmp|   0|  0|  11|          10|          10|
    |icmp_ln1651_103_fu_1565_p2        |      icmp|   0|  0|  11|          10|          10|
    |icmp_ln1651_104_fu_1571_p2        |      icmp|   0|  0|  11|          10|          10|
    |icmp_ln1651_105_fu_2303_p2        |      icmp|   0|  0|  11|          10|          10|
    |icmp_ln1651_106_fu_1623_p2        |      icmp|   0|  0|  11|          10|          10|
    |icmp_ln1651_107_fu_1629_p2        |      icmp|   0|  0|  11|          10|          10|
    |icmp_ln1651_108_fu_2336_p2        |      icmp|   0|  0|  11|          10|          10|
    |icmp_ln1651_109_fu_1681_p2        |      icmp|   0|  0|  11|          10|          10|
    |icmp_ln1651_110_fu_1687_p2        |      icmp|   0|  0|  11|          10|          10|
    |icmp_ln1651_111_fu_2369_p2        |      icmp|   0|  0|  11|          10|          10|
    |icmp_ln1651_112_fu_1739_p2        |      icmp|   0|  0|  11|          10|          10|
    |icmp_ln1651_113_fu_1745_p2        |      icmp|   0|  0|  11|          10|          10|
    |icmp_ln1651_114_fu_2402_p2        |      icmp|   0|  0|  11|          10|          10|
    |icmp_ln1651_115_fu_1797_p2        |      icmp|   0|  0|  11|          10|          10|
    |icmp_ln1651_116_fu_1803_p2        |      icmp|   0|  0|  11|          10|          10|
    |icmp_ln1651_117_fu_2435_p2        |      icmp|   0|  0|  11|          10|          10|
    |icmp_ln1651_118_fu_1855_p2        |      icmp|   0|  0|  11|          10|          10|
    |icmp_ln1651_119_fu_1861_p2        |      icmp|   0|  0|  11|          10|          10|
    |icmp_ln1651_120_fu_2468_p2        |      icmp|   0|  0|  11|          10|          10|
    |icmp_ln1651_121_fu_1913_p2        |      icmp|   0|  0|  11|          10|          10|
    |icmp_ln1651_122_fu_1919_p2        |      icmp|   0|  0|  11|          10|          10|
    |icmp_ln1651_123_fu_2501_p2        |      icmp|   0|  0|  11|          10|          10|
    |icmp_ln1651_124_fu_1971_p2        |      icmp|   0|  0|  11|          10|          10|
    |icmp_ln1651_125_fu_1977_p2        |      icmp|   0|  0|  11|          10|          10|
    |icmp_ln1651_126_fu_2534_p2        |      icmp|   0|  0|  11|          10|          10|
    |icmp_ln1651_80_fu_1107_p2         |      icmp|   0|  0|  11|          10|          10|
    |icmp_ln1651_81_fu_2039_p2         |      icmp|   0|  0|  11|          10|          10|
    |icmp_ln1651_82_fu_1159_p2         |      icmp|   0|  0|  11|          10|          10|
    |icmp_ln1651_83_fu_1165_p2         |      icmp|   0|  0|  11|          10|          10|
    |icmp_ln1651_84_fu_2072_p2         |      icmp|   0|  0|  11|          10|          10|
    |icmp_ln1651_85_fu_1217_p2         |      icmp|   0|  0|  11|          10|          10|
    |icmp_ln1651_86_fu_1223_p2         |      icmp|   0|  0|  11|          10|          10|
    |icmp_ln1651_87_fu_2105_p2         |      icmp|   0|  0|  11|          10|          10|
    |icmp_ln1651_88_fu_1275_p2         |      icmp|   0|  0|  11|          10|          10|
    |icmp_ln1651_89_fu_1281_p2         |      icmp|   0|  0|  11|          10|          10|
    |icmp_ln1651_90_fu_2138_p2         |      icmp|   0|  0|  11|          10|          10|
    |icmp_ln1651_91_fu_1333_p2         |      icmp|   0|  0|  11|          10|          10|
    |icmp_ln1651_92_fu_1339_p2         |      icmp|   0|  0|  11|          10|          10|
    |icmp_ln1651_93_fu_2171_p2         |      icmp|   0|  0|  11|          10|          10|
    |icmp_ln1651_94_fu_1391_p2         |      icmp|   0|  0|  11|          10|          10|
    |icmp_ln1651_95_fu_1397_p2         |      icmp|   0|  0|  11|          10|          10|
    |icmp_ln1651_96_fu_2204_p2         |      icmp|   0|  0|  11|          10|          10|
    |icmp_ln1651_97_fu_1449_p2         |      icmp|   0|  0|  11|          10|          10|
    |icmp_ln1651_98_fu_1455_p2         |      icmp|   0|  0|  11|          10|          10|
    |icmp_ln1651_99_fu_2237_p2         |      icmp|   0|  0|  11|          10|          10|
    |icmp_ln1651_fu_1101_p2            |      icmp|   0|  0|  11|          10|          10|
    |icmp_ln191_4_fu_1053_p2           |      icmp|   0|  0|  20|          32|           1|
    |icmp_ln191_5_fu_320_p2            |      icmp|   0|  0|  20|          32|           1|
    |icmp_ln191_6_fu_326_p2            |      icmp|   0|  0|  20|          32|           1|
    |icmp_ln191_fu_306_p2              |      icmp|   0|  0|  20|          32|           1|
    |icmp_ln212_fu_338_p2              |      icmp|   0|  0|  20|          32|           4|
    |icmp_ln216_fu_392_p2              |      icmp|   0|  0|  20|          32|           4|
    |icmp_ln222_fu_2001_p2             |      icmp|   0|  0|  20|          32|           1|
    |icmp_ln241_fu_290_p2              |      icmp|   0|  0|  11|           8|           8|
    |ap_block_pp0_stage0_01001         |        or|   0|  0|   2|           1|           1|
    |res_pack_data_4_fu_2083_p3        |    select|   0|  0|  10|           1|          10|
    |res_pack_data_5_fu_2116_p3        |    select|   0|  0|  10|           1|          10|
    |res_pack_data_6_fu_2149_p3        |    select|   0|  0|  10|           1|          10|
    |res_pack_data_fu_2050_p3          |    select|   0|  0|  10|           1|          10|
    |select_ln222_fu_2007_p3           |    select|   0|  0|   2|           1|           2|
    |select_ln227_fu_350_p3            |    select|   0|  0|   2|           1|           2|
    |select_ln65_100_fu_2264_p3        |    select|   0|  0|  10|           1|          10|
    |select_ln65_101_fu_1525_p3        |    select|   0|  0|  10|           1|          10|
    |select_ln65_102_fu_2281_p3        |    select|   0|  0|  10|           1|          10|
    |select_ln65_103_fu_2297_p3        |    select|   0|  0|  10|           1|          10|
    |select_ln65_104_fu_1583_p3        |    select|   0|  0|  10|           1|          10|
    |select_ln65_105_fu_2314_p3        |    select|   0|  0|  10|           1|          10|
    |select_ln65_106_fu_2330_p3        |    select|   0|  0|  10|           1|          10|
    |select_ln65_107_fu_1641_p3        |    select|   0|  0|  10|           1|          10|
    |select_ln65_108_fu_2347_p3        |    select|   0|  0|  10|           1|          10|
    |select_ln65_109_fu_2363_p3        |    select|   0|  0|  10|           1|          10|
    |select_ln65_110_fu_1699_p3        |    select|   0|  0|  10|           1|          10|
    |select_ln65_111_fu_2380_p3        |    select|   0|  0|  10|           1|          10|
    |select_ln65_112_fu_2396_p3        |    select|   0|  0|  10|           1|          10|
    |select_ln65_113_fu_1757_p3        |    select|   0|  0|  10|           1|          10|
    |select_ln65_114_fu_2413_p3        |    select|   0|  0|  10|           1|          10|
    |select_ln65_115_fu_2429_p3        |    select|   0|  0|  10|           1|          10|
    |select_ln65_116_fu_1815_p3        |    select|   0|  0|  10|           1|          10|
    |select_ln65_117_fu_2446_p3        |    select|   0|  0|  10|           1|          10|
    |select_ln65_118_fu_2462_p3        |    select|   0|  0|  10|           1|          10|
    |select_ln65_119_fu_1873_p3        |    select|   0|  0|  10|           1|          10|
    |select_ln65_120_fu_2479_p3        |    select|   0|  0|  10|           1|          10|
    |select_ln65_121_fu_2495_p3        |    select|   0|  0|  10|           1|          10|
    |select_ln65_122_fu_1931_p3        |    select|   0|  0|  10|           1|          10|
    |select_ln65_123_fu_2512_p3        |    select|   0|  0|  10|           1|          10|
    |select_ln65_124_fu_2528_p3        |    select|   0|  0|  10|           1|          10|
    |select_ln65_125_fu_1989_p3        |    select|   0|  0|  10|           1|          10|
    |select_ln65_126_fu_2545_p3        |    select|   0|  0|  10|           1|          10|
    |select_ln65_80_fu_1119_p3         |    select|   0|  0|  10|           1|          10|
    |select_ln65_82_fu_2066_p3         |    select|   0|  0|  10|           1|          10|
    |select_ln65_83_fu_1177_p3         |    select|   0|  0|  10|           1|          10|
    |select_ln65_85_fu_2099_p3         |    select|   0|  0|  10|           1|          10|
    |select_ln65_86_fu_1235_p3         |    select|   0|  0|  10|           1|          10|
    |select_ln65_88_fu_2132_p3         |    select|   0|  0|  10|           1|          10|
    |select_ln65_89_fu_1293_p3         |    select|   0|  0|  10|           1|          10|
    |select_ln65_91_fu_2165_p3         |    select|   0|  0|  10|           1|          10|
    |select_ln65_92_fu_1351_p3         |    select|   0|  0|  10|           1|          10|
    |select_ln65_93_fu_2182_p3         |    select|   0|  0|  10|           1|          10|
    |select_ln65_94_fu_2198_p3         |    select|   0|  0|  10|           1|          10|
    |select_ln65_95_fu_1409_p3         |    select|   0|  0|  10|           1|          10|
    |select_ln65_96_fu_2215_p3         |    select|   0|  0|  10|           1|          10|
    |select_ln65_97_fu_2231_p3         |    select|   0|  0|  10|           1|          10|
    |select_ln65_98_fu_1467_p3         |    select|   0|  0|  10|           1|          10|
    |select_ln65_99_fu_2248_p3         |    select|   0|  0|  10|           1|          10|
    |select_ln65_fu_2033_p3            |    select|   0|  0|  10|           1|          10|
    |ap_enable_pp0                     |       xor|   0|  0|   2|           1|           2|
    |xor_ln1651_100_fu_2259_p2         |       xor|   0|  0|   2|           1|           2|
    |xor_ln1651_101_fu_1519_p2         |       xor|   0|  0|   2|           1|           2|
    |xor_ln1651_102_fu_2275_p2         |       xor|   0|  0|   2|           1|           2|
    |xor_ln1651_103_fu_2292_p2         |       xor|   0|  0|   2|           1|           2|
    |xor_ln1651_104_fu_1577_p2         |       xor|   0|  0|   2|           1|           2|
    |xor_ln1651_105_fu_2308_p2         |       xor|   0|  0|   2|           1|           2|
    |xor_ln1651_106_fu_2325_p2         |       xor|   0|  0|   2|           1|           2|
    |xor_ln1651_107_fu_1635_p2         |       xor|   0|  0|   2|           1|           2|
    |xor_ln1651_108_fu_2341_p2         |       xor|   0|  0|   2|           1|           2|
    |xor_ln1651_109_fu_2358_p2         |       xor|   0|  0|   2|           1|           2|
    |xor_ln1651_110_fu_1693_p2         |       xor|   0|  0|   2|           1|           2|
    |xor_ln1651_111_fu_2374_p2         |       xor|   0|  0|   2|           1|           2|
    |xor_ln1651_112_fu_2391_p2         |       xor|   0|  0|   2|           1|           2|
    |xor_ln1651_113_fu_1751_p2         |       xor|   0|  0|   2|           1|           2|
    |xor_ln1651_114_fu_2407_p2         |       xor|   0|  0|   2|           1|           2|
    |xor_ln1651_115_fu_2424_p2         |       xor|   0|  0|   2|           1|           2|
    |xor_ln1651_116_fu_1809_p2         |       xor|   0|  0|   2|           1|           2|
    |xor_ln1651_117_fu_2440_p2         |       xor|   0|  0|   2|           1|           2|
    |xor_ln1651_118_fu_2457_p2         |       xor|   0|  0|   2|           1|           2|
    |xor_ln1651_119_fu_1867_p2         |       xor|   0|  0|   2|           1|           2|
    |xor_ln1651_120_fu_2473_p2         |       xor|   0|  0|   2|           1|           2|
    |xor_ln1651_121_fu_2490_p2         |       xor|   0|  0|   2|           1|           2|
    |xor_ln1651_122_fu_1925_p2         |       xor|   0|  0|   2|           1|           2|
    |xor_ln1651_123_fu_2506_p2         |       xor|   0|  0|   2|           1|           2|
    |xor_ln1651_124_fu_2523_p2         |       xor|   0|  0|   2|           1|           2|
    |xor_ln1651_125_fu_1983_p2         |       xor|   0|  0|   2|           1|           2|
    |xor_ln1651_126_fu_2539_p2         |       xor|   0|  0|   2|           1|           2|
    |xor_ln1651_80_fu_1113_p2          |       xor|   0|  0|   2|           1|           2|
    |xor_ln1651_81_fu_2044_p2          |       xor|   0|  0|   2|           1|           2|
    |xor_ln1651_82_fu_2061_p2          |       xor|   0|  0|   2|           1|           2|
    |xor_ln1651_83_fu_1171_p2          |       xor|   0|  0|   2|           1|           2|
    |xor_ln1651_84_fu_2077_p2          |       xor|   0|  0|   2|           1|           2|
    |xor_ln1651_85_fu_2094_p2          |       xor|   0|  0|   2|           1|           2|
    |xor_ln1651_86_fu_1229_p2          |       xor|   0|  0|   2|           1|           2|
    |xor_ln1651_87_fu_2110_p2          |       xor|   0|  0|   2|           1|           2|
    |xor_ln1651_88_fu_2127_p2          |       xor|   0|  0|   2|           1|           2|
    |xor_ln1651_89_fu_1287_p2          |       xor|   0|  0|   2|           1|           2|
    |xor_ln1651_90_fu_2143_p2          |       xor|   0|  0|   2|           1|           2|
    |xor_ln1651_91_fu_2160_p2          |       xor|   0|  0|   2|           1|           2|
    |xor_ln1651_92_fu_1345_p2          |       xor|   0|  0|   2|           1|           2|
    |xor_ln1651_93_fu_2176_p2          |       xor|   0|  0|   2|           1|           2|
    |xor_ln1651_94_fu_2193_p2          |       xor|   0|  0|   2|           1|           2|
    |xor_ln1651_95_fu_1403_p2          |       xor|   0|  0|   2|           1|           2|
    |xor_ln1651_96_fu_2209_p2          |       xor|   0|  0|   2|           1|           2|
    |xor_ln1651_97_fu_2226_p2          |       xor|   0|  0|   2|           1|           2|
    |xor_ln1651_98_fu_1461_p2          |       xor|   0|  0|   2|           1|           2|
    |xor_ln1651_99_fu_2242_p2          |       xor|   0|  0|   2|           1|           2|
    |xor_ln1651_fu_2028_p2             |       xor|   0|  0|   2|           1|           2|
    +----------------------------------+----------+----+---+----+------------+------------+
    |Total                             |          |   0|  0|1450|         956|        1159|
    +----------------------------------+----------+----+---+----+------------+------------+

    * Multiplexer: 
    +-------------------------------------------+----+-----------+-----+-----------+
    |                    Name                   | LUT| Input Size| Bits| Total Bits|
    +-------------------------------------------+----+-----------+-----+-----------+
    |ap_done_int                                |   9|          2|    1|          2|
    |ap_enable_reg_pp0_iter1                    |   9|          2|    1|          2|
    |ap_phi_mux_storemerge_i_phi_fu_275_p4      |   9|          2|   32|         64|
    |ap_phi_reg_pp0_iter1_storemerge_i_reg_271  |   9|          2|   32|         64|
    |ap_sig_allocacmp_indvar_flatten_load       |   9|          2|    8|         16|
    |indvar_flatten_fu_254                      |   9|          2|    8|         16|
    |layer8_out_blk_n                           |   9|          2|    1|          2|
    |layer9_out_blk_n                           |   9|          2|    1|          2|
    |pX_1                                       |   9|          2|   32|         64|
    |pY_1                                       |   9|          2|   32|         64|
    |real_start                                 |   9|          2|    1|          2|
    |sX_1                                       |   9|          2|   32|         64|
    +-------------------------------------------+----+-----------+-----+-----------+
    |Total                                      | 108|         24|  181|        362|
    +-------------------------------------------+----+-----------+-----+-----------+

    * Register: 
    +--------------------------------------------------------------------------------------+----+----+-----+-----------+
    |                                         Name                                         | FF | LUT| Bits| Const Bits|
    +--------------------------------------------------------------------------------------+----+----+-----+-----------+
    |and_ln191_2_reg_2626                                                                  |   1|   0|    1|          0|
    |ap_CS_fsm                                                                             |   1|   0|    1|          0|
    |ap_done_reg                                                                           |   1|   0|    1|          0|
    |ap_enable_reg_pp0_iter1                                                               |   1|   0|    1|          0|
    |ap_enable_reg_pp0_iter2                                                               |   1|   0|    1|          0|
    |ap_loop_exit_ready_pp0_iter1_reg                                                      |   1|   0|    1|          0|
    |ap_phi_reg_pp0_iter1_storemerge_i_reg_271                                             |  32|   0|   32|          0|
    |icmp_ln1651_100_reg_2787                                                              |   1|   0|    1|          0|
    |icmp_ln1651_103_reg_2808                                                              |   1|   0|    1|          0|
    |icmp_ln1651_106_reg_2829                                                              |   1|   0|    1|          0|
    |icmp_ln1651_109_reg_2850                                                              |   1|   0|    1|          0|
    |icmp_ln1651_112_reg_2871                                                              |   1|   0|    1|          0|
    |icmp_ln1651_115_reg_2892                                                              |   1|   0|    1|          0|
    |icmp_ln1651_118_reg_2913                                                              |   1|   0|    1|          0|
    |icmp_ln1651_121_reg_2934                                                              |   1|   0|    1|          0|
    |icmp_ln1651_124_reg_2955                                                              |   1|   0|    1|          0|
    |icmp_ln1651_82_reg_2661                                                               |   1|   0|    1|          0|
    |icmp_ln1651_85_reg_2682                                                               |   1|   0|    1|          0|
    |icmp_ln1651_88_reg_2703                                                               |   1|   0|    1|          0|
    |icmp_ln1651_91_reg_2724                                                               |   1|   0|    1|          0|
    |icmp_ln1651_94_reg_2745                                                               |   1|   0|    1|          0|
    |icmp_ln1651_97_reg_2766                                                               |   1|   0|    1|          0|
    |icmp_ln1651_reg_2640                                                                  |   1|   0|    1|          0|
    |icmp_ln191_5_reg_2608                                                                 |   1|   0|    1|          0|
    |icmp_ln191_6_reg_2613                                                                 |   1|   0|    1|          0|
    |icmp_ln191_reg_2604                                                                   |   1|   0|    1|          0|
    |icmp_ln191_reg_2604_pp0_iter1_reg                                                     |   1|   0|    1|          0|
    |icmp_ln212_reg_2618                                                                   |   1|   0|    1|          0|
    |icmp_ln216_reg_2622                                                                   |   1|   0|    1|          0|
    |icmp_ln241_reg_2600                                                                   |   1|   0|    1|          0|
    |indvar_flatten_fu_254                                                                 |   8|   0|    8|          0|
    |pX_1                                                                                  |  32|   0|   32|          0|
    |pY_1                                                                                  |  32|   0|   32|          0|
    |p_ZZN4nnet22compute_pool_buffer_2dINS_5arrayI9ap_ufixedILi6ELi0EL9ap_q_mode4EL9ap_48  |   6|   0|    6|          0|
    |p_ZZN4nnet22compute_pool_buffer_2dINS_5arrayI9ap_ufixedILi6ELi0EL9ap_q_mode4EL9ap_49  |   6|   0|    6|          0|
    |p_ZZN4nnet22compute_pool_buffer_2dINS_5arrayI9ap_ufixedILi6ELi0EL9ap_q_mode4EL9ap_50  |   6|   0|    6|          0|
    |p_ZZN4nnet22compute_pool_buffer_2dINS_5arrayI9ap_ufixedILi6ELi0EL9ap_q_mode4EL9ap_51  |   6|   0|    6|          0|
    |p_ZZN4nnet22compute_pool_buffer_2dINS_5arrayI9ap_ufixedILi6ELi0EL9ap_q_mode4EL9ap_52  |   6|   0|    6|          0|
    |p_ZZN4nnet22compute_pool_buffer_2dINS_5arrayI9ap_ufixedILi6ELi0EL9ap_q_mode4EL9ap_53  |   6|   0|    6|          0|
    |p_ZZN4nnet22compute_pool_buffer_2dINS_5arrayI9ap_ufixedILi6ELi0EL9ap_q_mode4EL9ap_54  |   6|   0|    6|          0|
    |p_ZZN4nnet22compute_pool_buffer_2dINS_5arrayI9ap_ufixedILi6ELi0EL9ap_q_mode4EL9ap_55  |   6|   0|    6|          0|
    |p_ZZN4nnet22compute_pool_buffer_2dINS_5arrayI9ap_ufixedILi6ELi0EL9ap_q_mode4EL9ap_56  |   6|   0|    6|          0|
    |p_ZZN4nnet22compute_pool_buffer_2dINS_5arrayI9ap_ufixedILi6ELi0EL9ap_q_mode4EL9ap_57  |   6|   0|    6|          0|
    |p_ZZN4nnet22compute_pool_buffer_2dINS_5arrayI9ap_ufixedILi6ELi0EL9ap_q_mode4EL9ap_58  |   6|   0|    6|          0|
    |p_ZZN4nnet22compute_pool_buffer_2dINS_5arrayI9ap_ufixedILi6ELi0EL9ap_q_mode4EL9ap_59  |   6|   0|    6|          0|
    |p_ZZN4nnet22compute_pool_buffer_2dINS_5arrayI9ap_ufixedILi6ELi0EL9ap_q_mode4EL9ap_60  |   6|   0|    6|          0|
    |p_ZZN4nnet22compute_pool_buffer_2dINS_5arrayI9ap_ufixedILi6ELi0EL9ap_q_mode4EL9ap_61  |   6|   0|    6|          0|
    |p_ZZN4nnet22compute_pool_buffer_2dINS_5arrayI9ap_ufixedILi6ELi0EL9ap_q_mode4EL9ap_62  |   6|   0|    6|          0|
    |p_ZZN4nnet22compute_pool_buffer_2dINS_5arrayI9ap_ufixedILi6ELi0EL9ap_q_mode4EL9ap_63  |   6|   0|    6|          0|
    |p_ZZN4nnet22compute_pool_buffer_2dINS_5arrayI9ap_ufixedILi6ELi0EL9ap_q_mode4EL9ap_64  |   6|   0|    6|          0|
    |p_ZZN4nnet22compute_pool_buffer_2dINS_5arrayI9ap_ufixedILi6ELi0EL9ap_q_mode4EL9ap_65  |   6|   0|    6|          0|
    |p_ZZN4nnet22compute_pool_buffer_2dINS_5arrayI9ap_ufixedILi6ELi0EL9ap_q_mode4EL9ap_66  |   6|   0|    6|          0|
    |p_ZZN4nnet22compute_pool_buffer_2dINS_5arrayI9ap_ufixedILi6ELi0EL9ap_q_mode4EL9ap_67  |   6|   0|    6|          0|
    |p_ZZN4nnet22compute_pool_buffer_2dINS_5arrayI9ap_ufixedILi6ELi0EL9ap_q_mode4EL9ap_68  |   6|   0|    6|          0|
    |p_ZZN4nnet22compute_pool_buffer_2dINS_5arrayI9ap_ufixedILi6ELi0EL9ap_q_mode4EL9ap_69  |   6|   0|    6|          0|
    |p_ZZN4nnet22compute_pool_buffer_2dINS_5arrayI9ap_ufixedILi6ELi0EL9ap_q_mode4EL9ap_70  |   6|   0|    6|          0|
    |p_ZZN4nnet22compute_pool_buffer_2dINS_5arrayI9ap_ufixedILi6ELi0EL9ap_q_mode4EL9ap_71  |   6|   0|    6|          0|
    |p_ZZN4nnet22compute_pool_buffer_2dINS_5arrayI9ap_ufixedILi6ELi0EL9ap_q_mode4EL9ap_72  |   6|   0|    6|          0|
    |p_ZZN4nnet22compute_pool_buffer_2dINS_5arrayI9ap_ufixedILi6ELi0EL9ap_q_mode4EL9ap_73  |   6|   0|    6|          0|
    |p_ZZN4nnet22compute_pool_buffer_2dINS_5arrayI9ap_ufixedILi6ELi0EL9ap_q_mode4EL9ap_74  |   6|   0|    6|          0|
    |p_ZZN4nnet22compute_pool_buffer_2dINS_5arrayI9ap_ufixedILi6ELi0EL9ap_q_mode4EL9ap_75  |   6|   0|    6|          0|
    |p_ZZN4nnet22compute_pool_buffer_2dINS_5arrayI9ap_ufixedILi6ELi0EL9ap_q_mode4EL9ap_76  |   6|   0|    6|          0|
    |p_ZZN4nnet22compute_pool_buffer_2dINS_5arrayI9ap_ufixedILi6ELi0EL9ap_q_mode4EL9ap_77  |   6|   0|    6|          0|
    |p_ZZN4nnet22compute_pool_buffer_2dINS_5arrayI9ap_ufixedILi6ELi0EL9ap_q_mode4EL9ap_78  |   6|   0|    6|          0|
    |p_ZZN4nnet22compute_pool_buffer_2dINS_5arrayI9ap_ufixedILi6ELi0EL9ap_q_mode4EL9ap_79  |   6|   0|    6|          0|
    |pool_window_V_100_reg_2656                                                            |   6|   0|   10|          4|
    |pool_window_V_103_reg_2672                                                            |   6|   0|   10|          4|
    |pool_window_V_104_reg_2677                                                            |   6|   0|   10|          4|
    |pool_window_V_107_reg_2693                                                            |   6|   0|   10|          4|
    |pool_window_V_108_reg_2698                                                            |   6|   0|   10|          4|
    |pool_window_V_111_reg_2714                                                            |   6|   0|   10|          4|
    |pool_window_V_112_reg_2719                                                            |   6|   0|   10|          4|
    |pool_window_V_115_reg_2735                                                            |   6|   0|   10|          4|
    |pool_window_V_116_reg_2740                                                            |   6|   0|   10|          4|
    |pool_window_V_119_reg_2756                                                            |   6|   0|   10|          4|
    |pool_window_V_120_reg_2761                                                            |   6|   0|   10|          4|
    |pool_window_V_123_reg_2777                                                            |   6|   0|   10|          4|
    |pool_window_V_124_reg_2782                                                            |   6|   0|   10|          4|
    |pool_window_V_127_reg_2798                                                            |   6|   0|   10|          4|
    |pool_window_V_128_reg_2803                                                            |   6|   0|   10|          4|
    |pool_window_V_131_reg_2819                                                            |   6|   0|   10|          4|
    |pool_window_V_132_reg_2824                                                            |   6|   0|   10|          4|
    |pool_window_V_135_reg_2840                                                            |   6|   0|   10|          4|
    |pool_window_V_136_reg_2845                                                            |   6|   0|   10|          4|
    |pool_window_V_139_reg_2861                                                            |   6|   0|   10|          4|
    |pool_window_V_140_reg_2866                                                            |   6|   0|   10|          4|
    |pool_window_V_143_reg_2882                                                            |   6|   0|   10|          4|
    |pool_window_V_144_reg_2887                                                            |   6|   0|   10|          4|
    |pool_window_V_147_reg_2903                                                            |   6|   0|   10|          4|
    |pool_window_V_148_reg_2908                                                            |   6|   0|   10|          4|
    |pool_window_V_151_reg_2924                                                            |   6|   0|   10|          4|
    |pool_window_V_152_reg_2929                                                            |   6|   0|   10|          4|
    |pool_window_V_155_reg_2945                                                            |   6|   0|   10|          4|
    |pool_window_V_156_reg_2950                                                            |   6|   0|   10|          4|
    |pool_window_V_96_reg_2635                                                             |   6|   0|   10|          4|
    |pool_window_V_99_reg_2651                                                             |   6|   0|   10|          4|
    |pool_window_V_reg_2630                                                                |   6|   0|   10|          4|
    |sX_1                                                                                  |  32|   0|   32|          0|
    |sY_1                                                                                  |  32|   0|   32|          0|
    |select_ln65_101_reg_2792                                                              |   6|   0|   10|          4|
    |select_ln65_104_reg_2813                                                              |   6|   0|   10|          4|
    |select_ln65_107_reg_2834                                                              |   6|   0|   10|          4|
    |select_ln65_110_reg_2855                                                              |   6|   0|   10|          4|
    |select_ln65_113_reg_2876                                                              |   6|   0|   10|          4|
    |select_ln65_116_reg_2897                                                              |   6|   0|   10|          4|
    |select_ln65_119_reg_2918                                                              |   6|   0|   10|          4|
    |select_ln65_122_reg_2939                                                              |   6|   0|   10|          4|
    |select_ln65_125_reg_2960                                                              |   6|   0|   10|          4|
    |select_ln65_80_reg_2645                                                               |   6|   0|   10|          4|
    |select_ln65_83_reg_2666                                                               |   6|   0|   10|          4|
    |select_ln65_86_reg_2687                                                               |   6|   0|   10|          4|
    |select_ln65_89_reg_2708                                                               |   6|   0|   10|          4|
    |select_ln65_92_reg_2729                                                               |   6|   0|   10|          4|
    |select_ln65_95_reg_2750                                                               |   6|   0|   10|          4|
    |select_ln65_98_reg_2771                                                               |   6|   0|   10|          4|
    |start_once_reg                                                                        |   1|   0|    1|          0|
    +--------------------------------------------------------------------------------------+----+----+-----+-----------+
    |Total                                                                                 | 678|   0|  870|        192|
    +--------------------------------------------------------------------------------------+----+----+-----+-----------+



================================================================
== Interface
================================================================
* Summary: 
+---------------------------+-----+-----+------------+-------------------------------------------------------------+--------------+
|         RTL Ports         | Dir | Bits|  Protocol  |                        Source Object                        |    C Type    |
+---------------------------+-----+-----+------------+-------------------------------------------------------------+--------------+
|ap_clk                     |   in|    1|  ap_ctrl_hs|  pooling2d_cl<array,array<ap_fixed<16,6,5,3,0>,16u>,config9>|  return value|
|ap_rst                     |   in|    1|  ap_ctrl_hs|  pooling2d_cl<array,array<ap_fixed<16,6,5,3,0>,16u>,config9>|  return value|
|ap_start                   |   in|    1|  ap_ctrl_hs|  pooling2d_cl<array,array<ap_fixed<16,6,5,3,0>,16u>,config9>|  return value|
|start_full_n               |   in|    1|  ap_ctrl_hs|  pooling2d_cl<array,array<ap_fixed<16,6,5,3,0>,16u>,config9>|  return value|
|ap_done                    |  out|    1|  ap_ctrl_hs|  pooling2d_cl<array,array<ap_fixed<16,6,5,3,0>,16u>,config9>|  return value|
|ap_continue                |   in|    1|  ap_ctrl_hs|  pooling2d_cl<array,array<ap_fixed<16,6,5,3,0>,16u>,config9>|  return value|
|ap_idle                    |  out|    1|  ap_ctrl_hs|  pooling2d_cl<array,array<ap_fixed<16,6,5,3,0>,16u>,config9>|  return value|
|ap_ready                   |  out|    1|  ap_ctrl_hs|  pooling2d_cl<array,array<ap_fixed<16,6,5,3,0>,16u>,config9>|  return value|
|start_out                  |  out|    1|  ap_ctrl_hs|  pooling2d_cl<array,array<ap_fixed<16,6,5,3,0>,16u>,config9>|  return value|
|start_write                |  out|    1|  ap_ctrl_hs|  pooling2d_cl<array,array<ap_fixed<16,6,5,3,0>,16u>,config9>|  return value|
|layer8_out_dout            |   in|   96|     ap_fifo|                                                   layer8_out|       pointer|
|layer8_out_num_data_valid  |   in|    9|     ap_fifo|                                                   layer8_out|       pointer|
|layer8_out_fifo_cap        |   in|    9|     ap_fifo|                                                   layer8_out|       pointer|
|layer8_out_empty_n         |   in|    1|     ap_fifo|                                                   layer8_out|       pointer|
|layer8_out_read            |  out|    1|     ap_fifo|                                                   layer8_out|       pointer|
|layer9_out_din             |  out|  256|     ap_fifo|                                                   layer9_out|       pointer|
|layer9_out_num_data_valid  |   in|    7|     ap_fifo|                                                   layer9_out|       pointer|
|layer9_out_fifo_cap        |   in|    7|     ap_fifo|                                                   layer9_out|       pointer|
|layer9_out_full_n          |   in|    1|     ap_fifo|                                                   layer9_out|       pointer|
|layer9_out_write           |  out|    1|     ap_fifo|                                                   layer9_out|       pointer|
+---------------------------+-----+-----+------------+-------------------------------------------------------------+--------------+

