

================================================================
== Vitis HLS Report for 'myproject'
================================================================
* Date:           Sat Jun  1 05:46:57 2024

* Version:        2022.2 (Build 3670227 on Oct 13 2022)
* Project:        kernel_wrapper
* Solution:       solution (Vitis Kernel Flow Target)
* Product family: virtexuplus
* Target device:  xcu55c-fsvh2892-2L-e


================================================================
== Performance Estimates
================================================================
+ Timing: 
    * Summary: 
    +--------+---------+----------+------------+
    |  Clock |  Target | Estimated| Uncertainty|
    +--------+---------+----------+------------+
    |ap_clk  |  3.33 ns|  2.397 ns|     0.90 ns|
    +--------+---------+----------+------------+

+ Latency: 
    * Summary: 
    +---------+---------+----------+----------+-----+-----+---------+
    |  Latency (cycles) |  Latency (absolute) |  Interval | Pipeline|
    |   min   |   max   |    min   |    max   | min | max |   Type  |
    +---------+---------+----------+----------+-----+-----+---------+
    |       31|       31|  0.103 us|  0.103 us|    3|    3|      yes|
    +---------+---------+----------+----------+-----+-----+---------+

    + Detail: 
        * Instance: 
        +-----------------------------------------------------------------------------------+------------------------------------------------------------------+---------+---------+-----------+-----------+-----+-----+---------+
        |                                                                                   |                                                                  |  Latency (cycles) |   Latency (absolute)  |  Interval | Pipeline|
        |                                      Instance                                     |                              Module                              |   min   |   max   |    min    |    max    | min | max |   Type  |
        +-----------------------------------------------------------------------------------+------------------------------------------------------------------+---------+---------+-----------+-----------+-----+-----+---------+
        |grp_dense_latency_ap_fixed_16_6_5_3_0_ap_fixed_16_6_5_3_0_config2_s_fu_130         |dense_latency_ap_fixed_16_6_5_3_0_ap_fixed_16_6_5_3_0_config2_s   |        2|        2|   6.666 ns|   6.666 ns|    1|    1|      yes|
        |call_ret2_i_i_relu_ap_fixed_16_6_5_3_0_ap_fixed_16_6_5_3_0_relu_config4_s_fu_135   |relu_ap_fixed_16_6_5_3_0_ap_fixed_16_6_5_3_0_relu_config4_s       |        0|        0|       0 ns|       0 ns|    1|    1|      yes|
        |grp_dense_latency_ap_fixed_16_6_5_3_0_ap_fixed_16_6_5_3_0_config5_s_fu_203         |dense_latency_ap_fixed_16_6_5_3_0_ap_fixed_16_6_5_3_0_config5_s   |        2|        2|   6.666 ns|   6.666 ns|    1|    1|      yes|
        |call_ret4_i_i_relu_ap_fixed_16_6_5_3_0_ap_fixed_16_6_5_3_0_relu_config7_s_fu_271   |relu_ap_fixed_16_6_5_3_0_ap_fixed_16_6_5_3_0_relu_config7_s       |        0|        0|       0 ns|       0 ns|    1|    1|      yes|
        |grp_dense_latency_ap_fixed_16_6_5_3_0_ap_fixed_16_6_5_3_0_config8_s_fu_307         |dense_latency_ap_fixed_16_6_5_3_0_ap_fixed_16_6_5_3_0_config8_s   |        2|        2|   6.666 ns|   6.666 ns|    1|    1|      yes|
        |call_ret6_i_i_relu_ap_fixed_16_6_5_3_0_ap_fixed_16_6_5_3_0_relu_config10_s_fu_343  |relu_ap_fixed_16_6_5_3_0_ap_fixed_16_6_5_3_0_relu_config10_s      |        0|        0|       0 ns|       0 ns|    1|    1|      yes|
        |grp_dense_latency_ap_fixed_16_6_5_3_0_ap_fixed_16_6_5_3_0_config11_s_fu_379        |dense_latency_ap_fixed_16_6_5_3_0_ap_fixed_16_6_5_3_0_config11_s  |        2|        2|   6.666 ns|   6.666 ns|    1|    1|      yes|
        |grp_softmax_stable_ap_fixed_ap_fixed_16_6_5_3_0_softmax_config13_s_fu_415          |softmax_stable_ap_fixed_ap_fixed_16_6_5_3_0_softmax_config13_s    |        8|        8|  26.664 ns|  26.664 ns|    1|    1|      yes|
        +-----------------------------------------------------------------------------------+------------------------------------------------------------------+---------+---------+-----------+-----------+-----+-----+---------+

        * Loop: 
        N/A



================================================================
== Utilization Estimates
================================================================
* Summary: 
+---------------------+---------+------+---------+---------+-----+
|         Name        | BRAM_18K|  DSP |    FF   |   LUT   | URAM|
+---------------------+---------+------+---------+---------+-----+
|DSP                  |        -|     -|        -|        -|    -|
|Expression           |        -|     -|        0|        4|    -|
|FIFO                 |        -|     -|        -|        -|    -|
|Instance             |        8|  1087|    33828|    88060|    -|
|Memory               |        -|     -|        -|        -|    -|
|Multiplexer          |        -|     -|        -|       47|    -|
|Register             |        -|     -|     4538|       32|    -|
+---------------------+---------+------+---------+---------+-----+
|Total                |        8|  1087|    38366|    88143|    0|
+---------------------+---------+------+---------+---------+-----+
|Available SLR        |     1344|  3008|   869120|   434560|  320|
+---------------------+---------+------+---------+---------+-----+
|Utilization SLR (%)  |       ~0|    36|        4|       20|    0|
+---------------------+---------+------+---------+---------+-----+
|Available            |     4032|  9024|  2607360|  1303680|  960|
+---------------------+---------+------+---------+---------+-----+
|Utilization (%)      |       ~0|    12|        1|        6|    0|
+---------------------+---------+------+---------+---------+-----+

+ Detail: 
    * Instance: 
    +-----------------------------------------------------------------------------------+------------------------------------------------------------------+---------+-----+-------+-------+-----+
    |                                      Instance                                     |                              Module                              | BRAM_18K| DSP |   FF  |  LUT  | URAM|
    +-----------------------------------------------------------------------------------+------------------------------------------------------------------+---------+-----+-------+-------+-----+
    |grp_dense_latency_ap_fixed_16_6_5_3_0_ap_fixed_16_6_5_3_0_config11_s_fu_379        |dense_latency_ap_fixed_16_6_5_3_0_ap_fixed_16_6_5_3_0_config11_s  |        0|   71|   2269|   3819|    0|
    |grp_dense_latency_ap_fixed_16_6_5_3_0_ap_fixed_16_6_5_3_0_config2_s_fu_130         |dense_latency_ap_fixed_16_6_5_3_0_ap_fixed_16_6_5_3_0_config2_s   |        0|  397|  10460|  24745|    0|
    |grp_dense_latency_ap_fixed_16_6_5_3_0_ap_fixed_16_6_5_3_0_config5_s_fu_203         |dense_latency_ap_fixed_16_6_5_3_0_ap_fixed_16_6_5_3_0_config5_s   |        0|  409|  13885|  38023|    0|
    |grp_dense_latency_ap_fixed_16_6_5_3_0_ap_fixed_16_6_5_3_0_config8_s_fu_307         |dense_latency_ap_fixed_16_6_5_3_0_ap_fixed_16_6_5_3_0_config8_s   |        0|  205|   6861|  17436|    0|
    |call_ret6_i_i_relu_ap_fixed_16_6_5_3_0_ap_fixed_16_6_5_3_0_relu_config10_s_fu_343  |relu_ap_fixed_16_6_5_3_0_ap_fixed_16_6_5_3_0_relu_config10_s      |        0|    0|      0|    896|    0|
    |call_ret2_i_i_relu_ap_fixed_16_6_5_3_0_ap_fixed_16_6_5_3_0_relu_config4_s_fu_135   |relu_ap_fixed_16_6_5_3_0_ap_fixed_16_6_5_3_0_relu_config4_s       |        0|    0|      0|   1792|    0|
    |call_ret4_i_i_relu_ap_fixed_16_6_5_3_0_ap_fixed_16_6_5_3_0_relu_config7_s_fu_271   |relu_ap_fixed_16_6_5_3_0_ap_fixed_16_6_5_3_0_relu_config7_s       |        0|    0|      0|    896|    0|
    |grp_softmax_stable_ap_fixed_ap_fixed_16_6_5_3_0_softmax_config13_s_fu_415          |softmax_stable_ap_fixed_ap_fixed_16_6_5_3_0_softmax_config13_s    |        8|    5|    353|    453|    0|
    +-----------------------------------------------------------------------------------+------------------------------------------------------------------+---------+-----+-------+-------+-----+
    |Total                                                                              |                                                                  |        8| 1087|  33828|  88060|    0|
    +-----------------------------------------------------------------------------------+------------------------------------------------------------------+---------+-----+-------+-------+-----+

    * DSP: 
    N/A

    * Memory: 
    N/A

    * FIFO: 
    N/A

    * Expression: 
    +---------------------------+----------+----+---+----+------------+------------+
    |       Variable Name       | Operation| DSP| FF| LUT| Bitwidth P0| Bitwidth P1|
    +---------------------------+----------+----+---+----+------------+------------+
    |ap_block_pp0_stage0_11001  |       and|   0|  0|   2|           1|           1|
    |ap_enable_pp0              |       xor|   0|  0|   2|           1|           2|
    +---------------------------+----------+----+---+----+------------+------------+
    |Total                      |          |   0|  0|   4|           2|           3|
    +---------------------------+----------+----+---+----+------------+------------+

    * Multiplexer: 
    +--------------------------+----+-----------+-----+-----------+
    |           Name           | LUT| Input Size| Bits| Total Bits|
    +--------------------------+----+-----------+-----+-----------+
    |ap_NS_fsm                 |  20|          4|    1|          4|
    |ap_done                   |   9|          2|    1|          2|
    |ap_enable_reg_pp0_iter0   |   9|          2|    1|          2|
    |ap_enable_reg_pp0_iter10  |   9|          2|    1|          2|
    +--------------------------+----+-----------+-----+-----------+
    |Total                     |  47|         10|    4|         10|
    +--------------------------+----+-----------+-----+-----------+

    * Register: 
    +----------------------------------------------------------------------------------------+-----+----+-----+-----------+
    |                                          Name                                          |  FF | LUT| Bits| Const Bits|
    +----------------------------------------------------------------------------------------+-----+----+-----+-----------+
    |ap_CS_fsm                                                                               |    3|   0|    3|          0|
    |ap_done_reg                                                                             |    1|   0|    1|          0|
    |ap_enable_reg_pp0_iter0_reg                                                             |    1|   0|    1|          0|
    |ap_enable_reg_pp0_iter1                                                                 |    1|   0|    1|          0|
    |ap_enable_reg_pp0_iter10                                                                |    1|   0|    1|          0|
    |ap_enable_reg_pp0_iter2                                                                 |    1|   0|    1|          0|
    |ap_enable_reg_pp0_iter3                                                                 |    1|   0|    1|          0|
    |ap_enable_reg_pp0_iter4                                                                 |    1|   0|    1|          0|
    |ap_enable_reg_pp0_iter5                                                                 |    1|   0|    1|          0|
    |ap_enable_reg_pp0_iter6                                                                 |    1|   0|    1|          0|
    |ap_enable_reg_pp0_iter7                                                                 |    1|   0|    1|          0|
    |ap_enable_reg_pp0_iter8                                                                 |    1|   0|    1|          0|
    |ap_enable_reg_pp0_iter9                                                                 |    1|   0|    1|          0|
    |grp_softmax_stable_ap_fixed_ap_fixed_16_6_5_3_0_softmax_config13_s_fu_415_ap_start_reg  |    1|   0|    1|          0|
    |i_read_reg_1501                                                                         |   13|   0|   13|          0|
    |in_buf_load_reg_1520                                                                    |  256|   0|  256|          0|
    |layer10_out_V_10_reg_2695                                                               |   16|   0|   16|          0|
    |layer10_out_V_11_reg_2700                                                               |   16|   0|   16|          0|
    |layer10_out_V_12_reg_2705                                                               |   16|   0|   16|          0|
    |layer10_out_V_13_reg_2710                                                               |   16|   0|   16|          0|
    |layer10_out_V_14_reg_2715                                                               |   16|   0|   16|          0|
    |layer10_out_V_15_reg_2720                                                               |   16|   0|   16|          0|
    |layer10_out_V_16_reg_2725                                                               |   16|   0|   16|          0|
    |layer10_out_V_17_reg_2730                                                               |   16|   0|   16|          0|
    |layer10_out_V_18_reg_2735                                                               |   16|   0|   16|          0|
    |layer10_out_V_19_reg_2740                                                               |   16|   0|   16|          0|
    |layer10_out_V_1_reg_2650                                                                |   16|   0|   16|          0|
    |layer10_out_V_20_reg_2745                                                               |   16|   0|   16|          0|
    |layer10_out_V_21_reg_2750                                                               |   16|   0|   16|          0|
    |layer10_out_V_22_reg_2755                                                               |   16|   0|   16|          0|
    |layer10_out_V_23_reg_2760                                                               |   16|   0|   16|          0|
    |layer10_out_V_24_reg_2765                                                               |   16|   0|   16|          0|
    |layer10_out_V_25_reg_2770                                                               |   16|   0|   16|          0|
    |layer10_out_V_26_reg_2775                                                               |   16|   0|   16|          0|
    |layer10_out_V_27_reg_2780                                                               |   16|   0|   16|          0|
    |layer10_out_V_28_reg_2785                                                               |   16|   0|   16|          0|
    |layer10_out_V_29_reg_2790                                                               |   16|   0|   16|          0|
    |layer10_out_V_2_reg_2655                                                                |   16|   0|   16|          0|
    |layer10_out_V_30_reg_2795                                                               |   16|   0|   16|          0|
    |layer10_out_V_31_reg_2800                                                               |   16|   0|   16|          0|
    |layer10_out_V_3_reg_2660                                                                |   16|   0|   16|          0|
    |layer10_out_V_4_reg_2665                                                                |   16|   0|   16|          0|
    |layer10_out_V_5_reg_2670                                                                |   16|   0|   16|          0|
    |layer10_out_V_6_reg_2675                                                                |   16|   0|   16|          0|
    |layer10_out_V_7_reg_2680                                                                |   16|   0|   16|          0|
    |layer10_out_V_8_reg_2685                                                                |   16|   0|   16|          0|
    |layer10_out_V_9_reg_2690                                                                |   16|   0|   16|          0|
    |layer10_out_V_reg_2645                                                                  |   16|   0|   16|          0|
    |layer11_out_V_1_reg_2810                                                                |   16|   0|   16|          0|
    |layer11_out_V_2_reg_2815                                                                |   16|   0|   16|          0|
    |layer11_out_V_3_reg_2820                                                                |   16|   0|   16|          0|
    |layer11_out_V_4_reg_2825                                                                |   16|   0|   16|          0|
    |layer11_out_V_reg_2805                                                                  |   16|   0|   16|          0|
    |layer2_out_V_10_reg_1575                                                                |   16|   0|   16|          0|
    |layer2_out_V_11_reg_1580                                                                |   16|   0|   16|          0|
    |layer2_out_V_12_reg_1585                                                                |   16|   0|   16|          0|
    |layer2_out_V_13_reg_1590                                                                |   16|   0|   16|          0|
    |layer2_out_V_14_reg_1595                                                                |   16|   0|   16|          0|
    |layer2_out_V_15_reg_1600                                                                |   16|   0|   16|          0|
    |layer2_out_V_16_reg_1605                                                                |   16|   0|   16|          0|
    |layer2_out_V_17_reg_1610                                                                |   16|   0|   16|          0|
    |layer2_out_V_18_reg_1615                                                                |   16|   0|   16|          0|
    |layer2_out_V_19_reg_1620                                                                |   16|   0|   16|          0|
    |layer2_out_V_1_reg_1530                                                                 |   16|   0|   16|          0|
    |layer2_out_V_20_reg_1625                                                                |   16|   0|   16|          0|
    |layer2_out_V_21_reg_1630                                                                |   16|   0|   16|          0|
    |layer2_out_V_22_reg_1635                                                                |   16|   0|   16|          0|
    |layer2_out_V_23_reg_1640                                                                |   16|   0|   16|          0|
    |layer2_out_V_24_reg_1645                                                                |   16|   0|   16|          0|
    |layer2_out_V_25_reg_1650                                                                |   16|   0|   16|          0|
    |layer2_out_V_26_reg_1655                                                                |   16|   0|   16|          0|
    |layer2_out_V_27_reg_1660                                                                |   16|   0|   16|          0|
    |layer2_out_V_28_reg_1665                                                                |   16|   0|   16|          0|
    |layer2_out_V_29_reg_1670                                                                |   16|   0|   16|          0|
    |layer2_out_V_2_reg_1535                                                                 |   16|   0|   16|          0|
    |layer2_out_V_30_reg_1675                                                                |   16|   0|   16|          0|
    |layer2_out_V_31_reg_1680                                                                |   16|   0|   16|          0|
    |layer2_out_V_32_reg_1685                                                                |   16|   0|   16|          0|
    |layer2_out_V_33_reg_1690                                                                |   16|   0|   16|          0|
    |layer2_out_V_34_reg_1695                                                                |   16|   0|   16|          0|
    |layer2_out_V_35_reg_1700                                                                |   16|   0|   16|          0|
    |layer2_out_V_36_reg_1705                                                                |   16|   0|   16|          0|
    |layer2_out_V_37_reg_1710                                                                |   16|   0|   16|          0|
    |layer2_out_V_38_reg_1715                                                                |   16|   0|   16|          0|
    |layer2_out_V_39_reg_1720                                                                |   16|   0|   16|          0|
    |layer2_out_V_3_reg_1540                                                                 |   16|   0|   16|          0|
    |layer2_out_V_40_reg_1725                                                                |   16|   0|   16|          0|
    |layer2_out_V_41_reg_1730                                                                |   16|   0|   16|          0|
    |layer2_out_V_42_reg_1735                                                                |   16|   0|   16|          0|
    |layer2_out_V_43_reg_1740                                                                |   16|   0|   16|          0|
    |layer2_out_V_44_reg_1745                                                                |   16|   0|   16|          0|
    |layer2_out_V_45_reg_1750                                                                |   16|   0|   16|          0|
    |layer2_out_V_46_reg_1755                                                                |   16|   0|   16|          0|
    |layer2_out_V_47_reg_1760                                                                |   16|   0|   16|          0|
    |layer2_out_V_48_reg_1765                                                                |   16|   0|   16|          0|
    |layer2_out_V_49_reg_1770                                                                |   16|   0|   16|          0|
    |layer2_out_V_4_reg_1545                                                                 |   16|   0|   16|          0|
    |layer2_out_V_50_reg_1775                                                                |   16|   0|   16|          0|
    |layer2_out_V_51_reg_1780                                                                |   16|   0|   16|          0|
    |layer2_out_V_52_reg_1785                                                                |   16|   0|   16|          0|
    |layer2_out_V_53_reg_1790                                                                |   16|   0|   16|          0|
    |layer2_out_V_54_reg_1795                                                                |   16|   0|   16|          0|
    |layer2_out_V_55_reg_1800                                                                |   16|   0|   16|          0|
    |layer2_out_V_56_reg_1805                                                                |   16|   0|   16|          0|
    |layer2_out_V_57_reg_1810                                                                |   16|   0|   16|          0|
    |layer2_out_V_58_reg_1815                                                                |   16|   0|   16|          0|
    |layer2_out_V_59_reg_1820                                                                |   16|   0|   16|          0|
    |layer2_out_V_5_reg_1550                                                                 |   16|   0|   16|          0|
    |layer2_out_V_60_reg_1825                                                                |   16|   0|   16|          0|
    |layer2_out_V_61_reg_1830                                                                |   16|   0|   16|          0|
    |layer2_out_V_62_reg_1835                                                                |   16|   0|   16|          0|
    |layer2_out_V_63_reg_1840                                                                |   16|   0|   16|          0|
    |layer2_out_V_6_reg_1555                                                                 |   16|   0|   16|          0|
    |layer2_out_V_7_reg_1560                                                                 |   16|   0|   16|          0|
    |layer2_out_V_8_reg_1565                                                                 |   16|   0|   16|          0|
    |layer2_out_V_9_reg_1570                                                                 |   16|   0|   16|          0|
    |layer2_out_V_reg_1525                                                                   |   16|   0|   16|          0|
    |layer4_out_V_10_reg_1895                                                                |   16|   0|   16|          0|
    |layer4_out_V_11_reg_1900                                                                |   16|   0|   16|          0|
    |layer4_out_V_12_reg_1905                                                                |   16|   0|   16|          0|
    |layer4_out_V_13_reg_1910                                                                |   16|   0|   16|          0|
    |layer4_out_V_14_reg_1915                                                                |   16|   0|   16|          0|
    |layer4_out_V_15_reg_1920                                                                |   16|   0|   16|          0|
    |layer4_out_V_16_reg_1925                                                                |   16|   0|   16|          0|
    |layer4_out_V_17_reg_1930                                                                |   16|   0|   16|          0|
    |layer4_out_V_18_reg_1935                                                                |   16|   0|   16|          0|
    |layer4_out_V_19_reg_1940                                                                |   16|   0|   16|          0|
    |layer4_out_V_1_reg_1850                                                                 |   16|   0|   16|          0|
    |layer4_out_V_20_reg_1945                                                                |   16|   0|   16|          0|
    |layer4_out_V_21_reg_1950                                                                |   16|   0|   16|          0|
    |layer4_out_V_22_reg_1955                                                                |   16|   0|   16|          0|
    |layer4_out_V_23_reg_1960                                                                |   16|   0|   16|          0|
    |layer4_out_V_24_reg_1965                                                                |   16|   0|   16|          0|
    |layer4_out_V_25_reg_1970                                                                |   16|   0|   16|          0|
    |layer4_out_V_26_reg_1975                                                                |   16|   0|   16|          0|
    |layer4_out_V_27_reg_1980                                                                |   16|   0|   16|          0|
    |layer4_out_V_28_reg_1985                                                                |   16|   0|   16|          0|
    |layer4_out_V_29_reg_1990                                                                |   16|   0|   16|          0|
    |layer4_out_V_2_reg_1855                                                                 |   16|   0|   16|          0|
    |layer4_out_V_30_reg_1995                                                                |   16|   0|   16|          0|
    |layer4_out_V_31_reg_2000                                                                |   16|   0|   16|          0|
    |layer4_out_V_32_reg_2005                                                                |   16|   0|   16|          0|
    |layer4_out_V_33_reg_2010                                                                |   16|   0|   16|          0|
    |layer4_out_V_34_reg_2015                                                                |   16|   0|   16|          0|
    |layer4_out_V_35_reg_2020                                                                |   16|   0|   16|          0|
    |layer4_out_V_36_reg_2025                                                                |   16|   0|   16|          0|
    |layer4_out_V_37_reg_2030                                                                |   16|   0|   16|          0|
    |layer4_out_V_38_reg_2035                                                                |   16|   0|   16|          0|
    |layer4_out_V_39_reg_2040                                                                |   16|   0|   16|          0|
    |layer4_out_V_3_reg_1860                                                                 |   16|   0|   16|          0|
    |layer4_out_V_40_reg_2045                                                                |   16|   0|   16|          0|
    |layer4_out_V_41_reg_2050                                                                |   16|   0|   16|          0|
    |layer4_out_V_42_reg_2055                                                                |   16|   0|   16|          0|
    |layer4_out_V_43_reg_2060                                                                |   16|   0|   16|          0|
    |layer4_out_V_44_reg_2065                                                                |   16|   0|   16|          0|
    |layer4_out_V_45_reg_2070                                                                |   16|   0|   16|          0|
    |layer4_out_V_46_reg_2075                                                                |   16|   0|   16|          0|
    |layer4_out_V_47_reg_2080                                                                |   16|   0|   16|          0|
    |layer4_out_V_48_reg_2085                                                                |   16|   0|   16|          0|
    |layer4_out_V_49_reg_2090                                                                |   16|   0|   16|          0|
    |layer4_out_V_4_reg_1865                                                                 |   16|   0|   16|          0|
    |layer4_out_V_50_reg_2095                                                                |   16|   0|   16|          0|
    |layer4_out_V_51_reg_2100                                                                |   16|   0|   16|          0|
    |layer4_out_V_52_reg_2105                                                                |   16|   0|   16|          0|
    |layer4_out_V_53_reg_2110                                                                |   16|   0|   16|          0|
    |layer4_out_V_54_reg_2115                                                                |   16|   0|   16|          0|
    |layer4_out_V_55_reg_2120                                                                |   16|   0|   16|          0|
    |layer4_out_V_56_reg_2125                                                                |   16|   0|   16|          0|
    |layer4_out_V_57_reg_2130                                                                |   16|   0|   16|          0|
    |layer4_out_V_58_reg_2135                                                                |   16|   0|   16|          0|
    |layer4_out_V_59_reg_2140                                                                |   16|   0|   16|          0|
    |layer4_out_V_5_reg_1870                                                                 |   16|   0|   16|          0|
    |layer4_out_V_60_reg_2145                                                                |   16|   0|   16|          0|
    |layer4_out_V_61_reg_2150                                                                |   16|   0|   16|          0|
    |layer4_out_V_62_reg_2155                                                                |   16|   0|   16|          0|
    |layer4_out_V_63_reg_2160                                                                |   16|   0|   16|          0|
    |layer4_out_V_6_reg_1875                                                                 |   16|   0|   16|          0|
    |layer4_out_V_7_reg_1880                                                                 |   16|   0|   16|          0|
    |layer4_out_V_8_reg_1885                                                                 |   16|   0|   16|          0|
    |layer4_out_V_9_reg_1890                                                                 |   16|   0|   16|          0|
    |layer4_out_V_reg_1845                                                                   |   16|   0|   16|          0|
    |layer5_out_V_10_reg_2215                                                                |   16|   0|   16|          0|
    |layer5_out_V_11_reg_2220                                                                |   16|   0|   16|          0|
    |layer5_out_V_12_reg_2225                                                                |   16|   0|   16|          0|
    |layer5_out_V_13_reg_2230                                                                |   16|   0|   16|          0|
    |layer5_out_V_14_reg_2235                                                                |   16|   0|   16|          0|
    |layer5_out_V_15_reg_2240                                                                |   16|   0|   16|          0|
    |layer5_out_V_16_reg_2245                                                                |   16|   0|   16|          0|
    |layer5_out_V_17_reg_2250                                                                |   16|   0|   16|          0|
    |layer5_out_V_18_reg_2255                                                                |   16|   0|   16|          0|
    |layer5_out_V_19_reg_2260                                                                |   16|   0|   16|          0|
    |layer5_out_V_1_reg_2170                                                                 |   16|   0|   16|          0|
    |layer5_out_V_20_reg_2265                                                                |   16|   0|   16|          0|
    |layer5_out_V_21_reg_2270                                                                |   16|   0|   16|          0|
    |layer5_out_V_22_reg_2275                                                                |   16|   0|   16|          0|
    |layer5_out_V_23_reg_2280                                                                |   16|   0|   16|          0|
    |layer5_out_V_24_reg_2285                                                                |   16|   0|   16|          0|
    |layer5_out_V_25_reg_2290                                                                |   16|   0|   16|          0|
    |layer5_out_V_26_reg_2295                                                                |   16|   0|   16|          0|
    |layer5_out_V_27_reg_2300                                                                |   16|   0|   16|          0|
    |layer5_out_V_28_reg_2305                                                                |   16|   0|   16|          0|
    |layer5_out_V_29_reg_2310                                                                |   16|   0|   16|          0|
    |layer5_out_V_2_reg_2175                                                                 |   16|   0|   16|          0|
    |layer5_out_V_30_reg_2315                                                                |   16|   0|   16|          0|
    |layer5_out_V_31_reg_2320                                                                |   16|   0|   16|          0|
    |layer5_out_V_3_reg_2180                                                                 |   16|   0|   16|          0|
    |layer5_out_V_4_reg_2185                                                                 |   16|   0|   16|          0|
    |layer5_out_V_5_reg_2190                                                                 |   16|   0|   16|          0|
    |layer5_out_V_6_reg_2195                                                                 |   16|   0|   16|          0|
    |layer5_out_V_7_reg_2200                                                                 |   16|   0|   16|          0|
    |layer5_out_V_8_reg_2205                                                                 |   16|   0|   16|          0|
    |layer5_out_V_9_reg_2210                                                                 |   16|   0|   16|          0|
    |layer5_out_V_reg_2165                                                                   |   16|   0|   16|          0|
    |layer7_out_V_10_reg_2375                                                                |   16|   0|   16|          0|
    |layer7_out_V_11_reg_2380                                                                |   16|   0|   16|          0|
    |layer7_out_V_12_reg_2385                                                                |   16|   0|   16|          0|
    |layer7_out_V_13_reg_2390                                                                |   16|   0|   16|          0|
    |layer7_out_V_14_reg_2395                                                                |   16|   0|   16|          0|
    |layer7_out_V_15_reg_2400                                                                |   16|   0|   16|          0|
    |layer7_out_V_16_reg_2405                                                                |   16|   0|   16|          0|
    |layer7_out_V_17_reg_2410                                                                |   16|   0|   16|          0|
    |layer7_out_V_18_reg_2415                                                                |   16|   0|   16|          0|
    |layer7_out_V_19_reg_2420                                                                |   16|   0|   16|          0|
    |layer7_out_V_1_reg_2330                                                                 |   16|   0|   16|          0|
    |layer7_out_V_20_reg_2425                                                                |   16|   0|   16|          0|
    |layer7_out_V_21_reg_2430                                                                |   16|   0|   16|          0|
    |layer7_out_V_22_reg_2435                                                                |   16|   0|   16|          0|
    |layer7_out_V_23_reg_2440                                                                |   16|   0|   16|          0|
    |layer7_out_V_24_reg_2445                                                                |   16|   0|   16|          0|
    |layer7_out_V_25_reg_2450                                                                |   16|   0|   16|          0|
    |layer7_out_V_26_reg_2455                                                                |   16|   0|   16|          0|
    |layer7_out_V_27_reg_2460                                                                |   16|   0|   16|          0|
    |layer7_out_V_28_reg_2465                                                                |   16|   0|   16|          0|
    |layer7_out_V_29_reg_2470                                                                |   16|   0|   16|          0|
    |layer7_out_V_2_reg_2335                                                                 |   16|   0|   16|          0|
    |layer7_out_V_30_reg_2475                                                                |   16|   0|   16|          0|
    |layer7_out_V_31_reg_2480                                                                |   16|   0|   16|          0|
    |layer7_out_V_3_reg_2340                                                                 |   16|   0|   16|          0|
    |layer7_out_V_4_reg_2345                                                                 |   16|   0|   16|          0|
    |layer7_out_V_5_reg_2350                                                                 |   16|   0|   16|          0|
    |layer7_out_V_6_reg_2355                                                                 |   16|   0|   16|          0|
    |layer7_out_V_7_reg_2360                                                                 |   16|   0|   16|          0|
    |layer7_out_V_8_reg_2365                                                                 |   16|   0|   16|          0|
    |layer7_out_V_9_reg_2370                                                                 |   16|   0|   16|          0|
    |layer7_out_V_reg_2325                                                                   |   16|   0|   16|          0|
    |layer8_out_V_10_reg_2535                                                                |   16|   0|   16|          0|
    |layer8_out_V_11_reg_2540                                                                |   16|   0|   16|          0|
    |layer8_out_V_12_reg_2545                                                                |   16|   0|   16|          0|
    |layer8_out_V_13_reg_2550                                                                |   16|   0|   16|          0|
    |layer8_out_V_14_reg_2555                                                                |   16|   0|   16|          0|
    |layer8_out_V_15_reg_2560                                                                |   16|   0|   16|          0|
    |layer8_out_V_16_reg_2565                                                                |   16|   0|   16|          0|
    |layer8_out_V_17_reg_2570                                                                |   16|   0|   16|          0|
    |layer8_out_V_18_reg_2575                                                                |   16|   0|   16|          0|
    |layer8_out_V_19_reg_2580                                                                |   16|   0|   16|          0|
    |layer8_out_V_1_reg_2490                                                                 |   16|   0|   16|          0|
    |layer8_out_V_20_reg_2585                                                                |   16|   0|   16|          0|
    |layer8_out_V_21_reg_2590                                                                |   16|   0|   16|          0|
    |layer8_out_V_22_reg_2595                                                                |   16|   0|   16|          0|
    |layer8_out_V_23_reg_2600                                                                |   16|   0|   16|          0|
    |layer8_out_V_24_reg_2605                                                                |   16|   0|   16|          0|
    |layer8_out_V_25_reg_2610                                                                |   16|   0|   16|          0|
    |layer8_out_V_26_reg_2615                                                                |   16|   0|   16|          0|
    |layer8_out_V_27_reg_2620                                                                |   16|   0|   16|          0|
    |layer8_out_V_28_reg_2625                                                                |   16|   0|   16|          0|
    |layer8_out_V_29_reg_2630                                                                |   16|   0|   16|          0|
    |layer8_out_V_2_reg_2495                                                                 |   16|   0|   16|          0|
    |layer8_out_V_30_reg_2635                                                                |   16|   0|   16|          0|
    |layer8_out_V_31_reg_2640                                                                |   16|   0|   16|          0|
    |layer8_out_V_3_reg_2500                                                                 |   16|   0|   16|          0|
    |layer8_out_V_4_reg_2505                                                                 |   16|   0|   16|          0|
    |layer8_out_V_5_reg_2510                                                                 |   16|   0|   16|          0|
    |layer8_out_V_6_reg_2515                                                                 |   16|   0|   16|          0|
    |layer8_out_V_7_reg_2520                                                                 |   16|   0|   16|          0|
    |layer8_out_V_8_reg_2525                                                                 |   16|   0|   16|          0|
    |layer8_out_V_9_reg_2530                                                                 |   16|   0|   16|          0|
    |layer8_out_V_reg_2485                                                                   |   16|   0|   16|          0|
    |zext_ln386_reg_1506                                                                     |   13|   0|   64|         51|
    |zext_ln386_reg_1506                                                                     |   64|  32|   64|         51|
    +----------------------------------------------------------------------------------------+-----+----+-----+-----------+
    |Total                                                                                   | 4538|  32| 4589|        102|
    +----------------------------------------------------------------------------------------+-----+----+-----+-----------+



================================================================
== Interface
================================================================
* Summary: 
+--------------------+-----+-----+------------+--------------+--------------+
|      RTL Ports     | Dir | Bits|  Protocol  | Source Object|    C Type    |
+--------------------+-----+-----+------------+--------------+--------------+
|ap_continue         |   in|    1|  ap_ctrl_hs|     myproject|  return value|
|ap_clk              |   in|    1|  ap_ctrl_hs|     myproject|  return value|
|ap_rst              |   in|    1|  ap_ctrl_hs|     myproject|  return value|
|ap_start            |   in|    1|  ap_ctrl_hs|     myproject|  return value|
|ap_done             |  out|    1|  ap_ctrl_hs|     myproject|  return value|
|ap_idle             |  out|    1|  ap_ctrl_hs|     myproject|  return value|
|ap_ready            |  out|    1|  ap_ctrl_hs|     myproject|  return value|
|in_buf_address0     |  out|   13|   ap_memory|        in_buf|         array|
|in_buf_ce0          |  out|    1|   ap_memory|        in_buf|         array|
|in_buf_q0           |   in|  256|   ap_memory|        in_buf|         array|
|i                   |   in|   13|     ap_none|             i|        scalar|
|out_buf_0_address0  |  out|   13|   ap_memory|     out_buf_0|         array|
|out_buf_0_ce0       |  out|    1|   ap_memory|     out_buf_0|         array|
|out_buf_0_we0       |  out|    1|   ap_memory|     out_buf_0|         array|
|out_buf_0_d0        |  out|   16|   ap_memory|     out_buf_0|         array|
|out_buf_1_address0  |  out|   13|   ap_memory|     out_buf_1|         array|
|out_buf_1_ce0       |  out|    1|   ap_memory|     out_buf_1|         array|
|out_buf_1_we0       |  out|    1|   ap_memory|     out_buf_1|         array|
|out_buf_1_d0        |  out|   16|   ap_memory|     out_buf_1|         array|
|out_buf_2_address0  |  out|   13|   ap_memory|     out_buf_2|         array|
|out_buf_2_ce0       |  out|    1|   ap_memory|     out_buf_2|         array|
|out_buf_2_we0       |  out|    1|   ap_memory|     out_buf_2|         array|
|out_buf_2_d0        |  out|   16|   ap_memory|     out_buf_2|         array|
|out_buf_3_address0  |  out|   13|   ap_memory|     out_buf_3|         array|
|out_buf_3_ce0       |  out|    1|   ap_memory|     out_buf_3|         array|
|out_buf_3_we0       |  out|    1|   ap_memory|     out_buf_3|         array|
|out_buf_3_d0        |  out|   16|   ap_memory|     out_buf_3|         array|
|out_buf_4_address0  |  out|   13|   ap_memory|     out_buf_4|         array|
|out_buf_4_ce0       |  out|    1|   ap_memory|     out_buf_4|         array|
|out_buf_4_we0       |  out|    1|   ap_memory|     out_buf_4|         array|
|out_buf_4_d0        |  out|   16|   ap_memory|     out_buf_4|         array|
+--------------------+-----+-----+------------+--------------+--------------+

