

================================================================
== Vitis HLS Report for 'pooling2d_cl_array_array_ap_fixed_16_6_5_3_0_24u_config13_s'
================================================================
* Date:           Sun Jun  2 03:51:54 2024

* Version:        2022.2 (Build 3670227 on Oct 13 2022)
* Project:        kernel_wrapper
* Solution:       solution (Vitis Kernel Flow Target)
* Product family: virtexuplus
* Target device:  xcu55c-fsvh2892-2L-e


================================================================
== Performance Estimates
================================================================
+ Timing: 
    * Summary: 
    +--------+---------+----------+------------+
    |  Clock |  Target | Estimated| Uncertainty|
    +--------+---------+----------+------------+
    |ap_clk  |  3.33 ns|  2.417 ns|     0.90 ns|
    +--------+---------+----------+------------+

+ Latency: 
    * Summary: 
    +---------+---------+-----------+-----------+-----+-----+---------+
    |  Latency (cycles) |   Latency (absolute)  |  Interval | Pipeline|
    |   min   |   max   |    min    |    max    | min | max |   Type  |
    +---------+---------+-----------+-----------+-----+-----+---------+
    |       19|       19|  63.327 ns|  63.327 ns|   19|   19|       no|
    +---------+---------+-----------+-----------+-----+-----+---------+

    + Detail: 
        * Instance: 
        N/A

        * Loop: 
        +----------------------------------+---------+---------+----------+-----------+-----------+------+----------+
        |                                  |  Latency (cycles) | Iteration|  Initiation Interval  | Trip |          |
        |             Loop Name            |   min   |   max   |  Latency |  achieved |   target  | Count| Pipelined|
        +----------------------------------+---------+---------+----------+-----------+-----------+------+----------+
        |- ReadInputHeight_ReadInputWidth  |       17|       17|         3|          1|          1|    16|       yes|
        +----------------------------------+---------+---------+----------+-----------+-----------+------+----------+



================================================================
== Utilization Estimates
================================================================
* Summary: 
+---------------------+---------+------+---------+---------+-----+
|         Name        | BRAM_18K|  DSP |    FF   |   LUT   | URAM|
+---------------------+---------+------+---------+---------+-----+
|DSP                  |        -|     -|        -|        -|    -|
|Expression           |        -|     -|        0|     1998|    -|
|FIFO                 |        -|     -|        -|        -|    -|
|Instance             |        -|     -|        -|        -|    -|
|Memory               |        -|     -|     1536|      768|    -|
|Multiplexer          |        -|     -|        -|      108|    -|
|Register             |        -|     -|      923|        -|    -|
+---------------------+---------+------+---------+---------+-----+
|Total                |        0|     0|     2459|     2874|    0|
+---------------------+---------+------+---------+---------+-----+
|Available SLR        |     1344|  3008|   869120|   434560|  320|
+---------------------+---------+------+---------+---------+-----+
|Utilization SLR (%)  |        0|     0|       ~0|       ~0|    0|
+---------------------+---------+------+---------+---------+-----+
|Available            |     4032|  9024|  2607360|  1303680|  960|
+---------------------+---------+------+---------+---------+-----+
|Utilization (%)      |        0|     0|       ~0|       ~0|    0|
+---------------------+---------+------+---------+---------+-----+

+ Detail: 
    * Instance: 
    N/A

    * DSP: 
    N/A

    * Memory: 
    +---------------------------------------------------------------------------------------+----------------------------------------------------------------------------------+---------+----+----+-----+------+-----+------+-------------+
    |                                         Memory                                        |                                      Module                                      | BRAM_18K| FF | LUT| URAM| Words| Bits| Banks| W*Bits*Banks|
    +---------------------------------------------------------------------------------------+----------------------------------------------------------------------------------+---------+----+----+-----+------+-----+------+-------------+
    |void_pooling2d_buffer_cl_stream_stream_array_ap_fixed_24u_0_line_buffer_9_U            |pooling2d_cl_array_array_ap_fixed_16_6_5_3_0_24u_config13_s_void_pooling2d_bubPq  |        0|  64|  32|    0|     4|    6|     1|           24|
    |void_pooling2d_buffer_cl_stream_stream_array_ap_fixed_24u_0_line_buffer_8_U            |pooling2d_cl_array_array_ap_fixed_16_6_5_3_0_24u_config13_s_void_pooling2d_bubPq  |        0|  64|  32|    0|     4|    6|     1|           24|
    |void_pooling2d_buffer_cl_stream_stream_array_ap_fixed_24u_0_line_buffer_7_U            |pooling2d_cl_array_array_ap_fixed_16_6_5_3_0_24u_config13_s_void_pooling2d_bubPq  |        0|  64|  32|    0|     4|    6|     1|           24|
    |void_pooling2d_buffer_cl_stream_stream_array_ap_fixed_24u_0_line_buffer_6_U            |pooling2d_cl_array_array_ap_fixed_16_6_5_3_0_24u_config13_s_void_pooling2d_bubPq  |        0|  64|  32|    0|     4|    6|     1|           24|
    |void_pooling2d_buffer_cl_stream_stream_array_ap_fixed_24u_0_line_buffer_5_U            |pooling2d_cl_array_array_ap_fixed_16_6_5_3_0_24u_config13_s_void_pooling2d_bubPq  |        0|  64|  32|    0|     4|    6|     1|           24|
    |void_pooling2d_buffer_cl_stream_stream_array_ap_fixed_24u_0_line_buffer_4_U            |pooling2d_cl_array_array_ap_fixed_16_6_5_3_0_24u_config13_s_void_pooling2d_bubPq  |        0|  64|  32|    0|     4|    6|     1|           24|
    |void_pooling2d_buffer_cl_stream_stream_array_ap_fixed_24u_0_line_buffer_3_U            |pooling2d_cl_array_array_ap_fixed_16_6_5_3_0_24u_config13_s_void_pooling2d_bubPq  |        0|  64|  32|    0|     4|    6|     1|           24|
    |void_pooling2d_buffer_cl_stream_stream_array_ap_fixed_24u_0_line_buffer_2_U            |pooling2d_cl_array_array_ap_fixed_16_6_5_3_0_24u_config13_s_void_pooling2d_bubPq  |        0|  64|  32|    0|     4|    6|     1|           24|
    |void_pooling2d_buffer_cl_stream_stream_array_ap_fixed_24u_0_line_buffer_1_U            |pooling2d_cl_array_array_ap_fixed_16_6_5_3_0_24u_config13_s_void_pooling2d_bubPq  |        0|  64|  32|    0|     4|    6|     1|           24|
    |void_pooling2d_buffer_cl_stream_stream_array_ap_fixed_24u_0_line_buffer_U              |pooling2d_cl_array_array_ap_fixed_16_6_5_3_0_24u_config13_s_void_pooling2d_bubPq  |        0|  64|  32|    0|     4|    6|     1|           24|
    |p_ZZN4nnet19pooling2d_buffer_clINS_5arrayI9ap_ufixedILi6ELi0EL9ap_q_mode4EL9ap_o_13_U  |pooling2d_cl_array_array_ap_fixed_16_6_5_3_0_24u_config13_s_void_pooling2d_bubPq  |        0|  64|  32|    0|     4|    6|     1|           24|
    |p_ZZN4nnet19pooling2d_buffer_clINS_5arrayI9ap_ufixedILi6ELi0EL9ap_q_mode4EL9ap_o_12_U  |pooling2d_cl_array_array_ap_fixed_16_6_5_3_0_24u_config13_s_void_pooling2d_bubPq  |        0|  64|  32|    0|     4|    6|     1|           24|
    |p_ZZN4nnet19pooling2d_buffer_clINS_5arrayI9ap_ufixedILi6ELi0EL9ap_q_mode4EL9ap_o_11_U  |pooling2d_cl_array_array_ap_fixed_16_6_5_3_0_24u_config13_s_void_pooling2d_bubPq  |        0|  64|  32|    0|     4|    6|     1|           24|
    |p_ZZN4nnet19pooling2d_buffer_clINS_5arrayI9ap_ufixedILi6ELi0EL9ap_q_mode4EL9ap_o_10_U  |pooling2d_cl_array_array_ap_fixed_16_6_5_3_0_24u_config13_s_void_pooling2d_bubPq  |        0|  64|  32|    0|     4|    6|     1|           24|
    |p_ZZN4nnet19pooling2d_buffer_clINS_5arrayI9ap_ufixedILi6ELi0EL9ap_q_mode4EL9ap_o_9_U   |pooling2d_cl_array_array_ap_fixed_16_6_5_3_0_24u_config13_s_void_pooling2d_bubPq  |        0|  64|  32|    0|     4|    6|     1|           24|
    |p_ZZN4nnet19pooling2d_buffer_clINS_5arrayI9ap_ufixedILi6ELi0EL9ap_q_mode4EL9ap_o_8_U   |pooling2d_cl_array_array_ap_fixed_16_6_5_3_0_24u_config13_s_void_pooling2d_bubPq  |        0|  64|  32|    0|     4|    6|     1|           24|
    |p_ZZN4nnet19pooling2d_buffer_clINS_5arrayI9ap_ufixedILi6ELi0EL9ap_q_mode4EL9ap_o_7_U   |pooling2d_cl_array_array_ap_fixed_16_6_5_3_0_24u_config13_s_void_pooling2d_bubPq  |        0|  64|  32|    0|     4|    6|     1|           24|
    |p_ZZN4nnet19pooling2d_buffer_clINS_5arrayI9ap_ufixedILi6ELi0EL9ap_q_mode4EL9ap_o_6_U   |pooling2d_cl_array_array_ap_fixed_16_6_5_3_0_24u_config13_s_void_pooling2d_bubPq  |        0|  64|  32|    0|     4|    6|     1|           24|
    |p_ZZN4nnet19pooling2d_buffer_clINS_5arrayI9ap_ufixedILi6ELi0EL9ap_q_mode4EL9ap_o_5_U   |pooling2d_cl_array_array_ap_fixed_16_6_5_3_0_24u_config13_s_void_pooling2d_bubPq  |        0|  64|  32|    0|     4|    6|     1|           24|
    |p_ZZN4nnet19pooling2d_buffer_clINS_5arrayI9ap_ufixedILi6ELi0EL9ap_q_mode4EL9ap_o_4_U   |pooling2d_cl_array_array_ap_fixed_16_6_5_3_0_24u_config13_s_void_pooling2d_bubPq  |        0|  64|  32|    0|     4|    6|     1|           24|
    |p_ZZN4nnet19pooling2d_buffer_clINS_5arrayI9ap_ufixedILi6ELi0EL9ap_q_mode4EL9ap_o_3_U   |pooling2d_cl_array_array_ap_fixed_16_6_5_3_0_24u_config13_s_void_pooling2d_bubPq  |        0|  64|  32|    0|     4|    6|     1|           24|
    |p_ZZN4nnet19pooling2d_buffer_clINS_5arrayI9ap_ufixedILi6ELi0EL9ap_q_mode4EL9ap_o_2_U   |pooling2d_cl_array_array_ap_fixed_16_6_5_3_0_24u_config13_s_void_pooling2d_bubPq  |        0|  64|  32|    0|     4|    6|     1|           24|
    |p_ZZN4nnet19pooling2d_buffer_clINS_5arrayI9ap_ufixedILi6ELi0EL9ap_q_mode4EL9ap_o_1_U   |pooling2d_cl_array_array_ap_fixed_16_6_5_3_0_24u_config13_s_void_pooling2d_bubPq  |        0|  64|  32|    0|     4|    6|     1|           24|
    |p_ZZN4nnet19pooling2d_buffer_clINS_5arrayI9ap_ufixedILi6ELi0EL9ap_q_mode4EL9ap_o_s_U   |pooling2d_cl_array_array_ap_fixed_16_6_5_3_0_24u_config13_s_void_pooling2d_bubPq  |        0|  64|  32|    0|     4|    6|     1|           24|
    +---------------------------------------------------------------------------------------+----------------------------------------------------------------------------------+---------+----+----+-----+------+-----+------+-------------+
    |Total                                                                                  |                                                                                  |        0|1536| 768|    0|    96|  144|    24|          576|
    +---------------------------------------------------------------------------------------+----------------------------------------------------------------------------------+---------+----+----+-----+------+-----+------+-------------+

    * FIFO: 
    N/A

    * Expression: 
    +----------------------------------+----------+----+---+----+------------+------------+
    |           Variable Name          | Operation| DSP| FF| LUT| Bitwidth P0| Bitwidth P1|
    +----------------------------------+----------+----+---+----+------------+------------+
    |add_ln212_fu_428_p2               |         +|   0|  0|  39|          32|           1|
    |add_ln216_fu_482_p2               |         +|   0|  0|  39|          32|           1|
    |add_ln222_fu_2895_p2              |         +|   0|  0|  39|          32|          32|
    |add_ln227_fu_454_p2               |         +|   0|  0|  39|          32|          32|
    |add_ln241_fu_392_p2               |         +|   0|  0|  12|           5|           1|
    |and_ln191_1_fu_1479_p2            |       and|   0|  0|   2|           1|           1|
    |and_ln191_fu_1475_p2              |       and|   0|  0|   2|           1|           1|
    |ap_block_state3_pp0_stage0_iter2  |       and|   0|  0|   2|           1|           1|
    |ap_condition_598                  |       and|   0|  0|   2|           1|           1|
    |ap_condition_600                  |       and|   0|  0|   2|           1|           1|
    |ap_condition_624                  |       and|   0|  0|   2|           1|           1|
    |ap_condition_785                  |       and|   0|  0|   2|           1|           1|
    |ap_predicate_op541_write_state3   |       and|   0|  0|   2|           1|           1|
    |icmp_ln1651_10_fu_2919_p2         |      icmp|   0|  0|  11|          10|          10|
    |icmp_ln1651_11_fu_1575_p2         |      icmp|   0|  0|  11|          10|          10|
    |icmp_ln1651_12_fu_1581_p2         |      icmp|   0|  0|  11|          10|          10|
    |icmp_ln1651_13_fu_2952_p2         |      icmp|   0|  0|  11|          10|          10|
    |icmp_ln1651_14_fu_1633_p2         |      icmp|   0|  0|  11|          10|          10|
    |icmp_ln1651_15_fu_1639_p2         |      icmp|   0|  0|  11|          10|          10|
    |icmp_ln1651_16_fu_2985_p2         |      icmp|   0|  0|  11|          10|          10|
    |icmp_ln1651_17_fu_1691_p2         |      icmp|   0|  0|  11|          10|          10|
    |icmp_ln1651_18_fu_1697_p2         |      icmp|   0|  0|  11|          10|          10|
    |icmp_ln1651_19_fu_3018_p2         |      icmp|   0|  0|  11|          10|          10|
    |icmp_ln1651_20_fu_1749_p2         |      icmp|   0|  0|  11|          10|          10|
    |icmp_ln1651_21_fu_1755_p2         |      icmp|   0|  0|  11|          10|          10|
    |icmp_ln1651_22_fu_3051_p2         |      icmp|   0|  0|  11|          10|          10|
    |icmp_ln1651_23_fu_1807_p2         |      icmp|   0|  0|  11|          10|          10|
    |icmp_ln1651_24_fu_1813_p2         |      icmp|   0|  0|  11|          10|          10|
    |icmp_ln1651_25_fu_3084_p2         |      icmp|   0|  0|  11|          10|          10|
    |icmp_ln1651_26_fu_1865_p2         |      icmp|   0|  0|  11|          10|          10|
    |icmp_ln1651_27_fu_1871_p2         |      icmp|   0|  0|  11|          10|          10|
    |icmp_ln1651_28_fu_3117_p2         |      icmp|   0|  0|  11|          10|          10|
    |icmp_ln1651_29_fu_1923_p2         |      icmp|   0|  0|  11|          10|          10|
    |icmp_ln1651_30_fu_1929_p2         |      icmp|   0|  0|  11|          10|          10|
    |icmp_ln1651_31_fu_3150_p2         |      icmp|   0|  0|  11|          10|          10|
    |icmp_ln1651_32_fu_1981_p2         |      icmp|   0|  0|  11|          10|          10|
    |icmp_ln1651_33_fu_1987_p2         |      icmp|   0|  0|  11|          10|          10|
    |icmp_ln1651_34_fu_3183_p2         |      icmp|   0|  0|  11|          10|          10|
    |icmp_ln1651_35_fu_2039_p2         |      icmp|   0|  0|  11|          10|          10|
    |icmp_ln1651_36_fu_2045_p2         |      icmp|   0|  0|  11|          10|          10|
    |icmp_ln1651_37_fu_3216_p2         |      icmp|   0|  0|  11|          10|          10|
    |icmp_ln1651_38_fu_2097_p2         |      icmp|   0|  0|  11|          10|          10|
    |icmp_ln1651_39_fu_2103_p2         |      icmp|   0|  0|  11|          10|          10|
    |icmp_ln1651_40_fu_3249_p2         |      icmp|   0|  0|  11|          10|          10|
    |icmp_ln1651_41_fu_2155_p2         |      icmp|   0|  0|  11|          10|          10|
    |icmp_ln1651_42_fu_2161_p2         |      icmp|   0|  0|  11|          10|          10|
    |icmp_ln1651_43_fu_3282_p2         |      icmp|   0|  0|  11|          10|          10|
    |icmp_ln1651_44_fu_2213_p2         |      icmp|   0|  0|  11|          10|          10|
    |icmp_ln1651_45_fu_2219_p2         |      icmp|   0|  0|  11|          10|          10|
    |icmp_ln1651_46_fu_3315_p2         |      icmp|   0|  0|  11|          10|          10|
    |icmp_ln1651_47_fu_2271_p2         |      icmp|   0|  0|  11|          10|          10|
    |icmp_ln1651_48_fu_2277_p2         |      icmp|   0|  0|  11|          10|          10|
    |icmp_ln1651_49_fu_3348_p2         |      icmp|   0|  0|  11|          10|          10|
    |icmp_ln1651_50_fu_2329_p2         |      icmp|   0|  0|  11|          10|          10|
    |icmp_ln1651_51_fu_2335_p2         |      icmp|   0|  0|  11|          10|          10|
    |icmp_ln1651_52_fu_3381_p2         |      icmp|   0|  0|  11|          10|          10|
    |icmp_ln1651_53_fu_2387_p2         |      icmp|   0|  0|  11|          10|          10|
    |icmp_ln1651_54_fu_2393_p2         |      icmp|   0|  0|  11|          10|          10|
    |icmp_ln1651_55_fu_3414_p2         |      icmp|   0|  0|  11|          10|          10|
    |icmp_ln1651_56_fu_2445_p2         |      icmp|   0|  0|  11|          10|          10|
    |icmp_ln1651_57_fu_2451_p2         |      icmp|   0|  0|  11|          10|          10|
    |icmp_ln1651_58_fu_3447_p2         |      icmp|   0|  0|  11|          10|          10|
    |icmp_ln1651_59_fu_2503_p2         |      icmp|   0|  0|  11|          10|          10|
    |icmp_ln1651_60_fu_2509_p2         |      icmp|   0|  0|  11|          10|          10|
    |icmp_ln1651_61_fu_3480_p2         |      icmp|   0|  0|  11|          10|          10|
    |icmp_ln1651_62_fu_2561_p2         |      icmp|   0|  0|  11|          10|          10|
    |icmp_ln1651_63_fu_2567_p2         |      icmp|   0|  0|  11|          10|          10|
    |icmp_ln1651_64_fu_3513_p2         |      icmp|   0|  0|  11|          10|          10|
    |icmp_ln1651_65_fu_2619_p2         |      icmp|   0|  0|  11|          10|          10|
    |icmp_ln1651_66_fu_2625_p2         |      icmp|   0|  0|  11|          10|          10|
    |icmp_ln1651_67_fu_3546_p2         |      icmp|   0|  0|  11|          10|          10|
    |icmp_ln1651_68_fu_2677_p2         |      icmp|   0|  0|  11|          10|          10|
    |icmp_ln1651_69_fu_2683_p2         |      icmp|   0|  0|  11|          10|          10|
    |icmp_ln1651_70_fu_3579_p2         |      icmp|   0|  0|  11|          10|          10|
    |icmp_ln1651_71_fu_2735_p2         |      icmp|   0|  0|  11|          10|          10|
    |icmp_ln1651_72_fu_2741_p2         |      icmp|   0|  0|  11|          10|          10|
    |icmp_ln1651_73_fu_3612_p2         |      icmp|   0|  0|  11|          10|          10|
    |icmp_ln1651_74_fu_2793_p2         |      icmp|   0|  0|  11|          10|          10|
    |icmp_ln1651_75_fu_2799_p2         |      icmp|   0|  0|  11|          10|          10|
    |icmp_ln1651_76_fu_3645_p2         |      icmp|   0|  0|  11|          10|          10|
    |icmp_ln1651_77_fu_2851_p2         |      icmp|   0|  0|  11|          10|          10|
    |icmp_ln1651_78_fu_2857_p2         |      icmp|   0|  0|  11|          10|          10|
    |icmp_ln1651_79_fu_3678_p2         |      icmp|   0|  0|  11|          10|          10|
    |icmp_ln1651_9_fu_1523_p2          |      icmp|   0|  0|  11|          10|          10|
    |icmp_ln1651_fu_1517_p2            |      icmp|   0|  0|  11|          10|          10|
    |icmp_ln191_1_fu_1469_p2           |      icmp|   0|  0|  20|          32|           1|
    |icmp_ln191_2_fu_416_p2            |      icmp|   0|  0|  20|          32|           1|
    |icmp_ln191_3_fu_422_p2            |      icmp|   0|  0|  20|          32|           1|
    |icmp_ln191_fu_402_p2              |      icmp|   0|  0|  20|          32|           1|
    |icmp_ln212_fu_434_p2              |      icmp|   0|  0|  20|          32|           3|
    |icmp_ln216_fu_488_p2              |      icmp|   0|  0|  20|          32|           3|
    |icmp_ln222_fu_2881_p2             |      icmp|   0|  0|  20|          32|           1|
    |icmp_ln241_fu_386_p2              |      icmp|   0|  0|  10|           5|           6|
    |ap_block_pp0_stage0_01001         |        or|   0|  0|   2|           1|           1|
    |res_pack_data_1_fu_2963_p3        |    select|   0|  0|  10|           1|          10|
    |res_pack_data_2_fu_2996_p3        |    select|   0|  0|  10|           1|          10|
    |res_pack_data_3_fu_3029_p3        |    select|   0|  0|  10|           1|          10|
    |res_pack_data_fu_2930_p3          |    select|   0|  0|  10|           1|          10|
    |select_ln222_fu_2887_p3           |    select|   0|  0|   2|           1|           2|
    |select_ln227_fu_446_p3            |    select|   0|  0|   2|           1|           2|
    |select_ln65_11_fu_2946_p3         |    select|   0|  0|  10|           1|          10|
    |select_ln65_12_fu_1593_p3         |    select|   0|  0|  10|           1|          10|
    |select_ln65_14_fu_2979_p3         |    select|   0|  0|  10|           1|          10|
    |select_ln65_15_fu_1651_p3         |    select|   0|  0|  10|           1|          10|
    |select_ln65_17_fu_3012_p3         |    select|   0|  0|  10|           1|          10|
    |select_ln65_18_fu_1709_p3         |    select|   0|  0|  10|           1|          10|
    |select_ln65_20_fu_3045_p3         |    select|   0|  0|  10|           1|          10|
    |select_ln65_21_fu_1767_p3         |    select|   0|  0|  10|           1|          10|
    |select_ln65_22_fu_3062_p3         |    select|   0|  0|  10|           1|          10|
    |select_ln65_23_fu_3078_p3         |    select|   0|  0|  10|           1|          10|
    |select_ln65_24_fu_1825_p3         |    select|   0|  0|  10|           1|          10|
    |select_ln65_25_fu_3095_p3         |    select|   0|  0|  10|           1|          10|
    |select_ln65_26_fu_3111_p3         |    select|   0|  0|  10|           1|          10|
    |select_ln65_27_fu_1883_p3         |    select|   0|  0|  10|           1|          10|
    |select_ln65_28_fu_3128_p3         |    select|   0|  0|  10|           1|          10|
    |select_ln65_29_fu_3144_p3         |    select|   0|  0|  10|           1|          10|
    |select_ln65_30_fu_1941_p3         |    select|   0|  0|  10|           1|          10|
    |select_ln65_31_fu_3161_p3         |    select|   0|  0|  10|           1|          10|
    |select_ln65_32_fu_3177_p3         |    select|   0|  0|  10|           1|          10|
    |select_ln65_33_fu_1999_p3         |    select|   0|  0|  10|           1|          10|
    |select_ln65_34_fu_3194_p3         |    select|   0|  0|  10|           1|          10|
    |select_ln65_35_fu_3210_p3         |    select|   0|  0|  10|           1|          10|
    |select_ln65_36_fu_2057_p3         |    select|   0|  0|  10|           1|          10|
    |select_ln65_37_fu_3227_p3         |    select|   0|  0|  10|           1|          10|
    |select_ln65_38_fu_3243_p3         |    select|   0|  0|  10|           1|          10|
    |select_ln65_39_fu_2115_p3         |    select|   0|  0|  10|           1|          10|
    |select_ln65_40_fu_3260_p3         |    select|   0|  0|  10|           1|          10|
    |select_ln65_41_fu_3276_p3         |    select|   0|  0|  10|           1|          10|
    |select_ln65_42_fu_2173_p3         |    select|   0|  0|  10|           1|          10|
    |select_ln65_43_fu_3293_p3         |    select|   0|  0|  10|           1|          10|
    |select_ln65_44_fu_3309_p3         |    select|   0|  0|  10|           1|          10|
    |select_ln65_45_fu_2231_p3         |    select|   0|  0|  10|           1|          10|
    |select_ln65_46_fu_3326_p3         |    select|   0|  0|  10|           1|          10|
    |select_ln65_47_fu_3342_p3         |    select|   0|  0|  10|           1|          10|
    |select_ln65_48_fu_2289_p3         |    select|   0|  0|  10|           1|          10|
    |select_ln65_49_fu_3359_p3         |    select|   0|  0|  10|           1|          10|
    |select_ln65_50_fu_3375_p3         |    select|   0|  0|  10|           1|          10|
    |select_ln65_51_fu_2347_p3         |    select|   0|  0|  10|           1|          10|
    |select_ln65_52_fu_3392_p3         |    select|   0|  0|  10|           1|          10|
    |select_ln65_53_fu_3408_p3         |    select|   0|  0|  10|           1|          10|
    |select_ln65_54_fu_2405_p3         |    select|   0|  0|  10|           1|          10|
    |select_ln65_55_fu_3425_p3         |    select|   0|  0|  10|           1|          10|
    |select_ln65_56_fu_3441_p3         |    select|   0|  0|  10|           1|          10|
    |select_ln65_57_fu_2463_p3         |    select|   0|  0|  10|           1|          10|
    |select_ln65_58_fu_3458_p3         |    select|   0|  0|  10|           1|          10|
    |select_ln65_59_fu_3474_p3         |    select|   0|  0|  10|           1|          10|
    |select_ln65_60_fu_2521_p3         |    select|   0|  0|  10|           1|          10|
    |select_ln65_61_fu_3491_p3         |    select|   0|  0|  10|           1|          10|
    |select_ln65_62_fu_3507_p3         |    select|   0|  0|  10|           1|          10|
    |select_ln65_63_fu_2579_p3         |    select|   0|  0|  10|           1|          10|
    |select_ln65_64_fu_3524_p3         |    select|   0|  0|  10|           1|          10|
    |select_ln65_65_fu_3540_p3         |    select|   0|  0|  10|           1|          10|
    |select_ln65_66_fu_2637_p3         |    select|   0|  0|  10|           1|          10|
    |select_ln65_67_fu_3557_p3         |    select|   0|  0|  10|           1|          10|
    |select_ln65_68_fu_3573_p3         |    select|   0|  0|  10|           1|          10|
    |select_ln65_69_fu_2695_p3         |    select|   0|  0|  10|           1|          10|
    |select_ln65_70_fu_3590_p3         |    select|   0|  0|  10|           1|          10|
    |select_ln65_71_fu_3606_p3         |    select|   0|  0|  10|           1|          10|
    |select_ln65_72_fu_2753_p3         |    select|   0|  0|  10|           1|          10|
    |select_ln65_73_fu_3623_p3         |    select|   0|  0|  10|           1|          10|
    |select_ln65_74_fu_3639_p3         |    select|   0|  0|  10|           1|          10|
    |select_ln65_75_fu_2811_p3         |    select|   0|  0|  10|           1|          10|
    |select_ln65_76_fu_3656_p3         |    select|   0|  0|  10|           1|          10|
    |select_ln65_77_fu_3672_p3         |    select|   0|  0|  10|           1|          10|
    |select_ln65_78_fu_2869_p3         |    select|   0|  0|  10|           1|          10|
    |select_ln65_79_fu_3689_p3         |    select|   0|  0|  10|           1|          10|
    |select_ln65_9_fu_1535_p3          |    select|   0|  0|  10|           1|          10|
    |select_ln65_fu_2913_p3            |    select|   0|  0|  10|           1|          10|
    |ap_enable_pp0                     |       xor|   0|  0|   2|           1|           2|
    |xor_ln1651_10_fu_2924_p2          |       xor|   0|  0|   2|           1|           2|
    |xor_ln1651_11_fu_2941_p2          |       xor|   0|  0|   2|           1|           2|
    |xor_ln1651_12_fu_1587_p2          |       xor|   0|  0|   2|           1|           2|
    |xor_ln1651_13_fu_2957_p2          |       xor|   0|  0|   2|           1|           2|
    |xor_ln1651_14_fu_2974_p2          |       xor|   0|  0|   2|           1|           2|
    |xor_ln1651_15_fu_1645_p2          |       xor|   0|  0|   2|           1|           2|
    |xor_ln1651_16_fu_2990_p2          |       xor|   0|  0|   2|           1|           2|
    |xor_ln1651_17_fu_3007_p2          |       xor|   0|  0|   2|           1|           2|
    |xor_ln1651_18_fu_1703_p2          |       xor|   0|  0|   2|           1|           2|
    |xor_ln1651_19_fu_3023_p2          |       xor|   0|  0|   2|           1|           2|
    |xor_ln1651_20_fu_3040_p2          |       xor|   0|  0|   2|           1|           2|
    |xor_ln1651_21_fu_1761_p2          |       xor|   0|  0|   2|           1|           2|
    |xor_ln1651_22_fu_3056_p2          |       xor|   0|  0|   2|           1|           2|
    |xor_ln1651_23_fu_3073_p2          |       xor|   0|  0|   2|           1|           2|
    |xor_ln1651_24_fu_1819_p2          |       xor|   0|  0|   2|           1|           2|
    |xor_ln1651_25_fu_3089_p2          |       xor|   0|  0|   2|           1|           2|
    |xor_ln1651_26_fu_3106_p2          |       xor|   0|  0|   2|           1|           2|
    |xor_ln1651_27_fu_1877_p2          |       xor|   0|  0|   2|           1|           2|
    |xor_ln1651_28_fu_3122_p2          |       xor|   0|  0|   2|           1|           2|
    |xor_ln1651_29_fu_3139_p2          |       xor|   0|  0|   2|           1|           2|
    |xor_ln1651_30_fu_1935_p2          |       xor|   0|  0|   2|           1|           2|
    |xor_ln1651_31_fu_3155_p2          |       xor|   0|  0|   2|           1|           2|
    |xor_ln1651_32_fu_3172_p2          |       xor|   0|  0|   2|           1|           2|
    |xor_ln1651_33_fu_1993_p2          |       xor|   0|  0|   2|           1|           2|
    |xor_ln1651_34_fu_3188_p2          |       xor|   0|  0|   2|           1|           2|
    |xor_ln1651_35_fu_3205_p2          |       xor|   0|  0|   2|           1|           2|
    |xor_ln1651_36_fu_2051_p2          |       xor|   0|  0|   2|           1|           2|
    |xor_ln1651_37_fu_3221_p2          |       xor|   0|  0|   2|           1|           2|
    |xor_ln1651_38_fu_3238_p2          |       xor|   0|  0|   2|           1|           2|
    |xor_ln1651_39_fu_2109_p2          |       xor|   0|  0|   2|           1|           2|
    |xor_ln1651_40_fu_3254_p2          |       xor|   0|  0|   2|           1|           2|
    |xor_ln1651_41_fu_3271_p2          |       xor|   0|  0|   2|           1|           2|
    |xor_ln1651_42_fu_2167_p2          |       xor|   0|  0|   2|           1|           2|
    |xor_ln1651_43_fu_3287_p2          |       xor|   0|  0|   2|           1|           2|
    |xor_ln1651_44_fu_3304_p2          |       xor|   0|  0|   2|           1|           2|
    |xor_ln1651_45_fu_2225_p2          |       xor|   0|  0|   2|           1|           2|
    |xor_ln1651_46_fu_3320_p2          |       xor|   0|  0|   2|           1|           2|
    |xor_ln1651_47_fu_3337_p2          |       xor|   0|  0|   2|           1|           2|
    |xor_ln1651_48_fu_2283_p2          |       xor|   0|  0|   2|           1|           2|
    |xor_ln1651_49_fu_3353_p2          |       xor|   0|  0|   2|           1|           2|
    |xor_ln1651_50_fu_3370_p2          |       xor|   0|  0|   2|           1|           2|
    |xor_ln1651_51_fu_2341_p2          |       xor|   0|  0|   2|           1|           2|
    |xor_ln1651_52_fu_3386_p2          |       xor|   0|  0|   2|           1|           2|
    |xor_ln1651_53_fu_3403_p2          |       xor|   0|  0|   2|           1|           2|
    |xor_ln1651_54_fu_2399_p2          |       xor|   0|  0|   2|           1|           2|
    |xor_ln1651_55_fu_3419_p2          |       xor|   0|  0|   2|           1|           2|
    |xor_ln1651_56_fu_3436_p2          |       xor|   0|  0|   2|           1|           2|
    |xor_ln1651_57_fu_2457_p2          |       xor|   0|  0|   2|           1|           2|
    |xor_ln1651_58_fu_3452_p2          |       xor|   0|  0|   2|           1|           2|
    |xor_ln1651_59_fu_3469_p2          |       xor|   0|  0|   2|           1|           2|
    |xor_ln1651_60_fu_2515_p2          |       xor|   0|  0|   2|           1|           2|
    |xor_ln1651_61_fu_3485_p2          |       xor|   0|  0|   2|           1|           2|
    |xor_ln1651_62_fu_3502_p2          |       xor|   0|  0|   2|           1|           2|
    |xor_ln1651_63_fu_2573_p2          |       xor|   0|  0|   2|           1|           2|
    |xor_ln1651_64_fu_3518_p2          |       xor|   0|  0|   2|           1|           2|
    |xor_ln1651_65_fu_3535_p2          |       xor|   0|  0|   2|           1|           2|
    |xor_ln1651_66_fu_2631_p2          |       xor|   0|  0|   2|           1|           2|
    |xor_ln1651_67_fu_3551_p2          |       xor|   0|  0|   2|           1|           2|
    |xor_ln1651_68_fu_3568_p2          |       xor|   0|  0|   2|           1|           2|
    |xor_ln1651_69_fu_2689_p2          |       xor|   0|  0|   2|           1|           2|
    |xor_ln1651_70_fu_3584_p2          |       xor|   0|  0|   2|           1|           2|
    |xor_ln1651_71_fu_3601_p2          |       xor|   0|  0|   2|           1|           2|
    |xor_ln1651_72_fu_2747_p2          |       xor|   0|  0|   2|           1|           2|
    |xor_ln1651_73_fu_3617_p2          |       xor|   0|  0|   2|           1|           2|
    |xor_ln1651_74_fu_3634_p2          |       xor|   0|  0|   2|           1|           2|
    |xor_ln1651_75_fu_2805_p2          |       xor|   0|  0|   2|           1|           2|
    |xor_ln1651_76_fu_3650_p2          |       xor|   0|  0|   2|           1|           2|
    |xor_ln1651_77_fu_3667_p2          |       xor|   0|  0|   2|           1|           2|
    |xor_ln1651_78_fu_2863_p2          |       xor|   0|  0|   2|           1|           2|
    |xor_ln1651_79_fu_3683_p2          |       xor|   0|  0|   2|           1|           2|
    |xor_ln1651_9_fu_1529_p2           |       xor|   0|  0|   2|           1|           2|
    |xor_ln1651_fu_2908_p2             |       xor|   0|  0|   2|           1|           2|
    +----------------------------------+----------+----+---+----+------------+------------+
    |Total                             |          |   0|  0|1998|        1238|        1683|
    +----------------------------------+----------+----+---+----+------------+------------+

    * Multiplexer: 
    +-------------------------------------------+----+-----------+-----+-----------+
    |                    Name                   | LUT| Input Size| Bits| Total Bits|
    +-------------------------------------------+----+-----------+-----+-----------+
    |ap_done_int                                |   9|          2|    1|          2|
    |ap_enable_reg_pp0_iter1                    |   9|          2|    1|          2|
    |ap_phi_mux_storemerge_i_phi_fu_371_p4      |   9|          2|   32|         64|
    |ap_phi_reg_pp0_iter1_storemerge_i_reg_367  |   9|          2|   32|         64|
    |ap_sig_allocacmp_indvar_flatten_load       |   9|          2|    5|         10|
    |indvar_flatten_fu_350                      |   9|          2|    5|         10|
    |layer12_out_blk_n                          |   9|          2|    1|          2|
    |layer13_out_blk_n                          |   9|          2|    1|          2|
    |pX                                         |   9|          2|   32|         64|
    |pY                                         |   9|          2|   32|         64|
    |real_start                                 |   9|          2|    1|          2|
    |sX                                         |   9|          2|   32|         64|
    +-------------------------------------------+----+-----------+-----+-----------+
    |Total                                      | 108|         24|  175|        350|
    +-------------------------------------------+----+-----------+-----+-----------+

    * Register: 
    +--------------------------------------------------------------------------------------+----+----+-----+-----------+
    |                                         Name                                         | FF | LUT| Bits| Const Bits|
    +--------------------------------------------------------------------------------------+----+----+-----+-----------+
    |and_ln191_1_reg_3786                                                                  |   1|   0|    1|          0|
    |ap_CS_fsm                                                                             |   1|   0|    1|          0|
    |ap_done_reg                                                                           |   1|   0|    1|          0|
    |ap_enable_reg_pp0_iter1                                                               |   1|   0|    1|          0|
    |ap_enable_reg_pp0_iter2                                                               |   1|   0|    1|          0|
    |ap_loop_exit_ready_pp0_iter1_reg                                                      |   1|   0|    1|          0|
    |ap_phi_reg_pp0_iter1_storemerge_i_reg_367                                             |  32|   0|   32|          0|
    |icmp_ln1651_11_reg_3821                                                               |   1|   0|    1|          0|
    |icmp_ln1651_14_reg_3842                                                               |   1|   0|    1|          0|
    |icmp_ln1651_17_reg_3863                                                               |   1|   0|    1|          0|
    |icmp_ln1651_20_reg_3884                                                               |   1|   0|    1|          0|
    |icmp_ln1651_23_reg_3905                                                               |   1|   0|    1|          0|
    |icmp_ln1651_26_reg_3926                                                               |   1|   0|    1|          0|
    |icmp_ln1651_29_reg_3947                                                               |   1|   0|    1|          0|
    |icmp_ln1651_32_reg_3968                                                               |   1|   0|    1|          0|
    |icmp_ln1651_35_reg_3989                                                               |   1|   0|    1|          0|
    |icmp_ln1651_38_reg_4010                                                               |   1|   0|    1|          0|
    |icmp_ln1651_41_reg_4031                                                               |   1|   0|    1|          0|
    |icmp_ln1651_44_reg_4052                                                               |   1|   0|    1|          0|
    |icmp_ln1651_47_reg_4073                                                               |   1|   0|    1|          0|
    |icmp_ln1651_50_reg_4094                                                               |   1|   0|    1|          0|
    |icmp_ln1651_53_reg_4115                                                               |   1|   0|    1|          0|
    |icmp_ln1651_56_reg_4136                                                               |   1|   0|    1|          0|
    |icmp_ln1651_59_reg_4157                                                               |   1|   0|    1|          0|
    |icmp_ln1651_62_reg_4178                                                               |   1|   0|    1|          0|
    |icmp_ln1651_65_reg_4199                                                               |   1|   0|    1|          0|
    |icmp_ln1651_68_reg_4220                                                               |   1|   0|    1|          0|
    |icmp_ln1651_71_reg_4241                                                               |   1|   0|    1|          0|
    |icmp_ln1651_74_reg_4262                                                               |   1|   0|    1|          0|
    |icmp_ln1651_77_reg_4283                                                               |   1|   0|    1|          0|
    |icmp_ln1651_reg_3800                                                                  |   1|   0|    1|          0|
    |icmp_ln191_2_reg_3768                                                                 |   1|   0|    1|          0|
    |icmp_ln191_3_reg_3773                                                                 |   1|   0|    1|          0|
    |icmp_ln191_reg_3764                                                                   |   1|   0|    1|          0|
    |icmp_ln191_reg_3764_pp0_iter1_reg                                                     |   1|   0|    1|          0|
    |icmp_ln212_reg_3778                                                                   |   1|   0|    1|          0|
    |icmp_ln216_reg_3782                                                                   |   1|   0|    1|          0|
    |icmp_ln241_reg_3760                                                                   |   1|   0|    1|          0|
    |indvar_flatten_fu_350                                                                 |   5|   0|    5|          0|
    |pX                                                                                    |  32|   0|   32|          0|
    |pY                                                                                    |  32|   0|   32|          0|
    |p_ZZN4nnet22compute_pool_buffer_2dINS_5arrayI9ap_ufixedILi6ELi0EL9ap_q_mode4EL9ap     |   6|   0|    6|          0|
    |p_ZZN4nnet22compute_pool_buffer_2dINS_5arrayI9ap_ufixedILi6ELi0EL9ap_q_mode4EL9ap_1   |   6|   0|    6|          0|
    |p_ZZN4nnet22compute_pool_buffer_2dINS_5arrayI9ap_ufixedILi6ELi0EL9ap_q_mode4EL9ap_10  |   6|   0|    6|          0|
    |p_ZZN4nnet22compute_pool_buffer_2dINS_5arrayI9ap_ufixedILi6ELi0EL9ap_q_mode4EL9ap_11  |   6|   0|    6|          0|
    |p_ZZN4nnet22compute_pool_buffer_2dINS_5arrayI9ap_ufixedILi6ELi0EL9ap_q_mode4EL9ap_12  |   6|   0|    6|          0|
    |p_ZZN4nnet22compute_pool_buffer_2dINS_5arrayI9ap_ufixedILi6ELi0EL9ap_q_mode4EL9ap_13  |   6|   0|    6|          0|
    |p_ZZN4nnet22compute_pool_buffer_2dINS_5arrayI9ap_ufixedILi6ELi0EL9ap_q_mode4EL9ap_14  |   6|   0|    6|          0|
    |p_ZZN4nnet22compute_pool_buffer_2dINS_5arrayI9ap_ufixedILi6ELi0EL9ap_q_mode4EL9ap_15  |   6|   0|    6|          0|
    |p_ZZN4nnet22compute_pool_buffer_2dINS_5arrayI9ap_ufixedILi6ELi0EL9ap_q_mode4EL9ap_16  |   6|   0|    6|          0|
    |p_ZZN4nnet22compute_pool_buffer_2dINS_5arrayI9ap_ufixedILi6ELi0EL9ap_q_mode4EL9ap_17  |   6|   0|    6|          0|
    |p_ZZN4nnet22compute_pool_buffer_2dINS_5arrayI9ap_ufixedILi6ELi0EL9ap_q_mode4EL9ap_18  |   6|   0|    6|          0|
    |p_ZZN4nnet22compute_pool_buffer_2dINS_5arrayI9ap_ufixedILi6ELi0EL9ap_q_mode4EL9ap_19  |   6|   0|    6|          0|
    |p_ZZN4nnet22compute_pool_buffer_2dINS_5arrayI9ap_ufixedILi6ELi0EL9ap_q_mode4EL9ap_2   |   6|   0|    6|          0|
    |p_ZZN4nnet22compute_pool_buffer_2dINS_5arrayI9ap_ufixedILi6ELi0EL9ap_q_mode4EL9ap_20  |   6|   0|    6|          0|
    |p_ZZN4nnet22compute_pool_buffer_2dINS_5arrayI9ap_ufixedILi6ELi0EL9ap_q_mode4EL9ap_21  |   6|   0|    6|          0|
    |p_ZZN4nnet22compute_pool_buffer_2dINS_5arrayI9ap_ufixedILi6ELi0EL9ap_q_mode4EL9ap_22  |   6|   0|    6|          0|
    |p_ZZN4nnet22compute_pool_buffer_2dINS_5arrayI9ap_ufixedILi6ELi0EL9ap_q_mode4EL9ap_23  |   6|   0|    6|          0|
    |p_ZZN4nnet22compute_pool_buffer_2dINS_5arrayI9ap_ufixedILi6ELi0EL9ap_q_mode4EL9ap_24  |   6|   0|    6|          0|
    |p_ZZN4nnet22compute_pool_buffer_2dINS_5arrayI9ap_ufixedILi6ELi0EL9ap_q_mode4EL9ap_25  |   6|   0|    6|          0|
    |p_ZZN4nnet22compute_pool_buffer_2dINS_5arrayI9ap_ufixedILi6ELi0EL9ap_q_mode4EL9ap_26  |   6|   0|    6|          0|
    |p_ZZN4nnet22compute_pool_buffer_2dINS_5arrayI9ap_ufixedILi6ELi0EL9ap_q_mode4EL9ap_27  |   6|   0|    6|          0|
    |p_ZZN4nnet22compute_pool_buffer_2dINS_5arrayI9ap_ufixedILi6ELi0EL9ap_q_mode4EL9ap_28  |   6|   0|    6|          0|
    |p_ZZN4nnet22compute_pool_buffer_2dINS_5arrayI9ap_ufixedILi6ELi0EL9ap_q_mode4EL9ap_29  |   6|   0|    6|          0|
    |p_ZZN4nnet22compute_pool_buffer_2dINS_5arrayI9ap_ufixedILi6ELi0EL9ap_q_mode4EL9ap_3   |   6|   0|    6|          0|
    |p_ZZN4nnet22compute_pool_buffer_2dINS_5arrayI9ap_ufixedILi6ELi0EL9ap_q_mode4EL9ap_30  |   6|   0|    6|          0|
    |p_ZZN4nnet22compute_pool_buffer_2dINS_5arrayI9ap_ufixedILi6ELi0EL9ap_q_mode4EL9ap_31  |   6|   0|    6|          0|
    |p_ZZN4nnet22compute_pool_buffer_2dINS_5arrayI9ap_ufixedILi6ELi0EL9ap_q_mode4EL9ap_32  |   6|   0|    6|          0|
    |p_ZZN4nnet22compute_pool_buffer_2dINS_5arrayI9ap_ufixedILi6ELi0EL9ap_q_mode4EL9ap_33  |   6|   0|    6|          0|
    |p_ZZN4nnet22compute_pool_buffer_2dINS_5arrayI9ap_ufixedILi6ELi0EL9ap_q_mode4EL9ap_34  |   6|   0|    6|          0|
    |p_ZZN4nnet22compute_pool_buffer_2dINS_5arrayI9ap_ufixedILi6ELi0EL9ap_q_mode4EL9ap_35  |   6|   0|    6|          0|
    |p_ZZN4nnet22compute_pool_buffer_2dINS_5arrayI9ap_ufixedILi6ELi0EL9ap_q_mode4EL9ap_36  |   6|   0|    6|          0|
    |p_ZZN4nnet22compute_pool_buffer_2dINS_5arrayI9ap_ufixedILi6ELi0EL9ap_q_mode4EL9ap_37  |   6|   0|    6|          0|
    |p_ZZN4nnet22compute_pool_buffer_2dINS_5arrayI9ap_ufixedILi6ELi0EL9ap_q_mode4EL9ap_38  |   6|   0|    6|          0|
    |p_ZZN4nnet22compute_pool_buffer_2dINS_5arrayI9ap_ufixedILi6ELi0EL9ap_q_mode4EL9ap_39  |   6|   0|    6|          0|
    |p_ZZN4nnet22compute_pool_buffer_2dINS_5arrayI9ap_ufixedILi6ELi0EL9ap_q_mode4EL9ap_4   |   6|   0|    6|          0|
    |p_ZZN4nnet22compute_pool_buffer_2dINS_5arrayI9ap_ufixedILi6ELi0EL9ap_q_mode4EL9ap_40  |   6|   0|    6|          0|
    |p_ZZN4nnet22compute_pool_buffer_2dINS_5arrayI9ap_ufixedILi6ELi0EL9ap_q_mode4EL9ap_41  |   6|   0|    6|          0|
    |p_ZZN4nnet22compute_pool_buffer_2dINS_5arrayI9ap_ufixedILi6ELi0EL9ap_q_mode4EL9ap_42  |   6|   0|    6|          0|
    |p_ZZN4nnet22compute_pool_buffer_2dINS_5arrayI9ap_ufixedILi6ELi0EL9ap_q_mode4EL9ap_43  |   6|   0|    6|          0|
    |p_ZZN4nnet22compute_pool_buffer_2dINS_5arrayI9ap_ufixedILi6ELi0EL9ap_q_mode4EL9ap_44  |   6|   0|    6|          0|
    |p_ZZN4nnet22compute_pool_buffer_2dINS_5arrayI9ap_ufixedILi6ELi0EL9ap_q_mode4EL9ap_45  |   6|   0|    6|          0|
    |p_ZZN4nnet22compute_pool_buffer_2dINS_5arrayI9ap_ufixedILi6ELi0EL9ap_q_mode4EL9ap_46  |   6|   0|    6|          0|
    |p_ZZN4nnet22compute_pool_buffer_2dINS_5arrayI9ap_ufixedILi6ELi0EL9ap_q_mode4EL9ap_47  |   6|   0|    6|          0|
    |p_ZZN4nnet22compute_pool_buffer_2dINS_5arrayI9ap_ufixedILi6ELi0EL9ap_q_mode4EL9ap_5   |   6|   0|    6|          0|
    |p_ZZN4nnet22compute_pool_buffer_2dINS_5arrayI9ap_ufixedILi6ELi0EL9ap_q_mode4EL9ap_6   |   6|   0|    6|          0|
    |p_ZZN4nnet22compute_pool_buffer_2dINS_5arrayI9ap_ufixedILi6ELi0EL9ap_q_mode4EL9ap_7   |   6|   0|    6|          0|
    |p_ZZN4nnet22compute_pool_buffer_2dINS_5arrayI9ap_ufixedILi6ELi0EL9ap_q_mode4EL9ap_8   |   6|   0|    6|          0|
    |p_ZZN4nnet22compute_pool_buffer_2dINS_5arrayI9ap_ufixedILi6ELi0EL9ap_q_mode4EL9ap_9   |   6|   0|    6|          0|
    |pool_window_V_12_reg_3853                                                             |   6|   0|   10|          4|
    |pool_window_V_13_reg_3858                                                             |   6|   0|   10|          4|
    |pool_window_V_16_reg_3874                                                             |   6|   0|   10|          4|
    |pool_window_V_17_reg_3879                                                             |   6|   0|   10|          4|
    |pool_window_V_1_reg_3795                                                              |   6|   0|   10|          4|
    |pool_window_V_20_reg_3895                                                             |   6|   0|   10|          4|
    |pool_window_V_21_reg_3900                                                             |   6|   0|   10|          4|
    |pool_window_V_24_reg_3916                                                             |   6|   0|   10|          4|
    |pool_window_V_25_reg_3921                                                             |   6|   0|   10|          4|
    |pool_window_V_28_reg_3937                                                             |   6|   0|   10|          4|
    |pool_window_V_29_reg_3942                                                             |   6|   0|   10|          4|
    |pool_window_V_32_reg_3958                                                             |   6|   0|   10|          4|
    |pool_window_V_33_reg_3963                                                             |   6|   0|   10|          4|
    |pool_window_V_36_reg_3979                                                             |   6|   0|   10|          4|
    |pool_window_V_37_reg_3984                                                             |   6|   0|   10|          4|
    |pool_window_V_40_reg_4000                                                             |   6|   0|   10|          4|
    |pool_window_V_41_reg_4005                                                             |   6|   0|   10|          4|
    |pool_window_V_44_reg_4021                                                             |   6|   0|   10|          4|
    |pool_window_V_45_reg_4026                                                             |   6|   0|   10|          4|
    |pool_window_V_48_reg_4042                                                             |   6|   0|   10|          4|
    |pool_window_V_49_reg_4047                                                             |   6|   0|   10|          4|
    |pool_window_V_4_reg_3811                                                              |   6|   0|   10|          4|
    |pool_window_V_52_reg_4063                                                             |   6|   0|   10|          4|
    |pool_window_V_53_reg_4068                                                             |   6|   0|   10|          4|
    |pool_window_V_56_reg_4084                                                             |   6|   0|   10|          4|
    |pool_window_V_57_reg_4089                                                             |   6|   0|   10|          4|
    |pool_window_V_5_reg_3816                                                              |   6|   0|   10|          4|
    |pool_window_V_60_reg_4105                                                             |   6|   0|   10|          4|
    |pool_window_V_61_reg_4110                                                             |   6|   0|   10|          4|
    |pool_window_V_64_reg_4126                                                             |   6|   0|   10|          4|
    |pool_window_V_65_reg_4131                                                             |   6|   0|   10|          4|
    |pool_window_V_68_reg_4147                                                             |   6|   0|   10|          4|
    |pool_window_V_69_reg_4152                                                             |   6|   0|   10|          4|
    |pool_window_V_72_reg_4168                                                             |   6|   0|   10|          4|
    |pool_window_V_73_reg_4173                                                             |   6|   0|   10|          4|
    |pool_window_V_76_reg_4189                                                             |   6|   0|   10|          4|
    |pool_window_V_77_reg_4194                                                             |   6|   0|   10|          4|
    |pool_window_V_80_reg_4210                                                             |   6|   0|   10|          4|
    |pool_window_V_81_reg_4215                                                             |   6|   0|   10|          4|
    |pool_window_V_84_reg_4231                                                             |   6|   0|   10|          4|
    |pool_window_V_85_reg_4236                                                             |   6|   0|   10|          4|
    |pool_window_V_88_reg_4252                                                             |   6|   0|   10|          4|
    |pool_window_V_89_reg_4257                                                             |   6|   0|   10|          4|
    |pool_window_V_8_reg_3832                                                              |   6|   0|   10|          4|
    |pool_window_V_92_reg_4273                                                             |   6|   0|   10|          4|
    |pool_window_V_93_reg_4278                                                             |   6|   0|   10|          4|
    |pool_window_V_9_reg_3837                                                              |   6|   0|   10|          4|
    |pool_window_V_reg_3790                                                                |   6|   0|   10|          4|
    |sX                                                                                    |  32|   0|   32|          0|
    |sY                                                                                    |  32|   0|   32|          0|
    |select_ln65_12_reg_3826                                                               |   6|   0|   10|          4|
    |select_ln65_15_reg_3847                                                               |   6|   0|   10|          4|
    |select_ln65_18_reg_3868                                                               |   6|   0|   10|          4|
    |select_ln65_21_reg_3889                                                               |   6|   0|   10|          4|
    |select_ln65_24_reg_3910                                                               |   6|   0|   10|          4|
    |select_ln65_27_reg_3931                                                               |   6|   0|   10|          4|
    |select_ln65_30_reg_3952                                                               |   6|   0|   10|          4|
    |select_ln65_33_reg_3973                                                               |   6|   0|   10|          4|
    |select_ln65_36_reg_3994                                                               |   6|   0|   10|          4|
    |select_ln65_39_reg_4015                                                               |   6|   0|   10|          4|
    |select_ln65_42_reg_4036                                                               |   6|   0|   10|          4|
    |select_ln65_45_reg_4057                                                               |   6|   0|   10|          4|
    |select_ln65_48_reg_4078                                                               |   6|   0|   10|          4|
    |select_ln65_51_reg_4099                                                               |   6|   0|   10|          4|
    |select_ln65_54_reg_4120                                                               |   6|   0|   10|          4|
    |select_ln65_57_reg_4141                                                               |   6|   0|   10|          4|
    |select_ln65_60_reg_4162                                                               |   6|   0|   10|          4|
    |select_ln65_63_reg_4183                                                               |   6|   0|   10|          4|
    |select_ln65_66_reg_4204                                                               |   6|   0|   10|          4|
    |select_ln65_69_reg_4225                                                               |   6|   0|   10|          4|
    |select_ln65_72_reg_4246                                                               |   6|   0|   10|          4|
    |select_ln65_75_reg_4267                                                               |   6|   0|   10|          4|
    |select_ln65_78_reg_4288                                                               |   6|   0|   10|          4|
    |select_ln65_9_reg_3805                                                                |   6|   0|   10|          4|
    |start_once_reg                                                                        |   1|   0|    1|          0|
    +--------------------------------------------------------------------------------------+----+----+-----+-----------+
    |Total                                                                                 | 923|   0| 1211|        288|
    +--------------------------------------------------------------------------------------+----+----+-----+-----------+



================================================================
== Interface
================================================================
* Summary: 
+----------------------------+-----+-----+------------+--------------------------------------------------------------+--------------+
|          RTL Ports         | Dir | Bits|  Protocol  |                         Source Object                        |    C Type    |
+----------------------------+-----+-----+------------+--------------------------------------------------------------+--------------+
|ap_clk                      |   in|    1|  ap_ctrl_hs|  pooling2d_cl<array,array<ap_fixed<16,6,5,3,0>,24u>,config13>|  return value|
|ap_rst                      |   in|    1|  ap_ctrl_hs|  pooling2d_cl<array,array<ap_fixed<16,6,5,3,0>,24u>,config13>|  return value|
|ap_start                    |   in|    1|  ap_ctrl_hs|  pooling2d_cl<array,array<ap_fixed<16,6,5,3,0>,24u>,config13>|  return value|
|start_full_n                |   in|    1|  ap_ctrl_hs|  pooling2d_cl<array,array<ap_fixed<16,6,5,3,0>,24u>,config13>|  return value|
|ap_done                     |  out|    1|  ap_ctrl_hs|  pooling2d_cl<array,array<ap_fixed<16,6,5,3,0>,24u>,config13>|  return value|
|ap_continue                 |   in|    1|  ap_ctrl_hs|  pooling2d_cl<array,array<ap_fixed<16,6,5,3,0>,24u>,config13>|  return value|
|ap_idle                     |  out|    1|  ap_ctrl_hs|  pooling2d_cl<array,array<ap_fixed<16,6,5,3,0>,24u>,config13>|  return value|
|ap_ready                    |  out|    1|  ap_ctrl_hs|  pooling2d_cl<array,array<ap_fixed<16,6,5,3,0>,24u>,config13>|  return value|
|start_out                   |  out|    1|  ap_ctrl_hs|  pooling2d_cl<array,array<ap_fixed<16,6,5,3,0>,24u>,config13>|  return value|
|start_write                 |  out|    1|  ap_ctrl_hs|  pooling2d_cl<array,array<ap_fixed<16,6,5,3,0>,24u>,config13>|  return value|
|layer12_out_dout            |   in|  144|     ap_fifo|                                                   layer12_out|       pointer|
|layer12_out_num_data_valid  |   in|    5|     ap_fifo|                                                   layer12_out|       pointer|
|layer12_out_fifo_cap        |   in|    5|     ap_fifo|                                                   layer12_out|       pointer|
|layer12_out_empty_n         |   in|    1|     ap_fifo|                                                   layer12_out|       pointer|
|layer12_out_read            |  out|    1|     ap_fifo|                                                   layer12_out|       pointer|
|layer13_out_din             |  out|  384|     ap_fifo|                                                   layer13_out|       pointer|
|layer13_out_num_data_valid  |   in|    3|     ap_fifo|                                                   layer13_out|       pointer|
|layer13_out_fifo_cap        |   in|    3|     ap_fifo|                                                   layer13_out|       pointer|
|layer13_out_full_n          |   in|    1|     ap_fifo|                                                   layer13_out|       pointer|
|layer13_out_write           |  out|    1|     ap_fifo|                                                   layer13_out|       pointer|
+----------------------------+-----+-----+------------+--------------------------------------------------------------+--------------+

