
*** Running vivado
    with args -log bd_097b_user_debug_bridge_0.vds -m64 -product Vivado -mode batch -messageDb vivado.pb -notrace -source bd_097b_user_debug_bridge_0.tcl


****** Vivado v2022.2 (64-bit)
  **** SW Build 3671981 on Fri Oct 14 04:59:54 MDT 2022
  **** IP Build 3669848 on Fri Oct 14 08:30:02 MDT 2022
    ** Copyright 1986-2022 Xilinx, Inc. All Rights Reserved.

source bd_097b_user_debug_bridge_0.tcl -notrace
INFO: Dispatch client connection id - 33469
create_project: Time (s): cpu = 00:00:06 ; elapsed = 00:00:09 . Memory (MB): peak = 1716.586 ; gain = 86.992 ; free physical = 595897 ; free virtual = 822618
INFO: [IP_Flow 19-234] Refreshing IP repositories
INFO: [IP_Flow 19-1700] Loaded user IP repository '/home/ayvol/vitis-accel-DNN/vitis_accel_prj/build/xclbin/link/int/xo/ip_repo/xilinx_com_hls_kernel_wrapper_1_0'.
INFO: [IP_Flow 19-1700] Loaded user IP repository '/home/ayvol/vitis-accel-DNN/vitis_accel_prj/build/xclbin/link/vivado/vpl/.local/hw_platform/iprepo'.
INFO: [IP_Flow 19-1700] Loaded user IP repository '/home/ayvol/vitis-accel-DNN/vitis_accel_prj/build/xclbin/link/vivado/vpl/.local/hw_platform/ipcache'.
INFO: [IP_Flow 19-1700] Loaded user IP repository '/tools/Xilinx/Vitis/2022.2/data/ip'.
INFO: [IP_Flow 19-2313] Loaded Vivado IP repository '/tools/Xilinx/Vivado/2022.2/data/ip'.
WARNING: [IP_Flow 19-1663] Duplicate IP found for 'xilinx.com:ip:axi_clk_metadata_adapter:1.0'. The one found in IP location '/home/ayvol/vitis-accel-DNN/vitis_accel_prj/build/xclbin/link/vivado/vpl/.local/hw_platform/iprepo/ipdefs/other_ipdefs/axi_clk_metadata_adapter_v1_0' will take precedence over the same IP in location /home/ayvol/vitis-accel-DNN/vitis_accel_prj/build/xclbin/link/vivado/vpl/.local/hw_platform/iprepo/ipdefs/pxi_ii_infra/axi_clk_metadata_adapter_v1_0
WARNING: [IP_Flow 19-1663] Duplicate IP found for 'xilinx.com:ip:axis_clk_metadata_adapter:1.0'. The one found in IP location '/home/ayvol/vitis-accel-DNN/vitis_accel_prj/build/xclbin/link/vivado/vpl/.local/hw_platform/iprepo/ipdefs/other_ipdefs/axis_clk_metadata_adapter_v1_0' will take precedence over the same IP in location /home/ayvol/vitis-accel-DNN/vitis_accel_prj/build/xclbin/link/vivado/vpl/.local/hw_platform/iprepo/ipdefs/pxi_ii_infra/axis_clk_metadata_adapter_v1_0
WARNING: [IP_Flow 19-1663] Duplicate IP found for 'xilinx.com:ip:clk_metadata_adapter:1.0'. The one found in IP location '/home/ayvol/vitis-accel-DNN/vitis_accel_prj/build/xclbin/link/vivado/vpl/.local/hw_platform/iprepo/ipdefs/other_ipdefs/clk_metadata_adapter_v1_0' will take precedence over the same IP in location /home/ayvol/vitis-accel-DNN/vitis_accel_prj/build/xclbin/link/vivado/vpl/.local/hw_platform/iprepo/ipdefs/pxi_ii_infra/clk_metadata_adapter_v1_0
WARNING: [IP_Flow 19-1663] Duplicate IP found for 'xilinx.com:ip:pipeline_reg:1.0'. The one found in IP location '/home/ayvol/vitis-accel-DNN/vitis_accel_prj/build/xclbin/link/vivado/vpl/.local/hw_platform/iprepo/ipdefs/other_ipdefs/pipeline_reg_v1_0' will take precedence over the same IP in location /home/ayvol/vitis-accel-DNN/vitis_accel_prj/build/xclbin/link/vivado/vpl/.local/hw_platform/iprepo/ipdefs/pxi_ii_infra/pipeline_reg_v1_0
WARNING: [IP_Flow 19-1663] Duplicate IP found for 'xilinx.com:ip:shell_utils_build_info:1.0'. The one found in IP location '/home/ayvol/vitis-accel-DNN/vitis_accel_prj/build/xclbin/link/vivado/vpl/.local/hw_platform/iprepo/ipdefs/other_ipdefs/shell_utils_build_info_v1_0' will take precedence over the same IP in the Xilinx installed IP.
INFO: [IP_Flow 19-6924] IPCACHE: Running cache check for IP inst: bd_097b_user_debug_bridge_0
Command: synth_design -top bd_097b_user_debug_bridge_0 -part xcu55c-fsvh2892-2L-e -incremental_mode off -mode out_of_context
Starting synth_design
Attempting to get a license for feature 'Synthesis' and/or device 'xcu55c'
INFO: [Common 17-349] Got license for feature 'Synthesis' and/or device 'xcu55c'
INFO: [Device 21-403] Loading part xcu55c-fsvh2892-2L-e
INFO: [Synth 8-7079] Multithreading enabled for synth_design using a maximum of 1 processes.
INFO: [Synth 8-7078] Launching helper process for spawning children vivado processes
INFO: [Synth 8-7075] Helper process launched with PID 6636
INFO: [Synth 8-11241] undeclared symbol 'REGCCE', assumed default net type 'wire' [/tools/Xilinx/Vivado/2022.2/data/verilog/src/unimacro/BRAM_SINGLE_MACRO.v:2170]
---------------------------------------------------------------------------------
Starting RTL Elaboration : Time (s): cpu = 00:00:04 ; elapsed = 00:00:04 . Memory (MB): peak = 3468.809 ; gain = 357.734 ; free physical = 591450 ; free virtual = 818196
Synthesis current peak Physical Memory [PSS] (MB): peak = 2649.465; parent = 2521.558; children = 127.907
Synthesis current peak Virtual Memory [VSS] (MB): peak = 4460.066; parent = 3472.781; children = 987.285
---------------------------------------------------------------------------------
INFO: [Synth 8-6157] synthesizing module 'bd_097b_user_debug_bridge_0' [/home/ayvol/vitis-accel-DNN/vitis_accel_prj/build/xclbin/link/vivado/vpl/prj/prj.gen/my_rm/bd/ulp/ip/ulp_ulp_cmp_0/bd_0/ip/ip_2/synth/bd_097b_user_debug_bridge_0.v:53]
INFO: [Synth 8-6157] synthesizing module 'bd_7cf0' [/home/ayvol/vitis-accel-DNN/vitis_accel_prj/build/xclbin/link/vivado/vpl/prj/prj.gen/my_rm/bd/ulp/ip/ulp_ulp_cmp_0/bd_1/synth/bd_7cf0.v:9]
INFO: [Synth 8-6157] synthesizing module 'bd_7cf0_axi_jtag_0' [/home/ayvol/vitis-accel-DNN/vitis_accel_prj/build/xclbin/link/vivado/vpl/prj/prj.runs/bd_097b_user_debug_bridge_0_synth_1/.Xil/Vivado-6452-egl/realtime/bd_7cf0_axi_jtag_0_stub.v:5]
INFO: [Synth 8-6155] done synthesizing module 'bd_7cf0_axi_jtag_0' (0#1) [/home/ayvol/vitis-accel-DNN/vitis_accel_prj/build/xclbin/link/vivado/vpl/prj/prj.runs/bd_097b_user_debug_bridge_0_synth_1/.Xil/Vivado-6452-egl/realtime/bd_7cf0_axi_jtag_0_stub.v:5]
INFO: [Synth 8-6157] synthesizing module 'bd_7cf0_bs_switch_1_0' [/home/ayvol/vitis-accel-DNN/vitis_accel_prj/build/xclbin/link/vivado/vpl/prj/prj.runs/bd_097b_user_debug_bridge_0_synth_1/.Xil/Vivado-6452-egl/realtime/bd_7cf0_bs_switch_1_0_stub.v:5]
INFO: [Synth 8-6155] done synthesizing module 'bd_7cf0_bs_switch_1_0' (0#1) [/home/ayvol/vitis-accel-DNN/vitis_accel_prj/build/xclbin/link/vivado/vpl/prj/prj.runs/bd_097b_user_debug_bridge_0_synth_1/.Xil/Vivado-6452-egl/realtime/bd_7cf0_bs_switch_1_0_stub.v:5]
INFO: [Synth 8-6157] synthesizing module 'bd_7cf0_bsip_0' [/home/ayvol/vitis-accel-DNN/vitis_accel_prj/build/xclbin/link/vivado/vpl/prj/prj.runs/bd_097b_user_debug_bridge_0_synth_1/.Xil/Vivado-6452-egl/realtime/bd_7cf0_bsip_0_stub.v:5]
INFO: [Synth 8-6155] done synthesizing module 'bd_7cf0_bsip_0' (0#1) [/home/ayvol/vitis-accel-DNN/vitis_accel_prj/build/xclbin/link/vivado/vpl/prj/prj.runs/bd_097b_user_debug_bridge_0_synth_1/.Xil/Vivado-6452-egl/realtime/bd_7cf0_bsip_0_stub.v:5]
INFO: [Synth 8-6155] done synthesizing module 'bd_7cf0' (0#1) [/home/ayvol/vitis-accel-DNN/vitis_accel_prj/build/xclbin/link/vivado/vpl/prj/prj.gen/my_rm/bd/ulp/ip/ulp_ulp_cmp_0/bd_1/synth/bd_7cf0.v:9]
INFO: [Synth 8-6155] done synthesizing module 'bd_097b_user_debug_bridge_0' (0#1) [/home/ayvol/vitis-accel-DNN/vitis_accel_prj/build/xclbin/link/vivado/vpl/prj/prj.gen/my_rm/bd/ulp/ip/ulp_ulp_cmp_0/bd_0/ip/ip_2/synth/bd_097b_user_debug_bridge_0.v:53]
---------------------------------------------------------------------------------
Finished RTL Elaboration : Time (s): cpu = 00:00:06 ; elapsed = 00:00:06 . Memory (MB): peak = 3540.746 ; gain = 429.672 ; free physical = 591537 ; free virtual = 818249
Synthesis current peak Physical Memory [PSS] (MB): peak = 2649.465; parent = 2521.558; children = 127.907
Synthesis current peak Virtual Memory [VSS] (MB): peak = 4528.035; parent = 3540.750; children = 987.285
---------------------------------------------------------------------------------
---------------------------------------------------------------------------------
Start Handling Custom Attributes
---------------------------------------------------------------------------------
---------------------------------------------------------------------------------
Finished Handling Custom Attributes : Time (s): cpu = 00:00:06 ; elapsed = 00:00:06 . Memory (MB): peak = 3558.559 ; gain = 447.484 ; free physical = 591504 ; free virtual = 818216
Synthesis current peak Physical Memory [PSS] (MB): peak = 2649.465; parent = 2521.558; children = 127.907
Synthesis current peak Virtual Memory [VSS] (MB): peak = 4545.848; parent = 3558.562; children = 987.285
---------------------------------------------------------------------------------
---------------------------------------------------------------------------------
Finished RTL Optimization Phase 1 : Time (s): cpu = 00:00:06 ; elapsed = 00:00:06 . Memory (MB): peak = 3558.559 ; gain = 447.484 ; free physical = 591461 ; free virtual = 818176
Synthesis current peak Physical Memory [PSS] (MB): peak = 2649.465; parent = 2521.558; children = 127.907
Synthesis current peak Virtual Memory [VSS] (MB): peak = 4545.848; parent = 3558.562; children = 987.285
---------------------------------------------------------------------------------
Netlist sorting complete. Time (s): cpu = 00:00:00 ; elapsed = 00:00:00 . Memory (MB): peak = 3558.559 ; gain = 0.000 ; free physical = 591435 ; free virtual = 818149
INFO: [Project 1-570] Preparing netlist for logic optimization

Processing XDC Constraints
Initializing timing engine
Parsing XDC File [/home/ayvol/vitis-accel-DNN/vitis_accel_prj/build/xclbin/link/vivado/vpl/prj/prj.gen/my_rm/bd/ulp/ip/ulp_ulp_cmp_0/bd_1/ip/ip_0/bd_7cf0_axi_jtag_0/bd_7cf0_axi_jtag_0_in_context.xdc] for cell 'inst/axi_jtag'
0V85_VCCINT { VCCINT }  -supply_current_budget  100.000 A -voltage  0.850 V -direct
0V85_VCCINT_IO { VCCINT_IO VCCBRAM }  -supply_current_budget  30.000 A -voltage  0.850 V -direct
0V9_AVCC { MGTYAVCC }  -supply_current_budget  0.000 A -voltage  0.900 V -direct
1V2_AVTT { MGTYAVTT }  -supply_current_budget  0.000 A -voltage  1.200 V -direct
1V2_HBM { VCC_HBM }  -supply_current_budget  0.000 A -voltage  1.200 V -direct
1V8 { VCCAUX VCCAUX_IO MGTYVCCAUX VCCO18 VCCADC }  -supply_current_budget  4.000 A -voltage  1.800 V -direct
2V5_VPP { VCCAUX_HBM }  -supply_current_budget  0.300 A -voltage  2.500 V -direct
Finished Parsing XDC File [/home/ayvol/vitis-accel-DNN/vitis_accel_prj/build/xclbin/link/vivado/vpl/prj/prj.gen/my_rm/bd/ulp/ip/ulp_ulp_cmp_0/bd_1/ip/ip_0/bd_7cf0_axi_jtag_0/bd_7cf0_axi_jtag_0_in_context.xdc] for cell 'inst/axi_jtag'
Parsing XDC File [/home/ayvol/vitis-accel-DNN/vitis_accel_prj/build/xclbin/link/vivado/vpl/prj/prj.gen/my_rm/bd/ulp/ip/ulp_ulp_cmp_0/bd_1/ip/ip_1/bd_7cf0_bsip_0/bd_7cf0_bsip_0_in_context.xdc] for cell 'inst/bsip'
Finished Parsing XDC File [/home/ayvol/vitis-accel-DNN/vitis_accel_prj/build/xclbin/link/vivado/vpl/prj/prj.gen/my_rm/bd/ulp/ip/ulp_ulp_cmp_0/bd_1/ip/ip_1/bd_7cf0_bsip_0/bd_7cf0_bsip_0_in_context.xdc] for cell 'inst/bsip'
Parsing XDC File [/home/ayvol/vitis-accel-DNN/vitis_accel_prj/build/xclbin/link/vivado/vpl/prj/prj.gen/my_rm/bd/ulp/ip/ulp_ulp_cmp_0/bd_1/ip/ip_2/bd_7cf0_bs_switch_1_0/bd_7cf0_bs_switch_1_0_in_context.xdc] for cell 'inst/bs_switch_1'
Finished Parsing XDC File [/home/ayvol/vitis-accel-DNN/vitis_accel_prj/build/xclbin/link/vivado/vpl/prj/prj.gen/my_rm/bd/ulp/ip/ulp_ulp_cmp_0/bd_1/ip/ip_2/bd_7cf0_bs_switch_1_0/bd_7cf0_bs_switch_1_0_in_context.xdc] for cell 'inst/bs_switch_1'
Parsing XDC File [/home/ayvol/vitis-accel-DNN/vitis_accel_prj/build/xclbin/link/vivado/vpl/prj/prj.gen/my_rm/bd/ulp/ip/ulp_ulp_cmp_0/bd_0/ip/ip_2/bd_097b_user_debug_bridge_0_ooc.xdc] for cell 'inst'
Finished Parsing XDC File [/home/ayvol/vitis-accel-DNN/vitis_accel_prj/build/xclbin/link/vivado/vpl/prj/prj.gen/my_rm/bd/ulp/ip/ulp_ulp_cmp_0/bd_0/ip/ip_2/bd_097b_user_debug_bridge_0_ooc.xdc] for cell 'inst'
Parsing XDC File [/home/ayvol/vitis-accel-DNN/vitis_accel_prj/build/xclbin/link/vivado/vpl/prj/prj.runs/bd_097b_user_debug_bridge_0_synth_1/dont_touch.xdc]
Finished Parsing XDC File [/home/ayvol/vitis-accel-DNN/vitis_accel_prj/build/xclbin/link/vivado/vpl/prj/prj.runs/bd_097b_user_debug_bridge_0_synth_1/dont_touch.xdc]
Completed Processing XDC Constraints

Netlist sorting complete. Time (s): cpu = 00:00:00 ; elapsed = 00:00:00 . Memory (MB): peak = 3599.250 ; gain = 0.000 ; free physical = 596590 ; free virtual = 823352
INFO: [Project 1-111] Unisim Transformation Summary:
No Unisim elements were transformed.

Constraint Validation Runtime : Time (s): cpu = 00:00:00.01 ; elapsed = 00:00:00.01 . Memory (MB): peak = 3599.250 ; gain = 0.000 ; free physical = 596580 ; free virtual = 823342
INFO: [Designutils 20-5008] Incremental synthesis strategy off
INFO: [Synth 8-11241] undeclared symbol 'REGCCE', assumed default net type 'wire' [/tools/Xilinx/Vivado/2022.2/data/verilog/src/unimacro/BRAM_SINGLE_MACRO.v:2170]
---------------------------------------------------------------------------------
Finished Constraint Validation : Time (s): cpu = 00:00:17 ; elapsed = 00:00:18 . Memory (MB): peak = 3599.250 ; gain = 488.176 ; free physical = 595531 ; free virtual = 822299
Synthesis current peak Physical Memory [PSS] (MB): peak = 2680.445; parent = 2551.782; children = 128.728
Synthesis current peak Virtual Memory [VSS] (MB): peak = 4586.539; parent = 3599.254; children = 987.285
---------------------------------------------------------------------------------
---------------------------------------------------------------------------------
Start Loading Part and Timing Information
---------------------------------------------------------------------------------
Loading part: xcu55c-fsvh2892-2L-e
INFO: [Synth 8-6742] Reading net delay rules and data
---------------------------------------------------------------------------------
Finished Loading Part and Timing Information : Time (s): cpu = 00:00:17 ; elapsed = 00:00:18 . Memory (MB): peak = 3599.250 ; gain = 488.176 ; free physical = 595534 ; free virtual = 822302
Synthesis current peak Physical Memory [PSS] (MB): peak = 2680.445; parent = 2551.782; children = 128.728
Synthesis current peak Virtual Memory [VSS] (MB): peak = 4586.539; parent = 3599.254; children = 987.285
---------------------------------------------------------------------------------
---------------------------------------------------------------------------------
Start Applying 'set_property' XDC Constraints
---------------------------------------------------------------------------------
Applied set_property KEEP_HIERARCHY = SOFT for inst. (constraint file  auto generated constraint).
Applied set_property KEEP_HIERARCHY = SOFT for inst/axi_jtag. (constraint file  auto generated constraint).
Applied set_property KEEP_HIERARCHY = SOFT for inst/bsip. (constraint file  auto generated constraint).
Applied set_property KEEP_HIERARCHY = SOFT for inst/bs_switch_1. (constraint file  auto generated constraint).
---------------------------------------------------------------------------------
Finished applying 'set_property' XDC Constraints : Time (s): cpu = 00:00:17 ; elapsed = 00:00:18 . Memory (MB): peak = 3599.250 ; gain = 488.176 ; free physical = 595526 ; free virtual = 822294
Synthesis current peak Physical Memory [PSS] (MB): peak = 2680.445; parent = 2551.782; children = 128.728
Synthesis current peak Virtual Memory [VSS] (MB): peak = 4586.539; parent = 3599.254; children = 987.285
---------------------------------------------------------------------------------
---------------------------------------------------------------------------------
Finished RTL Optimization Phase 2 : Time (s): cpu = 00:00:17 ; elapsed = 00:00:18 . Memory (MB): peak = 3599.250 ; gain = 488.176 ; free physical = 595517 ; free virtual = 822286
Synthesis current peak Physical Memory [PSS] (MB): peak = 2680.445; parent = 2551.782; children = 128.728
Synthesis current peak Virtual Memory [VSS] (MB): peak = 4586.539; parent = 3599.254; children = 987.285
---------------------------------------------------------------------------------
---------------------------------------------------------------------------------
Start RTL Component Statistics 
---------------------------------------------------------------------------------
Detailed RTL Component Info : 
---------------------------------------------------------------------------------
Finished RTL Component Statistics 
---------------------------------------------------------------------------------
---------------------------------------------------------------------------------
Start Part Resource Summary
---------------------------------------------------------------------------------
Part Resources:
DSPs: 9024 (col length:94)
BRAMs: 4032 (col length: RAMB18 288 RAMB36 144)
---------------------------------------------------------------------------------
Finished Part Resource Summary
---------------------------------------------------------------------------------
---------------------------------------------------------------------------------
Start Cross Boundary and Area Optimization
---------------------------------------------------------------------------------
WARNING: [Synth 8-7080] Parallel synthesis criteria is not met
---------------------------------------------------------------------------------
Finished Cross Boundary and Area Optimization : Time (s): cpu = 00:00:18 ; elapsed = 00:00:20 . Memory (MB): peak = 3599.250 ; gain = 488.176 ; free physical = 596732 ; free virtual = 823468
Synthesis current peak Physical Memory [PSS] (MB): peak = 2680.445; parent = 2551.782; children = 128.728
Synthesis current peak Virtual Memory [VSS] (MB): peak = 4586.539; parent = 3599.254; children = 987.285
---------------------------------------------------------------------------------
---------------------------------------------------------------------------------
Start Applying XDC Timing Constraints
---------------------------------------------------------------------------------
---------------------------------------------------------------------------------
Finished Applying XDC Timing Constraints : Time (s): cpu = 00:00:29 ; elapsed = 00:00:32 . Memory (MB): peak = 3951.539 ; gain = 840.465 ; free physical = 598770 ; free virtual = 825518
Synthesis current peak Physical Memory [PSS] (MB): peak = 3126.093; parent = 2995.276; children = 130.816
Synthesis current peak Virtual Memory [VSS] (MB): peak = 4938.828; parent = 3951.543; children = 987.285
---------------------------------------------------------------------------------
---------------------------------------------------------------------------------
Start Timing Optimization
---------------------------------------------------------------------------------
---------------------------------------------------------------------------------
Finished Timing Optimization : Time (s): cpu = 00:00:29 ; elapsed = 00:00:32 . Memory (MB): peak = 3951.539 ; gain = 840.465 ; free physical = 598732 ; free virtual = 825481
Synthesis current peak Physical Memory [PSS] (MB): peak = 3126.211; parent = 2995.395; children = 130.816
Synthesis current peak Virtual Memory [VSS] (MB): peak = 4938.828; parent = 3951.543; children = 987.285
---------------------------------------------------------------------------------
---------------------------------------------------------------------------------
Start Technology Mapping
---------------------------------------------------------------------------------
---------------------------------------------------------------------------------
Finished Technology Mapping : Time (s): cpu = 00:00:29 ; elapsed = 00:00:32 . Memory (MB): peak = 3970.570 ; gain = 859.496 ; free physical = 598702 ; free virtual = 825451
Synthesis current peak Physical Memory [PSS] (MB): peak = 3126.446; parent = 2995.630; children = 130.816
Synthesis current peak Virtual Memory [VSS] (MB): peak = 4957.859; parent = 3970.574; children = 987.285
---------------------------------------------------------------------------------
---------------------------------------------------------------------------------
Start IO Insertion
---------------------------------------------------------------------------------
---------------------------------------------------------------------------------
Start Flattening Before IO Insertion
---------------------------------------------------------------------------------
---------------------------------------------------------------------------------
Finished Flattening Before IO Insertion
---------------------------------------------------------------------------------
---------------------------------------------------------------------------------
Start Final Netlist Cleanup
---------------------------------------------------------------------------------
---------------------------------------------------------------------------------
Finished Final Netlist Cleanup
---------------------------------------------------------------------------------
---------------------------------------------------------------------------------
Finished IO Insertion : Time (s): cpu = 00:00:32 ; elapsed = 00:00:36 . Memory (MB): peak = 3976.508 ; gain = 865.434 ; free physical = 597805 ; free virtual = 824600
Synthesis current peak Physical Memory [PSS] (MB): peak = 3126.446; parent = 2995.630; children = 130.816
Synthesis current peak Virtual Memory [VSS] (MB): peak = 4963.797; parent = 3976.512; children = 987.285
---------------------------------------------------------------------------------
---------------------------------------------------------------------------------
Start Renaming Generated Instances
---------------------------------------------------------------------------------
---------------------------------------------------------------------------------
Finished Renaming Generated Instances : Time (s): cpu = 00:00:32 ; elapsed = 00:00:36 . Memory (MB): peak = 3976.508 ; gain = 865.434 ; free physical = 597803 ; free virtual = 824599
Synthesis current peak Physical Memory [PSS] (MB): peak = 3126.446; parent = 2995.630; children = 130.816
Synthesis current peak Virtual Memory [VSS] (MB): peak = 4963.797; parent = 3976.512; children = 987.285
---------------------------------------------------------------------------------
---------------------------------------------------------------------------------
Start Rebuilding User Hierarchy
---------------------------------------------------------------------------------
---------------------------------------------------------------------------------
Finished Rebuilding User Hierarchy : Time (s): cpu = 00:00:32 ; elapsed = 00:00:36 . Memory (MB): peak = 3976.508 ; gain = 865.434 ; free physical = 597795 ; free virtual = 824593
Synthesis current peak Physical Memory [PSS] (MB): peak = 3126.446; parent = 2995.630; children = 130.816
Synthesis current peak Virtual Memory [VSS] (MB): peak = 4963.797; parent = 3976.512; children = 987.285
---------------------------------------------------------------------------------
---------------------------------------------------------------------------------
Start Renaming Generated Ports
---------------------------------------------------------------------------------
---------------------------------------------------------------------------------
Finished Renaming Generated Ports : Time (s): cpu = 00:00:32 ; elapsed = 00:00:36 . Memory (MB): peak = 3976.508 ; gain = 865.434 ; free physical = 597778 ; free virtual = 824579
Synthesis current peak Physical Memory [PSS] (MB): peak = 3126.446; parent = 2995.630; children = 130.816
Synthesis current peak Virtual Memory [VSS] (MB): peak = 4963.797; parent = 3976.512; children = 987.285
---------------------------------------------------------------------------------
---------------------------------------------------------------------------------
Start Handling Custom Attributes
---------------------------------------------------------------------------------
---------------------------------------------------------------------------------
Finished Handling Custom Attributes : Time (s): cpu = 00:00:32 ; elapsed = 00:00:36 . Memory (MB): peak = 3976.508 ; gain = 865.434 ; free physical = 597738 ; free virtual = 824545
Synthesis current peak Physical Memory [PSS] (MB): peak = 3126.446; parent = 2995.630; children = 130.816
Synthesis current peak Virtual Memory [VSS] (MB): peak = 4963.797; parent = 3976.512; children = 987.285
---------------------------------------------------------------------------------
---------------------------------------------------------------------------------
Start Renaming Generated Nets
---------------------------------------------------------------------------------
---------------------------------------------------------------------------------
Finished Renaming Generated Nets : Time (s): cpu = 00:00:32 ; elapsed = 00:00:37 . Memory (MB): peak = 3976.508 ; gain = 865.434 ; free physical = 597718 ; free virtual = 824531
Synthesis current peak Physical Memory [PSS] (MB): peak = 3126.446; parent = 2995.630; children = 130.816
Synthesis current peak Virtual Memory [VSS] (MB): peak = 4963.797; parent = 3976.512; children = 987.285
---------------------------------------------------------------------------------
---------------------------------------------------------------------------------
Start Writing Synthesis Report
---------------------------------------------------------------------------------

Report BlackBoxes: 
+------+----------------------+----------+
|      |BlackBox name         |Instances |
+------+----------------------+----------+
|1     |bd_7cf0_axi_jtag_0    |         1|
|2     |bd_7cf0_bs_switch_1_0 |         1|
|3     |bd_7cf0_bsip_0        |         1|
+------+----------------------+----------+

Report Cell Usage: 
+------+--------------------+------+
|      |Cell                |Count |
+------+--------------------+------+
|1     |bd_7cf0_axi_jtag    |     1|
|2     |bd_7cf0_bs_switch_1 |     1|
|3     |bd_7cf0_bsip        |     1|
+------+--------------------+------+
---------------------------------------------------------------------------------
Finished Writing Synthesis Report : Time (s): cpu = 00:00:32 ; elapsed = 00:00:37 . Memory (MB): peak = 3976.508 ; gain = 865.434 ; free physical = 597695 ; free virtual = 824513
Synthesis current peak Physical Memory [PSS] (MB): peak = 3126.446; parent = 2995.630; children = 130.816
Synthesis current peak Virtual Memory [VSS] (MB): peak = 4963.797; parent = 3976.512; children = 987.285
---------------------------------------------------------------------------------
Synthesis finished with 0 errors, 0 critical warnings and 1 warnings.
Synthesis Optimization Runtime : Time (s): cpu = 00:00:25 ; elapsed = 00:00:30 . Memory (MB): peak = 3976.508 ; gain = 824.742 ; free physical = 597708 ; free virtual = 824486
Synthesis Optimization Complete : Time (s): cpu = 00:00:32 ; elapsed = 00:00:37 . Memory (MB): peak = 3976.516 ; gain = 865.434 ; free physical = 597691 ; free virtual = 824471
INFO: [Project 1-571] Translating synthesized netlist
Netlist sorting complete. Time (s): cpu = 00:00:00 ; elapsed = 00:00:00 . Memory (MB): peak = 3976.516 ; gain = 0.000 ; free physical = 597688 ; free virtual = 824469
INFO: [Project 1-570] Preparing netlist for logic optimization
INFO: [Opt 31-138] Pushed 0 inverter(s) to 0 load pin(s).
Netlist sorting complete. Time (s): cpu = 00:00:00 ; elapsed = 00:00:00 . Memory (MB): peak = 4054.828 ; gain = 0.000 ; free physical = 597497 ; free virtual = 824258
INFO: [Project 1-111] Unisim Transformation Summary:
No Unisim elements were transformed.

Synth Design complete, checksum: 2ca306ae
INFO: [Common 17-83] Releasing license: Synthesis
33 Infos, 6 Warnings, 0 Critical Warnings and 0 Errors encountered.
synth_design completed successfully
synth_design: Time (s): cpu = 00:00:45 ; elapsed = 00:00:50 . Memory (MB): peak = 4068.766 ; gain = 2286.648 ; free physical = 597418 ; free virtual = 824180
INFO: [Common 17-600] The following parameters have non-default value.
general.maxThreads
INFO: [Common 17-1381] The checkpoint '/home/ayvol/vitis-accel-DNN/vitis_accel_prj/build/xclbin/link/vivado/vpl/prj/prj.runs/bd_097b_user_debug_bridge_0_synth_1/bd_097b_user_debug_bridge_0.dcp' has been generated.
INFO: [Coretcl 2-1648] Added synthesis output to IP cache for IP bd_097b_user_debug_bridge_0, cache-ID = 8c9dbe47d7b3c323
INFO: [Coretcl 2-1174] Renamed 4 cell refs.
INFO: [Common 17-1381] The checkpoint '/home/ayvol/vitis-accel-DNN/vitis_accel_prj/build/xclbin/link/vivado/vpl/prj/prj.runs/bd_097b_user_debug_bridge_0_synth_1/bd_097b_user_debug_bridge_0.dcp' has been generated.
INFO: [runtcl-4] Executing : report_utilization -file bd_097b_user_debug_bridge_0_utilization_synth.rpt -pb bd_097b_user_debug_bridge_0_utilization_synth.pb
INFO: [Common 17-206] Exiting Vivado at Sat Jun  1 06:18:52 2024...
