
*** Running vivado
    with args -log bd_22c0_psreset_kernel_00_0.vds -m64 -product Vivado -mode batch -messageDb vivado.pb -notrace -source bd_22c0_psreset_kernel_00_0.tcl


****** Vivado v2022.2 (64-bit)
  **** SW Build 3671981 on Fri Oct 14 04:59:54 MDT 2022
  **** IP Build 3669848 on Fri Oct 14 08:30:02 MDT 2022
    ** Copyright 1986-2022 Xilinx, Inc. All Rights Reserved.

source bd_22c0_psreset_kernel_00_0.tcl -notrace
INFO: Dispatch client connection id - 33731
create_project: Time (s): cpu = 00:00:05 ; elapsed = 00:00:09 . Memory (MB): peak = 1716.223 ; gain = 87.992 ; free physical = 658511 ; free virtual = 852687
INFO: [IP_Flow 19-234] Refreshing IP repositories
INFO: [IP_Flow 19-1700] Loaded user IP repository '/home/ayvol/vitis-accel-CNN/vitis_accel_prj/build/xclbin/link/int/xo/ip_repo/xilinx_com_hls_kernel_wrapper_1_0'.
INFO: [IP_Flow 19-1700] Loaded user IP repository '/home/ayvol/vitis-accel-CNN/vitis_accel_prj/build/xclbin/link/vivado/vpl/.local/hw_platform/iprepo'.
INFO: [IP_Flow 19-1700] Loaded user IP repository '/home/ayvol/vitis-accel-CNN/vitis_accel_prj/build/xclbin/link/vivado/vpl/.local/hw_platform/ipcache'.
INFO: [IP_Flow 19-1700] Loaded user IP repository '/tools/Xilinx/Vitis/2022.2/data/ip'.
INFO: [IP_Flow 19-2313] Loaded Vivado IP repository '/tools/Xilinx/Vivado/2022.2/data/ip'.
WARNING: [IP_Flow 19-1663] Duplicate IP found for 'xilinx.com:ip:axi_clk_metadata_adapter:1.0'. The one found in IP location '/home/ayvol/vitis-accel-CNN/vitis_accel_prj/build/xclbin/link/vivado/vpl/.local/hw_platform/iprepo/ipdefs/other_ipdefs/axi_clk_metadata_adapter_v1_0' will take precedence over the same IP in location /home/ayvol/vitis-accel-CNN/vitis_accel_prj/build/xclbin/link/vivado/vpl/.local/hw_platform/iprepo/ipdefs/pxi_ii_infra/axi_clk_metadata_adapter_v1_0
WARNING: [IP_Flow 19-1663] Duplicate IP found for 'xilinx.com:ip:axis_clk_metadata_adapter:1.0'. The one found in IP location '/home/ayvol/vitis-accel-CNN/vitis_accel_prj/build/xclbin/link/vivado/vpl/.local/hw_platform/iprepo/ipdefs/other_ipdefs/axis_clk_metadata_adapter_v1_0' will take precedence over the same IP in location /home/ayvol/vitis-accel-CNN/vitis_accel_prj/build/xclbin/link/vivado/vpl/.local/hw_platform/iprepo/ipdefs/pxi_ii_infra/axis_clk_metadata_adapter_v1_0
WARNING: [IP_Flow 19-1663] Duplicate IP found for 'xilinx.com:ip:clk_metadata_adapter:1.0'. The one found in IP location '/home/ayvol/vitis-accel-CNN/vitis_accel_prj/build/xclbin/link/vivado/vpl/.local/hw_platform/iprepo/ipdefs/other_ipdefs/clk_metadata_adapter_v1_0' will take precedence over the same IP in location /home/ayvol/vitis-accel-CNN/vitis_accel_prj/build/xclbin/link/vivado/vpl/.local/hw_platform/iprepo/ipdefs/pxi_ii_infra/clk_metadata_adapter_v1_0
WARNING: [IP_Flow 19-1663] Duplicate IP found for 'xilinx.com:ip:pipeline_reg:1.0'. The one found in IP location '/home/ayvol/vitis-accel-CNN/vitis_accel_prj/build/xclbin/link/vivado/vpl/.local/hw_platform/iprepo/ipdefs/other_ipdefs/pipeline_reg_v1_0' will take precedence over the same IP in location /home/ayvol/vitis-accel-CNN/vitis_accel_prj/build/xclbin/link/vivado/vpl/.local/hw_platform/iprepo/ipdefs/pxi_ii_infra/pipeline_reg_v1_0
WARNING: [IP_Flow 19-1663] Duplicate IP found for 'xilinx.com:ip:shell_utils_build_info:1.0'. The one found in IP location '/home/ayvol/vitis-accel-CNN/vitis_accel_prj/build/xclbin/link/vivado/vpl/.local/hw_platform/iprepo/ipdefs/other_ipdefs/shell_utils_build_info_v1_0' will take precedence over the same IP in the Xilinx installed IP.
INFO: [IP_Flow 19-6924] IPCACHE: Running cache check for IP inst: bd_22c0_psreset_kernel_00_0
Command: synth_design -top bd_22c0_psreset_kernel_00_0 -part xcu55c-fsvh2892-2L-e -incremental_mode off -mode out_of_context
Starting synth_design
Attempting to get a license for feature 'Synthesis' and/or device 'xcu55c'
INFO: [Common 17-349] Got license for feature 'Synthesis' and/or device 'xcu55c'
INFO: [Device 21-403] Loading part xcu55c-fsvh2892-2L-e
INFO: [Synth 8-7079] Multithreading enabled for synth_design using a maximum of 1 processes.
INFO: [Synth 8-7078] Launching helper process for spawning children vivado processes
INFO: [Synth 8-7075] Helper process launched with PID 156435
INFO: [Synth 8-11241] undeclared symbol 'REGCCE', assumed default net type 'wire' [/tools/Xilinx/Vivado/2022.2/data/verilog/src/unimacro/BRAM_SINGLE_MACRO.v:2170]
---------------------------------------------------------------------------------
Starting RTL Elaboration : Time (s): cpu = 00:00:04 ; elapsed = 00:00:04 . Memory (MB): peak = 3464.570 ; gain = 356.766 ; free physical = 656842 ; free virtual = 850984
Synthesis current peak Physical Memory [PSS] (MB): peak = 2650.454; parent = 2519.259; children = 131.195
Synthesis current peak Virtual Memory [VSS] (MB): peak = 4457.801; parent = 3470.512; children = 987.289
---------------------------------------------------------------------------------
INFO: [Synth 8-638] synthesizing module 'bd_22c0_psreset_kernel_00_0' [/home/ayvol/vitis-accel-CNN/vitis_accel_prj/build/xclbin/link/vivado/vpl/prj/prj.gen/my_rm/bd/ulp/ip/ulp_ulp_ucs_0/bd_0/ip/ip_74/synth/bd_22c0_psreset_kernel_00_0.vhd:74]
	Parameter C_FAMILY bound to: virtexuplusHBM - type: string 
	Parameter C_EXT_RST_WIDTH bound to: 1 - type: integer 
	Parameter C_AUX_RST_WIDTH bound to: 1 - type: integer 
	Parameter C_EXT_RESET_HIGH bound to: 1'b0 
	Parameter C_AUX_RESET_HIGH bound to: 1'b0 
	Parameter C_NUM_BUS_RST bound to: 1 - type: integer 
	Parameter C_NUM_PERP_RST bound to: 1 - type: integer 
	Parameter C_NUM_INTERCONNECT_ARESETN bound to: 1 - type: integer 
	Parameter C_NUM_PERP_ARESETN bound to: 1 - type: integer 
INFO: [Synth 8-3491] module 'proc_sys_reset' declared at '/home/ayvol/vitis-accel-CNN/vitis_accel_prj/build/xclbin/link/vivado/vpl/prj/prj.gen/my_rm/bd/ulp/ipshared/8842/hdl/proc_sys_reset_v5_0_vh_rfs.vhd:1264' bound to instance 'U0' of component 'proc_sys_reset' [/home/ayvol/vitis-accel-CNN/vitis_accel_prj/build/xclbin/link/vivado/vpl/prj/prj.gen/my_rm/bd/ulp/ip/ulp_ulp_ucs_0/bd_0/ip/ip_74/synth/bd_22c0_psreset_kernel_00_0.vhd:129]
INFO: [Synth 8-638] synthesizing module 'proc_sys_reset' [/home/ayvol/vitis-accel-CNN/vitis_accel_prj/build/xclbin/link/vivado/vpl/prj/prj.gen/my_rm/bd/ulp/ipshared/8842/hdl/proc_sys_reset_v5_0_vh_rfs.vhd:1323]
	Parameter INIT bound to: 1'b1 
INFO: [Synth 8-113] binding component instance 'FDRE_inst' to cell 'FDRE' [/home/ayvol/vitis-accel-CNN/vitis_accel_prj/build/xclbin/link/vivado/vpl/prj/prj.gen/my_rm/bd/ulp/ipshared/8842/hdl/proc_sys_reset_v5_0_vh_rfs.vhd:1392]
	Parameter INIT bound to: 1'b1 
INFO: [Synth 8-113] binding component instance 'FDRE_BSR' to cell 'FDRE' [/home/ayvol/vitis-accel-CNN/vitis_accel_prj/build/xclbin/link/vivado/vpl/prj/prj.gen/my_rm/bd/ulp/ipshared/8842/hdl/proc_sys_reset_v5_0_vh_rfs.vhd:1408]
	Parameter INIT bound to: 1'b0 
INFO: [Synth 8-113] binding component instance 'FDRE_BSR_N' to cell 'FDRE' [/home/ayvol/vitis-accel-CNN/vitis_accel_prj/build/xclbin/link/vivado/vpl/prj/prj.gen/my_rm/bd/ulp/ipshared/8842/hdl/proc_sys_reset_v5_0_vh_rfs.vhd:1434]
	Parameter INIT bound to: 1'b1 
INFO: [Synth 8-113] binding component instance 'FDRE_PER' to cell 'FDRE' [/home/ayvol/vitis-accel-CNN/vitis_accel_prj/build/xclbin/link/vivado/vpl/prj/prj.gen/my_rm/bd/ulp/ipshared/8842/hdl/proc_sys_reset_v5_0_vh_rfs.vhd:1457]
	Parameter INIT bound to: 1'b0 
INFO: [Synth 8-113] binding component instance 'FDRE_PER_N' to cell 'FDRE' [/home/ayvol/vitis-accel-CNN/vitis_accel_prj/build/xclbin/link/vivado/vpl/prj/prj.gen/my_rm/bd/ulp/ipshared/8842/hdl/proc_sys_reset_v5_0_vh_rfs.vhd:1481]
INFO: [Synth 8-638] synthesizing module 'lpf' [/home/ayvol/vitis-accel-CNN/vitis_accel_prj/build/xclbin/link/vivado/vpl/prj/prj.gen/my_rm/bd/ulp/ipshared/8842/hdl/proc_sys_reset_v5_0_vh_rfs.vhd:816]
INFO: [Synth 8-3491] module 'SRL16' declared at '/tools/Xilinx/Vivado/2022.2/scripts/rt/data/unisim_comp.v:131628' bound to instance 'POR_SRL_I' of component 'SRL16' [/home/ayvol/vitis-accel-CNN/vitis_accel_prj/build/xclbin/link/vivado/vpl/prj/prj.gen/my_rm/bd/ulp/ipshared/8842/hdl/proc_sys_reset_v5_0_vh_rfs.vhd:868]
INFO: [Synth 8-6157] synthesizing module 'SRL16' [/tools/Xilinx/Vivado/2022.2/scripts/rt/data/unisim_comp.v:131628]
INFO: [Synth 8-6155] done synthesizing module 'SRL16' (0#1) [/tools/Xilinx/Vivado/2022.2/scripts/rt/data/unisim_comp.v:131628]
INFO: [Synth 8-638] synthesizing module 'cdc_sync' [/home/ayvol/vitis-accel-CNN/vitis_accel_prj/build/xclbin/link/vivado/vpl/prj/prj.gen/my_rm/bd/ulp/ipshared/ef1e/hdl/lib_cdc_v1_0_rfs.vhd:106]
	Parameter INIT bound to: 1'b0 
INFO: [Synth 8-113] binding component instance 'CROSS_PLEVEL_IN2SCNDRY_IN_cdc_to' to cell 'FDR' [/home/ayvol/vitis-accel-CNN/vitis_accel_prj/build/xclbin/link/vivado/vpl/prj/prj.gen/my_rm/bd/ulp/ipshared/ef1e/hdl/lib_cdc_v1_0_rfs.vhd:514]
	Parameter INIT bound to: 1'b0 
INFO: [Synth 8-113] binding component instance 'CROSS_PLEVEL_IN2SCNDRY_s_level_out_d2' to cell 'FDR' [/home/ayvol/vitis-accel-CNN/vitis_accel_prj/build/xclbin/link/vivado/vpl/prj/prj.gen/my_rm/bd/ulp/ipshared/ef1e/hdl/lib_cdc_v1_0_rfs.vhd:545]
	Parameter INIT bound to: 1'b0 
INFO: [Synth 8-113] binding component instance 'CROSS_PLEVEL_IN2SCNDRY_s_level_out_d3' to cell 'FDR' [/home/ayvol/vitis-accel-CNN/vitis_accel_prj/build/xclbin/link/vivado/vpl/prj/prj.gen/my_rm/bd/ulp/ipshared/ef1e/hdl/lib_cdc_v1_0_rfs.vhd:554]
	Parameter INIT bound to: 1'b0 
INFO: [Synth 8-113] binding component instance 'CROSS_PLEVEL_IN2SCNDRY_s_level_out_d4' to cell 'FDR' [/home/ayvol/vitis-accel-CNN/vitis_accel_prj/build/xclbin/link/vivado/vpl/prj/prj.gen/my_rm/bd/ulp/ipshared/ef1e/hdl/lib_cdc_v1_0_rfs.vhd:564]
	Parameter INIT bound to: 1'b0 
INFO: [Synth 8-113] binding component instance 'CROSS_PLEVEL_IN2SCNDRY_s_level_out_d5' to cell 'FDR' [/home/ayvol/vitis-accel-CNN/vitis_accel_prj/build/xclbin/link/vivado/vpl/prj/prj.gen/my_rm/bd/ulp/ipshared/ef1e/hdl/lib_cdc_v1_0_rfs.vhd:574]
	Parameter INIT bound to: 1'b0 
INFO: [Synth 8-113] binding component instance 'CROSS_PLEVEL_IN2SCNDRY_s_level_out_d6' to cell 'FDR' [/home/ayvol/vitis-accel-CNN/vitis_accel_prj/build/xclbin/link/vivado/vpl/prj/prj.gen/my_rm/bd/ulp/ipshared/ef1e/hdl/lib_cdc_v1_0_rfs.vhd:584]
INFO: [Synth 8-256] done synthesizing module 'cdc_sync' (0#1) [/home/ayvol/vitis-accel-CNN/vitis_accel_prj/build/xclbin/link/vivado/vpl/prj/prj.gen/my_rm/bd/ulp/ipshared/ef1e/hdl/lib_cdc_v1_0_rfs.vhd:106]
INFO: [Synth 8-256] done synthesizing module 'lpf' (0#1) [/home/ayvol/vitis-accel-CNN/vitis_accel_prj/build/xclbin/link/vivado/vpl/prj/prj.gen/my_rm/bd/ulp/ipshared/8842/hdl/proc_sys_reset_v5_0_vh_rfs.vhd:816]
INFO: [Synth 8-638] synthesizing module 'sequence_psr' [/home/ayvol/vitis-accel-CNN/vitis_accel_prj/build/xclbin/link/vivado/vpl/prj/prj.gen/my_rm/bd/ulp/ipshared/8842/hdl/proc_sys_reset_v5_0_vh_rfs.vhd:301]
INFO: [Synth 8-638] synthesizing module 'upcnt_n' [/home/ayvol/vitis-accel-CNN/vitis_accel_prj/build/xclbin/link/vivado/vpl/prj/prj.gen/my_rm/bd/ulp/ipshared/8842/hdl/proc_sys_reset_v5_0_vh_rfs.vhd:125]
INFO: [Synth 8-256] done synthesizing module 'upcnt_n' (0#1) [/home/ayvol/vitis-accel-CNN/vitis_accel_prj/build/xclbin/link/vivado/vpl/prj/prj.gen/my_rm/bd/ulp/ipshared/8842/hdl/proc_sys_reset_v5_0_vh_rfs.vhd:125]
INFO: [Synth 8-256] done synthesizing module 'sequence_psr' (0#1) [/home/ayvol/vitis-accel-CNN/vitis_accel_prj/build/xclbin/link/vivado/vpl/prj/prj.gen/my_rm/bd/ulp/ipshared/8842/hdl/proc_sys_reset_v5_0_vh_rfs.vhd:301]
INFO: [Synth 8-256] done synthesizing module 'proc_sys_reset' (0#1) [/home/ayvol/vitis-accel-CNN/vitis_accel_prj/build/xclbin/link/vivado/vpl/prj/prj.gen/my_rm/bd/ulp/ipshared/8842/hdl/proc_sys_reset_v5_0_vh_rfs.vhd:1323]
INFO: [Synth 8-256] done synthesizing module 'bd_22c0_psreset_kernel_00_0' (0#1) [/home/ayvol/vitis-accel-CNN/vitis_accel_prj/build/xclbin/link/vivado/vpl/prj/prj.gen/my_rm/bd/ulp/ip/ulp_ulp_ucs_0/bd_0/ip/ip_74/synth/bd_22c0_psreset_kernel_00_0.vhd:74]
WARNING: [Synth 8-7129] Port prmry_aclk in module cdc_sync is either unconnected or has no load
WARNING: [Synth 8-7129] Port prmry_resetn in module cdc_sync is either unconnected or has no load
WARNING: [Synth 8-7129] Port prmry_vect_in[1] in module cdc_sync is either unconnected or has no load
WARNING: [Synth 8-7129] Port prmry_vect_in[0] in module cdc_sync is either unconnected or has no load
WARNING: [Synth 8-7129] Port scndry_resetn in module cdc_sync is either unconnected or has no load
---------------------------------------------------------------------------------
Finished RTL Elaboration : Time (s): cpu = 00:00:06 ; elapsed = 00:00:06 . Memory (MB): peak = 3538.477 ; gain = 430.672 ; free physical = 656057 ; free virtual = 850196
Synthesis current peak Physical Memory [PSS] (MB): peak = 2650.454; parent = 2519.259; children = 131.195
Synthesis current peak Virtual Memory [VSS] (MB): peak = 4525.770; parent = 3538.480; children = 987.289
---------------------------------------------------------------------------------
---------------------------------------------------------------------------------
Start Handling Custom Attributes
---------------------------------------------------------------------------------
---------------------------------------------------------------------------------
Finished Handling Custom Attributes : Time (s): cpu = 00:00:06 ; elapsed = 00:00:06 . Memory (MB): peak = 3556.289 ; gain = 448.484 ; free physical = 656020 ; free virtual = 850159
Synthesis current peak Physical Memory [PSS] (MB): peak = 2650.454; parent = 2519.259; children = 131.195
Synthesis current peak Virtual Memory [VSS] (MB): peak = 4543.582; parent = 3556.293; children = 987.289
---------------------------------------------------------------------------------
---------------------------------------------------------------------------------
Finished RTL Optimization Phase 1 : Time (s): cpu = 00:00:06 ; elapsed = 00:00:06 . Memory (MB): peak = 3556.289 ; gain = 448.484 ; free physical = 655930 ; free virtual = 850068
Synthesis current peak Physical Memory [PSS] (MB): peak = 2650.454; parent = 2519.259; children = 131.195
Synthesis current peak Virtual Memory [VSS] (MB): peak = 4543.582; parent = 3556.293; children = 987.289
---------------------------------------------------------------------------------
Netlist sorting complete. Time (s): cpu = 00:00:00 ; elapsed = 00:00:00 . Memory (MB): peak = 3562.227 ; gain = 0.000 ; free physical = 655971 ; free virtual = 850110
INFO: [Netlist 29-17] Analyzing 13 Unisim elements for replacement
INFO: [Netlist 29-28] Unisim Transformation completed in 0 CPU seconds
INFO: [Project 1-570] Preparing netlist for logic optimization

Processing XDC Constraints
Initializing timing engine
Parsing XDC File [/home/ayvol/vitis-accel-CNN/vitis_accel_prj/build/xclbin/link/vivado/vpl/prj/prj.gen/my_rm/bd/ulp/ip/ulp_ulp_ucs_0/bd_0/ip/ip_74/bd_22c0_psreset_kernel_00_0_ooc.xdc] for cell 'U0'
0V85_VCCINT { VCCINT }  -supply_current_budget  100.000 A -voltage  0.850 V -direct
0V85_VCCINT_IO { VCCINT_IO VCCBRAM }  -supply_current_budget  30.000 A -voltage  0.850 V -direct
0V9_AVCC { MGTYAVCC }  -supply_current_budget  0.000 A -voltage  0.900 V -direct
1V2_AVTT { MGTYAVTT }  -supply_current_budget  0.000 A -voltage  1.200 V -direct
1V2_HBM { VCC_HBM }  -supply_current_budget  0.000 A -voltage  1.200 V -direct
1V8 { VCCAUX VCCAUX_IO MGTYVCCAUX VCCO18 VCCADC }  -supply_current_budget  4.000 A -voltage  1.800 V -direct
2V5_VPP { VCCAUX_HBM }  -supply_current_budget  0.300 A -voltage  2.500 V -direct
Finished Parsing XDC File [/home/ayvol/vitis-accel-CNN/vitis_accel_prj/build/xclbin/link/vivado/vpl/prj/prj.gen/my_rm/bd/ulp/ip/ulp_ulp_ucs_0/bd_0/ip/ip_74/bd_22c0_psreset_kernel_00_0_ooc.xdc] for cell 'U0'
Parsing XDC File [/home/ayvol/vitis-accel-CNN/vitis_accel_prj/build/xclbin/link/vivado/vpl/prj/prj.gen/my_rm/bd/ulp/ip/ulp_ulp_ucs_0/bd_0/ip/ip_74/bd_22c0_psreset_kernel_00_0_board.xdc] for cell 'U0'
Finished Parsing XDC File [/home/ayvol/vitis-accel-CNN/vitis_accel_prj/build/xclbin/link/vivado/vpl/prj/prj.gen/my_rm/bd/ulp/ip/ulp_ulp_ucs_0/bd_0/ip/ip_74/bd_22c0_psreset_kernel_00_0_board.xdc] for cell 'U0'
Parsing XDC File [/home/ayvol/vitis-accel-CNN/vitis_accel_prj/build/xclbin/link/vivado/vpl/prj/prj.gen/my_rm/bd/ulp/ip/ulp_ulp_ucs_0/bd_0/ip/ip_74/bd_22c0_psreset_kernel_00_0.xdc] for cell 'U0'
Finished Parsing XDC File [/home/ayvol/vitis-accel-CNN/vitis_accel_prj/build/xclbin/link/vivado/vpl/prj/prj.gen/my_rm/bd/ulp/ip/ulp_ulp_ucs_0/bd_0/ip/ip_74/bd_22c0_psreset_kernel_00_0.xdc] for cell 'U0'
Parsing XDC File [/home/ayvol/vitis-accel-CNN/vitis_accel_prj/build/xclbin/link/vivado/vpl/prj/prj.runs/bd_22c0_psreset_kernel_00_0_synth_1/dont_touch.xdc]
Finished Parsing XDC File [/home/ayvol/vitis-accel-CNN/vitis_accel_prj/build/xclbin/link/vivado/vpl/prj/prj.runs/bd_22c0_psreset_kernel_00_0_synth_1/dont_touch.xdc]
Completed Processing XDC Constraints

Netlist sorting complete. Time (s): cpu = 00:00:00 ; elapsed = 00:00:00 . Memory (MB): peak = 3675.855 ; gain = 0.000 ; free physical = 659028 ; free virtual = 853167
INFO: [Project 1-111] Unisim Transformation Summary:
  A total of 13 instances were transformed.
  FDR => FDRE: 12 instances
  SRL16 => SRL16E: 1 instance 

Constraint Validation Runtime : Time (s): cpu = 00:00:00.02 ; elapsed = 00:00:00.01 . Memory (MB): peak = 3675.855 ; gain = 0.000 ; free physical = 659026 ; free virtual = 853164
INFO: [Designutils 20-5008] Incremental synthesis strategy off
INFO: [Synth 8-11241] undeclared symbol 'REGCCE', assumed default net type 'wire' [/tools/Xilinx/Vivado/2022.2/data/verilog/src/unimacro/BRAM_SINGLE_MACRO.v:2170]
---------------------------------------------------------------------------------
Finished Constraint Validation : Time (s): cpu = 00:00:17 ; elapsed = 00:00:18 . Memory (MB): peak = 3675.855 ; gain = 568.051 ; free physical = 657906 ; free virtual = 852042
Synthesis current peak Physical Memory [PSS] (MB): peak = 2681.273; parent = 2550.081; children = 131.195
Synthesis current peak Virtual Memory [VSS] (MB): peak = 4663.148; parent = 3675.859; children = 987.289
---------------------------------------------------------------------------------
---------------------------------------------------------------------------------
Start Loading Part and Timing Information
---------------------------------------------------------------------------------
Loading part: xcu55c-fsvh2892-2L-e
INFO: [Synth 8-6742] Reading net delay rules and data
---------------------------------------------------------------------------------
Finished Loading Part and Timing Information : Time (s): cpu = 00:00:17 ; elapsed = 00:00:18 . Memory (MB): peak = 3675.855 ; gain = 568.051 ; free physical = 657760 ; free virtual = 851897
Synthesis current peak Physical Memory [PSS] (MB): peak = 2681.273; parent = 2550.081; children = 131.195
Synthesis current peak Virtual Memory [VSS] (MB): peak = 4663.148; parent = 3675.859; children = 987.289
---------------------------------------------------------------------------------
---------------------------------------------------------------------------------
Start Applying 'set_property' XDC Constraints
---------------------------------------------------------------------------------
Applied set_property KEEP_HIERARCHY = SOFT for U0. (constraint file  /home/ayvol/vitis-accel-CNN/vitis_accel_prj/build/xclbin/link/vivado/vpl/prj/prj.runs/bd_22c0_psreset_kernel_00_0_synth_1/dont_touch.xdc, line 6).
---------------------------------------------------------------------------------
Finished applying 'set_property' XDC Constraints : Time (s): cpu = 00:00:17 ; elapsed = 00:00:19 . Memory (MB): peak = 3675.855 ; gain = 568.051 ; free physical = 657577 ; free virtual = 851713
Synthesis current peak Physical Memory [PSS] (MB): peak = 2681.273; parent = 2550.081; children = 131.195
Synthesis current peak Virtual Memory [VSS] (MB): peak = 4663.148; parent = 3675.859; children = 987.289
---------------------------------------------------------------------------------
---------------------------------------------------------------------------------
Finished RTL Optimization Phase 2 : Time (s): cpu = 00:00:17 ; elapsed = 00:00:19 . Memory (MB): peak = 3675.855 ; gain = 568.051 ; free physical = 657232 ; free virtual = 851369
Synthesis current peak Physical Memory [PSS] (MB): peak = 2681.273; parent = 2550.081; children = 131.195
Synthesis current peak Virtual Memory [VSS] (MB): peak = 4663.148; parent = 3675.859; children = 987.289
---------------------------------------------------------------------------------
---------------------------------------------------------------------------------
Start RTL Component Statistics 
---------------------------------------------------------------------------------
Detailed RTL Component Info : 
+---Adders : 
	   2 Input    6 Bit       Adders := 1     
+---Registers : 
	                6 Bit    Registers := 1     
	                3 Bit    Registers := 3     
	                1 Bit    Registers := 8     
+---Muxes : 
	   2 Input    6 Bit        Muxes := 1     
	   2 Input    1 Bit        Muxes := 1     
---------------------------------------------------------------------------------
Finished RTL Component Statistics 
---------------------------------------------------------------------------------
---------------------------------------------------------------------------------
Start Part Resource Summary
---------------------------------------------------------------------------------
Part Resources:
DSPs: 9024 (col length:94)
BRAMs: 4032 (col length: RAMB18 288 RAMB36 144)
---------------------------------------------------------------------------------
Finished Part Resource Summary
---------------------------------------------------------------------------------
---------------------------------------------------------------------------------
Start Cross Boundary and Area Optimization
---------------------------------------------------------------------------------
WARNING: [Synth 8-7080] Parallel synthesis criteria is not met
WARNING: [Synth 8-3332] Sequential element (EXT_LPF/ACTIVE_LOW_EXT.ACT_LO_EXT/GENERATE_LEVEL_P_S_CDC.SINGLE_BIT.CROSS_PLEVEL_IN2SCNDRY_s_level_out_d5) is unused and will be removed from module proc_sys_reset.
WARNING: [Synth 8-3332] Sequential element (EXT_LPF/ACTIVE_LOW_EXT.ACT_LO_EXT/GENERATE_LEVEL_P_S_CDC.SINGLE_BIT.CROSS_PLEVEL_IN2SCNDRY_s_level_out_d6) is unused and will be removed from module proc_sys_reset.
WARNING: [Synth 8-3332] Sequential element (EXT_LPF/ACTIVE_LOW_AUX.ACT_LO_AUX/GENERATE_LEVEL_P_S_CDC.SINGLE_BIT.CROSS_PLEVEL_IN2SCNDRY_s_level_out_d5) is unused and will be removed from module proc_sys_reset.
WARNING: [Synth 8-3332] Sequential element (EXT_LPF/ACTIVE_LOW_AUX.ACT_LO_AUX/GENERATE_LEVEL_P_S_CDC.SINGLE_BIT.CROSS_PLEVEL_IN2SCNDRY_s_level_out_d6) is unused and will be removed from module proc_sys_reset.
---------------------------------------------------------------------------------
Finished Cross Boundary and Area Optimization : Time (s): cpu = 00:00:18 ; elapsed = 00:00:20 . Memory (MB): peak = 3675.855 ; gain = 568.051 ; free physical = 656897 ; free virtual = 851038
Synthesis current peak Physical Memory [PSS] (MB): peak = 2681.273; parent = 2550.081; children = 131.195
Synthesis current peak Virtual Memory [VSS] (MB): peak = 4663.148; parent = 3675.859; children = 987.289
---------------------------------------------------------------------------------
---------------------------------------------------------------------------------
Start Applying XDC Timing Constraints
---------------------------------------------------------------------------------
---------------------------------------------------------------------------------
Finished Applying XDC Timing Constraints : Time (s): cpu = 00:00:29 ; elapsed = 00:00:33 . Memory (MB): peak = 3951.988 ; gain = 844.184 ; free physical = 653502 ; free virtual = 847642
Synthesis current peak Physical Memory [PSS] (MB): peak = 3117.372; parent = 2989.336; children = 131.195
Synthesis current peak Virtual Memory [VSS] (MB): peak = 4939.281; parent = 3951.992; children = 987.289
---------------------------------------------------------------------------------
---------------------------------------------------------------------------------
Start Timing Optimization
---------------------------------------------------------------------------------
---------------------------------------------------------------------------------
Finished Timing Optimization : Time (s): cpu = 00:00:29 ; elapsed = 00:00:33 . Memory (MB): peak = 3951.988 ; gain = 844.184 ; free physical = 653400 ; free virtual = 847540
Synthesis current peak Physical Memory [PSS] (MB): peak = 3117.437; parent = 2989.478; children = 131.195
Synthesis current peak Virtual Memory [VSS] (MB): peak = 4939.281; parent = 3951.992; children = 987.289
---------------------------------------------------------------------------------
---------------------------------------------------------------------------------
Start Technology Mapping
---------------------------------------------------------------------------------
---------------------------------------------------------------------------------
Finished Technology Mapping : Time (s): cpu = 00:00:29 ; elapsed = 00:00:33 . Memory (MB): peak = 3981.035 ; gain = 873.230 ; free physical = 653343 ; free virtual = 847483
Synthesis current peak Physical Memory [PSS] (MB): peak = 3117.570; parent = 2989.725; children = 131.195
Synthesis current peak Virtual Memory [VSS] (MB): peak = 4968.328; parent = 3981.039; children = 987.289
---------------------------------------------------------------------------------
---------------------------------------------------------------------------------
Start IO Insertion
---------------------------------------------------------------------------------
---------------------------------------------------------------------------------
Start Flattening Before IO Insertion
---------------------------------------------------------------------------------
---------------------------------------------------------------------------------
Finished Flattening Before IO Insertion
---------------------------------------------------------------------------------
---------------------------------------------------------------------------------
Start Final Netlist Cleanup
---------------------------------------------------------------------------------
---------------------------------------------------------------------------------
Finished Final Netlist Cleanup
---------------------------------------------------------------------------------
---------------------------------------------------------------------------------
Finished IO Insertion : Time (s): cpu = 00:00:33 ; elapsed = 00:00:37 . Memory (MB): peak = 3981.035 ; gain = 873.230 ; free physical = 652682 ; free virtual = 846826
Synthesis current peak Physical Memory [PSS] (MB): peak = 3117.570; parent = 2989.725; children = 131.195
Synthesis current peak Virtual Memory [VSS] (MB): peak = 4968.328; parent = 3981.039; children = 987.289
---------------------------------------------------------------------------------
---------------------------------------------------------------------------------
Start Renaming Generated Instances
---------------------------------------------------------------------------------
---------------------------------------------------------------------------------
Finished Renaming Generated Instances : Time (s): cpu = 00:00:33 ; elapsed = 00:00:37 . Memory (MB): peak = 3981.035 ; gain = 873.230 ; free physical = 652710 ; free virtual = 846854
Synthesis current peak Physical Memory [PSS] (MB): peak = 3117.570; parent = 2989.725; children = 131.195
Synthesis current peak Virtual Memory [VSS] (MB): peak = 4968.328; parent = 3981.039; children = 987.289
---------------------------------------------------------------------------------
---------------------------------------------------------------------------------
Start Rebuilding User Hierarchy
---------------------------------------------------------------------------------
---------------------------------------------------------------------------------
Finished Rebuilding User Hierarchy : Time (s): cpu = 00:00:33 ; elapsed = 00:00:37 . Memory (MB): peak = 3981.035 ; gain = 873.230 ; free physical = 652759 ; free virtual = 846903
Synthesis current peak Physical Memory [PSS] (MB): peak = 3117.570; parent = 2989.725; children = 131.195
Synthesis current peak Virtual Memory [VSS] (MB): peak = 4968.328; parent = 3981.039; children = 987.289
---------------------------------------------------------------------------------
---------------------------------------------------------------------------------
Start Renaming Generated Ports
---------------------------------------------------------------------------------
---------------------------------------------------------------------------------
Finished Renaming Generated Ports : Time (s): cpu = 00:00:33 ; elapsed = 00:00:37 . Memory (MB): peak = 3981.035 ; gain = 873.230 ; free physical = 652763 ; free virtual = 846904
Synthesis current peak Physical Memory [PSS] (MB): peak = 3117.570; parent = 2989.725; children = 131.195
Synthesis current peak Virtual Memory [VSS] (MB): peak = 4968.328; parent = 3981.039; children = 987.289
---------------------------------------------------------------------------------
---------------------------------------------------------------------------------
Start Handling Custom Attributes
---------------------------------------------------------------------------------
---------------------------------------------------------------------------------
Finished Handling Custom Attributes : Time (s): cpu = 00:00:33 ; elapsed = 00:00:37 . Memory (MB): peak = 3981.035 ; gain = 873.230 ; free physical = 652737 ; free virtual = 846878
Synthesis current peak Physical Memory [PSS] (MB): peak = 3117.570; parent = 2989.725; children = 131.195
Synthesis current peak Virtual Memory [VSS] (MB): peak = 4968.328; parent = 3981.039; children = 987.289
---------------------------------------------------------------------------------
---------------------------------------------------------------------------------
Start Renaming Generated Nets
---------------------------------------------------------------------------------
---------------------------------------------------------------------------------
Finished Renaming Generated Nets : Time (s): cpu = 00:00:33 ; elapsed = 00:00:37 . Memory (MB): peak = 3981.035 ; gain = 873.230 ; free physical = 652709 ; free virtual = 846849
Synthesis current peak Physical Memory [PSS] (MB): peak = 3117.570; parent = 2989.725; children = 131.195
Synthesis current peak Virtual Memory [VSS] (MB): peak = 4968.328; parent = 3981.039; children = 987.289
---------------------------------------------------------------------------------
---------------------------------------------------------------------------------
Start Writing Synthesis Report
---------------------------------------------------------------------------------

Report BlackBoxes: 
+-+--------------+----------+
| |BlackBox name |Instances |
+-+--------------+----------+
+-+--------------+----------+

Report Cell Usage: 
+------+------+------+
|      |Cell  |Count |
+------+------+------+
|1     |LUT1  |     5|
|2     |LUT2  |     9|
|3     |LUT3  |     1|
|4     |LUT4  |     6|
|5     |LUT5  |     1|
|6     |LUT6  |     1|
|7     |SRL16 |     1|
|8     |FDR   |     8|
|9     |FDRE  |    22|
|10    |FDSE  |     4|
+------+------+------+
---------------------------------------------------------------------------------
Finished Writing Synthesis Report : Time (s): cpu = 00:00:33 ; elapsed = 00:00:38 . Memory (MB): peak = 3981.035 ; gain = 873.230 ; free physical = 652678 ; free virtual = 846818
Synthesis current peak Physical Memory [PSS] (MB): peak = 3117.570; parent = 2989.725; children = 131.195
Synthesis current peak Virtual Memory [VSS] (MB): peak = 4968.328; parent = 3981.039; children = 987.289
---------------------------------------------------------------------------------
Synthesis finished with 0 errors, 0 critical warnings and 5 warnings.
Synthesis Optimization Runtime : Time (s): cpu = 00:00:26 ; elapsed = 00:00:31 . Memory (MB): peak = 3981.035 ; gain = 753.664 ; free physical = 652683 ; free virtual = 846823
Synthesis Optimization Complete : Time (s): cpu = 00:00:33 ; elapsed = 00:00:38 . Memory (MB): peak = 3981.043 ; gain = 873.230 ; free physical = 652741 ; free virtual = 846881
INFO: [Project 1-571] Translating synthesized netlist
Netlist sorting complete. Time (s): cpu = 00:00:00 ; elapsed = 00:00:00 . Memory (MB): peak = 3981.043 ; gain = 0.000 ; free physical = 652741 ; free virtual = 846882
INFO: [Netlist 29-17] Analyzing 9 Unisim elements for replacement
INFO: [Netlist 29-28] Unisim Transformation completed in 0 CPU seconds
INFO: [Project 1-570] Preparing netlist for logic optimization
INFO: [Opt 31-138] Pushed 0 inverter(s) to 0 load pin(s).
Netlist sorting complete. Time (s): cpu = 00:00:00 ; elapsed = 00:00:00 . Memory (MB): peak = 4051.387 ; gain = 0.000 ; free physical = 652937 ; free virtual = 847078
INFO: [Project 1-111] Unisim Transformation Summary:
  A total of 9 instances were transformed.
  FDR => FDRE: 8 instances
  SRL16 => SRL16E: 1 instance 

Synth Design complete, checksum: 301a46af
INFO: [Common 17-83] Releasing license: Synthesis
54 Infos, 15 Warnings, 0 Critical Warnings and 0 Errors encountered.
synth_design completed successfully
synth_design: Time (s): cpu = 00:00:46 ; elapsed = 00:00:50 . Memory (MB): peak = 4051.387 ; gain = 2270.570 ; free physical = 653120 ; free virtual = 847261
INFO: [Common 17-600] The following parameters have non-default value.
general.maxThreads
INFO: [Common 17-1381] The checkpoint '/home/ayvol/vitis-accel-CNN/vitis_accel_prj/build/xclbin/link/vivado/vpl/prj/prj.runs/bd_22c0_psreset_kernel_00_0_synth_1/bd_22c0_psreset_kernel_00_0.dcp' has been generated.
INFO: [Coretcl 2-1648] Added synthesis output to IP cache for IP bd_22c0_psreset_kernel_00_0, cache-ID = 117d101973f9ca02
INFO: [Coretcl 2-1174] Renamed 6 cell refs.
INFO: [Common 17-1381] The checkpoint '/home/ayvol/vitis-accel-CNN/vitis_accel_prj/build/xclbin/link/vivado/vpl/prj/prj.runs/bd_22c0_psreset_kernel_00_0_synth_1/bd_22c0_psreset_kernel_00_0.dcp' has been generated.
INFO: [runtcl-4] Executing : report_utilization -file bd_22c0_psreset_kernel_00_0_utilization_synth.rpt -pb bd_22c0_psreset_kernel_00_0_utilization_synth.pb
INFO: [Common 17-206] Exiting Vivado at Sun Jun  2 04:36:06 2024...
