
*** Running vivado
    with args -log bd_22c0_build_info_0.vds -m64 -product Vivado -mode batch -messageDb vivado.pb -notrace -source bd_22c0_build_info_0.tcl


****** Vivado v2022.2 (64-bit)
  **** SW Build 3671981 on Fri Oct 14 04:59:54 MDT 2022
  **** IP Build 3669848 on Fri Oct 14 08:30:02 MDT 2022
    ** Copyright 1986-2022 Xilinx, Inc. All Rights Reserved.

source bd_22c0_build_info_0.tcl -notrace
INFO: Dispatch client connection id - 33469
create_project: Time (s): cpu = 00:00:06 ; elapsed = 00:00:08 . Memory (MB): peak = 1716.441 ; gain = 86.023 ; free physical = 599370 ; free virtual = 825847
INFO: [IP_Flow 19-234] Refreshing IP repositories
INFO: [IP_Flow 19-1700] Loaded user IP repository '/home/ayvol/vitis-accel-DNN/vitis_accel_prj/build/xclbin/link/int/xo/ip_repo/xilinx_com_hls_kernel_wrapper_1_0'.
INFO: [IP_Flow 19-1700] Loaded user IP repository '/home/ayvol/vitis-accel-DNN/vitis_accel_prj/build/xclbin/link/vivado/vpl/.local/hw_platform/iprepo'.
INFO: [IP_Flow 19-1700] Loaded user IP repository '/home/ayvol/vitis-accel-DNN/vitis_accel_prj/build/xclbin/link/vivado/vpl/.local/hw_platform/ipcache'.
INFO: [IP_Flow 19-1700] Loaded user IP repository '/tools/Xilinx/Vitis/2022.2/data/ip'.
INFO: [IP_Flow 19-2313] Loaded Vivado IP repository '/tools/Xilinx/Vivado/2022.2/data/ip'.
WARNING: [IP_Flow 19-1663] Duplicate IP found for 'xilinx.com:ip:axi_clk_metadata_adapter:1.0'. The one found in IP location '/home/ayvol/vitis-accel-DNN/vitis_accel_prj/build/xclbin/link/vivado/vpl/.local/hw_platform/iprepo/ipdefs/other_ipdefs/axi_clk_metadata_adapter_v1_0' will take precedence over the same IP in location /home/ayvol/vitis-accel-DNN/vitis_accel_prj/build/xclbin/link/vivado/vpl/.local/hw_platform/iprepo/ipdefs/pxi_ii_infra/axi_clk_metadata_adapter_v1_0
WARNING: [IP_Flow 19-1663] Duplicate IP found for 'xilinx.com:ip:axis_clk_metadata_adapter:1.0'. The one found in IP location '/home/ayvol/vitis-accel-DNN/vitis_accel_prj/build/xclbin/link/vivado/vpl/.local/hw_platform/iprepo/ipdefs/other_ipdefs/axis_clk_metadata_adapter_v1_0' will take precedence over the same IP in location /home/ayvol/vitis-accel-DNN/vitis_accel_prj/build/xclbin/link/vivado/vpl/.local/hw_platform/iprepo/ipdefs/pxi_ii_infra/axis_clk_metadata_adapter_v1_0
WARNING: [IP_Flow 19-1663] Duplicate IP found for 'xilinx.com:ip:clk_metadata_adapter:1.0'. The one found in IP location '/home/ayvol/vitis-accel-DNN/vitis_accel_prj/build/xclbin/link/vivado/vpl/.local/hw_platform/iprepo/ipdefs/other_ipdefs/clk_metadata_adapter_v1_0' will take precedence over the same IP in location /home/ayvol/vitis-accel-DNN/vitis_accel_prj/build/xclbin/link/vivado/vpl/.local/hw_platform/iprepo/ipdefs/pxi_ii_infra/clk_metadata_adapter_v1_0
WARNING: [IP_Flow 19-1663] Duplicate IP found for 'xilinx.com:ip:pipeline_reg:1.0'. The one found in IP location '/home/ayvol/vitis-accel-DNN/vitis_accel_prj/build/xclbin/link/vivado/vpl/.local/hw_platform/iprepo/ipdefs/other_ipdefs/pipeline_reg_v1_0' will take precedence over the same IP in location /home/ayvol/vitis-accel-DNN/vitis_accel_prj/build/xclbin/link/vivado/vpl/.local/hw_platform/iprepo/ipdefs/pxi_ii_infra/pipeline_reg_v1_0
WARNING: [IP_Flow 19-1663] Duplicate IP found for 'xilinx.com:ip:shell_utils_build_info:1.0'. The one found in IP location '/home/ayvol/vitis-accel-DNN/vitis_accel_prj/build/xclbin/link/vivado/vpl/.local/hw_platform/iprepo/ipdefs/other_ipdefs/shell_utils_build_info_v1_0' will take precedence over the same IP in the Xilinx installed IP.
INFO: [IP_Flow 19-6924] IPCACHE: Running cache check for IP inst: bd_22c0_build_info_0
Command: synth_design -top bd_22c0_build_info_0 -part xcu55c-fsvh2892-2L-e -incremental_mode off -mode out_of_context
Starting synth_design
Attempting to get a license for feature 'Synthesis' and/or device 'xcu55c'
INFO: [Common 17-349] Got license for feature 'Synthesis' and/or device 'xcu55c'
INFO: [Device 21-403] Loading part xcu55c-fsvh2892-2L-e
INFO: [Synth 8-7079] Multithreading enabled for synth_design using a maximum of 1 processes.
INFO: [Synth 8-7078] Launching helper process for spawning children vivado processes
INFO: [Synth 8-7075] Helper process launched with PID 9489
INFO: [Synth 8-11241] undeclared symbol 'REGCCE', assumed default net type 'wire' [/tools/Xilinx/Vivado/2022.2/data/verilog/src/unimacro/BRAM_SINGLE_MACRO.v:2170]
---------------------------------------------------------------------------------
Starting RTL Elaboration : Time (s): cpu = 00:00:04 ; elapsed = 00:00:04 . Memory (MB): peak = 3466.664 ; gain = 358.703 ; free physical = 594616 ; free virtual = 821025
Synthesis current peak Physical Memory [PSS] (MB): peak = 2644.893; parent = 2516.795; children = 128.098
Synthesis current peak Virtual Memory [VSS] (MB): peak = 4456.922; parent = 3469.637; children = 987.285
---------------------------------------------------------------------------------
INFO: [Synth 8-638] synthesizing module 'bd_22c0_build_info_0' [/home/ayvol/vitis-accel-DNN/vitis_accel_prj/build/xclbin/link/vivado/vpl/prj/prj.gen/my_rm/bd/ulp/ip/ulp_ulp_ucs_0/bd_0/ip/ip_2/synth/bd_22c0_build_info_0.vhd:83]
	Parameter C_VIV_VERSION bound to: 2105872 - type: integer 
	Parameter C_SUBSYSTEM_ID bound to: 7 - type: integer 
	Parameter C_MAJOR_VERSION bound to: 3 - type: integer 
	Parameter C_MINOR_VERSION bound to: 0 - type: integer 
	Parameter C_CORE_REVISION bound to: 5 - type: integer 
	Parameter C_PATCH_VERSION bound to: 0 - type: integer 
	Parameter C_PERFORCE_CL bound to: 3478949 - type: integer 
	Parameter C_RESERVED_TAG bound to: 32'b00000000000000000000000000000000 
	Parameter C_S_AXI_DATA_WIDTH bound to: 32 - type: integer 
	Parameter C_S_AXI_ADDR_WIDTH bound to: 5 - type: integer 
	Parameter C_XDEVICEFAMILY bound to: virtexuplusHBM - type: string 
INFO: [Synth 8-3491] module 'shell_utils_build_info_v1_0_0' declared at '/home/ayvol/vitis-accel-DNN/vitis_accel_prj/build/xclbin/link/vivado/vpl/prj/prj.gen/my_rm/bd/ulp/ipshared/70f8/hdl/shell_utils_build_info_v1_0_rfs.vhd:55' bound to instance 'U0' of component 'shell_utils_build_info_v1_0_0' [/home/ayvol/vitis-accel-DNN/vitis_accel_prj/build/xclbin/link/vivado/vpl/prj/prj.gen/my_rm/bd/ulp/ip/ulp_ulp_ucs_0/bd_0/ip/ip_2/synth/bd_22c0_build_info_0.vhd:154]
INFO: [Synth 8-638] synthesizing module 'shell_utils_build_info_v1_0_0' [/home/ayvol/vitis-accel-DNN/vitis_accel_prj/build/xclbin/link/vivado/vpl/prj/prj.gen/my_rm/bd/ulp/ipshared/70f8/hdl/shell_utils_build_info_v1_0_rfs.vhd:99]
INFO: [Synth 8-638] synthesizing module 'axi_lite_ipif' [/home/ayvol/vitis-accel-DNN/vitis_accel_prj/build/xclbin/link/vivado/vpl/prj/prj.gen/my_rm/bd/ulp/ipshared/66ea/hdl/axi_lite_ipif_v3_0_vh_rfs.vhd:2948]
INFO: [Synth 8-638] synthesizing module 'slave_attachment' [/home/ayvol/vitis-accel-DNN/vitis_accel_prj/build/xclbin/link/vivado/vpl/prj/prj.gen/my_rm/bd/ulp/ipshared/66ea/hdl/axi_lite_ipif_v3_0_vh_rfs.vhd:2341]
INFO: [Synth 8-638] synthesizing module 'address_decoder' [/home/ayvol/vitis-accel-DNN/vitis_accel_prj/build/xclbin/link/vivado/vpl/prj/prj.gen/my_rm/bd/ulp/ipshared/66ea/hdl/axi_lite_ipif_v3_0_vh_rfs.vhd:1775]
INFO: [Synth 8-256] done synthesizing module 'address_decoder' (0#1) [/home/ayvol/vitis-accel-DNN/vitis_accel_prj/build/xclbin/link/vivado/vpl/prj/prj.gen/my_rm/bd/ulp/ipshared/66ea/hdl/axi_lite_ipif_v3_0_vh_rfs.vhd:1775]
INFO: [Synth 8-226] default block is never used [/home/ayvol/vitis-accel-DNN/vitis_accel_prj/build/xclbin/link/vivado/vpl/prj/prj.gen/my_rm/bd/ulp/ipshared/66ea/hdl/axi_lite_ipif_v3_0_vh_rfs.vhd:2550]
INFO: [Synth 8-256] done synthesizing module 'slave_attachment' (0#1) [/home/ayvol/vitis-accel-DNN/vitis_accel_prj/build/xclbin/link/vivado/vpl/prj/prj.gen/my_rm/bd/ulp/ipshared/66ea/hdl/axi_lite_ipif_v3_0_vh_rfs.vhd:2341]
INFO: [Synth 8-256] done synthesizing module 'axi_lite_ipif' (0#1) [/home/ayvol/vitis-accel-DNN/vitis_accel_prj/build/xclbin/link/vivado/vpl/prj/prj.gen/my_rm/bd/ulp/ipshared/66ea/hdl/axi_lite_ipif_v3_0_vh_rfs.vhd:2948]
INFO: [Synth 8-256] done synthesizing module 'shell_utils_build_info_v1_0_0' (0#1) [/home/ayvol/vitis-accel-DNN/vitis_accel_prj/build/xclbin/link/vivado/vpl/prj/prj.gen/my_rm/bd/ulp/ipshared/70f8/hdl/shell_utils_build_info_v1_0_rfs.vhd:99]
INFO: [Synth 8-256] done synthesizing module 'bd_22c0_build_info_0' (0#1) [/home/ayvol/vitis-accel-DNN/vitis_accel_prj/build/xclbin/link/vivado/vpl/prj/prj.gen/my_rm/bd/ulp/ip/ulp_ulp_ucs_0/bd_0/ip/ip_2/synth/bd_22c0_build_info_0.vhd:83]
WARNING: [Synth 8-6014] Unused sequential element IP2Bus_RdAck_reg was removed.  [/home/ayvol/vitis-accel-DNN/vitis_accel_prj/build/xclbin/link/vivado/vpl/prj/prj.gen/my_rm/bd/ulp/ipshared/70f8/hdl/shell_utils_build_info_v1_0_rfs.vhd:207]
WARNING: [Synth 8-7129] Port Address_In_Erly[0] in module address_decoder is either unconnected or has no load
WARNING: [Synth 8-7129] Port Address_In_Erly[1] in module address_decoder is either unconnected or has no load
WARNING: [Synth 8-7129] Port Address_In_Erly[2] in module address_decoder is either unconnected or has no load
WARNING: [Synth 8-7129] Port Address_In_Erly[3] in module address_decoder is either unconnected or has no load
WARNING: [Synth 8-7129] Port Address_In_Erly[4] in module address_decoder is either unconnected or has no load
WARNING: [Synth 8-7129] Port Bus_RNW in module address_decoder is either unconnected or has no load
WARNING: [Synth 8-7129] Port S_AXI_WSTRB[3] in module slave_attachment is either unconnected or has no load
WARNING: [Synth 8-7129] Port S_AXI_WSTRB[2] in module slave_attachment is either unconnected or has no load
WARNING: [Synth 8-7129] Port S_AXI_WSTRB[1] in module slave_attachment is either unconnected or has no load
WARNING: [Synth 8-7129] Port S_AXI_WSTRB[0] in module slave_attachment is either unconnected or has no load
---------------------------------------------------------------------------------
Finished RTL Elaboration : Time (s): cpu = 00:00:06 ; elapsed = 00:00:06 . Memory (MB): peak = 3539.602 ; gain = 431.641 ; free physical = 594050 ; free virtual = 820506
Synthesis current peak Physical Memory [PSS] (MB): peak = 2644.893; parent = 2516.795; children = 128.098
Synthesis current peak Virtual Memory [VSS] (MB): peak = 4526.891; parent = 3539.605; children = 987.285
---------------------------------------------------------------------------------
---------------------------------------------------------------------------------
Start Handling Custom Attributes
---------------------------------------------------------------------------------
---------------------------------------------------------------------------------
Finished Handling Custom Attributes : Time (s): cpu = 00:00:06 ; elapsed = 00:00:06 . Memory (MB): peak = 3557.414 ; gain = 449.453 ; free physical = 594026 ; free virtual = 820485
Synthesis current peak Physical Memory [PSS] (MB): peak = 2644.893; parent = 2516.795; children = 128.098
Synthesis current peak Virtual Memory [VSS] (MB): peak = 4544.703; parent = 3557.418; children = 987.285
---------------------------------------------------------------------------------
---------------------------------------------------------------------------------
Finished RTL Optimization Phase 1 : Time (s): cpu = 00:00:06 ; elapsed = 00:00:06 . Memory (MB): peak = 3557.414 ; gain = 449.453 ; free physical = 594013 ; free virtual = 820472
Synthesis current peak Physical Memory [PSS] (MB): peak = 2644.893; parent = 2516.795; children = 128.098
Synthesis current peak Virtual Memory [VSS] (MB): peak = 4544.703; parent = 3557.418; children = 987.285
---------------------------------------------------------------------------------
Netlist sorting complete. Time (s): cpu = 00:00:00.01 ; elapsed = 00:00:00.01 . Memory (MB): peak = 3557.414 ; gain = 0.000 ; free physical = 593988 ; free virtual = 820447
INFO: [Project 1-570] Preparing netlist for logic optimization

Processing XDC Constraints
Initializing timing engine
Parsing XDC File [/home/ayvol/vitis-accel-DNN/vitis_accel_prj/build/xclbin/link/vivado/vpl/prj/prj.gen/my_rm/bd/ulp/ip/ulp_ulp_ucs_0/bd_0/ip/ip_2/bd_22c0_build_info_0_ooc.xdc] for cell 'U0'
0V85_VCCINT { VCCINT }  -supply_current_budget  100.000 A -voltage  0.850 V -direct
0V85_VCCINT_IO { VCCINT_IO VCCBRAM }  -supply_current_budget  30.000 A -voltage  0.850 V -direct
0V9_AVCC { MGTYAVCC }  -supply_current_budget  0.000 A -voltage  0.900 V -direct
1V2_AVTT { MGTYAVTT }  -supply_current_budget  0.000 A -voltage  1.200 V -direct
1V2_HBM { VCC_HBM }  -supply_current_budget  0.000 A -voltage  1.200 V -direct
1V8 { VCCAUX VCCAUX_IO MGTYVCCAUX VCCO18 VCCADC }  -supply_current_budget  4.000 A -voltage  1.800 V -direct
2V5_VPP { VCCAUX_HBM }  -supply_current_budget  0.300 A -voltage  2.500 V -direct
Finished Parsing XDC File [/home/ayvol/vitis-accel-DNN/vitis_accel_prj/build/xclbin/link/vivado/vpl/prj/prj.gen/my_rm/bd/ulp/ip/ulp_ulp_ucs_0/bd_0/ip/ip_2/bd_22c0_build_info_0_ooc.xdc] for cell 'U0'
Parsing XDC File [/home/ayvol/vitis-accel-DNN/vitis_accel_prj/build/xclbin/link/vivado/vpl/prj/prj.runs/bd_22c0_build_info_0_synth_1/dont_touch.xdc]
Finished Parsing XDC File [/home/ayvol/vitis-accel-DNN/vitis_accel_prj/build/xclbin/link/vivado/vpl/prj/prj.runs/bd_22c0_build_info_0_synth_1/dont_touch.xdc]
Completed Processing XDC Constraints

Netlist sorting complete. Time (s): cpu = 00:00:00 ; elapsed = 00:00:00 . Memory (MB): peak = 3666.012 ; gain = 0.000 ; free physical = 593527 ; free virtual = 819930
INFO: [Project 1-111] Unisim Transformation Summary:
No Unisim elements were transformed.

Constraint Validation Runtime : Time (s): cpu = 00:00:00.01 ; elapsed = 00:00:00.02 . Memory (MB): peak = 3666.012 ; gain = 0.000 ; free physical = 593522 ; free virtual = 819925
INFO: [Designutils 20-5008] Incremental synthesis strategy off
INFO: [Synth 8-11241] undeclared symbol 'REGCCE', assumed default net type 'wire' [/tools/Xilinx/Vivado/2022.2/data/verilog/src/unimacro/BRAM_SINGLE_MACRO.v:2170]
---------------------------------------------------------------------------------
Finished Constraint Validation : Time (s): cpu = 00:00:17 ; elapsed = 00:00:18 . Memory (MB): peak = 3666.012 ; gain = 558.051 ; free physical = 595786 ; free virtual = 822156
Synthesis current peak Physical Memory [PSS] (MB): peak = 2735.679; parent = 2607.720; children = 128.608
Synthesis current peak Virtual Memory [VSS] (MB): peak = 4653.301; parent = 3666.016; children = 987.285
---------------------------------------------------------------------------------
---------------------------------------------------------------------------------
Start Loading Part and Timing Information
---------------------------------------------------------------------------------
Loading part: xcu55c-fsvh2892-2L-e
INFO: [Synth 8-6742] Reading net delay rules and data
---------------------------------------------------------------------------------
Finished Loading Part and Timing Information : Time (s): cpu = 00:00:17 ; elapsed = 00:00:18 . Memory (MB): peak = 3666.012 ; gain = 558.051 ; free physical = 595769 ; free virtual = 822139
Synthesis current peak Physical Memory [PSS] (MB): peak = 2735.679; parent = 2607.720; children = 128.608
Synthesis current peak Virtual Memory [VSS] (MB): peak = 4653.301; parent = 3666.016; children = 987.285
---------------------------------------------------------------------------------
---------------------------------------------------------------------------------
Start Applying 'set_property' XDC Constraints
---------------------------------------------------------------------------------
Applied set_property KEEP_HIERARCHY = SOFT for U0. (constraint file  /home/ayvol/vitis-accel-DNN/vitis_accel_prj/build/xclbin/link/vivado/vpl/prj/prj.runs/bd_22c0_build_info_0_synth_1/dont_touch.xdc, line 6).
---------------------------------------------------------------------------------
Finished applying 'set_property' XDC Constraints : Time (s): cpu = 00:00:17 ; elapsed = 00:00:18 . Memory (MB): peak = 3666.012 ; gain = 558.051 ; free physical = 595753 ; free virtual = 822123
Synthesis current peak Physical Memory [PSS] (MB): peak = 2735.679; parent = 2607.720; children = 128.608
Synthesis current peak Virtual Memory [VSS] (MB): peak = 4653.301; parent = 3666.016; children = 987.285
---------------------------------------------------------------------------------
INFO: [Synth 8-802] inferred FSM for state register 'state_reg' in module 'slave_attachment'
---------------------------------------------------------------------------------------------------
                   State |                     New Encoding |                Previous Encoding 
---------------------------------------------------------------------------------------------------
                 iSTATE2 |                             0001 |                               00
                  iSTATE |                             0010 |                               01
                 iSTATE0 |                             0100 |                               10
                 iSTATE1 |                             1000 |                               11
---------------------------------------------------------------------------------------------------
INFO: [Synth 8-3354] encoded FSM with state register 'state_reg' using encoding 'one-hot' in module 'slave_attachment'
---------------------------------------------------------------------------------
Finished RTL Optimization Phase 2 : Time (s): cpu = 00:00:17 ; elapsed = 00:00:19 . Memory (MB): peak = 3666.012 ; gain = 558.051 ; free physical = 595669 ; free virtual = 822040
Synthesis current peak Physical Memory [PSS] (MB): peak = 2735.679; parent = 2607.720; children = 128.608
Synthesis current peak Virtual Memory [VSS] (MB): peak = 4653.301; parent = 3666.016; children = 987.285
---------------------------------------------------------------------------------
---------------------------------------------------------------------------------
Start RTL Component Statistics 
---------------------------------------------------------------------------------
Detailed RTL Component Info : 
+---Adders : 
	   2 Input    5 Bit       Adders := 1     
+---Registers : 
	               32 Bit    Registers := 3     
	                5 Bit    Registers := 2     
	                3 Bit    Registers := 1     
	                2 Bit    Registers := 3     
	                1 Bit    Registers := 11    
+---Muxes : 
	   7 Input   32 Bit        Muxes := 1     
	   2 Input    5 Bit        Muxes := 1     
	   4 Input    4 Bit        Muxes := 1     
	   2 Input    4 Bit        Muxes := 5     
	   2 Input    3 Bit        Muxes := 1     
	   2 Input    2 Bit        Muxes := 4     
	   3 Input    2 Bit        Muxes := 1     
	   4 Input    2 Bit        Muxes := 1     
	   2 Input    1 Bit        Muxes := 5     
	   4 Input    1 Bit        Muxes := 3     
	   7 Input    1 Bit        Muxes := 1     
---------------------------------------------------------------------------------
Finished RTL Component Statistics 
---------------------------------------------------------------------------------
---------------------------------------------------------------------------------
Start Part Resource Summary
---------------------------------------------------------------------------------
Part Resources:
DSPs: 9024 (col length:94)
BRAMs: 4032 (col length: RAMB18 288 RAMB36 144)
---------------------------------------------------------------------------------
Finished Part Resource Summary
---------------------------------------------------------------------------------
---------------------------------------------------------------------------------
Start Cross Boundary and Area Optimization
---------------------------------------------------------------------------------
WARNING: [Synth 8-7080] Parallel synthesis criteria is not met
WARNING: [Synth 8-7129] Port S_AXI_WSTRB[3] in module shell_utils_build_info_v1_0_0 is either unconnected or has no load
WARNING: [Synth 8-7129] Port S_AXI_WSTRB[2] in module shell_utils_build_info_v1_0_0 is either unconnected or has no load
WARNING: [Synth 8-7129] Port S_AXI_WSTRB[1] in module shell_utils_build_info_v1_0_0 is either unconnected or has no load
WARNING: [Synth 8-7129] Port S_AXI_WSTRB[0] in module shell_utils_build_info_v1_0_0 is either unconnected or has no load
---------------------------------------------------------------------------------
Finished Cross Boundary and Area Optimization : Time (s): cpu = 00:00:18 ; elapsed = 00:00:20 . Memory (MB): peak = 3666.012 ; gain = 558.051 ; free physical = 595610 ; free virtual = 822008
Synthesis current peak Physical Memory [PSS] (MB): peak = 2735.679; parent = 2607.720; children = 128.608
Synthesis current peak Virtual Memory [VSS] (MB): peak = 4653.301; parent = 3666.016; children = 987.285
---------------------------------------------------------------------------------
---------------------------------------------------------------------------------
Start Applying XDC Timing Constraints
---------------------------------------------------------------------------------
---------------------------------------------------------------------------------
Finished Applying XDC Timing Constraints : Time (s): cpu = 00:00:29 ; elapsed = 00:00:32 . Memory (MB): peak = 3957.402 ; gain = 849.441 ; free physical = 595063 ; free virtual = 821400
Synthesis current peak Physical Memory [PSS] (MB): peak = 3127.222; parent = 2995.805; children = 131.417
Synthesis current peak Virtual Memory [VSS] (MB): peak = 4944.691; parent = 3957.406; children = 987.285
---------------------------------------------------------------------------------
---------------------------------------------------------------------------------
Start Timing Optimization
---------------------------------------------------------------------------------
---------------------------------------------------------------------------------
Finished Timing Optimization : Time (s): cpu = 00:00:29 ; elapsed = 00:00:33 . Memory (MB): peak = 3988.449 ; gain = 880.488 ; free physical = 595034 ; free virtual = 821372
Synthesis current peak Physical Memory [PSS] (MB): peak = 3127.989; parent = 2996.851; children = 131.417
Synthesis current peak Virtual Memory [VSS] (MB): peak = 4975.738; parent = 3988.453; children = 987.285
---------------------------------------------------------------------------------
---------------------------------------------------------------------------------
Start Technology Mapping
---------------------------------------------------------------------------------
---------------------------------------------------------------------------------
Finished Technology Mapping : Time (s): cpu = 00:00:29 ; elapsed = 00:00:33 . Memory (MB): peak = 3988.449 ; gain = 880.488 ; free physical = 594972 ; free virtual = 821310
Synthesis current peak Physical Memory [PSS] (MB): peak = 3128.062; parent = 2996.997; children = 131.417
Synthesis current peak Virtual Memory [VSS] (MB): peak = 4975.738; parent = 3988.453; children = 987.285
---------------------------------------------------------------------------------
---------------------------------------------------------------------------------
Start IO Insertion
---------------------------------------------------------------------------------
---------------------------------------------------------------------------------
Start Flattening Before IO Insertion
---------------------------------------------------------------------------------
---------------------------------------------------------------------------------
Finished Flattening Before IO Insertion
---------------------------------------------------------------------------------
---------------------------------------------------------------------------------
Start Final Netlist Cleanup
---------------------------------------------------------------------------------
---------------------------------------------------------------------------------
Finished Final Netlist Cleanup
---------------------------------------------------------------------------------
---------------------------------------------------------------------------------
Finished IO Insertion : Time (s): cpu = 00:00:32 ; elapsed = 00:00:36 . Memory (MB): peak = 3988.449 ; gain = 880.488 ; free physical = 594365 ; free virtual = 820649
Synthesis current peak Physical Memory [PSS] (MB): peak = 3128.062; parent = 2996.997; children = 131.417
Synthesis current peak Virtual Memory [VSS] (MB): peak = 4975.738; parent = 3988.453; children = 987.285
---------------------------------------------------------------------------------
---------------------------------------------------------------------------------
Start Renaming Generated Instances
---------------------------------------------------------------------------------
---------------------------------------------------------------------------------
Finished Renaming Generated Instances : Time (s): cpu = 00:00:32 ; elapsed = 00:00:36 . Memory (MB): peak = 3988.449 ; gain = 880.488 ; free physical = 594419 ; free virtual = 820732
Synthesis current peak Physical Memory [PSS] (MB): peak = 3128.062; parent = 2996.997; children = 131.417
Synthesis current peak Virtual Memory [VSS] (MB): peak = 4975.738; parent = 3988.453; children = 987.285
---------------------------------------------------------------------------------
---------------------------------------------------------------------------------
Start Rebuilding User Hierarchy
---------------------------------------------------------------------------------
---------------------------------------------------------------------------------
Finished Rebuilding User Hierarchy : Time (s): cpu = 00:00:32 ; elapsed = 00:00:36 . Memory (MB): peak = 3988.449 ; gain = 880.488 ; free physical = 594530 ; free virtual = 820843
Synthesis current peak Physical Memory [PSS] (MB): peak = 3128.062; parent = 2996.997; children = 131.417
Synthesis current peak Virtual Memory [VSS] (MB): peak = 4975.738; parent = 3988.453; children = 987.285
---------------------------------------------------------------------------------
---------------------------------------------------------------------------------
Start Renaming Generated Ports
---------------------------------------------------------------------------------
---------------------------------------------------------------------------------
Finished Renaming Generated Ports : Time (s): cpu = 00:00:32 ; elapsed = 00:00:37 . Memory (MB): peak = 3988.449 ; gain = 880.488 ; free physical = 594665 ; free virtual = 820980
Synthesis current peak Physical Memory [PSS] (MB): peak = 3128.062; parent = 2996.997; children = 131.417
Synthesis current peak Virtual Memory [VSS] (MB): peak = 4975.738; parent = 3988.453; children = 987.285
---------------------------------------------------------------------------------
---------------------------------------------------------------------------------
Start Handling Custom Attributes
---------------------------------------------------------------------------------
---------------------------------------------------------------------------------
Finished Handling Custom Attributes : Time (s): cpu = 00:00:33 ; elapsed = 00:00:37 . Memory (MB): peak = 3988.449 ; gain = 880.488 ; free physical = 594681 ; free virtual = 820995
Synthesis current peak Physical Memory [PSS] (MB): peak = 3128.062; parent = 2996.997; children = 131.417
Synthesis current peak Virtual Memory [VSS] (MB): peak = 4975.738; parent = 3988.453; children = 987.285
---------------------------------------------------------------------------------
---------------------------------------------------------------------------------
Start Renaming Generated Nets
---------------------------------------------------------------------------------
---------------------------------------------------------------------------------
Finished Renaming Generated Nets : Time (s): cpu = 00:00:33 ; elapsed = 00:00:37 . Memory (MB): peak = 3988.449 ; gain = 880.488 ; free physical = 594782 ; free virtual = 821097
Synthesis current peak Physical Memory [PSS] (MB): peak = 3128.062; parent = 2996.997; children = 131.417
Synthesis current peak Virtual Memory [VSS] (MB): peak = 4975.738; parent = 3988.453; children = 987.285
---------------------------------------------------------------------------------
---------------------------------------------------------------------------------
Start Writing Synthesis Report
---------------------------------------------------------------------------------

Report BlackBoxes: 
+-+--------------+----------+
| |BlackBox name |Instances |
+-+--------------+----------+
+-+--------------+----------+

Report Cell Usage: 
+------+-----+------+
|      |Cell |Count |
+------+-----+------+
|1     |LUT1 |     2|
|2     |LUT2 |     8|
|3     |LUT3 |     4|
|4     |LUT4 |    35|
|5     |LUT5 |     6|
|6     |LUT6 |    13|
|7     |FDRE |   121|
|8     |FDSE |     1|
+------+-----+------+
---------------------------------------------------------------------------------
Finished Writing Synthesis Report : Time (s): cpu = 00:00:33 ; elapsed = 00:00:37 . Memory (MB): peak = 3988.449 ; gain = 880.488 ; free physical = 594865 ; free virtual = 821179
Synthesis current peak Physical Memory [PSS] (MB): peak = 3128.062; parent = 2996.997; children = 131.417
Synthesis current peak Virtual Memory [VSS] (MB): peak = 4975.738; parent = 3988.453; children = 987.285
---------------------------------------------------------------------------------
Synthesis finished with 0 errors, 0 critical warnings and 5 warnings.
Synthesis Optimization Runtime : Time (s): cpu = 00:00:26 ; elapsed = 00:00:30 . Memory (MB): peak = 3988.449 ; gain = 771.891 ; free physical = 595072 ; free virtual = 821386
Synthesis Optimization Complete : Time (s): cpu = 00:00:33 ; elapsed = 00:00:37 . Memory (MB): peak = 3988.457 ; gain = 880.488 ; free physical = 595297 ; free virtual = 821611
INFO: [Project 1-571] Translating synthesized netlist
Netlist sorting complete. Time (s): cpu = 00:00:00.01 ; elapsed = 00:00:00 . Memory (MB): peak = 4002.387 ; gain = 0.000 ; free physical = 595631 ; free virtual = 821945
INFO: [Project 1-570] Preparing netlist for logic optimization
INFO: [Opt 31-138] Pushed 0 inverter(s) to 0 load pin(s).
Netlist sorting complete. Time (s): cpu = 00:00:00 ; elapsed = 00:00:00 . Memory (MB): peak = 4059.801 ; gain = 0.000 ; free physical = 597219 ; free virtual = 823533
INFO: [Project 1-111] Unisim Transformation Summary:
No Unisim elements were transformed.

Synth Design complete, checksum: ec5b43d9
INFO: [Common 17-83] Releasing license: Synthesis
37 Infos, 21 Warnings, 0 Critical Warnings and 0 Errors encountered.
synth_design completed successfully
synth_design: Time (s): cpu = 00:00:45 ; elapsed = 00:00:50 . Memory (MB): peak = 4059.801 ; gain = 2278.797 ; free physical = 597518 ; free virtual = 823792
INFO: [Common 17-600] The following parameters have non-default value.
general.maxThreads
INFO: [Common 17-1381] The checkpoint '/home/ayvol/vitis-accel-DNN/vitis_accel_prj/build/xclbin/link/vivado/vpl/prj/prj.runs/bd_22c0_build_info_0_synth_1/bd_22c0_build_info_0.dcp' has been generated.
INFO: [Coretcl 2-1648] Added synthesis output to IP cache for IP bd_22c0_build_info_0, cache-ID = c5adb3275df7ea56
INFO: [Coretcl 2-1174] Renamed 4 cell refs.
INFO: [Common 17-1381] The checkpoint '/home/ayvol/vitis-accel-DNN/vitis_accel_prj/build/xclbin/link/vivado/vpl/prj/prj.runs/bd_22c0_build_info_0_synth_1/bd_22c0_build_info_0.dcp' has been generated.
INFO: [runtcl-4] Executing : report_utilization -file bd_22c0_build_info_0_utilization_synth.rpt -pb bd_22c0_build_info_0_utilization_synth.pb
INFO: [Common 17-206] Exiting Vivado at Sat Jun  1 06:23:26 2024...
