
*** Running vivado
    with args -log bd_22c0_frequency_counter_aclk_0.vds -m64 -product Vivado -mode batch -messageDb vivado.pb -notrace -source bd_22c0_frequency_counter_aclk_0.tcl


****** Vivado v2022.2 (64-bit)
  **** SW Build 3671981 on Fri Oct 14 04:59:54 MDT 2022
  **** IP Build 3669848 on Fri Oct 14 08:30:02 MDT 2022
    ** Copyright 1986-2022 Xilinx, Inc. All Rights Reserved.

source bd_22c0_frequency_counter_aclk_0.tcl -notrace
INFO: Dispatch client connection id - 33731
create_project: Time (s): cpu = 00:00:05 ; elapsed = 00:00:08 . Memory (MB): peak = 1717.262 ; gain = 88.992 ; free physical = 658586 ; free virtual = 852434
INFO: [IP_Flow 19-234] Refreshing IP repositories
INFO: [IP_Flow 19-1700] Loaded user IP repository '/home/ayvol/vitis-accel-CNN/vitis_accel_prj/build/xclbin/link/int/xo/ip_repo/xilinx_com_hls_kernel_wrapper_1_0'.
INFO: [IP_Flow 19-1700] Loaded user IP repository '/home/ayvol/vitis-accel-CNN/vitis_accel_prj/build/xclbin/link/vivado/vpl/.local/hw_platform/iprepo'.
INFO: [IP_Flow 19-1700] Loaded user IP repository '/home/ayvol/vitis-accel-CNN/vitis_accel_prj/build/xclbin/link/vivado/vpl/.local/hw_platform/ipcache'.
INFO: [IP_Flow 19-1700] Loaded user IP repository '/tools/Xilinx/Vitis/2022.2/data/ip'.
INFO: [IP_Flow 19-2313] Loaded Vivado IP repository '/tools/Xilinx/Vivado/2022.2/data/ip'.
WARNING: [IP_Flow 19-1663] Duplicate IP found for 'xilinx.com:ip:axi_clk_metadata_adapter:1.0'. The one found in IP location '/home/ayvol/vitis-accel-CNN/vitis_accel_prj/build/xclbin/link/vivado/vpl/.local/hw_platform/iprepo/ipdefs/other_ipdefs/axi_clk_metadata_adapter_v1_0' will take precedence over the same IP in location /home/ayvol/vitis-accel-CNN/vitis_accel_prj/build/xclbin/link/vivado/vpl/.local/hw_platform/iprepo/ipdefs/pxi_ii_infra/axi_clk_metadata_adapter_v1_0
WARNING: [IP_Flow 19-1663] Duplicate IP found for 'xilinx.com:ip:axis_clk_metadata_adapter:1.0'. The one found in IP location '/home/ayvol/vitis-accel-CNN/vitis_accel_prj/build/xclbin/link/vivado/vpl/.local/hw_platform/iprepo/ipdefs/other_ipdefs/axis_clk_metadata_adapter_v1_0' will take precedence over the same IP in location /home/ayvol/vitis-accel-CNN/vitis_accel_prj/build/xclbin/link/vivado/vpl/.local/hw_platform/iprepo/ipdefs/pxi_ii_infra/axis_clk_metadata_adapter_v1_0
WARNING: [IP_Flow 19-1663] Duplicate IP found for 'xilinx.com:ip:clk_metadata_adapter:1.0'. The one found in IP location '/home/ayvol/vitis-accel-CNN/vitis_accel_prj/build/xclbin/link/vivado/vpl/.local/hw_platform/iprepo/ipdefs/other_ipdefs/clk_metadata_adapter_v1_0' will take precedence over the same IP in location /home/ayvol/vitis-accel-CNN/vitis_accel_prj/build/xclbin/link/vivado/vpl/.local/hw_platform/iprepo/ipdefs/pxi_ii_infra/clk_metadata_adapter_v1_0
WARNING: [IP_Flow 19-1663] Duplicate IP found for 'xilinx.com:ip:pipeline_reg:1.0'. The one found in IP location '/home/ayvol/vitis-accel-CNN/vitis_accel_prj/build/xclbin/link/vivado/vpl/.local/hw_platform/iprepo/ipdefs/other_ipdefs/pipeline_reg_v1_0' will take precedence over the same IP in location /home/ayvol/vitis-accel-CNN/vitis_accel_prj/build/xclbin/link/vivado/vpl/.local/hw_platform/iprepo/ipdefs/pxi_ii_infra/pipeline_reg_v1_0
WARNING: [IP_Flow 19-1663] Duplicate IP found for 'xilinx.com:ip:shell_utils_build_info:1.0'. The one found in IP location '/home/ayvol/vitis-accel-CNN/vitis_accel_prj/build/xclbin/link/vivado/vpl/.local/hw_platform/iprepo/ipdefs/other_ipdefs/shell_utils_build_info_v1_0' will take precedence over the same IP in the Xilinx installed IP.
INFO: [IP_Flow 19-6924] IPCACHE: Running cache check for IP inst: bd_22c0_frequency_counter_aclk_0
Command: synth_design -top bd_22c0_frequency_counter_aclk_0 -part xcu55c-fsvh2892-2L-e -incremental_mode off -mode out_of_context
Starting synth_design
Attempting to get a license for feature 'Synthesis' and/or device 'xcu55c'
INFO: [Common 17-349] Got license for feature 'Synthesis' and/or device 'xcu55c'
INFO: [Device 21-403] Loading part xcu55c-fsvh2892-2L-e
INFO: [Synth 8-7079] Multithreading enabled for synth_design using a maximum of 1 processes.
INFO: [Synth 8-7078] Launching helper process for spawning children vivado processes
INFO: [Synth 8-7075] Helper process launched with PID 154647
INFO: [Synth 8-11241] undeclared symbol 'REGCCE', assumed default net type 'wire' [/tools/Xilinx/Vivado/2022.2/data/verilog/src/unimacro/BRAM_SINGLE_MACRO.v:2170]
---------------------------------------------------------------------------------
Starting RTL Elaboration : Time (s): cpu = 00:00:04 ; elapsed = 00:00:04 . Memory (MB): peak = 3464.578 ; gain = 356.766 ; free physical = 651441 ; free virtual = 845303
Synthesis current peak Physical Memory [PSS] (MB): peak = 2645.120; parent = 2513.149; children = 131.971
Synthesis current peak Virtual Memory [VSS] (MB): peak = 4420.793; parent = 3468.551; children = 952.242
---------------------------------------------------------------------------------
INFO: [Synth 8-6157] synthesizing module 'bd_22c0_frequency_counter_aclk_0' [/home/ayvol/vitis-accel-CNN/vitis_accel_prj/build/xclbin/link/vivado/vpl/prj/prj.gen/my_rm/bd/ulp/ip/ulp_ulp_ucs_0/bd_0/ip/ip_52/synth/bd_22c0_frequency_counter_aclk_0.v:53]
INFO: [Synth 8-6157] synthesizing module 'shell_utils_frequency_counter_v1_0_0' [/home/ayvol/vitis-accel-CNN/vitis_accel_prj/build/xclbin/link/vivado/vpl/prj/prj.gen/my_rm/bd/ulp/ipshared/26b2/hdl/shell_utils_frequency_counter_v1_0_rfs.v:54]
INFO: [Synth 8-6157] synthesizing module 'xpm_cdc_async_rst' [/tools/Xilinx/Vivado/2022.2/data/ip/xpm/xpm_cdc/hdl/xpm_cdc.sv:1174]
INFO: [Synth 8-6155] done synthesizing module 'xpm_cdc_async_rst' (0#1) [/tools/Xilinx/Vivado/2022.2/data/ip/xpm/xpm_cdc/hdl/xpm_cdc.sv:1174]
INFO: [Synth 8-6157] synthesizing module 'xpm_cdc_array_single' [/tools/Xilinx/Vivado/2022.2/data/ip/xpm/xpm_cdc/hdl/xpm_cdc.sv:902]
INFO: [Synth 8-6155] done synthesizing module 'xpm_cdc_array_single' (0#1) [/tools/Xilinx/Vivado/2022.2/data/ip/xpm/xpm_cdc/hdl/xpm_cdc.sv:902]
INFO: [Synth 8-6157] synthesizing module 'xpm_cdc_array_single__parameterized0' [/tools/Xilinx/Vivado/2022.2/data/ip/xpm/xpm_cdc/hdl/xpm_cdc.sv:902]
INFO: [Synth 8-6155] done synthesizing module 'xpm_cdc_array_single__parameterized0' (0#1) [/tools/Xilinx/Vivado/2022.2/data/ip/xpm/xpm_cdc/hdl/xpm_cdc.sv:902]
INFO: [Synth 8-155] case statement is not full and has no default [/home/ayvol/vitis-accel-CNN/vitis_accel_prj/build/xclbin/link/vivado/vpl/prj/prj.gen/my_rm/bd/ulp/ipshared/26b2/hdl/shell_utils_frequency_counter_v1_0_rfs.v:187]
INFO: [Synth 8-155] case statement is not full and has no default [/home/ayvol/vitis-accel-CNN/vitis_accel_prj/build/xclbin/link/vivado/vpl/prj/prj.gen/my_rm/bd/ulp/ipshared/26b2/hdl/shell_utils_frequency_counter_v1_0_rfs.v:234]
INFO: [Synth 8-6155] done synthesizing module 'shell_utils_frequency_counter_v1_0_0' (0#1) [/home/ayvol/vitis-accel-CNN/vitis_accel_prj/build/xclbin/link/vivado/vpl/prj/prj.gen/my_rm/bd/ulp/ipshared/26b2/hdl/shell_utils_frequency_counter_v1_0_rfs.v:54]
INFO: [Synth 8-6155] done synthesizing module 'bd_22c0_frequency_counter_aclk_0' (0#1) [/home/ayvol/vitis-accel-CNN/vitis_accel_prj/build/xclbin/link/vivado/vpl/prj/prj.gen/my_rm/bd/ulp/ip/ulp_ulp_ucs_0/bd_0/ip/ip_52/synth/bd_22c0_frequency_counter_aclk_0.v:53]
WARNING: [Synth 8-7129] Port src_clk in module xpm_cdc_array_single__parameterized0 is either unconnected or has no load
WARNING: [Synth 8-7129] Port src_clk in module xpm_cdc_array_single is either unconnected or has no load
WARNING: [Synth 8-7129] Port s_axi_awaddr[31] in module shell_utils_frequency_counter_v1_0_0 is either unconnected or has no load
WARNING: [Synth 8-7129] Port s_axi_awaddr[30] in module shell_utils_frequency_counter_v1_0_0 is either unconnected or has no load
WARNING: [Synth 8-7129] Port s_axi_awaddr[29] in module shell_utils_frequency_counter_v1_0_0 is either unconnected or has no load
WARNING: [Synth 8-7129] Port s_axi_awaddr[28] in module shell_utils_frequency_counter_v1_0_0 is either unconnected or has no load
WARNING: [Synth 8-7129] Port s_axi_awaddr[27] in module shell_utils_frequency_counter_v1_0_0 is either unconnected or has no load
WARNING: [Synth 8-7129] Port s_axi_awaddr[26] in module shell_utils_frequency_counter_v1_0_0 is either unconnected or has no load
WARNING: [Synth 8-7129] Port s_axi_awaddr[25] in module shell_utils_frequency_counter_v1_0_0 is either unconnected or has no load
WARNING: [Synth 8-7129] Port s_axi_awaddr[24] in module shell_utils_frequency_counter_v1_0_0 is either unconnected or has no load
WARNING: [Synth 8-7129] Port s_axi_awaddr[23] in module shell_utils_frequency_counter_v1_0_0 is either unconnected or has no load
WARNING: [Synth 8-7129] Port s_axi_awaddr[22] in module shell_utils_frequency_counter_v1_0_0 is either unconnected or has no load
WARNING: [Synth 8-7129] Port s_axi_awaddr[21] in module shell_utils_frequency_counter_v1_0_0 is either unconnected or has no load
WARNING: [Synth 8-7129] Port s_axi_awaddr[20] in module shell_utils_frequency_counter_v1_0_0 is either unconnected or has no load
WARNING: [Synth 8-7129] Port s_axi_awaddr[19] in module shell_utils_frequency_counter_v1_0_0 is either unconnected or has no load
WARNING: [Synth 8-7129] Port s_axi_awaddr[18] in module shell_utils_frequency_counter_v1_0_0 is either unconnected or has no load
WARNING: [Synth 8-7129] Port s_axi_awaddr[17] in module shell_utils_frequency_counter_v1_0_0 is either unconnected or has no load
WARNING: [Synth 8-7129] Port s_axi_awaddr[16] in module shell_utils_frequency_counter_v1_0_0 is either unconnected or has no load
WARNING: [Synth 8-7129] Port s_axi_awaddr[15] in module shell_utils_frequency_counter_v1_0_0 is either unconnected or has no load
WARNING: [Synth 8-7129] Port s_axi_awaddr[14] in module shell_utils_frequency_counter_v1_0_0 is either unconnected or has no load
WARNING: [Synth 8-7129] Port s_axi_awaddr[13] in module shell_utils_frequency_counter_v1_0_0 is either unconnected or has no load
WARNING: [Synth 8-7129] Port s_axi_awaddr[12] in module shell_utils_frequency_counter_v1_0_0 is either unconnected or has no load
WARNING: [Synth 8-7129] Port s_axi_awaddr[11] in module shell_utils_frequency_counter_v1_0_0 is either unconnected or has no load
WARNING: [Synth 8-7129] Port s_axi_awaddr[10] in module shell_utils_frequency_counter_v1_0_0 is either unconnected or has no load
WARNING: [Synth 8-7129] Port s_axi_awaddr[9] in module shell_utils_frequency_counter_v1_0_0 is either unconnected or has no load
WARNING: [Synth 8-7129] Port s_axi_awaddr[8] in module shell_utils_frequency_counter_v1_0_0 is either unconnected or has no load
WARNING: [Synth 8-7129] Port s_axi_awaddr[7] in module shell_utils_frequency_counter_v1_0_0 is either unconnected or has no load
WARNING: [Synth 8-7129] Port s_axi_awaddr[6] in module shell_utils_frequency_counter_v1_0_0 is either unconnected or has no load
WARNING: [Synth 8-7129] Port s_axi_awaddr[5] in module shell_utils_frequency_counter_v1_0_0 is either unconnected or has no load
WARNING: [Synth 8-7129] Port s_axi_awaddr[4] in module shell_utils_frequency_counter_v1_0_0 is either unconnected or has no load
WARNING: [Synth 8-7129] Port s_axi_wdata[31] in module shell_utils_frequency_counter_v1_0_0 is either unconnected or has no load
WARNING: [Synth 8-7129] Port s_axi_wdata[30] in module shell_utils_frequency_counter_v1_0_0 is either unconnected or has no load
WARNING: [Synth 8-7129] Port s_axi_wdata[29] in module shell_utils_frequency_counter_v1_0_0 is either unconnected or has no load
WARNING: [Synth 8-7129] Port s_axi_wdata[28] in module shell_utils_frequency_counter_v1_0_0 is either unconnected or has no load
WARNING: [Synth 8-7129] Port s_axi_wdata[27] in module shell_utils_frequency_counter_v1_0_0 is either unconnected or has no load
WARNING: [Synth 8-7129] Port s_axi_wdata[26] in module shell_utils_frequency_counter_v1_0_0 is either unconnected or has no load
WARNING: [Synth 8-7129] Port s_axi_wdata[25] in module shell_utils_frequency_counter_v1_0_0 is either unconnected or has no load
WARNING: [Synth 8-7129] Port s_axi_wdata[24] in module shell_utils_frequency_counter_v1_0_0 is either unconnected or has no load
WARNING: [Synth 8-7129] Port s_axi_wdata[23] in module shell_utils_frequency_counter_v1_0_0 is either unconnected or has no load
WARNING: [Synth 8-7129] Port s_axi_wdata[22] in module shell_utils_frequency_counter_v1_0_0 is either unconnected or has no load
WARNING: [Synth 8-7129] Port s_axi_wdata[21] in module shell_utils_frequency_counter_v1_0_0 is either unconnected or has no load
WARNING: [Synth 8-7129] Port s_axi_wdata[20] in module shell_utils_frequency_counter_v1_0_0 is either unconnected or has no load
WARNING: [Synth 8-7129] Port s_axi_wdata[19] in module shell_utils_frequency_counter_v1_0_0 is either unconnected or has no load
WARNING: [Synth 8-7129] Port s_axi_wdata[18] in module shell_utils_frequency_counter_v1_0_0 is either unconnected or has no load
WARNING: [Synth 8-7129] Port s_axi_wdata[17] in module shell_utils_frequency_counter_v1_0_0 is either unconnected or has no load
WARNING: [Synth 8-7129] Port s_axi_wdata[16] in module shell_utils_frequency_counter_v1_0_0 is either unconnected or has no load
WARNING: [Synth 8-7129] Port s_axi_wdata[15] in module shell_utils_frequency_counter_v1_0_0 is either unconnected or has no load
WARNING: [Synth 8-7129] Port s_axi_wdata[14] in module shell_utils_frequency_counter_v1_0_0 is either unconnected or has no load
WARNING: [Synth 8-7129] Port s_axi_wdata[13] in module shell_utils_frequency_counter_v1_0_0 is either unconnected or has no load
WARNING: [Synth 8-7129] Port s_axi_wdata[12] in module shell_utils_frequency_counter_v1_0_0 is either unconnected or has no load
WARNING: [Synth 8-7129] Port s_axi_wdata[11] in module shell_utils_frequency_counter_v1_0_0 is either unconnected or has no load
WARNING: [Synth 8-7129] Port s_axi_wdata[10] in module shell_utils_frequency_counter_v1_0_0 is either unconnected or has no load
WARNING: [Synth 8-7129] Port s_axi_wdata[9] in module shell_utils_frequency_counter_v1_0_0 is either unconnected or has no load
WARNING: [Synth 8-7129] Port s_axi_wdata[8] in module shell_utils_frequency_counter_v1_0_0 is either unconnected or has no load
WARNING: [Synth 8-7129] Port s_axi_wdata[7] in module shell_utils_frequency_counter_v1_0_0 is either unconnected or has no load
WARNING: [Synth 8-7129] Port s_axi_wdata[6] in module shell_utils_frequency_counter_v1_0_0 is either unconnected or has no load
WARNING: [Synth 8-7129] Port s_axi_wdata[5] in module shell_utils_frequency_counter_v1_0_0 is either unconnected or has no load
WARNING: [Synth 8-7129] Port s_axi_wdata[4] in module shell_utils_frequency_counter_v1_0_0 is either unconnected or has no load
WARNING: [Synth 8-7129] Port s_axi_wdata[3] in module shell_utils_frequency_counter_v1_0_0 is either unconnected or has no load
WARNING: [Synth 8-7129] Port s_axi_wdata[2] in module shell_utils_frequency_counter_v1_0_0 is either unconnected or has no load
WARNING: [Synth 8-7129] Port s_axi_wdata[1] in module shell_utils_frequency_counter_v1_0_0 is either unconnected or has no load
WARNING: [Synth 8-7129] Port s_axi_wstrb[3] in module shell_utils_frequency_counter_v1_0_0 is either unconnected or has no load
WARNING: [Synth 8-7129] Port s_axi_wstrb[2] in module shell_utils_frequency_counter_v1_0_0 is either unconnected or has no load
WARNING: [Synth 8-7129] Port s_axi_wstrb[1] in module shell_utils_frequency_counter_v1_0_0 is either unconnected or has no load
WARNING: [Synth 8-7129] Port s_axi_wstrb[0] in module shell_utils_frequency_counter_v1_0_0 is either unconnected or has no load
WARNING: [Synth 8-7129] Port s_axi_araddr[31] in module shell_utils_frequency_counter_v1_0_0 is either unconnected or has no load
WARNING: [Synth 8-7129] Port s_axi_araddr[30] in module shell_utils_frequency_counter_v1_0_0 is either unconnected or has no load
WARNING: [Synth 8-7129] Port s_axi_araddr[29] in module shell_utils_frequency_counter_v1_0_0 is either unconnected or has no load
WARNING: [Synth 8-7129] Port s_axi_araddr[28] in module shell_utils_frequency_counter_v1_0_0 is either unconnected or has no load
WARNING: [Synth 8-7129] Port s_axi_araddr[27] in module shell_utils_frequency_counter_v1_0_0 is either unconnected or has no load
WARNING: [Synth 8-7129] Port s_axi_araddr[26] in module shell_utils_frequency_counter_v1_0_0 is either unconnected or has no load
WARNING: [Synth 8-7129] Port s_axi_araddr[25] in module shell_utils_frequency_counter_v1_0_0 is either unconnected or has no load
WARNING: [Synth 8-7129] Port s_axi_araddr[24] in module shell_utils_frequency_counter_v1_0_0 is either unconnected or has no load
WARNING: [Synth 8-7129] Port s_axi_araddr[23] in module shell_utils_frequency_counter_v1_0_0 is either unconnected or has no load
WARNING: [Synth 8-7129] Port s_axi_araddr[22] in module shell_utils_frequency_counter_v1_0_0 is either unconnected or has no load
WARNING: [Synth 8-7129] Port s_axi_araddr[21] in module shell_utils_frequency_counter_v1_0_0 is either unconnected or has no load
WARNING: [Synth 8-7129] Port s_axi_araddr[20] in module shell_utils_frequency_counter_v1_0_0 is either unconnected or has no load
WARNING: [Synth 8-7129] Port s_axi_araddr[19] in module shell_utils_frequency_counter_v1_0_0 is either unconnected or has no load
WARNING: [Synth 8-7129] Port s_axi_araddr[18] in module shell_utils_frequency_counter_v1_0_0 is either unconnected or has no load
WARNING: [Synth 8-7129] Port s_axi_araddr[17] in module shell_utils_frequency_counter_v1_0_0 is either unconnected or has no load
WARNING: [Synth 8-7129] Port s_axi_araddr[16] in module shell_utils_frequency_counter_v1_0_0 is either unconnected or has no load
WARNING: [Synth 8-7129] Port s_axi_araddr[15] in module shell_utils_frequency_counter_v1_0_0 is either unconnected or has no load
WARNING: [Synth 8-7129] Port s_axi_araddr[14] in module shell_utils_frequency_counter_v1_0_0 is either unconnected or has no load
WARNING: [Synth 8-7129] Port s_axi_araddr[13] in module shell_utils_frequency_counter_v1_0_0 is either unconnected or has no load
WARNING: [Synth 8-7129] Port s_axi_araddr[12] in module shell_utils_frequency_counter_v1_0_0 is either unconnected or has no load
WARNING: [Synth 8-7129] Port s_axi_araddr[11] in module shell_utils_frequency_counter_v1_0_0 is either unconnected or has no load
WARNING: [Synth 8-7129] Port s_axi_araddr[10] in module shell_utils_frequency_counter_v1_0_0 is either unconnected or has no load
WARNING: [Synth 8-7129] Port s_axi_araddr[9] in module shell_utils_frequency_counter_v1_0_0 is either unconnected or has no load
WARNING: [Synth 8-7129] Port s_axi_araddr[8] in module shell_utils_frequency_counter_v1_0_0 is either unconnected or has no load
WARNING: [Synth 8-7129] Port s_axi_araddr[7] in module shell_utils_frequency_counter_v1_0_0 is either unconnected or has no load
WARNING: [Synth 8-7129] Port s_axi_araddr[6] in module shell_utils_frequency_counter_v1_0_0 is either unconnected or has no load
WARNING: [Synth 8-7129] Port s_axi_araddr[5] in module shell_utils_frequency_counter_v1_0_0 is either unconnected or has no load
WARNING: [Synth 8-7129] Port test_clk2 in module shell_utils_frequency_counter_v1_0_0 is either unconnected or has no load
WARNING: [Synth 8-7129] Port test_clk3 in module shell_utils_frequency_counter_v1_0_0 is either unconnected or has no load
---------------------------------------------------------------------------------
Finished RTL Elaboration : Time (s): cpu = 00:00:06 ; elapsed = 00:00:06 . Memory (MB): peak = 3538.516 ; gain = 430.703 ; free physical = 651353 ; free virtual = 845219
Synthesis current peak Physical Memory [PSS] (MB): peak = 2645.120; parent = 2513.149; children = 131.971
Synthesis current peak Virtual Memory [VSS] (MB): peak = 4490.762; parent = 3538.520; children = 952.242
---------------------------------------------------------------------------------
---------------------------------------------------------------------------------
Start Handling Custom Attributes
---------------------------------------------------------------------------------
---------------------------------------------------------------------------------
Finished Handling Custom Attributes : Time (s): cpu = 00:00:06 ; elapsed = 00:00:06 . Memory (MB): peak = 3556.328 ; gain = 448.516 ; free physical = 651331 ; free virtual = 845197
Synthesis current peak Physical Memory [PSS] (MB): peak = 2645.120; parent = 2513.149; children = 131.971
Synthesis current peak Virtual Memory [VSS] (MB): peak = 4508.574; parent = 3556.332; children = 952.242
---------------------------------------------------------------------------------
---------------------------------------------------------------------------------
Finished RTL Optimization Phase 1 : Time (s): cpu = 00:00:06 ; elapsed = 00:00:06 . Memory (MB): peak = 3556.328 ; gain = 448.516 ; free physical = 651325 ; free virtual = 845192
Synthesis current peak Physical Memory [PSS] (MB): peak = 2645.120; parent = 2513.149; children = 131.971
Synthesis current peak Virtual Memory [VSS] (MB): peak = 4508.574; parent = 3556.332; children = 952.242
---------------------------------------------------------------------------------
Netlist sorting complete. Time (s): cpu = 00:00:00 ; elapsed = 00:00:00 . Memory (MB): peak = 3556.328 ; gain = 0.000 ; free physical = 651311 ; free virtual = 845177
INFO: [Project 1-570] Preparing netlist for logic optimization

Processing XDC Constraints
Initializing timing engine
Parsing XDC File [/home/ayvol/vitis-accel-CNN/vitis_accel_prj/build/xclbin/link/vivado/vpl/prj/prj.gen/my_rm/bd/ulp/ip/ulp_ulp_ucs_0/bd_0/ip/ip_52/bd_22c0_frequency_counter_aclk_0_ooc.xdc] for cell 'inst'
0V85_VCCINT { VCCINT }  -supply_current_budget  100.000 A -voltage  0.850 V -direct
0V85_VCCINT_IO { VCCINT_IO VCCBRAM }  -supply_current_budget  30.000 A -voltage  0.850 V -direct
0V9_AVCC { MGTYAVCC }  -supply_current_budget  0.000 A -voltage  0.900 V -direct
1V2_AVTT { MGTYAVTT }  -supply_current_budget  0.000 A -voltage  1.200 V -direct
1V2_HBM { VCC_HBM }  -supply_current_budget  0.000 A -voltage  1.200 V -direct
1V8 { VCCAUX VCCAUX_IO MGTYVCCAUX VCCO18 VCCADC }  -supply_current_budget  4.000 A -voltage  1.800 V -direct
2V5_VPP { VCCAUX_HBM }  -supply_current_budget  0.300 A -voltage  2.500 V -direct
Finished Parsing XDC File [/home/ayvol/vitis-accel-CNN/vitis_accel_prj/build/xclbin/link/vivado/vpl/prj/prj.gen/my_rm/bd/ulp/ip/ulp_ulp_ucs_0/bd_0/ip/ip_52/bd_22c0_frequency_counter_aclk_0_ooc.xdc] for cell 'inst'
Parsing XDC File [/home/ayvol/vitis-accel-CNN/vitis_accel_prj/build/xclbin/link/vivado/vpl/prj/prj.runs/bd_22c0_frequency_counter_aclk_0_synth_1/dont_touch.xdc]
Finished Parsing XDC File [/home/ayvol/vitis-accel-CNN/vitis_accel_prj/build/xclbin/link/vivado/vpl/prj/prj.runs/bd_22c0_frequency_counter_aclk_0_synth_1/dont_touch.xdc]
INFO: [Project 1-236] Implementation specific constraints were found while reading constraint file [/tools/Xilinx/Vivado/2022.2/data/ip/xpm/xpm_cdc/tcl/xpm_cdc_array_single.tcl]. These constraints will be ignored for synthesis but will be used in implementation. Impacted constraints are listed in the file [.Xil/bd_22c0_frequency_counter_aclk_0_propImpl.xdc].
Resolution: To avoid this warning, move constraints listed in [.Xil/bd_22c0_frequency_counter_aclk_0_propImpl.xdc] to another XDC file and exclude this new file from synthesis with the used_in_synthesis property (File Properties dialog in GUI) and re-run elaboration/synthesis.
INFO: [Project 1-1714] 6 XPM XDC files have been applied to the design.
Completed Processing XDC Constraints

Netlist sorting complete. Time (s): cpu = 00:00:00 ; elapsed = 00:00:00 . Memory (MB): peak = 3675.895 ; gain = 0.000 ; free physical = 651008 ; free virtual = 845028
INFO: [Project 1-111] Unisim Transformation Summary:
No Unisim elements were transformed.

Constraint Validation Runtime : Time (s): cpu = 00:00:00.01 ; elapsed = 00:00:00.02 . Memory (MB): peak = 3675.895 ; gain = 0.000 ; free physical = 651007 ; free virtual = 845027
INFO: [Designutils 20-5008] Incremental synthesis strategy off
INFO: [Synth 8-11241] undeclared symbol 'REGCCE', assumed default net type 'wire' [/tools/Xilinx/Vivado/2022.2/data/verilog/src/unimacro/BRAM_SINGLE_MACRO.v:2170]
---------------------------------------------------------------------------------
Finished Constraint Validation : Time (s): cpu = 00:00:17 ; elapsed = 00:00:18 . Memory (MB): peak = 3675.895 ; gain = 568.082 ; free physical = 650732 ; free virtual = 844753
Synthesis current peak Physical Memory [PSS] (MB): peak = 2744.584; parent = 2612.309; children = 132.535
Synthesis current peak Virtual Memory [VSS] (MB): peak = 4628.141; parent = 3675.898; children = 952.242
---------------------------------------------------------------------------------
---------------------------------------------------------------------------------
Start Loading Part and Timing Information
---------------------------------------------------------------------------------
Loading part: xcu55c-fsvh2892-2L-e
INFO: [Synth 8-6742] Reading net delay rules and data
---------------------------------------------------------------------------------
Finished Loading Part and Timing Information : Time (s): cpu = 00:00:17 ; elapsed = 00:00:18 . Memory (MB): peak = 3675.895 ; gain = 568.082 ; free physical = 650836 ; free virtual = 844857
Synthesis current peak Physical Memory [PSS] (MB): peak = 2744.584; parent = 2612.309; children = 132.535
Synthesis current peak Virtual Memory [VSS] (MB): peak = 4628.141; parent = 3675.898; children = 952.242
---------------------------------------------------------------------------------
---------------------------------------------------------------------------------
Start Applying 'set_property' XDC Constraints
---------------------------------------------------------------------------------
Applied set_property KEEP_HIERARCHY = SOFT for inst. (constraint file  /home/ayvol/vitis-accel-CNN/vitis_accel_prj/build/xclbin/link/vivado/vpl/prj/prj.runs/bd_22c0_frequency_counter_aclk_0_synth_1/dont_touch.xdc, line 6).
Applied set_property KEEP_HIERARCHY = SOFT for inst/\CLKS[0].cdc_done . (constraint file  auto generated constraint).
Applied set_property KEEP_HIERARCHY = SOFT for inst/\CLKS[1].cdc_done . (constraint file  auto generated constraint).
Applied set_property KEEP_HIERARCHY = SOFT for inst/\CLKS[0].cdc_test_clk0_cntr . (constraint file  auto generated constraint).
Applied set_property KEEP_HIERARCHY = SOFT for inst/\CLKS[1].cdc_test_clk0_cntr . (constraint file  auto generated constraint).
Applied set_property KEEP_HIERARCHY = SOFT for inst/\CLKS[0].cdc_rst_cn0 . (constraint file  auto generated constraint).
Applied set_property KEEP_HIERARCHY = SOFT for inst/\CLKS[1].cdc_rst_cn0 . (constraint file  auto generated constraint).
---------------------------------------------------------------------------------
Finished applying 'set_property' XDC Constraints : Time (s): cpu = 00:00:17 ; elapsed = 00:00:19 . Memory (MB): peak = 3675.895 ; gain = 568.082 ; free physical = 650915 ; free virtual = 844936
Synthesis current peak Physical Memory [PSS] (MB): peak = 2744.584; parent = 2612.309; children = 132.535
Synthesis current peak Virtual Memory [VSS] (MB): peak = 4628.141; parent = 3675.898; children = 952.242
---------------------------------------------------------------------------------
INFO: [Synth 8-802] inferred FSM for state register 'state_write_reg' in module 'shell_utils_frequency_counter_v1_0_0'
INFO: [Synth 8-802] inferred FSM for state register 'state_read_reg' in module 'shell_utils_frequency_counter_v1_0_0'
---------------------------------------------------------------------------------------------------
                   State |                     New Encoding |                Previous Encoding 
---------------------------------------------------------------------------------------------------
*
              IDLE_WRITE |                              001 |                              001
   WAIT_FOR_WVALID_WRITE |                              010 |                              010
   WAIT_FOR_BREADY_WRITE |                              100 |                              100
---------------------------------------------------------------------------------------------------
INFO: [Synth 8-3898] No Re-encoding of one hot register 'state_write_reg' in module 'shell_utils_frequency_counter_v1_0_0'
---------------------------------------------------------------------------------------------------
                   State |                     New Encoding |                Previous Encoding 
---------------------------------------------------------------------------------------------------
*
               IDLE_READ |                               01 |                               01
    WAIT_FOR_RVALID_READ |                               10 |                               10
---------------------------------------------------------------------------------------------------
INFO: [Synth 8-3898] No Re-encoding of one hot register 'state_read_reg' in module 'shell_utils_frequency_counter_v1_0_0'
---------------------------------------------------------------------------------
Finished RTL Optimization Phase 2 : Time (s): cpu = 00:00:17 ; elapsed = 00:00:19 . Memory (MB): peak = 3675.895 ; gain = 568.082 ; free physical = 650852 ; free virtual = 844874
Synthesis current peak Physical Memory [PSS] (MB): peak = 2744.584; parent = 2612.309; children = 132.535
Synthesis current peak Virtual Memory [VSS] (MB): peak = 4628.141; parent = 3675.898; children = 952.242
---------------------------------------------------------------------------------
---------------------------------------------------------------------------------
Start RTL Component Statistics 
---------------------------------------------------------------------------------
Detailed RTL Component Info : 
+---Registers : 
	               32 Bit    Registers := 5     
	                4 Bit    Registers := 2     
	                3 Bit    Registers := 2     
	                2 Bit    Registers := 1     
	                1 Bit    Registers := 14    
+---Muxes : 
	   4 Input    3 Bit        Muxes := 1     
	   3 Input    2 Bit        Muxes := 1     
	   4 Input    1 Bit        Muxes := 6     
	   3 Input    1 Bit        Muxes := 4     
	   2 Input    1 Bit        Muxes := 1     
---------------------------------------------------------------------------------
Finished RTL Component Statistics 
---------------------------------------------------------------------------------
---------------------------------------------------------------------------------
Start Part Resource Summary
---------------------------------------------------------------------------------
Part Resources:
DSPs: 9024 (col length:94)
BRAMs: 4032 (col length: RAMB18 288 RAMB36 144)
---------------------------------------------------------------------------------
Finished Part Resource Summary
---------------------------------------------------------------------------------
---------------------------------------------------------------------------------
Start Cross Boundary and Area Optimization
---------------------------------------------------------------------------------
WARNING: [Synth 8-7080] Parallel synthesis criteria is not met
WARNING: [Synth 8-7129] Port src_clk in module xpm_cdc_array_single__parameterized0 is either unconnected or has no load
WARNING: [Synth 8-7129] Port src_clk in module xpm_cdc_array_single is either unconnected or has no load
WARNING: [Synth 8-7129] Port s_axi_awaddr[31] in module shell_utils_frequency_counter_v1_0_0 is either unconnected or has no load
WARNING: [Synth 8-7129] Port s_axi_awaddr[30] in module shell_utils_frequency_counter_v1_0_0 is either unconnected or has no load
WARNING: [Synth 8-7129] Port s_axi_awaddr[29] in module shell_utils_frequency_counter_v1_0_0 is either unconnected or has no load
WARNING: [Synth 8-7129] Port s_axi_awaddr[28] in module shell_utils_frequency_counter_v1_0_0 is either unconnected or has no load
INFO: [Common 17-14] Message 'Synth 8-7129' appears 100 times and further instances of the messages will be disabled. Use the Tcl command set_msg_config to change the current settings.
---------------------------------------------------------------------------------
Finished Cross Boundary and Area Optimization : Time (s): cpu = 00:00:18 ; elapsed = 00:00:21 . Memory (MB): peak = 3675.895 ; gain = 568.082 ; free physical = 650764 ; free virtual = 844799
Synthesis current peak Physical Memory [PSS] (MB): peak = 2744.584; parent = 2612.309; children = 132.535
Synthesis current peak Virtual Memory [VSS] (MB): peak = 4628.141; parent = 3675.898; children = 952.242
---------------------------------------------------------------------------------
---------------------------------------------------------------------------------
Start Applying XDC Timing Constraints
---------------------------------------------------------------------------------
INFO: [Synth 8-5578] Moved timing constraint from pin 'inst/CLKS[0].cdc_rst_cn0/src_arst' to pin '{inst/rst_cnt_reg[0]/Q}'
INFO: [Synth 8-5578] Moved timing constraint from pin 'inst/CLKS[1].cdc_rst_cn0/src_arst' to pin '{inst/rst_cnt_reg[1]/Q}'
INFO: [Synth 8-5819] Moved 2 constraints on hierarchical pins to their respective driving/loading pins
---------------------------------------------------------------------------------
Finished Applying XDC Timing Constraints : Time (s): cpu = 00:00:29 ; elapsed = 00:00:33 . Memory (MB): peak = 3957.348 ; gain = 849.535 ; free physical = 650865 ; free virtual = 844895
Synthesis current peak Physical Memory [PSS] (MB): peak = 3119.929; parent = 2986.726; children = 133.203
Synthesis current peak Virtual Memory [VSS] (MB): peak = 4909.594; parent = 3957.352; children = 952.242
---------------------------------------------------------------------------------
---------------------------------------------------------------------------------
Start Timing Optimization
---------------------------------------------------------------------------------
---------------------------------------------------------------------------------
Finished Timing Optimization : Time (s): cpu = 00:00:29 ; elapsed = 00:00:34 . Memory (MB): peak = 3978.379 ; gain = 870.566 ; free physical = 650805 ; free virtual = 844836
Synthesis current peak Physical Memory [PSS] (MB): peak = 3126.582; parent = 2993.379; children = 133.203
Synthesis current peak Virtual Memory [VSS] (MB): peak = 4930.625; parent = 3978.383; children = 952.242
---------------------------------------------------------------------------------
---------------------------------------------------------------------------------
Start Technology Mapping
---------------------------------------------------------------------------------
---------------------------------------------------------------------------------
Finished Technology Mapping : Time (s): cpu = 00:00:30 ; elapsed = 00:00:34 . Memory (MB): peak = 3986.387 ; gain = 878.574 ; free physical = 650732 ; free virtual = 844763
Synthesis current peak Physical Memory [PSS] (MB): peak = 3126.582; parent = 2993.379; children = 133.203
Synthesis current peak Virtual Memory [VSS] (MB): peak = 4938.633; parent = 3986.391; children = 952.242
---------------------------------------------------------------------------------
---------------------------------------------------------------------------------
Start IO Insertion
---------------------------------------------------------------------------------
---------------------------------------------------------------------------------
Start Flattening Before IO Insertion
---------------------------------------------------------------------------------
---------------------------------------------------------------------------------
Finished Flattening Before IO Insertion
---------------------------------------------------------------------------------
---------------------------------------------------------------------------------
Start Final Netlist Cleanup
---------------------------------------------------------------------------------
---------------------------------------------------------------------------------
Finished Final Netlist Cleanup
---------------------------------------------------------------------------------
---------------------------------------------------------------------------------
Finished IO Insertion : Time (s): cpu = 00:00:33 ; elapsed = 00:00:38 . Memory (MB): peak = 3989.355 ; gain = 881.543 ; free physical = 653680 ; free virtual = 847710
Synthesis current peak Physical Memory [PSS] (MB): peak = 3129.646; parent = 2994.940; children = 134.706
Synthesis current peak Virtual Memory [VSS] (MB): peak = 4941.602; parent = 3989.359; children = 952.242
---------------------------------------------------------------------------------
---------------------------------------------------------------------------------
Start Renaming Generated Instances
---------------------------------------------------------------------------------
---------------------------------------------------------------------------------
Finished Renaming Generated Instances : Time (s): cpu = 00:00:33 ; elapsed = 00:00:38 . Memory (MB): peak = 3989.355 ; gain = 881.543 ; free physical = 653644 ; free virtual = 847674
Synthesis current peak Physical Memory [PSS] (MB): peak = 3129.646; parent = 2994.940; children = 134.706
Synthesis current peak Virtual Memory [VSS] (MB): peak = 4941.602; parent = 3989.359; children = 952.242
---------------------------------------------------------------------------------
---------------------------------------------------------------------------------
Start Rebuilding User Hierarchy
---------------------------------------------------------------------------------
---------------------------------------------------------------------------------
Finished Rebuilding User Hierarchy : Time (s): cpu = 00:00:33 ; elapsed = 00:00:38 . Memory (MB): peak = 3989.355 ; gain = 881.543 ; free physical = 653632 ; free virtual = 847663
Synthesis current peak Physical Memory [PSS] (MB): peak = 3129.646; parent = 2994.969; children = 134.706
Synthesis current peak Virtual Memory [VSS] (MB): peak = 4941.602; parent = 3989.359; children = 952.242
---------------------------------------------------------------------------------
---------------------------------------------------------------------------------
Start Renaming Generated Ports
---------------------------------------------------------------------------------
---------------------------------------------------------------------------------
Finished Renaming Generated Ports : Time (s): cpu = 00:00:33 ; elapsed = 00:00:38 . Memory (MB): peak = 3989.355 ; gain = 881.543 ; free physical = 653703 ; free virtual = 847733
Synthesis current peak Physical Memory [PSS] (MB): peak = 3129.646; parent = 2994.980; children = 134.706
Synthesis current peak Virtual Memory [VSS] (MB): peak = 4941.602; parent = 3989.359; children = 952.242
---------------------------------------------------------------------------------
---------------------------------------------------------------------------------
Start Handling Custom Attributes
---------------------------------------------------------------------------------
---------------------------------------------------------------------------------
Finished Handling Custom Attributes : Time (s): cpu = 00:00:33 ; elapsed = 00:00:38 . Memory (MB): peak = 3989.355 ; gain = 881.543 ; free physical = 653667 ; free virtual = 847698
Synthesis current peak Physical Memory [PSS] (MB): peak = 3129.657; parent = 2994.991; children = 134.706
Synthesis current peak Virtual Memory [VSS] (MB): peak = 4941.602; parent = 3989.359; children = 952.242
---------------------------------------------------------------------------------
---------------------------------------------------------------------------------
Start Renaming Generated Nets
---------------------------------------------------------------------------------
---------------------------------------------------------------------------------
Finished Renaming Generated Nets : Time (s): cpu = 00:00:33 ; elapsed = 00:00:38 . Memory (MB): peak = 3989.355 ; gain = 881.543 ; free physical = 653644 ; free virtual = 847675
Synthesis current peak Physical Memory [PSS] (MB): peak = 3129.657; parent = 2994.991; children = 134.706
Synthesis current peak Virtual Memory [VSS] (MB): peak = 4941.602; parent = 3989.359; children = 952.242
---------------------------------------------------------------------------------
---------------------------------------------------------------------------------
Start Writing Synthesis Report
---------------------------------------------------------------------------------

Report BlackBoxes: 
+-+--------------+----------+
| |BlackBox name |Instances |
+-+--------------+----------+
+-+--------------+----------+

Report Cell Usage: 
+------+-------+------+
|      |Cell   |Count |
+------+-------+------+
|1     |CARRY8 |    12|
|2     |LUT1   |     8|
|3     |LUT2   |     2|
|4     |LUT4   |     5|
|5     |LUT5   |     5|
|6     |LUT6   |    49|
|7     |FDCE   |    64|
|8     |FDPE   |     6|
|9     |FDRE   |   184|
|10    |FDSE   |    37|
+------+-------+------+
---------------------------------------------------------------------------------
Finished Writing Synthesis Report : Time (s): cpu = 00:00:33 ; elapsed = 00:00:38 . Memory (MB): peak = 3989.355 ; gain = 881.543 ; free physical = 653620 ; free virtual = 847650
Synthesis current peak Physical Memory [PSS] (MB): peak = 3129.693; parent = 2995.027; children = 134.706
Synthesis current peak Virtual Memory [VSS] (MB): peak = 4941.602; parent = 3989.359; children = 952.242
---------------------------------------------------------------------------------
Synthesis finished with 0 errors, 0 critical warnings and 95 warnings.
Synthesis Optimization Runtime : Time (s): cpu = 00:00:26 ; elapsed = 00:00:31 . Memory (MB): peak = 3989.355 ; gain = 761.977 ; free physical = 653830 ; free virtual = 847860
Synthesis Optimization Complete : Time (s): cpu = 00:00:33 ; elapsed = 00:00:39 . Memory (MB): peak = 3989.363 ; gain = 881.543 ; free physical = 653846 ; free virtual = 847878
INFO: [Project 1-571] Translating synthesized netlist
Netlist sorting complete. Time (s): cpu = 00:00:00 ; elapsed = 00:00:00 . Memory (MB): peak = 4003.293 ; gain = 0.000 ; free physical = 653984 ; free virtual = 848015
INFO: [Netlist 29-17] Analyzing 12 Unisim elements for replacement
INFO: [Netlist 29-28] Unisim Transformation completed in 0 CPU seconds
INFO: [Project 1-570] Preparing netlist for logic optimization
INFO: [Opt 31-138] Pushed 0 inverter(s) to 0 load pin(s).
Netlist sorting complete. Time (s): cpu = 00:00:00 ; elapsed = 00:00:00 . Memory (MB): peak = 4056.582 ; gain = 0.000 ; free physical = 653941 ; free virtual = 847972
INFO: [Project 1-111] Unisim Transformation Summary:
No Unisim elements were transformed.

Synth Design complete, checksum: 7080de7c
INFO: [Common 17-83] Releasing license: Synthesis
47 Infos, 106 Warnings, 0 Critical Warnings and 0 Errors encountered.
synth_design completed successfully
synth_design: Time (s): cpu = 00:00:46 ; elapsed = 00:00:52 . Memory (MB): peak = 4056.582 ; gain = 2275.727 ; free physical = 654093 ; free virtual = 848124
INFO: [Common 17-600] The following parameters have non-default value.
general.maxThreads
INFO: [Common 17-1381] The checkpoint '/home/ayvol/vitis-accel-CNN/vitis_accel_prj/build/xclbin/link/vivado/vpl/prj/prj.runs/bd_22c0_frequency_counter_aclk_0_synth_1/bd_22c0_frequency_counter_aclk_0.dcp' has been generated.
INFO: [Coretcl 2-1648] Added synthesis output to IP cache for IP bd_22c0_frequency_counter_aclk_0, cache-ID = e51ed3778a19d643
INFO: [Coretcl 2-1174] Renamed 7 cell refs.
INFO: [Common 17-1381] The checkpoint '/home/ayvol/vitis-accel-CNN/vitis_accel_prj/build/xclbin/link/vivado/vpl/prj/prj.runs/bd_22c0_frequency_counter_aclk_0_synth_1/bd_22c0_frequency_counter_aclk_0.dcp' has been generated.
INFO: [runtcl-4] Executing : report_utilization -file bd_22c0_frequency_counter_aclk_0_utilization_synth.rpt -pb bd_22c0_frequency_counter_aclk_0_utilization_synth.pb
INFO: [Common 17-206] Exiting Vivado at Sun Jun  2 04:32:56 2024...
