
*** Running vivado
    with args -log bd_22c0_fanout_aresetn_hbm_0.vds -m64 -product Vivado -mode batch -messageDb vivado.pb -notrace -source bd_22c0_fanout_aresetn_hbm_0.tcl


****** Vivado v2022.2 (64-bit)
  **** SW Build 3671981 on Fri Oct 14 04:59:54 MDT 2022
  **** IP Build 3669848 on Fri Oct 14 08:30:02 MDT 2022
    ** Copyright 1986-2022 Xilinx, Inc. All Rights Reserved.

source bd_22c0_fanout_aresetn_hbm_0.tcl -notrace
INFO: Dispatch client connection id - 33469
create_project: Time (s): cpu = 00:00:06 ; elapsed = 00:00:11 . Memory (MB): peak = 1716.598 ; gain = 87.992 ; free physical = 602622 ; free virtual = 828930
INFO: [IP_Flow 19-234] Refreshing IP repositories
INFO: [IP_Flow 19-1700] Loaded user IP repository '/home/ayvol/vitis-accel-DNN/vitis_accel_prj/build/xclbin/link/int/xo/ip_repo/xilinx_com_hls_kernel_wrapper_1_0'.
INFO: [IP_Flow 19-1700] Loaded user IP repository '/home/ayvol/vitis-accel-DNN/vitis_accel_prj/build/xclbin/link/vivado/vpl/.local/hw_platform/iprepo'.
INFO: [IP_Flow 19-1700] Loaded user IP repository '/home/ayvol/vitis-accel-DNN/vitis_accel_prj/build/xclbin/link/vivado/vpl/.local/hw_platform/ipcache'.
INFO: [IP_Flow 19-1700] Loaded user IP repository '/tools/Xilinx/Vitis/2022.2/data/ip'.
INFO: [IP_Flow 19-2313] Loaded Vivado IP repository '/tools/Xilinx/Vivado/2022.2/data/ip'.
WARNING: [IP_Flow 19-1663] Duplicate IP found for 'xilinx.com:ip:axi_clk_metadata_adapter:1.0'. The one found in IP location '/home/ayvol/vitis-accel-DNN/vitis_accel_prj/build/xclbin/link/vivado/vpl/.local/hw_platform/iprepo/ipdefs/other_ipdefs/axi_clk_metadata_adapter_v1_0' will take precedence over the same IP in location /home/ayvol/vitis-accel-DNN/vitis_accel_prj/build/xclbin/link/vivado/vpl/.local/hw_platform/iprepo/ipdefs/pxi_ii_infra/axi_clk_metadata_adapter_v1_0
WARNING: [IP_Flow 19-1663] Duplicate IP found for 'xilinx.com:ip:axis_clk_metadata_adapter:1.0'. The one found in IP location '/home/ayvol/vitis-accel-DNN/vitis_accel_prj/build/xclbin/link/vivado/vpl/.local/hw_platform/iprepo/ipdefs/other_ipdefs/axis_clk_metadata_adapter_v1_0' will take precedence over the same IP in location /home/ayvol/vitis-accel-DNN/vitis_accel_prj/build/xclbin/link/vivado/vpl/.local/hw_platform/iprepo/ipdefs/pxi_ii_infra/axis_clk_metadata_adapter_v1_0
WARNING: [IP_Flow 19-1663] Duplicate IP found for 'xilinx.com:ip:clk_metadata_adapter:1.0'. The one found in IP location '/home/ayvol/vitis-accel-DNN/vitis_accel_prj/build/xclbin/link/vivado/vpl/.local/hw_platform/iprepo/ipdefs/other_ipdefs/clk_metadata_adapter_v1_0' will take precedence over the same IP in location /home/ayvol/vitis-accel-DNN/vitis_accel_prj/build/xclbin/link/vivado/vpl/.local/hw_platform/iprepo/ipdefs/pxi_ii_infra/clk_metadata_adapter_v1_0
WARNING: [IP_Flow 19-1663] Duplicate IP found for 'xilinx.com:ip:pipeline_reg:1.0'. The one found in IP location '/home/ayvol/vitis-accel-DNN/vitis_accel_prj/build/xclbin/link/vivado/vpl/.local/hw_platform/iprepo/ipdefs/other_ipdefs/pipeline_reg_v1_0' will take precedence over the same IP in location /home/ayvol/vitis-accel-DNN/vitis_accel_prj/build/xclbin/link/vivado/vpl/.local/hw_platform/iprepo/ipdefs/pxi_ii_infra/pipeline_reg_v1_0
WARNING: [IP_Flow 19-1663] Duplicate IP found for 'xilinx.com:ip:shell_utils_build_info:1.0'. The one found in IP location '/home/ayvol/vitis-accel-DNN/vitis_accel_prj/build/xclbin/link/vivado/vpl/.local/hw_platform/iprepo/ipdefs/other_ipdefs/shell_utils_build_info_v1_0' will take precedence over the same IP in the Xilinx installed IP.
INFO: [IP_Flow 19-6924] IPCACHE: Running cache check for IP inst: bd_22c0_fanout_aresetn_hbm_0
Command: synth_design -top bd_22c0_fanout_aresetn_hbm_0 -part xcu55c-fsvh2892-2L-e -incremental_mode off -mode out_of_context
Starting synth_design
Attempting to get a license for feature 'Synthesis' and/or device 'xcu55c'
INFO: [Common 17-349] Got license for feature 'Synthesis' and/or device 'xcu55c'
INFO: [Device 21-403] Loading part xcu55c-fsvh2892-2L-e
INFO: [Synth 8-7079] Multithreading enabled for synth_design using a maximum of 1 processes.
INFO: [Synth 8-7078] Launching helper process for spawning children vivado processes
INFO: [Synth 8-7075] Helper process launched with PID 10266
INFO: [Synth 8-11241] undeclared symbol 'REGCCE', assumed default net type 'wire' [/tools/Xilinx/Vivado/2022.2/data/verilog/src/unimacro/BRAM_SINGLE_MACRO.v:2170]
---------------------------------------------------------------------------------
Starting RTL Elaboration : Time (s): cpu = 00:00:04 ; elapsed = 00:00:04 . Memory (MB): peak = 3465.883 ; gain = 356.734 ; free physical = 595204 ; free virtual = 821585
Synthesis current peak Physical Memory [PSS] (MB): peak = 2649.820; parent = 2521.716; children = 128.104
Synthesis current peak Virtual Memory [VSS] (MB): peak = 4457.145; parent = 3469.855; children = 987.289
---------------------------------------------------------------------------------
INFO: [Synth 8-6157] synthesizing module 'bd_22c0_fanout_aresetn_hbm_0' [/home/ayvol/vitis-accel-DNN/vitis_accel_prj/build/xclbin/link/vivado/vpl/prj/prj.gen/my_rm/bd/ulp/ip/ulp_ulp_ucs_0/bd_0/ip/ip_47/synth/bd_22c0_fanout_aresetn_hbm_0.v:53]
INFO: [Synth 8-6157] synthesizing module 'pipeline_reg_v1_0_0' [/home/ayvol/vitis-accel-DNN/vitis_accel_prj/build/xclbin/link/vivado/vpl/prj/prj.gen/my_rm/bd/ulp/ipshared/3290/hdl/pipeline_reg_v1_0_vl_rfs.v:48]
INFO: [Synth 8-6155] done synthesizing module 'pipeline_reg_v1_0_0' (0#1) [/home/ayvol/vitis-accel-DNN/vitis_accel_prj/build/xclbin/link/vivado/vpl/prj/prj.gen/my_rm/bd/ulp/ipshared/3290/hdl/pipeline_reg_v1_0_vl_rfs.v:48]
INFO: [Synth 8-6155] done synthesizing module 'bd_22c0_fanout_aresetn_hbm_0' (0#1) [/home/ayvol/vitis-accel-DNN/vitis_accel_prj/build/xclbin/link/vivado/vpl/prj/prj.gen/my_rm/bd/ulp/ip/ulp_ulp_ucs_0/bd_0/ip/ip_47/synth/bd_22c0_fanout_aresetn_hbm_0.v:53]
---------------------------------------------------------------------------------
Finished RTL Elaboration : Time (s): cpu = 00:00:05 ; elapsed = 00:00:06 . Memory (MB): peak = 3536.820 ; gain = 427.672 ; free physical = 594600 ; free virtual = 820946
Synthesis current peak Physical Memory [PSS] (MB): peak = 2649.820; parent = 2521.716; children = 128.924
Synthesis current peak Virtual Memory [VSS] (MB): peak = 4524.113; parent = 3536.824; children = 987.289
---------------------------------------------------------------------------------
---------------------------------------------------------------------------------
Start Handling Custom Attributes
---------------------------------------------------------------------------------
---------------------------------------------------------------------------------
Finished Handling Custom Attributes : Time (s): cpu = 00:00:06 ; elapsed = 00:00:06 . Memory (MB): peak = 3554.633 ; gain = 445.484 ; free physical = 594615 ; free virtual = 820961
Synthesis current peak Physical Memory [PSS] (MB): peak = 2649.820; parent = 2521.716; children = 128.924
Synthesis current peak Virtual Memory [VSS] (MB): peak = 4541.926; parent = 3554.637; children = 987.289
---------------------------------------------------------------------------------
---------------------------------------------------------------------------------
Finished RTL Optimization Phase 1 : Time (s): cpu = 00:00:06 ; elapsed = 00:00:06 . Memory (MB): peak = 3554.633 ; gain = 445.484 ; free physical = 594575 ; free virtual = 820921
Synthesis current peak Physical Memory [PSS] (MB): peak = 2649.820; parent = 2521.716; children = 128.924
Synthesis current peak Virtual Memory [VSS] (MB): peak = 4541.926; parent = 3554.637; children = 987.289
---------------------------------------------------------------------------------
Netlist sorting complete. Time (s): cpu = 00:00:00 ; elapsed = 00:00:00 . Memory (MB): peak = 3554.633 ; gain = 0.000 ; free physical = 594525 ; free virtual = 820871
INFO: [Project 1-570] Preparing netlist for logic optimization

Processing XDC Constraints
Initializing timing engine
Completed Processing XDC Constraints

Netlist sorting complete. Time (s): cpu = 00:00:00 ; elapsed = 00:00:00 . Memory (MB): peak = 3586.387 ; gain = 0.000 ; free physical = 593958 ; free virtual = 820349
INFO: [Project 1-111] Unisim Transformation Summary:
No Unisim elements were transformed.

Constraint Validation Runtime : Time (s): cpu = 00:00:00.01 ; elapsed = 00:00:00.01 . Memory (MB): peak = 3596.293 ; gain = 9.906 ; free physical = 593953 ; free virtual = 820344
INFO: [Designutils 20-5008] Incremental synthesis strategy off
INFO: [Synth 8-11241] undeclared symbol 'REGCCE', assumed default net type 'wire' [/tools/Xilinx/Vivado/2022.2/data/verilog/src/unimacro/BRAM_SINGLE_MACRO.v:2170]
---------------------------------------------------------------------------------
Finished Constraint Validation : Time (s): cpu = 00:00:12 ; elapsed = 00:00:13 . Memory (MB): peak = 3596.293 ; gain = 487.145 ; free physical = 592651 ; free virtual = 819043
Synthesis current peak Physical Memory [PSS] (MB): peak = 2649.820; parent = 2521.716; children = 128.924
Synthesis current peak Virtual Memory [VSS] (MB): peak = 4583.586; parent = 3596.297; children = 987.289
---------------------------------------------------------------------------------
---------------------------------------------------------------------------------
Start Loading Part and Timing Information
---------------------------------------------------------------------------------
Loading part: xcu55c-fsvh2892-2L-e
INFO: [Synth 8-6742] Reading net delay rules and data
---------------------------------------------------------------------------------
Finished Loading Part and Timing Information : Time (s): cpu = 00:00:12 ; elapsed = 00:00:13 . Memory (MB): peak = 3596.293 ; gain = 487.145 ; free physical = 592575 ; free virtual = 818967
Synthesis current peak Physical Memory [PSS] (MB): peak = 2649.820; parent = 2521.716; children = 128.924
Synthesis current peak Virtual Memory [VSS] (MB): peak = 4583.586; parent = 3596.297; children = 987.289
---------------------------------------------------------------------------------
---------------------------------------------------------------------------------
Start Applying 'set_property' XDC Constraints
---------------------------------------------------------------------------------
---------------------------------------------------------------------------------
Finished applying 'set_property' XDC Constraints : Time (s): cpu = 00:00:12 ; elapsed = 00:00:13 . Memory (MB): peak = 3596.293 ; gain = 487.145 ; free physical = 592481 ; free virtual = 818872
Synthesis current peak Physical Memory [PSS] (MB): peak = 2649.820; parent = 2521.716; children = 128.924
Synthesis current peak Virtual Memory [VSS] (MB): peak = 4583.586; parent = 3596.297; children = 987.289
---------------------------------------------------------------------------------
---------------------------------------------------------------------------------
Finished RTL Optimization Phase 2 : Time (s): cpu = 00:00:12 ; elapsed = 00:00:14 . Memory (MB): peak = 3596.293 ; gain = 487.145 ; free physical = 592392 ; free virtual = 818785
Synthesis current peak Physical Memory [PSS] (MB): peak = 2649.820; parent = 2521.716; children = 128.924
Synthesis current peak Virtual Memory [VSS] (MB): peak = 4583.586; parent = 3596.297; children = 987.289
---------------------------------------------------------------------------------
---------------------------------------------------------------------------------
Start RTL Component Statistics 
---------------------------------------------------------------------------------
Detailed RTL Component Info : 
+---Registers : 
	                1 Bit    Registers := 1     
---------------------------------------------------------------------------------
Finished RTL Component Statistics 
---------------------------------------------------------------------------------
---------------------------------------------------------------------------------
Start Part Resource Summary
---------------------------------------------------------------------------------
Part Resources:
DSPs: 9024 (col length:94)
BRAMs: 4032 (col length: RAMB18 288 RAMB36 144)
---------------------------------------------------------------------------------
Finished Part Resource Summary
---------------------------------------------------------------------------------
---------------------------------------------------------------------------------
Start Cross Boundary and Area Optimization
---------------------------------------------------------------------------------
WARNING: [Synth 8-7080] Parallel synthesis criteria is not met
---------------------------------------------------------------------------------
Finished Cross Boundary and Area Optimization : Time (s): cpu = 00:00:13 ; elapsed = 00:00:15 . Memory (MB): peak = 3596.293 ; gain = 487.145 ; free physical = 592270 ; free virtual = 818629
Synthesis current peak Physical Memory [PSS] (MB): peak = 2649.820; parent = 2521.716; children = 128.924
Synthesis current peak Virtual Memory [VSS] (MB): peak = 4583.586; parent = 3596.297; children = 987.289
---------------------------------------------------------------------------------
---------------------------------------------------------------------------------
Start Applying XDC Timing Constraints
---------------------------------------------------------------------------------
---------------------------------------------------------------------------------
Finished Applying XDC Timing Constraints : Time (s): cpu = 00:00:23 ; elapsed = 00:00:27 . Memory (MB): peak = 3948.988 ; gain = 839.840 ; free physical = 592897 ; free virtual = 819295
Synthesis current peak Physical Memory [PSS] (MB): peak = 3112.638; parent = 2985.910; children = 128.924
Synthesis current peak Virtual Memory [VSS] (MB): peak = 4936.281; parent = 3948.992; children = 987.289
---------------------------------------------------------------------------------
---------------------------------------------------------------------------------
Start Timing Optimization
---------------------------------------------------------------------------------
---------------------------------------------------------------------------------
Finished Timing Optimization : Time (s): cpu = 00:00:23 ; elapsed = 00:00:27 . Memory (MB): peak = 3948.988 ; gain = 839.840 ; free physical = 592888 ; free virtual = 819286
Synthesis current peak Physical Memory [PSS] (MB): peak = 3112.675; parent = 2985.947; children = 128.924
Synthesis current peak Virtual Memory [VSS] (MB): peak = 4936.281; parent = 3948.992; children = 987.289
---------------------------------------------------------------------------------
---------------------------------------------------------------------------------
Start Technology Mapping
---------------------------------------------------------------------------------
---------------------------------------------------------------------------------
Finished Technology Mapping : Time (s): cpu = 00:00:23 ; elapsed = 00:00:27 . Memory (MB): peak = 3968.020 ; gain = 858.871 ; free physical = 592868 ; free virtual = 819266
Synthesis current peak Physical Memory [PSS] (MB): peak = 3112.926; parent = 2986.198; children = 128.924
Synthesis current peak Virtual Memory [VSS] (MB): peak = 4955.312; parent = 3968.023; children = 987.289
---------------------------------------------------------------------------------
---------------------------------------------------------------------------------
Start IO Insertion
---------------------------------------------------------------------------------
---------------------------------------------------------------------------------
Start Flattening Before IO Insertion
---------------------------------------------------------------------------------
---------------------------------------------------------------------------------
Finished Flattening Before IO Insertion
---------------------------------------------------------------------------------
---------------------------------------------------------------------------------
Start Final Netlist Cleanup
---------------------------------------------------------------------------------
---------------------------------------------------------------------------------
Finished Final Netlist Cleanup
---------------------------------------------------------------------------------
---------------------------------------------------------------------------------
Finished IO Insertion : Time (s): cpu = 00:00:27 ; elapsed = 00:00:31 . Memory (MB): peak = 3973.957 ; gain = 864.809 ; free physical = 592848 ; free virtual = 819289
Synthesis current peak Physical Memory [PSS] (MB): peak = 3114.267; parent = 2986.870; children = 128.924
Synthesis current peak Virtual Memory [VSS] (MB): peak = 4961.250; parent = 3973.961; children = 987.289
---------------------------------------------------------------------------------
---------------------------------------------------------------------------------
Start Renaming Generated Instances
---------------------------------------------------------------------------------
---------------------------------------------------------------------------------
Finished Renaming Generated Instances : Time (s): cpu = 00:00:27 ; elapsed = 00:00:31 . Memory (MB): peak = 3973.957 ; gain = 864.809 ; free physical = 592941 ; free virtual = 819383
Synthesis current peak Physical Memory [PSS] (MB): peak = 3114.269; parent = 2986.872; children = 128.924
Synthesis current peak Virtual Memory [VSS] (MB): peak = 4961.250; parent = 3973.961; children = 987.289
---------------------------------------------------------------------------------
---------------------------------------------------------------------------------
Start Rebuilding User Hierarchy
---------------------------------------------------------------------------------
---------------------------------------------------------------------------------
Finished Rebuilding User Hierarchy : Time (s): cpu = 00:00:27 ; elapsed = 00:00:31 . Memory (MB): peak = 3973.957 ; gain = 864.809 ; free physical = 592985 ; free virtual = 819426
Synthesis current peak Physical Memory [PSS] (MB): peak = 3114.332; parent = 2986.936; children = 128.924
Synthesis current peak Virtual Memory [VSS] (MB): peak = 4961.250; parent = 3973.961; children = 987.289
---------------------------------------------------------------------------------
---------------------------------------------------------------------------------
Start Renaming Generated Ports
---------------------------------------------------------------------------------
---------------------------------------------------------------------------------
Finished Renaming Generated Ports : Time (s): cpu = 00:00:27 ; elapsed = 00:00:31 . Memory (MB): peak = 3973.957 ; gain = 864.809 ; free physical = 593119 ; free virtual = 819522
Synthesis current peak Physical Memory [PSS] (MB): peak = 3114.354; parent = 2986.957; children = 128.924
Synthesis current peak Virtual Memory [VSS] (MB): peak = 4961.250; parent = 3973.961; children = 987.289
---------------------------------------------------------------------------------
---------------------------------------------------------------------------------
Start Handling Custom Attributes
---------------------------------------------------------------------------------
---------------------------------------------------------------------------------
Finished Handling Custom Attributes : Time (s): cpu = 00:00:27 ; elapsed = 00:00:31 . Memory (MB): peak = 3973.957 ; gain = 864.809 ; free physical = 593274 ; free virtual = 819677
Synthesis current peak Physical Memory [PSS] (MB): peak = 3114.357; parent = 2986.961; children = 128.924
Synthesis current peak Virtual Memory [VSS] (MB): peak = 4961.250; parent = 3973.961; children = 987.289
---------------------------------------------------------------------------------
---------------------------------------------------------------------------------
Start Renaming Generated Nets
---------------------------------------------------------------------------------
---------------------------------------------------------------------------------
Finished Renaming Generated Nets : Time (s): cpu = 00:00:27 ; elapsed = 00:00:32 . Memory (MB): peak = 3973.957 ; gain = 864.809 ; free physical = 593356 ; free virtual = 819759
Synthesis current peak Physical Memory [PSS] (MB): peak = 3114.372; parent = 2986.976; children = 128.924
Synthesis current peak Virtual Memory [VSS] (MB): peak = 4961.250; parent = 3973.961; children = 987.289
---------------------------------------------------------------------------------
---------------------------------------------------------------------------------
Start Writing Synthesis Report
---------------------------------------------------------------------------------

Report BlackBoxes: 
+-+--------------+----------+
| |BlackBox name |Instances |
+-+--------------+----------+
+-+--------------+----------+

Report Cell Usage: 
+------+-----+------+
|      |Cell |Count |
+------+-----+------+
|1     |LUT2 |     1|
|2     |FDRE |     1|
+------+-----+------+
---------------------------------------------------------------------------------
Finished Writing Synthesis Report : Time (s): cpu = 00:00:27 ; elapsed = 00:00:32 . Memory (MB): peak = 3973.957 ; gain = 864.809 ; free physical = 593513 ; free virtual = 819916
Synthesis current peak Physical Memory [PSS] (MB): peak = 3114.411; parent = 2987.015; children = 128.924
Synthesis current peak Virtual Memory [VSS] (MB): peak = 4961.250; parent = 3973.961; children = 987.289
---------------------------------------------------------------------------------
Synthesis finished with 0 errors, 0 critical warnings and 1 warnings.
Synthesis Optimization Runtime : Time (s): cpu = 00:00:25 ; elapsed = 00:00:30 . Memory (MB): peak = 3973.957 ; gain = 823.148 ; free physical = 593812 ; free virtual = 820215
Synthesis Optimization Complete : Time (s): cpu = 00:00:27 ; elapsed = 00:00:32 . Memory (MB): peak = 3973.965 ; gain = 864.809 ; free physical = 594056 ; free virtual = 820459
INFO: [Project 1-571] Translating synthesized netlist
Netlist sorting complete. Time (s): cpu = 00:00:00 ; elapsed = 00:00:00 . Memory (MB): peak = 3988.895 ; gain = 0.000 ; free physical = 594599 ; free virtual = 821002
INFO: [Project 1-570] Preparing netlist for logic optimization
INFO: [Opt 31-138] Pushed 0 inverter(s) to 0 load pin(s).
Netlist sorting complete. Time (s): cpu = 00:00:00 ; elapsed = 00:00:00 . Memory (MB): peak = 4047.152 ; gain = 0.000 ; free physical = 596137 ; free virtual = 822540
INFO: [Project 1-111] Unisim Transformation Summary:
No Unisim elements were transformed.

Synth Design complete, checksum: e6841560
INFO: [Common 17-83] Releasing license: Synthesis
27 Infos, 6 Warnings, 0 Critical Warnings and 0 Errors encountered.
synth_design completed successfully
synth_design: Time (s): cpu = 00:00:40 ; elapsed = 00:00:45 . Memory (MB): peak = 4047.152 ; gain = 2266.961 ; free physical = 596308 ; free virtual = 822734
INFO: [Common 17-600] The following parameters have non-default value.
general.maxThreads
INFO: [Common 17-1381] The checkpoint '/home/ayvol/vitis-accel-DNN/vitis_accel_prj/build/xclbin/link/vivado/vpl/prj/prj.runs/bd_22c0_fanout_aresetn_hbm_0_synth_1/bd_22c0_fanout_aresetn_hbm_0.dcp' has been generated.
INFO: [Coretcl 2-1648] Added synthesis output to IP cache for IP bd_22c0_fanout_aresetn_hbm_0, cache-ID = 4adfde73e965c503
INFO: [Common 17-1381] The checkpoint '/home/ayvol/vitis-accel-DNN/vitis_accel_prj/build/xclbin/link/vivado/vpl/prj/prj.runs/bd_22c0_fanout_aresetn_hbm_0_synth_1/bd_22c0_fanout_aresetn_hbm_0.dcp' has been generated.
INFO: [runtcl-4] Executing : report_utilization -file bd_22c0_fanout_aresetn_hbm_0_utilization_synth.rpt -pb bd_22c0_fanout_aresetn_hbm_0_utilization_synth.pb
INFO: [Common 17-206] Exiting Vivado at Sat Jun  1 06:24:35 2024...
