
*** Running vivado
    with args -log bd_22c0_fanout_aresetn_ctrl_slr2_3_0.vds -m64 -product Vivado -mode batch -messageDb vivado.pb -notrace -source bd_22c0_fanout_aresetn_ctrl_slr2_3_0.tcl


****** Vivado v2022.2 (64-bit)
  **** SW Build 3671981 on Fri Oct 14 04:59:54 MDT 2022
  **** IP Build 3669848 on Fri Oct 14 08:30:02 MDT 2022
    ** Copyright 1986-2022 Xilinx, Inc. All Rights Reserved.

source bd_22c0_fanout_aresetn_ctrl_slr2_3_0.tcl -notrace
INFO: Dispatch client connection id - 33731
create_project: Time (s): cpu = 00:00:06 ; elapsed = 00:00:09 . Memory (MB): peak = 1716.508 ; gain = 87.992 ; free physical = 658457 ; free virtual = 852594
INFO: [IP_Flow 19-234] Refreshing IP repositories
INFO: [IP_Flow 19-1700] Loaded user IP repository '/home/ayvol/vitis-accel-CNN/vitis_accel_prj/build/xclbin/link/int/xo/ip_repo/xilinx_com_hls_kernel_wrapper_1_0'.
INFO: [IP_Flow 19-1700] Loaded user IP repository '/home/ayvol/vitis-accel-CNN/vitis_accel_prj/build/xclbin/link/vivado/vpl/.local/hw_platform/iprepo'.
INFO: [IP_Flow 19-1700] Loaded user IP repository '/home/ayvol/vitis-accel-CNN/vitis_accel_prj/build/xclbin/link/vivado/vpl/.local/hw_platform/ipcache'.
INFO: [IP_Flow 19-1700] Loaded user IP repository '/tools/Xilinx/Vitis/2022.2/data/ip'.
INFO: [IP_Flow 19-2313] Loaded Vivado IP repository '/tools/Xilinx/Vivado/2022.2/data/ip'.
WARNING: [IP_Flow 19-1663] Duplicate IP found for 'xilinx.com:ip:axi_clk_metadata_adapter:1.0'. The one found in IP location '/home/ayvol/vitis-accel-CNN/vitis_accel_prj/build/xclbin/link/vivado/vpl/.local/hw_platform/iprepo/ipdefs/other_ipdefs/axi_clk_metadata_adapter_v1_0' will take precedence over the same IP in location /home/ayvol/vitis-accel-CNN/vitis_accel_prj/build/xclbin/link/vivado/vpl/.local/hw_platform/iprepo/ipdefs/pxi_ii_infra/axi_clk_metadata_adapter_v1_0
WARNING: [IP_Flow 19-1663] Duplicate IP found for 'xilinx.com:ip:axis_clk_metadata_adapter:1.0'. The one found in IP location '/home/ayvol/vitis-accel-CNN/vitis_accel_prj/build/xclbin/link/vivado/vpl/.local/hw_platform/iprepo/ipdefs/other_ipdefs/axis_clk_metadata_adapter_v1_0' will take precedence over the same IP in location /home/ayvol/vitis-accel-CNN/vitis_accel_prj/build/xclbin/link/vivado/vpl/.local/hw_platform/iprepo/ipdefs/pxi_ii_infra/axis_clk_metadata_adapter_v1_0
WARNING: [IP_Flow 19-1663] Duplicate IP found for 'xilinx.com:ip:clk_metadata_adapter:1.0'. The one found in IP location '/home/ayvol/vitis-accel-CNN/vitis_accel_prj/build/xclbin/link/vivado/vpl/.local/hw_platform/iprepo/ipdefs/other_ipdefs/clk_metadata_adapter_v1_0' will take precedence over the same IP in location /home/ayvol/vitis-accel-CNN/vitis_accel_prj/build/xclbin/link/vivado/vpl/.local/hw_platform/iprepo/ipdefs/pxi_ii_infra/clk_metadata_adapter_v1_0
WARNING: [IP_Flow 19-1663] Duplicate IP found for 'xilinx.com:ip:pipeline_reg:1.0'. The one found in IP location '/home/ayvol/vitis-accel-CNN/vitis_accel_prj/build/xclbin/link/vivado/vpl/.local/hw_platform/iprepo/ipdefs/other_ipdefs/pipeline_reg_v1_0' will take precedence over the same IP in location /home/ayvol/vitis-accel-CNN/vitis_accel_prj/build/xclbin/link/vivado/vpl/.local/hw_platform/iprepo/ipdefs/pxi_ii_infra/pipeline_reg_v1_0
WARNING: [IP_Flow 19-1663] Duplicate IP found for 'xilinx.com:ip:shell_utils_build_info:1.0'. The one found in IP location '/home/ayvol/vitis-accel-CNN/vitis_accel_prj/build/xclbin/link/vivado/vpl/.local/hw_platform/iprepo/ipdefs/other_ipdefs/shell_utils_build_info_v1_0' will take precedence over the same IP in the Xilinx installed IP.
INFO: [IP_Flow 19-6924] IPCACHE: Running cache check for IP inst: bd_22c0_fanout_aresetn_ctrl_slr2_3_0
Command: synth_design -top bd_22c0_fanout_aresetn_ctrl_slr2_3_0 -part xcu55c-fsvh2892-2L-e -incremental_mode off -mode out_of_context
Starting synth_design
Attempting to get a license for feature 'Synthesis' and/or device 'xcu55c'
INFO: [Common 17-349] Got license for feature 'Synthesis' and/or device 'xcu55c'
INFO: [Device 21-403] Loading part xcu55c-fsvh2892-2L-e
INFO: [Synth 8-7079] Multithreading enabled for synth_design using a maximum of 1 processes.
INFO: [Synth 8-7078] Launching helper process for spawning children vivado processes
INFO: [Synth 8-7075] Helper process launched with PID 153086
INFO: [Synth 8-11241] undeclared symbol 'REGCCE', assumed default net type 'wire' [/tools/Xilinx/Vivado/2022.2/data/verilog/src/unimacro/BRAM_SINGLE_MACRO.v:2170]
---------------------------------------------------------------------------------
Starting RTL Elaboration : Time (s): cpu = 00:00:04 ; elapsed = 00:00:04 . Memory (MB): peak = 3464.762 ; gain = 355.766 ; free physical = 655389 ; free virtual = 849518
Synthesis current peak Physical Memory [PSS] (MB): peak = 2646.529; parent = 2517.668; children = 128.861
Synthesis current peak Virtual Memory [VSS] (MB): peak = 4456.023; parent = 3468.734; children = 987.289
---------------------------------------------------------------------------------
INFO: [Synth 8-6157] synthesizing module 'bd_22c0_fanout_aresetn_ctrl_slr2_3_0' [/home/ayvol/vitis-accel-CNN/vitis_accel_prj/build/xclbin/link/vivado/vpl/prj/prj.gen/my_rm/bd/ulp/ip/ulp_ulp_ucs_0/bd_0/ip/ip_42/synth/bd_22c0_fanout_aresetn_ctrl_slr2_3_0.v:53]
INFO: [Synth 8-6157] synthesizing module 'pipeline_reg_v1_0_0' [/home/ayvol/vitis-accel-CNN/vitis_accel_prj/build/xclbin/link/vivado/vpl/prj/prj.gen/my_rm/bd/ulp/ipshared/3290/hdl/pipeline_reg_v1_0_vl_rfs.v:48]
INFO: [Synth 8-6155] done synthesizing module 'pipeline_reg_v1_0_0' (0#1) [/home/ayvol/vitis-accel-CNN/vitis_accel_prj/build/xclbin/link/vivado/vpl/prj/prj.gen/my_rm/bd/ulp/ipshared/3290/hdl/pipeline_reg_v1_0_vl_rfs.v:48]
INFO: [Synth 8-6155] done synthesizing module 'bd_22c0_fanout_aresetn_ctrl_slr2_3_0' (0#1) [/home/ayvol/vitis-accel-CNN/vitis_accel_prj/build/xclbin/link/vivado/vpl/prj/prj.gen/my_rm/bd/ulp/ip/ulp_ulp_ucs_0/bd_0/ip/ip_42/synth/bd_22c0_fanout_aresetn_ctrl_slr2_3_0.v:53]
---------------------------------------------------------------------------------
Finished RTL Elaboration : Time (s): cpu = 00:00:06 ; elapsed = 00:00:06 . Memory (MB): peak = 3536.699 ; gain = 427.703 ; free physical = 655022 ; free virtual = 849153
Synthesis current peak Physical Memory [PSS] (MB): peak = 2646.529; parent = 2517.668; children = 128.861
Synthesis current peak Virtual Memory [VSS] (MB): peak = 4523.992; parent = 3536.703; children = 987.289
---------------------------------------------------------------------------------
---------------------------------------------------------------------------------
Start Handling Custom Attributes
---------------------------------------------------------------------------------
---------------------------------------------------------------------------------
Finished Handling Custom Attributes : Time (s): cpu = 00:00:06 ; elapsed = 00:00:06 . Memory (MB): peak = 3554.512 ; gain = 445.516 ; free physical = 654995 ; free virtual = 849126
Synthesis current peak Physical Memory [PSS] (MB): peak = 2646.529; parent = 2517.668; children = 128.861
Synthesis current peak Virtual Memory [VSS] (MB): peak = 4541.805; parent = 3554.516; children = 987.289
---------------------------------------------------------------------------------
---------------------------------------------------------------------------------
Finished RTL Optimization Phase 1 : Time (s): cpu = 00:00:06 ; elapsed = 00:00:06 . Memory (MB): peak = 3554.512 ; gain = 445.516 ; free physical = 654975 ; free virtual = 849106
Synthesis current peak Physical Memory [PSS] (MB): peak = 2646.529; parent = 2517.668; children = 128.861
Synthesis current peak Virtual Memory [VSS] (MB): peak = 4541.805; parent = 3554.516; children = 987.289
---------------------------------------------------------------------------------
Netlist sorting complete. Time (s): cpu = 00:00:00 ; elapsed = 00:00:00 . Memory (MB): peak = 3554.512 ; gain = 0.000 ; free physical = 655005 ; free virtual = 849136
INFO: [Project 1-570] Preparing netlist for logic optimization

Processing XDC Constraints
Initializing timing engine
Completed Processing XDC Constraints

Netlist sorting complete. Time (s): cpu = 00:00:00 ; elapsed = 00:00:00 . Memory (MB): peak = 3586.266 ; gain = 0.000 ; free physical = 653760 ; free virtual = 847896
INFO: [Project 1-111] Unisim Transformation Summary:
No Unisim elements were transformed.

Constraint Validation Runtime : Time (s): cpu = 00:00:00 ; elapsed = 00:00:00.02 . Memory (MB): peak = 3598.172 ; gain = 11.906 ; free physical = 653780 ; free virtual = 847917
INFO: [Designutils 20-5008] Incremental synthesis strategy off
INFO: [Synth 8-11241] undeclared symbol 'REGCCE', assumed default net type 'wire' [/tools/Xilinx/Vivado/2022.2/data/verilog/src/unimacro/BRAM_SINGLE_MACRO.v:2170]
---------------------------------------------------------------------------------
Finished Constraint Validation : Time (s): cpu = 00:00:12 ; elapsed = 00:00:13 . Memory (MB): peak = 3598.172 ; gain = 489.176 ; free physical = 656351 ; free virtual = 850295
Synthesis current peak Physical Memory [PSS] (MB): peak = 2646.529; parent = 2517.668; children = 128.885
Synthesis current peak Virtual Memory [VSS] (MB): peak = 4585.465; parent = 3598.176; children = 987.289
---------------------------------------------------------------------------------
---------------------------------------------------------------------------------
Start Loading Part and Timing Information
---------------------------------------------------------------------------------
Loading part: xcu55c-fsvh2892-2L-e
INFO: [Synth 8-6742] Reading net delay rules and data
---------------------------------------------------------------------------------
Finished Loading Part and Timing Information : Time (s): cpu = 00:00:12 ; elapsed = 00:00:13 . Memory (MB): peak = 3598.172 ; gain = 489.176 ; free physical = 656206 ; free virtual = 850150
Synthesis current peak Physical Memory [PSS] (MB): peak = 2646.529; parent = 2517.668; children = 128.885
Synthesis current peak Virtual Memory [VSS] (MB): peak = 4585.465; parent = 3598.176; children = 987.289
---------------------------------------------------------------------------------
---------------------------------------------------------------------------------
Start Applying 'set_property' XDC Constraints
---------------------------------------------------------------------------------
---------------------------------------------------------------------------------
Finished applying 'set_property' XDC Constraints : Time (s): cpu = 00:00:12 ; elapsed = 00:00:13 . Memory (MB): peak = 3598.172 ; gain = 489.176 ; free physical = 656097 ; free virtual = 850041
Synthesis current peak Physical Memory [PSS] (MB): peak = 2646.529; parent = 2517.668; children = 128.885
Synthesis current peak Virtual Memory [VSS] (MB): peak = 4585.465; parent = 3598.176; children = 987.289
---------------------------------------------------------------------------------
---------------------------------------------------------------------------------
Finished RTL Optimization Phase 2 : Time (s): cpu = 00:00:12 ; elapsed = 00:00:14 . Memory (MB): peak = 3598.172 ; gain = 489.176 ; free physical = 655889 ; free virtual = 849835
Synthesis current peak Physical Memory [PSS] (MB): peak = 2646.529; parent = 2517.668; children = 128.885
Synthesis current peak Virtual Memory [VSS] (MB): peak = 4585.465; parent = 3598.176; children = 987.289
---------------------------------------------------------------------------------
---------------------------------------------------------------------------------
Start RTL Component Statistics 
---------------------------------------------------------------------------------
Detailed RTL Component Info : 
+---Registers : 
	                1 Bit    Registers := 1     
---------------------------------------------------------------------------------
Finished RTL Component Statistics 
---------------------------------------------------------------------------------
---------------------------------------------------------------------------------
Start Part Resource Summary
---------------------------------------------------------------------------------
Part Resources:
DSPs: 9024 (col length:94)
BRAMs: 4032 (col length: RAMB18 288 RAMB36 144)
---------------------------------------------------------------------------------
Finished Part Resource Summary
---------------------------------------------------------------------------------
---------------------------------------------------------------------------------
Start Cross Boundary and Area Optimization
---------------------------------------------------------------------------------
WARNING: [Synth 8-7080] Parallel synthesis criteria is not met
---------------------------------------------------------------------------------
Finished Cross Boundary and Area Optimization : Time (s): cpu = 00:00:13 ; elapsed = 00:00:15 . Memory (MB): peak = 3598.172 ; gain = 489.176 ; free physical = 655571 ; free virtual = 849524
Synthesis current peak Physical Memory [PSS] (MB): peak = 2646.529; parent = 2517.668; children = 128.885
Synthesis current peak Virtual Memory [VSS] (MB): peak = 4585.465; parent = 3598.176; children = 987.289
---------------------------------------------------------------------------------
---------------------------------------------------------------------------------
Start Applying XDC Timing Constraints
---------------------------------------------------------------------------------
---------------------------------------------------------------------------------
Finished Applying XDC Timing Constraints : Time (s): cpu = 00:00:24 ; elapsed = 00:00:28 . Memory (MB): peak = 3948.836 ; gain = 839.840 ; free physical = 653181 ; free virtual = 847142
Synthesis current peak Physical Memory [PSS] (MB): peak = 3109.132; parent = 2981.708; children = 128.885
Synthesis current peak Virtual Memory [VSS] (MB): peak = 4936.129; parent = 3948.840; children = 987.289
---------------------------------------------------------------------------------
---------------------------------------------------------------------------------
Start Timing Optimization
---------------------------------------------------------------------------------
---------------------------------------------------------------------------------
Finished Timing Optimization : Time (s): cpu = 00:00:24 ; elapsed = 00:00:28 . Memory (MB): peak = 3948.836 ; gain = 839.840 ; free physical = 653066 ; free virtual = 847026
Synthesis current peak Physical Memory [PSS] (MB): peak = 3109.172; parent = 2981.748; children = 128.885
Synthesis current peak Virtual Memory [VSS] (MB): peak = 4936.129; parent = 3948.840; children = 987.289
---------------------------------------------------------------------------------
---------------------------------------------------------------------------------
Start Technology Mapping
---------------------------------------------------------------------------------
---------------------------------------------------------------------------------
Finished Technology Mapping : Time (s): cpu = 00:00:24 ; elapsed = 00:00:28 . Memory (MB): peak = 3967.867 ; gain = 858.871 ; free physical = 652968 ; free virtual = 846928
Synthesis current peak Physical Memory [PSS] (MB): peak = 3109.498; parent = 2982.074; children = 128.885
Synthesis current peak Virtual Memory [VSS] (MB): peak = 4955.160; parent = 3967.871; children = 987.289
---------------------------------------------------------------------------------
---------------------------------------------------------------------------------
Start IO Insertion
---------------------------------------------------------------------------------
---------------------------------------------------------------------------------
Start Flattening Before IO Insertion
---------------------------------------------------------------------------------
---------------------------------------------------------------------------------
Finished Flattening Before IO Insertion
---------------------------------------------------------------------------------
---------------------------------------------------------------------------------
Start Final Netlist Cleanup
---------------------------------------------------------------------------------
---------------------------------------------------------------------------------
Finished Final Netlist Cleanup
---------------------------------------------------------------------------------
---------------------------------------------------------------------------------
Finished IO Insertion : Time (s): cpu = 00:00:27 ; elapsed = 00:00:32 . Memory (MB): peak = 3973.805 ; gain = 864.809 ; free physical = 652427 ; free virtual = 846393
Synthesis current peak Physical Memory [PSS] (MB): peak = 3110.866; parent = 2982.737; children = 128.885
Synthesis current peak Virtual Memory [VSS] (MB): peak = 4961.098; parent = 3973.809; children = 987.289
---------------------------------------------------------------------------------
---------------------------------------------------------------------------------
Start Renaming Generated Instances
---------------------------------------------------------------------------------
---------------------------------------------------------------------------------
Finished Renaming Generated Instances : Time (s): cpu = 00:00:27 ; elapsed = 00:00:32 . Memory (MB): peak = 3973.805 ; gain = 864.809 ; free physical = 652477 ; free virtual = 846444
Synthesis current peak Physical Memory [PSS] (MB): peak = 3110.866; parent = 2982.737; children = 128.885
Synthesis current peak Virtual Memory [VSS] (MB): peak = 4961.098; parent = 3973.809; children = 987.289
---------------------------------------------------------------------------------
---------------------------------------------------------------------------------
Start Rebuilding User Hierarchy
---------------------------------------------------------------------------------
---------------------------------------------------------------------------------
Finished Rebuilding User Hierarchy : Time (s): cpu = 00:00:27 ; elapsed = 00:00:32 . Memory (MB): peak = 3973.805 ; gain = 864.809 ; free physical = 652591 ; free virtual = 846558
Synthesis current peak Physical Memory [PSS] (MB): peak = 3110.866; parent = 2982.737; children = 128.885
Synthesis current peak Virtual Memory [VSS] (MB): peak = 4961.098; parent = 3973.809; children = 987.289
---------------------------------------------------------------------------------
---------------------------------------------------------------------------------
Start Renaming Generated Ports
---------------------------------------------------------------------------------
---------------------------------------------------------------------------------
Finished Renaming Generated Ports : Time (s): cpu = 00:00:27 ; elapsed = 00:00:32 . Memory (MB): peak = 3973.805 ; gain = 864.809 ; free physical = 652567 ; free virtual = 846529
Synthesis current peak Physical Memory [PSS] (MB): peak = 3110.866; parent = 2982.737; children = 128.885
Synthesis current peak Virtual Memory [VSS] (MB): peak = 4961.098; parent = 3973.809; children = 987.289
---------------------------------------------------------------------------------
---------------------------------------------------------------------------------
Start Handling Custom Attributes
---------------------------------------------------------------------------------
---------------------------------------------------------------------------------
Finished Handling Custom Attributes : Time (s): cpu = 00:00:27 ; elapsed = 00:00:32 . Memory (MB): peak = 3973.805 ; gain = 864.809 ; free physical = 652547 ; free virtual = 846509
Synthesis current peak Physical Memory [PSS] (MB): peak = 3110.866; parent = 2982.737; children = 128.885
Synthesis current peak Virtual Memory [VSS] (MB): peak = 4961.098; parent = 3973.809; children = 987.289
---------------------------------------------------------------------------------
---------------------------------------------------------------------------------
Start Renaming Generated Nets
---------------------------------------------------------------------------------
---------------------------------------------------------------------------------
Finished Renaming Generated Nets : Time (s): cpu = 00:00:27 ; elapsed = 00:00:32 . Memory (MB): peak = 3973.805 ; gain = 864.809 ; free physical = 652484 ; free virtual = 846446
Synthesis current peak Physical Memory [PSS] (MB): peak = 3110.866; parent = 2982.737; children = 128.885
Synthesis current peak Virtual Memory [VSS] (MB): peak = 4961.098; parent = 3973.809; children = 987.289
---------------------------------------------------------------------------------
---------------------------------------------------------------------------------
Start Writing Synthesis Report
---------------------------------------------------------------------------------

Report BlackBoxes: 
+-+--------------+----------+
| |BlackBox name |Instances |
+-+--------------+----------+
+-+--------------+----------+

Report Cell Usage: 
+------+-----+------+
|      |Cell |Count |
+------+-----+------+
|1     |LUT2 |     1|
|2     |FDRE |     1|
+------+-----+------+
---------------------------------------------------------------------------------
Finished Writing Synthesis Report : Time (s): cpu = 00:00:27 ; elapsed = 00:00:32 . Memory (MB): peak = 3973.805 ; gain = 864.809 ; free physical = 652500 ; free virtual = 846462
Synthesis current peak Physical Memory [PSS] (MB): peak = 3110.866; parent = 2982.737; children = 128.885
Synthesis current peak Virtual Memory [VSS] (MB): peak = 4961.098; parent = 3973.809; children = 987.289
---------------------------------------------------------------------------------
Synthesis finished with 0 errors, 0 critical warnings and 1 warnings.
Synthesis Optimization Runtime : Time (s): cpu = 00:00:26 ; elapsed = 00:00:30 . Memory (MB): peak = 3973.805 ; gain = 821.148 ; free physical = 652464 ; free virtual = 846449
Synthesis Optimization Complete : Time (s): cpu = 00:00:28 ; elapsed = 00:00:33 . Memory (MB): peak = 3973.812 ; gain = 864.809 ; free physical = 652471 ; free virtual = 846433
INFO: [Project 1-571] Translating synthesized netlist
Netlist sorting complete. Time (s): cpu = 00:00:00 ; elapsed = 00:00:00 . Memory (MB): peak = 3988.742 ; gain = 0.000 ; free physical = 652583 ; free virtual = 846549
INFO: [Project 1-570] Preparing netlist for logic optimization
INFO: [Opt 31-138] Pushed 0 inverter(s) to 0 load pin(s).
Netlist sorting complete. Time (s): cpu = 00:00:00 ; elapsed = 00:00:00 . Memory (MB): peak = 4047.000 ; gain = 0.000 ; free physical = 652487 ; free virtual = 846451
INFO: [Project 1-111] Unisim Transformation Summary:
No Unisim elements were transformed.

Synth Design complete, checksum: 36cfb063
INFO: [Common 17-83] Releasing license: Synthesis
27 Infos, 6 Warnings, 0 Critical Warnings and 0 Errors encountered.
synth_design completed successfully
synth_design: Time (s): cpu = 00:00:40 ; elapsed = 00:00:45 . Memory (MB): peak = 4047.000 ; gain = 2264.961 ; free physical = 652727 ; free virtual = 846691
INFO: [Common 17-600] The following parameters have non-default value.
general.maxThreads
INFO: [Common 17-1381] The checkpoint '/home/ayvol/vitis-accel-CNN/vitis_accel_prj/build/xclbin/link/vivado/vpl/prj/prj.runs/bd_22c0_fanout_aresetn_ctrl_slr2_3_0_synth_1/bd_22c0_fanout_aresetn_ctrl_slr2_3_0.dcp' has been generated.
INFO: [Coretcl 2-1648] Added synthesis output to IP cache for IP bd_22c0_fanout_aresetn_ctrl_slr2_3_0, cache-ID = 51dfbd47e9c8bd97
INFO: [Common 17-1381] The checkpoint '/home/ayvol/vitis-accel-CNN/vitis_accel_prj/build/xclbin/link/vivado/vpl/prj/prj.runs/bd_22c0_fanout_aresetn_ctrl_slr2_3_0_synth_1/bd_22c0_fanout_aresetn_ctrl_slr2_3_0.dcp' has been generated.
INFO: [runtcl-4] Executing : report_utilization -file bd_22c0_fanout_aresetn_ctrl_slr2_3_0_utilization_synth.rpt -pb bd_22c0_fanout_aresetn_ctrl_slr2_3_0_utilization_synth.pb
INFO: [Common 17-206] Exiting Vivado at Sun Jun  2 04:30:16 2024...
