
*** Running vivado
    with args -log bd_7cf0_axi_jtag_0.vds -m64 -product Vivado -mode batch -messageDb vivado.pb -notrace -source bd_7cf0_axi_jtag_0.tcl


****** Vivado v2022.2 (64-bit)
  **** SW Build 3671981 on Fri Oct 14 04:59:54 MDT 2022
  **** IP Build 3669848 on Fri Oct 14 08:30:02 MDT 2022
    ** Copyright 1986-2022 Xilinx, Inc. All Rights Reserved.

source bd_7cf0_axi_jtag_0.tcl -notrace
INFO: Dispatch client connection id - 33469
create_project: Time (s): cpu = 00:00:05 ; elapsed = 00:00:06 . Memory (MB): peak = 1716.098 ; gain = 87.992 ; free physical = 599889 ; free virtual = 826379
INFO: [IP_Flow 19-234] Refreshing IP repositories
INFO: [IP_Flow 19-1700] Loaded user IP repository '/home/ayvol/vitis-accel-DNN/vitis_accel_prj/build/xclbin/link/int/xo/ip_repo/xilinx_com_hls_kernel_wrapper_1_0'.
INFO: [IP_Flow 19-1700] Loaded user IP repository '/home/ayvol/vitis-accel-DNN/vitis_accel_prj/build/xclbin/link/vivado/vpl/.local/hw_platform/iprepo'.
INFO: [IP_Flow 19-1700] Loaded user IP repository '/home/ayvol/vitis-accel-DNN/vitis_accel_prj/build/xclbin/link/vivado/vpl/.local/hw_platform/ipcache'.
INFO: [IP_Flow 19-1700] Loaded user IP repository '/tools/Xilinx/Vitis/2022.2/data/ip'.
INFO: [IP_Flow 19-2313] Loaded Vivado IP repository '/tools/Xilinx/Vivado/2022.2/data/ip'.
WARNING: [IP_Flow 19-1663] Duplicate IP found for 'xilinx.com:ip:axi_clk_metadata_adapter:1.0'. The one found in IP location '/home/ayvol/vitis-accel-DNN/vitis_accel_prj/build/xclbin/link/vivado/vpl/.local/hw_platform/iprepo/ipdefs/other_ipdefs/axi_clk_metadata_adapter_v1_0' will take precedence over the same IP in location /home/ayvol/vitis-accel-DNN/vitis_accel_prj/build/xclbin/link/vivado/vpl/.local/hw_platform/iprepo/ipdefs/pxi_ii_infra/axi_clk_metadata_adapter_v1_0
WARNING: [IP_Flow 19-1663] Duplicate IP found for 'xilinx.com:ip:axis_clk_metadata_adapter:1.0'. The one found in IP location '/home/ayvol/vitis-accel-DNN/vitis_accel_prj/build/xclbin/link/vivado/vpl/.local/hw_platform/iprepo/ipdefs/other_ipdefs/axis_clk_metadata_adapter_v1_0' will take precedence over the same IP in location /home/ayvol/vitis-accel-DNN/vitis_accel_prj/build/xclbin/link/vivado/vpl/.local/hw_platform/iprepo/ipdefs/pxi_ii_infra/axis_clk_metadata_adapter_v1_0
WARNING: [IP_Flow 19-1663] Duplicate IP found for 'xilinx.com:ip:clk_metadata_adapter:1.0'. The one found in IP location '/home/ayvol/vitis-accel-DNN/vitis_accel_prj/build/xclbin/link/vivado/vpl/.local/hw_platform/iprepo/ipdefs/other_ipdefs/clk_metadata_adapter_v1_0' will take precedence over the same IP in location /home/ayvol/vitis-accel-DNN/vitis_accel_prj/build/xclbin/link/vivado/vpl/.local/hw_platform/iprepo/ipdefs/pxi_ii_infra/clk_metadata_adapter_v1_0
WARNING: [IP_Flow 19-1663] Duplicate IP found for 'xilinx.com:ip:pipeline_reg:1.0'. The one found in IP location '/home/ayvol/vitis-accel-DNN/vitis_accel_prj/build/xclbin/link/vivado/vpl/.local/hw_platform/iprepo/ipdefs/other_ipdefs/pipeline_reg_v1_0' will take precedence over the same IP in location /home/ayvol/vitis-accel-DNN/vitis_accel_prj/build/xclbin/link/vivado/vpl/.local/hw_platform/iprepo/ipdefs/pxi_ii_infra/pipeline_reg_v1_0
WARNING: [IP_Flow 19-1663] Duplicate IP found for 'xilinx.com:ip:shell_utils_build_info:1.0'. The one found in IP location '/home/ayvol/vitis-accel-DNN/vitis_accel_prj/build/xclbin/link/vivado/vpl/.local/hw_platform/iprepo/ipdefs/other_ipdefs/shell_utils_build_info_v1_0' will take precedence over the same IP in the Xilinx installed IP.
INFO: [IP_Flow 19-6924] IPCACHE: Running cache check for IP inst: bd_7cf0_axi_jtag_0
Command: synth_design -top bd_7cf0_axi_jtag_0 -part xcu55c-fsvh2892-2L-e -incremental_mode off -mode out_of_context
Starting synth_design
Attempting to get a license for feature 'Synthesis' and/or device 'xcu55c'
INFO: [Common 17-349] Got license for feature 'Synthesis' and/or device 'xcu55c'
INFO: [Device 21-403] Loading part xcu55c-fsvh2892-2L-e
INFO: [Synth 8-7079] Multithreading enabled for synth_design using a maximum of 1 processes.
INFO: [Synth 8-7078] Launching helper process for spawning children vivado processes
INFO: [Synth 8-7075] Helper process launched with PID 5672
INFO: [Synth 8-11241] undeclared symbol 'REGCCE', assumed default net type 'wire' [/tools/Xilinx/Vivado/2022.2/data/verilog/src/unimacro/BRAM_SINGLE_MACRO.v:2170]
---------------------------------------------------------------------------------
Starting RTL Elaboration : Time (s): cpu = 00:00:04 ; elapsed = 00:00:04 . Memory (MB): peak = 3464.383 ; gain = 355.734 ; free physical = 595566 ; free virtual = 822119
Synthesis current peak Physical Memory [PSS] (MB): peak = 2643.012; parent = 2515.550; children = 127.462
Synthesis current peak Virtual Memory [VSS] (MB): peak = 4457.609; parent = 3470.324; children = 987.285
---------------------------------------------------------------------------------
INFO: [Synth 8-6157] synthesizing module 'bd_7cf0_axi_jtag_0' [/home/ayvol/vitis-accel-DNN/vitis_accel_prj/build/xclbin/link/vivado/vpl/prj/prj.gen/my_rm/bd/ulp/ip/ulp_ulp_cmp_0/bd_1/ip/ip_0/synth/bd_7cf0_axi_jtag_0.v:53]
INFO: [Synth 8-6155] done synthesizing module 'bd_7cf0_axi_jtag_0' (0#1) [/home/ayvol/vitis-accel-DNN/vitis_accel_prj/build/xclbin/link/vivado/vpl/prj/prj.gen/my_rm/bd/ulp/ip/ulp_ulp_cmp_0/bd_1/ip/ip_0/synth/bd_7cf0_axi_jtag_0.v:53]
WARNING: [Synth 8-7129] Port s_axi_awprot[2] in module axi_jtag_v1_0_0_axi4liteif is either unconnected or has no load
WARNING: [Synth 8-7129] Port s_axi_awprot[1] in module axi_jtag_v1_0_0_axi4liteif is either unconnected or has no load
WARNING: [Synth 8-7129] Port s_axi_awprot[0] in module axi_jtag_v1_0_0_axi4liteif is either unconnected or has no load
WARNING: [Synth 8-7129] Port s_axi_arprot[2] in module axi_jtag_v1_0_0_axi4liteif is either unconnected or has no load
WARNING: [Synth 8-7129] Port s_axi_arprot[1] in module axi_jtag_v1_0_0_axi4liteif is either unconnected or has no load
WARNING: [Synth 8-7129] Port s_axi_arprot[0] in module axi_jtag_v1_0_0_axi4liteif is either unconnected or has no load
---------------------------------------------------------------------------------
Finished RTL Elaboration : Time (s): cpu = 00:00:06 ; elapsed = 00:00:06 . Memory (MB): peak = 3544.289 ; gain = 435.641 ; free physical = 595315 ; free virtual = 821870
Synthesis current peak Physical Memory [PSS] (MB): peak = 2643.012; parent = 2515.550; children = 128.172
Synthesis current peak Virtual Memory [VSS] (MB): peak = 4531.578; parent = 3544.293; children = 987.285
---------------------------------------------------------------------------------
---------------------------------------------------------------------------------
Start Handling Custom Attributes
---------------------------------------------------------------------------------
---------------------------------------------------------------------------------
Finished Handling Custom Attributes : Time (s): cpu = 00:00:06 ; elapsed = 00:00:06 . Memory (MB): peak = 3562.102 ; gain = 453.453 ; free physical = 595300 ; free virtual = 821899
Synthesis current peak Physical Memory [PSS] (MB): peak = 2643.012; parent = 2515.550; children = 128.755
Synthesis current peak Virtual Memory [VSS] (MB): peak = 4549.391; parent = 3562.105; children = 987.285
---------------------------------------------------------------------------------
---------------------------------------------------------------------------------
Finished RTL Optimization Phase 1 : Time (s): cpu = 00:00:06 ; elapsed = 00:00:07 . Memory (MB): peak = 3562.102 ; gain = 453.453 ; free physical = 595518 ; free virtual = 822120
Synthesis current peak Physical Memory [PSS] (MB): peak = 2643.012; parent = 2515.550; children = 128.968
Synthesis current peak Virtual Memory [VSS] (MB): peak = 4549.391; parent = 3562.105; children = 987.285
---------------------------------------------------------------------------------
Netlist sorting complete. Time (s): cpu = 00:00:00.01 ; elapsed = 00:00:00.01 . Memory (MB): peak = 3562.102 ; gain = 0.000 ; free physical = 595554 ; free virtual = 822155
INFO: [Project 1-570] Preparing netlist for logic optimization

Processing XDC Constraints
Initializing timing engine
Parsing XDC File [/home/ayvol/vitis-accel-DNN/vitis_accel_prj/build/xclbin/link/vivado/vpl/prj/prj.gen/my_rm/bd/ulp/ip/ulp_ulp_cmp_0/bd_1/ip/ip_0/bd_7cf0_axi_jtag_0_ooc.xdc] for cell 'inst'
0V85_VCCINT { VCCINT }  -supply_current_budget  100.000 A -voltage  0.850 V -direct
0V85_VCCINT_IO { VCCINT_IO VCCBRAM }  -supply_current_budget  30.000 A -voltage  0.850 V -direct
0V9_AVCC { MGTYAVCC }  -supply_current_budget  0.000 A -voltage  0.900 V -direct
1V2_AVTT { MGTYAVTT }  -supply_current_budget  0.000 A -voltage  1.200 V -direct
1V2_HBM { VCC_HBM }  -supply_current_budget  0.000 A -voltage  1.200 V -direct
1V8 { VCCAUX VCCAUX_IO MGTYVCCAUX VCCO18 VCCADC }  -supply_current_budget  4.000 A -voltage  1.800 V -direct
2V5_VPP { VCCAUX_HBM }  -supply_current_budget  0.300 A -voltage  2.500 V -direct
Finished Parsing XDC File [/home/ayvol/vitis-accel-DNN/vitis_accel_prj/build/xclbin/link/vivado/vpl/prj/prj.gen/my_rm/bd/ulp/ip/ulp_ulp_cmp_0/bd_1/ip/ip_0/bd_7cf0_axi_jtag_0_ooc.xdc] for cell 'inst'
Parsing XDC File [/home/ayvol/vitis-accel-DNN/vitis_accel_prj/build/xclbin/link/vivado/vpl/prj/prj.runs/bd_7cf0_axi_jtag_0_synth_1/dont_touch.xdc]
Finished Parsing XDC File [/home/ayvol/vitis-accel-DNN/vitis_accel_prj/build/xclbin/link/vivado/vpl/prj/prj.runs/bd_7cf0_axi_jtag_0_synth_1/dont_touch.xdc]
Parsing XDC File [/home/ayvol/vitis-accel-DNN/vitis_accel_prj/build/xclbin/link/vivado/vpl/prj/prj.gen/my_rm/bd/ulp/ip/ulp_ulp_cmp_0/bd_1/ip/ip_0/constraints/axi_jtag.xdc] for cell 'inst'
Finished Parsing XDC File [/home/ayvol/vitis-accel-DNN/vitis_accel_prj/build/xclbin/link/vivado/vpl/prj/prj.gen/my_rm/bd/ulp/ip/ulp_ulp_cmp_0/bd_1/ip/ip_0/constraints/axi_jtag.xdc] for cell 'inst'
INFO: [Project 1-236] Implementation specific constraints were found while reading constraint file [/home/ayvol/vitis-accel-DNN/vitis_accel_prj/build/xclbin/link/vivado/vpl/prj/prj.gen/my_rm/bd/ulp/ip/ulp_ulp_cmp_0/bd_1/ip/ip_0/constraints/axi_jtag.xdc]. These constraints will be ignored for synthesis but will be used in implementation. Impacted constraints are listed in the file [.Xil/bd_7cf0_axi_jtag_0_propImpl.xdc].
Resolution: To avoid this warning, move constraints listed in [.Xil/bd_7cf0_axi_jtag_0_propImpl.xdc] to another XDC file and exclude this new file from synthesis with the used_in_synthesis property (File Properties dialog in GUI) and re-run elaboration/synthesis.
Completed Processing XDC Constraints

Netlist sorting complete. Time (s): cpu = 00:00:00 ; elapsed = 00:00:00 . Memory (MB): peak = 3683.668 ; gain = 0.000 ; free physical = 593456 ; free virtual = 820033
INFO: [Project 1-111] Unisim Transformation Summary:
No Unisim elements were transformed.

Constraint Validation Runtime : Time (s): cpu = 00:00:00.01 ; elapsed = 00:00:00.02 . Memory (MB): peak = 3683.668 ; gain = 0.000 ; free physical = 593468 ; free virtual = 820044
INFO: [Designutils 20-5008] Incremental synthesis strategy off
INFO: [Synth 8-11241] undeclared symbol 'REGCCE', assumed default net type 'wire' [/tools/Xilinx/Vivado/2022.2/data/verilog/src/unimacro/BRAM_SINGLE_MACRO.v:2170]
---------------------------------------------------------------------------------
Finished Constraint Validation : Time (s): cpu = 00:00:17 ; elapsed = 00:00:19 . Memory (MB): peak = 3683.668 ; gain = 575.020 ; free physical = 592932 ; free virtual = 819493
Synthesis current peak Physical Memory [PSS] (MB): peak = 2741.604; parent = 2612.616; children = 128.988
Synthesis current peak Virtual Memory [VSS] (MB): peak = 4670.957; parent = 3683.672; children = 987.285
---------------------------------------------------------------------------------
---------------------------------------------------------------------------------
Start Loading Part and Timing Information
---------------------------------------------------------------------------------
Loading part: xcu55c-fsvh2892-2L-e
INFO: [Synth 8-6742] Reading net delay rules and data
---------------------------------------------------------------------------------
Finished Loading Part and Timing Information : Time (s): cpu = 00:00:17 ; elapsed = 00:00:19 . Memory (MB): peak = 3683.668 ; gain = 575.020 ; free physical = 592929 ; free virtual = 819489
Synthesis current peak Physical Memory [PSS] (MB): peak = 2741.604; parent = 2612.616; children = 128.988
Synthesis current peak Virtual Memory [VSS] (MB): peak = 4670.957; parent = 3683.672; children = 987.285
---------------------------------------------------------------------------------
---------------------------------------------------------------------------------
Start Applying 'set_property' XDC Constraints
---------------------------------------------------------------------------------
Applied set_property KEEP_HIERARCHY = SOFT for inst. (constraint file  /home/ayvol/vitis-accel-DNN/vitis_accel_prj/build/xclbin/link/vivado/vpl/prj/prj.runs/bd_7cf0_axi_jtag_0_synth_1/dont_touch.xdc, line 6).
---------------------------------------------------------------------------------
Finished applying 'set_property' XDC Constraints : Time (s): cpu = 00:00:17 ; elapsed = 00:00:19 . Memory (MB): peak = 3683.668 ; gain = 575.020 ; free physical = 592924 ; free virtual = 819484
Synthesis current peak Physical Memory [PSS] (MB): peak = 2741.604; parent = 2612.616; children = 128.988
Synthesis current peak Virtual Memory [VSS] (MB): peak = 4670.957; parent = 3683.672; children = 987.285
---------------------------------------------------------------------------------
INFO: [Synth 8-802] inferred FSM for state register 'state_reg' in module 'axi_jtag_v1_0_0_jtagproc'
---------------------------------------------------------------------------------------------------
                   State |                     New Encoding |                Previous Encoding 
---------------------------------------------------------------------------------------------------
*
                    IDLE |                              001 |                              001
                    TCKL |                              010 |                              010
                    TCKH |                              100 |                              100
---------------------------------------------------------------------------------------------------
INFO: [Synth 8-3898] No Re-encoding of one hot register 'state_reg' in module 'axi_jtag_v1_0_0_jtagproc'
---------------------------------------------------------------------------------
Finished RTL Optimization Phase 2 : Time (s): cpu = 00:00:18 ; elapsed = 00:00:19 . Memory (MB): peak = 3683.668 ; gain = 575.020 ; free physical = 592862 ; free virtual = 819423
Synthesis current peak Physical Memory [PSS] (MB): peak = 2741.604; parent = 2612.616; children = 128.988
Synthesis current peak Virtual Memory [VSS] (MB): peak = 4670.957; parent = 3683.672; children = 987.285
---------------------------------------------------------------------------------
---------------------------------------------------------------------------------
Start RTL Component Statistics 
---------------------------------------------------------------------------------
Detailed RTL Component Info : 
+---Adders : 
	   2 Input    8 Bit       Adders := 1     
	   2 Input    5 Bit       Adders := 1     
+---Registers : 
	               32 Bit    Registers := 9     
	                8 Bit    Registers := 1     
	                5 Bit    Registers := 3     
	                2 Bit    Registers := 2     
	                1 Bit    Registers := 43    
+---Muxes : 
	   2 Input   32 Bit        Muxes := 9     
	   6 Input   32 Bit        Muxes := 5     
	   2 Input   31 Bit        Muxes := 2     
	   2 Input    8 Bit        Muxes := 1     
	   4 Input    3 Bit        Muxes := 1     
	   2 Input    3 Bit        Muxes := 2     
	   2 Input    2 Bit        Muxes := 1     
	   2 Input    1 Bit        Muxes := 78    
	   4 Input    1 Bit        Muxes := 3     
---------------------------------------------------------------------------------
Finished RTL Component Statistics 
---------------------------------------------------------------------------------
---------------------------------------------------------------------------------
Start Part Resource Summary
---------------------------------------------------------------------------------
Part Resources:
DSPs: 9024 (col length:94)
BRAMs: 4032 (col length: RAMB18 288 RAMB36 144)
---------------------------------------------------------------------------------
Finished Part Resource Summary
---------------------------------------------------------------------------------
---------------------------------------------------------------------------------
Start Cross Boundary and Area Optimization
---------------------------------------------------------------------------------
WARNING: [Synth 8-7080] Parallel synthesis criteria is not met
WARNING: [Synth 8-7129] Port s_axi_awprot[2] in module axi_jtag_v1_0_0_axi_jtag is either unconnected or has no load
WARNING: [Synth 8-7129] Port s_axi_awprot[1] in module axi_jtag_v1_0_0_axi_jtag is either unconnected or has no load
WARNING: [Synth 8-7129] Port s_axi_awprot[0] in module axi_jtag_v1_0_0_axi_jtag is either unconnected or has no load
WARNING: [Synth 8-7129] Port s_axi_arprot[2] in module axi_jtag_v1_0_0_axi_jtag is either unconnected or has no load
WARNING: [Synth 8-7129] Port s_axi_arprot[1] in module axi_jtag_v1_0_0_axi_jtag is either unconnected or has no load
WARNING: [Synth 8-7129] Port s_axi_arprot[0] in module axi_jtag_v1_0_0_axi_jtag is either unconnected or has no load
---------------------------------------------------------------------------------
Finished Cross Boundary and Area Optimization : Time (s): cpu = 00:00:20 ; elapsed = 00:00:21 . Memory (MB): peak = 3683.668 ; gain = 575.020 ; free physical = 595345 ; free virtual = 821954
Synthesis current peak Physical Memory [PSS] (MB): peak = 2741.604; parent = 2612.616; children = 129.132
Synthesis current peak Virtual Memory [VSS] (MB): peak = 4670.957; parent = 3683.672; children = 987.285
---------------------------------------------------------------------------------
---------------------------------------------------------------------------------
Start Applying XDC Timing Constraints
---------------------------------------------------------------------------------
---------------------------------------------------------------------------------
Finished Applying XDC Timing Constraints : Time (s): cpu = 00:00:30 ; elapsed = 00:00:34 . Memory (MB): peak = 3961.770 ; gain = 853.121 ; free physical = 597906 ; free virtual = 824537
Synthesis current peak Physical Memory [PSS] (MB): peak = 3126.304; parent = 2998.137; children = 129.132
Synthesis current peak Virtual Memory [VSS] (MB): peak = 4949.059; parent = 3961.773; children = 987.285
---------------------------------------------------------------------------------
---------------------------------------------------------------------------------
Start Timing Optimization
---------------------------------------------------------------------------------
---------------------------------------------------------------------------------
Finished Timing Optimization : Time (s): cpu = 00:00:31 ; elapsed = 00:00:35 . Memory (MB): peak = 4005.816 ; gain = 897.168 ; free physical = 597786 ; free virtual = 824419
Synthesis current peak Physical Memory [PSS] (MB): peak = 3138.050; parent = 3009.883; children = 129.132
Synthesis current peak Virtual Memory [VSS] (MB): peak = 4993.105; parent = 4005.820; children = 987.285
---------------------------------------------------------------------------------
---------------------------------------------------------------------------------
Start Technology Mapping
---------------------------------------------------------------------------------
---------------------------------------------------------------------------------
Finished Technology Mapping : Time (s): cpu = 00:00:31 ; elapsed = 00:00:35 . Memory (MB): peak = 4005.816 ; gain = 897.168 ; free physical = 597785 ; free virtual = 824390
Synthesis current peak Physical Memory [PSS] (MB): peak = 3139.067; parent = 3010.900; children = 129.132
Synthesis current peak Virtual Memory [VSS] (MB): peak = 4993.105; parent = 4005.820; children = 987.285
---------------------------------------------------------------------------------
---------------------------------------------------------------------------------
Start IO Insertion
---------------------------------------------------------------------------------
---------------------------------------------------------------------------------
Start Flattening Before IO Insertion
---------------------------------------------------------------------------------
---------------------------------------------------------------------------------
Finished Flattening Before IO Insertion
---------------------------------------------------------------------------------
---------------------------------------------------------------------------------
Start Final Netlist Cleanup
---------------------------------------------------------------------------------
---------------------------------------------------------------------------------
Finished Final Netlist Cleanup
---------------------------------------------------------------------------------
---------------------------------------------------------------------------------
Finished IO Insertion : Time (s): cpu = 00:00:35 ; elapsed = 00:00:39 . Memory (MB): peak = 4005.816 ; gain = 897.168 ; free physical = 597571 ; free virtual = 824213
Synthesis current peak Physical Memory [PSS] (MB): peak = 3140.794; parent = 3011.810; children = 129.132
Synthesis current peak Virtual Memory [VSS] (MB): peak = 4993.105; parent = 4005.820; children = 987.285
---------------------------------------------------------------------------------
---------------------------------------------------------------------------------
Start Renaming Generated Instances
---------------------------------------------------------------------------------
---------------------------------------------------------------------------------
Finished Renaming Generated Instances : Time (s): cpu = 00:00:35 ; elapsed = 00:00:39 . Memory (MB): peak = 4005.816 ; gain = 897.168 ; free physical = 597562 ; free virtual = 824205
Synthesis current peak Physical Memory [PSS] (MB): peak = 3140.799; parent = 3011.814; children = 129.132
Synthesis current peak Virtual Memory [VSS] (MB): peak = 4993.105; parent = 4005.820; children = 987.285
---------------------------------------------------------------------------------
---------------------------------------------------------------------------------
Start Rebuilding User Hierarchy
---------------------------------------------------------------------------------
---------------------------------------------------------------------------------
Finished Rebuilding User Hierarchy : Time (s): cpu = 00:00:35 ; elapsed = 00:00:39 . Memory (MB): peak = 4005.816 ; gain = 897.168 ; free physical = 597561 ; free virtual = 824203
Synthesis current peak Physical Memory [PSS] (MB): peak = 3140.799; parent = 3011.814; children = 129.132
Synthesis current peak Virtual Memory [VSS] (MB): peak = 4993.105; parent = 4005.820; children = 987.285
---------------------------------------------------------------------------------
---------------------------------------------------------------------------------
Start Renaming Generated Ports
---------------------------------------------------------------------------------
---------------------------------------------------------------------------------
Finished Renaming Generated Ports : Time (s): cpu = 00:00:35 ; elapsed = 00:00:39 . Memory (MB): peak = 4005.816 ; gain = 897.168 ; free physical = 597560 ; free virtual = 824202
Synthesis current peak Physical Memory [PSS] (MB): peak = 3140.799; parent = 3011.824; children = 129.132
Synthesis current peak Virtual Memory [VSS] (MB): peak = 4993.105; parent = 4005.820; children = 987.285
---------------------------------------------------------------------------------
---------------------------------------------------------------------------------
Start Handling Custom Attributes
---------------------------------------------------------------------------------
---------------------------------------------------------------------------------
Finished Handling Custom Attributes : Time (s): cpu = 00:00:35 ; elapsed = 00:00:39 . Memory (MB): peak = 4005.816 ; gain = 897.168 ; free physical = 597502 ; free virtual = 824145
Synthesis current peak Physical Memory [PSS] (MB): peak = 3140.825; parent = 3011.841; children = 129.132
Synthesis current peak Virtual Memory [VSS] (MB): peak = 4993.105; parent = 4005.820; children = 987.285
---------------------------------------------------------------------------------
---------------------------------------------------------------------------------
Start Renaming Generated Nets
---------------------------------------------------------------------------------
---------------------------------------------------------------------------------
Finished Renaming Generated Nets : Time (s): cpu = 00:00:35 ; elapsed = 00:00:40 . Memory (MB): peak = 4005.816 ; gain = 897.168 ; free physical = 597451 ; free virtual = 824093
Synthesis current peak Physical Memory [PSS] (MB): peak = 3140.839; parent = 3011.855; children = 129.132
Synthesis current peak Virtual Memory [VSS] (MB): peak = 4993.105; parent = 4005.820; children = 987.285
---------------------------------------------------------------------------------
---------------------------------------------------------------------------------
Start Writing Synthesis Report
---------------------------------------------------------------------------------

Report BlackBoxes: 
+-+--------------+----------+
| |BlackBox name |Instances |
+-+--------------+----------+
+-+--------------+----------+

Report Cell Usage: 
+------+-------+------+
|      |Cell   |Count |
+------+-------+------+
|1     |CARRY8 |     4|
|2     |LUT1   |     4|
|3     |LUT2   |    10|
|4     |LUT3   |    42|
|5     |LUT4   |    49|
|6     |LUT5   |    26|
|7     |LUT6   |   176|
|8     |FDRE   |   353|
|9     |FDSE   |     1|
+------+-------+------+
---------------------------------------------------------------------------------
Finished Writing Synthesis Report : Time (s): cpu = 00:00:35 ; elapsed = 00:00:40 . Memory (MB): peak = 4005.816 ; gain = 897.168 ; free physical = 597409 ; free virtual = 824051
Synthesis current peak Physical Memory [PSS] (MB): peak = 3140.876; parent = 3011.892; children = 129.132
Synthesis current peak Virtual Memory [VSS] (MB): peak = 4993.105; parent = 4005.820; children = 987.285
---------------------------------------------------------------------------------
Synthesis finished with 0 errors, 0 critical warnings and 7 warnings.
Synthesis Optimization Runtime : Time (s): cpu = 00:00:28 ; elapsed = 00:00:33 . Memory (MB): peak = 4005.816 ; gain = 775.602 ; free physical = 597419 ; free virtual = 824061
Synthesis Optimization Complete : Time (s): cpu = 00:00:35 ; elapsed = 00:00:40 . Memory (MB): peak = 4005.824 ; gain = 897.168 ; free physical = 597416 ; free virtual = 824059
INFO: [Project 1-571] Translating synthesized netlist
Netlist sorting complete. Time (s): cpu = 00:00:00 ; elapsed = 00:00:00.01 . Memory (MB): peak = 4013.816 ; gain = 0.000 ; free physical = 597543 ; free virtual = 824140
INFO: [Netlist 29-17] Analyzing 4 Unisim elements for replacement
INFO: [Netlist 29-28] Unisim Transformation completed in 0 CPU seconds
INFO: [Project 1-570] Preparing netlist for logic optimization
INFO: [Opt 31-138] Pushed 0 inverter(s) to 0 load pin(s).
Netlist sorting complete. Time (s): cpu = 00:00:00 ; elapsed = 00:00:00 . Memory (MB): peak = 4067.262 ; gain = 0.000 ; free physical = 597269 ; free virtual = 823870
INFO: [Project 1-111] Unisim Transformation Summary:
No Unisim elements were transformed.

Synth Design complete, checksum: 63fb1c8b
INFO: [Common 17-83] Releasing license: Synthesis
30 Infos, 18 Warnings, 0 Critical Warnings and 0 Errors encountered.
synth_design completed successfully
synth_design: Time (s): cpu = 00:00:48 ; elapsed = 00:00:53 . Memory (MB): peak = 4067.262 ; gain = 2286.570 ; free physical = 597459 ; free virtual = 824060
INFO: [Common 17-600] The following parameters have non-default value.
general.maxThreads
INFO: [Common 17-1381] The checkpoint '/home/ayvol/vitis-accel-DNN/vitis_accel_prj/build/xclbin/link/vivado/vpl/prj/prj.runs/bd_7cf0_axi_jtag_0_synth_1/bd_7cf0_axi_jtag_0.dcp' has been generated.
INFO: [Coretcl 2-1648] Added synthesis output to IP cache for IP bd_7cf0_axi_jtag_0, cache-ID = b642063c79d3b1f2
INFO: [Coretcl 2-1174] Renamed 3 cell refs.
INFO: [Common 17-1381] The checkpoint '/home/ayvol/vitis-accel-DNN/vitis_accel_prj/build/xclbin/link/vivado/vpl/prj/prj.runs/bd_7cf0_axi_jtag_0_synth_1/bd_7cf0_axi_jtag_0.dcp' has been generated.
INFO: [runtcl-4] Executing : report_utilization -file bd_7cf0_axi_jtag_0_utilization_synth.rpt -pb bd_7cf0_axi_jtag_0_utilization_synth.pb
INFO: [Common 17-206] Exiting Vivado at Sat Jun  1 06:17:13 2024...
