
*** Running vivado
    with args -log bd_85ad_init_reduce_0.vds -m64 -product Vivado -mode batch -messageDb vivado.pb -notrace -source bd_85ad_init_reduce_0.tcl


****** Vivado v2022.2 (64-bit)
  **** SW Build 3671981 on Fri Oct 14 04:59:54 MDT 2022
  **** IP Build 3669848 on Fri Oct 14 08:30:02 MDT 2022
    ** Copyright 1986-2022 Xilinx, Inc. All Rights Reserved.

source bd_85ad_init_reduce_0.tcl -notrace
INFO: Dispatch client connection id - 33731
create_project: Time (s): cpu = 00:00:06 ; elapsed = 00:00:09 . Memory (MB): peak = 1716.223 ; gain = 87.992 ; free physical = 650773 ; free virtual = 847802
INFO: [IP_Flow 19-234] Refreshing IP repositories
INFO: [IP_Flow 19-1700] Loaded user IP repository '/home/ayvol/vitis-accel-CNN/vitis_accel_prj/build/xclbin/link/int/xo/ip_repo/xilinx_com_hls_kernel_wrapper_1_0'.
INFO: [IP_Flow 19-1700] Loaded user IP repository '/home/ayvol/vitis-accel-CNN/vitis_accel_prj/build/xclbin/link/vivado/vpl/.local/hw_platform/iprepo'.
INFO: [IP_Flow 19-1700] Loaded user IP repository '/home/ayvol/vitis-accel-CNN/vitis_accel_prj/build/xclbin/link/vivado/vpl/.local/hw_platform/ipcache'.
INFO: [IP_Flow 19-1700] Loaded user IP repository '/tools/Xilinx/Vitis/2022.2/data/ip'.
INFO: [IP_Flow 19-2313] Loaded Vivado IP repository '/tools/Xilinx/Vivado/2022.2/data/ip'.
WARNING: [IP_Flow 19-1663] Duplicate IP found for 'xilinx.com:ip:axi_clk_metadata_adapter:1.0'. The one found in IP location '/home/ayvol/vitis-accel-CNN/vitis_accel_prj/build/xclbin/link/vivado/vpl/.local/hw_platform/iprepo/ipdefs/other_ipdefs/axi_clk_metadata_adapter_v1_0' will take precedence over the same IP in location /home/ayvol/vitis-accel-CNN/vitis_accel_prj/build/xclbin/link/vivado/vpl/.local/hw_platform/iprepo/ipdefs/pxi_ii_infra/axi_clk_metadata_adapter_v1_0
WARNING: [IP_Flow 19-1663] Duplicate IP found for 'xilinx.com:ip:axis_clk_metadata_adapter:1.0'. The one found in IP location '/home/ayvol/vitis-accel-CNN/vitis_accel_prj/build/xclbin/link/vivado/vpl/.local/hw_platform/iprepo/ipdefs/other_ipdefs/axis_clk_metadata_adapter_v1_0' will take precedence over the same IP in location /home/ayvol/vitis-accel-CNN/vitis_accel_prj/build/xclbin/link/vivado/vpl/.local/hw_platform/iprepo/ipdefs/pxi_ii_infra/axis_clk_metadata_adapter_v1_0
WARNING: [IP_Flow 19-1663] Duplicate IP found for 'xilinx.com:ip:clk_metadata_adapter:1.0'. The one found in IP location '/home/ayvol/vitis-accel-CNN/vitis_accel_prj/build/xclbin/link/vivado/vpl/.local/hw_platform/iprepo/ipdefs/other_ipdefs/clk_metadata_adapter_v1_0' will take precedence over the same IP in location /home/ayvol/vitis-accel-CNN/vitis_accel_prj/build/xclbin/link/vivado/vpl/.local/hw_platform/iprepo/ipdefs/pxi_ii_infra/clk_metadata_adapter_v1_0
WARNING: [IP_Flow 19-1663] Duplicate IP found for 'xilinx.com:ip:pipeline_reg:1.0'. The one found in IP location '/home/ayvol/vitis-accel-CNN/vitis_accel_prj/build/xclbin/link/vivado/vpl/.local/hw_platform/iprepo/ipdefs/other_ipdefs/pipeline_reg_v1_0' will take precedence over the same IP in location /home/ayvol/vitis-accel-CNN/vitis_accel_prj/build/xclbin/link/vivado/vpl/.local/hw_platform/iprepo/ipdefs/pxi_ii_infra/pipeline_reg_v1_0
WARNING: [IP_Flow 19-1663] Duplicate IP found for 'xilinx.com:ip:shell_utils_build_info:1.0'. The one found in IP location '/home/ayvol/vitis-accel-CNN/vitis_accel_prj/build/xclbin/link/vivado/vpl/.local/hw_platform/iprepo/ipdefs/other_ipdefs/shell_utils_build_info_v1_0' will take precedence over the same IP in the Xilinx installed IP.
INFO: [IP_Flow 19-6924] IPCACHE: Running cache check for IP inst: bd_85ad_init_reduce_0
Command: synth_design -top bd_85ad_init_reduce_0 -part xcu55c-fsvh2892-2L-e -incremental_mode off -mode out_of_context
Starting synth_design
Attempting to get a license for feature 'Synthesis' and/or device 'xcu55c'
INFO: [Common 17-349] Got license for feature 'Synthesis' and/or device 'xcu55c'
INFO: [Device 21-403] Loading part xcu55c-fsvh2892-2L-e
INFO: [Synth 8-7079] Multithreading enabled for synth_design using a maximum of 1 processes.
INFO: [Synth 8-7078] Launching helper process for spawning children vivado processes
INFO: [Synth 8-7075] Helper process launched with PID 150793
INFO: [Synth 8-11241] undeclared symbol 'REGCCE', assumed default net type 'wire' [/tools/Xilinx/Vivado/2022.2/data/verilog/src/unimacro/BRAM_SINGLE_MACRO.v:2170]
---------------------------------------------------------------------------------
Starting RTL Elaboration : Time (s): cpu = 00:00:04 ; elapsed = 00:00:04 . Memory (MB): peak = 3466.539 ; gain = 358.734 ; free physical = 643740 ; free virtual = 843209
Synthesis current peak Physical Memory [PSS] (MB): peak = 2650.737; parent = 2522.377; children = 128.360
Synthesis current peak Virtual Memory [VSS] (MB): peak = 4456.797; parent = 3469.512; children = 987.285
---------------------------------------------------------------------------------
INFO: [Synth 8-6157] synthesizing module 'bd_85ad_init_reduce_0' [/home/ayvol/vitis-accel-CNN/vitis_accel_prj/build/xclbin/link/vivado/vpl/prj/prj.gen/my_rm/bd/ulp/ip/ulp_hmss_0_0/bd_0/ip/ip_32/synth/bd_85ad_init_reduce_0.v:53]
INFO: [Synth 8-6157] synthesizing module 'util_reduced_logic_v2_0_4_util_reduced_logic' [/home/ayvol/vitis-accel-CNN/vitis_accel_prj/build/xclbin/link/vivado/vpl/prj/prj.gen/my_rm/bd/ulp/ipshared/4c94/hdl/util_reduced_logic_v2_0_vl_rfs.v:73]
INFO: [Synth 8-6155] done synthesizing module 'util_reduced_logic_v2_0_4_util_reduced_logic' (0#1) [/home/ayvol/vitis-accel-CNN/vitis_accel_prj/build/xclbin/link/vivado/vpl/prj/prj.gen/my_rm/bd/ulp/ipshared/4c94/hdl/util_reduced_logic_v2_0_vl_rfs.v:73]
INFO: [Synth 8-6155] done synthesizing module 'bd_85ad_init_reduce_0' (0#1) [/home/ayvol/vitis-accel-CNN/vitis_accel_prj/build/xclbin/link/vivado/vpl/prj/prj.gen/my_rm/bd/ulp/ip/ulp_hmss_0_0/bd_0/ip/ip_32/synth/bd_85ad_init_reduce_0.v:53]
---------------------------------------------------------------------------------
Finished RTL Elaboration : Time (s): cpu = 00:00:06 ; elapsed = 00:00:06 . Memory (MB): peak = 3536.477 ; gain = 428.672 ; free physical = 643391 ; free virtual = 843135
Synthesis current peak Physical Memory [PSS] (MB): peak = 2650.737; parent = 2522.377; children = 129.319
Synthesis current peak Virtual Memory [VSS] (MB): peak = 4523.766; parent = 3536.480; children = 987.285
---------------------------------------------------------------------------------
---------------------------------------------------------------------------------
Start Handling Custom Attributes
---------------------------------------------------------------------------------
---------------------------------------------------------------------------------
Finished Handling Custom Attributes : Time (s): cpu = 00:00:06 ; elapsed = 00:00:06 . Memory (MB): peak = 3554.289 ; gain = 446.484 ; free physical = 643314 ; free virtual = 843058
Synthesis current peak Physical Memory [PSS] (MB): peak = 2650.737; parent = 2522.377; children = 129.319
Synthesis current peak Virtual Memory [VSS] (MB): peak = 4541.578; parent = 3554.293; children = 987.285
---------------------------------------------------------------------------------
---------------------------------------------------------------------------------
Finished RTL Optimization Phase 1 : Time (s): cpu = 00:00:06 ; elapsed = 00:00:06 . Memory (MB): peak = 3554.289 ; gain = 446.484 ; free physical = 643276 ; free virtual = 843035
Synthesis current peak Physical Memory [PSS] (MB): peak = 2650.737; parent = 2522.377; children = 129.319
Synthesis current peak Virtual Memory [VSS] (MB): peak = 4541.578; parent = 3554.293; children = 987.285
---------------------------------------------------------------------------------
Netlist sorting complete. Time (s): cpu = 00:00:00 ; elapsed = 00:00:00 . Memory (MB): peak = 3554.289 ; gain = 0.000 ; free physical = 643323 ; free virtual = 843099
INFO: [Project 1-570] Preparing netlist for logic optimization

Processing XDC Constraints
Initializing timing engine
Completed Processing XDC Constraints

Netlist sorting complete. Time (s): cpu = 00:00:00 ; elapsed = 00:00:00 . Memory (MB): peak = 3586.043 ; gain = 0.000 ; free physical = 642737 ; free virtual = 842783
INFO: [Project 1-111] Unisim Transformation Summary:
No Unisim elements were transformed.

Constraint Validation Runtime : Time (s): cpu = 00:00:00 ; elapsed = 00:00:00.01 . Memory (MB): peak = 3589.012 ; gain = 2.969 ; free physical = 642735 ; free virtual = 842780
INFO: [Designutils 20-5008] Incremental synthesis strategy off
INFO: [Synth 8-11241] undeclared symbol 'REGCCE', assumed default net type 'wire' [/tools/Xilinx/Vivado/2022.2/data/verilog/src/unimacro/BRAM_SINGLE_MACRO.v:2170]
---------------------------------------------------------------------------------
Finished Constraint Validation : Time (s): cpu = 00:00:12 ; elapsed = 00:00:13 . Memory (MB): peak = 3589.012 ; gain = 481.207 ; free physical = 642006 ; free virtual = 842286
Synthesis current peak Physical Memory [PSS] (MB): peak = 2650.737; parent = 2522.377; children = 129.319
Synthesis current peak Virtual Memory [VSS] (MB): peak = 4576.301; parent = 3589.016; children = 987.285
---------------------------------------------------------------------------------
---------------------------------------------------------------------------------
Start Loading Part and Timing Information
---------------------------------------------------------------------------------
Loading part: xcu55c-fsvh2892-2L-e
INFO: [Synth 8-6742] Reading net delay rules and data
---------------------------------------------------------------------------------
Finished Loading Part and Timing Information : Time (s): cpu = 00:00:12 ; elapsed = 00:00:13 . Memory (MB): peak = 3589.012 ; gain = 481.207 ; free physical = 641958 ; free virtual = 842237
Synthesis current peak Physical Memory [PSS] (MB): peak = 2650.737; parent = 2522.377; children = 129.319
Synthesis current peak Virtual Memory [VSS] (MB): peak = 4576.301; parent = 3589.016; children = 987.285
---------------------------------------------------------------------------------
---------------------------------------------------------------------------------
Start Applying 'set_property' XDC Constraints
---------------------------------------------------------------------------------
---------------------------------------------------------------------------------
Finished applying 'set_property' XDC Constraints : Time (s): cpu = 00:00:12 ; elapsed = 00:00:13 . Memory (MB): peak = 3589.012 ; gain = 481.207 ; free physical = 641898 ; free virtual = 842177
Synthesis current peak Physical Memory [PSS] (MB): peak = 2650.737; parent = 2522.377; children = 129.319
Synthesis current peak Virtual Memory [VSS] (MB): peak = 4576.301; parent = 3589.016; children = 987.285
---------------------------------------------------------------------------------
---------------------------------------------------------------------------------
Finished RTL Optimization Phase 2 : Time (s): cpu = 00:00:12 ; elapsed = 00:00:14 . Memory (MB): peak = 3589.012 ; gain = 481.207 ; free physical = 641814 ; free virtual = 842095
Synthesis current peak Physical Memory [PSS] (MB): peak = 2650.737; parent = 2522.377; children = 129.319
Synthesis current peak Virtual Memory [VSS] (MB): peak = 4576.301; parent = 3589.016; children = 987.285
---------------------------------------------------------------------------------
---------------------------------------------------------------------------------
Start RTL Component Statistics 
---------------------------------------------------------------------------------
Detailed RTL Component Info : 
---------------------------------------------------------------------------------
Finished RTL Component Statistics 
---------------------------------------------------------------------------------
---------------------------------------------------------------------------------
Start Part Resource Summary
---------------------------------------------------------------------------------
Part Resources:
DSPs: 9024 (col length:94)
BRAMs: 4032 (col length: RAMB18 288 RAMB36 144)
---------------------------------------------------------------------------------
Finished Part Resource Summary
---------------------------------------------------------------------------------
---------------------------------------------------------------------------------
Start Cross Boundary and Area Optimization
---------------------------------------------------------------------------------
WARNING: [Synth 8-7080] Parallel synthesis criteria is not met
---------------------------------------------------------------------------------
Finished Cross Boundary and Area Optimization : Time (s): cpu = 00:00:13 ; elapsed = 00:00:15 . Memory (MB): peak = 3589.012 ; gain = 481.207 ; free physical = 642027 ; free virtual = 842329
Synthesis current peak Physical Memory [PSS] (MB): peak = 2650.737; parent = 2522.377; children = 129.319
Synthesis current peak Virtual Memory [VSS] (MB): peak = 4576.301; parent = 3589.016; children = 987.285
---------------------------------------------------------------------------------
---------------------------------------------------------------------------------
Start Applying XDC Timing Constraints
---------------------------------------------------------------------------------
---------------------------------------------------------------------------------
Finished Applying XDC Timing Constraints : Time (s): cpu = 00:00:24 ; elapsed = 00:00:27 . Memory (MB): peak = 3949.207 ; gain = 841.402 ; free physical = 644159 ; free virtual = 844571
Synthesis current peak Physical Memory [PSS] (MB): peak = 3122.426; parent = 2993.102; children = 129.324
Synthesis current peak Virtual Memory [VSS] (MB): peak = 4936.496; parent = 3949.211; children = 987.285
---------------------------------------------------------------------------------
---------------------------------------------------------------------------------
Start Timing Optimization
---------------------------------------------------------------------------------
---------------------------------------------------------------------------------
Finished Timing Optimization : Time (s): cpu = 00:00:24 ; elapsed = 00:00:27 . Memory (MB): peak = 3949.207 ; gain = 841.402 ; free physical = 644167 ; free virtual = 844579
Synthesis current peak Physical Memory [PSS] (MB): peak = 3122.426; parent = 2993.102; children = 129.324
Synthesis current peak Virtual Memory [VSS] (MB): peak = 4936.496; parent = 3949.211; children = 987.285
---------------------------------------------------------------------------------
---------------------------------------------------------------------------------
Start Technology Mapping
---------------------------------------------------------------------------------
---------------------------------------------------------------------------------
Finished Technology Mapping : Time (s): cpu = 00:00:24 ; elapsed = 00:00:27 . Memory (MB): peak = 3968.238 ; gain = 860.434 ; free physical = 644158 ; free virtual = 844571
Synthesis current peak Physical Memory [PSS] (MB): peak = 3122.752; parent = 2993.428; children = 129.324
Synthesis current peak Virtual Memory [VSS] (MB): peak = 4955.527; parent = 3968.242; children = 987.285
---------------------------------------------------------------------------------
---------------------------------------------------------------------------------
Start IO Insertion
---------------------------------------------------------------------------------
---------------------------------------------------------------------------------
Start Flattening Before IO Insertion
---------------------------------------------------------------------------------
---------------------------------------------------------------------------------
Finished Flattening Before IO Insertion
---------------------------------------------------------------------------------
---------------------------------------------------------------------------------
Start Final Netlist Cleanup
---------------------------------------------------------------------------------
---------------------------------------------------------------------------------
Finished Final Netlist Cleanup
---------------------------------------------------------------------------------
---------------------------------------------------------------------------------
Finished IO Insertion : Time (s): cpu = 00:00:27 ; elapsed = 00:00:31 . Memory (MB): peak = 3974.176 ; gain = 866.371 ; free physical = 644813 ; free virtual = 845235
Synthesis current peak Physical Memory [PSS] (MB): peak = 3126.432; parent = 2996.094; children = 130.338
Synthesis current peak Virtual Memory [VSS] (MB): peak = 4961.465; parent = 3974.180; children = 987.285
---------------------------------------------------------------------------------
---------------------------------------------------------------------------------
Start Renaming Generated Instances
---------------------------------------------------------------------------------
---------------------------------------------------------------------------------
Finished Renaming Generated Instances : Time (s): cpu = 00:00:27 ; elapsed = 00:00:31 . Memory (MB): peak = 3974.176 ; gain = 866.371 ; free physical = 644798 ; free virtual = 845220
Synthesis current peak Physical Memory [PSS] (MB): peak = 3126.439; parent = 2996.102; children = 130.338
Synthesis current peak Virtual Memory [VSS] (MB): peak = 4961.465; parent = 3974.180; children = 987.285
---------------------------------------------------------------------------------
---------------------------------------------------------------------------------
Start Rebuilding User Hierarchy
---------------------------------------------------------------------------------
---------------------------------------------------------------------------------
Finished Rebuilding User Hierarchy : Time (s): cpu = 00:00:27 ; elapsed = 00:00:31 . Memory (MB): peak = 3974.176 ; gain = 866.371 ; free physical = 644808 ; free virtual = 845231
Synthesis current peak Physical Memory [PSS] (MB): peak = 3126.464; parent = 2996.128; children = 130.338
Synthesis current peak Virtual Memory [VSS] (MB): peak = 4961.465; parent = 3974.180; children = 987.285
---------------------------------------------------------------------------------
---------------------------------------------------------------------------------
Start Renaming Generated Ports
---------------------------------------------------------------------------------
---------------------------------------------------------------------------------
Finished Renaming Generated Ports : Time (s): cpu = 00:00:27 ; elapsed = 00:00:31 . Memory (MB): peak = 3974.176 ; gain = 866.371 ; free physical = 644815 ; free virtual = 845237
Synthesis current peak Physical Memory [PSS] (MB): peak = 3126.466; parent = 2996.130; children = 130.338
Synthesis current peak Virtual Memory [VSS] (MB): peak = 4961.465; parent = 3974.180; children = 987.285
---------------------------------------------------------------------------------
---------------------------------------------------------------------------------
Start Handling Custom Attributes
---------------------------------------------------------------------------------
---------------------------------------------------------------------------------
Finished Handling Custom Attributes : Time (s): cpu = 00:00:27 ; elapsed = 00:00:31 . Memory (MB): peak = 3974.176 ; gain = 866.371 ; free physical = 644808 ; free virtual = 845231
Synthesis current peak Physical Memory [PSS] (MB): peak = 3126.466; parent = 2996.130; children = 130.338
Synthesis current peak Virtual Memory [VSS] (MB): peak = 4961.465; parent = 3974.180; children = 987.285
---------------------------------------------------------------------------------
---------------------------------------------------------------------------------
Start Renaming Generated Nets
---------------------------------------------------------------------------------
---------------------------------------------------------------------------------
Finished Renaming Generated Nets : Time (s): cpu = 00:00:27 ; elapsed = 00:00:32 . Memory (MB): peak = 3974.176 ; gain = 866.371 ; free physical = 644760 ; free virtual = 845183
Synthesis current peak Physical Memory [PSS] (MB): peak = 3126.466; parent = 2996.130; children = 130.338
Synthesis current peak Virtual Memory [VSS] (MB): peak = 4961.465; parent = 3974.180; children = 987.285
---------------------------------------------------------------------------------
---------------------------------------------------------------------------------
Start Writing Synthesis Report
---------------------------------------------------------------------------------

Report BlackBoxes: 
+-+--------------+----------+
| |BlackBox name |Instances |
+-+--------------+----------+
+-+--------------+----------+

Report Cell Usage: 
+------+-----+------+
|      |Cell |Count |
+------+-----+------+
|1     |LUT2 |     1|
+------+-----+------+
---------------------------------------------------------------------------------
Finished Writing Synthesis Report : Time (s): cpu = 00:00:27 ; elapsed = 00:00:32 . Memory (MB): peak = 3974.176 ; gain = 866.371 ; free physical = 644795 ; free virtual = 845219
Synthesis current peak Physical Memory [PSS] (MB): peak = 3126.466; parent = 2996.130; children = 130.338
Synthesis current peak Virtual Memory [VSS] (MB): peak = 4961.465; parent = 3974.180; children = 987.285
---------------------------------------------------------------------------------
Synthesis finished with 0 errors, 0 critical warnings and 1 warnings.
Synthesis Optimization Runtime : Time (s): cpu = 00:00:25 ; elapsed = 00:00:30 . Memory (MB): peak = 3974.176 ; gain = 831.648 ; free physical = 644851 ; free virtual = 845246
Synthesis Optimization Complete : Time (s): cpu = 00:00:27 ; elapsed = 00:00:32 . Memory (MB): peak = 3974.184 ; gain = 866.371 ; free physical = 644838 ; free virtual = 845232
INFO: [Project 1-571] Translating synthesized netlist
Netlist sorting complete. Time (s): cpu = 00:00:00 ; elapsed = 00:00:00 . Memory (MB): peak = 3990.113 ; gain = 0.000 ; free physical = 645032 ; free virtual = 845427
INFO: [Project 1-570] Preparing netlist for logic optimization
INFO: [Opt 31-138] Pushed 0 inverter(s) to 0 load pin(s).
Netlist sorting complete. Time (s): cpu = 00:00:00 ; elapsed = 00:00:00 . Memory (MB): peak = 4047.371 ; gain = 0.000 ; free physical = 644897 ; free virtual = 845292
INFO: [Project 1-111] Unisim Transformation Summary:
No Unisim elements were transformed.

Synth Design complete, checksum: a29b057e
INFO: [Common 17-83] Releasing license: Synthesis
27 Infos, 6 Warnings, 0 Critical Warnings and 0 Errors encountered.
synth_design completed successfully
synth_design: Time (s): cpu = 00:00:41 ; elapsed = 00:00:44 . Memory (MB): peak = 4047.371 ; gain = 2266.555 ; free physical = 645096 ; free virtual = 845490
INFO: [Common 17-600] The following parameters have non-default value.
general.maxThreads
INFO: [Common 17-1381] The checkpoint '/home/ayvol/vitis-accel-CNN/vitis_accel_prj/build/xclbin/link/vivado/vpl/prj/prj.runs/bd_85ad_init_reduce_0_synth_1/bd_85ad_init_reduce_0.dcp' has been generated.
INFO: [Coretcl 2-1648] Added synthesis output to IP cache for IP bd_85ad_init_reduce_0, cache-ID = b76cc66f272afbcb
INFO: [Common 17-1381] The checkpoint '/home/ayvol/vitis-accel-CNN/vitis_accel_prj/build/xclbin/link/vivado/vpl/prj/prj.runs/bd_85ad_init_reduce_0_synth_1/bd_85ad_init_reduce_0.dcp' has been generated.
INFO: [runtcl-4] Executing : report_utilization -file bd_85ad_init_reduce_0_utilization_synth.rpt -pb bd_85ad_init_reduce_0_utilization_synth.pb
INFO: [Common 17-206] Exiting Vivado at Sun Jun  2 04:26:21 2024...
