
*** Running vivado
    with args -log bd_85ad_util_vector_logic_0.vds -m64 -product Vivado -mode batch -messageDb vivado.pb -notrace -source bd_85ad_util_vector_logic_0.tcl


****** Vivado v2022.2 (64-bit)
  **** SW Build 3671981 on Fri Oct 14 04:59:54 MDT 2022
  **** IP Build 3669848 on Fri Oct 14 08:30:02 MDT 2022
    ** Copyright 1986-2022 Xilinx, Inc. All Rights Reserved.

source bd_85ad_util_vector_logic_0.tcl -notrace
INFO: Dispatch client connection id - 33731
create_project: Time (s): cpu = 00:00:06 ; elapsed = 00:00:06 . Memory (MB): peak = 1716.133 ; gain = 87.992 ; free physical = 659286 ; free virtual = 846503
INFO: [IP_Flow 19-234] Refreshing IP repositories
INFO: [IP_Flow 19-1700] Loaded user IP repository '/home/ayvol/vitis-accel-CNN/vitis_accel_prj/build/xclbin/link/int/xo/ip_repo/xilinx_com_hls_kernel_wrapper_1_0'.
INFO: [IP_Flow 19-1700] Loaded user IP repository '/home/ayvol/vitis-accel-CNN/vitis_accel_prj/build/xclbin/link/vivado/vpl/.local/hw_platform/iprepo'.
INFO: [IP_Flow 19-1700] Loaded user IP repository '/home/ayvol/vitis-accel-CNN/vitis_accel_prj/build/xclbin/link/vivado/vpl/.local/hw_platform/ipcache'.
INFO: [IP_Flow 19-1700] Loaded user IP repository '/tools/Xilinx/Vitis/2022.2/data/ip'.
INFO: [IP_Flow 19-2313] Loaded Vivado IP repository '/tools/Xilinx/Vivado/2022.2/data/ip'.
WARNING: [IP_Flow 19-1663] Duplicate IP found for 'xilinx.com:ip:axi_clk_metadata_adapter:1.0'. The one found in IP location '/home/ayvol/vitis-accel-CNN/vitis_accel_prj/build/xclbin/link/vivado/vpl/.local/hw_platform/iprepo/ipdefs/other_ipdefs/axi_clk_metadata_adapter_v1_0' will take precedence over the same IP in location /home/ayvol/vitis-accel-CNN/vitis_accel_prj/build/xclbin/link/vivado/vpl/.local/hw_platform/iprepo/ipdefs/pxi_ii_infra/axi_clk_metadata_adapter_v1_0
WARNING: [IP_Flow 19-1663] Duplicate IP found for 'xilinx.com:ip:axis_clk_metadata_adapter:1.0'. The one found in IP location '/home/ayvol/vitis-accel-CNN/vitis_accel_prj/build/xclbin/link/vivado/vpl/.local/hw_platform/iprepo/ipdefs/other_ipdefs/axis_clk_metadata_adapter_v1_0' will take precedence over the same IP in location /home/ayvol/vitis-accel-CNN/vitis_accel_prj/build/xclbin/link/vivado/vpl/.local/hw_platform/iprepo/ipdefs/pxi_ii_infra/axis_clk_metadata_adapter_v1_0
WARNING: [IP_Flow 19-1663] Duplicate IP found for 'xilinx.com:ip:clk_metadata_adapter:1.0'. The one found in IP location '/home/ayvol/vitis-accel-CNN/vitis_accel_prj/build/xclbin/link/vivado/vpl/.local/hw_platform/iprepo/ipdefs/other_ipdefs/clk_metadata_adapter_v1_0' will take precedence over the same IP in location /home/ayvol/vitis-accel-CNN/vitis_accel_prj/build/xclbin/link/vivado/vpl/.local/hw_platform/iprepo/ipdefs/pxi_ii_infra/clk_metadata_adapter_v1_0
WARNING: [IP_Flow 19-1663] Duplicate IP found for 'xilinx.com:ip:pipeline_reg:1.0'. The one found in IP location '/home/ayvol/vitis-accel-CNN/vitis_accel_prj/build/xclbin/link/vivado/vpl/.local/hw_platform/iprepo/ipdefs/other_ipdefs/pipeline_reg_v1_0' will take precedence over the same IP in location /home/ayvol/vitis-accel-CNN/vitis_accel_prj/build/xclbin/link/vivado/vpl/.local/hw_platform/iprepo/ipdefs/pxi_ii_infra/pipeline_reg_v1_0
WARNING: [IP_Flow 19-1663] Duplicate IP found for 'xilinx.com:ip:shell_utils_build_info:1.0'. The one found in IP location '/home/ayvol/vitis-accel-CNN/vitis_accel_prj/build/xclbin/link/vivado/vpl/.local/hw_platform/iprepo/ipdefs/other_ipdefs/shell_utils_build_info_v1_0' will take precedence over the same IP in the Xilinx installed IP.
INFO: [IP_Flow 19-6924] IPCACHE: Running cache check for IP inst: bd_85ad_util_vector_logic_0
Command: synth_design -top bd_85ad_util_vector_logic_0 -part xcu55c-fsvh2892-2L-e -incremental_mode off -mode out_of_context
Starting synth_design
Attempting to get a license for feature 'Synthesis' and/or device 'xcu55c'
INFO: [Common 17-349] Got license for feature 'Synthesis' and/or device 'xcu55c'
INFO: [Device 21-403] Loading part xcu55c-fsvh2892-2L-e
INFO: [Synth 8-7079] Multithreading enabled for synth_design using a maximum of 1 processes.
INFO: [Synth 8-7078] Launching helper process for spawning children vivado processes
INFO: [Synth 8-7075] Helper process launched with PID 149083
INFO: [Synth 8-11241] undeclared symbol 'REGCCE', assumed default net type 'wire' [/tools/Xilinx/Vivado/2022.2/data/verilog/src/unimacro/BRAM_SINGLE_MACRO.v:2170]
---------------------------------------------------------------------------------
Starting RTL Elaboration : Time (s): cpu = 00:00:04 ; elapsed = 00:00:04 . Memory (MB): peak = 3464.449 ; gain = 355.766 ; free physical = 653590 ; free virtual = 840826
Synthesis current peak Physical Memory [PSS] (MB): peak = 2647.964; parent = 2517.270; children = 130.694
Synthesis current peak Virtual Memory [VSS] (MB): peak = 4422.629; parent = 3470.391; children = 952.238
---------------------------------------------------------------------------------
INFO: [Synth 8-6157] synthesizing module 'bd_85ad_util_vector_logic_0' [/home/ayvol/vitis-accel-CNN/vitis_accel_prj/build/xclbin/link/vivado/vpl/prj/prj.gen/my_rm/bd/ulp/ip/ulp_hmss_0_0/bd_0/ip/ip_33/synth/bd_85ad_util_vector_logic_0.v:53]
INFO: [Synth 8-6157] synthesizing module 'util_vector_logic_v2_0_2_util_vector_logic' [/home/ayvol/vitis-accel-CNN/vitis_accel_prj/build/xclbin/link/vivado/vpl/prj/prj.gen/my_rm/bd/ulp/ipshared/3d84/hdl/util_vector_logic_v2_0_vl_rfs.v:45]
INFO: [Synth 8-6155] done synthesizing module 'util_vector_logic_v2_0_2_util_vector_logic' (0#1) [/home/ayvol/vitis-accel-CNN/vitis_accel_prj/build/xclbin/link/vivado/vpl/prj/prj.gen/my_rm/bd/ulp/ipshared/3d84/hdl/util_vector_logic_v2_0_vl_rfs.v:45]
INFO: [Synth 8-6155] done synthesizing module 'bd_85ad_util_vector_logic_0' (0#1) [/home/ayvol/vitis-accel-CNN/vitis_accel_prj/build/xclbin/link/vivado/vpl/prj/prj.gen/my_rm/bd/ulp/ip/ulp_hmss_0_0/bd_0/ip/ip_33/synth/bd_85ad_util_vector_logic_0.v:53]
---------------------------------------------------------------------------------
Finished RTL Elaboration : Time (s): cpu = 00:00:06 ; elapsed = 00:00:06 . Memory (MB): peak = 3536.355 ; gain = 427.672 ; free physical = 653609 ; free virtual = 840842
Synthesis current peak Physical Memory [PSS] (MB): peak = 2647.964; parent = 2517.270; children = 130.694
Synthesis current peak Virtual Memory [VSS] (MB): peak = 4488.598; parent = 3536.359; children = 952.238
---------------------------------------------------------------------------------
---------------------------------------------------------------------------------
Start Handling Custom Attributes
---------------------------------------------------------------------------------
---------------------------------------------------------------------------------
Finished Handling Custom Attributes : Time (s): cpu = 00:00:06 ; elapsed = 00:00:06 . Memory (MB): peak = 3554.168 ; gain = 445.484 ; free physical = 653601 ; free virtual = 840833
Synthesis current peak Physical Memory [PSS] (MB): peak = 2647.964; parent = 2517.270; children = 130.694
Synthesis current peak Virtual Memory [VSS] (MB): peak = 4506.410; parent = 3554.172; children = 952.238
---------------------------------------------------------------------------------
---------------------------------------------------------------------------------
Finished RTL Optimization Phase 1 : Time (s): cpu = 00:00:06 ; elapsed = 00:00:06 . Memory (MB): peak = 3554.168 ; gain = 445.484 ; free physical = 653595 ; free virtual = 840828
Synthesis current peak Physical Memory [PSS] (MB): peak = 2647.964; parent = 2517.270; children = 130.694
Synthesis current peak Virtual Memory [VSS] (MB): peak = 4506.410; parent = 3554.172; children = 952.238
---------------------------------------------------------------------------------
Netlist sorting complete. Time (s): cpu = 00:00:00 ; elapsed = 00:00:00 . Memory (MB): peak = 3554.168 ; gain = 0.000 ; free physical = 653582 ; free virtual = 840814
INFO: [Project 1-570] Preparing netlist for logic optimization

Processing XDC Constraints
Initializing timing engine
Completed Processing XDC Constraints

Netlist sorting complete. Time (s): cpu = 00:00:00 ; elapsed = 00:00:00 . Memory (MB): peak = 3585.922 ; gain = 0.000 ; free physical = 653607 ; free virtual = 840839
INFO: [Project 1-111] Unisim Transformation Summary:
No Unisim elements were transformed.

Constraint Validation Runtime : Time (s): cpu = 00:00:00 ; elapsed = 00:00:00.01 . Memory (MB): peak = 3591.859 ; gain = 5.938 ; free physical = 653607 ; free virtual = 840839
INFO: [Designutils 20-5008] Incremental synthesis strategy off
INFO: [Synth 8-11241] undeclared symbol 'REGCCE', assumed default net type 'wire' [/tools/Xilinx/Vivado/2022.2/data/verilog/src/unimacro/BRAM_SINGLE_MACRO.v:2170]
---------------------------------------------------------------------------------
Finished Constraint Validation : Time (s): cpu = 00:00:12 ; elapsed = 00:00:13 . Memory (MB): peak = 3591.859 ; gain = 483.176 ; free physical = 656866 ; free virtual = 844098
Synthesis current peak Physical Memory [PSS] (MB): peak = 2647.964; parent = 2517.270; children = 134.367
Synthesis current peak Virtual Memory [VSS] (MB): peak = 4544.102; parent = 3591.863; children = 952.238
---------------------------------------------------------------------------------
---------------------------------------------------------------------------------
Start Loading Part and Timing Information
---------------------------------------------------------------------------------
Loading part: xcu55c-fsvh2892-2L-e
INFO: [Synth 8-6742] Reading net delay rules and data
---------------------------------------------------------------------------------
Finished Loading Part and Timing Information : Time (s): cpu = 00:00:12 ; elapsed = 00:00:13 . Memory (MB): peak = 3591.859 ; gain = 483.176 ; free physical = 656840 ; free virtual = 844071
Synthesis current peak Physical Memory [PSS] (MB): peak = 2647.964; parent = 2517.270; children = 134.367
Synthesis current peak Virtual Memory [VSS] (MB): peak = 4544.102; parent = 3591.863; children = 952.238
---------------------------------------------------------------------------------
---------------------------------------------------------------------------------
Start Applying 'set_property' XDC Constraints
---------------------------------------------------------------------------------
---------------------------------------------------------------------------------
Finished applying 'set_property' XDC Constraints : Time (s): cpu = 00:00:12 ; elapsed = 00:00:13 . Memory (MB): peak = 3591.859 ; gain = 483.176 ; free physical = 656841 ; free virtual = 844072
Synthesis current peak Physical Memory [PSS] (MB): peak = 2647.964; parent = 2517.270; children = 134.367
Synthesis current peak Virtual Memory [VSS] (MB): peak = 4544.102; parent = 3591.863; children = 952.238
---------------------------------------------------------------------------------
---------------------------------------------------------------------------------
Finished RTL Optimization Phase 2 : Time (s): cpu = 00:00:12 ; elapsed = 00:00:14 . Memory (MB): peak = 3591.859 ; gain = 483.176 ; free physical = 656829 ; free virtual = 844062
Synthesis current peak Physical Memory [PSS] (MB): peak = 2647.964; parent = 2517.270; children = 134.367
Synthesis current peak Virtual Memory [VSS] (MB): peak = 4544.102; parent = 3591.863; children = 952.238
---------------------------------------------------------------------------------
---------------------------------------------------------------------------------
Start RTL Component Statistics 
---------------------------------------------------------------------------------
Detailed RTL Component Info : 
---------------------------------------------------------------------------------
Finished RTL Component Statistics 
---------------------------------------------------------------------------------
---------------------------------------------------------------------------------
Start Part Resource Summary
---------------------------------------------------------------------------------
Part Resources:
DSPs: 9024 (col length:94)
BRAMs: 4032 (col length: RAMB18 288 RAMB36 144)
---------------------------------------------------------------------------------
Finished Part Resource Summary
---------------------------------------------------------------------------------
---------------------------------------------------------------------------------
Start Cross Boundary and Area Optimization
---------------------------------------------------------------------------------
WARNING: [Synth 8-7080] Parallel synthesis criteria is not met
---------------------------------------------------------------------------------
Finished Cross Boundary and Area Optimization : Time (s): cpu = 00:00:13 ; elapsed = 00:00:15 . Memory (MB): peak = 3591.859 ; gain = 483.176 ; free physical = 656699 ; free virtual = 843925
Synthesis current peak Physical Memory [PSS] (MB): peak = 2647.964; parent = 2517.270; children = 134.367
Synthesis current peak Virtual Memory [VSS] (MB): peak = 4544.102; parent = 3591.863; children = 952.238
---------------------------------------------------------------------------------
---------------------------------------------------------------------------------
Start Applying XDC Timing Constraints
---------------------------------------------------------------------------------
---------------------------------------------------------------------------------
Finished Applying XDC Timing Constraints : Time (s): cpu = 00:00:24 ; elapsed = 00:00:28 . Memory (MB): peak = 3948.148 ; gain = 839.465 ; free physical = 665132 ; free virtual = 852357
Synthesis current peak Physical Memory [PSS] (MB): peak = 3129.617; parent = 2994.622; children = 134.995
Synthesis current peak Virtual Memory [VSS] (MB): peak = 4900.391; parent = 3948.152; children = 952.238
---------------------------------------------------------------------------------
---------------------------------------------------------------------------------
Start Timing Optimization
---------------------------------------------------------------------------------
---------------------------------------------------------------------------------
Finished Timing Optimization : Time (s): cpu = 00:00:24 ; elapsed = 00:00:28 . Memory (MB): peak = 3948.148 ; gain = 839.465 ; free physical = 665042 ; free virtual = 852267
Synthesis current peak Physical Memory [PSS] (MB): peak = 3129.617; parent = 2994.622; children = 134.995
Synthesis current peak Virtual Memory [VSS] (MB): peak = 4900.391; parent = 3948.152; children = 952.238
---------------------------------------------------------------------------------
---------------------------------------------------------------------------------
Start Technology Mapping
---------------------------------------------------------------------------------
---------------------------------------------------------------------------------
Finished Technology Mapping : Time (s): cpu = 00:00:24 ; elapsed = 00:00:28 . Memory (MB): peak = 3967.180 ; gain = 858.496 ; free physical = 664821 ; free virtual = 852046
Synthesis current peak Physical Memory [PSS] (MB): peak = 3129.617; parent = 2994.688; children = 134.995
Synthesis current peak Virtual Memory [VSS] (MB): peak = 4919.422; parent = 3967.184; children = 952.238
---------------------------------------------------------------------------------
---------------------------------------------------------------------------------
Start IO Insertion
---------------------------------------------------------------------------------
---------------------------------------------------------------------------------
Start Flattening Before IO Insertion
---------------------------------------------------------------------------------
---------------------------------------------------------------------------------
Finished Flattening Before IO Insertion
---------------------------------------------------------------------------------
---------------------------------------------------------------------------------
Start Final Netlist Cleanup
---------------------------------------------------------------------------------
---------------------------------------------------------------------------------
Finished Final Netlist Cleanup
---------------------------------------------------------------------------------
---------------------------------------------------------------------------------
Finished IO Insertion : Time (s): cpu = 00:00:28 ; elapsed = 00:00:32 . Memory (MB): peak = 3973.117 ; gain = 864.434 ; free physical = 664412 ; free virtual = 851662
Synthesis current peak Physical Memory [PSS] (MB): peak = 3129.617; parent = 2994.688; children = 134.995
Synthesis current peak Virtual Memory [VSS] (MB): peak = 4925.359; parent = 3973.121; children = 952.238
---------------------------------------------------------------------------------
---------------------------------------------------------------------------------
Start Renaming Generated Instances
---------------------------------------------------------------------------------
---------------------------------------------------------------------------------
Finished Renaming Generated Instances : Time (s): cpu = 00:00:28 ; elapsed = 00:00:32 . Memory (MB): peak = 3973.117 ; gain = 864.434 ; free physical = 664393 ; free virtual = 851643
Synthesis current peak Physical Memory [PSS] (MB): peak = 3129.617; parent = 2994.688; children = 134.995
Synthesis current peak Virtual Memory [VSS] (MB): peak = 4925.359; parent = 3973.121; children = 952.238
---------------------------------------------------------------------------------
---------------------------------------------------------------------------------
Start Rebuilding User Hierarchy
---------------------------------------------------------------------------------
---------------------------------------------------------------------------------
Finished Rebuilding User Hierarchy : Time (s): cpu = 00:00:28 ; elapsed = 00:00:32 . Memory (MB): peak = 3973.117 ; gain = 864.434 ; free physical = 664391 ; free virtual = 851641
Synthesis current peak Physical Memory [PSS] (MB): peak = 3129.617; parent = 2994.688; children = 134.995
Synthesis current peak Virtual Memory [VSS] (MB): peak = 4925.359; parent = 3973.121; children = 952.238
---------------------------------------------------------------------------------
---------------------------------------------------------------------------------
Start Renaming Generated Ports
---------------------------------------------------------------------------------
---------------------------------------------------------------------------------
Finished Renaming Generated Ports : Time (s): cpu = 00:00:28 ; elapsed = 00:00:32 . Memory (MB): peak = 3973.117 ; gain = 864.434 ; free physical = 664385 ; free virtual = 851635
Synthesis current peak Physical Memory [PSS] (MB): peak = 3129.617; parent = 2994.688; children = 134.995
Synthesis current peak Virtual Memory [VSS] (MB): peak = 4925.359; parent = 3973.121; children = 952.238
---------------------------------------------------------------------------------
---------------------------------------------------------------------------------
Start Handling Custom Attributes
---------------------------------------------------------------------------------
---------------------------------------------------------------------------------
Finished Handling Custom Attributes : Time (s): cpu = 00:00:28 ; elapsed = 00:00:32 . Memory (MB): peak = 3973.117 ; gain = 864.434 ; free physical = 664380 ; free virtual = 851630
Synthesis current peak Physical Memory [PSS] (MB): peak = 3129.617; parent = 2994.688; children = 134.995
Synthesis current peak Virtual Memory [VSS] (MB): peak = 4925.359; parent = 3973.121; children = 952.238
---------------------------------------------------------------------------------
---------------------------------------------------------------------------------
Start Renaming Generated Nets
---------------------------------------------------------------------------------
---------------------------------------------------------------------------------
Finished Renaming Generated Nets : Time (s): cpu = 00:00:28 ; elapsed = 00:00:32 . Memory (MB): peak = 3973.117 ; gain = 864.434 ; free physical = 664422 ; free virtual = 851672
Synthesis current peak Physical Memory [PSS] (MB): peak = 3129.617; parent = 2994.688; children = 134.995
Synthesis current peak Virtual Memory [VSS] (MB): peak = 4925.359; parent = 3973.121; children = 952.238
---------------------------------------------------------------------------------
---------------------------------------------------------------------------------
Start Writing Synthesis Report
---------------------------------------------------------------------------------

Report BlackBoxes: 
+-+--------------+----------+
| |BlackBox name |Instances |
+-+--------------+----------+
+-+--------------+----------+

Report Cell Usage: 
+------+-----+------+
|      |Cell |Count |
+------+-----+------+
|1     |LUT2 |     1|
+------+-----+------+
---------------------------------------------------------------------------------
Finished Writing Synthesis Report : Time (s): cpu = 00:00:28 ; elapsed = 00:00:32 . Memory (MB): peak = 3973.117 ; gain = 864.434 ; free physical = 664404 ; free virtual = 851654
Synthesis current peak Physical Memory [PSS] (MB): peak = 3129.617; parent = 2994.688; children = 134.995
Synthesis current peak Virtual Memory [VSS] (MB): peak = 4925.359; parent = 3973.121; children = 952.238
---------------------------------------------------------------------------------
Synthesis finished with 0 errors, 0 critical warnings and 1 warnings.
Synthesis Optimization Runtime : Time (s): cpu = 00:00:26 ; elapsed = 00:00:30 . Memory (MB): peak = 3973.117 ; gain = 826.742 ; free physical = 664434 ; free virtual = 851684
Synthesis Optimization Complete : Time (s): cpu = 00:00:28 ; elapsed = 00:00:33 . Memory (MB): peak = 3973.125 ; gain = 864.434 ; free physical = 664440 ; free virtual = 851690
INFO: [Project 1-571] Translating synthesized netlist
Netlist sorting complete. Time (s): cpu = 00:00:00 ; elapsed = 00:00:00 . Memory (MB): peak = 3988.055 ; gain = 0.000 ; free physical = 664556 ; free virtual = 851806
INFO: [Project 1-570] Preparing netlist for logic optimization
INFO: [Opt 31-138] Pushed 0 inverter(s) to 0 load pin(s).
Netlist sorting complete. Time (s): cpu = 00:00:00 ; elapsed = 00:00:00 . Memory (MB): peak = 4047.312 ; gain = 0.000 ; free physical = 664393 ; free virtual = 851643
INFO: [Project 1-111] Unisim Transformation Summary:
No Unisim elements were transformed.

Synth Design complete, checksum: b14d9752
INFO: [Common 17-83] Releasing license: Synthesis
27 Infos, 6 Warnings, 0 Critical Warnings and 0 Errors encountered.
synth_design completed successfully
synth_design: Time (s): cpu = 00:00:41 ; elapsed = 00:00:46 . Memory (MB): peak = 4047.312 ; gain = 2266.586 ; free physical = 664582 ; free virtual = 851832
INFO: [Common 17-600] The following parameters have non-default value.
general.maxThreads
INFO: [Common 17-1381] The checkpoint '/home/ayvol/vitis-accel-CNN/vitis_accel_prj/build/xclbin/link/vivado/vpl/prj/prj.runs/bd_85ad_util_vector_logic_0_synth_1/bd_85ad_util_vector_logic_0.dcp' has been generated.
INFO: [Coretcl 2-1648] Added synthesis output to IP cache for IP bd_85ad_util_vector_logic_0, cache-ID = cfcf9d58ec677832
INFO: [Common 17-1381] The checkpoint '/home/ayvol/vitis-accel-CNN/vitis_accel_prj/build/xclbin/link/vivado/vpl/prj/prj.runs/bd_85ad_util_vector_logic_0_synth_1/bd_85ad_util_vector_logic_0.dcp' has been generated.
INFO: [runtcl-4] Executing : report_utilization -file bd_85ad_util_vector_logic_0_utilization_synth.rpt -pb bd_85ad_util_vector_logic_0_utilization_synth.pb
INFO: [Common 17-206] Exiting Vivado at Sun Jun  2 04:23:37 2024...
