
*** Running vivado
    with args -log ulp_xbar_0.vds -m64 -product Vivado -mode batch -messageDb vivado.pb -notrace -source ulp_xbar_0.tcl


****** Vivado v2022.2 (64-bit)
  **** SW Build 3671981 on Fri Oct 14 04:59:54 MDT 2022
  **** IP Build 3669848 on Fri Oct 14 08:30:02 MDT 2022
    ** Copyright 1986-2022 Xilinx, Inc. All Rights Reserved.

source ulp_xbar_0.tcl -notrace
INFO: Dispatch client connection id - 33469
create_project: Time (s): cpu = 00:00:05 ; elapsed = 00:00:06 . Memory (MB): peak = 1716.508 ; gain = 86.992 ; free physical = 598397 ; free virtual = 825251
INFO: [IP_Flow 19-234] Refreshing IP repositories
INFO: [IP_Flow 19-1700] Loaded user IP repository '/home/ayvol/vitis-accel-DNN/vitis_accel_prj/build/xclbin/link/int/xo/ip_repo/xilinx_com_hls_kernel_wrapper_1_0'.
INFO: [IP_Flow 19-1700] Loaded user IP repository '/home/ayvol/vitis-accel-DNN/vitis_accel_prj/build/xclbin/link/vivado/vpl/.local/hw_platform/iprepo'.
INFO: [IP_Flow 19-1700] Loaded user IP repository '/home/ayvol/vitis-accel-DNN/vitis_accel_prj/build/xclbin/link/vivado/vpl/.local/hw_platform/ipcache'.
INFO: [IP_Flow 19-1700] Loaded user IP repository '/tools/Xilinx/Vitis/2022.2/data/ip'.
INFO: [IP_Flow 19-2313] Loaded Vivado IP repository '/tools/Xilinx/Vivado/2022.2/data/ip'.
WARNING: [IP_Flow 19-1663] Duplicate IP found for 'xilinx.com:ip:axi_clk_metadata_adapter:1.0'. The one found in IP location '/home/ayvol/vitis-accel-DNN/vitis_accel_prj/build/xclbin/link/vivado/vpl/.local/hw_platform/iprepo/ipdefs/other_ipdefs/axi_clk_metadata_adapter_v1_0' will take precedence over the same IP in location /home/ayvol/vitis-accel-DNN/vitis_accel_prj/build/xclbin/link/vivado/vpl/.local/hw_platform/iprepo/ipdefs/pxi_ii_infra/axi_clk_metadata_adapter_v1_0
WARNING: [IP_Flow 19-1663] Duplicate IP found for 'xilinx.com:ip:axis_clk_metadata_adapter:1.0'. The one found in IP location '/home/ayvol/vitis-accel-DNN/vitis_accel_prj/build/xclbin/link/vivado/vpl/.local/hw_platform/iprepo/ipdefs/other_ipdefs/axis_clk_metadata_adapter_v1_0' will take precedence over the same IP in location /home/ayvol/vitis-accel-DNN/vitis_accel_prj/build/xclbin/link/vivado/vpl/.local/hw_platform/iprepo/ipdefs/pxi_ii_infra/axis_clk_metadata_adapter_v1_0
WARNING: [IP_Flow 19-1663] Duplicate IP found for 'xilinx.com:ip:clk_metadata_adapter:1.0'. The one found in IP location '/home/ayvol/vitis-accel-DNN/vitis_accel_prj/build/xclbin/link/vivado/vpl/.local/hw_platform/iprepo/ipdefs/other_ipdefs/clk_metadata_adapter_v1_0' will take precedence over the same IP in location /home/ayvol/vitis-accel-DNN/vitis_accel_prj/build/xclbin/link/vivado/vpl/.local/hw_platform/iprepo/ipdefs/pxi_ii_infra/clk_metadata_adapter_v1_0
WARNING: [IP_Flow 19-1663] Duplicate IP found for 'xilinx.com:ip:pipeline_reg:1.0'. The one found in IP location '/home/ayvol/vitis-accel-DNN/vitis_accel_prj/build/xclbin/link/vivado/vpl/.local/hw_platform/iprepo/ipdefs/other_ipdefs/pipeline_reg_v1_0' will take precedence over the same IP in location /home/ayvol/vitis-accel-DNN/vitis_accel_prj/build/xclbin/link/vivado/vpl/.local/hw_platform/iprepo/ipdefs/pxi_ii_infra/pipeline_reg_v1_0
WARNING: [IP_Flow 19-1663] Duplicate IP found for 'xilinx.com:ip:shell_utils_build_info:1.0'. The one found in IP location '/home/ayvol/vitis-accel-DNN/vitis_accel_prj/build/xclbin/link/vivado/vpl/.local/hw_platform/iprepo/ipdefs/other_ipdefs/shell_utils_build_info_v1_0' will take precedence over the same IP in the Xilinx installed IP.
INFO: [IP_Flow 19-6924] IPCACHE: Running cache check for IP inst: ulp_xbar_0
Command: synth_design -top ulp_xbar_0 -part xcu55c-fsvh2892-2L-e -incremental_mode off -mode out_of_context
Starting synth_design
Attempting to get a license for feature 'Synthesis' and/or device 'xcu55c'
INFO: [Common 17-349] Got license for feature 'Synthesis' and/or device 'xcu55c'
INFO: [Device 21-403] Loading part xcu55c-fsvh2892-2L-e
INFO: [Synth 8-7079] Multithreading enabled for synth_design using a maximum of 1 processes.
INFO: [Synth 8-7078] Launching helper process for spawning children vivado processes
INFO: [Synth 8-7075] Helper process launched with PID 14881
INFO: [Synth 8-11241] undeclared symbol 'REGCCE', assumed default net type 'wire' [/tools/Xilinx/Vivado/2022.2/data/verilog/src/unimacro/BRAM_SINGLE_MACRO.v:2170]
---------------------------------------------------------------------------------
Starting RTL Elaboration : Time (s): cpu = 00:00:05 ; elapsed = 00:00:06 . Memory (MB): peak = 3473.770 ; gain = 358.664 ; free physical = 606523 ; free virtual = 833380
Synthesis current peak Physical Memory [PSS] (MB): peak = 2674.143; parent = 2541.736; children = 132.406
Synthesis current peak Virtual Memory [VSS] (MB): peak = 4469.000; parent = 3481.711; children = 987.289
---------------------------------------------------------------------------------
INFO: [Synth 8-6157] synthesizing module 'ulp_xbar_0' [/home/ayvol/vitis-accel-DNN/vitis_accel_prj/build/xclbin/link/vivado/vpl/prj/prj.gen/my_rm/bd/ulp/ip/ulp_xbar_0/synth/ulp_xbar_0.v:53]
INFO: [Synth 8-6157] synthesizing module 'axi_crossbar_v2_1_28_axi_crossbar' [/home/ayvol/vitis-accel-DNN/vitis_accel_prj/build/xclbin/link/vivado/vpl/prj/prj.gen/my_rm/bd/ulp/ipshared/c40e/hdl/axi_crossbar_v2_1_vl_rfs.v:4883]
INFO: [Synth 8-6157] synthesizing module 'axi_crossbar_v2_1_28_crossbar_sasd' [/home/ayvol/vitis-accel-DNN/vitis_accel_prj/build/xclbin/link/vivado/vpl/prj/prj.gen/my_rm/bd/ulp/ipshared/c40e/hdl/axi_crossbar_v2_1_vl_rfs.v:1239]
INFO: [Synth 8-6157] synthesizing module 'axi_crossbar_v2_1_28_addr_decoder' [/home/ayvol/vitis-accel-DNN/vitis_accel_prj/build/xclbin/link/vivado/vpl/prj/prj.gen/my_rm/bd/ulp/ipshared/c40e/hdl/axi_crossbar_v2_1_vl_rfs.v:793]
INFO: [Synth 8-6157] synthesizing module 'generic_baseblocks_v2_1_0_comparator_static' [/home/ayvol/vitis-accel-DNN/vitis_accel_prj/build/xclbin/link/vivado/vpl/prj/prj.gen/my_rm/bd/ulp/ipshared/b752/hdl/generic_baseblocks_v2_1_vl_rfs.v:2132]
INFO: [Synth 8-6157] synthesizing module 'generic_baseblocks_v2_1_0_carry_and' [/home/ayvol/vitis-accel-DNN/vitis_accel_prj/build/xclbin/link/vivado/vpl/prj/prj.gen/my_rm/bd/ulp/ipshared/b752/hdl/generic_baseblocks_v2_1_vl_rfs.v:61]
INFO: [Synth 8-6155] done synthesizing module 'generic_baseblocks_v2_1_0_carry_and' (0#1) [/home/ayvol/vitis-accel-DNN/vitis_accel_prj/build/xclbin/link/vivado/vpl/prj/prj.gen/my_rm/bd/ulp/ipshared/b752/hdl/generic_baseblocks_v2_1_vl_rfs.v:61]
INFO: [Synth 8-6155] done synthesizing module 'generic_baseblocks_v2_1_0_comparator_static' (0#1) [/home/ayvol/vitis-accel-DNN/vitis_accel_prj/build/xclbin/link/vivado/vpl/prj/prj.gen/my_rm/bd/ulp/ipshared/b752/hdl/generic_baseblocks_v2_1_vl_rfs.v:2132]
INFO: [Synth 8-6157] synthesizing module 'generic_baseblocks_v2_1_0_comparator_static__parameterized0' [/home/ayvol/vitis-accel-DNN/vitis_accel_prj/build/xclbin/link/vivado/vpl/prj/prj.gen/my_rm/bd/ulp/ipshared/b752/hdl/generic_baseblocks_v2_1_vl_rfs.v:2132]
INFO: [Synth 8-6155] done synthesizing module 'generic_baseblocks_v2_1_0_comparator_static__parameterized0' (0#1) [/home/ayvol/vitis-accel-DNN/vitis_accel_prj/build/xclbin/link/vivado/vpl/prj/prj.gen/my_rm/bd/ulp/ipshared/b752/hdl/generic_baseblocks_v2_1_vl_rfs.v:2132]
INFO: [Synth 8-6155] done synthesizing module 'axi_crossbar_v2_1_28_addr_decoder' (0#1) [/home/ayvol/vitis-accel-DNN/vitis_accel_prj/build/xclbin/link/vivado/vpl/prj/prj.gen/my_rm/bd/ulp/ipshared/c40e/hdl/axi_crossbar_v2_1_vl_rfs.v:793]
INFO: [Synth 8-6157] synthesizing module 'axi_crossbar_v2_1_28_decerr_slave' [/home/ayvol/vitis-accel-DNN/vitis_accel_prj/build/xclbin/link/vivado/vpl/prj/prj.gen/my_rm/bd/ulp/ipshared/c40e/hdl/axi_crossbar_v2_1_vl_rfs.v:3500]
INFO: [Synth 8-6155] done synthesizing module 'axi_crossbar_v2_1_28_decerr_slave' (0#1) [/home/ayvol/vitis-accel-DNN/vitis_accel_prj/build/xclbin/link/vivado/vpl/prj/prj.gen/my_rm/bd/ulp/ipshared/c40e/hdl/axi_crossbar_v2_1_vl_rfs.v:3500]
INFO: [Synth 8-6157] synthesizing module 'axi_crossbar_v2_1_28_addr_arbiter_sasd' [/home/ayvol/vitis-accel-DNN/vitis_accel_prj/build/xclbin/link/vivado/vpl/prj/prj.gen/my_rm/bd/ulp/ipshared/c40e/hdl/axi_crossbar_v2_1_vl_rfs.v:64]
INFO: [Synth 8-6155] done synthesizing module 'axi_crossbar_v2_1_28_addr_arbiter_sasd' (0#1) [/home/ayvol/vitis-accel-DNN/vitis_accel_prj/build/xclbin/link/vivado/vpl/prj/prj.gen/my_rm/bd/ulp/ipshared/c40e/hdl/axi_crossbar_v2_1_vl_rfs.v:64]
INFO: [Synth 8-6157] synthesizing module 'axi_crossbar_v2_1_28_splitter' [/home/ayvol/vitis-accel-DNN/vitis_accel_prj/build/xclbin/link/vivado/vpl/prj/prj.gen/my_rm/bd/ulp/ipshared/c40e/hdl/axi_crossbar_v2_1_vl_rfs.v:4460]
INFO: [Synth 8-6155] done synthesizing module 'axi_crossbar_v2_1_28_splitter' (0#1) [/home/ayvol/vitis-accel-DNN/vitis_accel_prj/build/xclbin/link/vivado/vpl/prj/prj.gen/my_rm/bd/ulp/ipshared/c40e/hdl/axi_crossbar_v2_1_vl_rfs.v:4460]
INFO: [Synth 8-6157] synthesizing module 'axi_crossbar_v2_1_28_splitter__parameterized0' [/home/ayvol/vitis-accel-DNN/vitis_accel_prj/build/xclbin/link/vivado/vpl/prj/prj.gen/my_rm/bd/ulp/ipshared/c40e/hdl/axi_crossbar_v2_1_vl_rfs.v:4460]
INFO: [Synth 8-6155] done synthesizing module 'axi_crossbar_v2_1_28_splitter__parameterized0' (0#1) [/home/ayvol/vitis-accel-DNN/vitis_accel_prj/build/xclbin/link/vivado/vpl/prj/prj.gen/my_rm/bd/ulp/ipshared/c40e/hdl/axi_crossbar_v2_1_vl_rfs.v:4460]
INFO: [Synth 8-6157] synthesizing module 'generic_baseblocks_v2_1_0_mux_enc' [/home/ayvol/vitis-accel-DNN/vitis_accel_prj/build/xclbin/link/vivado/vpl/prj/prj.gen/my_rm/bd/ulp/ipshared/b752/hdl/generic_baseblocks_v2_1_vl_rfs.v:2451]
INFO: [Synth 8-6155] done synthesizing module 'generic_baseblocks_v2_1_0_mux_enc' (0#1) [/home/ayvol/vitis-accel-DNN/vitis_accel_prj/build/xclbin/link/vivado/vpl/prj/prj.gen/my_rm/bd/ulp/ipshared/b752/hdl/generic_baseblocks_v2_1_vl_rfs.v:2451]
INFO: [Synth 8-6157] synthesizing module 'generic_baseblocks_v2_1_0_mux_enc__parameterized0' [/home/ayvol/vitis-accel-DNN/vitis_accel_prj/build/xclbin/link/vivado/vpl/prj/prj.gen/my_rm/bd/ulp/ipshared/b752/hdl/generic_baseblocks_v2_1_vl_rfs.v:2451]
INFO: [Synth 8-6155] done synthesizing module 'generic_baseblocks_v2_1_0_mux_enc__parameterized0' (0#1) [/home/ayvol/vitis-accel-DNN/vitis_accel_prj/build/xclbin/link/vivado/vpl/prj/prj.gen/my_rm/bd/ulp/ipshared/b752/hdl/generic_baseblocks_v2_1_vl_rfs.v:2451]
INFO: [Synth 8-6157] synthesizing module 'generic_baseblocks_v2_1_0_mux_enc__parameterized1' [/home/ayvol/vitis-accel-DNN/vitis_accel_prj/build/xclbin/link/vivado/vpl/prj/prj.gen/my_rm/bd/ulp/ipshared/b752/hdl/generic_baseblocks_v2_1_vl_rfs.v:2451]
INFO: [Synth 8-6155] done synthesizing module 'generic_baseblocks_v2_1_0_mux_enc__parameterized1' (0#1) [/home/ayvol/vitis-accel-DNN/vitis_accel_prj/build/xclbin/link/vivado/vpl/prj/prj.gen/my_rm/bd/ulp/ipshared/b752/hdl/generic_baseblocks_v2_1_vl_rfs.v:2451]
INFO: [Synth 8-6157] synthesizing module 'axi_register_slice_v2_1_27_axic_register_slice' [/home/ayvol/vitis-accel-DNN/vitis_accel_prj/build/xclbin/link/vivado/vpl/prj/prj.gen/my_rm/bd/ulp/ipshared/f0b4/hdl/axi_register_slice_v2_1_vl_rfs.v:1497]
INFO: [Synth 8-6155] done synthesizing module 'axi_register_slice_v2_1_27_axic_register_slice' (0#1) [/home/ayvol/vitis-accel-DNN/vitis_accel_prj/build/xclbin/link/vivado/vpl/prj/prj.gen/my_rm/bd/ulp/ipshared/f0b4/hdl/axi_register_slice_v2_1_vl_rfs.v:1497]
INFO: [Synth 8-6157] synthesizing module 'generic_baseblocks_v2_1_0_mux_enc__parameterized2' [/home/ayvol/vitis-accel-DNN/vitis_accel_prj/build/xclbin/link/vivado/vpl/prj/prj.gen/my_rm/bd/ulp/ipshared/b752/hdl/generic_baseblocks_v2_1_vl_rfs.v:2451]
INFO: [Synth 8-6155] done synthesizing module 'generic_baseblocks_v2_1_0_mux_enc__parameterized2' (0#1) [/home/ayvol/vitis-accel-DNN/vitis_accel_prj/build/xclbin/link/vivado/vpl/prj/prj.gen/my_rm/bd/ulp/ipshared/b752/hdl/generic_baseblocks_v2_1_vl_rfs.v:2451]
INFO: [Synth 8-6155] done synthesizing module 'axi_crossbar_v2_1_28_crossbar_sasd' (0#1) [/home/ayvol/vitis-accel-DNN/vitis_accel_prj/build/xclbin/link/vivado/vpl/prj/prj.gen/my_rm/bd/ulp/ipshared/c40e/hdl/axi_crossbar_v2_1_vl_rfs.v:1239]
INFO: [Synth 8-6155] done synthesizing module 'axi_crossbar_v2_1_28_axi_crossbar' (0#1) [/home/ayvol/vitis-accel-DNN/vitis_accel_prj/build/xclbin/link/vivado/vpl/prj/prj.gen/my_rm/bd/ulp/ipshared/c40e/hdl/axi_crossbar_v2_1_vl_rfs.v:4883]
INFO: [Synth 8-6155] done synthesizing module 'ulp_xbar_0' (0#1) [/home/ayvol/vitis-accel-DNN/vitis_accel_prj/build/xclbin/link/vivado/vpl/prj/prj.gen/my_rm/bd/ulp/ip/ulp_xbar_0/synth/ulp_xbar_0.v:53]
WARNING: [Synth 8-6014] Unused sequential element gen_debug_trans_seq.debug_aw_trans_seq_i_reg was removed.  [/home/ayvol/vitis-accel-DNN/vitis_accel_prj/build/xclbin/link/vivado/vpl/prj/prj.gen/my_rm/bd/ulp/ipshared/c40e/hdl/axi_crossbar_v2_1_vl_rfs.v:2056]
WARNING: [Synth 8-6014] Unused sequential element gen_debug_trans_seq.debug_ar_trans_seq_i_reg was removed.  [/home/ayvol/vitis-accel-DNN/vitis_accel_prj/build/xclbin/link/vivado/vpl/prj/prj.gen/my_rm/bd/ulp/ipshared/c40e/hdl/axi_crossbar_v2_1_vl_rfs.v:2067]
WARNING: [Synth 8-6014] Unused sequential element gen_debug_trans_seq.debug_w_beat_cnt_i_reg was removed.  [/home/ayvol/vitis-accel-DNN/vitis_accel_prj/build/xclbin/link/vivado/vpl/prj/prj.gen/my_rm/bd/ulp/ipshared/c40e/hdl/axi_crossbar_v2_1_vl_rfs.v:2078]
WARNING: [Synth 8-6014] Unused sequential element gen_debug_trans_seq.debug_r_beat_cnt_i_reg was removed.  [/home/ayvol/vitis-accel-DNN/vitis_accel_prj/build/xclbin/link/vivado/vpl/prj/prj.gen/my_rm/bd/ulp/ipshared/c40e/hdl/axi_crossbar_v2_1_vl_rfs.v:2091]
WARNING: [Synth 8-7129] Port S[0] in module generic_baseblocks_v2_1_0_mux_enc__parameterized0 is either unconnected or has no load
WARNING: [Synth 8-7129] Port S_AXI_AWID[0] in module axi_crossbar_v2_1_28_decerr_slave is either unconnected or has no load
WARNING: [Synth 8-7129] Port S_AXI_WLAST in module axi_crossbar_v2_1_28_decerr_slave is either unconnected or has no load
WARNING: [Synth 8-7129] Port S_AXI_ARID[0] in module axi_crossbar_v2_1_28_decerr_slave is either unconnected or has no load
WARNING: [Synth 8-7129] Port S_AXI_ARLEN[7] in module axi_crossbar_v2_1_28_decerr_slave is either unconnected or has no load
WARNING: [Synth 8-7129] Port S_AXI_ARLEN[6] in module axi_crossbar_v2_1_28_decerr_slave is either unconnected or has no load
WARNING: [Synth 8-7129] Port S_AXI_ARLEN[5] in module axi_crossbar_v2_1_28_decerr_slave is either unconnected or has no load
WARNING: [Synth 8-7129] Port S_AXI_ARLEN[4] in module axi_crossbar_v2_1_28_decerr_slave is either unconnected or has no load
WARNING: [Synth 8-7129] Port S_AXI_ARLEN[3] in module axi_crossbar_v2_1_28_decerr_slave is either unconnected or has no load
WARNING: [Synth 8-7129] Port S_AXI_ARLEN[2] in module axi_crossbar_v2_1_28_decerr_slave is either unconnected or has no load
WARNING: [Synth 8-7129] Port S_AXI_ARLEN[1] in module axi_crossbar_v2_1_28_decerr_slave is either unconnected or has no load
WARNING: [Synth 8-7129] Port S_AXI_ARLEN[0] in module axi_crossbar_v2_1_28_decerr_slave is either unconnected or has no load
WARNING: [Synth 8-7129] Port ADDR[1] in module axi_crossbar_v2_1_28_addr_decoder is either unconnected or has no load
WARNING: [Synth 8-7129] Port ADDR[0] in module axi_crossbar_v2_1_28_addr_decoder is either unconnected or has no load
WARNING: [Synth 8-7129] Port S_AXI_AWID[0] in module axi_crossbar_v2_1_28_crossbar_sasd is either unconnected or has no load
WARNING: [Synth 8-7129] Port S_AXI_ARID[0] in module axi_crossbar_v2_1_28_crossbar_sasd is either unconnected or has no load
WARNING: [Synth 8-7129] Port M_AXI_BID[1] in module axi_crossbar_v2_1_28_crossbar_sasd is either unconnected or has no load
WARNING: [Synth 8-7129] Port M_AXI_BID[0] in module axi_crossbar_v2_1_28_crossbar_sasd is either unconnected or has no load
WARNING: [Synth 8-7129] Port M_AXI_RID[1] in module axi_crossbar_v2_1_28_crossbar_sasd is either unconnected or has no load
WARNING: [Synth 8-7129] Port M_AXI_RID[0] in module axi_crossbar_v2_1_28_crossbar_sasd is either unconnected or has no load
WARNING: [Synth 8-7129] Port s_axi_awid[0] in module axi_crossbar_v2_1_28_axi_crossbar is either unconnected or has no load
WARNING: [Synth 8-7129] Port s_axi_awlen[7] in module axi_crossbar_v2_1_28_axi_crossbar is either unconnected or has no load
WARNING: [Synth 8-7129] Port s_axi_awlen[6] in module axi_crossbar_v2_1_28_axi_crossbar is either unconnected or has no load
WARNING: [Synth 8-7129] Port s_axi_awlen[5] in module axi_crossbar_v2_1_28_axi_crossbar is either unconnected or has no load
WARNING: [Synth 8-7129] Port s_axi_awlen[4] in module axi_crossbar_v2_1_28_axi_crossbar is either unconnected or has no load
WARNING: [Synth 8-7129] Port s_axi_awlen[3] in module axi_crossbar_v2_1_28_axi_crossbar is either unconnected or has no load
WARNING: [Synth 8-7129] Port s_axi_awlen[2] in module axi_crossbar_v2_1_28_axi_crossbar is either unconnected or has no load
WARNING: [Synth 8-7129] Port s_axi_awlen[1] in module axi_crossbar_v2_1_28_axi_crossbar is either unconnected or has no load
WARNING: [Synth 8-7129] Port s_axi_awlen[0] in module axi_crossbar_v2_1_28_axi_crossbar is either unconnected or has no load
WARNING: [Synth 8-7129] Port s_axi_awsize[2] in module axi_crossbar_v2_1_28_axi_crossbar is either unconnected or has no load
WARNING: [Synth 8-7129] Port s_axi_awsize[1] in module axi_crossbar_v2_1_28_axi_crossbar is either unconnected or has no load
WARNING: [Synth 8-7129] Port s_axi_awsize[0] in module axi_crossbar_v2_1_28_axi_crossbar is either unconnected or has no load
WARNING: [Synth 8-7129] Port s_axi_awburst[1] in module axi_crossbar_v2_1_28_axi_crossbar is either unconnected or has no load
WARNING: [Synth 8-7129] Port s_axi_awburst[0] in module axi_crossbar_v2_1_28_axi_crossbar is either unconnected or has no load
WARNING: [Synth 8-7129] Port s_axi_awlock[0] in module axi_crossbar_v2_1_28_axi_crossbar is either unconnected or has no load
WARNING: [Synth 8-7129] Port s_axi_awcache[3] in module axi_crossbar_v2_1_28_axi_crossbar is either unconnected or has no load
WARNING: [Synth 8-7129] Port s_axi_awcache[2] in module axi_crossbar_v2_1_28_axi_crossbar is either unconnected or has no load
WARNING: [Synth 8-7129] Port s_axi_awcache[1] in module axi_crossbar_v2_1_28_axi_crossbar is either unconnected or has no load
WARNING: [Synth 8-7129] Port s_axi_awcache[0] in module axi_crossbar_v2_1_28_axi_crossbar is either unconnected or has no load
WARNING: [Synth 8-7129] Port s_axi_awqos[3] in module axi_crossbar_v2_1_28_axi_crossbar is either unconnected or has no load
WARNING: [Synth 8-7129] Port s_axi_awqos[2] in module axi_crossbar_v2_1_28_axi_crossbar is either unconnected or has no load
WARNING: [Synth 8-7129] Port s_axi_awqos[1] in module axi_crossbar_v2_1_28_axi_crossbar is either unconnected or has no load
WARNING: [Synth 8-7129] Port s_axi_awqos[0] in module axi_crossbar_v2_1_28_axi_crossbar is either unconnected or has no load
WARNING: [Synth 8-7129] Port s_axi_awuser[0] in module axi_crossbar_v2_1_28_axi_crossbar is either unconnected or has no load
WARNING: [Synth 8-7129] Port s_axi_wid[0] in module axi_crossbar_v2_1_28_axi_crossbar is either unconnected or has no load
WARNING: [Synth 8-7129] Port s_axi_wlast[0] in module axi_crossbar_v2_1_28_axi_crossbar is either unconnected or has no load
WARNING: [Synth 8-7129] Port s_axi_wuser[0] in module axi_crossbar_v2_1_28_axi_crossbar is either unconnected or has no load
WARNING: [Synth 8-7129] Port s_axi_arid[0] in module axi_crossbar_v2_1_28_axi_crossbar is either unconnected or has no load
WARNING: [Synth 8-7129] Port s_axi_arlen[7] in module axi_crossbar_v2_1_28_axi_crossbar is either unconnected or has no load
WARNING: [Synth 8-7129] Port s_axi_arlen[6] in module axi_crossbar_v2_1_28_axi_crossbar is either unconnected or has no load
WARNING: [Synth 8-7129] Port s_axi_arlen[5] in module axi_crossbar_v2_1_28_axi_crossbar is either unconnected or has no load
WARNING: [Synth 8-7129] Port s_axi_arlen[4] in module axi_crossbar_v2_1_28_axi_crossbar is either unconnected or has no load
WARNING: [Synth 8-7129] Port s_axi_arlen[3] in module axi_crossbar_v2_1_28_axi_crossbar is either unconnected or has no load
WARNING: [Synth 8-7129] Port s_axi_arlen[2] in module axi_crossbar_v2_1_28_axi_crossbar is either unconnected or has no load
WARNING: [Synth 8-7129] Port s_axi_arlen[1] in module axi_crossbar_v2_1_28_axi_crossbar is either unconnected or has no load
WARNING: [Synth 8-7129] Port s_axi_arlen[0] in module axi_crossbar_v2_1_28_axi_crossbar is either unconnected or has no load
WARNING: [Synth 8-7129] Port s_axi_arsize[2] in module axi_crossbar_v2_1_28_axi_crossbar is either unconnected or has no load
WARNING: [Synth 8-7129] Port s_axi_arsize[1] in module axi_crossbar_v2_1_28_axi_crossbar is either unconnected or has no load
WARNING: [Synth 8-7129] Port s_axi_arsize[0] in module axi_crossbar_v2_1_28_axi_crossbar is either unconnected or has no load
WARNING: [Synth 8-7129] Port s_axi_arburst[1] in module axi_crossbar_v2_1_28_axi_crossbar is either unconnected or has no load
WARNING: [Synth 8-7129] Port s_axi_arburst[0] in module axi_crossbar_v2_1_28_axi_crossbar is either unconnected or has no load
WARNING: [Synth 8-7129] Port s_axi_arlock[0] in module axi_crossbar_v2_1_28_axi_crossbar is either unconnected or has no load
WARNING: [Synth 8-7129] Port s_axi_arcache[3] in module axi_crossbar_v2_1_28_axi_crossbar is either unconnected or has no load
WARNING: [Synth 8-7129] Port s_axi_arcache[2] in module axi_crossbar_v2_1_28_axi_crossbar is either unconnected or has no load
WARNING: [Synth 8-7129] Port s_axi_arcache[1] in module axi_crossbar_v2_1_28_axi_crossbar is either unconnected or has no load
WARNING: [Synth 8-7129] Port s_axi_arcache[0] in module axi_crossbar_v2_1_28_axi_crossbar is either unconnected or has no load
WARNING: [Synth 8-7129] Port s_axi_arqos[3] in module axi_crossbar_v2_1_28_axi_crossbar is either unconnected or has no load
WARNING: [Synth 8-7129] Port s_axi_arqos[2] in module axi_crossbar_v2_1_28_axi_crossbar is either unconnected or has no load
WARNING: [Synth 8-7129] Port s_axi_arqos[1] in module axi_crossbar_v2_1_28_axi_crossbar is either unconnected or has no load
WARNING: [Synth 8-7129] Port s_axi_arqos[0] in module axi_crossbar_v2_1_28_axi_crossbar is either unconnected or has no load
WARNING: [Synth 8-7129] Port s_axi_aruser[0] in module axi_crossbar_v2_1_28_axi_crossbar is either unconnected or has no load
WARNING: [Synth 8-7129] Port m_axi_bid[1] in module axi_crossbar_v2_1_28_axi_crossbar is either unconnected or has no load
WARNING: [Synth 8-7129] Port m_axi_bid[0] in module axi_crossbar_v2_1_28_axi_crossbar is either unconnected or has no load
WARNING: [Synth 8-7129] Port m_axi_buser[1] in module axi_crossbar_v2_1_28_axi_crossbar is either unconnected or has no load
WARNING: [Synth 8-7129] Port m_axi_buser[0] in module axi_crossbar_v2_1_28_axi_crossbar is either unconnected or has no load
WARNING: [Synth 8-7129] Port m_axi_rid[1] in module axi_crossbar_v2_1_28_axi_crossbar is either unconnected or has no load
WARNING: [Synth 8-7129] Port m_axi_rid[0] in module axi_crossbar_v2_1_28_axi_crossbar is either unconnected or has no load
WARNING: [Synth 8-7129] Port m_axi_rlast[1] in module axi_crossbar_v2_1_28_axi_crossbar is either unconnected or has no load
WARNING: [Synth 8-7129] Port m_axi_rlast[0] in module axi_crossbar_v2_1_28_axi_crossbar is either unconnected or has no load
WARNING: [Synth 8-7129] Port m_axi_ruser[1] in module axi_crossbar_v2_1_28_axi_crossbar is either unconnected or has no load
WARNING: [Synth 8-7129] Port m_axi_ruser[0] in module axi_crossbar_v2_1_28_axi_crossbar is either unconnected or has no load
---------------------------------------------------------------------------------
Finished RTL Elaboration : Time (s): cpu = 00:00:10 ; elapsed = 00:00:12 . Memory (MB): peak = 3651.676 ; gain = 536.570 ; free physical = 606028 ; free virtual = 832936
Synthesis current peak Physical Memory [PSS] (MB): peak = 2814.204; parent = 2686.096; children = 132.406
Synthesis current peak Virtual Memory [VSS] (MB): peak = 4638.969; parent = 3651.680; children = 987.289
---------------------------------------------------------------------------------
---------------------------------------------------------------------------------
Start Handling Custom Attributes
---------------------------------------------------------------------------------
---------------------------------------------------------------------------------
Finished Handling Custom Attributes : Time (s): cpu = 00:00:10 ; elapsed = 00:00:12 . Memory (MB): peak = 3669.488 ; gain = 554.383 ; free physical = 606022 ; free virtual = 832930
Synthesis current peak Physical Memory [PSS] (MB): peak = 2814.204; parent = 2686.096; children = 132.406
Synthesis current peak Virtual Memory [VSS] (MB): peak = 4656.781; parent = 3669.492; children = 987.289
---------------------------------------------------------------------------------
---------------------------------------------------------------------------------
Finished RTL Optimization Phase 1 : Time (s): cpu = 00:00:10 ; elapsed = 00:00:12 . Memory (MB): peak = 3669.488 ; gain = 554.383 ; free physical = 606017 ; free virtual = 832925
Synthesis current peak Physical Memory [PSS] (MB): peak = 2814.204; parent = 2686.096; children = 132.406
Synthesis current peak Virtual Memory [VSS] (MB): peak = 4656.781; parent = 3669.492; children = 987.289
---------------------------------------------------------------------------------
Netlist sorting complete. Time (s): cpu = 00:00:00.01 ; elapsed = 00:00:00.02 . Memory (MB): peak = 3669.488 ; gain = 0.000 ; free physical = 605980 ; free virtual = 832888
INFO: [Project 1-570] Preparing netlist for logic optimization

Processing XDC Constraints
Initializing timing engine
Parsing XDC File [/home/ayvol/vitis-accel-DNN/vitis_accel_prj/build/xclbin/link/vivado/vpl/prj/prj.gen/my_rm/bd/ulp/ip/ulp_xbar_0/ulp_xbar_0_ooc.xdc] for cell 'inst'
0V85_VCCINT { VCCINT }  -supply_current_budget  100.000 A -voltage  0.850 V -direct
0V85_VCCINT_IO { VCCINT_IO VCCBRAM }  -supply_current_budget  30.000 A -voltage  0.850 V -direct
0V9_AVCC { MGTYAVCC }  -supply_current_budget  0.000 A -voltage  0.900 V -direct
1V2_AVTT { MGTYAVTT }  -supply_current_budget  0.000 A -voltage  1.200 V -direct
1V2_HBM { VCC_HBM }  -supply_current_budget  0.000 A -voltage  1.200 V -direct
1V8 { VCCAUX VCCAUX_IO MGTYVCCAUX VCCO18 VCCADC }  -supply_current_budget  4.000 A -voltage  1.800 V -direct
2V5_VPP { VCCAUX_HBM }  -supply_current_budget  0.300 A -voltage  2.500 V -direct
Finished Parsing XDC File [/home/ayvol/vitis-accel-DNN/vitis_accel_prj/build/xclbin/link/vivado/vpl/prj/prj.gen/my_rm/bd/ulp/ip/ulp_xbar_0/ulp_xbar_0_ooc.xdc] for cell 'inst'
Parsing XDC File [/home/ayvol/vitis-accel-DNN/vitis_accel_prj/build/xclbin/link/vivado/vpl/prj/prj.runs/ulp_xbar_0_synth_1/dont_touch.xdc]
Finished Parsing XDC File [/home/ayvol/vitis-accel-DNN/vitis_accel_prj/build/xclbin/link/vivado/vpl/prj/prj.runs/ulp_xbar_0_synth_1/dont_touch.xdc]
Completed Processing XDC Constraints

Netlist sorting complete. Time (s): cpu = 00:00:00 ; elapsed = 00:00:00 . Memory (MB): peak = 3768.055 ; gain = 0.000 ; free physical = 605283 ; free virtual = 832289
INFO: [Project 1-111] Unisim Transformation Summary:
No Unisim elements were transformed.

Constraint Validation Runtime : Time (s): cpu = 00:00:00.03 ; elapsed = 00:00:00.02 . Memory (MB): peak = 3768.055 ; gain = 0.000 ; free physical = 605304 ; free virtual = 832310
INFO: [Designutils 20-5008] Incremental synthesis strategy off
INFO: [Synth 8-11241] undeclared symbol 'REGCCE', assumed default net type 'wire' [/tools/Xilinx/Vivado/2022.2/data/verilog/src/unimacro/BRAM_SINGLE_MACRO.v:2170]
---------------------------------------------------------------------------------
Finished Constraint Validation : Time (s): cpu = 00:00:21 ; elapsed = 00:00:24 . Memory (MB): peak = 3768.055 ; gain = 652.949 ; free physical = 605057 ; free virtual = 832195
Synthesis current peak Physical Memory [PSS] (MB): peak = 2814.204; parent = 2686.096; children = 132.406
Synthesis current peak Virtual Memory [VSS] (MB): peak = 4755.348; parent = 3768.059; children = 987.289
---------------------------------------------------------------------------------
---------------------------------------------------------------------------------
Start Loading Part and Timing Information
---------------------------------------------------------------------------------
Loading part: xcu55c-fsvh2892-2L-e
INFO: [Synth 8-6742] Reading net delay rules and data
---------------------------------------------------------------------------------
Finished Loading Part and Timing Information : Time (s): cpu = 00:00:21 ; elapsed = 00:00:24 . Memory (MB): peak = 3768.055 ; gain = 652.949 ; free physical = 605060 ; free virtual = 832198
Synthesis current peak Physical Memory [PSS] (MB): peak = 2814.204; parent = 2686.096; children = 132.406
Synthesis current peak Virtual Memory [VSS] (MB): peak = 4755.348; parent = 3768.059; children = 987.289
---------------------------------------------------------------------------------
---------------------------------------------------------------------------------
Start Applying 'set_property' XDC Constraints
---------------------------------------------------------------------------------
Applied set_property KEEP_HIERARCHY = SOFT for inst. (constraint file  /home/ayvol/vitis-accel-DNN/vitis_accel_prj/build/xclbin/link/vivado/vpl/prj/prj.runs/ulp_xbar_0_synth_1/dont_touch.xdc, line 9).
---------------------------------------------------------------------------------
Finished applying 'set_property' XDC Constraints : Time (s): cpu = 00:00:21 ; elapsed = 00:00:24 . Memory (MB): peak = 3768.055 ; gain = 652.949 ; free physical = 605040 ; free virtual = 832178
Synthesis current peak Physical Memory [PSS] (MB): peak = 2814.204; parent = 2686.096; children = 132.406
Synthesis current peak Virtual Memory [VSS] (MB): peak = 4755.348; parent = 3768.059; children = 987.289
---------------------------------------------------------------------------------
---------------------------------------------------------------------------------
Finished RTL Optimization Phase 2 : Time (s): cpu = 00:00:22 ; elapsed = 00:00:24 . Memory (MB): peak = 3768.055 ; gain = 652.949 ; free physical = 604992 ; free virtual = 832172
Synthesis current peak Physical Memory [PSS] (MB): peak = 2814.204; parent = 2686.096; children = 132.406
Synthesis current peak Virtual Memory [VSS] (MB): peak = 4755.348; parent = 3768.059; children = 987.289
---------------------------------------------------------------------------------
---------------------------------------------------------------------------------
Start RTL Component Statistics 
---------------------------------------------------------------------------------
Detailed RTL Component Info : 
+---Registers : 
	               57 Bit    Registers := 1     
	               36 Bit    Registers := 2     
	                3 Bit    Registers := 2     
	                2 Bit    Registers := 3     
	                1 Bit    Registers := 14    
+---Muxes : 
	   2 Input   57 Bit        Muxes := 1     
	   2 Input   36 Bit        Muxes := 2     
	   2 Input    3 Bit        Muxes := 1     
	   2 Input    2 Bit        Muxes := 2     
	   2 Input    1 Bit        Muxes := 30    
---------------------------------------------------------------------------------
Finished RTL Component Statistics 
---------------------------------------------------------------------------------
---------------------------------------------------------------------------------
Start Part Resource Summary
---------------------------------------------------------------------------------
Part Resources:
DSPs: 9024 (col length:94)
BRAMs: 4032 (col length: RAMB18 288 RAMB36 144)
---------------------------------------------------------------------------------
Finished Part Resource Summary
---------------------------------------------------------------------------------
---------------------------------------------------------------------------------
Start Cross Boundary and Area Optimization
---------------------------------------------------------------------------------
WARNING: [Synth 8-7080] Parallel synthesis criteria is not met
INFO: [Synth 8-3936] Found unconnected internal register 'gen_sasd.crossbar_sasd_0/reg_slice_r/m_payload_i_reg' and it is trimmed from '36' to '35' bits. [/home/ayvol/vitis-accel-DNN/vitis_accel_prj/build/xclbin/link/vivado/vpl/prj/prj.gen/my_rm/bd/ulp/ipshared/f0b4/hdl/axi_register_slice_v2_1_vl_rfs.v:1731]
WARNING: [Synth 8-7129] Port s_axi_awid[0] in module axi_crossbar_v2_1_28_axi_crossbar is either unconnected or has no load
WARNING: [Synth 8-7129] Port s_axi_awlen[7] in module axi_crossbar_v2_1_28_axi_crossbar is either unconnected or has no load
WARNING: [Synth 8-7129] Port s_axi_awlen[6] in module axi_crossbar_v2_1_28_axi_crossbar is either unconnected or has no load
WARNING: [Synth 8-7129] Port s_axi_awlen[5] in module axi_crossbar_v2_1_28_axi_crossbar is either unconnected or has no load
WARNING: [Synth 8-7129] Port s_axi_awlen[4] in module axi_crossbar_v2_1_28_axi_crossbar is either unconnected or has no load
WARNING: [Synth 8-7129] Port s_axi_awlen[3] in module axi_crossbar_v2_1_28_axi_crossbar is either unconnected or has no load
WARNING: [Synth 8-7129] Port s_axi_awlen[2] in module axi_crossbar_v2_1_28_axi_crossbar is either unconnected or has no load
WARNING: [Synth 8-7129] Port s_axi_awlen[1] in module axi_crossbar_v2_1_28_axi_crossbar is either unconnected or has no load
WARNING: [Synth 8-7129] Port s_axi_awlen[0] in module axi_crossbar_v2_1_28_axi_crossbar is either unconnected or has no load
WARNING: [Synth 8-7129] Port s_axi_awsize[2] in module axi_crossbar_v2_1_28_axi_crossbar is either unconnected or has no load
WARNING: [Synth 8-7129] Port s_axi_awsize[1] in module axi_crossbar_v2_1_28_axi_crossbar is either unconnected or has no load
WARNING: [Synth 8-7129] Port s_axi_awsize[0] in module axi_crossbar_v2_1_28_axi_crossbar is either unconnected or has no load
WARNING: [Synth 8-7129] Port s_axi_awburst[1] in module axi_crossbar_v2_1_28_axi_crossbar is either unconnected or has no load
WARNING: [Synth 8-7129] Port s_axi_awburst[0] in module axi_crossbar_v2_1_28_axi_crossbar is either unconnected or has no load
WARNING: [Synth 8-7129] Port s_axi_awlock[0] in module axi_crossbar_v2_1_28_axi_crossbar is either unconnected or has no load
WARNING: [Synth 8-7129] Port s_axi_awcache[3] in module axi_crossbar_v2_1_28_axi_crossbar is either unconnected or has no load
WARNING: [Synth 8-7129] Port s_axi_awcache[2] in module axi_crossbar_v2_1_28_axi_crossbar is either unconnected or has no load
WARNING: [Synth 8-7129] Port s_axi_awcache[1] in module axi_crossbar_v2_1_28_axi_crossbar is either unconnected or has no load
WARNING: [Synth 8-7129] Port s_axi_awcache[0] in module axi_crossbar_v2_1_28_axi_crossbar is either unconnected or has no load
INFO: [Common 17-14] Message 'Synth 8-7129' appears 100 times and further instances of the messages will be disabled. Use the Tcl command set_msg_config to change the current settings.
---------------------------------------------------------------------------------
Finished Cross Boundary and Area Optimization : Time (s): cpu = 00:00:23 ; elapsed = 00:00:26 . Memory (MB): peak = 3768.055 ; gain = 652.949 ; free physical = 605040 ; free virtual = 832249
Synthesis current peak Physical Memory [PSS] (MB): peak = 2814.204; parent = 2686.096; children = 132.406
Synthesis current peak Virtual Memory [VSS] (MB): peak = 4755.348; parent = 3768.059; children = 987.289
---------------------------------------------------------------------------------
---------------------------------------------------------------------------------
Start Applying XDC Timing Constraints
---------------------------------------------------------------------------------
---------------------------------------------------------------------------------
Finished Applying XDC Timing Constraints : Time (s): cpu = 00:00:34 ; elapsed = 00:00:38 . Memory (MB): peak = 3965.008 ; gain = 849.902 ; free physical = 607601 ; free virtual = 834940
Synthesis current peak Physical Memory [PSS] (MB): peak = 3149.334; parent = 3018.712; children = 132.406
Synthesis current peak Virtual Memory [VSS] (MB): peak = 4952.301; parent = 3965.012; children = 987.289
---------------------------------------------------------------------------------
---------------------------------------------------------------------------------
Start Timing Optimization
---------------------------------------------------------------------------------
---------------------------------------------------------------------------------
Finished Timing Optimization : Time (s): cpu = 00:00:34 ; elapsed = 00:00:39 . Memory (MB): peak = 3989.039 ; gain = 873.934 ; free physical = 607536 ; free virtual = 834875
Synthesis current peak Physical Memory [PSS] (MB): peak = 3157.936; parent = 3027.367; children = 132.406
Synthesis current peak Virtual Memory [VSS] (MB): peak = 4976.332; parent = 3989.043; children = 987.289
---------------------------------------------------------------------------------
---------------------------------------------------------------------------------
Start Technology Mapping
---------------------------------------------------------------------------------
---------------------------------------------------------------------------------
Finished Technology Mapping : Time (s): cpu = 00:00:34 ; elapsed = 00:00:39 . Memory (MB): peak = 4005.055 ; gain = 889.949 ; free physical = 607530 ; free virtual = 834869
Synthesis current peak Physical Memory [PSS] (MB): peak = 3157.936; parent = 3027.367; children = 132.406
Synthesis current peak Virtual Memory [VSS] (MB): peak = 4992.348; parent = 4005.059; children = 987.289
---------------------------------------------------------------------------------
---------------------------------------------------------------------------------
Start IO Insertion
---------------------------------------------------------------------------------
---------------------------------------------------------------------------------
Start Flattening Before IO Insertion
---------------------------------------------------------------------------------
---------------------------------------------------------------------------------
Finished Flattening Before IO Insertion
---------------------------------------------------------------------------------
---------------------------------------------------------------------------------
Start Final Netlist Cleanup
---------------------------------------------------------------------------------
---------------------------------------------------------------------------------
Finished Final Netlist Cleanup
---------------------------------------------------------------------------------
---------------------------------------------------------------------------------
Finished IO Insertion : Time (s): cpu = 00:00:38 ; elapsed = 00:00:43 . Memory (MB): peak = 4005.055 ; gain = 889.949 ; free physical = 608329 ; free virtual = 835676
Synthesis current peak Physical Memory [PSS] (MB): peak = 3165.250; parent = 3032.124; children = 133.126
Synthesis current peak Virtual Memory [VSS] (MB): peak = 4992.348; parent = 4005.059; children = 987.289
---------------------------------------------------------------------------------
---------------------------------------------------------------------------------
Start Renaming Generated Instances
---------------------------------------------------------------------------------
---------------------------------------------------------------------------------
Finished Renaming Generated Instances : Time (s): cpu = 00:00:38 ; elapsed = 00:00:43 . Memory (MB): peak = 4005.055 ; gain = 889.949 ; free physical = 608316 ; free virtual = 835663
Synthesis current peak Physical Memory [PSS] (MB): peak = 3165.250; parent = 3032.124; children = 133.126
Synthesis current peak Virtual Memory [VSS] (MB): peak = 4992.348; parent = 4005.059; children = 987.289
---------------------------------------------------------------------------------
---------------------------------------------------------------------------------
Start Rebuilding User Hierarchy
---------------------------------------------------------------------------------
---------------------------------------------------------------------------------
Finished Rebuilding User Hierarchy : Time (s): cpu = 00:00:38 ; elapsed = 00:00:43 . Memory (MB): peak = 4005.055 ; gain = 889.949 ; free physical = 608296 ; free virtual = 835643
Synthesis current peak Physical Memory [PSS] (MB): peak = 3165.250; parent = 3032.124; children = 133.126
Synthesis current peak Virtual Memory [VSS] (MB): peak = 4992.348; parent = 4005.059; children = 987.289
---------------------------------------------------------------------------------
---------------------------------------------------------------------------------
Start Renaming Generated Ports
---------------------------------------------------------------------------------
---------------------------------------------------------------------------------
Finished Renaming Generated Ports : Time (s): cpu = 00:00:38 ; elapsed = 00:00:43 . Memory (MB): peak = 4005.055 ; gain = 889.949 ; free physical = 608274 ; free virtual = 835621
Synthesis current peak Physical Memory [PSS] (MB): peak = 3165.250; parent = 3032.124; children = 133.126
Synthesis current peak Virtual Memory [VSS] (MB): peak = 4992.348; parent = 4005.059; children = 987.289
---------------------------------------------------------------------------------
---------------------------------------------------------------------------------
Start Handling Custom Attributes
---------------------------------------------------------------------------------
---------------------------------------------------------------------------------
Finished Handling Custom Attributes : Time (s): cpu = 00:00:38 ; elapsed = 00:00:43 . Memory (MB): peak = 4005.055 ; gain = 889.949 ; free physical = 608269 ; free virtual = 835617
Synthesis current peak Physical Memory [PSS] (MB): peak = 3165.250; parent = 3032.124; children = 133.126
Synthesis current peak Virtual Memory [VSS] (MB): peak = 4992.348; parent = 4005.059; children = 987.289
---------------------------------------------------------------------------------
---------------------------------------------------------------------------------
Start Renaming Generated Nets
---------------------------------------------------------------------------------
---------------------------------------------------------------------------------
Finished Renaming Generated Nets : Time (s): cpu = 00:00:38 ; elapsed = 00:00:43 . Memory (MB): peak = 4005.055 ; gain = 889.949 ; free physical = 608259 ; free virtual = 835606
Synthesis current peak Physical Memory [PSS] (MB): peak = 3165.250; parent = 3032.124; children = 133.126
Synthesis current peak Virtual Memory [VSS] (MB): peak = 4992.348; parent = 4005.059; children = 987.289
---------------------------------------------------------------------------------
---------------------------------------------------------------------------------
Start Writing Synthesis Report
---------------------------------------------------------------------------------

Report BlackBoxes: 
+-+--------------+----------+
| |BlackBox name |Instances |
+-+--------------+----------+
+-+--------------+----------+

Report Cell Usage: 
+------+-----+------+
|      |Cell |Count |
+------+-----+------+
|1     |LUT1 |     1|
|2     |LUT2 |     9|
|3     |LUT3 |     6|
|4     |LUT4 |    46|
|5     |LUT5 |    18|
|6     |LUT6 |    46|
|7     |FDRE |   123|
+------+-----+------+
---------------------------------------------------------------------------------
Finished Writing Synthesis Report : Time (s): cpu = 00:00:38 ; elapsed = 00:00:43 . Memory (MB): peak = 4005.055 ; gain = 889.949 ; free physical = 608154 ; free virtual = 835502
Synthesis current peak Physical Memory [PSS] (MB): peak = 3165.250; parent = 3032.124; children = 133.126
Synthesis current peak Virtual Memory [VSS] (MB): peak = 4992.348; parent = 4005.059; children = 987.289
---------------------------------------------------------------------------------
Synthesis finished with 0 errors, 0 critical warnings and 62 warnings.
Synthesis Optimization Runtime : Time (s): cpu = 00:00:31 ; elapsed = 00:00:36 . Memory (MB): peak = 4005.055 ; gain = 791.383 ; free physical = 608036 ; free virtual = 835383
Synthesis Optimization Complete : Time (s): cpu = 00:00:38 ; elapsed = 00:00:44 . Memory (MB): peak = 4005.062 ; gain = 889.949 ; free physical = 607919 ; free virtual = 835267
INFO: [Project 1-571] Translating synthesized netlist
Netlist sorting complete. Time (s): cpu = 00:00:00.01 ; elapsed = 00:00:00 . Memory (MB): peak = 4005.062 ; gain = 0.000 ; free physical = 607798 ; free virtual = 835145
INFO: [Project 1-570] Preparing netlist for logic optimization
INFO: [Opt 31-138] Pushed 0 inverter(s) to 0 load pin(s).
Netlist sorting complete. Time (s): cpu = 00:00:00 ; elapsed = 00:00:00 . Memory (MB): peak = 4072.281 ; gain = 0.000 ; free physical = 606921 ; free virtual = 834230
INFO: [Project 1-111] Unisim Transformation Summary:
No Unisim elements were transformed.

Synth Design complete, checksum: 964b19f7
INFO: [Common 17-83] Releasing license: Synthesis
57 Infos, 110 Warnings, 0 Critical Warnings and 0 Errors encountered.
synth_design completed successfully
synth_design: Time (s): cpu = 00:00:51 ; elapsed = 00:00:56 . Memory (MB): peak = 4072.281 ; gain = 2285.164 ; free physical = 607116 ; free virtual = 834425
INFO: [Common 17-600] The following parameters have non-default value.
general.maxThreads
INFO: [Common 17-1381] The checkpoint '/home/ayvol/vitis-accel-DNN/vitis_accel_prj/build/xclbin/link/vivado/vpl/prj/prj.runs/ulp_xbar_0_synth_1/ulp_xbar_0.dcp' has been generated.
INFO: [Coretcl 2-1648] Added synthesis output to IP cache for IP ulp_xbar_0, cache-ID = 2e597a67bd9bc03b
INFO: [Coretcl 2-1174] Renamed 7 cell refs.
INFO: [Common 17-1381] The checkpoint '/home/ayvol/vitis-accel-DNN/vitis_accel_prj/build/xclbin/link/vivado/vpl/prj/prj.runs/ulp_xbar_0_synth_1/ulp_xbar_0.dcp' has been generated.
INFO: [runtcl-4] Executing : report_utilization -file ulp_xbar_0_utilization_synth.rpt -pb ulp_xbar_0_utilization_synth.pb
INFO: [Common 17-206] Exiting Vivado at Sat Jun  1 06:31:54 2024...
