
*** Running vivado
    with args -log ulp_auto_cc_0.vds -m64 -product Vivado -mode batch -messageDb vivado.pb -notrace -source ulp_auto_cc_0.tcl


****** Vivado v2022.2 (64-bit)
  **** SW Build 3671981 on Fri Oct 14 04:59:54 MDT 2022
  **** IP Build 3669848 on Fri Oct 14 08:30:02 MDT 2022
    ** Copyright 1986-2022 Xilinx, Inc. All Rights Reserved.

source ulp_auto_cc_0.tcl -notrace
INFO: Dispatch client connection id - 33469
create_project: Time (s): cpu = 00:00:06 ; elapsed = 00:00:07 . Memory (MB): peak = 1716.441 ; gain = 87.992 ; free physical = 609601 ; free virtual = 836922
INFO: [IP_Flow 19-234] Refreshing IP repositories
INFO: [IP_Flow 19-1700] Loaded user IP repository '/home/ayvol/vitis-accel-DNN/vitis_accel_prj/build/xclbin/link/int/xo/ip_repo/xilinx_com_hls_kernel_wrapper_1_0'.
INFO: [IP_Flow 19-1700] Loaded user IP repository '/home/ayvol/vitis-accel-DNN/vitis_accel_prj/build/xclbin/link/vivado/vpl/.local/hw_platform/iprepo'.
INFO: [IP_Flow 19-1700] Loaded user IP repository '/home/ayvol/vitis-accel-DNN/vitis_accel_prj/build/xclbin/link/vivado/vpl/.local/hw_platform/ipcache'.
INFO: [IP_Flow 19-1700] Loaded user IP repository '/tools/Xilinx/Vitis/2022.2/data/ip'.
INFO: [IP_Flow 19-2313] Loaded Vivado IP repository '/tools/Xilinx/Vivado/2022.2/data/ip'.
WARNING: [IP_Flow 19-1663] Duplicate IP found for 'xilinx.com:ip:axi_clk_metadata_adapter:1.0'. The one found in IP location '/home/ayvol/vitis-accel-DNN/vitis_accel_prj/build/xclbin/link/vivado/vpl/.local/hw_platform/iprepo/ipdefs/other_ipdefs/axi_clk_metadata_adapter_v1_0' will take precedence over the same IP in location /home/ayvol/vitis-accel-DNN/vitis_accel_prj/build/xclbin/link/vivado/vpl/.local/hw_platform/iprepo/ipdefs/pxi_ii_infra/axi_clk_metadata_adapter_v1_0
WARNING: [IP_Flow 19-1663] Duplicate IP found for 'xilinx.com:ip:axis_clk_metadata_adapter:1.0'. The one found in IP location '/home/ayvol/vitis-accel-DNN/vitis_accel_prj/build/xclbin/link/vivado/vpl/.local/hw_platform/iprepo/ipdefs/other_ipdefs/axis_clk_metadata_adapter_v1_0' will take precedence over the same IP in location /home/ayvol/vitis-accel-DNN/vitis_accel_prj/build/xclbin/link/vivado/vpl/.local/hw_platform/iprepo/ipdefs/pxi_ii_infra/axis_clk_metadata_adapter_v1_0
WARNING: [IP_Flow 19-1663] Duplicate IP found for 'xilinx.com:ip:clk_metadata_adapter:1.0'. The one found in IP location '/home/ayvol/vitis-accel-DNN/vitis_accel_prj/build/xclbin/link/vivado/vpl/.local/hw_platform/iprepo/ipdefs/other_ipdefs/clk_metadata_adapter_v1_0' will take precedence over the same IP in location /home/ayvol/vitis-accel-DNN/vitis_accel_prj/build/xclbin/link/vivado/vpl/.local/hw_platform/iprepo/ipdefs/pxi_ii_infra/clk_metadata_adapter_v1_0
WARNING: [IP_Flow 19-1663] Duplicate IP found for 'xilinx.com:ip:pipeline_reg:1.0'. The one found in IP location '/home/ayvol/vitis-accel-DNN/vitis_accel_prj/build/xclbin/link/vivado/vpl/.local/hw_platform/iprepo/ipdefs/other_ipdefs/pipeline_reg_v1_0' will take precedence over the same IP in location /home/ayvol/vitis-accel-DNN/vitis_accel_prj/build/xclbin/link/vivado/vpl/.local/hw_platform/iprepo/ipdefs/pxi_ii_infra/pipeline_reg_v1_0
WARNING: [IP_Flow 19-1663] Duplicate IP found for 'xilinx.com:ip:shell_utils_build_info:1.0'. The one found in IP location '/home/ayvol/vitis-accel-DNN/vitis_accel_prj/build/xclbin/link/vivado/vpl/.local/hw_platform/iprepo/ipdefs/other_ipdefs/shell_utils_build_info_v1_0' will take precedence over the same IP in the Xilinx installed IP.
INFO: [IP_Flow 19-6924] IPCACHE: Running cache check for IP inst: ulp_auto_cc_0
Command: synth_design -top ulp_auto_cc_0 -part xcu55c-fsvh2892-2L-e -incremental_mode off -mode out_of_context
Starting synth_design
Attempting to get a license for feature 'Synthesis' and/or device 'xcu55c'
INFO: [Common 17-349] Got license for feature 'Synthesis' and/or device 'xcu55c'
INFO: [Device 21-403] Loading part xcu55c-fsvh2892-2L-e
INFO: [Synth 8-7079] Multithreading enabled for synth_design using a maximum of 1 processes.
INFO: [Synth 8-7078] Launching helper process for spawning children vivado processes
INFO: [Synth 8-7075] Helper process launched with PID 15878
INFO: [Synth 8-11241] undeclared symbol 'REGCCE', assumed default net type 'wire' [/tools/Xilinx/Vivado/2022.2/data/verilog/src/unimacro/BRAM_SINGLE_MACRO.v:2170]
---------------------------------------------------------------------------------
Starting RTL Elaboration : Time (s): cpu = 00:00:05 ; elapsed = 00:00:06 . Memory (MB): peak = 3467.727 ; gain = 358.734 ; free physical = 603564 ; free virtual = 830915
Synthesis current peak Physical Memory [PSS] (MB): peak = 2652.975; parent = 2522.983; children = 129.991
Synthesis current peak Virtual Memory [VSS] (MB): peak = 4458.988; parent = 3471.699; children = 987.289
---------------------------------------------------------------------------------
INFO: [Synth 8-6157] synthesizing module 'ulp_auto_cc_0' [/home/ayvol/vitis-accel-DNN/vitis_accel_prj/build/xclbin/link/vivado/vpl/prj/prj.gen/my_rm/bd/ulp/ip/ulp_auto_cc_0/synth/ulp_auto_cc_0.v:53]
INFO: [Synth 8-6157] synthesizing module 'axi_clock_converter_v2_1_26_axi_clock_converter' [/home/ayvol/vitis-accel-DNN/vitis_accel_prj/build/xclbin/link/vivado/vpl/prj/prj.gen/my_rm/bd/ulp/ipshared/b8be/hdl/axi_clock_converter_v2_1_vl_rfs.v:653]
INFO: [Synth 8-6157] synthesizing module 'axi_infrastructure_v1_1_0_axi2vector' [/home/ayvol/vitis-accel-DNN/vitis_accel_prj/build/xclbin/link/vivado/vpl/prj/prj.gen/my_rm/bd/ulp/ipshared/ec67/hdl/axi_infrastructure_v1_1_vl_rfs.v:59]
INFO: [Synth 8-6155] done synthesizing module 'axi_infrastructure_v1_1_0_axi2vector' (0#1) [/home/ayvol/vitis-accel-DNN/vitis_accel_prj/build/xclbin/link/vivado/vpl/prj/prj.gen/my_rm/bd/ulp/ipshared/ec67/hdl/axi_infrastructure_v1_1_vl_rfs.v:59]
INFO: [Synth 8-6157] synthesizing module 'axi_clock_converter_v2_1_26_lite_async' [/home/ayvol/vitis-accel-DNN/vitis_accel_prj/build/xclbin/link/vivado/vpl/prj/prj.gen/my_rm/bd/ulp/ipshared/b8be/hdl/axi_clock_converter_v2_1_vl_rfs.v:516]
INFO: [Synth 8-6157] synthesizing module 'xpm_cdc_handshake' [/tools/Xilinx/Vivado/2022.2/data/ip/xpm/xpm_cdc/hdl/xpm_cdc.sv:468]
INFO: [Synth 8-6157] synthesizing module 'xpm_cdc_single' [/tools/Xilinx/Vivado/2022.2/data/ip/xpm/xpm_cdc/hdl/xpm_cdc.sv:152]
INFO: [Synth 8-6155] done synthesizing module 'xpm_cdc_single' (0#1) [/tools/Xilinx/Vivado/2022.2/data/ip/xpm/xpm_cdc/hdl/xpm_cdc.sv:152]
INFO: [Synth 8-6155] done synthesizing module 'xpm_cdc_handshake' (0#1) [/tools/Xilinx/Vivado/2022.2/data/ip/xpm/xpm_cdc/hdl/xpm_cdc.sv:468]
INFO: [Synth 8-6155] done synthesizing module 'axi_clock_converter_v2_1_26_lite_async' (0#1) [/home/ayvol/vitis-accel-DNN/vitis_accel_prj/build/xclbin/link/vivado/vpl/prj/prj.gen/my_rm/bd/ulp/ipshared/b8be/hdl/axi_clock_converter_v2_1_vl_rfs.v:516]
INFO: [Synth 8-6157] synthesizing module 'axi_clock_converter_v2_1_26_lite_async__parameterized0' [/home/ayvol/vitis-accel-DNN/vitis_accel_prj/build/xclbin/link/vivado/vpl/prj/prj.gen/my_rm/bd/ulp/ipshared/b8be/hdl/axi_clock_converter_v2_1_vl_rfs.v:516]
INFO: [Synth 8-6157] synthesizing module 'xpm_cdc_handshake__parameterized0' [/tools/Xilinx/Vivado/2022.2/data/ip/xpm/xpm_cdc/hdl/xpm_cdc.sv:468]
INFO: [Synth 8-6155] done synthesizing module 'xpm_cdc_handshake__parameterized0' (0#1) [/tools/Xilinx/Vivado/2022.2/data/ip/xpm/xpm_cdc/hdl/xpm_cdc.sv:468]
INFO: [Synth 8-6155] done synthesizing module 'axi_clock_converter_v2_1_26_lite_async__parameterized0' (0#1) [/home/ayvol/vitis-accel-DNN/vitis_accel_prj/build/xclbin/link/vivado/vpl/prj/prj.gen/my_rm/bd/ulp/ipshared/b8be/hdl/axi_clock_converter_v2_1_vl_rfs.v:516]
INFO: [Synth 8-6157] synthesizing module 'axi_clock_converter_v2_1_26_lite_async__parameterized1' [/home/ayvol/vitis-accel-DNN/vitis_accel_prj/build/xclbin/link/vivado/vpl/prj/prj.gen/my_rm/bd/ulp/ipshared/b8be/hdl/axi_clock_converter_v2_1_vl_rfs.v:516]
INFO: [Synth 8-6157] synthesizing module 'xpm_cdc_handshake__parameterized1' [/tools/Xilinx/Vivado/2022.2/data/ip/xpm/xpm_cdc/hdl/xpm_cdc.sv:468]
INFO: [Synth 8-6155] done synthesizing module 'xpm_cdc_handshake__parameterized1' (0#1) [/tools/Xilinx/Vivado/2022.2/data/ip/xpm/xpm_cdc/hdl/xpm_cdc.sv:468]
INFO: [Synth 8-6155] done synthesizing module 'axi_clock_converter_v2_1_26_lite_async__parameterized1' (0#1) [/home/ayvol/vitis-accel-DNN/vitis_accel_prj/build/xclbin/link/vivado/vpl/prj/prj.gen/my_rm/bd/ulp/ipshared/b8be/hdl/axi_clock_converter_v2_1_vl_rfs.v:516]
INFO: [Synth 8-6157] synthesizing module 'axi_clock_converter_v2_1_26_lite_async__parameterized2' [/home/ayvol/vitis-accel-DNN/vitis_accel_prj/build/xclbin/link/vivado/vpl/prj/prj.gen/my_rm/bd/ulp/ipshared/b8be/hdl/axi_clock_converter_v2_1_vl_rfs.v:516]
INFO: [Synth 8-6157] synthesizing module 'xpm_cdc_handshake__parameterized2' [/tools/Xilinx/Vivado/2022.2/data/ip/xpm/xpm_cdc/hdl/xpm_cdc.sv:468]
INFO: [Synth 8-6155] done synthesizing module 'xpm_cdc_handshake__parameterized2' (0#1) [/tools/Xilinx/Vivado/2022.2/data/ip/xpm/xpm_cdc/hdl/xpm_cdc.sv:468]
INFO: [Synth 8-6155] done synthesizing module 'axi_clock_converter_v2_1_26_lite_async__parameterized2' (0#1) [/home/ayvol/vitis-accel-DNN/vitis_accel_prj/build/xclbin/link/vivado/vpl/prj/prj.gen/my_rm/bd/ulp/ipshared/b8be/hdl/axi_clock_converter_v2_1_vl_rfs.v:516]
INFO: [Synth 8-6157] synthesizing module 'axi_infrastructure_v1_1_0_vector2axi' [/home/ayvol/vitis-accel-DNN/vitis_accel_prj/build/xclbin/link/vivado/vpl/prj/prj.gen/my_rm/bd/ulp/ipshared/ec67/hdl/axi_infrastructure_v1_1_vl_rfs.v:473]
INFO: [Synth 8-6155] done synthesizing module 'axi_infrastructure_v1_1_0_vector2axi' (0#1) [/home/ayvol/vitis-accel-DNN/vitis_accel_prj/build/xclbin/link/vivado/vpl/prj/prj.gen/my_rm/bd/ulp/ipshared/ec67/hdl/axi_infrastructure_v1_1_vl_rfs.v:473]
INFO: [Synth 8-6155] done synthesizing module 'axi_clock_converter_v2_1_26_axi_clock_converter' (0#1) [/home/ayvol/vitis-accel-DNN/vitis_accel_prj/build/xclbin/link/vivado/vpl/prj/prj.gen/my_rm/bd/ulp/ipshared/b8be/hdl/axi_clock_converter_v2_1_vl_rfs.v:653]
INFO: [Synth 8-6155] done synthesizing module 'ulp_auto_cc_0' (0#1) [/home/ayvol/vitis-accel-DNN/vitis_accel_prj/build/xclbin/link/vivado/vpl/prj/prj.gen/my_rm/bd/ulp/ip/ulp_auto_cc_0/synth/ulp_auto_cc_0.v:53]
WARNING: [Synth 8-6014] Unused sequential element dest_req_ext_ff_reg was removed.  [/tools/Xilinx/Vivado/2022.2/data/ip/xpm/xpm_cdc/hdl/xpm_cdc.sv:623]
WARNING: [Synth 8-6014] Unused sequential element dest_req_ext_ff_reg was removed.  [/tools/Xilinx/Vivado/2022.2/data/ip/xpm/xpm_cdc/hdl/xpm_cdc.sv:623]
WARNING: [Synth 8-6014] Unused sequential element dest_req_ext_ff_reg was removed.  [/tools/Xilinx/Vivado/2022.2/data/ip/xpm/xpm_cdc/hdl/xpm_cdc.sv:623]
WARNING: [Synth 8-6014] Unused sequential element dest_req_ext_ff_reg was removed.  [/tools/Xilinx/Vivado/2022.2/data/ip/xpm/xpm_cdc/hdl/xpm_cdc.sv:623]
WARNING: [Synth 8-7129] Port m_axi_bid[0] in module axi_infrastructure_v1_1_0_vector2axi is either unconnected or has no load
WARNING: [Synth 8-7129] Port m_axi_buser[0] in module axi_infrastructure_v1_1_0_vector2axi is either unconnected or has no load
WARNING: [Synth 8-7129] Port m_axi_rid[0] in module axi_infrastructure_v1_1_0_vector2axi is either unconnected or has no load
WARNING: [Synth 8-7129] Port m_axi_rlast in module axi_infrastructure_v1_1_0_vector2axi is either unconnected or has no load
WARNING: [Synth 8-7129] Port m_axi_ruser[0] in module axi_infrastructure_v1_1_0_vector2axi is either unconnected or has no load
WARNING: [Synth 8-7129] Port src_clk in module xpm_cdc_single is either unconnected or has no load
WARNING: [Synth 8-7129] Port s_axi_awid[0] in module axi_infrastructure_v1_1_0_axi2vector is either unconnected or has no load
WARNING: [Synth 8-7129] Port s_axi_awlen[7] in module axi_infrastructure_v1_1_0_axi2vector is either unconnected or has no load
WARNING: [Synth 8-7129] Port s_axi_awlen[6] in module axi_infrastructure_v1_1_0_axi2vector is either unconnected or has no load
WARNING: [Synth 8-7129] Port s_axi_awlen[5] in module axi_infrastructure_v1_1_0_axi2vector is either unconnected or has no load
WARNING: [Synth 8-7129] Port s_axi_awlen[4] in module axi_infrastructure_v1_1_0_axi2vector is either unconnected or has no load
WARNING: [Synth 8-7129] Port s_axi_awlen[3] in module axi_infrastructure_v1_1_0_axi2vector is either unconnected or has no load
WARNING: [Synth 8-7129] Port s_axi_awlen[2] in module axi_infrastructure_v1_1_0_axi2vector is either unconnected or has no load
WARNING: [Synth 8-7129] Port s_axi_awlen[1] in module axi_infrastructure_v1_1_0_axi2vector is either unconnected or has no load
WARNING: [Synth 8-7129] Port s_axi_awlen[0] in module axi_infrastructure_v1_1_0_axi2vector is either unconnected or has no load
WARNING: [Synth 8-7129] Port s_axi_awsize[2] in module axi_infrastructure_v1_1_0_axi2vector is either unconnected or has no load
WARNING: [Synth 8-7129] Port s_axi_awsize[1] in module axi_infrastructure_v1_1_0_axi2vector is either unconnected or has no load
WARNING: [Synth 8-7129] Port s_axi_awsize[0] in module axi_infrastructure_v1_1_0_axi2vector is either unconnected or has no load
WARNING: [Synth 8-7129] Port s_axi_awburst[1] in module axi_infrastructure_v1_1_0_axi2vector is either unconnected or has no load
WARNING: [Synth 8-7129] Port s_axi_awburst[0] in module axi_infrastructure_v1_1_0_axi2vector is either unconnected or has no load
WARNING: [Synth 8-7129] Port s_axi_awlock[0] in module axi_infrastructure_v1_1_0_axi2vector is either unconnected or has no load
WARNING: [Synth 8-7129] Port s_axi_awcache[3] in module axi_infrastructure_v1_1_0_axi2vector is either unconnected or has no load
WARNING: [Synth 8-7129] Port s_axi_awcache[2] in module axi_infrastructure_v1_1_0_axi2vector is either unconnected or has no load
WARNING: [Synth 8-7129] Port s_axi_awcache[1] in module axi_infrastructure_v1_1_0_axi2vector is either unconnected or has no load
WARNING: [Synth 8-7129] Port s_axi_awcache[0] in module axi_infrastructure_v1_1_0_axi2vector is either unconnected or has no load
WARNING: [Synth 8-7129] Port s_axi_awregion[3] in module axi_infrastructure_v1_1_0_axi2vector is either unconnected or has no load
WARNING: [Synth 8-7129] Port s_axi_awregion[2] in module axi_infrastructure_v1_1_0_axi2vector is either unconnected or has no load
WARNING: [Synth 8-7129] Port s_axi_awregion[1] in module axi_infrastructure_v1_1_0_axi2vector is either unconnected or has no load
WARNING: [Synth 8-7129] Port s_axi_awregion[0] in module axi_infrastructure_v1_1_0_axi2vector is either unconnected or has no load
WARNING: [Synth 8-7129] Port s_axi_awqos[3] in module axi_infrastructure_v1_1_0_axi2vector is either unconnected or has no load
WARNING: [Synth 8-7129] Port s_axi_awqos[2] in module axi_infrastructure_v1_1_0_axi2vector is either unconnected or has no load
WARNING: [Synth 8-7129] Port s_axi_awqos[1] in module axi_infrastructure_v1_1_0_axi2vector is either unconnected or has no load
WARNING: [Synth 8-7129] Port s_axi_awqos[0] in module axi_infrastructure_v1_1_0_axi2vector is either unconnected or has no load
WARNING: [Synth 8-7129] Port s_axi_awuser[0] in module axi_infrastructure_v1_1_0_axi2vector is either unconnected or has no load
WARNING: [Synth 8-7129] Port s_axi_wid[0] in module axi_infrastructure_v1_1_0_axi2vector is either unconnected or has no load
WARNING: [Synth 8-7129] Port s_axi_wlast in module axi_infrastructure_v1_1_0_axi2vector is either unconnected or has no load
WARNING: [Synth 8-7129] Port s_axi_wuser[0] in module axi_infrastructure_v1_1_0_axi2vector is either unconnected or has no load
WARNING: [Synth 8-7129] Port s_axi_arid[0] in module axi_infrastructure_v1_1_0_axi2vector is either unconnected or has no load
WARNING: [Synth 8-7129] Port s_axi_arlen[7] in module axi_infrastructure_v1_1_0_axi2vector is either unconnected or has no load
WARNING: [Synth 8-7129] Port s_axi_arlen[6] in module axi_infrastructure_v1_1_0_axi2vector is either unconnected or has no load
WARNING: [Synth 8-7129] Port s_axi_arlen[5] in module axi_infrastructure_v1_1_0_axi2vector is either unconnected or has no load
WARNING: [Synth 8-7129] Port s_axi_arlen[4] in module axi_infrastructure_v1_1_0_axi2vector is either unconnected or has no load
WARNING: [Synth 8-7129] Port s_axi_arlen[3] in module axi_infrastructure_v1_1_0_axi2vector is either unconnected or has no load
WARNING: [Synth 8-7129] Port s_axi_arlen[2] in module axi_infrastructure_v1_1_0_axi2vector is either unconnected or has no load
WARNING: [Synth 8-7129] Port s_axi_arlen[1] in module axi_infrastructure_v1_1_0_axi2vector is either unconnected or has no load
WARNING: [Synth 8-7129] Port s_axi_arlen[0] in module axi_infrastructure_v1_1_0_axi2vector is either unconnected or has no load
WARNING: [Synth 8-7129] Port s_axi_arsize[2] in module axi_infrastructure_v1_1_0_axi2vector is either unconnected or has no load
WARNING: [Synth 8-7129] Port s_axi_arsize[1] in module axi_infrastructure_v1_1_0_axi2vector is either unconnected or has no load
WARNING: [Synth 8-7129] Port s_axi_arsize[0] in module axi_infrastructure_v1_1_0_axi2vector is either unconnected or has no load
WARNING: [Synth 8-7129] Port s_axi_arburst[1] in module axi_infrastructure_v1_1_0_axi2vector is either unconnected or has no load
WARNING: [Synth 8-7129] Port s_axi_arburst[0] in module axi_infrastructure_v1_1_0_axi2vector is either unconnected or has no load
WARNING: [Synth 8-7129] Port s_axi_arlock[0] in module axi_infrastructure_v1_1_0_axi2vector is either unconnected or has no load
WARNING: [Synth 8-7129] Port s_axi_arcache[3] in module axi_infrastructure_v1_1_0_axi2vector is either unconnected or has no load
WARNING: [Synth 8-7129] Port s_axi_arcache[2] in module axi_infrastructure_v1_1_0_axi2vector is either unconnected or has no load
WARNING: [Synth 8-7129] Port s_axi_arcache[1] in module axi_infrastructure_v1_1_0_axi2vector is either unconnected or has no load
WARNING: [Synth 8-7129] Port s_axi_arcache[0] in module axi_infrastructure_v1_1_0_axi2vector is either unconnected or has no load
WARNING: [Synth 8-7129] Port s_axi_arregion[3] in module axi_infrastructure_v1_1_0_axi2vector is either unconnected or has no load
WARNING: [Synth 8-7129] Port s_axi_arregion[2] in module axi_infrastructure_v1_1_0_axi2vector is either unconnected or has no load
WARNING: [Synth 8-7129] Port s_axi_arregion[1] in module axi_infrastructure_v1_1_0_axi2vector is either unconnected or has no load
WARNING: [Synth 8-7129] Port s_axi_arregion[0] in module axi_infrastructure_v1_1_0_axi2vector is either unconnected or has no load
WARNING: [Synth 8-7129] Port s_axi_arqos[3] in module axi_infrastructure_v1_1_0_axi2vector is either unconnected or has no load
WARNING: [Synth 8-7129] Port s_axi_arqos[2] in module axi_infrastructure_v1_1_0_axi2vector is either unconnected or has no load
WARNING: [Synth 8-7129] Port s_axi_arqos[1] in module axi_infrastructure_v1_1_0_axi2vector is either unconnected or has no load
WARNING: [Synth 8-7129] Port s_axi_arqos[0] in module axi_infrastructure_v1_1_0_axi2vector is either unconnected or has no load
WARNING: [Synth 8-7129] Port s_axi_aruser[0] in module axi_infrastructure_v1_1_0_axi2vector is either unconnected or has no load
WARNING: [Synth 8-7129] Port s_axi_awid[0] in module axi_clock_converter_v2_1_26_axi_clock_converter is either unconnected or has no load
WARNING: [Synth 8-7129] Port s_axi_awsize[2] in module axi_clock_converter_v2_1_26_axi_clock_converter is either unconnected or has no load
WARNING: [Synth 8-7129] Port s_axi_awsize[1] in module axi_clock_converter_v2_1_26_axi_clock_converter is either unconnected or has no load
WARNING: [Synth 8-7129] Port s_axi_awsize[0] in module axi_clock_converter_v2_1_26_axi_clock_converter is either unconnected or has no load
WARNING: [Synth 8-7129] Port s_axi_awburst[1] in module axi_clock_converter_v2_1_26_axi_clock_converter is either unconnected or has no load
WARNING: [Synth 8-7129] Port s_axi_awburst[0] in module axi_clock_converter_v2_1_26_axi_clock_converter is either unconnected or has no load
WARNING: [Synth 8-7129] Port s_axi_awcache[3] in module axi_clock_converter_v2_1_26_axi_clock_converter is either unconnected or has no load
WARNING: [Synth 8-7129] Port s_axi_awcache[2] in module axi_clock_converter_v2_1_26_axi_clock_converter is either unconnected or has no load
WARNING: [Synth 8-7129] Port s_axi_awcache[1] in module axi_clock_converter_v2_1_26_axi_clock_converter is either unconnected or has no load
WARNING: [Synth 8-7129] Port s_axi_awcache[0] in module axi_clock_converter_v2_1_26_axi_clock_converter is either unconnected or has no load
WARNING: [Synth 8-7129] Port s_axi_awregion[3] in module axi_clock_converter_v2_1_26_axi_clock_converter is either unconnected or has no load
WARNING: [Synth 8-7129] Port s_axi_awregion[2] in module axi_clock_converter_v2_1_26_axi_clock_converter is either unconnected or has no load
WARNING: [Synth 8-7129] Port s_axi_awregion[1] in module axi_clock_converter_v2_1_26_axi_clock_converter is either unconnected or has no load
WARNING: [Synth 8-7129] Port s_axi_awregion[0] in module axi_clock_converter_v2_1_26_axi_clock_converter is either unconnected or has no load
WARNING: [Synth 8-7129] Port s_axi_awqos[3] in module axi_clock_converter_v2_1_26_axi_clock_converter is either unconnected or has no load
WARNING: [Synth 8-7129] Port s_axi_awqos[2] in module axi_clock_converter_v2_1_26_axi_clock_converter is either unconnected or has no load
WARNING: [Synth 8-7129] Port s_axi_awqos[1] in module axi_clock_converter_v2_1_26_axi_clock_converter is either unconnected or has no load
WARNING: [Synth 8-7129] Port s_axi_awqos[0] in module axi_clock_converter_v2_1_26_axi_clock_converter is either unconnected or has no load
WARNING: [Synth 8-7129] Port s_axi_awuser[0] in module axi_clock_converter_v2_1_26_axi_clock_converter is either unconnected or has no load
WARNING: [Synth 8-7129] Port s_axi_wid[0] in module axi_clock_converter_v2_1_26_axi_clock_converter is either unconnected or has no load
WARNING: [Synth 8-7129] Port s_axi_wlast in module axi_clock_converter_v2_1_26_axi_clock_converter is either unconnected or has no load
WARNING: [Synth 8-7129] Port s_axi_wuser[0] in module axi_clock_converter_v2_1_26_axi_clock_converter is either unconnected or has no load
WARNING: [Synth 8-7129] Port s_axi_arid[0] in module axi_clock_converter_v2_1_26_axi_clock_converter is either unconnected or has no load
WARNING: [Synth 8-7129] Port s_axi_arsize[2] in module axi_clock_converter_v2_1_26_axi_clock_converter is either unconnected or has no load
WARNING: [Synth 8-7129] Port s_axi_arsize[1] in module axi_clock_converter_v2_1_26_axi_clock_converter is either unconnected or has no load
WARNING: [Synth 8-7129] Port s_axi_arsize[0] in module axi_clock_converter_v2_1_26_axi_clock_converter is either unconnected or has no load
WARNING: [Synth 8-7129] Port s_axi_arburst[1] in module axi_clock_converter_v2_1_26_axi_clock_converter is either unconnected or has no load
WARNING: [Synth 8-7129] Port s_axi_arburst[0] in module axi_clock_converter_v2_1_26_axi_clock_converter is either unconnected or has no load
WARNING: [Synth 8-7129] Port s_axi_arcache[3] in module axi_clock_converter_v2_1_26_axi_clock_converter is either unconnected or has no load
WARNING: [Synth 8-7129] Port s_axi_arcache[2] in module axi_clock_converter_v2_1_26_axi_clock_converter is either unconnected or has no load
WARNING: [Synth 8-7129] Port s_axi_arcache[1] in module axi_clock_converter_v2_1_26_axi_clock_converter is either unconnected or has no load
WARNING: [Synth 8-7129] Port s_axi_arcache[0] in module axi_clock_converter_v2_1_26_axi_clock_converter is either unconnected or has no load
WARNING: [Synth 8-7129] Port s_axi_arregion[3] in module axi_clock_converter_v2_1_26_axi_clock_converter is either unconnected or has no load
WARNING: [Synth 8-7129] Port s_axi_arregion[2] in module axi_clock_converter_v2_1_26_axi_clock_converter is either unconnected or has no load
WARNING: [Synth 8-7129] Port s_axi_arregion[1] in module axi_clock_converter_v2_1_26_axi_clock_converter is either unconnected or has no load
INFO: [Common 17-14] Message 'Synth 8-7129' appears 100 times and further instances of the messages will be disabled. Use the Tcl command set_msg_config to change the current settings.
---------------------------------------------------------------------------------
Finished RTL Elaboration : Time (s): cpu = 00:00:10 ; elapsed = 00:00:11 . Memory (MB): peak = 3641.664 ; gain = 532.672 ; free physical = 603335 ; free virtual = 830688
Synthesis current peak Physical Memory [PSS] (MB): peak = 2821.744; parent = 2691.754; children = 129.991
Synthesis current peak Virtual Memory [VSS] (MB): peak = 4628.957; parent = 3641.668; children = 987.289
---------------------------------------------------------------------------------
---------------------------------------------------------------------------------
Start Handling Custom Attributes
---------------------------------------------------------------------------------
---------------------------------------------------------------------------------
Finished Handling Custom Attributes : Time (s): cpu = 00:00:10 ; elapsed = 00:00:11 . Memory (MB): peak = 3656.508 ; gain = 547.516 ; free physical = 603267 ; free virtual = 830662
Synthesis current peak Physical Memory [PSS] (MB): peak = 2821.744; parent = 2691.754; children = 129.991
Synthesis current peak Virtual Memory [VSS] (MB): peak = 4643.801; parent = 3656.512; children = 987.289
---------------------------------------------------------------------------------
---------------------------------------------------------------------------------
Finished RTL Optimization Phase 1 : Time (s): cpu = 00:00:10 ; elapsed = 00:00:11 . Memory (MB): peak = 3656.508 ; gain = 547.516 ; free physical = 603331 ; free virtual = 830726
Synthesis current peak Physical Memory [PSS] (MB): peak = 2821.744; parent = 2691.754; children = 129.991
Synthesis current peak Virtual Memory [VSS] (MB): peak = 4643.801; parent = 3656.512; children = 987.289
---------------------------------------------------------------------------------
Netlist sorting complete. Time (s): cpu = 00:00:00 ; elapsed = 00:00:00 . Memory (MB): peak = 3656.508 ; gain = 0.000 ; free physical = 603355 ; free virtual = 830751
INFO: [Project 1-570] Preparing netlist for logic optimization

Processing XDC Constraints
Initializing timing engine
Parsing XDC File [/home/ayvol/vitis-accel-DNN/vitis_accel_prj/build/xclbin/link/vivado/vpl/prj/prj.gen/my_rm/bd/ulp/ip/ulp_auto_cc_0/ulp_auto_cc_0_ooc.xdc] for cell 'inst'
0V85_VCCINT { VCCINT }  -supply_current_budget  100.000 A -voltage  0.850 V -direct
0V85_VCCINT_IO { VCCINT_IO VCCBRAM }  -supply_current_budget  30.000 A -voltage  0.850 V -direct
0V9_AVCC { MGTYAVCC }  -supply_current_budget  0.000 A -voltage  0.900 V -direct
1V2_AVTT { MGTYAVTT }  -supply_current_budget  0.000 A -voltage  1.200 V -direct
1V2_HBM { VCC_HBM }  -supply_current_budget  0.000 A -voltage  1.200 V -direct
1V8 { VCCAUX VCCAUX_IO MGTYVCCAUX VCCO18 VCCADC }  -supply_current_budget  4.000 A -voltage  1.800 V -direct
2V5_VPP { VCCAUX_HBM }  -supply_current_budget  0.300 A -voltage  2.500 V -direct
Finished Parsing XDC File [/home/ayvol/vitis-accel-DNN/vitis_accel_prj/build/xclbin/link/vivado/vpl/prj/prj.gen/my_rm/bd/ulp/ip/ulp_auto_cc_0/ulp_auto_cc_0_ooc.xdc] for cell 'inst'
Parsing XDC File [/home/ayvol/vitis-accel-DNN/vitis_accel_prj/build/xclbin/link/vivado/vpl/prj/prj.runs/ulp_auto_cc_0_synth_1/dont_touch.xdc]
Finished Parsing XDC File [/home/ayvol/vitis-accel-DNN/vitis_accel_prj/build/xclbin/link/vivado/vpl/prj/prj.runs/ulp_auto_cc_0_synth_1/dont_touch.xdc]
INFO: [Project 1-236] Implementation specific constraints were found while reading constraint file [/tools/Xilinx/Vivado/2022.2/data/ip/xpm/xpm_cdc/tcl/xpm_cdc_handshake.tcl]. These constraints will be ignored for synthesis but will be used in implementation. Impacted constraints are listed in the file [.Xil/ulp_auto_cc_0_propImpl.xdc].
Resolution: To avoid this warning, move constraints listed in [.Xil/ulp_auto_cc_0_propImpl.xdc] to another XDC file and exclude this new file from synthesis with the used_in_synthesis property (File Properties dialog in GUI) and re-run elaboration/synthesis.
INFO: [Project 1-236] Implementation specific constraints were found while reading constraint file [/tools/Xilinx/Vivado/2022.2/data/ip/xpm/xpm_cdc/tcl/xpm_cdc_single.tcl]. These constraints will be ignored for synthesis but will be used in implementation. Impacted constraints are listed in the file [.Xil/ulp_auto_cc_0_propImpl.xdc].
Resolution: To avoid this warning, move constraints listed in [.Xil/ulp_auto_cc_0_propImpl.xdc] to another XDC file and exclude this new file from synthesis with the used_in_synthesis property (File Properties dialog in GUI) and re-run elaboration/synthesis.
INFO: [Project 1-1714] 15 XPM XDC files have been applied to the design.
Completed Processing XDC Constraints

Netlist sorting complete. Time (s): cpu = 00:00:00 ; elapsed = 00:00:00 . Memory (MB): peak = 3758.074 ; gain = 0.000 ; free physical = 603555 ; free virtual = 830936
INFO: [Project 1-111] Unisim Transformation Summary:
No Unisim elements were transformed.

Constraint Validation Runtime : Time (s): cpu = 00:00:00.02 ; elapsed = 00:00:00.02 . Memory (MB): peak = 3758.074 ; gain = 0.000 ; free physical = 603553 ; free virtual = 830934
INFO: [Designutils 20-5008] Incremental synthesis strategy off
INFO: [Synth 8-11241] undeclared symbol 'REGCCE', assumed default net type 'wire' [/tools/Xilinx/Vivado/2022.2/data/verilog/src/unimacro/BRAM_SINGLE_MACRO.v:2170]
---------------------------------------------------------------------------------
Finished Constraint Validation : Time (s): cpu = 00:00:21 ; elapsed = 00:00:23 . Memory (MB): peak = 3758.074 ; gain = 649.082 ; free physical = 603060 ; free virtual = 830447
Synthesis current peak Physical Memory [PSS] (MB): peak = 2821.744; parent = 2691.754; children = 132.382
Synthesis current peak Virtual Memory [VSS] (MB): peak = 4745.367; parent = 3758.078; children = 987.289
---------------------------------------------------------------------------------
---------------------------------------------------------------------------------
Start Loading Part and Timing Information
---------------------------------------------------------------------------------
Loading part: xcu55c-fsvh2892-2L-e
INFO: [Synth 8-6742] Reading net delay rules and data
---------------------------------------------------------------------------------
Finished Loading Part and Timing Information : Time (s): cpu = 00:00:21 ; elapsed = 00:00:23 . Memory (MB): peak = 3758.074 ; gain = 649.082 ; free physical = 603046 ; free virtual = 830434
Synthesis current peak Physical Memory [PSS] (MB): peak = 2821.744; parent = 2691.754; children = 132.382
Synthesis current peak Virtual Memory [VSS] (MB): peak = 4745.367; parent = 3758.078; children = 987.289
---------------------------------------------------------------------------------
---------------------------------------------------------------------------------
Start Applying 'set_property' XDC Constraints
---------------------------------------------------------------------------------
Applied set_property KEEP_HIERARCHY = SOFT for inst. (constraint file  /home/ayvol/vitis-accel-DNN/vitis_accel_prj/build/xclbin/link/vivado/vpl/prj/prj.runs/ulp_auto_cc_0_synth_1/dont_touch.xdc, line 9).
Applied set_property KEEP_HIERARCHY = SOFT for inst/\gen_clock_conv.gen_async_lite_conv.clock_conv_lite_fwd_aw /handshake. (constraint file  auto generated constraint).
Applied set_property KEEP_HIERARCHY = SOFT for inst/\gen_clock_conv.gen_async_lite_conv.clock_conv_lite_fwd_ar /handshake. (constraint file  auto generated constraint).
Applied set_property KEEP_HIERARCHY = SOFT for inst/\gen_clock_conv.gen_async_lite_conv.clock_conv_lite_fwd_w /handshake. (constraint file  auto generated constraint).
Applied set_property KEEP_HIERARCHY = SOFT for inst/\gen_clock_conv.gen_async_lite_conv.clock_conv_lite_resp_b /handshake. (constraint file  auto generated constraint).
Applied set_property KEEP_HIERARCHY = SOFT for inst/\gen_clock_conv.gen_async_lite_conv.clock_conv_lite_resp_r /handshake. (constraint file  auto generated constraint).
Applied set_property KEEP_HIERARCHY = SOFT for inst/\gen_clock_conv.gen_async_lite_conv.clock_conv_lite_fwd_aw /handshake/xpm_cdc_single_dest2src_inst. (constraint file  auto generated constraint).
Applied set_property KEEP_HIERARCHY = SOFT for inst/\gen_clock_conv.gen_async_lite_conv.clock_conv_lite_fwd_ar /handshake/xpm_cdc_single_dest2src_inst. (constraint file  auto generated constraint).
Applied set_property KEEP_HIERARCHY = SOFT for inst/\gen_clock_conv.gen_async_lite_conv.clock_conv_lite_fwd_w /handshake/xpm_cdc_single_dest2src_inst. (constraint file  auto generated constraint).
Applied set_property KEEP_HIERARCHY = SOFT for inst/\gen_clock_conv.gen_async_lite_conv.clock_conv_lite_resp_b /handshake/xpm_cdc_single_dest2src_inst. (constraint file  auto generated constraint).
Applied set_property KEEP_HIERARCHY = SOFT for inst/\gen_clock_conv.gen_async_lite_conv.clock_conv_lite_resp_r /handshake/xpm_cdc_single_dest2src_inst. (constraint file  auto generated constraint).
Applied set_property KEEP_HIERARCHY = SOFT for inst/\gen_clock_conv.gen_async_lite_conv.clock_conv_lite_fwd_aw /handshake/xpm_cdc_single_src2dest_inst. (constraint file  auto generated constraint).
Applied set_property KEEP_HIERARCHY = SOFT for inst/\gen_clock_conv.gen_async_lite_conv.clock_conv_lite_fwd_ar /handshake/xpm_cdc_single_src2dest_inst. (constraint file  auto generated constraint).
Applied set_property KEEP_HIERARCHY = SOFT for inst/\gen_clock_conv.gen_async_lite_conv.clock_conv_lite_fwd_w /handshake/xpm_cdc_single_src2dest_inst. (constraint file  auto generated constraint).
Applied set_property KEEP_HIERARCHY = SOFT for inst/\gen_clock_conv.gen_async_lite_conv.clock_conv_lite_resp_b /handshake/xpm_cdc_single_src2dest_inst. (constraint file  auto generated constraint).
Applied set_property KEEP_HIERARCHY = SOFT for inst/\gen_clock_conv.gen_async_lite_conv.clock_conv_lite_resp_r /handshake/xpm_cdc_single_src2dest_inst. (constraint file  auto generated constraint).
---------------------------------------------------------------------------------
Finished applying 'set_property' XDC Constraints : Time (s): cpu = 00:00:21 ; elapsed = 00:00:23 . Memory (MB): peak = 3758.074 ; gain = 649.082 ; free physical = 603036 ; free virtual = 830424
Synthesis current peak Physical Memory [PSS] (MB): peak = 2821.744; parent = 2691.754; children = 132.382
Synthesis current peak Virtual Memory [VSS] (MB): peak = 4745.367; parent = 3758.078; children = 987.289
---------------------------------------------------------------------------------
INFO: [Synth 8-802] inferred FSM for state register 'src_state_reg' in module 'axi_clock_converter_v2_1_26_lite_async__xdcDup__1'
INFO: [Synth 8-802] inferred FSM for state register 'dest_state_reg' in module 'axi_clock_converter_v2_1_26_lite_async__xdcDup__1'
INFO: [Synth 8-802] inferred FSM for state register 'src_state_reg' in module 'axi_clock_converter_v2_1_26_lite_async'
INFO: [Synth 8-802] inferred FSM for state register 'dest_state_reg' in module 'axi_clock_converter_v2_1_26_lite_async'
INFO: [Synth 8-802] inferred FSM for state register 'src_state_reg' in module 'axi_clock_converter_v2_1_26_lite_async__parameterized0'
INFO: [Synth 8-802] inferred FSM for state register 'dest_state_reg' in module 'axi_clock_converter_v2_1_26_lite_async__parameterized0'
INFO: [Synth 8-802] inferred FSM for state register 'src_state_reg' in module 'axi_clock_converter_v2_1_26_lite_async__parameterized1'
INFO: [Synth 8-802] inferred FSM for state register 'dest_state_reg' in module 'axi_clock_converter_v2_1_26_lite_async__parameterized1'
INFO: [Synth 8-802] inferred FSM for state register 'src_state_reg' in module 'axi_clock_converter_v2_1_26_lite_async__parameterized2'
INFO: [Synth 8-802] inferred FSM for state register 'dest_state_reg' in module 'axi_clock_converter_v2_1_26_lite_async__parameterized2'
---------------------------------------------------------------------------------------------------
                   State |                     New Encoding |                Previous Encoding 
---------------------------------------------------------------------------------------------------
                SRC_IDLE |                               00 |                               00
            SRC_DRV_SEND |                               01 |                               01
       SRC_WAIT_RCV_DONE |                               10 |                               10
                  iSTATE |                               11 |                               11
*
---------------------------------------------------------------------------------------------------
INFO: [Synth 8-3354] encoded FSM with state register 'src_state_reg' using encoding 'sequential' in module 'axi_clock_converter_v2_1_26_lite_async__xdcDup__1'
---------------------------------------------------------------------------------------------------
                   State |                     New Encoding |                Previous Encoding 
---------------------------------------------------------------------------------------------------
               DEST_IDLE |                               00 |                               00
          DEST_DRV_VALID |                               01 |                               01
            DEST_DRV_ACK |                               10 |                               10
                  iSTATE |                               11 |                               11
*
---------------------------------------------------------------------------------------------------
INFO: [Synth 8-3354] encoded FSM with state register 'dest_state_reg' using encoding 'sequential' in module 'axi_clock_converter_v2_1_26_lite_async__xdcDup__1'
---------------------------------------------------------------------------------------------------
                   State |                     New Encoding |                Previous Encoding 
---------------------------------------------------------------------------------------------------
                SRC_IDLE |                               00 |                               00
            SRC_DRV_SEND |                               01 |                               01
       SRC_WAIT_RCV_DONE |                               10 |                               10
                  iSTATE |                               11 |                               11
*
---------------------------------------------------------------------------------------------------
INFO: [Synth 8-3354] encoded FSM with state register 'src_state_reg' using encoding 'sequential' in module 'axi_clock_converter_v2_1_26_lite_async'
---------------------------------------------------------------------------------------------------
                   State |                     New Encoding |                Previous Encoding 
---------------------------------------------------------------------------------------------------
               DEST_IDLE |                               00 |                               00
          DEST_DRV_VALID |                               01 |                               01
            DEST_DRV_ACK |                               10 |                               10
                  iSTATE |                               11 |                               11
*
---------------------------------------------------------------------------------------------------
INFO: [Synth 8-3354] encoded FSM with state register 'dest_state_reg' using encoding 'sequential' in module 'axi_clock_converter_v2_1_26_lite_async'
---------------------------------------------------------------------------------------------------
                   State |                     New Encoding |                Previous Encoding 
---------------------------------------------------------------------------------------------------
                SRC_IDLE |                               00 |                               00
            SRC_DRV_SEND |                               01 |                               01
       SRC_WAIT_RCV_DONE |                               10 |                               10
                  iSTATE |                               11 |                               11
*
---------------------------------------------------------------------------------------------------
INFO: [Synth 8-3354] encoded FSM with state register 'src_state_reg' using encoding 'sequential' in module 'axi_clock_converter_v2_1_26_lite_async__parameterized0'
---------------------------------------------------------------------------------------------------
                   State |                     New Encoding |                Previous Encoding 
---------------------------------------------------------------------------------------------------
               DEST_IDLE |                               00 |                               00
          DEST_DRV_VALID |                               01 |                               01
            DEST_DRV_ACK |                               10 |                               10
                  iSTATE |                               11 |                               11
*
---------------------------------------------------------------------------------------------------
INFO: [Synth 8-3354] encoded FSM with state register 'dest_state_reg' using encoding 'sequential' in module 'axi_clock_converter_v2_1_26_lite_async__parameterized0'
---------------------------------------------------------------------------------------------------
                   State |                     New Encoding |                Previous Encoding 
---------------------------------------------------------------------------------------------------
                SRC_IDLE |                               00 |                               00
            SRC_DRV_SEND |                               01 |                               01
       SRC_WAIT_RCV_DONE |                               10 |                               10
                  iSTATE |                               11 |                               11
*
---------------------------------------------------------------------------------------------------
INFO: [Synth 8-3354] encoded FSM with state register 'src_state_reg' using encoding 'sequential' in module 'axi_clock_converter_v2_1_26_lite_async__parameterized1'
---------------------------------------------------------------------------------------------------
                   State |                     New Encoding |                Previous Encoding 
---------------------------------------------------------------------------------------------------
               DEST_IDLE |                               00 |                               00
          DEST_DRV_VALID |                               01 |                               01
            DEST_DRV_ACK |                               10 |                               10
                  iSTATE |                               11 |                               11
*
---------------------------------------------------------------------------------------------------
INFO: [Synth 8-3354] encoded FSM with state register 'dest_state_reg' using encoding 'sequential' in module 'axi_clock_converter_v2_1_26_lite_async__parameterized1'
---------------------------------------------------------------------------------------------------
                   State |                     New Encoding |                Previous Encoding 
---------------------------------------------------------------------------------------------------
                SRC_IDLE |                               00 |                               00
            SRC_DRV_SEND |                               01 |                               01
       SRC_WAIT_RCV_DONE |                               10 |                               10
                  iSTATE |                               11 |                               11
*
---------------------------------------------------------------------------------------------------
INFO: [Synth 8-3354] encoded FSM with state register 'src_state_reg' using encoding 'sequential' in module 'axi_clock_converter_v2_1_26_lite_async__parameterized2'
---------------------------------------------------------------------------------------------------
                   State |                     New Encoding |                Previous Encoding 
---------------------------------------------------------------------------------------------------
               DEST_IDLE |                               00 |                               00
          DEST_DRV_VALID |                               01 |                               01
            DEST_DRV_ACK |                               10 |                               10
                  iSTATE |                               11 |                               11
*
---------------------------------------------------------------------------------------------------
INFO: [Synth 8-3354] encoded FSM with state register 'dest_state_reg' using encoding 'sequential' in module 'axi_clock_converter_v2_1_26_lite_async__parameterized2'
---------------------------------------------------------------------------------
Finished RTL Optimization Phase 2 : Time (s): cpu = 00:00:22 ; elapsed = 00:00:24 . Memory (MB): peak = 3758.074 ; gain = 649.082 ; free physical = 602877 ; free virtual = 830266
Synthesis current peak Physical Memory [PSS] (MB): peak = 2821.744; parent = 2691.754; children = 132.382
Synthesis current peak Virtual Memory [VSS] (MB): peak = 4745.367; parent = 3758.078; children = 987.289
---------------------------------------------------------------------------------
---------------------------------------------------------------------------------
Start RTL Component Statistics 
---------------------------------------------------------------------------------
Detailed RTL Component Info : 
+---Registers : 
	               36 Bit    Registers := 2     
	               34 Bit    Registers := 2     
	               12 Bit    Registers := 4     
	                4 Bit    Registers := 10    
	                3 Bit    Registers := 10    
	                2 Bit    Registers := 2     
	                1 Bit    Registers := 30    
+---Muxes : 
	   4 Input    2 Bit        Muxes := 10    
	   2 Input    2 Bit        Muxes := 15    
	   2 Input    1 Bit        Muxes := 5     
	   4 Input    1 Bit        Muxes := 50    
---------------------------------------------------------------------------------
Finished RTL Component Statistics 
---------------------------------------------------------------------------------
---------------------------------------------------------------------------------
Start Part Resource Summary
---------------------------------------------------------------------------------
Part Resources:
DSPs: 9024 (col length:94)
BRAMs: 4032 (col length: RAMB18 288 RAMB36 144)
---------------------------------------------------------------------------------
Finished Part Resource Summary
---------------------------------------------------------------------------------
---------------------------------------------------------------------------------
Start Cross Boundary and Area Optimization
---------------------------------------------------------------------------------
WARNING: [Synth 8-7080] Parallel synthesis criteria is not met
---------------------------------------------------------------------------------
Finished Cross Boundary and Area Optimization : Time (s): cpu = 00:00:23 ; elapsed = 00:00:26 . Memory (MB): peak = 3758.074 ; gain = 649.082 ; free physical = 603366 ; free virtual = 830801
Synthesis current peak Physical Memory [PSS] (MB): peak = 2821.744; parent = 2691.754; children = 132.745
Synthesis current peak Virtual Memory [VSS] (MB): peak = 4745.367; parent = 3758.078; children = 987.289
---------------------------------------------------------------------------------
---------------------------------------------------------------------------------
Start Applying XDC Timing Constraints
---------------------------------------------------------------------------------
---------------------------------------------------------------------------------
Finished Applying XDC Timing Constraints : Time (s): cpu = 00:00:34 ; elapsed = 00:00:38 . Memory (MB): peak = 3961.965 ; gain = 852.973 ; free physical = 602645 ; free virtual = 830094
Synthesis current peak Physical Memory [PSS] (MB): peak = 3153.566; parent = 3015.302; children = 138.265
Synthesis current peak Virtual Memory [VSS] (MB): peak = 4949.258; parent = 3961.969; children = 987.289
---------------------------------------------------------------------------------
---------------------------------------------------------------------------------
Start Timing Optimization
---------------------------------------------------------------------------------
---------------------------------------------------------------------------------
Finished Timing Optimization : Time (s): cpu = 00:00:34 ; elapsed = 00:00:39 . Memory (MB): peak = 3971.980 ; gain = 862.988 ; free physical = 602643 ; free virtual = 830093
Synthesis current peak Physical Memory [PSS] (MB): peak = 3154.181; parent = 3015.974; children = 138.265
Synthesis current peak Virtual Memory [VSS] (MB): peak = 4959.273; parent = 3971.984; children = 987.289
---------------------------------------------------------------------------------
---------------------------------------------------------------------------------
Start Technology Mapping
---------------------------------------------------------------------------------
---------------------------------------------------------------------------------
Finished Technology Mapping : Time (s): cpu = 00:00:34 ; elapsed = 00:00:39 . Memory (MB): peak = 3981.996 ; gain = 873.004 ; free physical = 602641 ; free virtual = 830090
Synthesis current peak Physical Memory [PSS] (MB): peak = 3154.876; parent = 3016.612; children = 138.265
Synthesis current peak Virtual Memory [VSS] (MB): peak = 4969.289; parent = 3982.000; children = 987.289
---------------------------------------------------------------------------------
---------------------------------------------------------------------------------
Start IO Insertion
---------------------------------------------------------------------------------
---------------------------------------------------------------------------------
Start Flattening Before IO Insertion
---------------------------------------------------------------------------------
---------------------------------------------------------------------------------
Finished Flattening Before IO Insertion
---------------------------------------------------------------------------------
---------------------------------------------------------------------------------
Start Final Netlist Cleanup
---------------------------------------------------------------------------------
---------------------------------------------------------------------------------
Finished Final Netlist Cleanup
---------------------------------------------------------------------------------
---------------------------------------------------------------------------------
Finished IO Insertion : Time (s): cpu = 00:00:37 ; elapsed = 00:00:43 . Memory (MB): peak = 3987.934 ; gain = 878.941 ; free physical = 602667 ; free virtual = 830079
Synthesis current peak Physical Memory [PSS] (MB): peak = 3154.972; parent = 3016.707; children = 138.265
Synthesis current peak Virtual Memory [VSS] (MB): peak = 4975.227; parent = 3987.938; children = 987.289
---------------------------------------------------------------------------------
---------------------------------------------------------------------------------
Start Renaming Generated Instances
---------------------------------------------------------------------------------
---------------------------------------------------------------------------------
Finished Renaming Generated Instances : Time (s): cpu = 00:00:37 ; elapsed = 00:00:43 . Memory (MB): peak = 3987.934 ; gain = 878.941 ; free physical = 602620 ; free virtual = 830074
Synthesis current peak Physical Memory [PSS] (MB): peak = 3154.972; parent = 3016.707; children = 138.265
Synthesis current peak Virtual Memory [VSS] (MB): peak = 4975.227; parent = 3987.938; children = 987.289
---------------------------------------------------------------------------------
---------------------------------------------------------------------------------
Start Rebuilding User Hierarchy
---------------------------------------------------------------------------------
---------------------------------------------------------------------------------
Finished Rebuilding User Hierarchy : Time (s): cpu = 00:00:37 ; elapsed = 00:00:43 . Memory (MB): peak = 3987.934 ; gain = 878.941 ; free physical = 602619 ; free virtual = 830073
Synthesis current peak Physical Memory [PSS] (MB): peak = 3154.972; parent = 3016.707; children = 138.265
Synthesis current peak Virtual Memory [VSS] (MB): peak = 4975.227; parent = 3987.938; children = 987.289
---------------------------------------------------------------------------------
---------------------------------------------------------------------------------
Start Renaming Generated Ports
---------------------------------------------------------------------------------
---------------------------------------------------------------------------------
Finished Renaming Generated Ports : Time (s): cpu = 00:00:37 ; elapsed = 00:00:43 . Memory (MB): peak = 3987.934 ; gain = 878.941 ; free physical = 602618 ; free virtual = 830073
Synthesis current peak Physical Memory [PSS] (MB): peak = 3154.975; parent = 3016.710; children = 138.265
Synthesis current peak Virtual Memory [VSS] (MB): peak = 4975.227; parent = 3987.938; children = 987.289
---------------------------------------------------------------------------------
---------------------------------------------------------------------------------
Start Handling Custom Attributes
---------------------------------------------------------------------------------
---------------------------------------------------------------------------------
Finished Handling Custom Attributes : Time (s): cpu = 00:00:37 ; elapsed = 00:00:43 . Memory (MB): peak = 3987.934 ; gain = 878.941 ; free physical = 602617 ; free virtual = 830072
Synthesis current peak Physical Memory [PSS] (MB): peak = 3154.982; parent = 3016.718; children = 138.265
Synthesis current peak Virtual Memory [VSS] (MB): peak = 4975.227; parent = 3987.938; children = 987.289
---------------------------------------------------------------------------------
---------------------------------------------------------------------------------
Start Renaming Generated Nets
---------------------------------------------------------------------------------
---------------------------------------------------------------------------------
Finished Renaming Generated Nets : Time (s): cpu = 00:00:37 ; elapsed = 00:00:43 . Memory (MB): peak = 3987.934 ; gain = 878.941 ; free physical = 602617 ; free virtual = 830072
Synthesis current peak Physical Memory [PSS] (MB): peak = 3155.014; parent = 3016.749; children = 138.265
Synthesis current peak Virtual Memory [VSS] (MB): peak = 4975.227; parent = 3987.938; children = 987.289
---------------------------------------------------------------------------------
---------------------------------------------------------------------------------
Start Writing Synthesis Report
---------------------------------------------------------------------------------

Report BlackBoxes: 
+-+--------------+----------+
| |BlackBox name |Instances |
+-+--------------+----------+
+-+--------------+----------+

Report Cell Usage: 
+------+-----+------+
|      |Cell |Count |
+------+-----+------+
|1     |LUT1 |     7|
|2     |LUT2 |    11|
|3     |LUT3 |    15|
|4     |LUT4 |    15|
|5     |LUT5 |    15|
|6     |LUT6 |     5|
|7     |FDRE |   280|
+------+-----+------+
---------------------------------------------------------------------------------
Finished Writing Synthesis Report : Time (s): cpu = 00:00:37 ; elapsed = 00:00:43 . Memory (MB): peak = 3987.934 ; gain = 878.941 ; free physical = 602637 ; free virtual = 830092
Synthesis current peak Physical Memory [PSS] (MB): peak = 3155.014; parent = 3016.749; children = 138.265
Synthesis current peak Virtual Memory [VSS] (MB): peak = 4975.227; parent = 3987.938; children = 987.289
---------------------------------------------------------------------------------
Synthesis finished with 0 errors, 0 critical warnings and 66 warnings.
Synthesis Optimization Runtime : Time (s): cpu = 00:00:31 ; elapsed = 00:00:36 . Memory (MB): peak = 3987.934 ; gain = 777.375 ; free physical = 602663 ; free virtual = 830118
Synthesis Optimization Complete : Time (s): cpu = 00:00:37 ; elapsed = 00:00:44 . Memory (MB): peak = 3987.941 ; gain = 878.941 ; free physical = 602638 ; free virtual = 830093
INFO: [Project 1-571] Translating synthesized netlist
Netlist sorting complete. Time (s): cpu = 00:00:00 ; elapsed = 00:00:00 . Memory (MB): peak = 4003.871 ; gain = 0.000 ; free physical = 602736 ; free virtual = 830191
INFO: [Project 1-570] Preparing netlist for logic optimization
INFO: [Opt 31-138] Pushed 0 inverter(s) to 0 load pin(s).
Netlist sorting complete. Time (s): cpu = 00:00:00 ; elapsed = 00:00:00 . Memory (MB): peak = 4062.160 ; gain = 0.000 ; free physical = 602631 ; free virtual = 830050
INFO: [Project 1-111] Unisim Transformation Summary:
No Unisim elements were transformed.

Synth Design complete, checksum: 903d9a09
INFO: [Common 17-83] Releasing license: Synthesis
73 Infos, 110 Warnings, 0 Critical Warnings and 0 Errors encountered.
synth_design completed successfully
synth_design: Time (s): cpu = 00:00:51 ; elapsed = 00:00:57 . Memory (MB): peak = 4062.160 ; gain = 2281.156 ; free physical = 602841 ; free virtual = 830260
INFO: [Common 17-600] The following parameters have non-default value.
general.maxThreads
INFO: [Common 17-1381] The checkpoint '/home/ayvol/vitis-accel-DNN/vitis_accel_prj/build/xclbin/link/vivado/vpl/prj/prj.runs/ulp_auto_cc_0_synth_1/ulp_auto_cc_0.dcp' has been generated.
INFO: [Coretcl 2-1648] Added synthesis output to IP cache for IP ulp_auto_cc_0, cache-ID = eeb7c50b946361b1
INFO: [Coretcl 2-1174] Renamed 21 cell refs.
INFO: [Common 17-1381] The checkpoint '/home/ayvol/vitis-accel-DNN/vitis_accel_prj/build/xclbin/link/vivado/vpl/prj/prj.runs/ulp_auto_cc_0_synth_1/ulp_auto_cc_0.dcp' has been generated.
INFO: [runtcl-4] Executing : report_utilization -file ulp_auto_cc_0_utilization_synth.rpt -pb ulp_auto_cc_0_utilization_synth.pb
INFO: [Common 17-206] Exiting Vivado at Sat Jun  1 06:33:09 2024...
