
*** Running vivado
    with args -log ulp_axi_vip_data_0.vds -m64 -product Vivado -mode batch -messageDb vivado.pb -notrace -source ulp_axi_vip_data_0.tcl


****** Vivado v2022.2 (64-bit)
  **** SW Build 3671981 on Fri Oct 14 04:59:54 MDT 2022
  **** IP Build 3669848 on Fri Oct 14 08:30:02 MDT 2022
    ** Copyright 1986-2022 Xilinx, Inc. All Rights Reserved.

source ulp_axi_vip_data_0.tcl -notrace
INFO: Dispatch client connection id - 33731
create_project: Time (s): cpu = 00:00:05 ; elapsed = 00:00:14 . Memory (MB): peak = 1716.289 ; gain = 87.992 ; free physical = 686286 ; free virtual = 866567
INFO: [IP_Flow 19-234] Refreshing IP repositories
INFO: [IP_Flow 19-1700] Loaded user IP repository '/home/ayvol/vitis-accel-CNN/vitis_accel_prj/build/xclbin/link/int/xo/ip_repo/xilinx_com_hls_kernel_wrapper_1_0'.
INFO: [IP_Flow 19-1700] Loaded user IP repository '/home/ayvol/vitis-accel-CNN/vitis_accel_prj/build/xclbin/link/vivado/vpl/.local/hw_platform/iprepo'.
INFO: [IP_Flow 19-1700] Loaded user IP repository '/home/ayvol/vitis-accel-CNN/vitis_accel_prj/build/xclbin/link/vivado/vpl/.local/hw_platform/ipcache'.
INFO: [IP_Flow 19-1700] Loaded user IP repository '/tools/Xilinx/Vitis/2022.2/data/ip'.
INFO: [IP_Flow 19-2313] Loaded Vivado IP repository '/tools/Xilinx/Vivado/2022.2/data/ip'.
WARNING: [IP_Flow 19-1663] Duplicate IP found for 'xilinx.com:ip:axi_clk_metadata_adapter:1.0'. The one found in IP location '/home/ayvol/vitis-accel-CNN/vitis_accel_prj/build/xclbin/link/vivado/vpl/.local/hw_platform/iprepo/ipdefs/other_ipdefs/axi_clk_metadata_adapter_v1_0' will take precedence over the same IP in location /home/ayvol/vitis-accel-CNN/vitis_accel_prj/build/xclbin/link/vivado/vpl/.local/hw_platform/iprepo/ipdefs/pxi_ii_infra/axi_clk_metadata_adapter_v1_0
WARNING: [IP_Flow 19-1663] Duplicate IP found for 'xilinx.com:ip:axis_clk_metadata_adapter:1.0'. The one found in IP location '/home/ayvol/vitis-accel-CNN/vitis_accel_prj/build/xclbin/link/vivado/vpl/.local/hw_platform/iprepo/ipdefs/other_ipdefs/axis_clk_metadata_adapter_v1_0' will take precedence over the same IP in location /home/ayvol/vitis-accel-CNN/vitis_accel_prj/build/xclbin/link/vivado/vpl/.local/hw_platform/iprepo/ipdefs/pxi_ii_infra/axis_clk_metadata_adapter_v1_0
WARNING: [IP_Flow 19-1663] Duplicate IP found for 'xilinx.com:ip:clk_metadata_adapter:1.0'. The one found in IP location '/home/ayvol/vitis-accel-CNN/vitis_accel_prj/build/xclbin/link/vivado/vpl/.local/hw_platform/iprepo/ipdefs/other_ipdefs/clk_metadata_adapter_v1_0' will take precedence over the same IP in location /home/ayvol/vitis-accel-CNN/vitis_accel_prj/build/xclbin/link/vivado/vpl/.local/hw_platform/iprepo/ipdefs/pxi_ii_infra/clk_metadata_adapter_v1_0
WARNING: [IP_Flow 19-1663] Duplicate IP found for 'xilinx.com:ip:pipeline_reg:1.0'. The one found in IP location '/home/ayvol/vitis-accel-CNN/vitis_accel_prj/build/xclbin/link/vivado/vpl/.local/hw_platform/iprepo/ipdefs/other_ipdefs/pipeline_reg_v1_0' will take precedence over the same IP in location /home/ayvol/vitis-accel-CNN/vitis_accel_prj/build/xclbin/link/vivado/vpl/.local/hw_platform/iprepo/ipdefs/pxi_ii_infra/pipeline_reg_v1_0
WARNING: [IP_Flow 19-1663] Duplicate IP found for 'xilinx.com:ip:shell_utils_build_info:1.0'. The one found in IP location '/home/ayvol/vitis-accel-CNN/vitis_accel_prj/build/xclbin/link/vivado/vpl/.local/hw_platform/iprepo/ipdefs/other_ipdefs/shell_utils_build_info_v1_0' will take precedence over the same IP in the Xilinx installed IP.
INFO: [IP_Flow 19-6924] IPCACHE: Running cache check for IP inst: ulp_axi_vip_data_0
Command: synth_design -top ulp_axi_vip_data_0 -part xcu55c-fsvh2892-2L-e -incremental_mode off -mode out_of_context
Starting synth_design
Attempting to get a license for feature 'Synthesis' and/or device 'xcu55c'
INFO: [Common 17-349] Got license for feature 'Synthesis' and/or device 'xcu55c'
INFO: [Device 21-403] Loading part xcu55c-fsvh2892-2L-e
INFO: [Synth 8-7079] Multithreading enabled for synth_design using a maximum of 1 processes.
INFO: [Synth 8-7078] Launching helper process for spawning children vivado processes
INFO: [Synth 8-7075] Helper process launched with PID 147689
INFO: [Synth 8-11241] undeclared symbol 'REGCCE', assumed default net type 'wire' [/tools/Xilinx/Vivado/2022.2/data/verilog/src/unimacro/BRAM_SINGLE_MACRO.v:2170]
---------------------------------------------------------------------------------
Starting RTL Elaboration : Time (s): cpu = 00:00:04 ; elapsed = 00:00:24 . Memory (MB): peak = 3464.605 ; gain = 354.766 ; free physical = 662188 ; free virtual = 847308
Synthesis current peak Physical Memory [PSS] (MB): peak = 2643.114; parent = 2516.827; children = 126.287
Synthesis current peak Virtual Memory [VSS] (MB): peak = 4462.934; parent = 3470.547; children = 992.387
---------------------------------------------------------------------------------
INFO: [Synth 8-6157] synthesizing module 'ulp_axi_vip_data_0' [/home/ayvol/vitis-accel-CNN/vitis_accel_prj/build/xclbin/link/vivado/vpl/prj/prj.gen/my_rm/bd/ulp/ip/ulp_axi_vip_data_0/synth/ulp_axi_vip_data_0.sv:53]
INFO: [Synth 8-6157] synthesizing module 'axi_vip_v1_1_13_top' [/home/ayvol/vitis-accel-CNN/vitis_accel_prj/build/xclbin/link/vivado/vpl/prj/prj.gen/my_rm/bd/ulp/ipshared/ffc2/hdl/axi_vip_v1_1_vlsyn_rfs.sv:60]
INFO: [Synth 8-6155] done synthesizing module 'axi_vip_v1_1_13_top' (0#1) [/home/ayvol/vitis-accel-CNN/vitis_accel_prj/build/xclbin/link/vivado/vpl/prj/prj.gen/my_rm/bd/ulp/ipshared/ffc2/hdl/axi_vip_v1_1_vlsyn_rfs.sv:60]
INFO: [Synth 8-6155] done synthesizing module 'ulp_axi_vip_data_0' (0#1) [/home/ayvol/vitis-accel-CNN/vitis_accel_prj/build/xclbin/link/vivado/vpl/prj/prj.gen/my_rm/bd/ulp/ip/ulp_axi_vip_data_0/synth/ulp_axi_vip_data_0.sv:53]
WARNING: [Synth 8-7129] Port aclk in module axi_vip_v1_1_13_top is either unconnected or has no load
WARNING: [Synth 8-7129] Port aclken in module axi_vip_v1_1_13_top is either unconnected or has no load
WARNING: [Synth 8-7129] Port aresetn in module axi_vip_v1_1_13_top is either unconnected or has no load
---------------------------------------------------------------------------------
Finished RTL Elaboration : Time (s): cpu = 00:00:06 ; elapsed = 00:00:31 . Memory (MB): peak = 3538.512 ; gain = 428.672 ; free physical = 659278 ; free virtual = 846656
Synthesis current peak Physical Memory [PSS] (MB): peak = 2643.114; parent = 2516.827; children = 126.287
Synthesis current peak Virtual Memory [VSS] (MB): peak = 4530.902; parent = 3538.516; children = 992.387
---------------------------------------------------------------------------------
---------------------------------------------------------------------------------
Start Handling Custom Attributes
---------------------------------------------------------------------------------
---------------------------------------------------------------------------------
Finished Handling Custom Attributes : Time (s): cpu = 00:00:06 ; elapsed = 00:00:32 . Memory (MB): peak = 3556.324 ; gain = 446.484 ; free physical = 658973 ; free virtual = 846792
Synthesis current peak Physical Memory [PSS] (MB): peak = 2643.114; parent = 2516.827; children = 126.287
Synthesis current peak Virtual Memory [VSS] (MB): peak = 4548.715; parent = 3556.328; children = 992.387
---------------------------------------------------------------------------------
---------------------------------------------------------------------------------
Finished RTL Optimization Phase 1 : Time (s): cpu = 00:00:06 ; elapsed = 00:00:32 . Memory (MB): peak = 3556.324 ; gain = 446.484 ; free physical = 658925 ; free virtual = 846771
Synthesis current peak Physical Memory [PSS] (MB): peak = 2643.114; parent = 2516.827; children = 126.287
Synthesis current peak Virtual Memory [VSS] (MB): peak = 4548.715; parent = 3556.328; children = 992.387
---------------------------------------------------------------------------------
Netlist sorting complete. Time (s): cpu = 00:00:00.01 ; elapsed = 00:00:00.01 . Memory (MB): peak = 3556.324 ; gain = 0.000 ; free physical = 658444 ; free virtual = 846890
INFO: [Project 1-570] Preparing netlist for logic optimization

Processing XDC Constraints
Initializing timing engine
Parsing XDC File [/home/ayvol/vitis-accel-CNN/vitis_accel_prj/build/xclbin/link/vivado/vpl/prj/prj.gen/my_rm/bd/ulp/ip/ulp_axi_vip_data_0/ulp_axi_vip_data_0_ooc.xdc] for cell 'inst'
0V85_VCCINT { VCCINT }  -supply_current_budget  100.000 A -voltage  0.850 V -direct
0V85_VCCINT_IO { VCCINT_IO VCCBRAM }  -supply_current_budget  30.000 A -voltage  0.850 V -direct
0V9_AVCC { MGTYAVCC }  -supply_current_budget  0.000 A -voltage  0.900 V -direct
1V2_AVTT { MGTYAVTT }  -supply_current_budget  0.000 A -voltage  1.200 V -direct
1V2_HBM { VCC_HBM }  -supply_current_budget  0.000 A -voltage  1.200 V -direct
1V8 { VCCAUX VCCAUX_IO MGTYVCCAUX VCCO18 VCCADC }  -supply_current_budget  4.000 A -voltage  1.800 V -direct
2V5_VPP { VCCAUX_HBM }  -supply_current_budget  0.300 A -voltage  2.500 V -direct
create_clock: Time (s): cpu = 00:00:05 ; elapsed = 00:00:28 . Memory (MB): peak = 3596.984 ; gain = 0.000 ; free physical = 653429 ; free virtual = 840427
Finished Parsing XDC File [/home/ayvol/vitis-accel-CNN/vitis_accel_prj/build/xclbin/link/vivado/vpl/prj/prj.gen/my_rm/bd/ulp/ip/ulp_axi_vip_data_0/ulp_axi_vip_data_0_ooc.xdc] for cell 'inst'
Parsing XDC File [/home/ayvol/vitis-accel-CNN/vitis_accel_prj/build/xclbin/link/vivado/vpl/prj/prj.runs/ulp_axi_vip_data_0_synth_1/dont_touch.xdc]
Finished Parsing XDC File [/home/ayvol/vitis-accel-CNN/vitis_accel_prj/build/xclbin/link/vivado/vpl/prj/prj.runs/ulp_axi_vip_data_0_synth_1/dont_touch.xdc]
Completed Processing XDC Constraints

Netlist sorting complete. Time (s): cpu = 00:00:00 ; elapsed = 00:00:00 . Memory (MB): peak = 3596.984 ; gain = 0.000 ; free physical = 653427 ; free virtual = 840425
INFO: [Project 1-111] Unisim Transformation Summary:
No Unisim elements were transformed.

Constraint Validation Runtime : Time (s): cpu = 00:00:00.05 ; elapsed = 00:00:00.11 . Memory (MB): peak = 3596.984 ; gain = 0.000 ; free physical = 653562 ; free virtual = 840559
INFO: [Designutils 20-5008] Incremental synthesis strategy off
INFO: [Synth 8-11241] undeclared symbol 'REGCCE', assumed default net type 'wire' [/tools/Xilinx/Vivado/2022.2/data/verilog/src/unimacro/BRAM_SINGLE_MACRO.v:2170]
---------------------------------------------------------------------------------
Finished Constraint Validation : Time (s): cpu = 00:00:17 ; elapsed = 00:01:17 . Memory (MB): peak = 3596.984 ; gain = 487.145 ; free physical = 654441 ; free virtual = 841657
Synthesis current peak Physical Memory [PSS] (MB): peak = 2679.863; parent = 2553.576; children = 126.287
Synthesis current peak Virtual Memory [VSS] (MB): peak = 4589.375; parent = 3596.988; children = 992.387
---------------------------------------------------------------------------------
---------------------------------------------------------------------------------
Start Loading Part and Timing Information
---------------------------------------------------------------------------------
Loading part: xcu55c-fsvh2892-2L-e
INFO: [Synth 8-6742] Reading net delay rules and data
---------------------------------------------------------------------------------
Finished Loading Part and Timing Information : Time (s): cpu = 00:00:17 ; elapsed = 00:01:18 . Memory (MB): peak = 3596.984 ; gain = 487.145 ; free physical = 654188 ; free virtual = 841498
Synthesis current peak Physical Memory [PSS] (MB): peak = 2679.863; parent = 2553.576; children = 126.287
Synthesis current peak Virtual Memory [VSS] (MB): peak = 4589.375; parent = 3596.988; children = 992.387
---------------------------------------------------------------------------------
---------------------------------------------------------------------------------
Start Applying 'set_property' XDC Constraints
---------------------------------------------------------------------------------
Applied set_property KEEP_HIERARCHY = SOFT for inst. (constraint file  /home/ayvol/vitis-accel-CNN/vitis_accel_prj/build/xclbin/link/vivado/vpl/prj/prj.runs/ulp_axi_vip_data_0_synth_1/dont_touch.xdc, line 9).
---------------------------------------------------------------------------------
Finished applying 'set_property' XDC Constraints : Time (s): cpu = 00:00:17 ; elapsed = 00:01:18 . Memory (MB): peak = 3596.984 ; gain = 487.145 ; free physical = 654391 ; free virtual = 841766
Synthesis current peak Physical Memory [PSS] (MB): peak = 2679.863; parent = 2553.576; children = 126.287
Synthesis current peak Virtual Memory [VSS] (MB): peak = 4589.375; parent = 3596.988; children = 992.387
---------------------------------------------------------------------------------
---------------------------------------------------------------------------------
Finished RTL Optimization Phase 2 : Time (s): cpu = 00:00:17 ; elapsed = 00:01:18 . Memory (MB): peak = 3596.984 ; gain = 487.145 ; free physical = 654383 ; free virtual = 841781
Synthesis current peak Physical Memory [PSS] (MB): peak = 2679.863; parent = 2553.576; children = 126.287
Synthesis current peak Virtual Memory [VSS] (MB): peak = 4589.375; parent = 3596.988; children = 992.387
---------------------------------------------------------------------------------
---------------------------------------------------------------------------------
Start RTL Component Statistics 
---------------------------------------------------------------------------------
Detailed RTL Component Info : 
---------------------------------------------------------------------------------
Finished RTL Component Statistics 
---------------------------------------------------------------------------------
---------------------------------------------------------------------------------
Start Part Resource Summary
---------------------------------------------------------------------------------
Part Resources:
DSPs: 9024 (col length:94)
BRAMs: 4032 (col length: RAMB18 288 RAMB36 144)
---------------------------------------------------------------------------------
Finished Part Resource Summary
---------------------------------------------------------------------------------
---------------------------------------------------------------------------------
Start Cross Boundary and Area Optimization
---------------------------------------------------------------------------------
WARNING: [Synth 8-7080] Parallel synthesis criteria is not met
WARNING: [Synth 8-7129] Port aclk in module axi_vip_v1_1_13_top is either unconnected or has no load
WARNING: [Synth 8-7129] Port aclken in module axi_vip_v1_1_13_top is either unconnected or has no load
WARNING: [Synth 8-7129] Port aresetn in module axi_vip_v1_1_13_top is either unconnected or has no load
---------------------------------------------------------------------------------
Finished Cross Boundary and Area Optimization : Time (s): cpu = 00:00:18 ; elapsed = 00:01:20 . Memory (MB): peak = 3596.984 ; gain = 487.145 ; free physical = 654063 ; free virtual = 841703
Synthesis current peak Physical Memory [PSS] (MB): peak = 2679.863; parent = 2553.576; children = 126.287
Synthesis current peak Virtual Memory [VSS] (MB): peak = 4589.375; parent = 3596.988; children = 992.387
---------------------------------------------------------------------------------
---------------------------------------------------------------------------------
Start Applying XDC Timing Constraints
---------------------------------------------------------------------------------
---------------------------------------------------------------------------------
Finished Applying XDC Timing Constraints : Time (s): cpu = 00:00:29 ; elapsed = 00:02:11 . Memory (MB): peak = 3938.156 ; gain = 828.316 ; free physical = 651593 ; free virtual = 838841
Synthesis current peak Physical Memory [PSS] (MB): peak = 3099.028; parent = 2972.742; children = 126.287
Synthesis current peak Virtual Memory [VSS] (MB): peak = 4930.547; parent = 3938.160; children = 992.387
---------------------------------------------------------------------------------
---------------------------------------------------------------------------------
Start Timing Optimization
---------------------------------------------------------------------------------
---------------------------------------------------------------------------------
Finished Timing Optimization : Time (s): cpu = 00:00:29 ; elapsed = 00:02:11 . Memory (MB): peak = 3939.156 ; gain = 829.316 ; free physical = 651589 ; free virtual = 838837
Synthesis current peak Physical Memory [PSS] (MB): peak = 3099.781; parent = 2973.495; children = 126.287
Synthesis current peak Virtual Memory [VSS] (MB): peak = 4931.547; parent = 3939.160; children = 992.387
---------------------------------------------------------------------------------
---------------------------------------------------------------------------------
Start Technology Mapping
---------------------------------------------------------------------------------
---------------------------------------------------------------------------------
Finished Technology Mapping : Time (s): cpu = 00:00:29 ; elapsed = 00:02:11 . Memory (MB): peak = 3958.188 ; gain = 848.348 ; free physical = 651574 ; free virtual = 838822
Synthesis current peak Physical Memory [PSS] (MB): peak = 3100.309; parent = 2974.022; children = 126.287
Synthesis current peak Virtual Memory [VSS] (MB): peak = 4950.578; parent = 3958.191; children = 992.387
---------------------------------------------------------------------------------
---------------------------------------------------------------------------------
Start IO Insertion
---------------------------------------------------------------------------------
---------------------------------------------------------------------------------
Start Flattening Before IO Insertion
---------------------------------------------------------------------------------
---------------------------------------------------------------------------------
Finished Flattening Before IO Insertion
---------------------------------------------------------------------------------
---------------------------------------------------------------------------------
Start Final Netlist Cleanup
---------------------------------------------------------------------------------
---------------------------------------------------------------------------------
Finished Final Netlist Cleanup
---------------------------------------------------------------------------------
---------------------------------------------------------------------------------
Finished IO Insertion : Time (s): cpu = 00:00:33 ; elapsed = 00:02:15 . Memory (MB): peak = 3964.125 ; gain = 854.285 ; free physical = 651510 ; free virtual = 838758
Synthesis current peak Physical Memory [PSS] (MB): peak = 3100.404; parent = 2974.118; children = 126.287
Synthesis current peak Virtual Memory [VSS] (MB): peak = 4956.516; parent = 3964.129; children = 992.387
---------------------------------------------------------------------------------
---------------------------------------------------------------------------------
Start Renaming Generated Instances
---------------------------------------------------------------------------------
---------------------------------------------------------------------------------
Finished Renaming Generated Instances : Time (s): cpu = 00:00:33 ; elapsed = 00:02:15 . Memory (MB): peak = 3964.125 ; gain = 854.285 ; free physical = 651514 ; free virtual = 838762
Synthesis current peak Physical Memory [PSS] (MB): peak = 3100.404; parent = 2974.118; children = 126.287
Synthesis current peak Virtual Memory [VSS] (MB): peak = 4956.516; parent = 3964.129; children = 992.387
---------------------------------------------------------------------------------
---------------------------------------------------------------------------------
Start Rebuilding User Hierarchy
---------------------------------------------------------------------------------
---------------------------------------------------------------------------------
Finished Rebuilding User Hierarchy : Time (s): cpu = 00:00:33 ; elapsed = 00:02:15 . Memory (MB): peak = 3964.125 ; gain = 854.285 ; free physical = 651557 ; free virtual = 838805
Synthesis current peak Physical Memory [PSS] (MB): peak = 3100.423; parent = 2974.137; children = 126.287
Synthesis current peak Virtual Memory [VSS] (MB): peak = 4956.516; parent = 3964.129; children = 992.387
---------------------------------------------------------------------------------
---------------------------------------------------------------------------------
Start Renaming Generated Ports
---------------------------------------------------------------------------------
---------------------------------------------------------------------------------
Finished Renaming Generated Ports : Time (s): cpu = 00:00:33 ; elapsed = 00:02:15 . Memory (MB): peak = 3964.125 ; gain = 854.285 ; free physical = 651569 ; free virtual = 838817
Synthesis current peak Physical Memory [PSS] (MB): peak = 3100.444; parent = 2974.158; children = 126.287
Synthesis current peak Virtual Memory [VSS] (MB): peak = 4956.516; parent = 3964.129; children = 992.387
---------------------------------------------------------------------------------
---------------------------------------------------------------------------------
Start Handling Custom Attributes
---------------------------------------------------------------------------------
---------------------------------------------------------------------------------
Finished Handling Custom Attributes : Time (s): cpu = 00:00:33 ; elapsed = 00:02:15 . Memory (MB): peak = 3964.125 ; gain = 854.285 ; free physical = 651553 ; free virtual = 838801
Synthesis current peak Physical Memory [PSS] (MB): peak = 3100.444; parent = 2974.158; children = 126.287
Synthesis current peak Virtual Memory [VSS] (MB): peak = 4956.516; parent = 3964.129; children = 992.387
---------------------------------------------------------------------------------
---------------------------------------------------------------------------------
Start Renaming Generated Nets
---------------------------------------------------------------------------------
---------------------------------------------------------------------------------
Finished Renaming Generated Nets : Time (s): cpu = 00:00:33 ; elapsed = 00:02:15 . Memory (MB): peak = 3964.125 ; gain = 854.285 ; free physical = 651555 ; free virtual = 838803
Synthesis current peak Physical Memory [PSS] (MB): peak = 3100.453; parent = 2974.167; children = 126.287
Synthesis current peak Virtual Memory [VSS] (MB): peak = 4956.516; parent = 3964.129; children = 992.387
---------------------------------------------------------------------------------
---------------------------------------------------------------------------------
Start Writing Synthesis Report
---------------------------------------------------------------------------------

Report BlackBoxes: 
+-+--------------+----------+
| |BlackBox name |Instances |
+-+--------------+----------+
+-+--------------+----------+

Report Cell Usage: 
+-+-----+------+
| |Cell |Count |
+-+-----+------+
+-+-----+------+
---------------------------------------------------------------------------------
Finished Writing Synthesis Report : Time (s): cpu = 00:00:33 ; elapsed = 00:02:15 . Memory (MB): peak = 3964.125 ; gain = 854.285 ; free physical = 651573 ; free virtual = 838821
Synthesis current peak Physical Memory [PSS] (MB): peak = 3100.513; parent = 2974.227; children = 126.287
Synthesis current peak Virtual Memory [VSS] (MB): peak = 4956.516; parent = 3964.129; children = 992.387
---------------------------------------------------------------------------------
Synthesis finished with 0 errors, 0 critical warnings and 4 warnings.
Synthesis Optimization Runtime : Time (s): cpu = 00:00:26 ; elapsed = 00:01:35 . Memory (MB): peak = 3964.125 ; gain = 813.625 ; free physical = 651608 ; free virtual = 838856
Synthesis Optimization Complete : Time (s): cpu = 00:00:33 ; elapsed = 00:02:16 . Memory (MB): peak = 3964.133 ; gain = 854.285 ; free physical = 651640 ; free virtual = 838889
INFO: [Project 1-571] Translating synthesized netlist
Netlist sorting complete. Time (s): cpu = 00:00:00.01 ; elapsed = 00:00:00 . Memory (MB): peak = 3964.133 ; gain = 0.000 ; free physical = 651743 ; free virtual = 838991
INFO: [Project 1-570] Preparing netlist for logic optimization
INFO: [Opt 31-138] Pushed 0 inverter(s) to 0 load pin(s).
Netlist sorting complete. Time (s): cpu = 00:00:00 ; elapsed = 00:00:00 . Memory (MB): peak = 4043.445 ; gain = 0.000 ; free physical = 652058 ; free virtual = 839306
INFO: [Project 1-111] Unisim Transformation Summary:
No Unisim elements were transformed.

Synth Design complete, checksum: 4ab062ce
INFO: [Common 17-83] Releasing license: Synthesis
27 Infos, 12 Warnings, 0 Critical Warnings and 0 Errors encountered.
synth_design completed successfully
synth_design: Time (s): cpu = 00:00:46 ; elapsed = 00:02:50 . Memory (MB): peak = 4057.383 ; gain = 2276.500 ; free physical = 652673 ; free virtual = 839924
INFO: [Common 17-600] The following parameters have non-default value.
general.maxThreads
INFO: [Common 17-1381] The checkpoint '/home/ayvol/vitis-accel-CNN/vitis_accel_prj/build/xclbin/link/vivado/vpl/prj/prj.runs/ulp_axi_vip_data_0_synth_1/ulp_axi_vip_data_0.dcp' has been generated.
INFO: [Coretcl 2-1648] Added synthesis output to IP cache for IP ulp_axi_vip_data_0, cache-ID = 8f59ff023260dbb6
INFO: [Common 17-1381] The checkpoint '/home/ayvol/vitis-accel-CNN/vitis_accel_prj/build/xclbin/link/vivado/vpl/prj/prj.runs/ulp_axi_vip_data_0_synth_1/ulp_axi_vip_data_0.dcp' has been generated.
INFO: [runtcl-4] Executing : report_utilization -file ulp_axi_vip_data_0_utilization_synth.rpt -pb ulp_axi_vip_data_0_utilization_synth.pb
INFO: [Common 17-206] Exiting Vivado at Sun Jun  2 04:21:25 2024...
