
*** Running vivado
    with args -log ulp_ulp_cmp_0.vds -m64 -product Vivado -mode batch -messageDb vivado.pb -notrace -source ulp_ulp_cmp_0.tcl


****** Vivado v2022.2 (64-bit)
  **** SW Build 3671981 on Fri Oct 14 04:59:54 MDT 2022
  **** IP Build 3669848 on Fri Oct 14 08:30:02 MDT 2022
    ** Copyright 1986-2022 Xilinx, Inc. All Rights Reserved.

source ulp_ulp_cmp_0.tcl -notrace
INFO: Dispatch client connection id - 33731
create_project: Time (s): cpu = 00:00:05 ; elapsed = 00:00:06 . Memory (MB): peak = 1716.316 ; gain = 86.992 ; free physical = 654684 ; free virtual = 848644
INFO: [IP_Flow 19-234] Refreshing IP repositories
INFO: [IP_Flow 19-1700] Loaded user IP repository '/home/ayvol/vitis-accel-CNN/vitis_accel_prj/build/xclbin/link/int/xo/ip_repo/xilinx_com_hls_kernel_wrapper_1_0'.
INFO: [IP_Flow 19-1700] Loaded user IP repository '/home/ayvol/vitis-accel-CNN/vitis_accel_prj/build/xclbin/link/vivado/vpl/.local/hw_platform/iprepo'.
INFO: [IP_Flow 19-1700] Loaded user IP repository '/home/ayvol/vitis-accel-CNN/vitis_accel_prj/build/xclbin/link/vivado/vpl/.local/hw_platform/ipcache'.
INFO: [IP_Flow 19-1700] Loaded user IP repository '/tools/Xilinx/Vitis/2022.2/data/ip'.
INFO: [IP_Flow 19-2313] Loaded Vivado IP repository '/tools/Xilinx/Vivado/2022.2/data/ip'.
WARNING: [IP_Flow 19-1663] Duplicate IP found for 'xilinx.com:ip:axi_clk_metadata_adapter:1.0'. The one found in IP location '/home/ayvol/vitis-accel-CNN/vitis_accel_prj/build/xclbin/link/vivado/vpl/.local/hw_platform/iprepo/ipdefs/other_ipdefs/axi_clk_metadata_adapter_v1_0' will take precedence over the same IP in location /home/ayvol/vitis-accel-CNN/vitis_accel_prj/build/xclbin/link/vivado/vpl/.local/hw_platform/iprepo/ipdefs/pxi_ii_infra/axi_clk_metadata_adapter_v1_0
WARNING: [IP_Flow 19-1663] Duplicate IP found for 'xilinx.com:ip:axis_clk_metadata_adapter:1.0'. The one found in IP location '/home/ayvol/vitis-accel-CNN/vitis_accel_prj/build/xclbin/link/vivado/vpl/.local/hw_platform/iprepo/ipdefs/other_ipdefs/axis_clk_metadata_adapter_v1_0' will take precedence over the same IP in location /home/ayvol/vitis-accel-CNN/vitis_accel_prj/build/xclbin/link/vivado/vpl/.local/hw_platform/iprepo/ipdefs/pxi_ii_infra/axis_clk_metadata_adapter_v1_0
WARNING: [IP_Flow 19-1663] Duplicate IP found for 'xilinx.com:ip:clk_metadata_adapter:1.0'. The one found in IP location '/home/ayvol/vitis-accel-CNN/vitis_accel_prj/build/xclbin/link/vivado/vpl/.local/hw_platform/iprepo/ipdefs/other_ipdefs/clk_metadata_adapter_v1_0' will take precedence over the same IP in location /home/ayvol/vitis-accel-CNN/vitis_accel_prj/build/xclbin/link/vivado/vpl/.local/hw_platform/iprepo/ipdefs/pxi_ii_infra/clk_metadata_adapter_v1_0
WARNING: [IP_Flow 19-1663] Duplicate IP found for 'xilinx.com:ip:pipeline_reg:1.0'. The one found in IP location '/home/ayvol/vitis-accel-CNN/vitis_accel_prj/build/xclbin/link/vivado/vpl/.local/hw_platform/iprepo/ipdefs/other_ipdefs/pipeline_reg_v1_0' will take precedence over the same IP in location /home/ayvol/vitis-accel-CNN/vitis_accel_prj/build/xclbin/link/vivado/vpl/.local/hw_platform/iprepo/ipdefs/pxi_ii_infra/pipeline_reg_v1_0
WARNING: [IP_Flow 19-1663] Duplicate IP found for 'xilinx.com:ip:shell_utils_build_info:1.0'. The one found in IP location '/home/ayvol/vitis-accel-CNN/vitis_accel_prj/build/xclbin/link/vivado/vpl/.local/hw_platform/iprepo/ipdefs/other_ipdefs/shell_utils_build_info_v1_0' will take precedence over the same IP in the Xilinx installed IP.
INFO: [IP_Flow 19-6924] IPCACHE: Running cache check for IP inst: ulp_ulp_cmp_0
Command: synth_design -top ulp_ulp_cmp_0 -part xcu55c-fsvh2892-2L-e -incremental_mode off -mode out_of_context
Starting synth_design
Attempting to get a license for feature 'Synthesis' and/or device 'xcu55c'
INFO: [Common 17-349] Got license for feature 'Synthesis' and/or device 'xcu55c'
INFO: [Device 21-403] Loading part xcu55c-fsvh2892-2L-e
INFO: [Synth 8-7079] Multithreading enabled for synth_design using a maximum of 1 processes.
INFO: [Synth 8-7078] Launching helper process for spawning children vivado processes
INFO: [Synth 8-7075] Helper process launched with PID 153377
INFO: [Synth 8-11241] undeclared symbol 'REGCCE', assumed default net type 'wire' [/tools/Xilinx/Vivado/2022.2/data/verilog/src/unimacro/BRAM_SINGLE_MACRO.v:2170]
---------------------------------------------------------------------------------
Starting RTL Elaboration : Time (s): cpu = 00:00:04 ; elapsed = 00:00:04 . Memory (MB): peak = 3490.172 ; gain = 355.766 ; free physical = 652402 ; free virtual = 846345
Synthesis current peak Physical Memory [PSS] (MB): peak = 2677.001; parent = 2548.038; children = 128.963
Synthesis current peak Virtual Memory [VSS] (MB): peak = 4483.402; parent = 3496.113; children = 987.289
---------------------------------------------------------------------------------
INFO: [Synth 8-6157] synthesizing module 'ulp_ulp_cmp_0' [/home/ayvol/vitis-accel-CNN/vitis_accel_prj/build/xclbin/link/vivado/vpl/prj/prj.gen/my_rm/bd/ulp/ip/ulp_ulp_cmp_0/synth/ulp_ulp_cmp_0.v:53]
INFO: [Synth 8-6157] synthesizing module 'bd_097b' [/home/ayvol/vitis-accel-CNN/vitis_accel_prj/build/xclbin/link/vivado/vpl/prj/prj.gen/my_rm/bd/ulp/ip/ulp_ulp_cmp_0/bd_0/synth/bd_097b.v:9]
INFO: [Synth 8-6157] synthesizing module 'bd_097b_axi_ic_ctrl_mgmt_0' [/home/ayvol/vitis-accel-CNN/vitis_accel_prj/build/xclbin/link/vivado/vpl/prj/prj.gen/my_rm/bd/ulp/ip/ulp_ulp_cmp_0/bd_0/synth/bd_097b.v:305]
INFO: [Synth 8-6157] synthesizing module 's00_couplers_imp_3NLSQF' [/home/ayvol/vitis-accel-CNN/vitis_accel_prj/build/xclbin/link/vivado/vpl/prj/prj.gen/my_rm/bd/ulp/ip/ulp_ulp_cmp_0/bd_0/synth/bd_097b.v:505]
INFO: [Synth 8-6155] done synthesizing module 's00_couplers_imp_3NLSQF' (0#1) [/home/ayvol/vitis-accel-CNN/vitis_accel_prj/build/xclbin/link/vivado/vpl/prj/prj.gen/my_rm/bd/ulp/ip/ulp_ulp_cmp_0/bd_0/synth/bd_097b.v:505]
INFO: [Synth 8-6155] done synthesizing module 'bd_097b_axi_ic_ctrl_mgmt_0' (0#1) [/home/ayvol/vitis-accel-CNN/vitis_accel_prj/build/xclbin/link/vivado/vpl/prj/prj.gen/my_rm/bd/ulp/ip/ulp_ulp_cmp_0/bd_0/synth/bd_097b.v:305]
INFO: [Synth 8-6157] synthesizing module 'bd_097b_build_info_0' [/home/ayvol/vitis-accel-CNN/vitis_accel_prj/build/xclbin/link/vivado/vpl/prj/prj.runs/ulp_ulp_cmp_0_synth_1/.Xil/Vivado-153245-egl/realtime/bd_097b_build_info_0_stub.v:5]
INFO: [Synth 8-6155] done synthesizing module 'bd_097b_build_info_0' (0#1) [/home/ayvol/vitis-accel-CNN/vitis_accel_prj/build/xclbin/link/vivado/vpl/prj/prj.runs/ulp_ulp_cmp_0_synth_1/.Xil/Vivado-153245-egl/realtime/bd_097b_build_info_0_stub.v:5]
INFO: [Synth 8-6157] synthesizing module 'bd_097b_user_debug_bridge_0' [/home/ayvol/vitis-accel-CNN/vitis_accel_prj/build/xclbin/link/vivado/vpl/prj/prj.runs/ulp_ulp_cmp_0_synth_1/.Xil/Vivado-153245-egl/realtime/bd_097b_user_debug_bridge_0_stub.v:5]
INFO: [Synth 8-6155] done synthesizing module 'bd_097b_user_debug_bridge_0' (0#1) [/home/ayvol/vitis-accel-CNN/vitis_accel_prj/build/xclbin/link/vivado/vpl/prj/prj.runs/ulp_ulp_cmp_0_synth_1/.Xil/Vivado-153245-egl/realtime/bd_097b_user_debug_bridge_0_stub.v:5]
INFO: [Synth 8-6157] synthesizing module 'bd_097b_user_debug_hub_0' [/home/ayvol/vitis-accel-CNN/vitis_accel_prj/build/xclbin/link/vivado/vpl/prj/prj.runs/ulp_ulp_cmp_0_synth_1/.Xil/Vivado-153245-egl/realtime/bd_097b_user_debug_hub_0_stub.v:5]
INFO: [Synth 8-6155] done synthesizing module 'bd_097b_user_debug_hub_0' (0#1) [/home/ayvol/vitis-accel-CNN/vitis_accel_prj/build/xclbin/link/vivado/vpl/prj/prj.runs/ulp_ulp_cmp_0_synth_1/.Xil/Vivado-153245-egl/realtime/bd_097b_user_debug_hub_0_stub.v:5]
INFO: [Synth 8-6155] done synthesizing module 'bd_097b' (0#1) [/home/ayvol/vitis-accel-CNN/vitis_accel_prj/build/xclbin/link/vivado/vpl/prj/prj.gen/my_rm/bd/ulp/ip/ulp_ulp_cmp_0/bd_0/synth/bd_097b.v:9]
INFO: [Synth 8-6155] done synthesizing module 'ulp_ulp_cmp_0' (0#1) [/home/ayvol/vitis-accel-CNN/vitis_accel_prj/build/xclbin/link/vivado/vpl/prj/prj.gen/my_rm/bd/ulp/ip/ulp_ulp_cmp_0/synth/ulp_ulp_cmp_0.v:53]
WARNING: [Synth 8-7129] Port M_ACLK in module s00_couplers_imp_3NLSQF is either unconnected or has no load
WARNING: [Synth 8-7129] Port M_ARESETN in module s00_couplers_imp_3NLSQF is either unconnected or has no load
WARNING: [Synth 8-7129] Port S_ACLK in module s00_couplers_imp_3NLSQF is either unconnected or has no load
WARNING: [Synth 8-7129] Port S_ARESETN in module s00_couplers_imp_3NLSQF is either unconnected or has no load
WARNING: [Synth 8-7129] Port ACLK in module bd_097b_axi_ic_ctrl_mgmt_0 is either unconnected or has no load
WARNING: [Synth 8-7129] Port ARESETN in module bd_097b_axi_ic_ctrl_mgmt_0 is either unconnected or has no load
---------------------------------------------------------------------------------
Finished RTL Elaboration : Time (s): cpu = 00:00:06 ; elapsed = 00:00:06 . Memory (MB): peak = 3564.078 ; gain = 429.672 ; free physical = 653537 ; free virtual = 847475
Synthesis current peak Physical Memory [PSS] (MB): peak = 2677.001; parent = 2548.038; children = 130.941
Synthesis current peak Virtual Memory [VSS] (MB): peak = 4551.371; parent = 3564.082; children = 987.289
---------------------------------------------------------------------------------
---------------------------------------------------------------------------------
Start Handling Custom Attributes
---------------------------------------------------------------------------------
---------------------------------------------------------------------------------
Finished Handling Custom Attributes : Time (s): cpu = 00:00:06 ; elapsed = 00:00:06 . Memory (MB): peak = 3578.922 ; gain = 444.516 ; free physical = 653526 ; free virtual = 847465
Synthesis current peak Physical Memory [PSS] (MB): peak = 2677.001; parent = 2548.038; children = 130.941
Synthesis current peak Virtual Memory [VSS] (MB): peak = 4566.215; parent = 3578.926; children = 987.289
---------------------------------------------------------------------------------
---------------------------------------------------------------------------------
Finished RTL Optimization Phase 1 : Time (s): cpu = 00:00:06 ; elapsed = 00:00:06 . Memory (MB): peak = 3578.922 ; gain = 444.516 ; free physical = 653510 ; free virtual = 847448
Synthesis current peak Physical Memory [PSS] (MB): peak = 2677.001; parent = 2548.038; children = 130.941
Synthesis current peak Virtual Memory [VSS] (MB): peak = 4566.215; parent = 3578.926; children = 987.289
---------------------------------------------------------------------------------
Netlist sorting complete. Time (s): cpu = 00:00:00.01 ; elapsed = 00:00:00 . Memory (MB): peak = 3578.922 ; gain = 0.000 ; free physical = 653513 ; free virtual = 847451
INFO: [Project 1-570] Preparing netlist for logic optimization

Processing XDC Constraints
Initializing timing engine
Parsing XDC File [/home/ayvol/vitis-accel-CNN/vitis_accel_prj/build/xclbin/link/vivado/vpl/prj/prj.gen/my_rm/bd/ulp/ip/ulp_ulp_cmp_0/bd_0/ip/ip_0/bd_097b_build_info_0/bd_097b_build_info_0_in_context.xdc] for cell 'inst/build_info'
Finished Parsing XDC File [/home/ayvol/vitis-accel-CNN/vitis_accel_prj/build/xclbin/link/vivado/vpl/prj/prj.gen/my_rm/bd/ulp/ip/ulp_ulp_cmp_0/bd_0/ip/ip_0/bd_097b_build_info_0/bd_097b_build_info_0_in_context.xdc] for cell 'inst/build_info'
Parsing XDC File [/home/ayvol/vitis-accel-CNN/vitis_accel_prj/build/xclbin/link/vivado/vpl/prj/prj.gen/my_rm/bd/ulp/ip/ulp_ulp_cmp_0/bd_0/ip/ip_2/bd_097b_user_debug_bridge_0/bd_097b_user_debug_bridge_0_in_context.xdc] for cell 'inst/user_debug_bridge'
Finished Parsing XDC File [/home/ayvol/vitis-accel-CNN/vitis_accel_prj/build/xclbin/link/vivado/vpl/prj/prj.gen/my_rm/bd/ulp/ip/ulp_ulp_cmp_0/bd_0/ip/ip_2/bd_097b_user_debug_bridge_0/bd_097b_user_debug_bridge_0_in_context.xdc] for cell 'inst/user_debug_bridge'
Parsing XDC File [/home/ayvol/vitis-accel-CNN/vitis_accel_prj/build/xclbin/link/vivado/vpl/prj/prj.gen/my_rm/bd/ulp/ip/ulp_ulp_cmp_0/bd_0/ip/ip_3/bd_097b_user_debug_hub_0/bd_097b_user_debug_hub_0_in_context.xdc] for cell 'inst/user_debug_hub'
Finished Parsing XDC File [/home/ayvol/vitis-accel-CNN/vitis_accel_prj/build/xclbin/link/vivado/vpl/prj/prj.gen/my_rm/bd/ulp/ip/ulp_ulp_cmp_0/bd_0/ip/ip_3/bd_097b_user_debug_hub_0/bd_097b_user_debug_hub_0_in_context.xdc] for cell 'inst/user_debug_hub'
Parsing XDC File [/home/ayvol/vitis-accel-CNN/vitis_accel_prj/build/xclbin/link/vivado/vpl/prj/prj.gen/my_rm/bd/ulp/ip/ulp_ulp_cmp_0/synth/ulp_ulp_cmp_0_ooc.xdc] for cell 'inst'
0V85_VCCINT { VCCINT }  -supply_current_budget  100.000 A -voltage  0.850 V -direct
0V85_VCCINT_IO { VCCINT_IO VCCBRAM }  -supply_current_budget  30.000 A -voltage  0.850 V -direct
0V9_AVCC { MGTYAVCC }  -supply_current_budget  0.000 A -voltage  0.900 V -direct
1V2_AVTT { MGTYAVTT }  -supply_current_budget  0.000 A -voltage  1.200 V -direct
1V2_HBM { VCC_HBM }  -supply_current_budget  0.000 A -voltage  1.200 V -direct
1V8 { VCCAUX VCCAUX_IO MGTYVCCAUX VCCO18 VCCADC }  -supply_current_budget  4.000 A -voltage  1.800 V -direct
2V5_VPP { VCCAUX_HBM }  -supply_current_budget  0.300 A -voltage  2.500 V -direct
Finished Parsing XDC File [/home/ayvol/vitis-accel-CNN/vitis_accel_prj/build/xclbin/link/vivado/vpl/prj/prj.gen/my_rm/bd/ulp/ip/ulp_ulp_cmp_0/synth/ulp_ulp_cmp_0_ooc.xdc] for cell 'inst'
INFO: [Project 1-236] Implementation specific constraints were found while reading constraint file [/home/ayvol/vitis-accel-CNN/vitis_accel_prj/build/xclbin/link/vivado/vpl/prj/prj.gen/my_rm/bd/ulp/ip/ulp_ulp_cmp_0/synth/ulp_ulp_cmp_0_ooc.xdc]. These constraints will be ignored for synthesis but will be used in implementation. Impacted constraints are listed in the file [.Xil/ulp_ulp_cmp_0_propImpl.xdc].
Resolution: To avoid this warning, move constraints listed in [.Xil/ulp_ulp_cmp_0_propImpl.xdc] to another XDC file and exclude this new file from synthesis with the used_in_synthesis property (File Properties dialog in GUI) and re-run elaboration/synthesis.
Parsing XDC File [/home/ayvol/vitis-accel-CNN/vitis_accel_prj/build/xclbin/link/vivado/vpl/prj/prj.runs/ulp_ulp_cmp_0_synth_1/dont_touch.xdc]
Finished Parsing XDC File [/home/ayvol/vitis-accel-CNN/vitis_accel_prj/build/xclbin/link/vivado/vpl/prj/prj.runs/ulp_ulp_cmp_0_synth_1/dont_touch.xdc]
Parsing XDC File [/home/ayvol/vitis-accel-CNN/vitis_accel_prj/build/xclbin/link/vivado/vpl/prj/prj.gen/my_rm/bd/ulp/ip/ulp_ulp_cmp_0/ulp_ulp_cmp_0.xdc] for cell 'inst'
Finished Parsing XDC File [/home/ayvol/vitis-accel-CNN/vitis_accel_prj/build/xclbin/link/vivado/vpl/prj/prj.gen/my_rm/bd/ulp/ip/ulp_ulp_cmp_0/ulp_ulp_cmp_0.xdc] for cell 'inst'
INFO: [Project 1-236] Implementation specific constraints were found while reading constraint file [/home/ayvol/vitis-accel-CNN/vitis_accel_prj/build/xclbin/link/vivado/vpl/prj/prj.gen/my_rm/bd/ulp/ip/ulp_ulp_cmp_0/ulp_ulp_cmp_0.xdc]. These constraints will be ignored for synthesis but will be used in implementation. Impacted constraints are listed in the file [.Xil/ulp_ulp_cmp_0_propImpl.xdc].
Resolution: To avoid this warning, move constraints listed in [.Xil/ulp_ulp_cmp_0_propImpl.xdc] to another XDC file and exclude this new file from synthesis with the used_in_synthesis property (File Properties dialog in GUI) and re-run elaboration/synthesis.
Completed Processing XDC Constraints

Netlist sorting complete. Time (s): cpu = 00:00:00 ; elapsed = 00:00:00 . Memory (MB): peak = 3617.613 ; gain = 0.000 ; free physical = 655741 ; free virtual = 849674
INFO: [Project 1-111] Unisim Transformation Summary:
No Unisim elements were transformed.

Constraint Validation Runtime : Time (s): cpu = 00:00:00.01 ; elapsed = 00:00:00.02 . Memory (MB): peak = 3617.613 ; gain = 0.000 ; free physical = 655763 ; free virtual = 849696
INFO: [Designutils 20-5008] Incremental synthesis strategy off
INFO: [Synth 8-11241] undeclared symbol 'REGCCE', assumed default net type 'wire' [/tools/Xilinx/Vivado/2022.2/data/verilog/src/unimacro/BRAM_SINGLE_MACRO.v:2170]
---------------------------------------------------------------------------------
Finished Constraint Validation : Time (s): cpu = 00:00:17 ; elapsed = 00:00:18 . Memory (MB): peak = 3617.613 ; gain = 483.207 ; free physical = 660163 ; free virtual = 854105
Synthesis current peak Physical Memory [PSS] (MB): peak = 2708.464; parent = 2578.530; children = 130.941
Synthesis current peak Virtual Memory [VSS] (MB): peak = 4604.906; parent = 3617.617; children = 987.289
---------------------------------------------------------------------------------
---------------------------------------------------------------------------------
Start Loading Part and Timing Information
---------------------------------------------------------------------------------
Loading part: xcu55c-fsvh2892-2L-e
INFO: [Synth 8-6742] Reading net delay rules and data
---------------------------------------------------------------------------------
Finished Loading Part and Timing Information : Time (s): cpu = 00:00:17 ; elapsed = 00:00:18 . Memory (MB): peak = 3617.613 ; gain = 483.207 ; free physical = 660062 ; free virtual = 854004
Synthesis current peak Physical Memory [PSS] (MB): peak = 2708.464; parent = 2578.530; children = 130.941
Synthesis current peak Virtual Memory [VSS] (MB): peak = 4604.906; parent = 3617.617; children = 987.289
---------------------------------------------------------------------------------
---------------------------------------------------------------------------------
Start Applying 'set_property' XDC Constraints
---------------------------------------------------------------------------------
Applied set_property KEEP_HIERARCHY = SOFT for inst. (constraint file  auto generated constraint).
Applied set_property KEEP_HIERARCHY = SOFT for inst/build_info. (constraint file  auto generated constraint).
Applied set_property KEEP_HIERARCHY = SOFT for inst/axi_ic_ctrl_mgmt. (constraint file  auto generated constraint).
Applied set_property KEEP_HIERARCHY = SOFT for inst/user_debug_bridge. (constraint file  auto generated constraint).
Applied set_property KEEP_HIERARCHY = SOFT for inst/user_debug_hub. (constraint file  auto generated constraint).
---------------------------------------------------------------------------------
Finished applying 'set_property' XDC Constraints : Time (s): cpu = 00:00:17 ; elapsed = 00:00:18 . Memory (MB): peak = 3617.613 ; gain = 483.207 ; free physical = 659950 ; free virtual = 853892
Synthesis current peak Physical Memory [PSS] (MB): peak = 2708.464; parent = 2578.530; children = 130.941
Synthesis current peak Virtual Memory [VSS] (MB): peak = 4604.906; parent = 3617.617; children = 987.289
---------------------------------------------------------------------------------
---------------------------------------------------------------------------------
Finished RTL Optimization Phase 2 : Time (s): cpu = 00:00:17 ; elapsed = 00:00:18 . Memory (MB): peak = 3617.613 ; gain = 483.207 ; free physical = 659838 ; free virtual = 853780
Synthesis current peak Physical Memory [PSS] (MB): peak = 2708.464; parent = 2578.530; children = 130.941
Synthesis current peak Virtual Memory [VSS] (MB): peak = 4604.906; parent = 3617.617; children = 987.289
---------------------------------------------------------------------------------
---------------------------------------------------------------------------------
Start RTL Component Statistics 
---------------------------------------------------------------------------------
Detailed RTL Component Info : 
---------------------------------------------------------------------------------
Finished RTL Component Statistics 
---------------------------------------------------------------------------------
---------------------------------------------------------------------------------
Start Part Resource Summary
---------------------------------------------------------------------------------
Part Resources:
DSPs: 9024 (col length:94)
BRAMs: 4032 (col length: RAMB18 288 RAMB36 144)
---------------------------------------------------------------------------------
Finished Part Resource Summary
---------------------------------------------------------------------------------
---------------------------------------------------------------------------------
Start Cross Boundary and Area Optimization
---------------------------------------------------------------------------------
WARNING: [Synth 8-7080] Parallel synthesis criteria is not met
WARNING: [Synth 8-7129] Port ACLK in module bd_097b_axi_ic_ctrl_mgmt_0 is either unconnected or has no load
WARNING: [Synth 8-7129] Port ARESETN in module bd_097b_axi_ic_ctrl_mgmt_0 is either unconnected or has no load
WARNING: [Synth 8-7129] Port M00_ACLK in module bd_097b_axi_ic_ctrl_mgmt_0 is either unconnected or has no load
WARNING: [Synth 8-7129] Port M00_ARESETN in module bd_097b_axi_ic_ctrl_mgmt_0 is either unconnected or has no load
WARNING: [Synth 8-7129] Port S00_ACLK in module bd_097b_axi_ic_ctrl_mgmt_0 is either unconnected or has no load
WARNING: [Synth 8-7129] Port S00_ARESETN in module bd_097b_axi_ic_ctrl_mgmt_0 is either unconnected or has no load
---------------------------------------------------------------------------------
Finished Cross Boundary and Area Optimization : Time (s): cpu = 00:00:18 ; elapsed = 00:00:20 . Memory (MB): peak = 3617.613 ; gain = 483.207 ; free physical = 661940 ; free virtual = 855886
Synthesis current peak Physical Memory [PSS] (MB): peak = 2708.464; parent = 2578.530; children = 130.945
Synthesis current peak Virtual Memory [VSS] (MB): peak = 4604.906; parent = 3617.617; children = 987.289
---------------------------------------------------------------------------------
---------------------------------------------------------------------------------
Start Applying XDC Timing Constraints
---------------------------------------------------------------------------------
---------------------------------------------------------------------------------
Finished Applying XDC Timing Constraints : Time (s): cpu = 00:00:29 ; elapsed = 00:00:32 . Memory (MB): peak = 3973.871 ; gain = 839.465 ; free physical = 660338 ; free virtual = 854276
Synthesis current peak Physical Memory [PSS] (MB): peak = 3151.323; parent = 3020.272; children = 131.051
Synthesis current peak Virtual Memory [VSS] (MB): peak = 4961.164; parent = 3973.875; children = 987.289
---------------------------------------------------------------------------------
---------------------------------------------------------------------------------
Start Timing Optimization
---------------------------------------------------------------------------------
---------------------------------------------------------------------------------
Finished Timing Optimization : Time (s): cpu = 00:00:29 ; elapsed = 00:00:32 . Memory (MB): peak = 3973.871 ; gain = 839.465 ; free physical = 660327 ; free virtual = 854265
Synthesis current peak Physical Memory [PSS] (MB): peak = 3151.508; parent = 3020.457; children = 131.051
Synthesis current peak Virtual Memory [VSS] (MB): peak = 4961.164; parent = 3973.875; children = 987.289
---------------------------------------------------------------------------------
---------------------------------------------------------------------------------
Start Technology Mapping
---------------------------------------------------------------------------------
---------------------------------------------------------------------------------
Finished Technology Mapping : Time (s): cpu = 00:00:29 ; elapsed = 00:00:32 . Memory (MB): peak = 3992.902 ; gain = 858.496 ; free physical = 660320 ; free virtual = 854258
Synthesis current peak Physical Memory [PSS] (MB): peak = 3151.820; parent = 3020.770; children = 131.051
Synthesis current peak Virtual Memory [VSS] (MB): peak = 4980.195; parent = 3992.906; children = 987.289
---------------------------------------------------------------------------------
---------------------------------------------------------------------------------
Start IO Insertion
---------------------------------------------------------------------------------
---------------------------------------------------------------------------------
Start Flattening Before IO Insertion
---------------------------------------------------------------------------------
---------------------------------------------------------------------------------
Finished Flattening Before IO Insertion
---------------------------------------------------------------------------------
---------------------------------------------------------------------------------
Start Final Netlist Cleanup
---------------------------------------------------------------------------------
---------------------------------------------------------------------------------
Finished Final Netlist Cleanup
---------------------------------------------------------------------------------
---------------------------------------------------------------------------------
Finished IO Insertion : Time (s): cpu = 00:00:32 ; elapsed = 00:00:36 . Memory (MB): peak = 3998.840 ; gain = 864.434 ; free physical = 661029 ; free virtual = 854967
Synthesis current peak Physical Memory [PSS] (MB): peak = 3155.420; parent = 3023.129; children = 132.291
Synthesis current peak Virtual Memory [VSS] (MB): peak = 4986.133; parent = 3998.844; children = 987.289
---------------------------------------------------------------------------------
---------------------------------------------------------------------------------
Start Renaming Generated Instances
---------------------------------------------------------------------------------
---------------------------------------------------------------------------------
Finished Renaming Generated Instances : Time (s): cpu = 00:00:32 ; elapsed = 00:00:36 . Memory (MB): peak = 3998.840 ; gain = 864.434 ; free physical = 661031 ; free virtual = 854969
Synthesis current peak Physical Memory [PSS] (MB): peak = 3155.420; parent = 3023.129; children = 132.291
Synthesis current peak Virtual Memory [VSS] (MB): peak = 4986.133; parent = 3998.844; children = 987.289
---------------------------------------------------------------------------------
---------------------------------------------------------------------------------
Start Rebuilding User Hierarchy
---------------------------------------------------------------------------------
---------------------------------------------------------------------------------
Finished Rebuilding User Hierarchy : Time (s): cpu = 00:00:32 ; elapsed = 00:00:36 . Memory (MB): peak = 3998.840 ; gain = 864.434 ; free physical = 661020 ; free virtual = 854958
Synthesis current peak Physical Memory [PSS] (MB): peak = 3155.432; parent = 3023.157; children = 132.291
Synthesis current peak Virtual Memory [VSS] (MB): peak = 4986.133; parent = 3998.844; children = 987.289
---------------------------------------------------------------------------------
---------------------------------------------------------------------------------
Start Renaming Generated Ports
---------------------------------------------------------------------------------
---------------------------------------------------------------------------------
Finished Renaming Generated Ports : Time (s): cpu = 00:00:32 ; elapsed = 00:00:36 . Memory (MB): peak = 3998.840 ; gain = 864.434 ; free physical = 661029 ; free virtual = 854967
Synthesis current peak Physical Memory [PSS] (MB): peak = 3155.432; parent = 3023.157; children = 132.291
Synthesis current peak Virtual Memory [VSS] (MB): peak = 4986.133; parent = 3998.844; children = 987.289
---------------------------------------------------------------------------------
---------------------------------------------------------------------------------
Start Handling Custom Attributes
---------------------------------------------------------------------------------
---------------------------------------------------------------------------------
Finished Handling Custom Attributes : Time (s): cpu = 00:00:32 ; elapsed = 00:00:36 . Memory (MB): peak = 3998.840 ; gain = 864.434 ; free physical = 661014 ; free virtual = 854952
Synthesis current peak Physical Memory [PSS] (MB): peak = 3155.432; parent = 3023.157; children = 132.291
Synthesis current peak Virtual Memory [VSS] (MB): peak = 4986.133; parent = 3998.844; children = 987.289
---------------------------------------------------------------------------------
---------------------------------------------------------------------------------
Start Renaming Generated Nets
---------------------------------------------------------------------------------
---------------------------------------------------------------------------------
Finished Renaming Generated Nets : Time (s): cpu = 00:00:32 ; elapsed = 00:00:36 . Memory (MB): peak = 3998.840 ; gain = 864.434 ; free physical = 661014 ; free virtual = 854952
Synthesis current peak Physical Memory [PSS] (MB): peak = 3155.432; parent = 3023.157; children = 132.291
Synthesis current peak Virtual Memory [VSS] (MB): peak = 4986.133; parent = 3998.844; children = 987.289
---------------------------------------------------------------------------------
---------------------------------------------------------------------------------
Start Writing Synthesis Report
---------------------------------------------------------------------------------

Report BlackBoxes: 
+------+----------------------------+----------+
|      |BlackBox name               |Instances |
+------+----------------------------+----------+
|1     |bd_097b_build_info_0        |         1|
|2     |bd_097b_user_debug_bridge_0 |         1|
|3     |bd_097b_user_debug_hub_0    |         1|
+------+----------------------------+----------+

Report Cell Usage: 
+------+--------------------------+------+
|      |Cell                      |Count |
+------+--------------------------+------+
|1     |bd_097b_build_info        |     1|
|2     |bd_097b_user_debug_bridge |     1|
|3     |bd_097b_user_debug_hub    |     1|
+------+--------------------------+------+
---------------------------------------------------------------------------------
Finished Writing Synthesis Report : Time (s): cpu = 00:00:32 ; elapsed = 00:00:37 . Memory (MB): peak = 3998.840 ; gain = 864.434 ; free physical = 661007 ; free virtual = 854946
Synthesis current peak Physical Memory [PSS] (MB): peak = 3157.091; parent = 3024.971; children = 132.291
Synthesis current peak Virtual Memory [VSS] (MB): peak = 4986.133; parent = 3998.844; children = 987.289
---------------------------------------------------------------------------------
Synthesis finished with 0 errors, 0 critical warnings and 7 warnings.
Synthesis Optimization Runtime : Time (s): cpu = 00:00:26 ; elapsed = 00:00:30 . Memory (MB): peak = 3998.840 ; gain = 825.742 ; free physical = 661032 ; free virtual = 854972
Synthesis Optimization Complete : Time (s): cpu = 00:00:32 ; elapsed = 00:00:37 . Memory (MB): peak = 3998.848 ; gain = 864.434 ; free physical = 661027 ; free virtual = 854968
INFO: [Project 1-571] Translating synthesized netlist
Netlist sorting complete. Time (s): cpu = 00:00:00.01 ; elapsed = 00:00:00.01 . Memory (MB): peak = 3998.848 ; gain = 0.000 ; free physical = 661021 ; free virtual = 854962
INFO: [Project 1-570] Preparing netlist for logic optimization
INFO: [Opt 31-138] Pushed 0 inverter(s) to 0 load pin(s).
Netlist sorting complete. Time (s): cpu = 00:00:00 ; elapsed = 00:00:00 . Memory (MB): peak = 4077.160 ; gain = 0.000 ; free physical = 662121 ; free virtual = 856059
INFO: [Project 1-111] Unisim Transformation Summary:
No Unisim elements were transformed.

Synth Design complete, checksum: 20f1a892
INFO: [Common 17-83] Releasing license: Synthesis
39 Infos, 18 Warnings, 0 Critical Warnings and 0 Errors encountered.
synth_design completed successfully
synth_design: Time (s): cpu = 00:00:45 ; elapsed = 00:00:49 . Memory (MB): peak = 4091.098 ; gain = 2287.648 ; free physical = 664058 ; free virtual = 857996
INFO: [Common 17-600] The following parameters have non-default value.
general.maxThreads
INFO: [Common 17-1381] The checkpoint '/home/ayvol/vitis-accel-CNN/vitis_accel_prj/build/xclbin/link/vivado/vpl/prj/prj.runs/ulp_ulp_cmp_0_synth_1/ulp_ulp_cmp_0.dcp' has been generated.
INFO: [Coretcl 2-1648] Added synthesis output to IP cache for IP ulp_ulp_cmp_0, cache-ID = a9024094d021e24b
INFO: [Coretcl 2-1174] Renamed 5 cell refs.
INFO: [Common 17-1381] The checkpoint '/home/ayvol/vitis-accel-CNN/vitis_accel_prj/build/xclbin/link/vivado/vpl/prj/prj.runs/ulp_ulp_cmp_0_synth_1/ulp_ulp_cmp_0.dcp' has been generated.
INFO: [runtcl-4] Executing : report_utilization -file ulp_ulp_cmp_0_utilization_synth.rpt -pb ulp_ulp_cmp_0_utilization_synth.pb
INFO: [Common 17-206] Exiting Vivado at Sun Jun  2 04:30:55 2024...
