Copyright 1986-2022 Xilinx, Inc. All Rights Reserved.
------------------------------------------------------------------------------------------------------------------------------------------------------------------------------------------------------------------------------------------------------------------------------------------------------------------------------------------------------------------------------------------------------
| Tool Version : Vivado v.2022.2 (lin64) Build 3671981 Fri Oct 14 04:59:54 MDT 2022
| Date         : Fri Jun 28 03:50:13 2024
| Host         : egl running 64-bit Ubuntu 20.04.4 LTS
| Command      : report_accelerator_utilization -kernels { kernel_wrapper:level0_i/ulp/kernel_wrapper_1/inst:kernel_wrapper_1 kernel_wrapper:level0_i/ulp/kernel_wrapper_2/inst:kernel_wrapper_2 kernel_wrapper:level0_i/ulp/kernel_wrapper_3/inst:kernel_wrapper_3 kernel_wrapper:level0_i/ulp/kernel_wrapper_4/inst:kernel_wrapper_4} -file kernel_util_synthed.rpt -name kernel_util_synthed -json
| Design       : level0_wrapper
| Device       : xcu55c
| Design State : Synthesized
------------------------------------------------------------------------------------------------------------------------------------------------------------------------------------------------------------------------------------------------------------------------------------------------------------------------------------------------------------------------------------------------------

Accelerator Utilization Design Information

Table of Contents
-----------------
1. System Utilization

1. System Utilization
---------------------

+---------------------+-------------------+------------------+-------------------+----------------+---------------+----------------+
| Name                | LUT               | LUTAsMem         | REG               | BRAM           | URAM          | DSP            |
+---------------------+-------------------+------------------+-------------------+----------------+---------------+----------------+
| Platform            |  143786 [ 11.03%] |  11930 [  1.99%] |  185714 [  7.12%] |  200 [  9.92%] |   0 [  0.00%] |    4 [  0.04%] |
| User Budget         | 1159894 [100.00%] | 589030 [100.00%] | 2421646 [100.00%] | 1816 [100.00%] | 960 [100.00%] | 9020 [100.00%] |
|    Used Resources   |  211656 [ 18.25%] |   2644 [  0.45%] |   64752 [  2.67%] |  648 [ 35.68%] |   0 [  0.00%] | 4316 [ 47.85%] |
|    Unused Resources |  948238 [ 81.75%] | 586386 [ 99.55%] | 2356894 [ 97.33%] | 1168 [ 64.32%] | 960 [100.00%] | 4704 [ 52.15%] |
| kernel_wrapper      |  211656 [ 18.25%] |   2644 [  0.45%] |   64752 [  2.67%] |  648 [ 35.68%] |   0 [  0.00%] | 4316 [ 47.85%] |
|    kernel_wrapper_1 |   52914 [  4.56%] |    661 [  0.11%] |   16188 [  0.67%] |  162 [  8.92%] |   0 [  0.00%] | 1079 [ 11.96%] |
|    kernel_wrapper_2 |   52914 [  4.56%] |    661 [  0.11%] |   16188 [  0.67%] |  162 [  8.92%] |   0 [  0.00%] | 1079 [ 11.96%] |
|    kernel_wrapper_3 |   52914 [  4.56%] |    661 [  0.11%] |   16188 [  0.67%] |  162 [  8.92%] |   0 [  0.00%] | 1079 [ 11.96%] |
|    kernel_wrapper_4 |   52914 [  4.56%] |    661 [  0.11%] |   16188 [  0.67%] |  162 [  8.92%] |   0 [  0.00%] | 1079 [ 11.96%] |
+---------------------+-------------------+------------------+-------------------+----------------+---------------+----------------+


