Copyright 1986-2022 Xilinx, Inc. All Rights Reserved.
------------------------------------------------------------------------------------------
| Tool Version : Vivado v.2022.2 (lin64) Build 3671981 Fri Oct 14 04:59:54 MDT 2022
| Date         : Fri Jun 28 04:58:27 2024
| Host         : egl running 64-bit Ubuntu 20.04.4 LTS
| Command      : report_utilization -slr -file slr_util_placed.rpt -pb slr_util_placed.pb
| Design       : level0_wrapper
| Device       : xcu55c-fsvh2892-2L-e
| Speed File   : -2L
| Design State : Fully Placed
------------------------------------------------------------------------------------------

Utilization Design Information

Table of Contents
-----------------
1. SLR Connectivity
2. SLR Connectivity Matrix
3. SLR CLB Logic and Dedicated Block Utilization
4. SLR IO Utilization

1. SLR Connectivity
-------------------

+----------------------------------+-------+-------+-----------+-------+
|                                  |  Used | Fixed | Available | Util% |
+----------------------------------+-------+-------+-----------+-------+
| SLR2 <-> SLR1                    |  6607 |       |     23040 | 28.68 |
|   SLR1 -> SLR2                   |  3755 |       |           | 16.30 |
|     Using TX_REG only            |     0 |     0 |           |       |
|     Using RX_REG only            |     0 |     0 |           |       |
|     Using Both TX_REG and RX_REG |     0 |     0 |           |       |
|   SLR2 -> SLR1                   |  2852 |       |           | 12.38 |
|     Using TX_REG only            |     0 |     0 |           |       |
|     Using RX_REG only            |     0 |     0 |           |       |
|     Using Both TX_REG and RX_REG |     0 |     0 |           |       |
| SLR1 <-> SLR0                    |  7533 |       |     23040 | 32.70 |
|   SLR0 -> SLR1                   |  4504 |       |           | 19.55 |
|     Using TX_REG only            |     0 |     0 |           |       |
|     Using RX_REG only            |     0 |     0 |           |       |
|     Using Both TX_REG and RX_REG |     0 |     0 |           |       |
|   SLR1 -> SLR0                   |  3029 |       |           | 13.15 |
|     Using TX_REG only            |     0 |     0 |           |       |
|     Using RX_REG only            |     0 |     0 |           |       |
|     Using Both TX_REG and RX_REG |     0 |     0 |           |       |
+----------------------------------+-------+-------+-----------+-------+
| Total SLLs Used                  | 14140 |       |           |       |
+----------------------------------+-------+-------+-----------+-------+


2. SLR Connectivity Matrix
--------------------------

+-----------+------+------+------+
| FROM \ TO | SLR2 | SLR1 | SLR0 |
+-----------+------+------+------+
| SLR2      |    0 | 2379 |  473 |
| SLR1      | 2585 |    0 | 2556 |
| SLR0      | 1170 | 3334 |    0 |
+-----------+------+------+------+


3. SLR CLB Logic and Dedicated Block Utilization
------------------------------------------------

+----------------------------+-------+--------+--------+--------+--------+--------+
|          Site Type         |  SLR0 |  SLR1  |  SLR2  | SLR0 % | SLR1 % | SLR2 % |
+----------------------------+-------+--------+--------+--------+--------+--------+
| CLB                        | 20715 |  18393 |  24342 |  37.69 |  34.06 |  45.08 |
|   CLBL                     | 10688 |   9788 |  12799 |  36.50 |  33.43 |  43.71 |
|   CLBM                     | 10027 |   8605 |  11543 |  39.05 |  34.81 |  46.69 |
| CLB LUTs                   | 94551 | 108036 | 125947 |  21.50 |  25.01 |  29.15 |
|   LUT as Logic             | 88938 | 103890 | 123466 |  20.23 |  24.05 |  28.58 |
|     using O5 output only   |  1706 |   1203 |   1129 |   0.39 |   0.28 |   0.26 |
|     using O6 output only   | 63931 |  76406 |  90001 |  14.54 |  17.69 |  20.83 |
|     using O5 and O6        | 23301 |  26281 |  32336 |   5.30 |   6.08 |   7.49 |
|   LUT as Memory            |  5613 |   4146 |   2481 |   2.73 |   2.10 |   1.25 |
|     LUT as Distributed RAM |  3160 |   3532 |    820 |   1.54 |   1.79 |   0.41 |
|       using O5 output only |     0 |      0 |      0 |   0.00 |   0.00 |   0.00 |
|       using O6 output only |   256 |    386 |      4 |   0.12 |   0.20 |  <0.01 |
|       using O5 and O6      |  2904 |   3146 |    816 |   1.41 |   1.59 |   0.41 |
|     LUT as Shift Register  |  2453 |    614 |   1661 |   1.19 |   0.31 |   0.84 |
|       using O5 output only |     0 |      0 |      0 |   0.00 |   0.00 |   0.00 |
|       using O6 output only |  1669 |    486 |   1483 |   0.81 |   0.25 |   0.75 |
|       using O5 and O6      |   784 |    128 |    178 |   0.38 |   0.06 |   0.09 |
| CLB Registers              | 92892 |  81208 |  65280 |  10.56 |   9.40 |   7.56 |
| CARRY8                     |  6379 |   6509 |  11971 |  11.61 |  12.05 |  22.17 |
| F7 Muxes                   |  1459 |   1202 |    767 |   0.66 |   0.56 |   0.36 |
| F8 Muxes                   |   202 |    265 |     10 |   0.18 |   0.25 |  <0.01 |
| F9 Muxes                   |     0 |      0 |      0 |   0.00 |   0.00 |   0.00 |
| Block RAM Tile             |   222 |    252 |    374 |  33.04 |  37.50 |  55.65 |
|   RAMB36/FIFO              |   214 |    247 |    364 |  31.85 |  36.76 |  54.17 |
|   RAMB18                   |    16 |     10 |     20 |   1.19 |   0.74 |   1.49 |
| URAM                       |     0 |      0 |      0 |   0.00 |   0.00 |   0.00 |
| DSPs                       |  1079 |   1079 |   2162 |  37.47 |  35.12 |  70.38 |
| Unique Control Sets        |  3090 |   3426 |   1716 |   2.81 |   3.17 |   1.59 |
+----------------------------+-------+--------+--------+--------+--------+--------+
* Note: Available Control Sets based on CLB Registers / 8


4. SLR IO Utilization
---------------------

+-----------+-----------+---------+------------+----------+------------+----------+-----+
| SLR Index | Used IOBs | (%)IOBs | Used IPADs | (%)IPADs | Used OPADs | (%)OPADs | GTs |
+-----------+-----------+---------+------------+----------+------------+----------+-----+
| SLR2      |         0 |    0.00 |          0 |     0.00 |          0 |     0.00 |   0 |
| SLR1      |         0 |    0.00 |          0 |     0.00 |          0 |     0.00 |   0 |
| SLR0      |        12 |    5.77 |          0 |     0.00 |          0 |     0.00 |  16 |
+-----------+-----------+---------+------------+----------+------------+----------+-----+
| Total     |        12 |         |          0 |          |          0 |          |  16 |
+-----------+-----------+---------+------------+----------+------------+----------+-----+


