Copyright 1986-2022 Xilinx, Inc. All Rights Reserved.
----------------------------------------------------------------------------------------------------------------------------------------------------------------------------------------------------------------------------------------------------------------------------------------------------------------------------------------------------------------------------------------------------
| Tool Version : Vivado v.2022.2 (lin64) Build 3671981 Fri Oct 14 04:59:54 MDT 2022
| Date         : Fri Jun 28 06:40:57 2024
| Host         : egl running 64-bit Ubuntu 20.04.4 LTS
| Command      : report_accelerator_utilization -kernels { kernel_wrapper:level0_i/ulp/kernel_wrapper_1/inst:kernel_wrapper_1 kernel_wrapper:level0_i/ulp/kernel_wrapper_2/inst:kernel_wrapper_2 kernel_wrapper:level0_i/ulp/kernel_wrapper_3/inst:kernel_wrapper_3 kernel_wrapper:level0_i/ulp/kernel_wrapper_4/inst:kernel_wrapper_4} -file kernel_util_routed.rpt -name kernel_util_routed -json
| Design       : level0_wrapper
| Device       : xcu55c
| Design State : Routed
----------------------------------------------------------------------------------------------------------------------------------------------------------------------------------------------------------------------------------------------------------------------------------------------------------------------------------------------------------------------------------------------------

Accelerator Utilization Design Information

Table of Contents
-----------------
1. System Utilization

1. System Utilization
---------------------

+---------------------+-------------------+------------------+-------------------+----------------+---------------+----------------+
| Name                | LUT               | LUTAsMem         | REG               | BRAM           | URAM          | DSP            |
+---------------------+-------------------+------------------+-------------------+----------------+---------------+----------------+
| Platform            |  127613 [  9.79%] |  10328 [  1.72%] |  178698 [  6.85%] |  200 [  9.92%] |   0 [  0.00%] |    4 [  0.04%] |
| User Budget         | 1176067 [100.00%] | 590632 [100.00%] | 2428662 [100.00%] | 1816 [100.00%] | 960 [100.00%] | 9020 [100.00%] |
|    Used Resources   |  200935 [ 17.09%] |   1912 [  0.32%] |   61049 [  2.51%] |  648 [ 35.68%] |   0 [  0.00%] | 4316 [ 47.85%] |
|    Unused Resources |  975132 [ 82.91%] | 588720 [ 99.68%] | 2367613 [ 97.49%] | 1168 [ 64.32%] | 960 [100.00%] | 4704 [ 52.15%] |
| kernel_wrapper      |  200935 [ 17.09%] |   1912 [  0.32%] |   61049 [  2.51%] |  648 [ 35.68%] |   0 [  0.00%] | 4316 [ 47.85%] |
|    kernel_wrapper_1 |   50125 [  4.26%] |    478 [  0.08%] |   15160 [  0.62%] |  162 [  8.92%] |   0 [  0.00%] | 1079 [ 11.96%] |
|    kernel_wrapper_2 |   50225 [  4.27%] |    478 [  0.08%] |   15154 [  0.62%] |  162 [  8.92%] |   0 [  0.00%] | 1079 [ 11.96%] |
|    kernel_wrapper_3 |   50402 [  4.29%] |    478 [  0.08%] |   15296 [  0.63%] |  162 [  8.92%] |   0 [  0.00%] | 1079 [ 11.96%] |
|    kernel_wrapper_4 |   50183 [  4.27%] |    478 [  0.08%] |   15439 [  0.64%] |  162 [  8.92%] |   0 [  0.00%] | 1079 [ 11.96%] |
+---------------------+-------------------+------------------+-------------------+----------------+---------------+----------------+


