

================================================================
== Vitis HLS Report for 'pooling2d_cl_array_array_ap_fixed_16_6_5_3_0_24u_config13_s'
================================================================
* Date:           Thu Jul  4 19:00:29 2024

* Version:        2022.2 (Build 3670227 on Oct 13 2022)
* Project:        kernel_wrapper
* Solution:       solution (Vitis Kernel Flow Target)
* Product family: virtexuplus
* Target device:  xcu55c-fsvh2892-2L-e


================================================================
== Performance Estimates
================================================================
+ Timing: 
    * Summary: 
    +--------+---------+----------+------------+
    |  Clock |  Target | Estimated| Uncertainty|
    +--------+---------+----------+------------+
    |ap_clk  |  5.00 ns|  3.632 ns|     1.35 ns|
    +--------+---------+----------+------------+

+ Latency: 
    * Summary: 
    +---------+---------+-----------+-----------+-----+-----+---------+
    |  Latency (cycles) |   Latency (absolute)  |  Interval | Pipeline|
    |   min   |   max   |    min    |    max    | min | max |   Type  |
    +---------+---------+-----------+-----------+-----+-----+---------+
    |       19|       19|  95.000 ns|  95.000 ns|   19|   19|       no|
    +---------+---------+-----------+-----------+-----+-----+---------+

    + Detail: 
        * Instance: 
        N/A

        * Loop: 
        +----------------------------------+---------+---------+----------+-----------+-----------+------+----------+
        |                                  |  Latency (cycles) | Iteration|  Initiation Interval  | Trip |          |
        |             Loop Name            |   min   |   max   |  Latency |  achieved |   target  | Count| Pipelined|
        +----------------------------------+---------+---------+----------+-----------+-----------+------+----------+
        |- ReadInputHeight_ReadInputWidth  |       17|       17|         3|          1|          1|    16|       yes|
        +----------------------------------+---------+---------+----------+-----------+-----------+------+----------+



================================================================
== Utilization Estimates
================================================================
* Summary: 
+---------------------+---------+------+---------+---------+-----+
|         Name        | BRAM_18K|  DSP |    FF   |   LUT   | URAM|
+---------------------+---------+------+---------+---------+-----+
|DSP                  |        -|     -|        -|        -|    -|
|Expression           |        -|     -|        0|     1998|    -|
|FIFO                 |        -|     -|        -|        -|    -|
|Instance             |        -|     -|        -|        -|    -|
|Memory               |        -|     -|     1536|      768|    -|
|Multiplexer          |        -|     -|        -|      108|    -|
|Register             |        -|     -|      611|        -|    -|
+---------------------+---------+------+---------+---------+-----+
|Total                |        0|     0|     2147|     2874|    0|
+---------------------+---------+------+---------+---------+-----+
|Available SLR        |     1344|  3008|   869120|   434560|  320|
+---------------------+---------+------+---------+---------+-----+
|Utilization SLR (%)  |        0|     0|       ~0|       ~0|    0|
+---------------------+---------+------+---------+---------+-----+
|Available            |     4032|  9024|  2607360|  1303680|  960|
+---------------------+---------+------+---------+---------+-----+
|Utilization (%)      |        0|     0|       ~0|       ~0|    0|
+---------------------+---------+------+---------+---------+-----+

+ Detail: 
    * Instance: 
    N/A

    * DSP: 
    N/A

    * Memory: 
    +---------------------------------------------------------------------------------------+----------------------------------------------------------------------------------+---------+----+----+-----+------+-----+------+-------------+
    |                                         Memory                                        |                                      Module                                      | BRAM_18K| FF | LUT| URAM| Words| Bits| Banks| W*Bits*Banks|
    +---------------------------------------------------------------------------------------+----------------------------------------------------------------------------------+---------+----+----+-----+------+-----+------+-------------+
    |void_pooling2d_buffer_cl_stream_stream_array_ap_fixed_24u_0_line_buffer_9_U            |pooling2d_cl_array_array_ap_fixed_16_6_5_3_0_24u_config13_s_void_pooling2d_bubPq  |        0|  64|  32|    0|     4|    6|     1|           24|
    |void_pooling2d_buffer_cl_stream_stream_array_ap_fixed_24u_0_line_buffer_8_U            |pooling2d_cl_array_array_ap_fixed_16_6_5_3_0_24u_config13_s_void_pooling2d_bubPq  |        0|  64|  32|    0|     4|    6|     1|           24|
    |void_pooling2d_buffer_cl_stream_stream_array_ap_fixed_24u_0_line_buffer_7_U            |pooling2d_cl_array_array_ap_fixed_16_6_5_3_0_24u_config13_s_void_pooling2d_bubPq  |        0|  64|  32|    0|     4|    6|     1|           24|
    |void_pooling2d_buffer_cl_stream_stream_array_ap_fixed_24u_0_line_buffer_6_U            |pooling2d_cl_array_array_ap_fixed_16_6_5_3_0_24u_config13_s_void_pooling2d_bubPq  |        0|  64|  32|    0|     4|    6|     1|           24|
    |void_pooling2d_buffer_cl_stream_stream_array_ap_fixed_24u_0_line_buffer_5_U            |pooling2d_cl_array_array_ap_fixed_16_6_5_3_0_24u_config13_s_void_pooling2d_bubPq  |        0|  64|  32|    0|     4|    6|     1|           24|
    |void_pooling2d_buffer_cl_stream_stream_array_ap_fixed_24u_0_line_buffer_4_U            |pooling2d_cl_array_array_ap_fixed_16_6_5_3_0_24u_config13_s_void_pooling2d_bubPq  |        0|  64|  32|    0|     4|    6|     1|           24|
    |void_pooling2d_buffer_cl_stream_stream_array_ap_fixed_24u_0_line_buffer_3_U            |pooling2d_cl_array_array_ap_fixed_16_6_5_3_0_24u_config13_s_void_pooling2d_bubPq  |        0|  64|  32|    0|     4|    6|     1|           24|
    |void_pooling2d_buffer_cl_stream_stream_array_ap_fixed_24u_0_line_buffer_2_U            |pooling2d_cl_array_array_ap_fixed_16_6_5_3_0_24u_config13_s_void_pooling2d_bubPq  |        0|  64|  32|    0|     4|    6|     1|           24|
    |void_pooling2d_buffer_cl_stream_stream_array_ap_fixed_24u_0_line_buffer_1_U            |pooling2d_cl_array_array_ap_fixed_16_6_5_3_0_24u_config13_s_void_pooling2d_bubPq  |        0|  64|  32|    0|     4|    6|     1|           24|
    |void_pooling2d_buffer_cl_stream_stream_array_ap_fixed_24u_0_line_buffer_U              |pooling2d_cl_array_array_ap_fixed_16_6_5_3_0_24u_config13_s_void_pooling2d_bubPq  |        0|  64|  32|    0|     4|    6|     1|           24|
    |p_ZZN4nnet19pooling2d_buffer_clINS_5arrayI9ap_ufixedILi6ELi0EL9ap_q_mode4EL9ap_o_13_U  |pooling2d_cl_array_array_ap_fixed_16_6_5_3_0_24u_config13_s_void_pooling2d_bubPq  |        0|  64|  32|    0|     4|    6|     1|           24|
    |p_ZZN4nnet19pooling2d_buffer_clINS_5arrayI9ap_ufixedILi6ELi0EL9ap_q_mode4EL9ap_o_12_U  |pooling2d_cl_array_array_ap_fixed_16_6_5_3_0_24u_config13_s_void_pooling2d_bubPq  |        0|  64|  32|    0|     4|    6|     1|           24|
    |p_ZZN4nnet19pooling2d_buffer_clINS_5arrayI9ap_ufixedILi6ELi0EL9ap_q_mode4EL9ap_o_11_U  |pooling2d_cl_array_array_ap_fixed_16_6_5_3_0_24u_config13_s_void_pooling2d_bubPq  |        0|  64|  32|    0|     4|    6|     1|           24|
    |p_ZZN4nnet19pooling2d_buffer_clINS_5arrayI9ap_ufixedILi6ELi0EL9ap_q_mode4EL9ap_o_10_U  |pooling2d_cl_array_array_ap_fixed_16_6_5_3_0_24u_config13_s_void_pooling2d_bubPq  |        0|  64|  32|    0|     4|    6|     1|           24|
    |p_ZZN4nnet19pooling2d_buffer_clINS_5arrayI9ap_ufixedILi6ELi0EL9ap_q_mode4EL9ap_o_9_U   |pooling2d_cl_array_array_ap_fixed_16_6_5_3_0_24u_config13_s_void_pooling2d_bubPq  |        0|  64|  32|    0|     4|    6|     1|           24|
    |p_ZZN4nnet19pooling2d_buffer_clINS_5arrayI9ap_ufixedILi6ELi0EL9ap_q_mode4EL9ap_o_8_U   |pooling2d_cl_array_array_ap_fixed_16_6_5_3_0_24u_config13_s_void_pooling2d_bubPq  |        0|  64|  32|    0|     4|    6|     1|           24|
    |p_ZZN4nnet19pooling2d_buffer_clINS_5arrayI9ap_ufixedILi6ELi0EL9ap_q_mode4EL9ap_o_7_U   |pooling2d_cl_array_array_ap_fixed_16_6_5_3_0_24u_config13_s_void_pooling2d_bubPq  |        0|  64|  32|    0|     4|    6|     1|           24|
    |p_ZZN4nnet19pooling2d_buffer_clINS_5arrayI9ap_ufixedILi6ELi0EL9ap_q_mode4EL9ap_o_6_U   |pooling2d_cl_array_array_ap_fixed_16_6_5_3_0_24u_config13_s_void_pooling2d_bubPq  |        0|  64|  32|    0|     4|    6|     1|           24|
    |p_ZZN4nnet19pooling2d_buffer_clINS_5arrayI9ap_ufixedILi6ELi0EL9ap_q_mode4EL9ap_o_5_U   |pooling2d_cl_array_array_ap_fixed_16_6_5_3_0_24u_config13_s_void_pooling2d_bubPq  |        0|  64|  32|    0|     4|    6|     1|           24|
    |p_ZZN4nnet19pooling2d_buffer_clINS_5arrayI9ap_ufixedILi6ELi0EL9ap_q_mode4EL9ap_o_4_U   |pooling2d_cl_array_array_ap_fixed_16_6_5_3_0_24u_config13_s_void_pooling2d_bubPq  |        0|  64|  32|    0|     4|    6|     1|           24|
    |p_ZZN4nnet19pooling2d_buffer_clINS_5arrayI9ap_ufixedILi6ELi0EL9ap_q_mode4EL9ap_o_3_U   |pooling2d_cl_array_array_ap_fixed_16_6_5_3_0_24u_config13_s_void_pooling2d_bubPq  |        0|  64|  32|    0|     4|    6|     1|           24|
    |p_ZZN4nnet19pooling2d_buffer_clINS_5arrayI9ap_ufixedILi6ELi0EL9ap_q_mode4EL9ap_o_2_U   |pooling2d_cl_array_array_ap_fixed_16_6_5_3_0_24u_config13_s_void_pooling2d_bubPq  |        0|  64|  32|    0|     4|    6|     1|           24|
    |p_ZZN4nnet19pooling2d_buffer_clINS_5arrayI9ap_ufixedILi6ELi0EL9ap_q_mode4EL9ap_o_1_U   |pooling2d_cl_array_array_ap_fixed_16_6_5_3_0_24u_config13_s_void_pooling2d_bubPq  |        0|  64|  32|    0|     4|    6|     1|           24|
    |p_ZZN4nnet19pooling2d_buffer_clINS_5arrayI9ap_ufixedILi6ELi0EL9ap_q_mode4EL9ap_o_s_U   |pooling2d_cl_array_array_ap_fixed_16_6_5_3_0_24u_config13_s_void_pooling2d_bubPq  |        0|  64|  32|    0|     4|    6|     1|           24|
    +---------------------------------------------------------------------------------------+----------------------------------------------------------------------------------+---------+----+----+-----+------+-----+------+-------------+
    |Total                                                                                  |                                                                                  |        0|1536| 768|    0|    96|  144|    24|          576|
    +---------------------------------------------------------------------------------------+----------------------------------------------------------------------------------+---------+----+----+-----+------+-----+------+-------------+

    * FIFO: 
    N/A

    * Expression: 
    +----------------------------------+----------+----+---+----+------------+------------+
    |           Variable Name          | Operation| DSP| FF| LUT| Bitwidth P0| Bitwidth P1|
    +----------------------------------+----------+----+---+----+------------+------------+
    |add_ln212_fu_428_p2               |         +|   0|  0|  39|          32|           1|
    |add_ln216_fu_482_p2               |         +|   0|  0|  39|          32|           1|
    |add_ln222_fu_783_p2               |         +|   0|  0|  39|          32|          32|
    |add_ln227_fu_454_p2               |         +|   0|  0|  39|          32|          32|
    |add_ln241_fu_392_p2               |         +|   0|  0|  12|           5|           1|
    |and_ln191_1_fu_759_p2             |       and|   0|  0|   2|           1|           1|
    |and_ln191_fu_755_p2               |       and|   0|  0|   2|           1|           1|
    |ap_block_state3_pp0_stage0_iter2  |       and|   0|  0|   2|           1|           1|
    |ap_condition_451                  |       and|   0|  0|   2|           1|           1|
    |ap_condition_453                  |       and|   0|  0|   2|           1|           1|
    |ap_condition_477                  |       and|   0|  0|   2|           1|           1|
    |ap_condition_615                  |       and|   0|  0|   2|           1|           1|
    |ap_predicate_op541_write_state3   |       and|   0|  0|   2|           1|           1|
    |icmp_ln1651_10_fu_1539_p2         |      icmp|   0|  0|  11|          10|          10|
    |icmp_ln1651_11_fu_1594_p2         |      icmp|   0|  0|  11|          10|          10|
    |icmp_ln1651_12_fu_1614_p2         |      icmp|   0|  0|  11|          10|          10|
    |icmp_ln1651_13_fu_1634_p2         |      icmp|   0|  0|  11|          10|          10|
    |icmp_ln1651_14_fu_1689_p2         |      icmp|   0|  0|  11|          10|          10|
    |icmp_ln1651_15_fu_1709_p2         |      icmp|   0|  0|  11|          10|          10|
    |icmp_ln1651_16_fu_1729_p2         |      icmp|   0|  0|  11|          10|          10|
    |icmp_ln1651_17_fu_1784_p2         |      icmp|   0|  0|  11|          10|          10|
    |icmp_ln1651_18_fu_1804_p2         |      icmp|   0|  0|  11|          10|          10|
    |icmp_ln1651_19_fu_1824_p2         |      icmp|   0|  0|  11|          10|          10|
    |icmp_ln1651_20_fu_1879_p2         |      icmp|   0|  0|  11|          10|          10|
    |icmp_ln1651_21_fu_1899_p2         |      icmp|   0|  0|  11|          10|          10|
    |icmp_ln1651_22_fu_1919_p2         |      icmp|   0|  0|  11|          10|          10|
    |icmp_ln1651_23_fu_1974_p2         |      icmp|   0|  0|  11|          10|          10|
    |icmp_ln1651_24_fu_1994_p2         |      icmp|   0|  0|  11|          10|          10|
    |icmp_ln1651_25_fu_2014_p2         |      icmp|   0|  0|  11|          10|          10|
    |icmp_ln1651_26_fu_2069_p2         |      icmp|   0|  0|  11|          10|          10|
    |icmp_ln1651_27_fu_2089_p2         |      icmp|   0|  0|  11|          10|          10|
    |icmp_ln1651_28_fu_2109_p2         |      icmp|   0|  0|  11|          10|          10|
    |icmp_ln1651_29_fu_2164_p2         |      icmp|   0|  0|  11|          10|          10|
    |icmp_ln1651_30_fu_2184_p2         |      icmp|   0|  0|  11|          10|          10|
    |icmp_ln1651_31_fu_2204_p2         |      icmp|   0|  0|  11|          10|          10|
    |icmp_ln1651_32_fu_2259_p2         |      icmp|   0|  0|  11|          10|          10|
    |icmp_ln1651_33_fu_2279_p2         |      icmp|   0|  0|  11|          10|          10|
    |icmp_ln1651_34_fu_2299_p2         |      icmp|   0|  0|  11|          10|          10|
    |icmp_ln1651_35_fu_2354_p2         |      icmp|   0|  0|  11|          10|          10|
    |icmp_ln1651_36_fu_2374_p2         |      icmp|   0|  0|  11|          10|          10|
    |icmp_ln1651_37_fu_2394_p2         |      icmp|   0|  0|  11|          10|          10|
    |icmp_ln1651_38_fu_2449_p2         |      icmp|   0|  0|  11|          10|          10|
    |icmp_ln1651_39_fu_2469_p2         |      icmp|   0|  0|  11|          10|          10|
    |icmp_ln1651_40_fu_2489_p2         |      icmp|   0|  0|  11|          10|          10|
    |icmp_ln1651_41_fu_2544_p2         |      icmp|   0|  0|  11|          10|          10|
    |icmp_ln1651_42_fu_2564_p2         |      icmp|   0|  0|  11|          10|          10|
    |icmp_ln1651_43_fu_2584_p2         |      icmp|   0|  0|  11|          10|          10|
    |icmp_ln1651_44_fu_2639_p2         |      icmp|   0|  0|  11|          10|          10|
    |icmp_ln1651_45_fu_2659_p2         |      icmp|   0|  0|  11|          10|          10|
    |icmp_ln1651_46_fu_2679_p2         |      icmp|   0|  0|  11|          10|          10|
    |icmp_ln1651_47_fu_2734_p2         |      icmp|   0|  0|  11|          10|          10|
    |icmp_ln1651_48_fu_2754_p2         |      icmp|   0|  0|  11|          10|          10|
    |icmp_ln1651_49_fu_2774_p2         |      icmp|   0|  0|  11|          10|          10|
    |icmp_ln1651_50_fu_2829_p2         |      icmp|   0|  0|  11|          10|          10|
    |icmp_ln1651_51_fu_2849_p2         |      icmp|   0|  0|  11|          10|          10|
    |icmp_ln1651_52_fu_2869_p2         |      icmp|   0|  0|  11|          10|          10|
    |icmp_ln1651_53_fu_2924_p2         |      icmp|   0|  0|  11|          10|          10|
    |icmp_ln1651_54_fu_2944_p2         |      icmp|   0|  0|  11|          10|          10|
    |icmp_ln1651_55_fu_2964_p2         |      icmp|   0|  0|  11|          10|          10|
    |icmp_ln1651_56_fu_3019_p2         |      icmp|   0|  0|  11|          10|          10|
    |icmp_ln1651_57_fu_3039_p2         |      icmp|   0|  0|  11|          10|          10|
    |icmp_ln1651_58_fu_3059_p2         |      icmp|   0|  0|  11|          10|          10|
    |icmp_ln1651_59_fu_3114_p2         |      icmp|   0|  0|  11|          10|          10|
    |icmp_ln1651_60_fu_3134_p2         |      icmp|   0|  0|  11|          10|          10|
    |icmp_ln1651_61_fu_3154_p2         |      icmp|   0|  0|  11|          10|          10|
    |icmp_ln1651_62_fu_3209_p2         |      icmp|   0|  0|  11|          10|          10|
    |icmp_ln1651_63_fu_3229_p2         |      icmp|   0|  0|  11|          10|          10|
    |icmp_ln1651_64_fu_3249_p2         |      icmp|   0|  0|  11|          10|          10|
    |icmp_ln1651_65_fu_3304_p2         |      icmp|   0|  0|  11|          10|          10|
    |icmp_ln1651_66_fu_3324_p2         |      icmp|   0|  0|  11|          10|          10|
    |icmp_ln1651_67_fu_3344_p2         |      icmp|   0|  0|  11|          10|          10|
    |icmp_ln1651_68_fu_3399_p2         |      icmp|   0|  0|  11|          10|          10|
    |icmp_ln1651_69_fu_3419_p2         |      icmp|   0|  0|  11|          10|          10|
    |icmp_ln1651_70_fu_3439_p2         |      icmp|   0|  0|  11|          10|          10|
    |icmp_ln1651_71_fu_3494_p2         |      icmp|   0|  0|  11|          10|          10|
    |icmp_ln1651_72_fu_3514_p2         |      icmp|   0|  0|  11|          10|          10|
    |icmp_ln1651_73_fu_3534_p2         |      icmp|   0|  0|  11|          10|          10|
    |icmp_ln1651_74_fu_3589_p2         |      icmp|   0|  0|  11|          10|          10|
    |icmp_ln1651_75_fu_3609_p2         |      icmp|   0|  0|  11|          10|          10|
    |icmp_ln1651_76_fu_3629_p2         |      icmp|   0|  0|  11|          10|          10|
    |icmp_ln1651_77_fu_3684_p2         |      icmp|   0|  0|  11|          10|          10|
    |icmp_ln1651_78_fu_3704_p2         |      icmp|   0|  0|  11|          10|          10|
    |icmp_ln1651_79_fu_3724_p2         |      icmp|   0|  0|  11|          10|          10|
    |icmp_ln1651_9_fu_1519_p2          |      icmp|   0|  0|  11|          10|          10|
    |icmp_ln1651_fu_1499_p2            |      icmp|   0|  0|  11|          10|          10|
    |icmp_ln191_1_fu_749_p2            |      icmp|   0|  0|  20|          32|           1|
    |icmp_ln191_2_fu_416_p2            |      icmp|   0|  0|  20|          32|           1|
    |icmp_ln191_3_fu_422_p2            |      icmp|   0|  0|  20|          32|           1|
    |icmp_ln191_fu_402_p2              |      icmp|   0|  0|  20|          32|           1|
    |icmp_ln212_fu_434_p2              |      icmp|   0|  0|  20|          32|           3|
    |icmp_ln216_fu_488_p2              |      icmp|   0|  0|  20|          32|           3|
    |icmp_ln222_fu_769_p2              |      icmp|   0|  0|  20|          32|           1|
    |icmp_ln241_fu_386_p2              |      icmp|   0|  0|  10|           5|           6|
    |ap_block_pp0_stage0_01001         |        or|   0|  0|   2|           1|           1|
    |res_pack_data_1_fu_1646_p3        |    select|   0|  0|  10|           1|          10|
    |res_pack_data_2_fu_1741_p3        |    select|   0|  0|  10|           1|          10|
    |res_pack_data_3_fu_1836_p3        |    select|   0|  0|  10|           1|          10|
    |res_pack_data_fu_1551_p3          |    select|   0|  0|  10|           1|          10|
    |select_ln222_fu_775_p3            |    select|   0|  0|   2|           1|           2|
    |select_ln227_fu_446_p3            |    select|   0|  0|   2|           1|           2|
    |select_ln65_11_fu_1606_p3         |    select|   0|  0|  10|           1|          10|
    |select_ln65_12_fu_1626_p3         |    select|   0|  0|  10|           1|          10|
    |select_ln65_14_fu_1701_p3         |    select|   0|  0|  10|           1|          10|
    |select_ln65_15_fu_1721_p3         |    select|   0|  0|  10|           1|          10|
    |select_ln65_17_fu_1796_p3         |    select|   0|  0|  10|           1|          10|
    |select_ln65_18_fu_1816_p3         |    select|   0|  0|  10|           1|          10|
    |select_ln65_20_fu_1891_p3         |    select|   0|  0|  10|           1|          10|
    |select_ln65_21_fu_1911_p3         |    select|   0|  0|  10|           1|          10|
    |select_ln65_22_fu_1931_p3         |    select|   0|  0|  10|           1|          10|
    |select_ln65_23_fu_1986_p3         |    select|   0|  0|  10|           1|          10|
    |select_ln65_24_fu_2006_p3         |    select|   0|  0|  10|           1|          10|
    |select_ln65_25_fu_2026_p3         |    select|   0|  0|  10|           1|          10|
    |select_ln65_26_fu_2081_p3         |    select|   0|  0|  10|           1|          10|
    |select_ln65_27_fu_2101_p3         |    select|   0|  0|  10|           1|          10|
    |select_ln65_28_fu_2121_p3         |    select|   0|  0|  10|           1|          10|
    |select_ln65_29_fu_2176_p3         |    select|   0|  0|  10|           1|          10|
    |select_ln65_30_fu_2196_p3         |    select|   0|  0|  10|           1|          10|
    |select_ln65_31_fu_2216_p3         |    select|   0|  0|  10|           1|          10|
    |select_ln65_32_fu_2271_p3         |    select|   0|  0|  10|           1|          10|
    |select_ln65_33_fu_2291_p3         |    select|   0|  0|  10|           1|          10|
    |select_ln65_34_fu_2311_p3         |    select|   0|  0|  10|           1|          10|
    |select_ln65_35_fu_2366_p3         |    select|   0|  0|  10|           1|          10|
    |select_ln65_36_fu_2386_p3         |    select|   0|  0|  10|           1|          10|
    |select_ln65_37_fu_2406_p3         |    select|   0|  0|  10|           1|          10|
    |select_ln65_38_fu_2461_p3         |    select|   0|  0|  10|           1|          10|
    |select_ln65_39_fu_2481_p3         |    select|   0|  0|  10|           1|          10|
    |select_ln65_40_fu_2501_p3         |    select|   0|  0|  10|           1|          10|
    |select_ln65_41_fu_2556_p3         |    select|   0|  0|  10|           1|          10|
    |select_ln65_42_fu_2576_p3         |    select|   0|  0|  10|           1|          10|
    |select_ln65_43_fu_2596_p3         |    select|   0|  0|  10|           1|          10|
    |select_ln65_44_fu_2651_p3         |    select|   0|  0|  10|           1|          10|
    |select_ln65_45_fu_2671_p3         |    select|   0|  0|  10|           1|          10|
    |select_ln65_46_fu_2691_p3         |    select|   0|  0|  10|           1|          10|
    |select_ln65_47_fu_2746_p3         |    select|   0|  0|  10|           1|          10|
    |select_ln65_48_fu_2766_p3         |    select|   0|  0|  10|           1|          10|
    |select_ln65_49_fu_2786_p3         |    select|   0|  0|  10|           1|          10|
    |select_ln65_50_fu_2841_p3         |    select|   0|  0|  10|           1|          10|
    |select_ln65_51_fu_2861_p3         |    select|   0|  0|  10|           1|          10|
    |select_ln65_52_fu_2881_p3         |    select|   0|  0|  10|           1|          10|
    |select_ln65_53_fu_2936_p3         |    select|   0|  0|  10|           1|          10|
    |select_ln65_54_fu_2956_p3         |    select|   0|  0|  10|           1|          10|
    |select_ln65_55_fu_2976_p3         |    select|   0|  0|  10|           1|          10|
    |select_ln65_56_fu_3031_p3         |    select|   0|  0|  10|           1|          10|
    |select_ln65_57_fu_3051_p3         |    select|   0|  0|  10|           1|          10|
    |select_ln65_58_fu_3071_p3         |    select|   0|  0|  10|           1|          10|
    |select_ln65_59_fu_3126_p3         |    select|   0|  0|  10|           1|          10|
    |select_ln65_60_fu_3146_p3         |    select|   0|  0|  10|           1|          10|
    |select_ln65_61_fu_3166_p3         |    select|   0|  0|  10|           1|          10|
    |select_ln65_62_fu_3221_p3         |    select|   0|  0|  10|           1|          10|
    |select_ln65_63_fu_3241_p3         |    select|   0|  0|  10|           1|          10|
    |select_ln65_64_fu_3261_p3         |    select|   0|  0|  10|           1|          10|
    |select_ln65_65_fu_3316_p3         |    select|   0|  0|  10|           1|          10|
    |select_ln65_66_fu_3336_p3         |    select|   0|  0|  10|           1|          10|
    |select_ln65_67_fu_3356_p3         |    select|   0|  0|  10|           1|          10|
    |select_ln65_68_fu_3411_p3         |    select|   0|  0|  10|           1|          10|
    |select_ln65_69_fu_3431_p3         |    select|   0|  0|  10|           1|          10|
    |select_ln65_70_fu_3451_p3         |    select|   0|  0|  10|           1|          10|
    |select_ln65_71_fu_3506_p3         |    select|   0|  0|  10|           1|          10|
    |select_ln65_72_fu_3526_p3         |    select|   0|  0|  10|           1|          10|
    |select_ln65_73_fu_3546_p3         |    select|   0|  0|  10|           1|          10|
    |select_ln65_74_fu_3601_p3         |    select|   0|  0|  10|           1|          10|
    |select_ln65_75_fu_3621_p3         |    select|   0|  0|  10|           1|          10|
    |select_ln65_76_fu_3641_p3         |    select|   0|  0|  10|           1|          10|
    |select_ln65_77_fu_3696_p3         |    select|   0|  0|  10|           1|          10|
    |select_ln65_78_fu_3716_p3         |    select|   0|  0|  10|           1|          10|
    |select_ln65_79_fu_3736_p3         |    select|   0|  0|  10|           1|          10|
    |select_ln65_9_fu_1531_p3          |    select|   0|  0|  10|           1|          10|
    |select_ln65_fu_1511_p3            |    select|   0|  0|  10|           1|          10|
    |ap_enable_pp0                     |       xor|   0|  0|   2|           1|           2|
    |xor_ln1651_10_fu_1545_p2          |       xor|   0|  0|   2|           1|           2|
    |xor_ln1651_11_fu_1600_p2          |       xor|   0|  0|   2|           1|           2|
    |xor_ln1651_12_fu_1620_p2          |       xor|   0|  0|   2|           1|           2|
    |xor_ln1651_13_fu_1640_p2          |       xor|   0|  0|   2|           1|           2|
    |xor_ln1651_14_fu_1695_p2          |       xor|   0|  0|   2|           1|           2|
    |xor_ln1651_15_fu_1715_p2          |       xor|   0|  0|   2|           1|           2|
    |xor_ln1651_16_fu_1735_p2          |       xor|   0|  0|   2|           1|           2|
    |xor_ln1651_17_fu_1790_p2          |       xor|   0|  0|   2|           1|           2|
    |xor_ln1651_18_fu_1810_p2          |       xor|   0|  0|   2|           1|           2|
    |xor_ln1651_19_fu_1830_p2          |       xor|   0|  0|   2|           1|           2|
    |xor_ln1651_20_fu_1885_p2          |       xor|   0|  0|   2|           1|           2|
    |xor_ln1651_21_fu_1905_p2          |       xor|   0|  0|   2|           1|           2|
    |xor_ln1651_22_fu_1925_p2          |       xor|   0|  0|   2|           1|           2|
    |xor_ln1651_23_fu_1980_p2          |       xor|   0|  0|   2|           1|           2|
    |xor_ln1651_24_fu_2000_p2          |       xor|   0|  0|   2|           1|           2|
    |xor_ln1651_25_fu_2020_p2          |       xor|   0|  0|   2|           1|           2|
    |xor_ln1651_26_fu_2075_p2          |       xor|   0|  0|   2|           1|           2|
    |xor_ln1651_27_fu_2095_p2          |       xor|   0|  0|   2|           1|           2|
    |xor_ln1651_28_fu_2115_p2          |       xor|   0|  0|   2|           1|           2|
    |xor_ln1651_29_fu_2170_p2          |       xor|   0|  0|   2|           1|           2|
    |xor_ln1651_30_fu_2190_p2          |       xor|   0|  0|   2|           1|           2|
    |xor_ln1651_31_fu_2210_p2          |       xor|   0|  0|   2|           1|           2|
    |xor_ln1651_32_fu_2265_p2          |       xor|   0|  0|   2|           1|           2|
    |xor_ln1651_33_fu_2285_p2          |       xor|   0|  0|   2|           1|           2|
    |xor_ln1651_34_fu_2305_p2          |       xor|   0|  0|   2|           1|           2|
    |xor_ln1651_35_fu_2360_p2          |       xor|   0|  0|   2|           1|           2|
    |xor_ln1651_36_fu_2380_p2          |       xor|   0|  0|   2|           1|           2|
    |xor_ln1651_37_fu_2400_p2          |       xor|   0|  0|   2|           1|           2|
    |xor_ln1651_38_fu_2455_p2          |       xor|   0|  0|   2|           1|           2|
    |xor_ln1651_39_fu_2475_p2          |       xor|   0|  0|   2|           1|           2|
    |xor_ln1651_40_fu_2495_p2          |       xor|   0|  0|   2|           1|           2|
    |xor_ln1651_41_fu_2550_p2          |       xor|   0|  0|   2|           1|           2|
    |xor_ln1651_42_fu_2570_p2          |       xor|   0|  0|   2|           1|           2|
    |xor_ln1651_43_fu_2590_p2          |       xor|   0|  0|   2|           1|           2|
    |xor_ln1651_44_fu_2645_p2          |       xor|   0|  0|   2|           1|           2|
    |xor_ln1651_45_fu_2665_p2          |       xor|   0|  0|   2|           1|           2|
    |xor_ln1651_46_fu_2685_p2          |       xor|   0|  0|   2|           1|           2|
    |xor_ln1651_47_fu_2740_p2          |       xor|   0|  0|   2|           1|           2|
    |xor_ln1651_48_fu_2760_p2          |       xor|   0|  0|   2|           1|           2|
    |xor_ln1651_49_fu_2780_p2          |       xor|   0|  0|   2|           1|           2|
    |xor_ln1651_50_fu_2835_p2          |       xor|   0|  0|   2|           1|           2|
    |xor_ln1651_51_fu_2855_p2          |       xor|   0|  0|   2|           1|           2|
    |xor_ln1651_52_fu_2875_p2          |       xor|   0|  0|   2|           1|           2|
    |xor_ln1651_53_fu_2930_p2          |       xor|   0|  0|   2|           1|           2|
    |xor_ln1651_54_fu_2950_p2          |       xor|   0|  0|   2|           1|           2|
    |xor_ln1651_55_fu_2970_p2          |       xor|   0|  0|   2|           1|           2|
    |xor_ln1651_56_fu_3025_p2          |       xor|   0|  0|   2|           1|           2|
    |xor_ln1651_57_fu_3045_p2          |       xor|   0|  0|   2|           1|           2|
    |xor_ln1651_58_fu_3065_p2          |       xor|   0|  0|   2|           1|           2|
    |xor_ln1651_59_fu_3120_p2          |       xor|   0|  0|   2|           1|           2|
    |xor_ln1651_60_fu_3140_p2          |       xor|   0|  0|   2|           1|           2|
    |xor_ln1651_61_fu_3160_p2          |       xor|   0|  0|   2|           1|           2|
    |xor_ln1651_62_fu_3215_p2          |       xor|   0|  0|   2|           1|           2|
    |xor_ln1651_63_fu_3235_p2          |       xor|   0|  0|   2|           1|           2|
    |xor_ln1651_64_fu_3255_p2          |       xor|   0|  0|   2|           1|           2|
    |xor_ln1651_65_fu_3310_p2          |       xor|   0|  0|   2|           1|           2|
    |xor_ln1651_66_fu_3330_p2          |       xor|   0|  0|   2|           1|           2|
    |xor_ln1651_67_fu_3350_p2          |       xor|   0|  0|   2|           1|           2|
    |xor_ln1651_68_fu_3405_p2          |       xor|   0|  0|   2|           1|           2|
    |xor_ln1651_69_fu_3425_p2          |       xor|   0|  0|   2|           1|           2|
    |xor_ln1651_70_fu_3445_p2          |       xor|   0|  0|   2|           1|           2|
    |xor_ln1651_71_fu_3500_p2          |       xor|   0|  0|   2|           1|           2|
    |xor_ln1651_72_fu_3520_p2          |       xor|   0|  0|   2|           1|           2|
    |xor_ln1651_73_fu_3540_p2          |       xor|   0|  0|   2|           1|           2|
    |xor_ln1651_74_fu_3595_p2          |       xor|   0|  0|   2|           1|           2|
    |xor_ln1651_75_fu_3615_p2          |       xor|   0|  0|   2|           1|           2|
    |xor_ln1651_76_fu_3635_p2          |       xor|   0|  0|   2|           1|           2|
    |xor_ln1651_77_fu_3690_p2          |       xor|   0|  0|   2|           1|           2|
    |xor_ln1651_78_fu_3710_p2          |       xor|   0|  0|   2|           1|           2|
    |xor_ln1651_79_fu_3730_p2          |       xor|   0|  0|   2|           1|           2|
    |xor_ln1651_9_fu_1525_p2           |       xor|   0|  0|   2|           1|           2|
    |xor_ln1651_fu_1505_p2             |       xor|   0|  0|   2|           1|           2|
    +----------------------------------+----------+----+---+----+------------+------------+
    |Total                             |          |   0|  0|1998|        1238|        1683|
    +----------------------------------+----------+----+---+----+------------+------------+

    * Multiplexer: 
    +-------------------------------------------+----+-----------+-----+-----------+
    |                    Name                   | LUT| Input Size| Bits| Total Bits|
    +-------------------------------------------+----+-----------+-----+-----------+
    |ap_done_int                                |   9|          2|    1|          2|
    |ap_enable_reg_pp0_iter1                    |   9|          2|    1|          2|
    |ap_phi_mux_storemerge_i_phi_fu_371_p4      |   9|          2|   32|         64|
    |ap_phi_reg_pp0_iter1_storemerge_i_reg_367  |   9|          2|   32|         64|
    |ap_sig_allocacmp_indvar_flatten_load       |   9|          2|    5|         10|
    |indvar_flatten_fu_350                      |   9|          2|    5|         10|
    |layer12_out_blk_n                          |   9|          2|    1|          2|
    |layer13_out_blk_n                          |   9|          2|    1|          2|
    |pX                                         |   9|          2|   32|         64|
    |pY                                         |   9|          2|   32|         64|
    |real_start                                 |   9|          2|    1|          2|
    |sX                                         |   9|          2|   32|         64|
    +-------------------------------------------+----+-----------+-----+-----------+
    |Total                                      | 108|         24|  175|        350|
    +-------------------------------------------+----+-----------+-----+-----------+

    * Register: 
    +--------------------------------------------------------------------------------------+----+----+-----+-----------+
    |                                         Name                                         | FF | LUT| Bits| Const Bits|
    +--------------------------------------------------------------------------------------+----+----+-----+-----------+
    |and_ln191_1_reg_4002                                                                  |   1|   0|    1|          0|
    |ap_CS_fsm                                                                             |   1|   0|    1|          0|
    |ap_done_reg                                                                           |   1|   0|    1|          0|
    |ap_enable_reg_pp0_iter1                                                               |   1|   0|    1|          0|
    |ap_enable_reg_pp0_iter2                                                               |   1|   0|    1|          0|
    |ap_loop_exit_ready_pp0_iter1_reg                                                      |   1|   0|    1|          0|
    |ap_phi_reg_pp0_iter1_storemerge_i_reg_367                                             |  32|   0|   32|          0|
    |icmp_ln191_2_reg_3816                                                                 |   1|   0|    1|          0|
    |icmp_ln191_3_reg_3821                                                                 |   1|   0|    1|          0|
    |icmp_ln191_reg_3812                                                                   |   1|   0|    1|          0|
    |icmp_ln191_reg_3812_pp0_iter1_reg                                                     |   1|   0|    1|          0|
    |icmp_ln212_reg_3826                                                                   |   1|   0|    1|          0|
    |icmp_ln216_reg_3830                                                                   |   1|   0|    1|          0|
    |icmp_ln241_reg_3808                                                                   |   1|   0|    1|          0|
    |indvar_flatten_fu_350                                                                 |   5|   0|    5|          0|
    |pX                                                                                    |  32|   0|   32|          0|
    |pY                                                                                    |  32|   0|   32|          0|
    |p_ZZN4nnet22compute_pool_buffer_2dINS_5arrayI9ap_ufixedILi6ELi0EL9ap_q_mode4EL9ap     |   6|   0|    6|          0|
    |p_ZZN4nnet22compute_pool_buffer_2dINS_5arrayI9ap_ufixedILi6ELi0EL9ap_q_mode4EL9ap_1   |   6|   0|    6|          0|
    |p_ZZN4nnet22compute_pool_buffer_2dINS_5arrayI9ap_ufixedILi6ELi0EL9ap_q_mode4EL9ap_10  |   6|   0|    6|          0|
    |p_ZZN4nnet22compute_pool_buffer_2dINS_5arrayI9ap_ufixedILi6ELi0EL9ap_q_mode4EL9ap_11  |   6|   0|    6|          0|
    |p_ZZN4nnet22compute_pool_buffer_2dINS_5arrayI9ap_ufixedILi6ELi0EL9ap_q_mode4EL9ap_12  |   6|   0|    6|          0|
    |p_ZZN4nnet22compute_pool_buffer_2dINS_5arrayI9ap_ufixedILi6ELi0EL9ap_q_mode4EL9ap_13  |   6|   0|    6|          0|
    |p_ZZN4nnet22compute_pool_buffer_2dINS_5arrayI9ap_ufixedILi6ELi0EL9ap_q_mode4EL9ap_14  |   6|   0|    6|          0|
    |p_ZZN4nnet22compute_pool_buffer_2dINS_5arrayI9ap_ufixedILi6ELi0EL9ap_q_mode4EL9ap_15  |   6|   0|    6|          0|
    |p_ZZN4nnet22compute_pool_buffer_2dINS_5arrayI9ap_ufixedILi6ELi0EL9ap_q_mode4EL9ap_16  |   6|   0|    6|          0|
    |p_ZZN4nnet22compute_pool_buffer_2dINS_5arrayI9ap_ufixedILi6ELi0EL9ap_q_mode4EL9ap_17  |   6|   0|    6|          0|
    |p_ZZN4nnet22compute_pool_buffer_2dINS_5arrayI9ap_ufixedILi6ELi0EL9ap_q_mode4EL9ap_18  |   6|   0|    6|          0|
    |p_ZZN4nnet22compute_pool_buffer_2dINS_5arrayI9ap_ufixedILi6ELi0EL9ap_q_mode4EL9ap_19  |   6|   0|    6|          0|
    |p_ZZN4nnet22compute_pool_buffer_2dINS_5arrayI9ap_ufixedILi6ELi0EL9ap_q_mode4EL9ap_2   |   6|   0|    6|          0|
    |p_ZZN4nnet22compute_pool_buffer_2dINS_5arrayI9ap_ufixedILi6ELi0EL9ap_q_mode4EL9ap_20  |   6|   0|    6|          0|
    |p_ZZN4nnet22compute_pool_buffer_2dINS_5arrayI9ap_ufixedILi6ELi0EL9ap_q_mode4EL9ap_21  |   6|   0|    6|          0|
    |p_ZZN4nnet22compute_pool_buffer_2dINS_5arrayI9ap_ufixedILi6ELi0EL9ap_q_mode4EL9ap_22  |   6|   0|    6|          0|
    |p_ZZN4nnet22compute_pool_buffer_2dINS_5arrayI9ap_ufixedILi6ELi0EL9ap_q_mode4EL9ap_23  |   6|   0|    6|          0|
    |p_ZZN4nnet22compute_pool_buffer_2dINS_5arrayI9ap_ufixedILi6ELi0EL9ap_q_mode4EL9ap_24  |   6|   0|    6|          0|
    |p_ZZN4nnet22compute_pool_buffer_2dINS_5arrayI9ap_ufixedILi6ELi0EL9ap_q_mode4EL9ap_25  |   6|   0|    6|          0|
    |p_ZZN4nnet22compute_pool_buffer_2dINS_5arrayI9ap_ufixedILi6ELi0EL9ap_q_mode4EL9ap_26  |   6|   0|    6|          0|
    |p_ZZN4nnet22compute_pool_buffer_2dINS_5arrayI9ap_ufixedILi6ELi0EL9ap_q_mode4EL9ap_27  |   6|   0|    6|          0|
    |p_ZZN4nnet22compute_pool_buffer_2dINS_5arrayI9ap_ufixedILi6ELi0EL9ap_q_mode4EL9ap_28  |   6|   0|    6|          0|
    |p_ZZN4nnet22compute_pool_buffer_2dINS_5arrayI9ap_ufixedILi6ELi0EL9ap_q_mode4EL9ap_29  |   6|   0|    6|          0|
    |p_ZZN4nnet22compute_pool_buffer_2dINS_5arrayI9ap_ufixedILi6ELi0EL9ap_q_mode4EL9ap_3   |   6|   0|    6|          0|
    |p_ZZN4nnet22compute_pool_buffer_2dINS_5arrayI9ap_ufixedILi6ELi0EL9ap_q_mode4EL9ap_30  |   6|   0|    6|          0|
    |p_ZZN4nnet22compute_pool_buffer_2dINS_5arrayI9ap_ufixedILi6ELi0EL9ap_q_mode4EL9ap_31  |   6|   0|    6|          0|
    |p_ZZN4nnet22compute_pool_buffer_2dINS_5arrayI9ap_ufixedILi6ELi0EL9ap_q_mode4EL9ap_32  |   6|   0|    6|          0|
    |p_ZZN4nnet22compute_pool_buffer_2dINS_5arrayI9ap_ufixedILi6ELi0EL9ap_q_mode4EL9ap_33  |   6|   0|    6|          0|
    |p_ZZN4nnet22compute_pool_buffer_2dINS_5arrayI9ap_ufixedILi6ELi0EL9ap_q_mode4EL9ap_34  |   6|   0|    6|          0|
    |p_ZZN4nnet22compute_pool_buffer_2dINS_5arrayI9ap_ufixedILi6ELi0EL9ap_q_mode4EL9ap_35  |   6|   0|    6|          0|
    |p_ZZN4nnet22compute_pool_buffer_2dINS_5arrayI9ap_ufixedILi6ELi0EL9ap_q_mode4EL9ap_36  |   6|   0|    6|          0|
    |p_ZZN4nnet22compute_pool_buffer_2dINS_5arrayI9ap_ufixedILi6ELi0EL9ap_q_mode4EL9ap_37  |   6|   0|    6|          0|
    |p_ZZN4nnet22compute_pool_buffer_2dINS_5arrayI9ap_ufixedILi6ELi0EL9ap_q_mode4EL9ap_38  |   6|   0|    6|          0|
    |p_ZZN4nnet22compute_pool_buffer_2dINS_5arrayI9ap_ufixedILi6ELi0EL9ap_q_mode4EL9ap_39  |   6|   0|    6|          0|
    |p_ZZN4nnet22compute_pool_buffer_2dINS_5arrayI9ap_ufixedILi6ELi0EL9ap_q_mode4EL9ap_4   |   6|   0|    6|          0|
    |p_ZZN4nnet22compute_pool_buffer_2dINS_5arrayI9ap_ufixedILi6ELi0EL9ap_q_mode4EL9ap_40  |   6|   0|    6|          0|
    |p_ZZN4nnet22compute_pool_buffer_2dINS_5arrayI9ap_ufixedILi6ELi0EL9ap_q_mode4EL9ap_41  |   6|   0|    6|          0|
    |p_ZZN4nnet22compute_pool_buffer_2dINS_5arrayI9ap_ufixedILi6ELi0EL9ap_q_mode4EL9ap_42  |   6|   0|    6|          0|
    |p_ZZN4nnet22compute_pool_buffer_2dINS_5arrayI9ap_ufixedILi6ELi0EL9ap_q_mode4EL9ap_43  |   6|   0|    6|          0|
    |p_ZZN4nnet22compute_pool_buffer_2dINS_5arrayI9ap_ufixedILi6ELi0EL9ap_q_mode4EL9ap_44  |   6|   0|    6|          0|
    |p_ZZN4nnet22compute_pool_buffer_2dINS_5arrayI9ap_ufixedILi6ELi0EL9ap_q_mode4EL9ap_45  |   6|   0|    6|          0|
    |p_ZZN4nnet22compute_pool_buffer_2dINS_5arrayI9ap_ufixedILi6ELi0EL9ap_q_mode4EL9ap_46  |   6|   0|    6|          0|
    |p_ZZN4nnet22compute_pool_buffer_2dINS_5arrayI9ap_ufixedILi6ELi0EL9ap_q_mode4EL9ap_47  |   6|   0|    6|          0|
    |p_ZZN4nnet22compute_pool_buffer_2dINS_5arrayI9ap_ufixedILi6ELi0EL9ap_q_mode4EL9ap_5   |   6|   0|    6|          0|
    |p_ZZN4nnet22compute_pool_buffer_2dINS_5arrayI9ap_ufixedILi6ELi0EL9ap_q_mode4EL9ap_6   |   6|   0|    6|          0|
    |p_ZZN4nnet22compute_pool_buffer_2dINS_5arrayI9ap_ufixedILi6ELi0EL9ap_q_mode4EL9ap_7   |   6|   0|    6|          0|
    |p_ZZN4nnet22compute_pool_buffer_2dINS_5arrayI9ap_ufixedILi6ELi0EL9ap_q_mode4EL9ap_8   |   6|   0|    6|          0|
    |p_ZZN4nnet22compute_pool_buffer_2dINS_5arrayI9ap_ufixedILi6ELi0EL9ap_q_mode4EL9ap_9   |   6|   0|    6|          0|
    |sX                                                                                    |  32|   0|   32|          0|
    |sY                                                                                    |  32|   0|   32|          0|
    |start_once_reg                                                                        |   1|   0|    1|          0|
    |trunc_ln247_10_reg_3911                                                               |   6|   0|    6|          0|
    |trunc_ln247_11_reg_3918                                                               |   6|   0|    6|          0|
    |trunc_ln247_12_reg_3925                                                               |   6|   0|    6|          0|
    |trunc_ln247_13_reg_3932                                                               |   6|   0|    6|          0|
    |trunc_ln247_14_reg_3939                                                               |   6|   0|    6|          0|
    |trunc_ln247_15_reg_3946                                                               |   6|   0|    6|          0|
    |trunc_ln247_16_reg_3953                                                               |   6|   0|    6|          0|
    |trunc_ln247_17_reg_3960                                                               |   6|   0|    6|          0|
    |trunc_ln247_18_reg_3967                                                               |   6|   0|    6|          0|
    |trunc_ln247_19_reg_3974                                                               |   6|   0|    6|          0|
    |trunc_ln247_1_reg_3848                                                                |   6|   0|    6|          0|
    |trunc_ln247_20_reg_3981                                                               |   6|   0|    6|          0|
    |trunc_ln247_21_reg_3988                                                               |   6|   0|    6|          0|
    |trunc_ln247_22_reg_3995                                                               |   6|   0|    6|          0|
    |trunc_ln247_2_reg_3855                                                                |   6|   0|    6|          0|
    |trunc_ln247_3_reg_3862                                                                |   6|   0|    6|          0|
    |trunc_ln247_4_reg_3869                                                                |   6|   0|    6|          0|
    |trunc_ln247_5_reg_3876                                                                |   6|   0|    6|          0|
    |trunc_ln247_6_reg_3883                                                                |   6|   0|    6|          0|
    |trunc_ln247_7_reg_3890                                                                |   6|   0|    6|          0|
    |trunc_ln247_8_reg_3897                                                                |   6|   0|    6|          0|
    |trunc_ln247_9_reg_3904                                                                |   6|   0|    6|          0|
    |trunc_ln247_reg_3834                                                                  |   6|   0|    6|          0|
    |trunc_ln247_s_reg_3841                                                                |   6|   0|    6|          0|
    +--------------------------------------------------------------------------------------+----+----+-----+-----------+
    |Total                                                                                 | 611|   0|  611|          0|
    +--------------------------------------------------------------------------------------+----+----+-----+-----------+



================================================================
== Interface
================================================================
* Summary: 
+----------------------------+-----+-----+------------+--------------------------------------------------------------+--------------+
|          RTL Ports         | Dir | Bits|  Protocol  |                         Source Object                        |    C Type    |
+----------------------------+-----+-----+------------+--------------------------------------------------------------+--------------+
|ap_clk                      |   in|    1|  ap_ctrl_hs|  pooling2d_cl<array,array<ap_fixed<16,6,5,3,0>,24u>,config13>|  return value|
|ap_rst                      |   in|    1|  ap_ctrl_hs|  pooling2d_cl<array,array<ap_fixed<16,6,5,3,0>,24u>,config13>|  return value|
|ap_start                    |   in|    1|  ap_ctrl_hs|  pooling2d_cl<array,array<ap_fixed<16,6,5,3,0>,24u>,config13>|  return value|
|start_full_n                |   in|    1|  ap_ctrl_hs|  pooling2d_cl<array,array<ap_fixed<16,6,5,3,0>,24u>,config13>|  return value|
|ap_done                     |  out|    1|  ap_ctrl_hs|  pooling2d_cl<array,array<ap_fixed<16,6,5,3,0>,24u>,config13>|  return value|
|ap_continue                 |   in|    1|  ap_ctrl_hs|  pooling2d_cl<array,array<ap_fixed<16,6,5,3,0>,24u>,config13>|  return value|
|ap_idle                     |  out|    1|  ap_ctrl_hs|  pooling2d_cl<array,array<ap_fixed<16,6,5,3,0>,24u>,config13>|  return value|
|ap_ready                    |  out|    1|  ap_ctrl_hs|  pooling2d_cl<array,array<ap_fixed<16,6,5,3,0>,24u>,config13>|  return value|
|start_out                   |  out|    1|  ap_ctrl_hs|  pooling2d_cl<array,array<ap_fixed<16,6,5,3,0>,24u>,config13>|  return value|
|start_write                 |  out|    1|  ap_ctrl_hs|  pooling2d_cl<array,array<ap_fixed<16,6,5,3,0>,24u>,config13>|  return value|
|layer12_out_dout            |   in|  144|     ap_fifo|                                                   layer12_out|       pointer|
|layer12_out_num_data_valid  |   in|    5|     ap_fifo|                                                   layer12_out|       pointer|
|layer12_out_fifo_cap        |   in|    5|     ap_fifo|                                                   layer12_out|       pointer|
|layer12_out_empty_n         |   in|    1|     ap_fifo|                                                   layer12_out|       pointer|
|layer12_out_read            |  out|    1|     ap_fifo|                                                   layer12_out|       pointer|
|layer13_out_din             |  out|  384|     ap_fifo|                                                   layer13_out|       pointer|
|layer13_out_num_data_valid  |   in|    3|     ap_fifo|                                                   layer13_out|       pointer|
|layer13_out_fifo_cap        |   in|    3|     ap_fifo|                                                   layer13_out|       pointer|
|layer13_out_full_n          |   in|    1|     ap_fifo|                                                   layer13_out|       pointer|
|layer13_out_write           |  out|    1|     ap_fifo|                                                   layer13_out|       pointer|
+----------------------------+-----+-----+------------+--------------------------------------------------------------+--------------+

