

================================================================
== Vitis HLS Report for 'write_result'
================================================================
* Date:           Thu Jul  4 19:02:48 2024

* Version:        2022.2 (Build 3670227 on Oct 13 2022)
* Project:        kernel_wrapper
* Solution:       solution (Vitis Kernel Flow Target)
* Product family: virtexuplus
* Target device:  xcu55c-fsvh2892-2L-e


================================================================
== Performance Estimates
================================================================
+ Timing: 
    * Summary: 
    +--------+---------+----------+------------+
    |  Clock |  Target | Estimated| Uncertainty|
    +--------+---------+----------+------------+
    |ap_clk  |  5.00 ns|  3.650 ns|     1.35 ns|
    +--------+---------+----------+------------+

+ Latency: 
    * Summary: 
    +---------+---------+----------+----------+-----+-----+---------+
    |  Latency (cycles) |  Latency (absolute) |  Interval | Pipeline|
    |   min   |   max   |    min   |    max   | min | max |   Type  |
    +---------+---------+----------+----------+-----+-----+---------+
    |       74|       74|  0.370 us|  0.370 us|   74|   74|       no|
    +---------+---------+----------+----------+-----+-----+---------+

    + Detail: 
        * Instance: 
        N/A

        * Loop: 
        N/A



================================================================
== Utilization Estimates
================================================================
* Summary: 
+---------------------+---------+------+---------+---------+-----+
|         Name        | BRAM_18K|  DSP |    FF   |   LUT   | URAM|
+---------------------+---------+------+---------+---------+-----+
|DSP                  |        -|     -|        -|        -|    -|
|Expression           |        -|     -|        0|       97|    -|
|FIFO                 |        -|     -|        -|        -|    -|
|Instance             |        -|     -|        -|        -|    -|
|Memory               |        -|     -|        -|        -|    -|
|Multiplexer          |        -|     -|        -|      445|    -|
|Register             |        -|     -|      300|        -|    -|
+---------------------+---------+------+---------+---------+-----+
|Total                |        0|     0|      300|      542|    0|
+---------------------+---------+------+---------+---------+-----+
|Available SLR        |     1344|  3008|   869120|   434560|  320|
+---------------------+---------+------+---------+---------+-----+
|Utilization SLR (%)  |        0|     0|       ~0|       ~0|    0|
+---------------------+---------+------+---------+---------+-----+
|Available            |     4032|  9024|  2607360|  1303680|  960|
+---------------------+---------+------+---------+---------+-----+
|Utilization (%)      |        0|     0|       ~0|       ~0|    0|
+---------------------+---------+------+---------+---------+-----+

+ Detail: 
    * Instance: 
    N/A

    * DSP: 
    N/A

    * Memory: 
    N/A

    * FIFO: 
    N/A

    * Expression: 
    +----------------------+----------+----+---+----+------------+------------+
    |     Variable Name    | Operation| DSP| FF| LUT| Bitwidth P0| Bitwidth P1|
    +----------------------+----------+----+---+----+------------+------------+
    |add_ln20_1_fu_180_p2  |         +|   0|  0|  24|          17|          17|
    |add_ln20_fu_198_p2    |         +|   0|  0|  71|          64|          64|
    |ap_block_state1       |        or|   0|  0|   2|           1|           1|
    +----------------------+----------+----+---+----+------------+------------+
    |Total                 |          |   0|  0|  97|          82|          82|
    +----------------------+----------+----+---+----+------------+------------+

    * Multiplexer: 
    +-------------------+-----+-----------+-----+-----------+
    |        Name       | LUT | Input Size| Bits| Total Bits|
    +-------------------+-----+-----------+-----+-----------+
    |ap_NS_fsm          |  351|         76|    1|         76|
    |ap_done            |    9|          2|    1|          2|
    |gmem1_blk_n_AW     |    9|          2|    1|          2|
    |gmem1_blk_n_B      |    9|          2|    1|          2|
    |gmem1_blk_n_W      |    9|          2|    1|          2|
    |m_axi_gmem1_WDATA  |   31|          6|   32|        192|
    |n_blk_n            |    9|          2|    1|          2|
    |out_r_blk_n        |    9|          2|    1|          2|
    |output_r_blk_n     |    9|          2|    1|          2|
    +-------------------+-----+-----------+-----+-----------+
    |Total              |  445|         96|   40|        282|
    +-------------------+-----+-----------+-----+-----------+

    * Register: 
    +--------------------+----+----+-----+-----------+
    |        Name        | FF | LUT| Bits| Const Bits|
    +--------------------+----+----+-----+-----------+
    |ap_CS_fsm           |  75|   0|   75|          0|
    |ap_done_reg         |   1|   0|    1|          0|
    |gmem1_addr_reg_283  |  64|   0|   64|          0|
    |tmp_1_reg_273       |  32|   0|   32|          0|
    |tmp_2_reg_278       |  32|   0|   32|          0|
    |tmp_3_reg_258       |  32|   0|   32|          0|
    |tmp_s_reg_268       |  32|   0|   32|          0|
    |trunc_ln18_reg_263  |  32|   0|   32|          0|
    +--------------------+----+----+-----+-----------+
    |Total               | 300|   0|  300|          0|
    +--------------------+----+----+-----+-----------+



================================================================
== Interface
================================================================
* Summary: 
+-------------------------+-----+-----+------------+--------------+--------------+
|        RTL Ports        | Dir | Bits|  Protocol  | Source Object|    C Type    |
+-------------------------+-----+-----+------------+--------------+--------------+
|ap_clk                   |   in|    1|  ap_ctrl_hs|  write_result|  return value|
|ap_rst                   |   in|    1|  ap_ctrl_hs|  write_result|  return value|
|ap_start                 |   in|    1|  ap_ctrl_hs|  write_result|  return value|
|ap_done                  |  out|    1|  ap_ctrl_hs|  write_result|  return value|
|ap_continue              |   in|    1|  ap_ctrl_hs|  write_result|  return value|
|ap_idle                  |  out|    1|  ap_ctrl_hs|  write_result|  return value|
|ap_ready                 |  out|    1|  ap_ctrl_hs|  write_result|  return value|
|m_axi_gmem1_AWVALID      |  out|    1|       m_axi|         gmem1|       pointer|
|m_axi_gmem1_AWREADY      |   in|    1|       m_axi|         gmem1|       pointer|
|m_axi_gmem1_AWADDR       |  out|   64|       m_axi|         gmem1|       pointer|
|m_axi_gmem1_AWID         |  out|    1|       m_axi|         gmem1|       pointer|
|m_axi_gmem1_AWLEN        |  out|   32|       m_axi|         gmem1|       pointer|
|m_axi_gmem1_AWSIZE       |  out|    3|       m_axi|         gmem1|       pointer|
|m_axi_gmem1_AWBURST      |  out|    2|       m_axi|         gmem1|       pointer|
|m_axi_gmem1_AWLOCK       |  out|    2|       m_axi|         gmem1|       pointer|
|m_axi_gmem1_AWCACHE      |  out|    4|       m_axi|         gmem1|       pointer|
|m_axi_gmem1_AWPROT       |  out|    3|       m_axi|         gmem1|       pointer|
|m_axi_gmem1_AWQOS        |  out|    4|       m_axi|         gmem1|       pointer|
|m_axi_gmem1_AWREGION     |  out|    4|       m_axi|         gmem1|       pointer|
|m_axi_gmem1_AWUSER       |  out|    1|       m_axi|         gmem1|       pointer|
|m_axi_gmem1_WVALID       |  out|    1|       m_axi|         gmem1|       pointer|
|m_axi_gmem1_WREADY       |   in|    1|       m_axi|         gmem1|       pointer|
|m_axi_gmem1_WDATA        |  out|   32|       m_axi|         gmem1|       pointer|
|m_axi_gmem1_WSTRB        |  out|    4|       m_axi|         gmem1|       pointer|
|m_axi_gmem1_WLAST        |  out|    1|       m_axi|         gmem1|       pointer|
|m_axi_gmem1_WID          |  out|    1|       m_axi|         gmem1|       pointer|
|m_axi_gmem1_WUSER        |  out|    1|       m_axi|         gmem1|       pointer|
|m_axi_gmem1_ARVALID      |  out|    1|       m_axi|         gmem1|       pointer|
|m_axi_gmem1_ARREADY      |   in|    1|       m_axi|         gmem1|       pointer|
|m_axi_gmem1_ARADDR       |  out|   64|       m_axi|         gmem1|       pointer|
|m_axi_gmem1_ARID         |  out|    1|       m_axi|         gmem1|       pointer|
|m_axi_gmem1_ARLEN        |  out|   32|       m_axi|         gmem1|       pointer|
|m_axi_gmem1_ARSIZE       |  out|    3|       m_axi|         gmem1|       pointer|
|m_axi_gmem1_ARBURST      |  out|    2|       m_axi|         gmem1|       pointer|
|m_axi_gmem1_ARLOCK       |  out|    2|       m_axi|         gmem1|       pointer|
|m_axi_gmem1_ARCACHE      |  out|    4|       m_axi|         gmem1|       pointer|
|m_axi_gmem1_ARPROT       |  out|    3|       m_axi|         gmem1|       pointer|
|m_axi_gmem1_ARQOS        |  out|    4|       m_axi|         gmem1|       pointer|
|m_axi_gmem1_ARREGION     |  out|    4|       m_axi|         gmem1|       pointer|
|m_axi_gmem1_ARUSER       |  out|    1|       m_axi|         gmem1|       pointer|
|m_axi_gmem1_RVALID       |   in|    1|       m_axi|         gmem1|       pointer|
|m_axi_gmem1_RREADY       |  out|    1|       m_axi|         gmem1|       pointer|
|m_axi_gmem1_RDATA        |   in|   32|       m_axi|         gmem1|       pointer|
|m_axi_gmem1_RLAST        |   in|    1|       m_axi|         gmem1|       pointer|
|m_axi_gmem1_RID          |   in|    1|       m_axi|         gmem1|       pointer|
|m_axi_gmem1_RFIFONUM     |   in|    9|       m_axi|         gmem1|       pointer|
|m_axi_gmem1_RUSER        |   in|    1|       m_axi|         gmem1|       pointer|
|m_axi_gmem1_RRESP        |   in|    2|       m_axi|         gmem1|       pointer|
|m_axi_gmem1_BVALID       |   in|    1|       m_axi|         gmem1|       pointer|
|m_axi_gmem1_BREADY       |  out|    1|       m_axi|         gmem1|       pointer|
|m_axi_gmem1_BRESP        |   in|    2|       m_axi|         gmem1|       pointer|
|m_axi_gmem1_BID          |   in|    1|       m_axi|         gmem1|       pointer|
|m_axi_gmem1_BUSER        |   in|    1|       m_axi|         gmem1|       pointer|
|out_r_dout               |   in|   64|     ap_fifo|         out_r|       pointer|
|out_r_num_data_valid     |   in|    3|     ap_fifo|         out_r|       pointer|
|out_r_fifo_cap           |   in|    3|     ap_fifo|         out_r|       pointer|
|out_r_empty_n            |   in|    1|     ap_fifo|         out_r|       pointer|
|out_r_read               |  out|    1|     ap_fifo|         out_r|       pointer|
|output_r_dout            |   in|  160|     ap_fifo|      output_r|       pointer|
|output_r_num_data_valid  |   in|    2|     ap_fifo|      output_r|       pointer|
|output_r_fifo_cap        |   in|    2|     ap_fifo|      output_r|       pointer|
|output_r_empty_n         |   in|    1|     ap_fifo|      output_r|       pointer|
|output_r_read            |  out|    1|     ap_fifo|      output_r|       pointer|
|n_dout                   |   in|   13|     ap_fifo|             n|       pointer|
|n_num_data_valid         |   in|    3|     ap_fifo|             n|       pointer|
|n_fifo_cap               |   in|    3|     ap_fifo|             n|       pointer|
|n_empty_n                |   in|    1|     ap_fifo|             n|       pointer|
|n_read                   |  out|    1|     ap_fifo|             n|       pointer|
+-------------------------+-----+-----+------------+--------------+--------------+

