/home/ayvol/vitis-accel-hw-quant/vitis_accel_prj/build_hw_rel/xo/myproject_kernel/kernel_wrapper/kernel_wrapper/solution/.autopilot/db/myproject.pp.0.cpp:28360:7: warning: Added loop label VITIS_LOOP_1211_1:   [xilinx-label-all-loops]
      for (i = 0; i < __N - 1; ++i) {
      ^~~
      VITIS_LOOP_1211_1: 
/home/ayvol/vitis-accel-hw-quant/vitis_accel_prj/build_hw_rel/xo/myproject_kernel/kernel_wrapper/kernel_wrapper/solution/.autopilot/db/myproject.pp.0.cpp:28360:7: note: FIX-IT applied suggested code changes
/home/ayvol/vitis-accel-hw-quant/vitis_accel_prj/build_hw_rel/xo/myproject_kernel/kernel_wrapper/kernel_wrapper/solution/.autopilot/db/myproject.pp.0.cpp:29334:5: warning: Added loop label VITIS_LOOP_676_1:   [xilinx-label-all-loops]
    for (unsigned i = low; i != high; ++i) {
    ^~~
    VITIS_LOOP_676_1: 
/home/ayvol/vitis-accel-hw-quant/vitis_accel_prj/build_hw_rel/xo/myproject_kernel/kernel_wrapper/kernel_wrapper/solution/.autopilot/db/myproject.pp.0.cpp:29334:5: note: FIX-IT applied suggested code changes
/home/ayvol/vitis-accel-hw-quant/vitis_accel_prj/build_hw_rel/xo/myproject_kernel/kernel_wrapper/kernel_wrapper/solution/.autopilot/db/myproject.pp.0.cpp:29348:5: warning: Added loop label VITIS_LOOP_690_1:   [xilinx-label-all-loops]
    for (unsigned i = low; i != high; ++i) {
    ^~~
    VITIS_LOOP_690_1: 
/home/ayvol/vitis-accel-hw-quant/vitis_accel_prj/build_hw_rel/xo/myproject_kernel/kernel_wrapper/kernel_wrapper/solution/.autopilot/db/myproject.pp.0.cpp:29348:5: note: FIX-IT applied suggested code changes
/home/ayvol/vitis-accel-hw-quant/vitis_accel_prj/build_hw_rel/xo/myproject_kernel/kernel_wrapper/kernel_wrapper/solution/.autopilot/db/myproject.pp.0.cpp:29362:5: warning: Added loop label VITIS_LOOP_704_1:   [xilinx-label-all-loops]
    for (unsigned i = low; i != high; ++i) {
    ^~~
    VITIS_LOOP_704_1: 
/home/ayvol/vitis-accel-hw-quant/vitis_accel_prj/build_hw_rel/xo/myproject_kernel/kernel_wrapper/kernel_wrapper/solution/.autopilot/db/myproject.pp.0.cpp:29362:5: note: FIX-IT applied suggested code changes
/home/ayvol/vitis-accel-hw-quant/vitis_accel_prj/build_hw_rel/xo/myproject_kernel/kernel_wrapper/kernel_wrapper/solution/.autopilot/db/myproject.pp.0.cpp:30961:7: warning: Added loop label VITIS_LOOP_1245_1:   [xilinx-label-all-loops]
      for (i = 0; i < __N - 1; ++i) {
      ^~~
      VITIS_LOOP_1245_1: 
/home/ayvol/vitis-accel-hw-quant/vitis_accel_prj/build_hw_rel/xo/myproject_kernel/kernel_wrapper/kernel_wrapper/solution/.autopilot/db/myproject.pp.0.cpp:30961:7: note: FIX-IT applied suggested code changes
/home/ayvol/vitis-accel-hw-quant/vitis_accel_prj/build_hw_rel/xo/myproject_kernel/kernel_wrapper/kernel_wrapper/solution/.autopilot/db/myproject.pp.0.cpp:32946:9: warning: Added loop label VITIS_LOOP_27_1:   [xilinx-label-all-loops]
        for (unsigned i = 0; i < N; i++) {
        ^~~
        VITIS_LOOP_27_1: 
/home/ayvol/vitis-accel-hw-quant/vitis_accel_prj/build_hw_rel/xo/myproject_kernel/kernel_wrapper/kernel_wrapper/solution/.autopilot/db/myproject.pp.0.cpp:32946:9: note: FIX-IT applied suggested code changes
/home/ayvol/vitis-accel-hw-quant/vitis_accel_prj/build_hw_rel/xo/myproject_kernel/kernel_wrapper/kernel_wrapper/solution/.autopilot/db/myproject.pp.0.cpp:32959:9: warning: Added loop label VITIS_LOOP_40_1:   [xilinx-label-all-loops]
        for (size_t i = 0; i < N; i++) {
        ^~~
        VITIS_LOOP_40_1: 
/home/ayvol/vitis-accel-hw-quant/vitis_accel_prj/build_hw_rel/xo/myproject_kernel/kernel_wrapper/kernel_wrapper/solution/.autopilot/db/myproject.pp.0.cpp:32959:9: note: FIX-IT applied suggested code changes
/home/ayvol/vitis-accel-hw-quant/vitis_accel_prj/build_hw_rel/xo/myproject_kernel/kernel_wrapper/kernel_wrapper/solution/.autopilot/db/myproject.pp.0.cpp:55851:5: warning: Added loop label VITIS_LOOP_265_1:   [xilinx-label-all-loops]
    for (typename std::vector<src_T>::const_iterator i = in_begin; i != in_end; ++i) {
    ^~~
    VITIS_LOOP_265_1: 
/home/ayvol/vitis-accel-hw-quant/vitis_accel_prj/build_hw_rel/xo/myproject_kernel/kernel_wrapper/kernel_wrapper/solution/.autopilot/db/myproject.pp.0.cpp:55851:5: note: FIX-IT applied suggested code changes
/home/ayvol/vitis-accel-hw-quant/vitis_accel_prj/build_hw_rel/xo/myproject_kernel/kernel_wrapper/kernel_wrapper/solution/.autopilot/db/myproject.pp.0.cpp:55861:5: warning: Added loop label VITIS_LOOP_275_1:   [xilinx-label-all-loops]
    for (auto i = 0; i < SIZE; i++)
    ^~~
    VITIS_LOOP_275_1: 
/home/ayvol/vitis-accel-hw-quant/vitis_accel_prj/build_hw_rel/xo/myproject_kernel/kernel_wrapper/kernel_wrapper/solution/.autopilot/db/myproject.pp.0.cpp:55861:5: note: FIX-IT applied suggested code changes
/home/ayvol/vitis-accel-hw-quant/vitis_accel_prj/build_hw_rel/xo/myproject_kernel/kernel_wrapper/kernel_wrapper/solution/.autopilot/db/myproject.pp.0.cpp:55872:5: warning: Added loop label VITIS_LOOP_286_1:   [xilinx-label-all-loops]
    for (int i = 0; i < SIZE; i++) {
    ^~~
    VITIS_LOOP_286_1: 
/home/ayvol/vitis-accel-hw-quant/vitis_accel_prj/build_hw_rel/xo/myproject_kernel/kernel_wrapper/kernel_wrapper/solution/.autopilot/db/myproject.pp.0.cpp:55872:5: note: FIX-IT applied suggested code changes
/home/ayvol/vitis-accel-hw-quant/vitis_accel_prj/build_hw_rel/xo/myproject_kernel/kernel_wrapper/kernel_wrapper/solution/.autopilot/db/myproject.pp.0.cpp:55879:5: warning: Added loop label VITIS_LOOP_293_1:   [xilinx-label-all-loops]
    for (int i = 0; i < SIZE / res_T::size; i++) {
    ^~~
    VITIS_LOOP_293_1: 
/home/ayvol/vitis-accel-hw-quant/vitis_accel_prj/build_hw_rel/xo/myproject_kernel/kernel_wrapper/kernel_wrapper/solution/.autopilot/db/myproject.pp.0.cpp:55879:5: note: FIX-IT applied suggested code changes
/home/ayvol/vitis-accel-hw-quant/vitis_accel_prj/build_hw_rel/xo/myproject_kernel/kernel_wrapper/kernel_wrapper/solution/.autopilot/db/myproject.pp.0.cpp:55881:9: warning: Added loop label VITIS_LOOP_295_2:   [xilinx-label-all-loops]
        for (int j = 0; j < res_T::size; j++) {
        ^~~
        VITIS_LOOP_295_2: 
/home/ayvol/vitis-accel-hw-quant/vitis_accel_prj/build_hw_rel/xo/myproject_kernel/kernel_wrapper/kernel_wrapper/solution/.autopilot/db/myproject.pp.0.cpp:55881:9: note: FIX-IT applied suggested code changes
/home/ayvol/vitis-accel-hw-quant/vitis_accel_prj/build_hw_rel/xo/myproject_kernel/kernel_wrapper/kernel_wrapper/solution/.autopilot/db/myproject.pp.0.cpp:55893:5: warning: Added loop label VITIS_LOOP_307_1:   [xilinx-label-all-loops]
    for (int i = 0; i < SIZE / data_T::size; i++) {
    ^~~
    VITIS_LOOP_307_1: 
/home/ayvol/vitis-accel-hw-quant/vitis_accel_prj/build_hw_rel/xo/myproject_kernel/kernel_wrapper/kernel_wrapper/solution/.autopilot/db/myproject.pp.0.cpp:55893:5: note: FIX-IT applied suggested code changes
/home/ayvol/vitis-accel-hw-quant/vitis_accel_prj/build_hw_rel/xo/myproject_kernel/kernel_wrapper/kernel_wrapper/solution/.autopilot/db/myproject.pp.0.cpp:55895:9: warning: Added loop label VITIS_LOOP_309_2:   [xilinx-label-all-loops]
        for (int j = 0; j < data_T::size; j++) {
        ^~~
        VITIS_LOOP_309_2: 
/home/ayvol/vitis-accel-hw-quant/vitis_accel_prj/build_hw_rel/xo/myproject_kernel/kernel_wrapper/kernel_wrapper/solution/.autopilot/db/myproject.pp.0.cpp:55895:9: note: FIX-IT applied suggested code changes
/home/ayvol/vitis-accel-hw-quant/vitis_accel_prj/build_hw_rel/xo/myproject_kernel/kernel_wrapper/kernel_wrapper/solution/.autopilot/db/myproject.pp.0.cpp:55910:5: warning: Added loop label VITIS_LOOP_324_1:   [xilinx-label-all-loops]
    for (int ii = 0; ii < nrows; ii++) {
    ^~~
    VITIS_LOOP_324_1: 
/home/ayvol/vitis-accel-hw-quant/vitis_accel_prj/build_hw_rel/xo/myproject_kernel/kernel_wrapper/kernel_wrapper/solution/.autopilot/db/myproject.pp.0.cpp:55910:5: note: FIX-IT applied suggested code changes
/home/ayvol/vitis-accel-hw-quant/vitis_accel_prj/build_hw_rel/xo/myproject_kernel/kernel_wrapper/kernel_wrapper/solution/.autopilot/db/myproject.pp.0.cpp:55930:5: warning: Added loop label VITIS_LOOP_344_1:   [xilinx-label-all-loops]
    for (int ii = 0; ii < nrows; ii++) {
    ^~~
    VITIS_LOOP_344_1: 
/home/ayvol/vitis-accel-hw-quant/vitis_accel_prj/build_hw_rel/xo/myproject_kernel/kernel_wrapper/kernel_wrapper/solution/.autopilot/db/myproject.pp.0.cpp:55930:5: note: FIX-IT applied suggested code changes
/home/ayvol/vitis-accel-hw-quant/vitis_accel_prj/build_hw_rel/xo/myproject_kernel/kernel_wrapper/kernel_wrapper/solution/.autopilot/db/myproject.pp.0.cpp:55931:9: warning: Added loop label VITIS_LOOP_345_2:   [xilinx-label-all-loops]
        for (int jj = 0; jj < ncols; jj++) {
        ^~~
        VITIS_LOOP_345_2: 
/home/ayvol/vitis-accel-hw-quant/vitis_accel_prj/build_hw_rel/xo/myproject_kernel/kernel_wrapper/kernel_wrapper/solution/.autopilot/db/myproject.pp.0.cpp:55931:9: note: FIX-IT applied suggested code changes
/home/ayvol/vitis-accel-hw-quant/vitis_accel_prj/build_hw_rel/xo/myproject_kernel/kernel_wrapper/kernel_wrapper/solution/.autopilot/db/myproject.pp.0.cpp:55946:5: warning: Added loop label VITIS_LOOP_360_1:   [xilinx-label-all-loops]
    for (int ii = 0; ii < N_IN; ii++) {
    ^~~
    VITIS_LOOP_360_1: 
/home/ayvol/vitis-accel-hw-quant/vitis_accel_prj/build_hw_rel/xo/myproject_kernel/kernel_wrapper/kernel_wrapper/solution/.autopilot/db/myproject.pp.0.cpp:55946:5: note: FIX-IT applied suggested code changes
/home/ayvol/vitis-accel-hw-quant/vitis_accel_prj/build_hw_rel/xo/myproject_kernel/kernel_wrapper/kernel_wrapper/solution/.autopilot/db/myproject.pp.0.cpp:55953:5: warning: Added loop label VITIS_LOOP_367_1:   [xilinx-label-all-loops]
    for (int ii = 0; ii < N_IN; ii++) {
    ^~~
    VITIS_LOOP_367_1: 
/home/ayvol/vitis-accel-hw-quant/vitis_accel_prj/build_hw_rel/xo/myproject_kernel/kernel_wrapper/kernel_wrapper/solution/.autopilot/db/myproject.pp.0.cpp:55953:5: note: FIX-IT applied suggested code changes
/home/ayvol/vitis-accel-hw-quant/vitis_accel_prj/build_hw_rel/xo/myproject_kernel/kernel_wrapper/kernel_wrapper/solution/.autopilot/db/myproject.pp.0.cpp:56076:2: warning: Added loop label VITIS_LOOP_31_1:   [xilinx-label-all-loops]
 for (int ii = 0; ii < CONFIG_T::n_in; ii++) {
 ^~~
 VITIS_LOOP_31_1: 
/home/ayvol/vitis-accel-hw-quant/vitis_accel_prj/build_hw_rel/xo/myproject_kernel/kernel_wrapper/kernel_wrapper/solution/.autopilot/db/myproject.pp.0.cpp:56076:2: note: FIX-IT applied suggested code changes
/home/ayvol/vitis-accel-hw-quant/vitis_accel_prj/build_hw_rel/xo/myproject_kernel/kernel_wrapper/kernel_wrapper/solution/.autopilot/db/myproject.pp.0.cpp:56088:5: warning: Added loop label VITIS_LOOP_43_1:   [xilinx-label-all-loops]
    for (int ii = 0; ii < CONFIG_T::n_in; ii++) {
    ^~~
    VITIS_LOOP_43_1: 
/home/ayvol/vitis-accel-hw-quant/vitis_accel_prj/build_hw_rel/xo/myproject_kernel/kernel_wrapper/kernel_wrapper/solution/.autopilot/db/myproject.pp.0.cpp:56088:5: note: FIX-IT applied suggested code changes
/home/ayvol/vitis-accel-hw-quant/vitis_accel_prj/build_hw_rel/xo/myproject_kernel/kernel_wrapper/kernel_wrapper/solution/.autopilot/db/myproject.pp.0.cpp:56102:5: warning: Added loop label VITIS_LOOP_57_1:   [xilinx-label-all-loops]
    for (int ii = 0; ii < CONFIG_T::n_in; ii++) {
    ^~~
    VITIS_LOOP_57_1: 
/home/ayvol/vitis-accel-hw-quant/vitis_accel_prj/build_hw_rel/xo/myproject_kernel/kernel_wrapper/kernel_wrapper/solution/.autopilot/db/myproject.pp.0.cpp:56102:5: note: FIX-IT applied suggested code changes
/home/ayvol/vitis-accel-hw-quant/vitis_accel_prj/build_hw_rel/xo/myproject_kernel/kernel_wrapper/kernel_wrapper/solution/.autopilot/db/myproject.pp.0.cpp:56129:5: warning: Added loop label VITIS_LOOP_84_1:   [xilinx-label-all-loops]
    for (int ii = 0; ii < N_TABLE; ii++) {
    ^~~
    VITIS_LOOP_84_1: 
/home/ayvol/vitis-accel-hw-quant/vitis_accel_prj/build_hw_rel/xo/myproject_kernel/kernel_wrapper/kernel_wrapper/solution/.autopilot/db/myproject.pp.0.cpp:56129:5: note: FIX-IT applied suggested code changes
/home/ayvol/vitis-accel-hw-quant/vitis_accel_prj/build_hw_rel/xo/myproject_kernel/kernel_wrapper/kernel_wrapper/solution/.autopilot/db/myproject.pp.0.cpp:56159:5: warning: Added loop label VITIS_LOOP_114_1:   [xilinx-label-all-loops]
    for (int ii = 0; ii < CONFIG_T::n_in; ii++) {
    ^~~
    VITIS_LOOP_114_1: 
/home/ayvol/vitis-accel-hw-quant/vitis_accel_prj/build_hw_rel/xo/myproject_kernel/kernel_wrapper/kernel_wrapper/solution/.autopilot/db/myproject.pp.0.cpp:56159:5: note: FIX-IT applied suggested code changes
/home/ayvol/vitis-accel-hw-quant/vitis_accel_prj/build_hw_rel/xo/myproject_kernel/kernel_wrapper/kernel_wrapper/solution/.autopilot/db/myproject.pp.0.cpp:56196:5: warning: Added loop label VITIS_LOOP_151_1:   [xilinx-label-all-loops]
    for (unsigned i = 0; i < CONFIG_T::table_size; i++) {
    ^~~
    VITIS_LOOP_151_1: 
/home/ayvol/vitis-accel-hw-quant/vitis_accel_prj/build_hw_rel/xo/myproject_kernel/kernel_wrapper/kernel_wrapper/solution/.autopilot/db/myproject.pp.0.cpp:56196:5: note: FIX-IT applied suggested code changes
/home/ayvol/vitis-accel-hw-quant/vitis_accel_prj/build_hw_rel/xo/myproject_kernel/kernel_wrapper/kernel_wrapper/solution/.autopilot/db/myproject.pp.0.cpp:56207:5: warning: Added loop label VITIS_LOOP_162_1:   [xilinx-label-all-loops]
    for (unsigned i = 0; i < CONFIG_T::table_size; i++) {
    ^~~
    VITIS_LOOP_162_1: 
/home/ayvol/vitis-accel-hw-quant/vitis_accel_prj/build_hw_rel/xo/myproject_kernel/kernel_wrapper/kernel_wrapper/solution/.autopilot/db/myproject.pp.0.cpp:56207:5: note: FIX-IT applied suggested code changes
/home/ayvol/vitis-accel-hw-quant/vitis_accel_prj/build_hw_rel/xo/myproject_kernel/kernel_wrapper/kernel_wrapper/solution/.autopilot/db/myproject.pp.0.cpp:56240:5: warning: Added loop label VITIS_LOOP_195_1:   [xilinx-label-all-loops]
    for (unsigned i = 0; i < CONFIG_T::n_in; i++) {
    ^~~
    VITIS_LOOP_195_1: 
/home/ayvol/vitis-accel-hw-quant/vitis_accel_prj/build_hw_rel/xo/myproject_kernel/kernel_wrapper/kernel_wrapper/solution/.autopilot/db/myproject.pp.0.cpp:56240:5: note: FIX-IT applied suggested code changes
/home/ayvol/vitis-accel-hw-quant/vitis_accel_prj/build_hw_rel/xo/myproject_kernel/kernel_wrapper/kernel_wrapper/solution/.autopilot/db/myproject.pp.0.cpp:56254:5: warning: Added loop label VITIS_LOOP_209_2:   [xilinx-label-all-loops]
    for (unsigned i = 0; i < CONFIG_T::n_in; i++) {
    ^~~
    VITIS_LOOP_209_2: 
/home/ayvol/vitis-accel-hw-quant/vitis_accel_prj/build_hw_rel/xo/myproject_kernel/kernel_wrapper/kernel_wrapper/solution/.autopilot/db/myproject.pp.0.cpp:56254:5: note: FIX-IT applied suggested code changes
/home/ayvol/vitis-accel-hw-quant/vitis_accel_prj/build_hw_rel/xo/myproject_kernel/kernel_wrapper/kernel_wrapper/solution/.autopilot/db/myproject.pp.0.cpp:56288:5: warning: Added loop label VITIS_LOOP_243_1:   [xilinx-label-all-loops]
    for (unsigned i = 0; i < CONFIG_T::n_in; i++) {
    ^~~
    VITIS_LOOP_243_1: 
/home/ayvol/vitis-accel-hw-quant/vitis_accel_prj/build_hw_rel/xo/myproject_kernel/kernel_wrapper/kernel_wrapper/solution/.autopilot/db/myproject.pp.0.cpp:56288:5: note: FIX-IT applied suggested code changes
/home/ayvol/vitis-accel-hw-quant/vitis_accel_prj/build_hw_rel/xo/myproject_kernel/kernel_wrapper/kernel_wrapper/solution/.autopilot/db/myproject.pp.0.cpp:56297:5: warning: Added loop label VITIS_LOOP_252_2:   [xilinx-label-all-loops]
    for (unsigned i = 0; i < CONFIG_T::n_in; i++) {
    ^~~
    VITIS_LOOP_252_2: 
/home/ayvol/vitis-accel-hw-quant/vitis_accel_prj/build_hw_rel/xo/myproject_kernel/kernel_wrapper/kernel_wrapper/solution/.autopilot/db/myproject.pp.0.cpp:56297:5: note: FIX-IT applied suggested code changes
/home/ayvol/vitis-accel-hw-quant/vitis_accel_prj/build_hw_rel/xo/myproject_kernel/kernel_wrapper/kernel_wrapper/solution/.autopilot/db/myproject.pp.0.cpp:56311:5: warning: Added loop label VITIS_LOOP_266_3:   [xilinx-label-all-loops]
    for (unsigned i = 0; i < CONFIG_T::n_in; i++) {
    ^~~
    VITIS_LOOP_266_3: 
/home/ayvol/vitis-accel-hw-quant/vitis_accel_prj/build_hw_rel/xo/myproject_kernel/kernel_wrapper/kernel_wrapper/solution/.autopilot/db/myproject.pp.0.cpp:56311:5: note: FIX-IT applied suggested code changes
/home/ayvol/vitis-accel-hw-quant/vitis_accel_prj/build_hw_rel/xo/myproject_kernel/kernel_wrapper/kernel_wrapper/solution/.autopilot/db/myproject.pp.0.cpp:56318:5: warning: Added loop label VITIS_LOOP_273_1:   [xilinx-label-all-loops]
    for (int ii = 0; ii < N_TABLE; ii++) {
    ^~~
    VITIS_LOOP_273_1: 
/home/ayvol/vitis-accel-hw-quant/vitis_accel_prj/build_hw_rel/xo/myproject_kernel/kernel_wrapper/kernel_wrapper/solution/.autopilot/db/myproject.pp.0.cpp:56318:5: note: FIX-IT applied suggested code changes
/home/ayvol/vitis-accel-hw-quant/vitis_accel_prj/build_hw_rel/xo/myproject_kernel/kernel_wrapper/kernel_wrapper/solution/.autopilot/db/myproject.pp.0.cpp:56331:5: warning: Added loop label VITIS_LOOP_286_1:   [xilinx-label-all-loops]
    for (int ii = 0; ii < N_TABLE; ii++) {
    ^~~
    VITIS_LOOP_286_1: 
/home/ayvol/vitis-accel-hw-quant/vitis_accel_prj/build_hw_rel/xo/myproject_kernel/kernel_wrapper/kernel_wrapper/solution/.autopilot/db/myproject.pp.0.cpp:56331:5: note: FIX-IT applied suggested code changes
/home/ayvol/vitis-accel-hw-quant/vitis_accel_prj/build_hw_rel/xo/myproject_kernel/kernel_wrapper/kernel_wrapper/solution/.autopilot/db/myproject.pp.0.cpp:56368:5: warning: Added loop label VITIS_LOOP_323_1:   [xilinx-label-all-loops]
    for (int ii = 0; ii < CONFIG_T::n_in; ii++) {
    ^~~
    VITIS_LOOP_323_1: 
/home/ayvol/vitis-accel-hw-quant/vitis_accel_prj/build_hw_rel/xo/myproject_kernel/kernel_wrapper/kernel_wrapper/solution/.autopilot/db/myproject.pp.0.cpp:56368:5: note: FIX-IT applied suggested code changes
/home/ayvol/vitis-accel-hw-quant/vitis_accel_prj/build_hw_rel/xo/myproject_kernel/kernel_wrapper/kernel_wrapper/solution/.autopilot/db/myproject.pp.0.cpp:56373:5: warning: Added loop label VITIS_LOOP_328_2:   [xilinx-label-all-loops]
    for (int ii = 0; ii < CONFIG_T::n_in; ii++) {
    ^~~
    VITIS_LOOP_328_2: 
/home/ayvol/vitis-accel-hw-quant/vitis_accel_prj/build_hw_rel/xo/myproject_kernel/kernel_wrapper/kernel_wrapper/solution/.autopilot/db/myproject.pp.0.cpp:56373:5: note: FIX-IT applied suggested code changes
/home/ayvol/vitis-accel-hw-quant/vitis_accel_prj/build_hw_rel/xo/myproject_kernel/kernel_wrapper/kernel_wrapper/solution/.autopilot/db/myproject.pp.0.cpp:56374:9: warning: Added loop label VITIS_LOOP_329_3:   [xilinx-label-all-loops]
        for (int jj = 0; jj < CONFIG_T::n_in; jj++) {
        ^~~
        VITIS_LOOP_329_3: 
/home/ayvol/vitis-accel-hw-quant/vitis_accel_prj/build_hw_rel/xo/myproject_kernel/kernel_wrapper/kernel_wrapper/solution/.autopilot/db/myproject.pp.0.cpp:56374:9: note: FIX-IT applied suggested code changes
/home/ayvol/vitis-accel-hw-quant/vitis_accel_prj/build_hw_rel/xo/myproject_kernel/kernel_wrapper/kernel_wrapper/solution/.autopilot/db/myproject.pp.0.cpp:56391:5: warning: Added loop label VITIS_LOOP_346_4:   [xilinx-label-all-loops]
    for (int ii = 0; ii < CONFIG_T::n_in; ii++) {
    ^~~
    VITIS_LOOP_346_4: 
/home/ayvol/vitis-accel-hw-quant/vitis_accel_prj/build_hw_rel/xo/myproject_kernel/kernel_wrapper/kernel_wrapper/solution/.autopilot/db/myproject.pp.0.cpp:56391:5: note: FIX-IT applied suggested code changes
/home/ayvol/vitis-accel-hw-quant/vitis_accel_prj/build_hw_rel/xo/myproject_kernel/kernel_wrapper/kernel_wrapper/solution/.autopilot/db/myproject.pp.0.cpp:56404:5: warning: Added loop label VITIS_LOOP_359_1:   [xilinx-label-all-loops]
    for (int i = 0; i < CONFIG_T::n_in; i++) {
    ^~~
    VITIS_LOOP_359_1: 
/home/ayvol/vitis-accel-hw-quant/vitis_accel_prj/build_hw_rel/xo/myproject_kernel/kernel_wrapper/kernel_wrapper/solution/.autopilot/db/myproject.pp.0.cpp:56404:5: note: FIX-IT applied suggested code changes
/home/ayvol/vitis-accel-hw-quant/vitis_accel_prj/build_hw_rel/xo/myproject_kernel/kernel_wrapper/kernel_wrapper/solution/.autopilot/db/myproject.pp.0.cpp:56412:5: warning: Added loop label VITIS_LOOP_367_2:   [xilinx-label-all-loops]
    for (int i = 1; i < CONFIG_T::n_in; i++) {
    ^~~
    VITIS_LOOP_367_2: 
/home/ayvol/vitis-accel-hw-quant/vitis_accel_prj/build_hw_rel/xo/myproject_kernel/kernel_wrapper/kernel_wrapper/solution/.autopilot/db/myproject.pp.0.cpp:56412:5: note: FIX-IT applied suggested code changes
/home/ayvol/vitis-accel-hw-quant/vitis_accel_prj/build_hw_rel/xo/myproject_kernel/kernel_wrapper/kernel_wrapper/solution/.autopilot/db/myproject.pp.0.cpp:56447:5: warning: Added loop label VITIS_LOOP_402_1:   [xilinx-label-all-loops]
    for (int ii = 0; ii < N_TABLE; ii++) {
    ^~~
    VITIS_LOOP_402_1: 
/home/ayvol/vitis-accel-hw-quant/vitis_accel_prj/build_hw_rel/xo/myproject_kernel/kernel_wrapper/kernel_wrapper/solution/.autopilot/db/myproject.pp.0.cpp:56447:5: note: FIX-IT applied suggested code changes
/home/ayvol/vitis-accel-hw-quant/vitis_accel_prj/build_hw_rel/xo/myproject_kernel/kernel_wrapper/kernel_wrapper/solution/.autopilot/db/myproject.pp.0.cpp:56477:5: warning: Added loop label VITIS_LOOP_432_1:   [xilinx-label-all-loops]
    for (int ii = 0; ii < CONFIG_T::n_in; ii++) {
    ^~~
    VITIS_LOOP_432_1: 
/home/ayvol/vitis-accel-hw-quant/vitis_accel_prj/build_hw_rel/xo/myproject_kernel/kernel_wrapper/kernel_wrapper/solution/.autopilot/db/myproject.pp.0.cpp:56477:5: note: FIX-IT applied suggested code changes
/home/ayvol/vitis-accel-hw-quant/vitis_accel_prj/build_hw_rel/xo/myproject_kernel/kernel_wrapper/kernel_wrapper/solution/.autopilot/db/myproject.pp.0.cpp:56496:2: warning: Added loop label VITIS_LOOP_451_1:   [xilinx-label-all-loops]
 for (int ii = 0; ii < CONFIG_T::n_in; ii++) {
 ^~~
 VITIS_LOOP_451_1: 
/home/ayvol/vitis-accel-hw-quant/vitis_accel_prj/build_hw_rel/xo/myproject_kernel/kernel_wrapper/kernel_wrapper/solution/.autopilot/db/myproject.pp.0.cpp:56496:2: note: FIX-IT applied suggested code changes
/home/ayvol/vitis-accel-hw-quant/vitis_accel_prj/build_hw_rel/xo/myproject_kernel/kernel_wrapper/kernel_wrapper/solution/.autopilot/db/myproject.pp.0.cpp:56512:5: warning: Added loop label VITIS_LOOP_467_1:   [xilinx-label-all-loops]
    for (int ii = 0; ii < CONFIG_T::n_in; ii++) {
    ^~~
    VITIS_LOOP_467_1: 
/home/ayvol/vitis-accel-hw-quant/vitis_accel_prj/build_hw_rel/xo/myproject_kernel/kernel_wrapper/kernel_wrapper/solution/.autopilot/db/myproject.pp.0.cpp:56512:5: note: FIX-IT applied suggested code changes
/home/ayvol/vitis-accel-hw-quant/vitis_accel_prj/build_hw_rel/xo/myproject_kernel/kernel_wrapper/kernel_wrapper/solution/.autopilot/db/myproject.pp.0.cpp:56530:5: warning: Added loop label VITIS_LOOP_485_1:   [xilinx-label-all-loops]
    for (int ii = 0; ii < CONFIG_T::n_in; ii++) {
    ^~~
    VITIS_LOOP_485_1: 
/home/ayvol/vitis-accel-hw-quant/vitis_accel_prj/build_hw_rel/xo/myproject_kernel/kernel_wrapper/kernel_wrapper/solution/.autopilot/db/myproject.pp.0.cpp:56530:5: note: FIX-IT applied suggested code changes
/home/ayvol/vitis-accel-hw-quant/vitis_accel_prj/build_hw_rel/xo/myproject_kernel/kernel_wrapper/kernel_wrapper/solution/.autopilot/db/myproject.pp.0.cpp:56547:5: warning: Added loop label VITIS_LOOP_502_1:   [xilinx-label-all-loops]
    for (int ii = 0; ii < CONFIG_T::n_in; ii++) {
    ^~~
    VITIS_LOOP_502_1: 
/home/ayvol/vitis-accel-hw-quant/vitis_accel_prj/build_hw_rel/xo/myproject_kernel/kernel_wrapper/kernel_wrapper/solution/.autopilot/db/myproject.pp.0.cpp:56547:5: note: FIX-IT applied suggested code changes
/home/ayvol/vitis-accel-hw-quant/vitis_accel_prj/build_hw_rel/xo/myproject_kernel/kernel_wrapper/kernel_wrapper/solution/.autopilot/db/myproject.pp.0.cpp:56564:5: warning: Added loop label VITIS_LOOP_519_1:   [xilinx-label-all-loops]
    for (int ii = 0; ii < N_TABLE; ii++) {
    ^~~
    VITIS_LOOP_519_1: 
/home/ayvol/vitis-accel-hw-quant/vitis_accel_prj/build_hw_rel/xo/myproject_kernel/kernel_wrapper/kernel_wrapper/solution/.autopilot/db/myproject.pp.0.cpp:56564:5: note: FIX-IT applied suggested code changes
/home/ayvol/vitis-accel-hw-quant/vitis_accel_prj/build_hw_rel/xo/myproject_kernel/kernel_wrapper/kernel_wrapper/solution/.autopilot/db/myproject.pp.0.cpp:56594:5: warning: Added loop label VITIS_LOOP_549_1:   [xilinx-label-all-loops]
    for (int ii = 0; ii < CONFIG_T::n_in; ii++) {
    ^~~
    VITIS_LOOP_549_1: 
/home/ayvol/vitis-accel-hw-quant/vitis_accel_prj/build_hw_rel/xo/myproject_kernel/kernel_wrapper/kernel_wrapper/solution/.autopilot/db/myproject.pp.0.cpp:56594:5: note: FIX-IT applied suggested code changes
/home/ayvol/vitis-accel-hw-quant/vitis_accel_prj/build_hw_rel/xo/myproject_kernel/kernel_wrapper/kernel_wrapper/solution/.autopilot/db/myproject.pp.0.cpp:56613:5: warning: Added loop label VITIS_LOOP_568_1:   [xilinx-label-all-loops]
    for (int ii = 0; ii < N_TABLE; ii++) {
    ^~~
    VITIS_LOOP_568_1: 
/home/ayvol/vitis-accel-hw-quant/vitis_accel_prj/build_hw_rel/xo/myproject_kernel/kernel_wrapper/kernel_wrapper/solution/.autopilot/db/myproject.pp.0.cpp:56613:5: note: FIX-IT applied suggested code changes
/home/ayvol/vitis-accel-hw-quant/vitis_accel_prj/build_hw_rel/xo/myproject_kernel/kernel_wrapper/kernel_wrapper/solution/.autopilot/db/myproject.pp.0.cpp:56643:5: warning: Added loop label VITIS_LOOP_598_1:   [xilinx-label-all-loops]
    for (int ii = 0; ii < CONFIG_T::n_in; ii++) {
    ^~~
    VITIS_LOOP_598_1: 
/home/ayvol/vitis-accel-hw-quant/vitis_accel_prj/build_hw_rel/xo/myproject_kernel/kernel_wrapper/kernel_wrapper/solution/.autopilot/db/myproject.pp.0.cpp:56643:5: note: FIX-IT applied suggested code changes
/home/ayvol/vitis-accel-hw-quant/vitis_accel_prj/build_hw_rel/xo/myproject_kernel/kernel_wrapper/kernel_wrapper/solution/.autopilot/db/myproject.pp.0.cpp:56662:5: warning: Added loop label VITIS_LOOP_617_1:   [xilinx-label-all-loops]
    for (int ii = 0; ii < N_TABLE; ii++) {
    ^~~
    VITIS_LOOP_617_1: 
/home/ayvol/vitis-accel-hw-quant/vitis_accel_prj/build_hw_rel/xo/myproject_kernel/kernel_wrapper/kernel_wrapper/solution/.autopilot/db/myproject.pp.0.cpp:56662:5: note: FIX-IT applied suggested code changes
/home/ayvol/vitis-accel-hw-quant/vitis_accel_prj/build_hw_rel/xo/myproject_kernel/kernel_wrapper/kernel_wrapper/solution/.autopilot/db/myproject.pp.0.cpp:56692:5: warning: Added loop label VITIS_LOOP_647_1:   [xilinx-label-all-loops]
    for (int ii = 0; ii < CONFIG_T::n_in; ii++) {
    ^~~
    VITIS_LOOP_647_1: 
/home/ayvol/vitis-accel-hw-quant/vitis_accel_prj/build_hw_rel/xo/myproject_kernel/kernel_wrapper/kernel_wrapper/solution/.autopilot/db/myproject.pp.0.cpp:56692:5: note: FIX-IT applied suggested code changes
/home/ayvol/vitis-accel-hw-quant/vitis_accel_prj/build_hw_rel/xo/myproject_kernel/kernel_wrapper/kernel_wrapper/solution/.autopilot/db/myproject.pp.0.cpp:56719:5: warning: Added loop label VITIS_LOOP_674_1:   [xilinx-label-all-loops]
    for (int ii = 0; ii < N_TABLE; ii++) {
    ^~~
    VITIS_LOOP_674_1: 
/home/ayvol/vitis-accel-hw-quant/vitis_accel_prj/build_hw_rel/xo/myproject_kernel/kernel_wrapper/kernel_wrapper/solution/.autopilot/db/myproject.pp.0.cpp:56719:5: note: FIX-IT applied suggested code changes
/home/ayvol/vitis-accel-hw-quant/vitis_accel_prj/build_hw_rel/xo/myproject_kernel/kernel_wrapper/kernel_wrapper/solution/.autopilot/db/myproject.pp.0.cpp:56748:5: warning: Added loop label VITIS_LOOP_703_1:   [xilinx-label-all-loops]
    for (int ii = 0; ii < CONFIG_T::n_in; ii++) {
    ^~~
    VITIS_LOOP_703_1: 
/home/ayvol/vitis-accel-hw-quant/vitis_accel_prj/build_hw_rel/xo/myproject_kernel/kernel_wrapper/kernel_wrapper/solution/.autopilot/db/myproject.pp.0.cpp:56748:5: note: FIX-IT applied suggested code changes
/home/ayvol/vitis-accel-hw-quant/vitis_accel_prj/build_hw_rel/xo/myproject_kernel/kernel_wrapper/kernel_wrapper/solution/.autopilot/db/myproject.pp.0.cpp:56769:5: warning: Added loop label VITIS_LOOP_724_1:   [xilinx-label-all-loops]
    for (int ii = 0; ii < CONFIG_T::n_in; ii++) {
    ^~~
    VITIS_LOOP_724_1: 
/home/ayvol/vitis-accel-hw-quant/vitis_accel_prj/build_hw_rel/xo/myproject_kernel/kernel_wrapper/kernel_wrapper/solution/.autopilot/db/myproject.pp.0.cpp:56769:5: note: FIX-IT applied suggested code changes
/home/ayvol/vitis-accel-hw-quant/vitis_accel_prj/build_hw_rel/xo/myproject_kernel/kernel_wrapper/kernel_wrapper/solution/.autopilot/db/myproject.pp.0.cpp:56787:5: warning: Added loop label VITIS_LOOP_742_1:   [xilinx-label-all-loops]
    for (int ii = 0; ii < CONFIG_T::n_in; ii++) {
    ^~~
    VITIS_LOOP_742_1: 
/home/ayvol/vitis-accel-hw-quant/vitis_accel_prj/build_hw_rel/xo/myproject_kernel/kernel_wrapper/kernel_wrapper/solution/.autopilot/db/myproject.pp.0.cpp:56787:5: note: FIX-IT applied suggested code changes
/home/ayvol/vitis-accel-hw-quant/vitis_accel_prj/build_hw_rel/xo/myproject_kernel/kernel_wrapper/kernel_wrapper/solution/.autopilot/db/myproject.pp.0.cpp:56807:5: warning: Added loop label VITIS_LOOP_762_1:   [xilinx-label-all-loops]
    for (int ii = 0; ii < CONFIG_T::n_in; ii++) {
    ^~~
    VITIS_LOOP_762_1: 
/home/ayvol/vitis-accel-hw-quant/vitis_accel_prj/build_hw_rel/xo/myproject_kernel/kernel_wrapper/kernel_wrapper/solution/.autopilot/db/myproject.pp.0.cpp:56807:5: note: FIX-IT applied suggested code changes
/home/ayvol/vitis-accel-hw-quant/vitis_accel_prj/build_hw_rel/xo/myproject_kernel/kernel_wrapper/kernel_wrapper/solution/.autopilot/db/myproject.pp.0.cpp:56903:9: warning: Added loop label VITIS_LOOP_73_1:   [xilinx-label-all-loops]
        for (int i = 0; i < N / data_T::size; i++) {
        ^~~
        VITIS_LOOP_73_1: 
/home/ayvol/vitis-accel-hw-quant/vitis_accel_prj/build_hw_rel/xo/myproject_kernel/kernel_wrapper/kernel_wrapper/solution/.autopilot/db/myproject.pp.0.cpp:56903:9: note: FIX-IT applied suggested code changes
/home/ayvol/vitis-accel-hw-quant/vitis_accel_prj/build_hw_rel/xo/myproject_kernel/kernel_wrapper/kernel_wrapper/solution/.autopilot/db/myproject.pp.0.cpp:56910:13: warning: Added loop label VITIS_LOOP_80_2:   [xilinx-label-all-loops]
            for (int j = 0; j < data_T::size; j++) {
            ^~~
            VITIS_LOOP_80_2: 
/home/ayvol/vitis-accel-hw-quant/vitis_accel_prj/build_hw_rel/xo/myproject_kernel/kernel_wrapper/kernel_wrapper/solution/.autopilot/db/myproject.pp.0.cpp:56910:13: note: FIX-IT applied suggested code changes
/home/ayvol/vitis-accel-hw-quant/vitis_accel_prj/build_hw_rel/xo/myproject_kernel/kernel_wrapper/kernel_wrapper/solution/.autopilot/db/myproject.pp.0.cpp:56919:9: warning: Added loop label VITIS_LOOP_89_3:   [xilinx-label-all-loops]
        for (int i = 0; i < N / data_T::size; i++) {
        ^~~
        VITIS_LOOP_89_3: 
/home/ayvol/vitis-accel-hw-quant/vitis_accel_prj/build_hw_rel/xo/myproject_kernel/kernel_wrapper/kernel_wrapper/solution/.autopilot/db/myproject.pp.0.cpp:56919:9: note: FIX-IT applied suggested code changes
/home/ayvol/vitis-accel-hw-quant/vitis_accel_prj/build_hw_rel/xo/myproject_kernel/kernel_wrapper/kernel_wrapper/solution/.autopilot/db/myproject.pp.0.cpp:56928:13: warning: Added loop label VITIS_LOOP_98_4:   [xilinx-label-all-loops]
            for (int j = 0; j < pack_diff; j++) {
            ^~~
            VITIS_LOOP_98_4: 
/home/ayvol/vitis-accel-hw-quant/vitis_accel_prj/build_hw_rel/xo/myproject_kernel/kernel_wrapper/kernel_wrapper/solution/.autopilot/db/myproject.pp.0.cpp:56928:13: note: FIX-IT applied suggested code changes
/home/ayvol/vitis-accel-hw-quant/vitis_accel_prj/build_hw_rel/xo/myproject_kernel/kernel_wrapper/kernel_wrapper/solution/.autopilot/db/myproject.pp.0.cpp:56932:17: warning: Added loop label VITIS_LOOP_102_5:   [xilinx-label-all-loops]
                for (int k = 0; k < res_T::size; k++) {
                ^~~
                VITIS_LOOP_102_5: 
/home/ayvol/vitis-accel-hw-quant/vitis_accel_prj/build_hw_rel/xo/myproject_kernel/kernel_wrapper/kernel_wrapper/solution/.autopilot/db/myproject.pp.0.cpp:56932:17: note: FIX-IT applied suggested code changes
/home/ayvol/vitis-accel-hw-quant/vitis_accel_prj/build_hw_rel/xo/myproject_kernel/kernel_wrapper/kernel_wrapper/solution/.autopilot/db/myproject.pp.0.cpp:56943:9: warning: Added loop label VITIS_LOOP_113_6:   [xilinx-label-all-loops]
        for (int i = 0; i < N / data_T::size; i++) {
        ^~~
        VITIS_LOOP_113_6: 
/home/ayvol/vitis-accel-hw-quant/vitis_accel_prj/build_hw_rel/xo/myproject_kernel/kernel_wrapper/kernel_wrapper/solution/.autopilot/db/myproject.pp.0.cpp:56943:9: note: FIX-IT applied suggested code changes
/home/ayvol/vitis-accel-hw-quant/vitis_accel_prj/build_hw_rel/xo/myproject_kernel/kernel_wrapper/kernel_wrapper/solution/.autopilot/db/myproject.pp.0.cpp:56947:13: warning: Added loop label VITIS_LOOP_117_7:   [xilinx-label-all-loops]
            for (int j = 0; j < data_T::size; j++) {
            ^~~
            VITIS_LOOP_117_7: 
/home/ayvol/vitis-accel-hw-quant/vitis_accel_prj/build_hw_rel/xo/myproject_kernel/kernel_wrapper/kernel_wrapper/solution/.autopilot/db/myproject.pp.0.cpp:56947:13: note: FIX-IT applied suggested code changes
/home/ayvol/vitis-accel-hw-quant/vitis_accel_prj/build_hw_rel/xo/myproject_kernel/kernel_wrapper/kernel_wrapper/solution/.autopilot/db/myproject.pp.0.cpp:56971:9: warning: Added loop label VITIS_LOOP_141_1:   [xilinx-label-all-loops]
        for (int j = 0; j < n_dupl; j++) {
        ^~~
        VITIS_LOOP_141_1: 
/home/ayvol/vitis-accel-hw-quant/vitis_accel_prj/build_hw_rel/xo/myproject_kernel/kernel_wrapper/kernel_wrapper/solution/.autopilot/db/myproject.pp.0.cpp:56971:9: note: FIX-IT applied suggested code changes
/home/ayvol/vitis-accel-hw-quant/vitis_accel_prj/build_hw_rel/xo/myproject_kernel/kernel_wrapper/kernel_wrapper/solution/.autopilot/db/myproject.pp.0.cpp:56975:13: warning: Added loop label VITIS_LOOP_145_2:   [xilinx-label-all-loops]
            for (int k = 0; k < res_T::size; k++) {
            ^~~
            VITIS_LOOP_145_2: 
/home/ayvol/vitis-accel-hw-quant/vitis_accel_prj/build_hw_rel/xo/myproject_kernel/kernel_wrapper/kernel_wrapper/solution/.autopilot/db/myproject.pp.0.cpp:56975:13: note: FIX-IT applied suggested code changes
/home/ayvol/vitis-accel-hw-quant/vitis_accel_prj/build_hw_rel/xo/myproject_kernel/kernel_wrapper/kernel_wrapper/solution/.autopilot/db/myproject.pp.0.cpp:56994:9: warning: Added loop label VITIS_LOOP_164_1:   [xilinx-label-all-loops]
        for (int k = 0; k < res_T::size; k++) {
        ^~~
        VITIS_LOOP_164_1: 
/home/ayvol/vitis-accel-hw-quant/vitis_accel_prj/build_hw_rel/xo/myproject_kernel/kernel_wrapper/kernel_wrapper/solution/.autopilot/db/myproject.pp.0.cpp:56994:9: note: FIX-IT applied suggested code changes
/home/ayvol/vitis-accel-hw-quant/vitis_accel_prj/build_hw_rel/xo/myproject_kernel/kernel_wrapper/kernel_wrapper/solution/.autopilot/db/myproject.pp.0.cpp:57017:2: warning: Added loop label VITIS_LOOP_187_1:   [xilinx-label-all-loops]
 for (int i = 0; i < CONFIG_T::height * CONFIG_T::width / data_T::size; i++) {
 ^~~
 VITIS_LOOP_187_1: 
/home/ayvol/vitis-accel-hw-quant/vitis_accel_prj/build_hw_rel/xo/myproject_kernel/kernel_wrapper/kernel_wrapper/solution/.autopilot/db/myproject.pp.0.cpp:57017:2: note: FIX-IT applied suggested code changes
/home/ayvol/vitis-accel-hw-quant/vitis_accel_prj/build_hw_rel/xo/myproject_kernel/kernel_wrapper/kernel_wrapper/solution/.autopilot/db/myproject.pp.0.cpp:57020:9: warning: Added loop label VITIS_LOOP_190_2:   [xilinx-label-all-loops]
        for (int j = 0; j < data_T::size; j++) {
        ^~~
        VITIS_LOOP_190_2: 
/home/ayvol/vitis-accel-hw-quant/vitis_accel_prj/build_hw_rel/xo/myproject_kernel/kernel_wrapper/kernel_wrapper/solution/.autopilot/db/myproject.pp.0.cpp:57020:9: note: FIX-IT applied suggested code changes
/home/ayvol/vitis-accel-hw-quant/vitis_accel_prj/build_hw_rel/xo/myproject_kernel/kernel_wrapper/kernel_wrapper/solution/.autopilot/db/myproject.pp.0.cpp:57025:5: warning: Added loop label VITIS_LOOP_195_3:   [xilinx-label-all-loops]
    for (int i = 0; i < CONFIG_T::height * CONFIG_T::width / res_T::size; i++) {
    ^~~
    VITIS_LOOP_195_3: 
/home/ayvol/vitis-accel-hw-quant/vitis_accel_prj/build_hw_rel/xo/myproject_kernel/kernel_wrapper/kernel_wrapper/solution/.autopilot/db/myproject.pp.0.cpp:57025:5: note: FIX-IT applied suggested code changes
/home/ayvol/vitis-accel-hw-quant/vitis_accel_prj/build_hw_rel/xo/myproject_kernel/kernel_wrapper/kernel_wrapper/solution/.autopilot/db/myproject.pp.0.cpp:57029:9: warning: Added loop label VITIS_LOOP_199_4:   [xilinx-label-all-loops]
        for (int j = 0; j < res_T::size; j++) {
        ^~~
        VITIS_LOOP_199_4: 
/home/ayvol/vitis-accel-hw-quant/vitis_accel_prj/build_hw_rel/xo/myproject_kernel/kernel_wrapper/kernel_wrapper/solution/.autopilot/db/myproject.pp.0.cpp:57029:9: note: FIX-IT applied suggested code changes
/home/ayvol/vitis-accel-hw-quant/vitis_accel_prj/build_hw_rel/xo/myproject_kernel/kernel_wrapper/kernel_wrapper/solution/.autopilot/db/myproject.pp.0.cpp:57243:9: warning: Added loop label VITIS_LOOP_213_1:   [xilinx-label-all-loops]
        for (unsigned j = 0; j < data_T::size; j++) {
        ^~~
        VITIS_LOOP_213_1: 
/home/ayvol/vitis-accel-hw-quant/vitis_accel_prj/build_hw_rel/xo/myproject_kernel/kernel_wrapper/kernel_wrapper/solution/.autopilot/db/myproject.pp.0.cpp:57243:9: note: FIX-IT applied suggested code changes
/home/ayvol/vitis-accel-hw-quant/vitis_accel_prj/build_hw_rel/xo/myproject_kernel/kernel_wrapper/kernel_wrapper/solution/.autopilot/db/myproject.pp.0.cpp:57252:9: warning: Added loop label VITIS_LOOP_222_2:   [xilinx-label-all-loops]
        for (unsigned j = 0; j < data_T::size; j++) {
        ^~~
        VITIS_LOOP_222_2: 
/home/ayvol/vitis-accel-hw-quant/vitis_accel_prj/build_hw_rel/xo/myproject_kernel/kernel_wrapper/kernel_wrapper/solution/.autopilot/db/myproject.pp.0.cpp:57252:9: note: FIX-IT applied suggested code changes
/home/ayvol/vitis-accel-hw-quant/vitis_accel_prj/build_hw_rel/xo/myproject_kernel/kernel_wrapper/kernel_wrapper/solution/.autopilot/db/myproject.pp.0.cpp:57358:5: warning: Added loop label VITIS_LOOP_328_1:   [xilinx-label-all-loops]
    for (int i = 0; i < CONFIG_T::n_in / res_T::size; i++) {
    ^~~
    VITIS_LOOP_328_1: 
/home/ayvol/vitis-accel-hw-quant/vitis_accel_prj/build_hw_rel/xo/myproject_kernel/kernel_wrapper/kernel_wrapper/solution/.autopilot/db/myproject.pp.0.cpp:57358:5: note: FIX-IT applied suggested code changes
/home/ayvol/vitis-accel-hw-quant/vitis_accel_prj/build_hw_rel/xo/myproject_kernel/kernel_wrapper/kernel_wrapper/solution/.autopilot/db/myproject.pp.0.cpp:57363:9: warning: Added loop label VITIS_LOOP_333_2:   [xilinx-label-all-loops]
        for (int i = 0; i < res_T::size; i++) {
        ^~~
        VITIS_LOOP_333_2: 
/home/ayvol/vitis-accel-hw-quant/vitis_accel_prj/build_hw_rel/xo/myproject_kernel/kernel_wrapper/kernel_wrapper/solution/.autopilot/db/myproject.pp.0.cpp:57363:9: note: FIX-IT applied suggested code changes
/home/ayvol/vitis-accel-hw-quant/vitis_accel_prj/build_hw_rel/xo/myproject_kernel/kernel_wrapper/kernel_wrapper/solution/.autopilot/db/myproject.pp.0.cpp:57371:9: warning: Added loop label VITIS_LOOP_341_3:   [xilinx-label-all-loops]
        for (int i = 1; i < res_T::size; i++) {
        ^~~
        VITIS_LOOP_341_3: 
/home/ayvol/vitis-accel-hw-quant/vitis_accel_prj/build_hw_rel/xo/myproject_kernel/kernel_wrapper/kernel_wrapper/solution/.autopilot/db/myproject.pp.0.cpp:57371:9: note: FIX-IT applied suggested code changes
/home/ayvol/vitis-accel-hw-quant/vitis_accel_prj/build_hw_rel/xo/myproject_kernel/kernel_wrapper/kernel_wrapper/solution/.autopilot/db/myproject.pp.0.cpp:58324:5: warning: Added loop label VITIS_LOOP_14_1:   [xilinx-label-all-loops]
    for (unsigned k = 0; k < CONFIG_T::n_out; k++) {
    ^~~
    VITIS_LOOP_14_1: 
/home/ayvol/vitis-accel-hw-quant/vitis_accel_prj/build_hw_rel/xo/myproject_kernel/kernel_wrapper/kernel_wrapper/solution/.autopilot/db/myproject.pp.0.cpp:58324:5: note: FIX-IT applied suggested code changes
/home/ayvol/vitis-accel-hw-quant/vitis_accel_prj/build_hw_rel/xo/myproject_kernel/kernel_wrapper/kernel_wrapper/solution/.autopilot/db/myproject.pp.0.cpp:58384:9: warning: Added loop label VITIS_LOOP_74_1:   [xilinx-label-all-loops]
        for (int im = 0; im < CONFIG_T::n_out; im++) {
        ^~~
        VITIS_LOOP_74_1: 
/home/ayvol/vitis-accel-hw-quant/vitis_accel_prj/build_hw_rel/xo/myproject_kernel/kernel_wrapper/kernel_wrapper/solution/.autopilot/db/myproject.pp.0.cpp:58384:9: note: FIX-IT applied suggested code changes
