

================================================================
== Vitis HLS Report for 'read_input'
================================================================
* Date:           Thu Jul  4 18:52:27 2024

* Version:        2022.2 (Build 3670227 on Oct 13 2022)
* Project:        kernel_wrapper
* Solution:       solution (Vitis Kernel Flow Target)
* Product family: virtexuplus
* Target device:  xcu55c-fsvh2892-2L-e


================================================================
== Performance Estimates
================================================================
+ Timing: 
    * Summary: 
    +--------+---------+----------+------------+
    |  Clock |  Target | Estimated| Uncertainty|
    +--------+---------+----------+------------+
    |ap_clk  |  5.00 ns|  3.650 ns|     1.35 ns|
    +--------+---------+----------+------------+

+ Latency: 
    * Summary: 
    +---------+---------+-----------+-----------+------+------+---------+
    |  Latency (cycles) |   Latency (absolute)  |   Interval  | Pipeline|
    |   min   |   max   |    min    |    max    |  min |  max |   Type  |
    +---------+---------+-----------+-----------+------+------+---------+
    |     3147|     3147|  15.735 us|  15.735 us|  3147|  3147|       no|
    +---------+---------+-----------+-----------+------+------+---------+

    + Detail: 
        * Instance: 
        +----------------------------------------------+------------------------------------+---------+---------+-----------+-----------+------+------+---------+
        |                                              |                                    |  Latency (cycles) |   Latency (absolute)  |   Interval  | Pipeline|
        |                   Instance                   |               Module               |   min   |   max   |    min    |    max    |  min |  max |   Type  |
        +----------------------------------------------+------------------------------------+---------+---------+-----------+-----------+------+------+---------+
        |grp_read_input_Pipeline_VITIS_LOOP_5_1_fu_97  |read_input_Pipeline_VITIS_LOOP_5_1  |     3075|     3075|  15.375 us|  15.375 us|  3075|  3075|       no|
        +----------------------------------------------+------------------------------------+---------+---------+-----------+-----------+------+------+---------+

        * Loop: 
        N/A

============================================================
+ Verbose Summary: Synthesis Manager
============================================================
InlineROM: 1
ExposeGlobal: 0
============================================================
+ Verbose Summary: CDFG Model
============================================================
IsTopModel: 0
ResetActiveHigh: 1
IsCombinational: 2
IsDatapathOnly: 0
HasWiredReturn: 1
HasMFsm: 0
HasVarLatency: 1
IsPipeline: 0
IsRtlPipelined: 0
IsInstanceOverlapped: 0
IsDontTouch: 0
HasImplIP: 0
IsGatedGlobalClock: 0


============================================================
+ Verbose Summary: Schedule
============================================================
* Number of FSM states : 73
* Pipeline : 0
* Dataflow Pipeline: 0

* FSM state transitions: 
1 --> 2 
2 --> 3 
3 --> 4 
4 --> 5 
5 --> 6 
6 --> 7 
7 --> 8 
8 --> 9 
9 --> 10 
10 --> 11 
11 --> 12 
12 --> 13 
13 --> 14 
14 --> 15 
15 --> 16 
16 --> 17 
17 --> 18 
18 --> 19 
19 --> 20 
20 --> 21 
21 --> 22 
22 --> 23 
23 --> 24 
24 --> 25 
25 --> 26 
26 --> 27 
27 --> 28 
28 --> 29 
29 --> 30 
30 --> 31 
31 --> 32 
32 --> 33 
33 --> 34 
34 --> 35 
35 --> 36 
36 --> 37 
37 --> 38 
38 --> 39 
39 --> 40 
40 --> 41 
41 --> 42 
42 --> 43 
43 --> 44 
44 --> 45 
45 --> 46 
46 --> 47 
47 --> 48 
48 --> 49 
49 --> 50 
50 --> 51 
51 --> 52 
52 --> 53 
53 --> 54 
54 --> 55 
55 --> 56 
56 --> 57 
57 --> 58 
58 --> 59 
59 --> 60 
60 --> 61 
61 --> 62 
62 --> 63 
63 --> 64 
64 --> 65 
65 --> 66 
66 --> 67 
67 --> 68 
68 --> 69 
69 --> 70 
70 --> 71 
71 --> 72 
72 --> 73 
73 --> 

* FSM state operations: 

State 1 <SV = 0> <Delay = 3.41>
ST_1 : Operation 74 [1/1] (1.42ns)   --->   "%n_read = read i13 @_ssdm_op_Read.ap_auto.i13, i13 %n"   --->   Operation 74 'read' 'n_read' <Predicate = true> <Delay = 1.42> <CoreInst = "FIFO_SRL">   --->   Core 81 'FIFO_SRL' <Latency = 0> <II = 1> <Delay = 1.42> <Storage> <Opcode : 'read' 'write' 'nbread' 'nbwrite'> <Ports = 0> <Width = -1> <Depth = -1> <FIFO>
ST_1 : Operation 75 [1/1] (0.00ns)   --->   "%in_r_read = read i64 @_ssdm_op_Read.ap_auto.i64, i64 %in_r"   --->   Operation 75 'read' 'in_r_read' <Predicate = true> <Delay = 0.00>
ST_1 : Operation 76 [1/1] (1.33ns)   --->   "%write_ln0 = write void @_ssdm_op_Write.ap_fifo.i13P0A, i13 %n_c, i13 %n_read"   --->   Operation 76 'write' 'write_ln0' <Predicate = true> <Delay = 1.33> <CoreInst = "FIFO_SRL">   --->   Core 81 'FIFO_SRL' <Latency = 0> <II = 1> <Delay = 1.33> <Storage> <Opcode : 'read' 'write' 'nbread' 'nbwrite'> <Ports = 0> <Width = 13> <Depth = 3> <FIFO>
ST_1 : Operation 77 [1/1] (0.00ns)   --->   "%p_shl_i = bitconcatenate i25 @_ssdm_op_BitConcatenate.i25.i13.i12, i13 %n_read, i12 0"   --->   Operation 77 'bitconcatenate' 'p_shl_i' <Predicate = true> <Delay = 0.00>
ST_1 : Operation 78 [1/1] (0.00ns)   --->   "%p_shl_cast4_i = zext i25 %p_shl_i"   --->   Operation 78 'zext' 'p_shl_cast4_i' <Predicate = true> <Delay = 0.00>
ST_1 : Operation 79 [1/1] (0.00ns)   --->   "%p_shl1_i = bitconcatenate i23 @_ssdm_op_BitConcatenate.i23.i13.i10, i13 %n_read, i10 0"   --->   Operation 79 'bitconcatenate' 'p_shl1_i' <Predicate = true> <Delay = 0.00>
ST_1 : Operation 80 [1/1] (0.00ns)   --->   "%p_shl1_cast5_i = zext i23 %p_shl1_i"   --->   Operation 80 'zext' 'p_shl1_cast5_i' <Predicate = true> <Delay = 0.00>
ST_1 : Operation 81 [1/1] (0.83ns)   --->   "%mul7_i = sub i26 %p_shl_cast4_i, i26 %p_shl1_cast5_i"   --->   Operation 81 'sub' 'mul7_i' <Predicate = true> <Delay = 0.83> <CoreInst = "Adder">   --->   Core 1 'Adder' <Latency = 0> <II = 1> <Delay = 0.83> <FuncUnit> <Opcode : 'add' 'sub'> <InPorts = 2> <OutPorts = 1>
ST_1 : Operation 82 [1/1] (0.00ns)   --->   "%tmp_i = bitconcatenate i27 @_ssdm_op_BitConcatenate.i27.i26.i1, i26 %mul7_i, i1 0" [/home/ayvol/vitis-accel-CNN/vitis_accel_prj/kernel_wrapper.cpp:5->/home/ayvol/vitis-accel-CNN/vitis_accel_prj/kernel_wrapper.cpp:38]   --->   Operation 82 'bitconcatenate' 'tmp_i' <Predicate = true> <Delay = 0.00>
ST_1 : Operation 83 [1/1] (0.00ns)   --->   "%sext_ln5 = sext i27 %tmp_i" [/home/ayvol/vitis-accel-CNN/vitis_accel_prj/kernel_wrapper.cpp:5->/home/ayvol/vitis-accel-CNN/vitis_accel_prj/kernel_wrapper.cpp:38]   --->   Operation 83 'sext' 'sext_ln5' <Predicate = true> <Delay = 0.00>
ST_1 : Operation 84 [1/1] (1.14ns)   --->   "%add_ln5 = add i64 %sext_ln5, i64 %in_r_read" [/home/ayvol/vitis-accel-CNN/vitis_accel_prj/kernel_wrapper.cpp:5->/home/ayvol/vitis-accel-CNN/vitis_accel_prj/kernel_wrapper.cpp:38]   --->   Operation 84 'add' 'add_ln5' <Predicate = true> <Delay = 1.14> <CoreInst = "Adder">   --->   Core 1 'Adder' <Latency = 0> <II = 1> <Delay = 1.14> <FuncUnit> <Opcode : 'add' 'sub'> <InPorts = 2> <OutPorts = 1>
ST_1 : Operation 85 [1/1] (0.00ns)   --->   "%trunc_ln5_i = partselect i63 @_ssdm_op_PartSelect.i63.i64.i32.i32, i64 %add_ln5, i32 1, i32 63" [/home/ayvol/vitis-accel-CNN/vitis_accel_prj/kernel_wrapper.cpp:5->/home/ayvol/vitis-accel-CNN/vitis_accel_prj/kernel_wrapper.cpp:38]   --->   Operation 85 'partselect' 'trunc_ln5_i' <Predicate = true> <Delay = 0.00>

State 2 <SV = 1> <Delay = 3.65>
ST_2 : Operation 86 [1/1] (0.00ns)   --->   "%sext_ln5_1 = sext i63 %trunc_ln5_i" [/home/ayvol/vitis-accel-CNN/vitis_accel_prj/kernel_wrapper.cpp:5->/home/ayvol/vitis-accel-CNN/vitis_accel_prj/kernel_wrapper.cpp:38]   --->   Operation 86 'sext' 'sext_ln5_1' <Predicate = true> <Delay = 0.00>
ST_2 : Operation 87 [1/1] (0.00ns)   --->   "%gmem0_addr = getelementptr i16 %gmem0, i64 %sext_ln5_1" [/home/ayvol/vitis-accel-CNN/vitis_accel_prj/kernel_wrapper.cpp:5->/home/ayvol/vitis-accel-CNN/vitis_accel_prj/kernel_wrapper.cpp:38]   --->   Operation 87 'getelementptr' 'gmem0_addr' <Predicate = true> <Delay = 0.00>
ST_2 : Operation 88 [70/70] (3.65ns)   --->   "%empty = readreq i1 @_ssdm_op_ReadReq.m_axi.p1i16, i16 %gmem0_addr, i32 3072" [/home/ayvol/vitis-accel-CNN/vitis_accel_prj/kernel_wrapper.cpp:5->/home/ayvol/vitis-accel-CNN/vitis_accel_prj/kernel_wrapper.cpp:38]   --->   Operation 88 'readreq' 'empty' <Predicate = true> <Delay = 3.65> <CoreInst = "m_axi">   --->   Core 121 'm_axi' <Latency = 0> <II = 1> <Delay = 1.00> <Adapter> <Opcode : 'read' 'write' 'readreq' 'writereq' 'writeresp'>

State 3 <SV = 2> <Delay = 3.65>
ST_3 : Operation 89 [69/70] (3.65ns)   --->   "%empty = readreq i1 @_ssdm_op_ReadReq.m_axi.p1i16, i16 %gmem0_addr, i32 3072" [/home/ayvol/vitis-accel-CNN/vitis_accel_prj/kernel_wrapper.cpp:5->/home/ayvol/vitis-accel-CNN/vitis_accel_prj/kernel_wrapper.cpp:38]   --->   Operation 89 'readreq' 'empty' <Predicate = true> <Delay = 3.65> <CoreInst = "m_axi">   --->   Core 121 'm_axi' <Latency = 0> <II = 1> <Delay = 1.00> <Adapter> <Opcode : 'read' 'write' 'readreq' 'writereq' 'writeresp'>

State 4 <SV = 3> <Delay = 3.65>
ST_4 : Operation 90 [68/70] (3.65ns)   --->   "%empty = readreq i1 @_ssdm_op_ReadReq.m_axi.p1i16, i16 %gmem0_addr, i32 3072" [/home/ayvol/vitis-accel-CNN/vitis_accel_prj/kernel_wrapper.cpp:5->/home/ayvol/vitis-accel-CNN/vitis_accel_prj/kernel_wrapper.cpp:38]   --->   Operation 90 'readreq' 'empty' <Predicate = true> <Delay = 3.65> <CoreInst = "m_axi">   --->   Core 121 'm_axi' <Latency = 0> <II = 1> <Delay = 1.00> <Adapter> <Opcode : 'read' 'write' 'readreq' 'writereq' 'writeresp'>

State 5 <SV = 4> <Delay = 3.65>
ST_5 : Operation 91 [67/70] (3.65ns)   --->   "%empty = readreq i1 @_ssdm_op_ReadReq.m_axi.p1i16, i16 %gmem0_addr, i32 3072" [/home/ayvol/vitis-accel-CNN/vitis_accel_prj/kernel_wrapper.cpp:5->/home/ayvol/vitis-accel-CNN/vitis_accel_prj/kernel_wrapper.cpp:38]   --->   Operation 91 'readreq' 'empty' <Predicate = true> <Delay = 3.65> <CoreInst = "m_axi">   --->   Core 121 'm_axi' <Latency = 0> <II = 1> <Delay = 1.00> <Adapter> <Opcode : 'read' 'write' 'readreq' 'writereq' 'writeresp'>

State 6 <SV = 5> <Delay = 3.65>
ST_6 : Operation 92 [66/70] (3.65ns)   --->   "%empty = readreq i1 @_ssdm_op_ReadReq.m_axi.p1i16, i16 %gmem0_addr, i32 3072" [/home/ayvol/vitis-accel-CNN/vitis_accel_prj/kernel_wrapper.cpp:5->/home/ayvol/vitis-accel-CNN/vitis_accel_prj/kernel_wrapper.cpp:38]   --->   Operation 92 'readreq' 'empty' <Predicate = true> <Delay = 3.65> <CoreInst = "m_axi">   --->   Core 121 'm_axi' <Latency = 0> <II = 1> <Delay = 1.00> <Adapter> <Opcode : 'read' 'write' 'readreq' 'writereq' 'writeresp'>

State 7 <SV = 6> <Delay = 3.65>
ST_7 : Operation 93 [65/70] (3.65ns)   --->   "%empty = readreq i1 @_ssdm_op_ReadReq.m_axi.p1i16, i16 %gmem0_addr, i32 3072" [/home/ayvol/vitis-accel-CNN/vitis_accel_prj/kernel_wrapper.cpp:5->/home/ayvol/vitis-accel-CNN/vitis_accel_prj/kernel_wrapper.cpp:38]   --->   Operation 93 'readreq' 'empty' <Predicate = true> <Delay = 3.65> <CoreInst = "m_axi">   --->   Core 121 'm_axi' <Latency = 0> <II = 1> <Delay = 1.00> <Adapter> <Opcode : 'read' 'write' 'readreq' 'writereq' 'writeresp'>

State 8 <SV = 7> <Delay = 3.65>
ST_8 : Operation 94 [64/70] (3.65ns)   --->   "%empty = readreq i1 @_ssdm_op_ReadReq.m_axi.p1i16, i16 %gmem0_addr, i32 3072" [/home/ayvol/vitis-accel-CNN/vitis_accel_prj/kernel_wrapper.cpp:5->/home/ayvol/vitis-accel-CNN/vitis_accel_prj/kernel_wrapper.cpp:38]   --->   Operation 94 'readreq' 'empty' <Predicate = true> <Delay = 3.65> <CoreInst = "m_axi">   --->   Core 121 'm_axi' <Latency = 0> <II = 1> <Delay = 1.00> <Adapter> <Opcode : 'read' 'write' 'readreq' 'writereq' 'writeresp'>

State 9 <SV = 8> <Delay = 3.65>
ST_9 : Operation 95 [63/70] (3.65ns)   --->   "%empty = readreq i1 @_ssdm_op_ReadReq.m_axi.p1i16, i16 %gmem0_addr, i32 3072" [/home/ayvol/vitis-accel-CNN/vitis_accel_prj/kernel_wrapper.cpp:5->/home/ayvol/vitis-accel-CNN/vitis_accel_prj/kernel_wrapper.cpp:38]   --->   Operation 95 'readreq' 'empty' <Predicate = true> <Delay = 3.65> <CoreInst = "m_axi">   --->   Core 121 'm_axi' <Latency = 0> <II = 1> <Delay = 1.00> <Adapter> <Opcode : 'read' 'write' 'readreq' 'writereq' 'writeresp'>

State 10 <SV = 9> <Delay = 3.65>
ST_10 : Operation 96 [62/70] (3.65ns)   --->   "%empty = readreq i1 @_ssdm_op_ReadReq.m_axi.p1i16, i16 %gmem0_addr, i32 3072" [/home/ayvol/vitis-accel-CNN/vitis_accel_prj/kernel_wrapper.cpp:5->/home/ayvol/vitis-accel-CNN/vitis_accel_prj/kernel_wrapper.cpp:38]   --->   Operation 96 'readreq' 'empty' <Predicate = true> <Delay = 3.65> <CoreInst = "m_axi">   --->   Core 121 'm_axi' <Latency = 0> <II = 1> <Delay = 1.00> <Adapter> <Opcode : 'read' 'write' 'readreq' 'writereq' 'writeresp'>

State 11 <SV = 10> <Delay = 3.65>
ST_11 : Operation 97 [61/70] (3.65ns)   --->   "%empty = readreq i1 @_ssdm_op_ReadReq.m_axi.p1i16, i16 %gmem0_addr, i32 3072" [/home/ayvol/vitis-accel-CNN/vitis_accel_prj/kernel_wrapper.cpp:5->/home/ayvol/vitis-accel-CNN/vitis_accel_prj/kernel_wrapper.cpp:38]   --->   Operation 97 'readreq' 'empty' <Predicate = true> <Delay = 3.65> <CoreInst = "m_axi">   --->   Core 121 'm_axi' <Latency = 0> <II = 1> <Delay = 1.00> <Adapter> <Opcode : 'read' 'write' 'readreq' 'writereq' 'writeresp'>

State 12 <SV = 11> <Delay = 3.65>
ST_12 : Operation 98 [60/70] (3.65ns)   --->   "%empty = readreq i1 @_ssdm_op_ReadReq.m_axi.p1i16, i16 %gmem0_addr, i32 3072" [/home/ayvol/vitis-accel-CNN/vitis_accel_prj/kernel_wrapper.cpp:5->/home/ayvol/vitis-accel-CNN/vitis_accel_prj/kernel_wrapper.cpp:38]   --->   Operation 98 'readreq' 'empty' <Predicate = true> <Delay = 3.65> <CoreInst = "m_axi">   --->   Core 121 'm_axi' <Latency = 0> <II = 1> <Delay = 1.00> <Adapter> <Opcode : 'read' 'write' 'readreq' 'writereq' 'writeresp'>

State 13 <SV = 12> <Delay = 3.65>
ST_13 : Operation 99 [59/70] (3.65ns)   --->   "%empty = readreq i1 @_ssdm_op_ReadReq.m_axi.p1i16, i16 %gmem0_addr, i32 3072" [/home/ayvol/vitis-accel-CNN/vitis_accel_prj/kernel_wrapper.cpp:5->/home/ayvol/vitis-accel-CNN/vitis_accel_prj/kernel_wrapper.cpp:38]   --->   Operation 99 'readreq' 'empty' <Predicate = true> <Delay = 3.65> <CoreInst = "m_axi">   --->   Core 121 'm_axi' <Latency = 0> <II = 1> <Delay = 1.00> <Adapter> <Opcode : 'read' 'write' 'readreq' 'writereq' 'writeresp'>

State 14 <SV = 13> <Delay = 3.65>
ST_14 : Operation 100 [58/70] (3.65ns)   --->   "%empty = readreq i1 @_ssdm_op_ReadReq.m_axi.p1i16, i16 %gmem0_addr, i32 3072" [/home/ayvol/vitis-accel-CNN/vitis_accel_prj/kernel_wrapper.cpp:5->/home/ayvol/vitis-accel-CNN/vitis_accel_prj/kernel_wrapper.cpp:38]   --->   Operation 100 'readreq' 'empty' <Predicate = true> <Delay = 3.65> <CoreInst = "m_axi">   --->   Core 121 'm_axi' <Latency = 0> <II = 1> <Delay = 1.00> <Adapter> <Opcode : 'read' 'write' 'readreq' 'writereq' 'writeresp'>

State 15 <SV = 14> <Delay = 3.65>
ST_15 : Operation 101 [57/70] (3.65ns)   --->   "%empty = readreq i1 @_ssdm_op_ReadReq.m_axi.p1i16, i16 %gmem0_addr, i32 3072" [/home/ayvol/vitis-accel-CNN/vitis_accel_prj/kernel_wrapper.cpp:5->/home/ayvol/vitis-accel-CNN/vitis_accel_prj/kernel_wrapper.cpp:38]   --->   Operation 101 'readreq' 'empty' <Predicate = true> <Delay = 3.65> <CoreInst = "m_axi">   --->   Core 121 'm_axi' <Latency = 0> <II = 1> <Delay = 1.00> <Adapter> <Opcode : 'read' 'write' 'readreq' 'writereq' 'writeresp'>

State 16 <SV = 15> <Delay = 3.65>
ST_16 : Operation 102 [56/70] (3.65ns)   --->   "%empty = readreq i1 @_ssdm_op_ReadReq.m_axi.p1i16, i16 %gmem0_addr, i32 3072" [/home/ayvol/vitis-accel-CNN/vitis_accel_prj/kernel_wrapper.cpp:5->/home/ayvol/vitis-accel-CNN/vitis_accel_prj/kernel_wrapper.cpp:38]   --->   Operation 102 'readreq' 'empty' <Predicate = true> <Delay = 3.65> <CoreInst = "m_axi">   --->   Core 121 'm_axi' <Latency = 0> <II = 1> <Delay = 1.00> <Adapter> <Opcode : 'read' 'write' 'readreq' 'writereq' 'writeresp'>

State 17 <SV = 16> <Delay = 3.65>
ST_17 : Operation 103 [55/70] (3.65ns)   --->   "%empty = readreq i1 @_ssdm_op_ReadReq.m_axi.p1i16, i16 %gmem0_addr, i32 3072" [/home/ayvol/vitis-accel-CNN/vitis_accel_prj/kernel_wrapper.cpp:5->/home/ayvol/vitis-accel-CNN/vitis_accel_prj/kernel_wrapper.cpp:38]   --->   Operation 103 'readreq' 'empty' <Predicate = true> <Delay = 3.65> <CoreInst = "m_axi">   --->   Core 121 'm_axi' <Latency = 0> <II = 1> <Delay = 1.00> <Adapter> <Opcode : 'read' 'write' 'readreq' 'writereq' 'writeresp'>

State 18 <SV = 17> <Delay = 3.65>
ST_18 : Operation 104 [54/70] (3.65ns)   --->   "%empty = readreq i1 @_ssdm_op_ReadReq.m_axi.p1i16, i16 %gmem0_addr, i32 3072" [/home/ayvol/vitis-accel-CNN/vitis_accel_prj/kernel_wrapper.cpp:5->/home/ayvol/vitis-accel-CNN/vitis_accel_prj/kernel_wrapper.cpp:38]   --->   Operation 104 'readreq' 'empty' <Predicate = true> <Delay = 3.65> <CoreInst = "m_axi">   --->   Core 121 'm_axi' <Latency = 0> <II = 1> <Delay = 1.00> <Adapter> <Opcode : 'read' 'write' 'readreq' 'writereq' 'writeresp'>

State 19 <SV = 18> <Delay = 3.65>
ST_19 : Operation 105 [53/70] (3.65ns)   --->   "%empty = readreq i1 @_ssdm_op_ReadReq.m_axi.p1i16, i16 %gmem0_addr, i32 3072" [/home/ayvol/vitis-accel-CNN/vitis_accel_prj/kernel_wrapper.cpp:5->/home/ayvol/vitis-accel-CNN/vitis_accel_prj/kernel_wrapper.cpp:38]   --->   Operation 105 'readreq' 'empty' <Predicate = true> <Delay = 3.65> <CoreInst = "m_axi">   --->   Core 121 'm_axi' <Latency = 0> <II = 1> <Delay = 1.00> <Adapter> <Opcode : 'read' 'write' 'readreq' 'writereq' 'writeresp'>

State 20 <SV = 19> <Delay = 3.65>
ST_20 : Operation 106 [52/70] (3.65ns)   --->   "%empty = readreq i1 @_ssdm_op_ReadReq.m_axi.p1i16, i16 %gmem0_addr, i32 3072" [/home/ayvol/vitis-accel-CNN/vitis_accel_prj/kernel_wrapper.cpp:5->/home/ayvol/vitis-accel-CNN/vitis_accel_prj/kernel_wrapper.cpp:38]   --->   Operation 106 'readreq' 'empty' <Predicate = true> <Delay = 3.65> <CoreInst = "m_axi">   --->   Core 121 'm_axi' <Latency = 0> <II = 1> <Delay = 1.00> <Adapter> <Opcode : 'read' 'write' 'readreq' 'writereq' 'writeresp'>

State 21 <SV = 20> <Delay = 3.65>
ST_21 : Operation 107 [51/70] (3.65ns)   --->   "%empty = readreq i1 @_ssdm_op_ReadReq.m_axi.p1i16, i16 %gmem0_addr, i32 3072" [/home/ayvol/vitis-accel-CNN/vitis_accel_prj/kernel_wrapper.cpp:5->/home/ayvol/vitis-accel-CNN/vitis_accel_prj/kernel_wrapper.cpp:38]   --->   Operation 107 'readreq' 'empty' <Predicate = true> <Delay = 3.65> <CoreInst = "m_axi">   --->   Core 121 'm_axi' <Latency = 0> <II = 1> <Delay = 1.00> <Adapter> <Opcode : 'read' 'write' 'readreq' 'writereq' 'writeresp'>

State 22 <SV = 21> <Delay = 3.65>
ST_22 : Operation 108 [50/70] (3.65ns)   --->   "%empty = readreq i1 @_ssdm_op_ReadReq.m_axi.p1i16, i16 %gmem0_addr, i32 3072" [/home/ayvol/vitis-accel-CNN/vitis_accel_prj/kernel_wrapper.cpp:5->/home/ayvol/vitis-accel-CNN/vitis_accel_prj/kernel_wrapper.cpp:38]   --->   Operation 108 'readreq' 'empty' <Predicate = true> <Delay = 3.65> <CoreInst = "m_axi">   --->   Core 121 'm_axi' <Latency = 0> <II = 1> <Delay = 1.00> <Adapter> <Opcode : 'read' 'write' 'readreq' 'writereq' 'writeresp'>

State 23 <SV = 22> <Delay = 3.65>
ST_23 : Operation 109 [49/70] (3.65ns)   --->   "%empty = readreq i1 @_ssdm_op_ReadReq.m_axi.p1i16, i16 %gmem0_addr, i32 3072" [/home/ayvol/vitis-accel-CNN/vitis_accel_prj/kernel_wrapper.cpp:5->/home/ayvol/vitis-accel-CNN/vitis_accel_prj/kernel_wrapper.cpp:38]   --->   Operation 109 'readreq' 'empty' <Predicate = true> <Delay = 3.65> <CoreInst = "m_axi">   --->   Core 121 'm_axi' <Latency = 0> <II = 1> <Delay = 1.00> <Adapter> <Opcode : 'read' 'write' 'readreq' 'writereq' 'writeresp'>

State 24 <SV = 23> <Delay = 3.65>
ST_24 : Operation 110 [48/70] (3.65ns)   --->   "%empty = readreq i1 @_ssdm_op_ReadReq.m_axi.p1i16, i16 %gmem0_addr, i32 3072" [/home/ayvol/vitis-accel-CNN/vitis_accel_prj/kernel_wrapper.cpp:5->/home/ayvol/vitis-accel-CNN/vitis_accel_prj/kernel_wrapper.cpp:38]   --->   Operation 110 'readreq' 'empty' <Predicate = true> <Delay = 3.65> <CoreInst = "m_axi">   --->   Core 121 'm_axi' <Latency = 0> <II = 1> <Delay = 1.00> <Adapter> <Opcode : 'read' 'write' 'readreq' 'writereq' 'writeresp'>

State 25 <SV = 24> <Delay = 3.65>
ST_25 : Operation 111 [47/70] (3.65ns)   --->   "%empty = readreq i1 @_ssdm_op_ReadReq.m_axi.p1i16, i16 %gmem0_addr, i32 3072" [/home/ayvol/vitis-accel-CNN/vitis_accel_prj/kernel_wrapper.cpp:5->/home/ayvol/vitis-accel-CNN/vitis_accel_prj/kernel_wrapper.cpp:38]   --->   Operation 111 'readreq' 'empty' <Predicate = true> <Delay = 3.65> <CoreInst = "m_axi">   --->   Core 121 'm_axi' <Latency = 0> <II = 1> <Delay = 1.00> <Adapter> <Opcode : 'read' 'write' 'readreq' 'writereq' 'writeresp'>

State 26 <SV = 25> <Delay = 3.65>
ST_26 : Operation 112 [46/70] (3.65ns)   --->   "%empty = readreq i1 @_ssdm_op_ReadReq.m_axi.p1i16, i16 %gmem0_addr, i32 3072" [/home/ayvol/vitis-accel-CNN/vitis_accel_prj/kernel_wrapper.cpp:5->/home/ayvol/vitis-accel-CNN/vitis_accel_prj/kernel_wrapper.cpp:38]   --->   Operation 112 'readreq' 'empty' <Predicate = true> <Delay = 3.65> <CoreInst = "m_axi">   --->   Core 121 'm_axi' <Latency = 0> <II = 1> <Delay = 1.00> <Adapter> <Opcode : 'read' 'write' 'readreq' 'writereq' 'writeresp'>

State 27 <SV = 26> <Delay = 3.65>
ST_27 : Operation 113 [45/70] (3.65ns)   --->   "%empty = readreq i1 @_ssdm_op_ReadReq.m_axi.p1i16, i16 %gmem0_addr, i32 3072" [/home/ayvol/vitis-accel-CNN/vitis_accel_prj/kernel_wrapper.cpp:5->/home/ayvol/vitis-accel-CNN/vitis_accel_prj/kernel_wrapper.cpp:38]   --->   Operation 113 'readreq' 'empty' <Predicate = true> <Delay = 3.65> <CoreInst = "m_axi">   --->   Core 121 'm_axi' <Latency = 0> <II = 1> <Delay = 1.00> <Adapter> <Opcode : 'read' 'write' 'readreq' 'writereq' 'writeresp'>

State 28 <SV = 27> <Delay = 3.65>
ST_28 : Operation 114 [44/70] (3.65ns)   --->   "%empty = readreq i1 @_ssdm_op_ReadReq.m_axi.p1i16, i16 %gmem0_addr, i32 3072" [/home/ayvol/vitis-accel-CNN/vitis_accel_prj/kernel_wrapper.cpp:5->/home/ayvol/vitis-accel-CNN/vitis_accel_prj/kernel_wrapper.cpp:38]   --->   Operation 114 'readreq' 'empty' <Predicate = true> <Delay = 3.65> <CoreInst = "m_axi">   --->   Core 121 'm_axi' <Latency = 0> <II = 1> <Delay = 1.00> <Adapter> <Opcode : 'read' 'write' 'readreq' 'writereq' 'writeresp'>

State 29 <SV = 28> <Delay = 3.65>
ST_29 : Operation 115 [43/70] (3.65ns)   --->   "%empty = readreq i1 @_ssdm_op_ReadReq.m_axi.p1i16, i16 %gmem0_addr, i32 3072" [/home/ayvol/vitis-accel-CNN/vitis_accel_prj/kernel_wrapper.cpp:5->/home/ayvol/vitis-accel-CNN/vitis_accel_prj/kernel_wrapper.cpp:38]   --->   Operation 115 'readreq' 'empty' <Predicate = true> <Delay = 3.65> <CoreInst = "m_axi">   --->   Core 121 'm_axi' <Latency = 0> <II = 1> <Delay = 1.00> <Adapter> <Opcode : 'read' 'write' 'readreq' 'writereq' 'writeresp'>

State 30 <SV = 29> <Delay = 3.65>
ST_30 : Operation 116 [42/70] (3.65ns)   --->   "%empty = readreq i1 @_ssdm_op_ReadReq.m_axi.p1i16, i16 %gmem0_addr, i32 3072" [/home/ayvol/vitis-accel-CNN/vitis_accel_prj/kernel_wrapper.cpp:5->/home/ayvol/vitis-accel-CNN/vitis_accel_prj/kernel_wrapper.cpp:38]   --->   Operation 116 'readreq' 'empty' <Predicate = true> <Delay = 3.65> <CoreInst = "m_axi">   --->   Core 121 'm_axi' <Latency = 0> <II = 1> <Delay = 1.00> <Adapter> <Opcode : 'read' 'write' 'readreq' 'writereq' 'writeresp'>

State 31 <SV = 30> <Delay = 3.65>
ST_31 : Operation 117 [41/70] (3.65ns)   --->   "%empty = readreq i1 @_ssdm_op_ReadReq.m_axi.p1i16, i16 %gmem0_addr, i32 3072" [/home/ayvol/vitis-accel-CNN/vitis_accel_prj/kernel_wrapper.cpp:5->/home/ayvol/vitis-accel-CNN/vitis_accel_prj/kernel_wrapper.cpp:38]   --->   Operation 117 'readreq' 'empty' <Predicate = true> <Delay = 3.65> <CoreInst = "m_axi">   --->   Core 121 'm_axi' <Latency = 0> <II = 1> <Delay = 1.00> <Adapter> <Opcode : 'read' 'write' 'readreq' 'writereq' 'writeresp'>

State 32 <SV = 31> <Delay = 3.65>
ST_32 : Operation 118 [40/70] (3.65ns)   --->   "%empty = readreq i1 @_ssdm_op_ReadReq.m_axi.p1i16, i16 %gmem0_addr, i32 3072" [/home/ayvol/vitis-accel-CNN/vitis_accel_prj/kernel_wrapper.cpp:5->/home/ayvol/vitis-accel-CNN/vitis_accel_prj/kernel_wrapper.cpp:38]   --->   Operation 118 'readreq' 'empty' <Predicate = true> <Delay = 3.65> <CoreInst = "m_axi">   --->   Core 121 'm_axi' <Latency = 0> <II = 1> <Delay = 1.00> <Adapter> <Opcode : 'read' 'write' 'readreq' 'writereq' 'writeresp'>

State 33 <SV = 32> <Delay = 3.65>
ST_33 : Operation 119 [39/70] (3.65ns)   --->   "%empty = readreq i1 @_ssdm_op_ReadReq.m_axi.p1i16, i16 %gmem0_addr, i32 3072" [/home/ayvol/vitis-accel-CNN/vitis_accel_prj/kernel_wrapper.cpp:5->/home/ayvol/vitis-accel-CNN/vitis_accel_prj/kernel_wrapper.cpp:38]   --->   Operation 119 'readreq' 'empty' <Predicate = true> <Delay = 3.65> <CoreInst = "m_axi">   --->   Core 121 'm_axi' <Latency = 0> <II = 1> <Delay = 1.00> <Adapter> <Opcode : 'read' 'write' 'readreq' 'writereq' 'writeresp'>

State 34 <SV = 33> <Delay = 3.65>
ST_34 : Operation 120 [38/70] (3.65ns)   --->   "%empty = readreq i1 @_ssdm_op_ReadReq.m_axi.p1i16, i16 %gmem0_addr, i32 3072" [/home/ayvol/vitis-accel-CNN/vitis_accel_prj/kernel_wrapper.cpp:5->/home/ayvol/vitis-accel-CNN/vitis_accel_prj/kernel_wrapper.cpp:38]   --->   Operation 120 'readreq' 'empty' <Predicate = true> <Delay = 3.65> <CoreInst = "m_axi">   --->   Core 121 'm_axi' <Latency = 0> <II = 1> <Delay = 1.00> <Adapter> <Opcode : 'read' 'write' 'readreq' 'writereq' 'writeresp'>

State 35 <SV = 34> <Delay = 3.65>
ST_35 : Operation 121 [37/70] (3.65ns)   --->   "%empty = readreq i1 @_ssdm_op_ReadReq.m_axi.p1i16, i16 %gmem0_addr, i32 3072" [/home/ayvol/vitis-accel-CNN/vitis_accel_prj/kernel_wrapper.cpp:5->/home/ayvol/vitis-accel-CNN/vitis_accel_prj/kernel_wrapper.cpp:38]   --->   Operation 121 'readreq' 'empty' <Predicate = true> <Delay = 3.65> <CoreInst = "m_axi">   --->   Core 121 'm_axi' <Latency = 0> <II = 1> <Delay = 1.00> <Adapter> <Opcode : 'read' 'write' 'readreq' 'writereq' 'writeresp'>

State 36 <SV = 35> <Delay = 3.65>
ST_36 : Operation 122 [36/70] (3.65ns)   --->   "%empty = readreq i1 @_ssdm_op_ReadReq.m_axi.p1i16, i16 %gmem0_addr, i32 3072" [/home/ayvol/vitis-accel-CNN/vitis_accel_prj/kernel_wrapper.cpp:5->/home/ayvol/vitis-accel-CNN/vitis_accel_prj/kernel_wrapper.cpp:38]   --->   Operation 122 'readreq' 'empty' <Predicate = true> <Delay = 3.65> <CoreInst = "m_axi">   --->   Core 121 'm_axi' <Latency = 0> <II = 1> <Delay = 1.00> <Adapter> <Opcode : 'read' 'write' 'readreq' 'writereq' 'writeresp'>

State 37 <SV = 36> <Delay = 3.65>
ST_37 : Operation 123 [35/70] (3.65ns)   --->   "%empty = readreq i1 @_ssdm_op_ReadReq.m_axi.p1i16, i16 %gmem0_addr, i32 3072" [/home/ayvol/vitis-accel-CNN/vitis_accel_prj/kernel_wrapper.cpp:5->/home/ayvol/vitis-accel-CNN/vitis_accel_prj/kernel_wrapper.cpp:38]   --->   Operation 123 'readreq' 'empty' <Predicate = true> <Delay = 3.65> <CoreInst = "m_axi">   --->   Core 121 'm_axi' <Latency = 0> <II = 1> <Delay = 1.00> <Adapter> <Opcode : 'read' 'write' 'readreq' 'writereq' 'writeresp'>

State 38 <SV = 37> <Delay = 3.65>
ST_38 : Operation 124 [34/70] (3.65ns)   --->   "%empty = readreq i1 @_ssdm_op_ReadReq.m_axi.p1i16, i16 %gmem0_addr, i32 3072" [/home/ayvol/vitis-accel-CNN/vitis_accel_prj/kernel_wrapper.cpp:5->/home/ayvol/vitis-accel-CNN/vitis_accel_prj/kernel_wrapper.cpp:38]   --->   Operation 124 'readreq' 'empty' <Predicate = true> <Delay = 3.65> <CoreInst = "m_axi">   --->   Core 121 'm_axi' <Latency = 0> <II = 1> <Delay = 1.00> <Adapter> <Opcode : 'read' 'write' 'readreq' 'writereq' 'writeresp'>

State 39 <SV = 38> <Delay = 3.65>
ST_39 : Operation 125 [33/70] (3.65ns)   --->   "%empty = readreq i1 @_ssdm_op_ReadReq.m_axi.p1i16, i16 %gmem0_addr, i32 3072" [/home/ayvol/vitis-accel-CNN/vitis_accel_prj/kernel_wrapper.cpp:5->/home/ayvol/vitis-accel-CNN/vitis_accel_prj/kernel_wrapper.cpp:38]   --->   Operation 125 'readreq' 'empty' <Predicate = true> <Delay = 3.65> <CoreInst = "m_axi">   --->   Core 121 'm_axi' <Latency = 0> <II = 1> <Delay = 1.00> <Adapter> <Opcode : 'read' 'write' 'readreq' 'writereq' 'writeresp'>

State 40 <SV = 39> <Delay = 3.65>
ST_40 : Operation 126 [32/70] (3.65ns)   --->   "%empty = readreq i1 @_ssdm_op_ReadReq.m_axi.p1i16, i16 %gmem0_addr, i32 3072" [/home/ayvol/vitis-accel-CNN/vitis_accel_prj/kernel_wrapper.cpp:5->/home/ayvol/vitis-accel-CNN/vitis_accel_prj/kernel_wrapper.cpp:38]   --->   Operation 126 'readreq' 'empty' <Predicate = true> <Delay = 3.65> <CoreInst = "m_axi">   --->   Core 121 'm_axi' <Latency = 0> <II = 1> <Delay = 1.00> <Adapter> <Opcode : 'read' 'write' 'readreq' 'writereq' 'writeresp'>

State 41 <SV = 40> <Delay = 3.65>
ST_41 : Operation 127 [31/70] (3.65ns)   --->   "%empty = readreq i1 @_ssdm_op_ReadReq.m_axi.p1i16, i16 %gmem0_addr, i32 3072" [/home/ayvol/vitis-accel-CNN/vitis_accel_prj/kernel_wrapper.cpp:5->/home/ayvol/vitis-accel-CNN/vitis_accel_prj/kernel_wrapper.cpp:38]   --->   Operation 127 'readreq' 'empty' <Predicate = true> <Delay = 3.65> <CoreInst = "m_axi">   --->   Core 121 'm_axi' <Latency = 0> <II = 1> <Delay = 1.00> <Adapter> <Opcode : 'read' 'write' 'readreq' 'writereq' 'writeresp'>

State 42 <SV = 41> <Delay = 3.65>
ST_42 : Operation 128 [30/70] (3.65ns)   --->   "%empty = readreq i1 @_ssdm_op_ReadReq.m_axi.p1i16, i16 %gmem0_addr, i32 3072" [/home/ayvol/vitis-accel-CNN/vitis_accel_prj/kernel_wrapper.cpp:5->/home/ayvol/vitis-accel-CNN/vitis_accel_prj/kernel_wrapper.cpp:38]   --->   Operation 128 'readreq' 'empty' <Predicate = true> <Delay = 3.65> <CoreInst = "m_axi">   --->   Core 121 'm_axi' <Latency = 0> <II = 1> <Delay = 1.00> <Adapter> <Opcode : 'read' 'write' 'readreq' 'writereq' 'writeresp'>

State 43 <SV = 42> <Delay = 3.65>
ST_43 : Operation 129 [29/70] (3.65ns)   --->   "%empty = readreq i1 @_ssdm_op_ReadReq.m_axi.p1i16, i16 %gmem0_addr, i32 3072" [/home/ayvol/vitis-accel-CNN/vitis_accel_prj/kernel_wrapper.cpp:5->/home/ayvol/vitis-accel-CNN/vitis_accel_prj/kernel_wrapper.cpp:38]   --->   Operation 129 'readreq' 'empty' <Predicate = true> <Delay = 3.65> <CoreInst = "m_axi">   --->   Core 121 'm_axi' <Latency = 0> <II = 1> <Delay = 1.00> <Adapter> <Opcode : 'read' 'write' 'readreq' 'writereq' 'writeresp'>

State 44 <SV = 43> <Delay = 3.65>
ST_44 : Operation 130 [28/70] (3.65ns)   --->   "%empty = readreq i1 @_ssdm_op_ReadReq.m_axi.p1i16, i16 %gmem0_addr, i32 3072" [/home/ayvol/vitis-accel-CNN/vitis_accel_prj/kernel_wrapper.cpp:5->/home/ayvol/vitis-accel-CNN/vitis_accel_prj/kernel_wrapper.cpp:38]   --->   Operation 130 'readreq' 'empty' <Predicate = true> <Delay = 3.65> <CoreInst = "m_axi">   --->   Core 121 'm_axi' <Latency = 0> <II = 1> <Delay = 1.00> <Adapter> <Opcode : 'read' 'write' 'readreq' 'writereq' 'writeresp'>

State 45 <SV = 44> <Delay = 3.65>
ST_45 : Operation 131 [27/70] (3.65ns)   --->   "%empty = readreq i1 @_ssdm_op_ReadReq.m_axi.p1i16, i16 %gmem0_addr, i32 3072" [/home/ayvol/vitis-accel-CNN/vitis_accel_prj/kernel_wrapper.cpp:5->/home/ayvol/vitis-accel-CNN/vitis_accel_prj/kernel_wrapper.cpp:38]   --->   Operation 131 'readreq' 'empty' <Predicate = true> <Delay = 3.65> <CoreInst = "m_axi">   --->   Core 121 'm_axi' <Latency = 0> <II = 1> <Delay = 1.00> <Adapter> <Opcode : 'read' 'write' 'readreq' 'writereq' 'writeresp'>

State 46 <SV = 45> <Delay = 3.65>
ST_46 : Operation 132 [26/70] (3.65ns)   --->   "%empty = readreq i1 @_ssdm_op_ReadReq.m_axi.p1i16, i16 %gmem0_addr, i32 3072" [/home/ayvol/vitis-accel-CNN/vitis_accel_prj/kernel_wrapper.cpp:5->/home/ayvol/vitis-accel-CNN/vitis_accel_prj/kernel_wrapper.cpp:38]   --->   Operation 132 'readreq' 'empty' <Predicate = true> <Delay = 3.65> <CoreInst = "m_axi">   --->   Core 121 'm_axi' <Latency = 0> <II = 1> <Delay = 1.00> <Adapter> <Opcode : 'read' 'write' 'readreq' 'writereq' 'writeresp'>

State 47 <SV = 46> <Delay = 3.65>
ST_47 : Operation 133 [25/70] (3.65ns)   --->   "%empty = readreq i1 @_ssdm_op_ReadReq.m_axi.p1i16, i16 %gmem0_addr, i32 3072" [/home/ayvol/vitis-accel-CNN/vitis_accel_prj/kernel_wrapper.cpp:5->/home/ayvol/vitis-accel-CNN/vitis_accel_prj/kernel_wrapper.cpp:38]   --->   Operation 133 'readreq' 'empty' <Predicate = true> <Delay = 3.65> <CoreInst = "m_axi">   --->   Core 121 'm_axi' <Latency = 0> <II = 1> <Delay = 1.00> <Adapter> <Opcode : 'read' 'write' 'readreq' 'writereq' 'writeresp'>

State 48 <SV = 47> <Delay = 3.65>
ST_48 : Operation 134 [24/70] (3.65ns)   --->   "%empty = readreq i1 @_ssdm_op_ReadReq.m_axi.p1i16, i16 %gmem0_addr, i32 3072" [/home/ayvol/vitis-accel-CNN/vitis_accel_prj/kernel_wrapper.cpp:5->/home/ayvol/vitis-accel-CNN/vitis_accel_prj/kernel_wrapper.cpp:38]   --->   Operation 134 'readreq' 'empty' <Predicate = true> <Delay = 3.65> <CoreInst = "m_axi">   --->   Core 121 'm_axi' <Latency = 0> <II = 1> <Delay = 1.00> <Adapter> <Opcode : 'read' 'write' 'readreq' 'writereq' 'writeresp'>

State 49 <SV = 48> <Delay = 3.65>
ST_49 : Operation 135 [23/70] (3.65ns)   --->   "%empty = readreq i1 @_ssdm_op_ReadReq.m_axi.p1i16, i16 %gmem0_addr, i32 3072" [/home/ayvol/vitis-accel-CNN/vitis_accel_prj/kernel_wrapper.cpp:5->/home/ayvol/vitis-accel-CNN/vitis_accel_prj/kernel_wrapper.cpp:38]   --->   Operation 135 'readreq' 'empty' <Predicate = true> <Delay = 3.65> <CoreInst = "m_axi">   --->   Core 121 'm_axi' <Latency = 0> <II = 1> <Delay = 1.00> <Adapter> <Opcode : 'read' 'write' 'readreq' 'writereq' 'writeresp'>

State 50 <SV = 49> <Delay = 3.65>
ST_50 : Operation 136 [22/70] (3.65ns)   --->   "%empty = readreq i1 @_ssdm_op_ReadReq.m_axi.p1i16, i16 %gmem0_addr, i32 3072" [/home/ayvol/vitis-accel-CNN/vitis_accel_prj/kernel_wrapper.cpp:5->/home/ayvol/vitis-accel-CNN/vitis_accel_prj/kernel_wrapper.cpp:38]   --->   Operation 136 'readreq' 'empty' <Predicate = true> <Delay = 3.65> <CoreInst = "m_axi">   --->   Core 121 'm_axi' <Latency = 0> <II = 1> <Delay = 1.00> <Adapter> <Opcode : 'read' 'write' 'readreq' 'writereq' 'writeresp'>

State 51 <SV = 50> <Delay = 3.65>
ST_51 : Operation 137 [21/70] (3.65ns)   --->   "%empty = readreq i1 @_ssdm_op_ReadReq.m_axi.p1i16, i16 %gmem0_addr, i32 3072" [/home/ayvol/vitis-accel-CNN/vitis_accel_prj/kernel_wrapper.cpp:5->/home/ayvol/vitis-accel-CNN/vitis_accel_prj/kernel_wrapper.cpp:38]   --->   Operation 137 'readreq' 'empty' <Predicate = true> <Delay = 3.65> <CoreInst = "m_axi">   --->   Core 121 'm_axi' <Latency = 0> <II = 1> <Delay = 1.00> <Adapter> <Opcode : 'read' 'write' 'readreq' 'writereq' 'writeresp'>

State 52 <SV = 51> <Delay = 3.65>
ST_52 : Operation 138 [20/70] (3.65ns)   --->   "%empty = readreq i1 @_ssdm_op_ReadReq.m_axi.p1i16, i16 %gmem0_addr, i32 3072" [/home/ayvol/vitis-accel-CNN/vitis_accel_prj/kernel_wrapper.cpp:5->/home/ayvol/vitis-accel-CNN/vitis_accel_prj/kernel_wrapper.cpp:38]   --->   Operation 138 'readreq' 'empty' <Predicate = true> <Delay = 3.65> <CoreInst = "m_axi">   --->   Core 121 'm_axi' <Latency = 0> <II = 1> <Delay = 1.00> <Adapter> <Opcode : 'read' 'write' 'readreq' 'writereq' 'writeresp'>

State 53 <SV = 52> <Delay = 3.65>
ST_53 : Operation 139 [19/70] (3.65ns)   --->   "%empty = readreq i1 @_ssdm_op_ReadReq.m_axi.p1i16, i16 %gmem0_addr, i32 3072" [/home/ayvol/vitis-accel-CNN/vitis_accel_prj/kernel_wrapper.cpp:5->/home/ayvol/vitis-accel-CNN/vitis_accel_prj/kernel_wrapper.cpp:38]   --->   Operation 139 'readreq' 'empty' <Predicate = true> <Delay = 3.65> <CoreInst = "m_axi">   --->   Core 121 'm_axi' <Latency = 0> <II = 1> <Delay = 1.00> <Adapter> <Opcode : 'read' 'write' 'readreq' 'writereq' 'writeresp'>

State 54 <SV = 53> <Delay = 3.65>
ST_54 : Operation 140 [18/70] (3.65ns)   --->   "%empty = readreq i1 @_ssdm_op_ReadReq.m_axi.p1i16, i16 %gmem0_addr, i32 3072" [/home/ayvol/vitis-accel-CNN/vitis_accel_prj/kernel_wrapper.cpp:5->/home/ayvol/vitis-accel-CNN/vitis_accel_prj/kernel_wrapper.cpp:38]   --->   Operation 140 'readreq' 'empty' <Predicate = true> <Delay = 3.65> <CoreInst = "m_axi">   --->   Core 121 'm_axi' <Latency = 0> <II = 1> <Delay = 1.00> <Adapter> <Opcode : 'read' 'write' 'readreq' 'writereq' 'writeresp'>

State 55 <SV = 54> <Delay = 3.65>
ST_55 : Operation 141 [17/70] (3.65ns)   --->   "%empty = readreq i1 @_ssdm_op_ReadReq.m_axi.p1i16, i16 %gmem0_addr, i32 3072" [/home/ayvol/vitis-accel-CNN/vitis_accel_prj/kernel_wrapper.cpp:5->/home/ayvol/vitis-accel-CNN/vitis_accel_prj/kernel_wrapper.cpp:38]   --->   Operation 141 'readreq' 'empty' <Predicate = true> <Delay = 3.65> <CoreInst = "m_axi">   --->   Core 121 'm_axi' <Latency = 0> <II = 1> <Delay = 1.00> <Adapter> <Opcode : 'read' 'write' 'readreq' 'writereq' 'writeresp'>

State 56 <SV = 55> <Delay = 3.65>
ST_56 : Operation 142 [16/70] (3.65ns)   --->   "%empty = readreq i1 @_ssdm_op_ReadReq.m_axi.p1i16, i16 %gmem0_addr, i32 3072" [/home/ayvol/vitis-accel-CNN/vitis_accel_prj/kernel_wrapper.cpp:5->/home/ayvol/vitis-accel-CNN/vitis_accel_prj/kernel_wrapper.cpp:38]   --->   Operation 142 'readreq' 'empty' <Predicate = true> <Delay = 3.65> <CoreInst = "m_axi">   --->   Core 121 'm_axi' <Latency = 0> <II = 1> <Delay = 1.00> <Adapter> <Opcode : 'read' 'write' 'readreq' 'writereq' 'writeresp'>

State 57 <SV = 56> <Delay = 3.65>
ST_57 : Operation 143 [15/70] (3.65ns)   --->   "%empty = readreq i1 @_ssdm_op_ReadReq.m_axi.p1i16, i16 %gmem0_addr, i32 3072" [/home/ayvol/vitis-accel-CNN/vitis_accel_prj/kernel_wrapper.cpp:5->/home/ayvol/vitis-accel-CNN/vitis_accel_prj/kernel_wrapper.cpp:38]   --->   Operation 143 'readreq' 'empty' <Predicate = true> <Delay = 3.65> <CoreInst = "m_axi">   --->   Core 121 'm_axi' <Latency = 0> <II = 1> <Delay = 1.00> <Adapter> <Opcode : 'read' 'write' 'readreq' 'writereq' 'writeresp'>

State 58 <SV = 57> <Delay = 3.65>
ST_58 : Operation 144 [14/70] (3.65ns)   --->   "%empty = readreq i1 @_ssdm_op_ReadReq.m_axi.p1i16, i16 %gmem0_addr, i32 3072" [/home/ayvol/vitis-accel-CNN/vitis_accel_prj/kernel_wrapper.cpp:5->/home/ayvol/vitis-accel-CNN/vitis_accel_prj/kernel_wrapper.cpp:38]   --->   Operation 144 'readreq' 'empty' <Predicate = true> <Delay = 3.65> <CoreInst = "m_axi">   --->   Core 121 'm_axi' <Latency = 0> <II = 1> <Delay = 1.00> <Adapter> <Opcode : 'read' 'write' 'readreq' 'writereq' 'writeresp'>

State 59 <SV = 58> <Delay = 3.65>
ST_59 : Operation 145 [13/70] (3.65ns)   --->   "%empty = readreq i1 @_ssdm_op_ReadReq.m_axi.p1i16, i16 %gmem0_addr, i32 3072" [/home/ayvol/vitis-accel-CNN/vitis_accel_prj/kernel_wrapper.cpp:5->/home/ayvol/vitis-accel-CNN/vitis_accel_prj/kernel_wrapper.cpp:38]   --->   Operation 145 'readreq' 'empty' <Predicate = true> <Delay = 3.65> <CoreInst = "m_axi">   --->   Core 121 'm_axi' <Latency = 0> <II = 1> <Delay = 1.00> <Adapter> <Opcode : 'read' 'write' 'readreq' 'writereq' 'writeresp'>

State 60 <SV = 59> <Delay = 3.65>
ST_60 : Operation 146 [12/70] (3.65ns)   --->   "%empty = readreq i1 @_ssdm_op_ReadReq.m_axi.p1i16, i16 %gmem0_addr, i32 3072" [/home/ayvol/vitis-accel-CNN/vitis_accel_prj/kernel_wrapper.cpp:5->/home/ayvol/vitis-accel-CNN/vitis_accel_prj/kernel_wrapper.cpp:38]   --->   Operation 146 'readreq' 'empty' <Predicate = true> <Delay = 3.65> <CoreInst = "m_axi">   --->   Core 121 'm_axi' <Latency = 0> <II = 1> <Delay = 1.00> <Adapter> <Opcode : 'read' 'write' 'readreq' 'writereq' 'writeresp'>

State 61 <SV = 60> <Delay = 3.65>
ST_61 : Operation 147 [11/70] (3.65ns)   --->   "%empty = readreq i1 @_ssdm_op_ReadReq.m_axi.p1i16, i16 %gmem0_addr, i32 3072" [/home/ayvol/vitis-accel-CNN/vitis_accel_prj/kernel_wrapper.cpp:5->/home/ayvol/vitis-accel-CNN/vitis_accel_prj/kernel_wrapper.cpp:38]   --->   Operation 147 'readreq' 'empty' <Predicate = true> <Delay = 3.65> <CoreInst = "m_axi">   --->   Core 121 'm_axi' <Latency = 0> <II = 1> <Delay = 1.00> <Adapter> <Opcode : 'read' 'write' 'readreq' 'writereq' 'writeresp'>

State 62 <SV = 61> <Delay = 3.65>
ST_62 : Operation 148 [10/70] (3.65ns)   --->   "%empty = readreq i1 @_ssdm_op_ReadReq.m_axi.p1i16, i16 %gmem0_addr, i32 3072" [/home/ayvol/vitis-accel-CNN/vitis_accel_prj/kernel_wrapper.cpp:5->/home/ayvol/vitis-accel-CNN/vitis_accel_prj/kernel_wrapper.cpp:38]   --->   Operation 148 'readreq' 'empty' <Predicate = true> <Delay = 3.65> <CoreInst = "m_axi">   --->   Core 121 'm_axi' <Latency = 0> <II = 1> <Delay = 1.00> <Adapter> <Opcode : 'read' 'write' 'readreq' 'writereq' 'writeresp'>

State 63 <SV = 62> <Delay = 3.65>
ST_63 : Operation 149 [9/70] (3.65ns)   --->   "%empty = readreq i1 @_ssdm_op_ReadReq.m_axi.p1i16, i16 %gmem0_addr, i32 3072" [/home/ayvol/vitis-accel-CNN/vitis_accel_prj/kernel_wrapper.cpp:5->/home/ayvol/vitis-accel-CNN/vitis_accel_prj/kernel_wrapper.cpp:38]   --->   Operation 149 'readreq' 'empty' <Predicate = true> <Delay = 3.65> <CoreInst = "m_axi">   --->   Core 121 'm_axi' <Latency = 0> <II = 1> <Delay = 1.00> <Adapter> <Opcode : 'read' 'write' 'readreq' 'writereq' 'writeresp'>

State 64 <SV = 63> <Delay = 3.65>
ST_64 : Operation 150 [8/70] (3.65ns)   --->   "%empty = readreq i1 @_ssdm_op_ReadReq.m_axi.p1i16, i16 %gmem0_addr, i32 3072" [/home/ayvol/vitis-accel-CNN/vitis_accel_prj/kernel_wrapper.cpp:5->/home/ayvol/vitis-accel-CNN/vitis_accel_prj/kernel_wrapper.cpp:38]   --->   Operation 150 'readreq' 'empty' <Predicate = true> <Delay = 3.65> <CoreInst = "m_axi">   --->   Core 121 'm_axi' <Latency = 0> <II = 1> <Delay = 1.00> <Adapter> <Opcode : 'read' 'write' 'readreq' 'writereq' 'writeresp'>

State 65 <SV = 64> <Delay = 3.65>
ST_65 : Operation 151 [7/70] (3.65ns)   --->   "%empty = readreq i1 @_ssdm_op_ReadReq.m_axi.p1i16, i16 %gmem0_addr, i32 3072" [/home/ayvol/vitis-accel-CNN/vitis_accel_prj/kernel_wrapper.cpp:5->/home/ayvol/vitis-accel-CNN/vitis_accel_prj/kernel_wrapper.cpp:38]   --->   Operation 151 'readreq' 'empty' <Predicate = true> <Delay = 3.65> <CoreInst = "m_axi">   --->   Core 121 'm_axi' <Latency = 0> <II = 1> <Delay = 1.00> <Adapter> <Opcode : 'read' 'write' 'readreq' 'writereq' 'writeresp'>

State 66 <SV = 65> <Delay = 3.65>
ST_66 : Operation 152 [6/70] (3.65ns)   --->   "%empty = readreq i1 @_ssdm_op_ReadReq.m_axi.p1i16, i16 %gmem0_addr, i32 3072" [/home/ayvol/vitis-accel-CNN/vitis_accel_prj/kernel_wrapper.cpp:5->/home/ayvol/vitis-accel-CNN/vitis_accel_prj/kernel_wrapper.cpp:38]   --->   Operation 152 'readreq' 'empty' <Predicate = true> <Delay = 3.65> <CoreInst = "m_axi">   --->   Core 121 'm_axi' <Latency = 0> <II = 1> <Delay = 1.00> <Adapter> <Opcode : 'read' 'write' 'readreq' 'writereq' 'writeresp'>

State 67 <SV = 66> <Delay = 3.65>
ST_67 : Operation 153 [5/70] (3.65ns)   --->   "%empty = readreq i1 @_ssdm_op_ReadReq.m_axi.p1i16, i16 %gmem0_addr, i32 3072" [/home/ayvol/vitis-accel-CNN/vitis_accel_prj/kernel_wrapper.cpp:5->/home/ayvol/vitis-accel-CNN/vitis_accel_prj/kernel_wrapper.cpp:38]   --->   Operation 153 'readreq' 'empty' <Predicate = true> <Delay = 3.65> <CoreInst = "m_axi">   --->   Core 121 'm_axi' <Latency = 0> <II = 1> <Delay = 1.00> <Adapter> <Opcode : 'read' 'write' 'readreq' 'writereq' 'writeresp'>

State 68 <SV = 67> <Delay = 3.65>
ST_68 : Operation 154 [4/70] (3.65ns)   --->   "%empty = readreq i1 @_ssdm_op_ReadReq.m_axi.p1i16, i16 %gmem0_addr, i32 3072" [/home/ayvol/vitis-accel-CNN/vitis_accel_prj/kernel_wrapper.cpp:5->/home/ayvol/vitis-accel-CNN/vitis_accel_prj/kernel_wrapper.cpp:38]   --->   Operation 154 'readreq' 'empty' <Predicate = true> <Delay = 3.65> <CoreInst = "m_axi">   --->   Core 121 'm_axi' <Latency = 0> <II = 1> <Delay = 1.00> <Adapter> <Opcode : 'read' 'write' 'readreq' 'writereq' 'writeresp'>

State 69 <SV = 68> <Delay = 3.65>
ST_69 : Operation 155 [3/70] (3.65ns)   --->   "%empty = readreq i1 @_ssdm_op_ReadReq.m_axi.p1i16, i16 %gmem0_addr, i32 3072" [/home/ayvol/vitis-accel-CNN/vitis_accel_prj/kernel_wrapper.cpp:5->/home/ayvol/vitis-accel-CNN/vitis_accel_prj/kernel_wrapper.cpp:38]   --->   Operation 155 'readreq' 'empty' <Predicate = true> <Delay = 3.65> <CoreInst = "m_axi">   --->   Core 121 'm_axi' <Latency = 0> <II = 1> <Delay = 1.00> <Adapter> <Opcode : 'read' 'write' 'readreq' 'writereq' 'writeresp'>

State 70 <SV = 69> <Delay = 3.65>
ST_70 : Operation 156 [2/70] (3.65ns)   --->   "%empty = readreq i1 @_ssdm_op_ReadReq.m_axi.p1i16, i16 %gmem0_addr, i32 3072" [/home/ayvol/vitis-accel-CNN/vitis_accel_prj/kernel_wrapper.cpp:5->/home/ayvol/vitis-accel-CNN/vitis_accel_prj/kernel_wrapper.cpp:38]   --->   Operation 156 'readreq' 'empty' <Predicate = true> <Delay = 3.65> <CoreInst = "m_axi">   --->   Core 121 'm_axi' <Latency = 0> <II = 1> <Delay = 1.00> <Adapter> <Opcode : 'read' 'write' 'readreq' 'writereq' 'writeresp'>

State 71 <SV = 70> <Delay = 3.65>
ST_71 : Operation 157 [1/70] (3.65ns)   --->   "%empty = readreq i1 @_ssdm_op_ReadReq.m_axi.p1i16, i16 %gmem0_addr, i32 3072" [/home/ayvol/vitis-accel-CNN/vitis_accel_prj/kernel_wrapper.cpp:5->/home/ayvol/vitis-accel-CNN/vitis_accel_prj/kernel_wrapper.cpp:38]   --->   Operation 157 'readreq' 'empty' <Predicate = true> <Delay = 3.65> <CoreInst = "m_axi">   --->   Core 121 'm_axi' <Latency = 0> <II = 1> <Delay = 1.00> <Adapter> <Opcode : 'read' 'write' 'readreq' 'writereq' 'writeresp'>

State 72 <SV = 71> <Delay = 0.00>
ST_72 : Operation 158 [1/1] (0.00ns)   --->   "%empty_101 = wait i32 @_ssdm_op_Wait"   --->   Operation 158 'wait' 'empty_101' <Predicate = true> <Delay = 0.00>
ST_72 : Operation 159 [2/2] (0.00ns)   --->   "%call_ln5 = call void @read_input_Pipeline_VITIS_LOOP_5_1, i16 %gmem0, i63 %trunc_ln5_i, i48 %input1" [/home/ayvol/vitis-accel-CNN/vitis_accel_prj/kernel_wrapper.cpp:5->/home/ayvol/vitis-accel-CNN/vitis_accel_prj/kernel_wrapper.cpp:38]   --->   Operation 159 'call' 'call_ln5' <Predicate = true> <Delay = 0.00> <CoreType = "Generic">   --->   Core 0 '' <Latency = 0> <II = 1> <Delay = 1.00> <Generic> <Opcode : >

State 73 <SV = 72> <Delay = 0.00>
ST_73 : Operation 160 [1/1] (0.00ns)   --->   "%specinterface_ln0 = specinterface void @_ssdm_op_SpecInterface, i13 %n_c, void @ap_fifo_str, i32 0, i32 0, void @p_str, i32 0, i32 0, void @p_str, void @p_str, void @p_str, i32 2, i32 2, i32 16, i32 16, void @p_str, void @ScalarProp_str, i32 4294967295, i32 0"   --->   Operation 160 'specinterface' 'specinterface_ln0' <Predicate = true> <Delay = 0.00>
ST_73 : Operation 161 [1/1] (0.00ns)   --->   "%specinterface_ln0 = specinterface void @_ssdm_op_SpecInterface, i48 %input1, void @empty_0, i32 0, i32 0, void @empty_7, i32 0, i32 0, void @empty_7, void @empty_7, void @empty_7, i32 0, i32 0, i32 0, i32 0, void @empty_7, void @empty_7, i32 4294967295, i32 0"   --->   Operation 161 'specinterface' 'specinterface_ln0' <Predicate = true> <Delay = 0.00>
ST_73 : Operation 162 [1/1] (0.00ns)   --->   "%specinterface_ln0 = specinterface void @_ssdm_op_SpecInterface, i16 %gmem0, void @empty_16, i32 0, i32 0, void @empty_7, i32 64, i32 0, void @empty_29, void @empty_10, void @empty_7, i32 16, i32 16, i32 16, i32 16, void @empty_7, void @empty_7, i32 4294967295, i32 0"   --->   Operation 162 'specinterface' 'specinterface_ln0' <Predicate = true> <Delay = 0.00>
ST_73 : Operation 163 [1/2] (0.00ns)   --->   "%call_ln5 = call void @read_input_Pipeline_VITIS_LOOP_5_1, i16 %gmem0, i63 %trunc_ln5_i, i48 %input1" [/home/ayvol/vitis-accel-CNN/vitis_accel_prj/kernel_wrapper.cpp:5->/home/ayvol/vitis-accel-CNN/vitis_accel_prj/kernel_wrapper.cpp:38]   --->   Operation 163 'call' 'call_ln5' <Predicate = true> <Delay = 0.00> <CoreType = "Generic">   --->   Core 0 '' <Latency = 0> <II = 1> <Delay = 1.00> <Generic> <Opcode : >
ST_73 : Operation 164 [1/1] (0.00ns)   --->   "%ret_ln38 = ret" [/home/ayvol/vitis-accel-CNN/vitis_accel_prj/kernel_wrapper.cpp:38]   --->   Operation 164 'ret' 'ret_ln38' <Predicate = true> <Delay = 0.00>


============================================================
+ Verbose Summary: Binding
============================================================
STG Binding: 
---------------- STG Properties BEGIN ----------------
- Is combinational: 0
- Is one-state seq: 0
- Is datapath-only: 0
- Is pipelined: 0
- Is top level: 0
Port [ Return ] is wired: 1; IO mode=ap_ctrl_hs:ce=0
Port [ gmem0]:  wired=1; compound=1; hidden=0; nouse=0; global=0; static=0; extern=0; dir=0; type=4; pingpong=0; private_global=0; IO mode=m_axi:ce=0
Port [ in_r]:  wired=1; compound=0; hidden=0; nouse=0; global=0; static=0; extern=0; dir=0; type=0; pingpong=0; private_global=0; IO mode=ap_none:ce=0
Port [ input1]:  wired=1; compound=1; hidden=0; nouse=0; global=0; static=0; extern=0; dir=1; type=3; pingpong=0; private_global=0; IO mode=ap_fifo:ce=0
Port [ n]:  wired=1; compound=0; hidden=0; nouse=0; global=0; static=0; extern=0; dir=0; type=0; pingpong=0; private_global=0; IO mode=ap_none:ce=0
Port [ n_c]:  wired=1; compound=1; hidden=0; nouse=0; global=0; static=0; extern=0; dir=1; type=3; pingpong=0; private_global=0; IO mode=ap_fifo:ce=0
---------------- STG Properties END ------------------

---------------- Datapath Model BEGIN ----------------

<LifeTime>
<method=bitvector/>
n_read            (read          ) [ 00000000000000000000000000000000000000000000000000000000000000000000000000]
in_r_read         (read          ) [ 00000000000000000000000000000000000000000000000000000000000000000000000000]
write_ln0         (write         ) [ 00000000000000000000000000000000000000000000000000000000000000000000000000]
p_shl_i           (bitconcatenate) [ 00000000000000000000000000000000000000000000000000000000000000000000000000]
p_shl_cast4_i     (zext          ) [ 00000000000000000000000000000000000000000000000000000000000000000000000000]
p_shl1_i          (bitconcatenate) [ 00000000000000000000000000000000000000000000000000000000000000000000000000]
p_shl1_cast5_i    (zext          ) [ 00000000000000000000000000000000000000000000000000000000000000000000000000]
mul7_i            (sub           ) [ 00000000000000000000000000000000000000000000000000000000000000000000000000]
tmp_i             (bitconcatenate) [ 00000000000000000000000000000000000000000000000000000000000000000000000000]
sext_ln5          (sext          ) [ 00000000000000000000000000000000000000000000000000000000000000000000000000]
add_ln5           (add           ) [ 00000000000000000000000000000000000000000000000000000000000000000000000000]
trunc_ln5_i       (partselect    ) [ 00111111111111111111111111111111111111111111111111111111111111111111111111]
sext_ln5_1        (sext          ) [ 00000000000000000000000000000000000000000000000000000000000000000000000000]
gmem0_addr        (getelementptr ) [ 00011111111111111111111111111111111111111111111111111111111111111111111100]
empty             (readreq       ) [ 00000000000000000000000000000000000000000000000000000000000000000000000000]
empty_101         (wait          ) [ 00000000000000000000000000000000000000000000000000000000000000000000000000]
specinterface_ln0 (specinterface ) [ 00000000000000000000000000000000000000000000000000000000000000000000000000]
specinterface_ln0 (specinterface ) [ 00000000000000000000000000000000000000000000000000000000000000000000000000]
specinterface_ln0 (specinterface ) [ 00000000000000000000000000000000000000000000000000000000000000000000000000]
call_ln5          (call          ) [ 00000000000000000000000000000000000000000000000000000000000000000000000000]
ret_ln38          (ret           ) [ 00000000000000000000000000000000000000000000000000000000000000000000000000]
</LifeTime>

<model>

<comp_list>
<comp id="0" class="1000" name="gmem0">
<pin_list>
<pin id="1" dir="1" index="0" bw="1" slack="0"/>
</pin_list>
<bind>
<StgValue><ssdm name="gmem0"/></StgValue>
</bind>
</comp>

<comp id="2" class="1000" name="in_r">
<pin_list>
<pin id="3" dir="1" index="0" bw="1" slack="0"/>
</pin_list>
<bind>
<StgValue><ssdm name="in_r"/></StgValue>
</bind>
</comp>

<comp id="4" class="1000" name="input1">
<pin_list>
<pin id="5" dir="1" index="0" bw="1" slack="0"/>
</pin_list>
<bind>
<StgValue><ssdm name="input1"/></StgValue>
</bind>
</comp>

<comp id="6" class="1000" name="n">
<pin_list>
<pin id="7" dir="1" index="0" bw="1" slack="0"/>
</pin_list>
<bind>
<StgValue><ssdm name="n"/></StgValue>
</bind>
</comp>

<comp id="8" class="1000" name="n_c">
<pin_list>
<pin id="9" dir="1" index="0" bw="1" slack="0"/>
</pin_list>
<bind>
<StgValue><ssdm name="n_c"/></StgValue>
</bind>
</comp>

<comp id="10" class="1001" name="const_10">
<pin_list>
<pin id="11" dir="1" index="0" bw="1" slack="0"/>
</pin_list>
<bind>
<StgValue><ssdm name="_ssdm_op_Read.ap_auto.i13"/></StgValue>
</bind>
</comp>

<comp id="12" class="1001" name="const_12">
<pin_list>
<pin id="13" dir="1" index="0" bw="1" slack="0"/>
</pin_list>
<bind>
<StgValue><ssdm name="_ssdm_op_Read.ap_auto.i64"/></StgValue>
</bind>
</comp>

<comp id="14" class="1001" name="const_14">
<pin_list>
<pin id="15" dir="1" index="0" bw="1" slack="0"/>
</pin_list>
<bind>
<StgValue><ssdm name="_ssdm_op_Write.ap_fifo.i13P0A"/></StgValue>
</bind>
</comp>

<comp id="16" class="1001" name="const_16">
<pin_list>
<pin id="17" dir="1" index="0" bw="1" slack="0"/>
</pin_list>
<bind>
<StgValue><ssdm name="_ssdm_op_BitConcatenate.i25.i13.i12"/></StgValue>
</bind>
</comp>

<comp id="18" class="1001" name="const_18">
<pin_list>
<pin id="19" dir="1" index="0" bw="1" slack="0"/>
</pin_list>
<bind>
<StgValue><ssdm name=""/></StgValue>
</bind>
</comp>

<comp id="20" class="1001" name="const_20">
<pin_list>
<pin id="21" dir="1" index="0" bw="1" slack="0"/>
</pin_list>
<bind>
<StgValue><ssdm name="_ssdm_op_BitConcatenate.i23.i13.i10"/></StgValue>
</bind>
</comp>

<comp id="22" class="1001" name="const_22">
<pin_list>
<pin id="23" dir="1" index="0" bw="1" slack="0"/>
</pin_list>
<bind>
<StgValue><ssdm name=""/></StgValue>
</bind>
</comp>

<comp id="24" class="1001" name="const_24">
<pin_list>
<pin id="25" dir="1" index="0" bw="1" slack="0"/>
</pin_list>
<bind>
<StgValue><ssdm name="_ssdm_op_BitConcatenate.i27.i26.i1"/></StgValue>
</bind>
</comp>

<comp id="26" class="1001" name="const_26">
<pin_list>
<pin id="27" dir="1" index="0" bw="1" slack="0"/>
</pin_list>
<bind>
<StgValue><ssdm name=""/></StgValue>
</bind>
</comp>

<comp id="28" class="1001" name="const_28">
<pin_list>
<pin id="29" dir="1" index="0" bw="1" slack="0"/>
</pin_list>
<bind>
<StgValue><ssdm name="_ssdm_op_PartSelect.i63.i64.i32.i32"/></StgValue>
</bind>
</comp>

<comp id="30" class="1001" name="const_30">
<pin_list>
<pin id="31" dir="1" index="0" bw="1" slack="0"/>
</pin_list>
<bind>
<StgValue><ssdm name=""/></StgValue>
</bind>
</comp>

<comp id="32" class="1001" name="const_32">
<pin_list>
<pin id="33" dir="1" index="0" bw="1" slack="0"/>
</pin_list>
<bind>
<StgValue><ssdm name=""/></StgValue>
</bind>
</comp>

<comp id="34" class="1001" name="const_34">
<pin_list>
<pin id="35" dir="1" index="0" bw="1" slack="0"/>
</pin_list>
<bind>
<StgValue><ssdm name="_ssdm_op_ReadReq.m_axi.p1i16"/></StgValue>
</bind>
</comp>

<comp id="36" class="1001" name="const_36">
<pin_list>
<pin id="37" dir="1" index="0" bw="1" slack="0"/>
</pin_list>
<bind>
<StgValue><ssdm name=""/></StgValue>
</bind>
</comp>

<comp id="38" class="1001" name="const_38">
<pin_list>
<pin id="39" dir="1" index="0" bw="1" slack="2147483647"/>
</pin_list>
<bind>
<StgValue><ssdm name="_ssdm_op_Wait"/></StgValue>
</bind>
</comp>

<comp id="40" class="1001" name="const_40">
<pin_list>
<pin id="41" dir="1" index="0" bw="1" slack="0"/>
</pin_list>
<bind>
<StgValue><ssdm name="read_input_Pipeline_VITIS_LOOP_5_1"/></StgValue>
</bind>
</comp>

<comp id="42" class="1001" name="const_42">
<pin_list>
<pin id="43" dir="1" index="0" bw="1" slack="2147483647"/>
</pin_list>
<bind>
<StgValue><ssdm name="_ssdm_op_SpecInterface"/></StgValue>
</bind>
</comp>

<comp id="44" class="1001" name="const_44">
<pin_list>
<pin id="45" dir="1" index="0" bw="1" slack="2147483647"/>
</pin_list>
<bind>
<StgValue><ssdm name="ap_fifo_str"/></StgValue>
</bind>
</comp>

<comp id="46" class="1001" name="const_46">
<pin_list>
<pin id="47" dir="1" index="0" bw="1" slack="2147483647"/>
</pin_list>
<bind>
<StgValue><ssdm name=""/></StgValue>
</bind>
</comp>

<comp id="48" class="1001" name="const_48">
<pin_list>
<pin id="49" dir="1" index="0" bw="1" slack="2147483647"/>
</pin_list>
<bind>
<StgValue><ssdm name="p_str"/></StgValue>
</bind>
</comp>

<comp id="50" class="1001" name="const_50">
<pin_list>
<pin id="51" dir="1" index="0" bw="1" slack="2147483647"/>
</pin_list>
<bind>
<StgValue><ssdm name=""/></StgValue>
</bind>
</comp>

<comp id="52" class="1001" name="const_52">
<pin_list>
<pin id="53" dir="1" index="0" bw="1" slack="2147483647"/>
</pin_list>
<bind>
<StgValue><ssdm name=""/></StgValue>
</bind>
</comp>

<comp id="54" class="1001" name="const_54">
<pin_list>
<pin id="55" dir="1" index="0" bw="1" slack="2147483647"/>
</pin_list>
<bind>
<StgValue><ssdm name="ScalarProp_str"/></StgValue>
</bind>
</comp>

<comp id="56" class="1001" name="const_56">
<pin_list>
<pin id="57" dir="1" index="0" bw="1" slack="2147483647"/>
</pin_list>
<bind>
<StgValue><ssdm name=""/></StgValue>
</bind>
</comp>

<comp id="58" class="1001" name="const_58">
<pin_list>
<pin id="59" dir="1" index="0" bw="1" slack="2147483647"/>
</pin_list>
<bind>
<StgValue><ssdm name="empty_0"/></StgValue>
</bind>
</comp>

<comp id="60" class="1001" name="const_60">
<pin_list>
<pin id="61" dir="1" index="0" bw="1" slack="2147483647"/>
</pin_list>
<bind>
<StgValue><ssdm name="empty_7"/></StgValue>
</bind>
</comp>

<comp id="62" class="1001" name="const_62">
<pin_list>
<pin id="63" dir="1" index="0" bw="1" slack="2147483647"/>
</pin_list>
<bind>
<StgValue><ssdm name="empty_16"/></StgValue>
</bind>
</comp>

<comp id="64" class="1001" name="const_64">
<pin_list>
<pin id="65" dir="1" index="0" bw="1" slack="2147483647"/>
</pin_list>
<bind>
<StgValue><ssdm name=""/></StgValue>
</bind>
</comp>

<comp id="66" class="1001" name="const_66">
<pin_list>
<pin id="67" dir="1" index="0" bw="1" slack="2147483647"/>
</pin_list>
<bind>
<StgValue><ssdm name="empty_29"/></StgValue>
</bind>
</comp>

<comp id="68" class="1001" name="const_68">
<pin_list>
<pin id="69" dir="1" index="0" bw="1" slack="2147483647"/>
</pin_list>
<bind>
<StgValue><ssdm name="empty_10"/></StgValue>
</bind>
</comp>

<comp id="70" class="1004" name="n_read_read_fu_70">
<pin_list>
<pin id="71" dir="0" index="0" bw="13" slack="0"/>
<pin id="72" dir="0" index="1" bw="13" slack="0"/>
<pin id="73" dir="1" index="2" bw="13" slack="0"/>
</pin_list>
<bind>
<opcode="read(1150) " fcode="read"/>
<opset="n_read/1 "/>
</bind>
</comp>

<comp id="76" class="1004" name="in_r_read_read_fu_76">
<pin_list>
<pin id="77" dir="0" index="0" bw="64" slack="0"/>
<pin id="78" dir="0" index="1" bw="64" slack="0"/>
<pin id="79" dir="1" index="2" bw="64" slack="0"/>
</pin_list>
<bind>
<opcode="read(1150) " fcode="read"/>
<opset="in_r_read/1 "/>
</bind>
</comp>

<comp id="82" class="1004" name="write_ln0_write_fu_82">
<pin_list>
<pin id="83" dir="0" index="0" bw="0" slack="0"/>
<pin id="84" dir="0" index="1" bw="13" slack="0"/>
<pin id="85" dir="0" index="2" bw="13" slack="0"/>
<pin id="86" dir="1" index="3" bw="0" slack="2147483647"/>
</pin_list>
<bind>
<opcode="write(1151) " fcode="write"/>
<opset="write_ln0/1 "/>
</bind>
</comp>

<comp id="90" class="1004" name="grp_readreq_fu_90">
<pin_list>
<pin id="91" dir="0" index="0" bw="1" slack="0"/>
<pin id="92" dir="0" index="1" bw="16" slack="0"/>
<pin id="93" dir="0" index="2" bw="13" slack="0"/>
<pin id="94" dir="1" index="3" bw="1" slack="2147483647"/>
</pin_list>
<bind>
<opcode="readreq(1154) " fcode="readreq"/>
<opset="empty/2 "/>
</bind>
</comp>

<comp id="97" class="1004" name="grp_read_input_Pipeline_VITIS_LOOP_5_1_fu_97">
<pin_list>
<pin id="98" dir="0" index="0" bw="0" slack="0"/>
<pin id="99" dir="0" index="1" bw="16" slack="0"/>
<pin id="100" dir="0" index="2" bw="63" slack="71"/>
<pin id="101" dir="0" index="3" bw="48" slack="0"/>
<pin id="102" dir="1" index="4" bw="0" slack="2147483647"/>
</pin_list>
<bind>
<opcode="call(48) " fcode="call"/>
<opset="call_ln5/72 "/>
</bind>
</comp>

<comp id="106" class="1004" name="p_shl_i_fu_106">
<pin_list>
<pin id="107" dir="0" index="0" bw="25" slack="0"/>
<pin id="108" dir="0" index="1" bw="13" slack="0"/>
<pin id="109" dir="0" index="2" bw="1" slack="0"/>
<pin id="110" dir="1" index="3" bw="25" slack="0"/>
</pin_list>
<bind>
<opcode="bitconcatenate(1004) " fcode="bitconcatenate"/>
<opset="p_shl_i/1 "/>
</bind>
</comp>

<comp id="114" class="1004" name="p_shl_cast4_i_fu_114">
<pin_list>
<pin id="115" dir="0" index="0" bw="25" slack="0"/>
<pin id="116" dir="1" index="1" bw="26" slack="0"/>
</pin_list>
<bind>
<opcode="zext(34) " fcode="zext"/>
<opset="p_shl_cast4_i/1 "/>
</bind>
</comp>

<comp id="118" class="1004" name="p_shl1_i_fu_118">
<pin_list>
<pin id="119" dir="0" index="0" bw="23" slack="0"/>
<pin id="120" dir="0" index="1" bw="13" slack="0"/>
<pin id="121" dir="0" index="2" bw="1" slack="0"/>
<pin id="122" dir="1" index="3" bw="23" slack="0"/>
</pin_list>
<bind>
<opcode="bitconcatenate(1004) " fcode="bitconcatenate"/>
<opset="p_shl1_i/1 "/>
</bind>
</comp>

<comp id="126" class="1004" name="p_shl1_cast5_i_fu_126">
<pin_list>
<pin id="127" dir="0" index="0" bw="23" slack="0"/>
<pin id="128" dir="1" index="1" bw="26" slack="0"/>
</pin_list>
<bind>
<opcode="zext(34) " fcode="zext"/>
<opset="p_shl1_cast5_i/1 "/>
</bind>
</comp>

<comp id="130" class="1004" name="mul7_i_fu_130">
<pin_list>
<pin id="131" dir="0" index="0" bw="25" slack="0"/>
<pin id="132" dir="0" index="1" bw="23" slack="0"/>
<pin id="133" dir="1" index="2" bw="26" slack="0"/>
</pin_list>
<bind>
<opcode="sub(10) " fcode="sub"/>
<opset="mul7_i/1 "/>
</bind>
</comp>

<comp id="136" class="1004" name="tmp_i_fu_136">
<pin_list>
<pin id="137" dir="0" index="0" bw="27" slack="0"/>
<pin id="138" dir="0" index="1" bw="26" slack="0"/>
<pin id="139" dir="0" index="2" bw="1" slack="0"/>
<pin id="140" dir="1" index="3" bw="27" slack="0"/>
</pin_list>
<bind>
<opcode="bitconcatenate(1004) " fcode="bitconcatenate"/>
<opset="tmp_i/1 "/>
</bind>
</comp>

<comp id="144" class="1004" name="sext_ln5_fu_144">
<pin_list>
<pin id="145" dir="0" index="0" bw="27" slack="0"/>
<pin id="146" dir="1" index="1" bw="64" slack="0"/>
</pin_list>
<bind>
<opcode="sext(35) " fcode="sext"/>
<opset="sext_ln5/1 "/>
</bind>
</comp>

<comp id="148" class="1004" name="add_ln5_fu_148">
<pin_list>
<pin id="149" dir="0" index="0" bw="27" slack="0"/>
<pin id="150" dir="0" index="1" bw="64" slack="0"/>
<pin id="151" dir="1" index="2" bw="64" slack="0"/>
</pin_list>
<bind>
<opcode="add(8) " fcode="add"/>
<opset="add_ln5/1 "/>
</bind>
</comp>

<comp id="154" class="1004" name="trunc_ln5_i_fu_154">
<pin_list>
<pin id="155" dir="0" index="0" bw="63" slack="0"/>
<pin id="156" dir="0" index="1" bw="64" slack="0"/>
<pin id="157" dir="0" index="2" bw="1" slack="0"/>
<pin id="158" dir="0" index="3" bw="7" slack="0"/>
<pin id="159" dir="1" index="4" bw="63" slack="1"/>
</pin_list>
<bind>
<opcode="partselect(1002) " fcode="partselect"/>
<opset="trunc_ln5_i/1 "/>
</bind>
</comp>

<comp id="164" class="1004" name="sext_ln5_1_fu_164">
<pin_list>
<pin id="165" dir="0" index="0" bw="63" slack="1"/>
<pin id="166" dir="1" index="1" bw="64" slack="0"/>
</pin_list>
<bind>
<opcode="sext(35) " fcode="sext"/>
<opset="sext_ln5_1/2 "/>
</bind>
</comp>

<comp id="167" class="1004" name="gmem0_addr_fu_167">
<pin_list>
<pin id="168" dir="0" index="0" bw="16" slack="0"/>
<pin id="169" dir="0" index="1" bw="63" slack="0"/>
<pin id="170" dir="1" index="2" bw="16" slack="0"/>
</pin_list>
<bind>
<opcode="getelementptr(29) " fcode="getelementptr"/>
<opset="gmem0_addr/2 "/>
</bind>
</comp>

<comp id="174" class="1005" name="trunc_ln5_i_reg_174">
<pin_list>
<pin id="175" dir="0" index="0" bw="63" slack="1"/>
<pin id="176" dir="1" index="1" bw="63" slack="1"/>
</pin_list>
<bind>
<opset="trunc_ln5_i "/>
</bind>
</comp>

<comp id="180" class="1005" name="gmem0_addr_reg_180">
<pin_list>
<pin id="181" dir="0" index="0" bw="16" slack="1"/>
<pin id="182" dir="1" index="1" bw="16" slack="1"/>
</pin_list>
<bind>
<opset="gmem0_addr "/>
</bind>
</comp>

</comp_list>

<net_list>
<net id="74"><net_src comp="10" pin="0"/><net_sink comp="70" pin=0"/></net>

<net id="75"><net_src comp="6" pin="0"/><net_sink comp="70" pin=1"/></net>

<net id="80"><net_src comp="12" pin="0"/><net_sink comp="76" pin=0"/></net>

<net id="81"><net_src comp="2" pin="0"/><net_sink comp="76" pin=1"/></net>

<net id="87"><net_src comp="14" pin="0"/><net_sink comp="82" pin=0"/></net>

<net id="88"><net_src comp="8" pin="0"/><net_sink comp="82" pin=1"/></net>

<net id="89"><net_src comp="70" pin="2"/><net_sink comp="82" pin=2"/></net>

<net id="95"><net_src comp="34" pin="0"/><net_sink comp="90" pin=0"/></net>

<net id="96"><net_src comp="36" pin="0"/><net_sink comp="90" pin=2"/></net>

<net id="103"><net_src comp="40" pin="0"/><net_sink comp="97" pin=0"/></net>

<net id="104"><net_src comp="0" pin="0"/><net_sink comp="97" pin=1"/></net>

<net id="105"><net_src comp="4" pin="0"/><net_sink comp="97" pin=3"/></net>

<net id="111"><net_src comp="16" pin="0"/><net_sink comp="106" pin=0"/></net>

<net id="112"><net_src comp="70" pin="2"/><net_sink comp="106" pin=1"/></net>

<net id="113"><net_src comp="18" pin="0"/><net_sink comp="106" pin=2"/></net>

<net id="117"><net_src comp="106" pin="3"/><net_sink comp="114" pin=0"/></net>

<net id="123"><net_src comp="20" pin="0"/><net_sink comp="118" pin=0"/></net>

<net id="124"><net_src comp="70" pin="2"/><net_sink comp="118" pin=1"/></net>

<net id="125"><net_src comp="22" pin="0"/><net_sink comp="118" pin=2"/></net>

<net id="129"><net_src comp="118" pin="3"/><net_sink comp="126" pin=0"/></net>

<net id="134"><net_src comp="114" pin="1"/><net_sink comp="130" pin=0"/></net>

<net id="135"><net_src comp="126" pin="1"/><net_sink comp="130" pin=1"/></net>

<net id="141"><net_src comp="24" pin="0"/><net_sink comp="136" pin=0"/></net>

<net id="142"><net_src comp="130" pin="2"/><net_sink comp="136" pin=1"/></net>

<net id="143"><net_src comp="26" pin="0"/><net_sink comp="136" pin=2"/></net>

<net id="147"><net_src comp="136" pin="3"/><net_sink comp="144" pin=0"/></net>

<net id="152"><net_src comp="144" pin="1"/><net_sink comp="148" pin=0"/></net>

<net id="153"><net_src comp="76" pin="2"/><net_sink comp="148" pin=1"/></net>

<net id="160"><net_src comp="28" pin="0"/><net_sink comp="154" pin=0"/></net>

<net id="161"><net_src comp="148" pin="2"/><net_sink comp="154" pin=1"/></net>

<net id="162"><net_src comp="30" pin="0"/><net_sink comp="154" pin=2"/></net>

<net id="163"><net_src comp="32" pin="0"/><net_sink comp="154" pin=3"/></net>

<net id="171"><net_src comp="0" pin="0"/><net_sink comp="167" pin=0"/></net>

<net id="172"><net_src comp="164" pin="1"/><net_sink comp="167" pin=1"/></net>

<net id="173"><net_src comp="167" pin="2"/><net_sink comp="90" pin=1"/></net>

<net id="177"><net_src comp="154" pin="4"/><net_sink comp="174" pin=0"/></net>

<net id="178"><net_src comp="174" pin="1"/><net_sink comp="164" pin=0"/></net>

<net id="179"><net_src comp="174" pin="1"/><net_sink comp="97" pin=2"/></net>

<net id="183"><net_src comp="167" pin="2"/><net_sink comp="180" pin=0"/></net>

<net id="184"><net_src comp="180" pin="1"/><net_sink comp="90" pin=1"/></net>

</net_list>

</model> 
---------------- Datapath Model END ------------------

* FSMD analyzer results:
  - Output states:
	Port: input1 | {72 73 }
	Port: n_c | {1 }
 - Input state : 
	Port: read_input : gmem0 | {2 3 4 5 6 7 8 9 10 11 12 13 14 15 16 17 18 19 20 21 22 23 24 25 26 27 28 29 30 31 32 33 34 35 36 37 38 39 40 41 42 43 44 45 46 47 48 49 50 51 52 53 54 55 56 57 58 59 60 61 62 63 64 65 66 67 68 69 70 71 72 73 }
	Port: read_input : in_r | {1 }
	Port: read_input : n | {1 }
  - Chain level:
	State 1
		p_shl_cast4_i : 1
		p_shl1_cast5_i : 1
		mul7_i : 2
		tmp_i : 3
		sext_ln5 : 4
		add_ln5 : 5
		trunc_ln5_i : 6
	State 2
		gmem0_addr : 1
		empty : 2
	State 3
	State 4
	State 5
	State 6
	State 7
	State 8
	State 9
	State 10
	State 11
	State 12
	State 13
	State 14
	State 15
	State 16
	State 17
	State 18
	State 19
	State 20
	State 21
	State 22
	State 23
	State 24
	State 25
	State 26
	State 27
	State 28
	State 29
	State 30
	State 31
	State 32
	State 33
	State 34
	State 35
	State 36
	State 37
	State 38
	State 39
	State 40
	State 41
	State 42
	State 43
	State 44
	State 45
	State 46
	State 47
	State 48
	State 49
	State 50
	State 51
	State 52
	State 53
	State 54
	State 55
	State 56
	State 57
	State 58
	State 59
	State 60
	State 61
	State 62
	State 63
	State 64
	State 65
	State 66
	State 67
	State 68
	State 69
	State 70
	State 71
	State 72
	State 73


============================================================
+ Verbose Summary: Datapath Resource usage 
============================================================

* Functional unit list:
|----------|----------------------------------------------|---------|---------|
| Operation|                Functional Unit               |    FF   |   LUT   |
|----------|----------------------------------------------|---------|---------|
|   call   | grp_read_input_Pipeline_VITIS_LOOP_5_1_fu_97 |    76   |    29   |
|----------|----------------------------------------------|---------|---------|
|    add   |                add_ln5_fu_148                |    0    |    71   |
|----------|----------------------------------------------|---------|---------|
|    sub   |                 mul7_i_fu_130                |    0    |    32   |
|----------|----------------------------------------------|---------|---------|
|   read   |               n_read_read_fu_70              |    0    |    0    |
|          |             in_r_read_read_fu_76             |    0    |    0    |
|----------|----------------------------------------------|---------|---------|
|   write  |             write_ln0_write_fu_82            |    0    |    0    |
|----------|----------------------------------------------|---------|---------|
|  readreq |               grp_readreq_fu_90              |    0    |    0    |
|----------|----------------------------------------------|---------|---------|
|          |                p_shl_i_fu_106                |    0    |    0    |
|bitconcatenate|                p_shl1_i_fu_118               |    0    |    0    |
|          |                 tmp_i_fu_136                 |    0    |    0    |
|----------|----------------------------------------------|---------|---------|
|   zext   |             p_shl_cast4_i_fu_114             |    0    |    0    |
|          |             p_shl1_cast5_i_fu_126            |    0    |    0    |
|----------|----------------------------------------------|---------|---------|
|   sext   |                sext_ln5_fu_144               |    0    |    0    |
|          |               sext_ln5_1_fu_164              |    0    |    0    |
|----------|----------------------------------------------|---------|---------|
|partselect|              trunc_ln5_i_fu_154              |    0    |    0    |
|----------|----------------------------------------------|---------|---------|
|   Total  |                                              |    76   |   132   |
|----------|----------------------------------------------|---------|---------|

Memories:
N/A

* Register list:
+-------------------+--------+
|                   |   FF   |
+-------------------+--------+
| gmem0_addr_reg_180|   16   |
|trunc_ln5_i_reg_174|   63   |
+-------------------+--------+
|       Total       |   79   |
+-------------------+--------+

* Multiplexer (MUX) list: 
|-------------------|------|------|------|--------||---------||---------|
|        Comp       |  Pin | Size |  BW  | S x BW ||  Delay  ||   LUT   |
|-------------------|------|------|------|--------||---------||---------|
| grp_readreq_fu_90 |  p1  |   2  |  16  |   32   ||    9    |
|-------------------|------|------|------|--------||---------||---------|
|       Total       |      |      |      |   32   ||  0.387  ||    9    |
|-------------------|------|------|------|--------||---------||---------|



* Summary:
+-----------+--------+--------+--------+
|           |  Delay |   FF   |   LUT  |
+-----------+--------+--------+--------+
|  Function |    -   |   76   |   132  |
|   Memory  |    -   |    -   |    -   |
|Multiplexer|    0   |    -   |    9   |
|  Register |    -   |   79   |    -   |
+-----------+--------+--------+--------+
|   Total   |    0   |   155  |   141  |
+-----------+--------+--------+--------+
