

================================================================
== Vitis HLS Report for 'softmax_array_array_ap_fixed_16_6_5_3_0_10u_softmax_config25_s'
================================================================
* Date:           Thu Jul  4 18:55:45 2024

* Version:        2022.2 (Build 3670227 on Oct 13 2022)
* Project:        kernel_wrapper
* Solution:       solution (Vitis Kernel Flow Target)
* Product family: virtexuplus
* Target device:  xcu55c-fsvh2892-2L-e


================================================================
== Performance Estimates
================================================================
+ Timing: 
    * Summary: 
    +--------+---------+----------+------------+
    |  Clock |  Target | Estimated| Uncertainty|
    +--------+---------+----------+------------+
    |ap_clk  |  5.00 ns|  3.559 ns|     1.35 ns|
    +--------+---------+----------+------------+

+ Latency: 
    * Summary: 
    +---------+---------+-----------+-----------+-----+-----+---------+
    |  Latency (cycles) |   Latency (absolute)  |  Interval | Pipeline|
    |   min   |   max   |    min    |    max    | min | max |   Type  |
    +---------+---------+-----------+-----------+-----+-----+---------+
    |        8|        8|  40.000 ns|  40.000 ns|    8|    8|       no|
    +---------+---------+-----------+-----------+-----+-----+---------+

    + Detail: 
        * Instance: 
        +---------------------------------------------------------------------------------+-----------------------------------------------------------------------+---------+---------+-----------+-----------+-----+-----+---------+
        |                                                                                 |                                                                       |  Latency (cycles) |   Latency (absolute)  |  Interval | Pipeline|
        |                                     Instance                                    |                                 Module                                |   min   |   max   |    min    |    max    | min | max |   Type  |
        +---------------------------------------------------------------------------------+-----------------------------------------------------------------------+---------+---------+-----------+-----------+-----+-----+---------+
        |grp_softmax_stable_array_array_ap_fixed_16_6_5_3_0_10u_softmax_config25_s_fu_20  |softmax_stable_array_array_ap_fixed_16_6_5_3_0_10u_softmax_config25_s  |        7|        7|  35.000 ns|  35.000 ns|    7|    7|       no|
        +---------------------------------------------------------------------------------+-----------------------------------------------------------------------+---------+---------+-----------+-----------+-----+-----+---------+

        * Loop: 
        N/A

============================================================
+ Verbose Summary: Synthesis Manager
============================================================
InlineROM: 1
ExposeGlobal: 0
============================================================
+ Verbose Summary: CDFG Model
============================================================
IsTopModel: 0
ResetActiveHigh: 1
IsCombinational: 2
IsDatapathOnly: 0
HasWiredReturn: 1
HasMFsm: 0
HasVarLatency: 1
IsPipeline: 0
IsRtlPipelined: 0
IsInstanceOverlapped: 0
IsDontTouch: 0
HasImplIP: 0
IsGatedGlobalClock: 0


============================================================
+ Verbose Summary: Schedule
============================================================
* Number of FSM states : 2
* Pipeline : 0
* Dataflow Pipeline: 0

* FSM state transitions: 
1 --> 2 
2 --> 

* FSM state operations: 

State 1 <SV = 0> <Delay = 0.00>
ST_1 : Operation 3 [2/2] (0.00ns)   --->   "%call_ln362 = call void @softmax_stable<array,array<ap_fixed<16,6,5,3,0>,10u>,softmax_config25>, i160 %layer23_out, i160 %output_r, i17 %exp_table, i18 %invert_table" [/home/ayvol/vitis-accel-CNN/vitis_accel_prj/firmware/nnet_utils/nnet_activation_stream.h:362]   --->   Operation 3 'call' 'call_ln362' <Predicate = true> <Delay = 0.00> <CoreType = "Generic">   --->   Core 0 '' <Latency = 0> <II = 1> <Delay = 1.00> <Generic> <Opcode : >

State 2 <SV = 1> <Delay = 0.00>
ST_2 : Operation 4 [1/1] (0.00ns)   --->   "%specinterface_ln0 = specinterface void @_ssdm_op_SpecInterface, i160 %layer23_out, void @empty_0, i32 0, i32 0, void @empty_7, i32 0, i32 0, void @empty_7, void @empty_7, void @empty_7, i32 0, i32 0, i32 0, i32 0, void @empty_7, void @empty_7, i32 4294967295, i32 0"   --->   Operation 4 'specinterface' 'specinterface_ln0' <Predicate = true> <Delay = 0.00>
ST_2 : Operation 5 [1/1] (0.00ns)   --->   "%specinterface_ln0 = specinterface void @_ssdm_op_SpecInterface, i160 %output_r, void @empty_0, i32 0, i32 0, void @empty_7, i32 0, i32 0, void @empty_7, void @empty_7, void @empty_7, i32 0, i32 0, i32 0, i32 0, void @empty_7, void @empty_7, i32 4294967295, i32 0"   --->   Operation 5 'specinterface' 'specinterface_ln0' <Predicate = true> <Delay = 0.00>
ST_2 : Operation 6 [1/2] (0.00ns)   --->   "%call_ln362 = call void @softmax_stable<array,array<ap_fixed<16,6,5,3,0>,10u>,softmax_config25>, i160 %layer23_out, i160 %output_r, i17 %exp_table, i18 %invert_table" [/home/ayvol/vitis-accel-CNN/vitis_accel_prj/firmware/nnet_utils/nnet_activation_stream.h:362]   --->   Operation 6 'call' 'call_ln362' <Predicate = true> <Delay = 0.00> <CoreType = "Generic">   --->   Core 0 '' <Latency = 0> <II = 1> <Delay = 1.00> <Generic> <Opcode : >
ST_2 : Operation 7 [1/1] (0.00ns)   --->   "%ret_ln371 = ret" [/home/ayvol/vitis-accel-CNN/vitis_accel_prj/firmware/nnet_utils/nnet_activation_stream.h:371]   --->   Operation 7 'ret' 'ret_ln371' <Predicate = true> <Delay = 0.00>


============================================================
+ Verbose Summary: Binding
============================================================
STG Binding: 
---------------- STG Properties BEGIN ----------------
- Is combinational: 0
- Is one-state seq: 0
- Is datapath-only: 0
- Is pipelined: 0
- Is top level: 0
Port [ Return ] is wired: 1; IO mode=ap_ctrl_hs:ce=0
Port [ layer23_out]:  wired=1; compound=1; hidden=0; nouse=0; global=0; static=0; extern=0; dir=0; type=3; pingpong=0; private_global=0; IO mode=ap_fifo:ce=0
Port [ output_r]:  wired=1; compound=1; hidden=0; nouse=0; global=0; static=0; extern=0; dir=1; type=3; pingpong=0; private_global=0; IO mode=ap_fifo:ce=0
Port [ exp_table]:  wired=0; compound=1; hidden=1; nouse=1; global=1; static=1; extern=0; dir=0; type=1; pingpong=0; private_global=0; MemPort=[11111111]; IO mode=ap_memory:ce=0
Port [ invert_table]:  wired=0; compound=1; hidden=1; nouse=1; global=1; static=1; extern=0; dir=0; type=1; pingpong=0; private_global=0; MemPort=[1]; IO mode=ap_memory:ce=0
---------------- STG Properties END ------------------

---------------- Datapath Model BEGIN ----------------

<LifeTime>
<method=bitvector/>
specinterface_ln0 (specinterface) [ 000]
specinterface_ln0 (specinterface) [ 000]
call_ln362        (call         ) [ 000]
ret_ln371         (ret          ) [ 000]
</LifeTime>

<model>

<comp_list>
<comp id="0" class="1000" name="layer23_out">
<pin_list>
<pin id="1" dir="1" index="0" bw="1" slack="0"/>
</pin_list>
<bind>
<StgValue><ssdm name="layer23_out"/></StgValue>
</bind>
</comp>

<comp id="2" class="1000" name="output_r">
<pin_list>
<pin id="3" dir="1" index="0" bw="1" slack="0"/>
</pin_list>
<bind>
<StgValue><ssdm name="output_r"/></StgValue>
</bind>
</comp>

<comp id="4" class="1000" name="exp_table">
<pin_list>
<pin id="5" dir="1" index="0" bw="1" slack="0"/>
</pin_list>
<bind>
<StgValue><ssdm name="exp_table"/><MemPortTyVec>1 1 1 1 1 1 1 1 </MemPortTyVec>
</StgValue>
</bind>
</comp>

<comp id="6" class="1000" name="invert_table">
<pin_list>
<pin id="7" dir="1" index="0" bw="1" slack="0"/>
</pin_list>
<bind>
<StgValue><ssdm name="invert_table"/><MemPortTyVec>1 </MemPortTyVec>
</StgValue>
</bind>
</comp>

<comp id="8" class="1001" name="const_8">
<pin_list>
<pin id="9" dir="1" index="0" bw="1" slack="0"/>
</pin_list>
<bind>
<StgValue><ssdm name="softmax_stable<array,array<ap_fixed<16,6,5,3,0>,10u>,softmax_config25>"/></StgValue>
</bind>
</comp>

<comp id="10" class="1001" name="const_10">
<pin_list>
<pin id="11" dir="1" index="0" bw="1" slack="2147483647"/>
</pin_list>
<bind>
<StgValue><ssdm name="_ssdm_op_SpecInterface"/></StgValue>
</bind>
</comp>

<comp id="12" class="1001" name="const_12">
<pin_list>
<pin id="13" dir="1" index="0" bw="1" slack="2147483647"/>
</pin_list>
<bind>
<StgValue><ssdm name="empty_0"/></StgValue>
</bind>
</comp>

<comp id="14" class="1001" name="const_14">
<pin_list>
<pin id="15" dir="1" index="0" bw="1" slack="2147483647"/>
</pin_list>
<bind>
<StgValue><ssdm name=""/></StgValue>
</bind>
</comp>

<comp id="16" class="1001" name="const_16">
<pin_list>
<pin id="17" dir="1" index="0" bw="1" slack="2147483647"/>
</pin_list>
<bind>
<StgValue><ssdm name="empty_7"/></StgValue>
</bind>
</comp>

<comp id="18" class="1001" name="const_18">
<pin_list>
<pin id="19" dir="1" index="0" bw="1" slack="2147483647"/>
</pin_list>
<bind>
<StgValue><ssdm name=""/></StgValue>
</bind>
</comp>

<comp id="20" class="1004" name="grp_softmax_stable_array_array_ap_fixed_16_6_5_3_0_10u_softmax_config25_s_fu_20">
<pin_list>
<pin id="21" dir="0" index="0" bw="0" slack="0"/>
<pin id="22" dir="0" index="1" bw="160" slack="0"/>
<pin id="23" dir="0" index="2" bw="160" slack="0"/>
<pin id="24" dir="0" index="3" bw="17" slack="0"/>
<pin id="25" dir="0" index="4" bw="18" slack="0"/>
<pin id="26" dir="1" index="5" bw="0" slack="2147483647"/>
</pin_list>
<bind>
<opcode="call(48) " fcode="call"/>
<opset="call_ln362/1 "/>
</bind>
</comp>

</comp_list>

<net_list>
<net id="27"><net_src comp="8" pin="0"/><net_sink comp="20" pin=0"/></net>

<net id="28"><net_src comp="0" pin="0"/><net_sink comp="20" pin=1"/></net>

<net id="29"><net_src comp="2" pin="0"/><net_sink comp="20" pin=2"/></net>

<net id="30"><net_src comp="4" pin="0"/><net_sink comp="20" pin=3"/></net>

<net id="31"><net_src comp="6" pin="0"/><net_sink comp="20" pin=4"/></net>

</net_list>

</model> 
---------------- Datapath Model END ------------------

* FSMD analyzer results:
  - Output states:
	Port: output_r | {1 2 }
 - Input state : 
	Port: softmax<array,array<ap_fixed<16,6,5,3,0>,10u>,softmax_config25> : layer23_out | {1 2 }
	Port: softmax<array,array<ap_fixed<16,6,5,3,0>,10u>,softmax_config25> : exp_table | {1 2 }
	Port: softmax<array,array<ap_fixed<16,6,5,3,0>,10u>,softmax_config25> : invert_table | {1 2 }
  - Chain level:
	State 1
	State 2


============================================================
+ Verbose Summary: Datapath Resource usage 
============================================================

* Functional unit list:
|----------|---------------------------------------------------------------------------------|---------|---------|---------|---------|
| Operation|                                 Functional Unit                                 |   DSP   |  Delay  |    FF   |   LUT   |
|----------|---------------------------------------------------------------------------------|---------|---------|---------|---------|
|   call   | grp_softmax_stable_array_array_ap_fixed_16_6_5_3_0_10u_softmax_config25_s_fu_20 |    10   | 3.61443 |   767   |   1649  |
|----------|---------------------------------------------------------------------------------|---------|---------|---------|---------|
|   Total  |                                                                                 |    10   | 3.61443 |   767   |   1649  |
|----------|---------------------------------------------------------------------------------|---------|---------|---------|---------|

Memories:
N/A

* Register list:
N/A

* Multiplexer (MUX) list: 
|--------|------|------|------|--------|
|  Comp  |  Pin | Size |  BW  | S x BW |
|--------|------|------|------|--------|
|  Total |      |      |      |    0   |
|--------|------|------|------|--------|



* Summary:
+-----------+--------+--------+--------+--------+
|           |   DSP  |  Delay |   FF   |   LUT  |
+-----------+--------+--------+--------+--------+
|  Function |   10   |    3   |   767  |  1649  |
|   Memory  |    -   |    -   |    -   |    -   |
|Multiplexer|    -   |    -   |    -   |    -   |
|  Register |    -   |    -   |    -   |    -   |
+-----------+--------+--------+--------+--------+
|   Total   |   10   |    3   |   767  |  1649  |
+-----------+--------+--------+--------+--------+
