

================================================================
== Vitis HLS Report for 'write_result'
================================================================
* Date:           Thu Jul  4 18:56:35 2024

* Version:        2022.2 (Build 3670227 on Oct 13 2022)
* Project:        kernel_wrapper
* Solution:       solution (Vitis Kernel Flow Target)
* Product family: virtexuplus
* Target device:  xcu55c-fsvh2892-2L-e


================================================================
== Performance Estimates
================================================================
+ Timing: 
    * Summary: 
    +--------+---------+----------+------------+
    |  Clock |  Target | Estimated| Uncertainty|
    +--------+---------+----------+------------+
    |ap_clk  |  5.00 ns|  3.650 ns|     1.35 ns|
    +--------+---------+----------+------------+

+ Latency: 
    * Summary: 
    +---------+---------+----------+----------+-----+-----+---------+
    |  Latency (cycles) |  Latency (absolute) |  Interval | Pipeline|
    |   min   |   max   |    min   |    max   | min | max |   Type  |
    +---------+---------+----------+----------+-----+-----+---------+
    |       74|       74|  0.370 us|  0.370 us|   74|   74|       no|
    +---------+---------+----------+----------+-----+-----+---------+

    + Detail: 
        * Instance: 
        N/A

        * Loop: 
        N/A

============================================================
+ Verbose Summary: Synthesis Manager
============================================================
InlineROM: 1
ExposeGlobal: 0
============================================================
+ Verbose Summary: CDFG Model
============================================================
IsTopModel: 0
ResetActiveHigh: 1
IsCombinational: 2
IsDatapathOnly: 0
HasWiredReturn: 1
HasMFsm: 0
HasVarLatency: 1
IsPipeline: 0
IsRtlPipelined: 0
IsInstanceOverlapped: 0
IsDontTouch: 0
HasImplIP: 0
IsGatedGlobalClock: 0


============================================================
+ Verbose Summary: Schedule
============================================================
* Number of FSM states : 75
* Pipeline : 0
* Dataflow Pipeline: 0

* FSM state transitions: 
1 --> 2 
2 --> 3 
3 --> 4 
4 --> 5 
5 --> 6 
6 --> 7 
7 --> 8 
8 --> 9 
9 --> 10 
10 --> 11 
11 --> 12 
12 --> 13 
13 --> 14 
14 --> 15 
15 --> 16 
16 --> 17 
17 --> 18 
18 --> 19 
19 --> 20 
20 --> 21 
21 --> 22 
22 --> 23 
23 --> 24 
24 --> 25 
25 --> 26 
26 --> 27 
27 --> 28 
28 --> 29 
29 --> 30 
30 --> 31 
31 --> 32 
32 --> 33 
33 --> 34 
34 --> 35 
35 --> 36 
36 --> 37 
37 --> 38 
38 --> 39 
39 --> 40 
40 --> 41 
41 --> 42 
42 --> 43 
43 --> 44 
44 --> 45 
45 --> 46 
46 --> 47 
47 --> 48 
48 --> 49 
49 --> 50 
50 --> 51 
51 --> 52 
52 --> 53 
53 --> 54 
54 --> 55 
55 --> 56 
56 --> 57 
57 --> 58 
58 --> 59 
59 --> 60 
60 --> 61 
61 --> 62 
62 --> 63 
63 --> 64 
64 --> 65 
65 --> 66 
66 --> 67 
67 --> 68 
68 --> 69 
69 --> 70 
70 --> 71 
71 --> 72 
72 --> 73 
73 --> 74 
74 --> 75 
75 --> 

* FSM state operations: 

State 1 <SV = 0> <Delay = 3.26>
ST_1 : Operation 76 [1/1] (1.41ns)   --->   "%out_read = read i64 @_ssdm_op_Read.ap_fifo.i64P0A, i64 %out_r"   --->   Operation 76 'read' 'out_read' <Predicate = true> <Delay = 1.41> <CoreInst = "FIFO_SRL">   --->   Core 81 'FIFO_SRL' <Latency = 0> <II = 1> <Delay = 1.41> <Storage> <Opcode : 'read' 'write' 'nbread' 'nbwrite'> <Ports = 0> <Width = 64> <Depth = 4> <FIFO>
ST_1 : Operation 77 [1/1] (1.33ns)   --->   "%n_read = read i13 @_ssdm_op_Read.ap_fifo.i13P0A, i13 %n"   --->   Operation 77 'read' 'n_read' <Predicate = true> <Delay = 1.33> <CoreInst = "FIFO_SRL">   --->   Core 81 'FIFO_SRL' <Latency = 0> <II = 1> <Delay = 1.33> <Storage> <Opcode : 'read' 'write' 'nbread' 'nbwrite'> <Ports = 0> <Width = 13> <Depth = 3> <FIFO>
ST_1 : Operation 78 [1/1] (1.42ns)   --->   "%output_read = read i160 @_ssdm_op_Read.ap_fifo.volatile.i160P0A, i160 %output_r" [/home/ayvol/vitis-accel-CNN/vitis_accel_prj/kernel_wrapper.cpp:17]   --->   Operation 78 'read' 'output_read' <Predicate = true> <Delay = 1.42> <CoreInst = "FIFO_SRL">   --->   Core 81 'FIFO_SRL' <Latency = 0> <II = 1> <Delay = 1.42> <Storage> <Opcode : 'read' 'write' 'nbread' 'nbwrite'> <Ports = 0> <Width = 160> <Depth = 1> <FIFO>
ST_1 : Operation 79 [1/1] (0.00ns)   --->   "%tmp_3 = partselect i32 @_ssdm_op_PartSelect.i32.i160.i32.i32, i160 %output_read, i32 128, i32 159" [/home/ayvol/vitis-accel-CNN/vitis_accel_prj/kernel_wrapper.cpp:17]   --->   Operation 79 'partselect' 'tmp_3' <Predicate = true> <Delay = 0.00>
ST_1 : Operation 80 [1/1] (0.00ns)   --->   "%p_shl = bitconcatenate i16 @_ssdm_op_BitConcatenate.i16.i13.i3, i13 %n_read, i3 0"   --->   Operation 80 'bitconcatenate' 'p_shl' <Predicate = true> <Delay = 0.00>
ST_1 : Operation 81 [1/1] (0.00ns)   --->   "%p_shl_cast2 = zext i16 %p_shl"   --->   Operation 81 'zext' 'p_shl_cast2' <Predicate = true> <Delay = 0.00>
ST_1 : Operation 82 [1/1] (0.00ns)   --->   "%p_shl1 = bitconcatenate i14 @_ssdm_op_BitConcatenate.i14.i13.i1, i13 %n_read, i1 0"   --->   Operation 82 'bitconcatenate' 'p_shl1' <Predicate = true> <Delay = 0.00>
ST_1 : Operation 83 [1/1] (0.00ns)   --->   "%zext_ln20 = zext i14 %p_shl1" [/home/ayvol/vitis-accel-CNN/vitis_accel_prj/kernel_wrapper.cpp:20]   --->   Operation 83 'zext' 'zext_ln20' <Predicate = true> <Delay = 0.00>
ST_1 : Operation 84 [1/1] (0.78ns)   --->   "%add_ln20_1 = add i17 %p_shl_cast2, i17 %zext_ln20" [/home/ayvol/vitis-accel-CNN/vitis_accel_prj/kernel_wrapper.cpp:20]   --->   Operation 84 'add' 'add_ln20_1' <Predicate = true> <Delay = 0.78> <CoreInst = "Adder">   --->   Core 1 'Adder' <Latency = 0> <II = 1> <Delay = 0.78> <FuncUnit> <Opcode : 'add' 'sub'> <InPorts = 2> <OutPorts = 1>
ST_1 : Operation 85 [1/1] (0.00ns)   --->   "%shl_ln = bitconcatenate i18 @_ssdm_op_BitConcatenate.i18.i17.i1, i17 %add_ln20_1, i1 0" [/home/ayvol/vitis-accel-CNN/vitis_accel_prj/kernel_wrapper.cpp:20]   --->   Operation 85 'bitconcatenate' 'shl_ln' <Predicate = true> <Delay = 0.00>
ST_1 : Operation 86 [1/1] (0.00ns)   --->   "%zext_ln20_1 = zext i18 %shl_ln" [/home/ayvol/vitis-accel-CNN/vitis_accel_prj/kernel_wrapper.cpp:20]   --->   Operation 86 'zext' 'zext_ln20_1' <Predicate = true> <Delay = 0.00>
ST_1 : Operation 87 [1/1] (1.14ns)   --->   "%add_ln20 = add i64 %out_read, i64 %zext_ln20_1" [/home/ayvol/vitis-accel-CNN/vitis_accel_prj/kernel_wrapper.cpp:20]   --->   Operation 87 'add' 'add_ln20' <Predicate = true> <Delay = 1.14> <CoreInst = "Adder">   --->   Core 1 'Adder' <Latency = 0> <II = 1> <Delay = 1.14> <FuncUnit> <Opcode : 'add' 'sub'> <InPorts = 2> <OutPorts = 1>
ST_1 : Operation 88 [1/1] (0.00ns)   --->   "%trunc_ln18 = trunc i160 %output_read" [/home/ayvol/vitis-accel-CNN/vitis_accel_prj/kernel_wrapper.cpp:18]   --->   Operation 88 'trunc' 'trunc_ln18' <Predicate = true> <Delay = 0.00>
ST_1 : Operation 89 [1/1] (0.00ns)   --->   "%tmp_s = partselect i32 @_ssdm_op_PartSelect.i32.i160.i32.i32, i160 %output_read, i32 32, i32 63" [/home/ayvol/vitis-accel-CNN/vitis_accel_prj/kernel_wrapper.cpp:18]   --->   Operation 89 'partselect' 'tmp_s' <Predicate = true> <Delay = 0.00>
ST_1 : Operation 90 [1/1] (0.00ns)   --->   "%tmp_1 = partselect i32 @_ssdm_op_PartSelect.i32.i160.i32.i32, i160 %output_read, i32 64, i32 95" [/home/ayvol/vitis-accel-CNN/vitis_accel_prj/kernel_wrapper.cpp:18]   --->   Operation 90 'partselect' 'tmp_1' <Predicate = true> <Delay = 0.00>
ST_1 : Operation 91 [1/1] (0.00ns)   --->   "%tmp_2 = partselect i32 @_ssdm_op_PartSelect.i32.i160.i32.i32, i160 %output_read, i32 96, i32 127" [/home/ayvol/vitis-accel-CNN/vitis_accel_prj/kernel_wrapper.cpp:18]   --->   Operation 91 'partselect' 'tmp_2' <Predicate = true> <Delay = 0.00>
ST_1 : Operation 92 [1/1] (0.00ns)   --->   "%trunc_ln = partselect i62 @_ssdm_op_PartSelect.i62.i64.i32.i32, i64 %add_ln20, i32 2, i32 63" [/home/ayvol/vitis-accel-CNN/vitis_accel_prj/kernel_wrapper.cpp:18]   --->   Operation 92 'partselect' 'trunc_ln' <Predicate = true> <Delay = 0.00>
ST_1 : Operation 93 [1/1] (0.00ns)   --->   "%sext_ln18 = sext i62 %trunc_ln" [/home/ayvol/vitis-accel-CNN/vitis_accel_prj/kernel_wrapper.cpp:18]   --->   Operation 93 'sext' 'sext_ln18' <Predicate = true> <Delay = 0.00>
ST_1 : Operation 94 [1/1] (0.00ns)   --->   "%gmem1_addr = getelementptr i32 %gmem1, i64 %sext_ln18" [/home/ayvol/vitis-accel-CNN/vitis_accel_prj/kernel_wrapper.cpp:18]   --->   Operation 94 'getelementptr' 'gmem1_addr' <Predicate = true> <Delay = 0.00>

State 2 <SV = 1> <Delay = 3.65>
ST_2 : Operation 95 [1/1] (3.65ns)   --->   "%empty = writereq i1 @_ssdm_op_WriteReq.m_axi.p1i32, i32 %gmem1_addr, i32 5" [/home/ayvol/vitis-accel-CNN/vitis_accel_prj/kernel_wrapper.cpp:18]   --->   Operation 95 'writereq' 'empty' <Predicate = true> <Delay = 3.65> <CoreInst = "m_axi">   --->   Core 121 'm_axi' <Latency = 0> <II = 1> <Delay = 1.00> <Adapter> <Opcode : 'read' 'write' 'readreq' 'writereq' 'writeresp'>

State 3 <SV = 2> <Delay = 3.65>
ST_3 : Operation 96 [1/1] (3.65ns)   --->   "%write_ln18 = write void @_ssdm_op_Write.m_axi.p1i32, i32 %gmem1_addr, i32 %trunc_ln18, i4 15" [/home/ayvol/vitis-accel-CNN/vitis_accel_prj/kernel_wrapper.cpp:18]   --->   Operation 96 'write' 'write_ln18' <Predicate = true> <Delay = 3.65> <CoreInst = "m_axi">   --->   Core 121 'm_axi' <Latency = 0> <II = 1> <Delay = 1.00> <Adapter> <Opcode : 'read' 'write' 'readreq' 'writereq' 'writeresp'>

State 4 <SV = 3> <Delay = 3.65>
ST_4 : Operation 97 [1/1] (3.65ns)   --->   "%write_ln18 = write void @_ssdm_op_Write.m_axi.p1i32, i32 %gmem1_addr, i32 %tmp_s, i4 15" [/home/ayvol/vitis-accel-CNN/vitis_accel_prj/kernel_wrapper.cpp:18]   --->   Operation 97 'write' 'write_ln18' <Predicate = true> <Delay = 3.65> <CoreInst = "m_axi">   --->   Core 121 'm_axi' <Latency = 0> <II = 1> <Delay = 1.00> <Adapter> <Opcode : 'read' 'write' 'readreq' 'writereq' 'writeresp'>

State 5 <SV = 4> <Delay = 3.65>
ST_5 : Operation 98 [1/1] (3.65ns)   --->   "%write_ln18 = write void @_ssdm_op_Write.m_axi.p1i32, i32 %gmem1_addr, i32 %tmp_1, i4 15" [/home/ayvol/vitis-accel-CNN/vitis_accel_prj/kernel_wrapper.cpp:18]   --->   Operation 98 'write' 'write_ln18' <Predicate = true> <Delay = 3.65> <CoreInst = "m_axi">   --->   Core 121 'm_axi' <Latency = 0> <II = 1> <Delay = 1.00> <Adapter> <Opcode : 'read' 'write' 'readreq' 'writereq' 'writeresp'>

State 6 <SV = 5> <Delay = 3.65>
ST_6 : Operation 99 [1/1] (3.65ns)   --->   "%write_ln18 = write void @_ssdm_op_Write.m_axi.p1i32, i32 %gmem1_addr, i32 %tmp_2, i4 15" [/home/ayvol/vitis-accel-CNN/vitis_accel_prj/kernel_wrapper.cpp:18]   --->   Operation 99 'write' 'write_ln18' <Predicate = true> <Delay = 3.65> <CoreInst = "m_axi">   --->   Core 121 'm_axi' <Latency = 0> <II = 1> <Delay = 1.00> <Adapter> <Opcode : 'read' 'write' 'readreq' 'writereq' 'writeresp'>

State 7 <SV = 6> <Delay = 3.65>
ST_7 : Operation 100 [1/1] (3.65ns)   --->   "%write_ln18 = write void @_ssdm_op_Write.m_axi.p1i32, i32 %gmem1_addr, i32 %tmp_3, i4 15" [/home/ayvol/vitis-accel-CNN/vitis_accel_prj/kernel_wrapper.cpp:18]   --->   Operation 100 'write' 'write_ln18' <Predicate = true> <Delay = 3.65> <CoreInst = "m_axi">   --->   Core 121 'm_axi' <Latency = 0> <II = 1> <Delay = 1.00> <Adapter> <Opcode : 'read' 'write' 'readreq' 'writereq' 'writeresp'>

State 8 <SV = 7> <Delay = 3.65>
ST_8 : Operation 101 [68/68] (3.65ns)   --->   "%empty_100 = writeresp i1 @_ssdm_op_WriteResp.m_axi.p1i32, i32 %gmem1_addr" [/home/ayvol/vitis-accel-CNN/vitis_accel_prj/kernel_wrapper.cpp:18]   --->   Operation 101 'writeresp' 'empty_100' <Predicate = true> <Delay = 3.65> <CoreInst = "m_axi">   --->   Core 121 'm_axi' <Latency = 0> <II = 1> <Delay = 1.00> <Adapter> <Opcode : 'read' 'write' 'readreq' 'writereq' 'writeresp'>

State 9 <SV = 8> <Delay = 3.65>
ST_9 : Operation 102 [67/68] (3.65ns)   --->   "%empty_100 = writeresp i1 @_ssdm_op_WriteResp.m_axi.p1i32, i32 %gmem1_addr" [/home/ayvol/vitis-accel-CNN/vitis_accel_prj/kernel_wrapper.cpp:18]   --->   Operation 102 'writeresp' 'empty_100' <Predicate = true> <Delay = 3.65> <CoreInst = "m_axi">   --->   Core 121 'm_axi' <Latency = 0> <II = 1> <Delay = 1.00> <Adapter> <Opcode : 'read' 'write' 'readreq' 'writereq' 'writeresp'>

State 10 <SV = 9> <Delay = 3.65>
ST_10 : Operation 103 [66/68] (3.65ns)   --->   "%empty_100 = writeresp i1 @_ssdm_op_WriteResp.m_axi.p1i32, i32 %gmem1_addr" [/home/ayvol/vitis-accel-CNN/vitis_accel_prj/kernel_wrapper.cpp:18]   --->   Operation 103 'writeresp' 'empty_100' <Predicate = true> <Delay = 3.65> <CoreInst = "m_axi">   --->   Core 121 'm_axi' <Latency = 0> <II = 1> <Delay = 1.00> <Adapter> <Opcode : 'read' 'write' 'readreq' 'writereq' 'writeresp'>

State 11 <SV = 10> <Delay = 3.65>
ST_11 : Operation 104 [65/68] (3.65ns)   --->   "%empty_100 = writeresp i1 @_ssdm_op_WriteResp.m_axi.p1i32, i32 %gmem1_addr" [/home/ayvol/vitis-accel-CNN/vitis_accel_prj/kernel_wrapper.cpp:18]   --->   Operation 104 'writeresp' 'empty_100' <Predicate = true> <Delay = 3.65> <CoreInst = "m_axi">   --->   Core 121 'm_axi' <Latency = 0> <II = 1> <Delay = 1.00> <Adapter> <Opcode : 'read' 'write' 'readreq' 'writereq' 'writeresp'>

State 12 <SV = 11> <Delay = 3.65>
ST_12 : Operation 105 [64/68] (3.65ns)   --->   "%empty_100 = writeresp i1 @_ssdm_op_WriteResp.m_axi.p1i32, i32 %gmem1_addr" [/home/ayvol/vitis-accel-CNN/vitis_accel_prj/kernel_wrapper.cpp:18]   --->   Operation 105 'writeresp' 'empty_100' <Predicate = true> <Delay = 3.65> <CoreInst = "m_axi">   --->   Core 121 'm_axi' <Latency = 0> <II = 1> <Delay = 1.00> <Adapter> <Opcode : 'read' 'write' 'readreq' 'writereq' 'writeresp'>

State 13 <SV = 12> <Delay = 3.65>
ST_13 : Operation 106 [63/68] (3.65ns)   --->   "%empty_100 = writeresp i1 @_ssdm_op_WriteResp.m_axi.p1i32, i32 %gmem1_addr" [/home/ayvol/vitis-accel-CNN/vitis_accel_prj/kernel_wrapper.cpp:18]   --->   Operation 106 'writeresp' 'empty_100' <Predicate = true> <Delay = 3.65> <CoreInst = "m_axi">   --->   Core 121 'm_axi' <Latency = 0> <II = 1> <Delay = 1.00> <Adapter> <Opcode : 'read' 'write' 'readreq' 'writereq' 'writeresp'>

State 14 <SV = 13> <Delay = 3.65>
ST_14 : Operation 107 [62/68] (3.65ns)   --->   "%empty_100 = writeresp i1 @_ssdm_op_WriteResp.m_axi.p1i32, i32 %gmem1_addr" [/home/ayvol/vitis-accel-CNN/vitis_accel_prj/kernel_wrapper.cpp:18]   --->   Operation 107 'writeresp' 'empty_100' <Predicate = true> <Delay = 3.65> <CoreInst = "m_axi">   --->   Core 121 'm_axi' <Latency = 0> <II = 1> <Delay = 1.00> <Adapter> <Opcode : 'read' 'write' 'readreq' 'writereq' 'writeresp'>

State 15 <SV = 14> <Delay = 3.65>
ST_15 : Operation 108 [61/68] (3.65ns)   --->   "%empty_100 = writeresp i1 @_ssdm_op_WriteResp.m_axi.p1i32, i32 %gmem1_addr" [/home/ayvol/vitis-accel-CNN/vitis_accel_prj/kernel_wrapper.cpp:18]   --->   Operation 108 'writeresp' 'empty_100' <Predicate = true> <Delay = 3.65> <CoreInst = "m_axi">   --->   Core 121 'm_axi' <Latency = 0> <II = 1> <Delay = 1.00> <Adapter> <Opcode : 'read' 'write' 'readreq' 'writereq' 'writeresp'>

State 16 <SV = 15> <Delay = 3.65>
ST_16 : Operation 109 [60/68] (3.65ns)   --->   "%empty_100 = writeresp i1 @_ssdm_op_WriteResp.m_axi.p1i32, i32 %gmem1_addr" [/home/ayvol/vitis-accel-CNN/vitis_accel_prj/kernel_wrapper.cpp:18]   --->   Operation 109 'writeresp' 'empty_100' <Predicate = true> <Delay = 3.65> <CoreInst = "m_axi">   --->   Core 121 'm_axi' <Latency = 0> <II = 1> <Delay = 1.00> <Adapter> <Opcode : 'read' 'write' 'readreq' 'writereq' 'writeresp'>

State 17 <SV = 16> <Delay = 3.65>
ST_17 : Operation 110 [59/68] (3.65ns)   --->   "%empty_100 = writeresp i1 @_ssdm_op_WriteResp.m_axi.p1i32, i32 %gmem1_addr" [/home/ayvol/vitis-accel-CNN/vitis_accel_prj/kernel_wrapper.cpp:18]   --->   Operation 110 'writeresp' 'empty_100' <Predicate = true> <Delay = 3.65> <CoreInst = "m_axi">   --->   Core 121 'm_axi' <Latency = 0> <II = 1> <Delay = 1.00> <Adapter> <Opcode : 'read' 'write' 'readreq' 'writereq' 'writeresp'>

State 18 <SV = 17> <Delay = 3.65>
ST_18 : Operation 111 [58/68] (3.65ns)   --->   "%empty_100 = writeresp i1 @_ssdm_op_WriteResp.m_axi.p1i32, i32 %gmem1_addr" [/home/ayvol/vitis-accel-CNN/vitis_accel_prj/kernel_wrapper.cpp:18]   --->   Operation 111 'writeresp' 'empty_100' <Predicate = true> <Delay = 3.65> <CoreInst = "m_axi">   --->   Core 121 'm_axi' <Latency = 0> <II = 1> <Delay = 1.00> <Adapter> <Opcode : 'read' 'write' 'readreq' 'writereq' 'writeresp'>

State 19 <SV = 18> <Delay = 3.65>
ST_19 : Operation 112 [57/68] (3.65ns)   --->   "%empty_100 = writeresp i1 @_ssdm_op_WriteResp.m_axi.p1i32, i32 %gmem1_addr" [/home/ayvol/vitis-accel-CNN/vitis_accel_prj/kernel_wrapper.cpp:18]   --->   Operation 112 'writeresp' 'empty_100' <Predicate = true> <Delay = 3.65> <CoreInst = "m_axi">   --->   Core 121 'm_axi' <Latency = 0> <II = 1> <Delay = 1.00> <Adapter> <Opcode : 'read' 'write' 'readreq' 'writereq' 'writeresp'>

State 20 <SV = 19> <Delay = 3.65>
ST_20 : Operation 113 [56/68] (3.65ns)   --->   "%empty_100 = writeresp i1 @_ssdm_op_WriteResp.m_axi.p1i32, i32 %gmem1_addr" [/home/ayvol/vitis-accel-CNN/vitis_accel_prj/kernel_wrapper.cpp:18]   --->   Operation 113 'writeresp' 'empty_100' <Predicate = true> <Delay = 3.65> <CoreInst = "m_axi">   --->   Core 121 'm_axi' <Latency = 0> <II = 1> <Delay = 1.00> <Adapter> <Opcode : 'read' 'write' 'readreq' 'writereq' 'writeresp'>

State 21 <SV = 20> <Delay = 3.65>
ST_21 : Operation 114 [55/68] (3.65ns)   --->   "%empty_100 = writeresp i1 @_ssdm_op_WriteResp.m_axi.p1i32, i32 %gmem1_addr" [/home/ayvol/vitis-accel-CNN/vitis_accel_prj/kernel_wrapper.cpp:18]   --->   Operation 114 'writeresp' 'empty_100' <Predicate = true> <Delay = 3.65> <CoreInst = "m_axi">   --->   Core 121 'm_axi' <Latency = 0> <II = 1> <Delay = 1.00> <Adapter> <Opcode : 'read' 'write' 'readreq' 'writereq' 'writeresp'>

State 22 <SV = 21> <Delay = 3.65>
ST_22 : Operation 115 [54/68] (3.65ns)   --->   "%empty_100 = writeresp i1 @_ssdm_op_WriteResp.m_axi.p1i32, i32 %gmem1_addr" [/home/ayvol/vitis-accel-CNN/vitis_accel_prj/kernel_wrapper.cpp:18]   --->   Operation 115 'writeresp' 'empty_100' <Predicate = true> <Delay = 3.65> <CoreInst = "m_axi">   --->   Core 121 'm_axi' <Latency = 0> <II = 1> <Delay = 1.00> <Adapter> <Opcode : 'read' 'write' 'readreq' 'writereq' 'writeresp'>

State 23 <SV = 22> <Delay = 3.65>
ST_23 : Operation 116 [53/68] (3.65ns)   --->   "%empty_100 = writeresp i1 @_ssdm_op_WriteResp.m_axi.p1i32, i32 %gmem1_addr" [/home/ayvol/vitis-accel-CNN/vitis_accel_prj/kernel_wrapper.cpp:18]   --->   Operation 116 'writeresp' 'empty_100' <Predicate = true> <Delay = 3.65> <CoreInst = "m_axi">   --->   Core 121 'm_axi' <Latency = 0> <II = 1> <Delay = 1.00> <Adapter> <Opcode : 'read' 'write' 'readreq' 'writereq' 'writeresp'>

State 24 <SV = 23> <Delay = 3.65>
ST_24 : Operation 117 [52/68] (3.65ns)   --->   "%empty_100 = writeresp i1 @_ssdm_op_WriteResp.m_axi.p1i32, i32 %gmem1_addr" [/home/ayvol/vitis-accel-CNN/vitis_accel_prj/kernel_wrapper.cpp:18]   --->   Operation 117 'writeresp' 'empty_100' <Predicate = true> <Delay = 3.65> <CoreInst = "m_axi">   --->   Core 121 'm_axi' <Latency = 0> <II = 1> <Delay = 1.00> <Adapter> <Opcode : 'read' 'write' 'readreq' 'writereq' 'writeresp'>

State 25 <SV = 24> <Delay = 3.65>
ST_25 : Operation 118 [51/68] (3.65ns)   --->   "%empty_100 = writeresp i1 @_ssdm_op_WriteResp.m_axi.p1i32, i32 %gmem1_addr" [/home/ayvol/vitis-accel-CNN/vitis_accel_prj/kernel_wrapper.cpp:18]   --->   Operation 118 'writeresp' 'empty_100' <Predicate = true> <Delay = 3.65> <CoreInst = "m_axi">   --->   Core 121 'm_axi' <Latency = 0> <II = 1> <Delay = 1.00> <Adapter> <Opcode : 'read' 'write' 'readreq' 'writereq' 'writeresp'>

State 26 <SV = 25> <Delay = 3.65>
ST_26 : Operation 119 [50/68] (3.65ns)   --->   "%empty_100 = writeresp i1 @_ssdm_op_WriteResp.m_axi.p1i32, i32 %gmem1_addr" [/home/ayvol/vitis-accel-CNN/vitis_accel_prj/kernel_wrapper.cpp:18]   --->   Operation 119 'writeresp' 'empty_100' <Predicate = true> <Delay = 3.65> <CoreInst = "m_axi">   --->   Core 121 'm_axi' <Latency = 0> <II = 1> <Delay = 1.00> <Adapter> <Opcode : 'read' 'write' 'readreq' 'writereq' 'writeresp'>

State 27 <SV = 26> <Delay = 3.65>
ST_27 : Operation 120 [49/68] (3.65ns)   --->   "%empty_100 = writeresp i1 @_ssdm_op_WriteResp.m_axi.p1i32, i32 %gmem1_addr" [/home/ayvol/vitis-accel-CNN/vitis_accel_prj/kernel_wrapper.cpp:18]   --->   Operation 120 'writeresp' 'empty_100' <Predicate = true> <Delay = 3.65> <CoreInst = "m_axi">   --->   Core 121 'm_axi' <Latency = 0> <II = 1> <Delay = 1.00> <Adapter> <Opcode : 'read' 'write' 'readreq' 'writereq' 'writeresp'>

State 28 <SV = 27> <Delay = 3.65>
ST_28 : Operation 121 [48/68] (3.65ns)   --->   "%empty_100 = writeresp i1 @_ssdm_op_WriteResp.m_axi.p1i32, i32 %gmem1_addr" [/home/ayvol/vitis-accel-CNN/vitis_accel_prj/kernel_wrapper.cpp:18]   --->   Operation 121 'writeresp' 'empty_100' <Predicate = true> <Delay = 3.65> <CoreInst = "m_axi">   --->   Core 121 'm_axi' <Latency = 0> <II = 1> <Delay = 1.00> <Adapter> <Opcode : 'read' 'write' 'readreq' 'writereq' 'writeresp'>

State 29 <SV = 28> <Delay = 3.65>
ST_29 : Operation 122 [47/68] (3.65ns)   --->   "%empty_100 = writeresp i1 @_ssdm_op_WriteResp.m_axi.p1i32, i32 %gmem1_addr" [/home/ayvol/vitis-accel-CNN/vitis_accel_prj/kernel_wrapper.cpp:18]   --->   Operation 122 'writeresp' 'empty_100' <Predicate = true> <Delay = 3.65> <CoreInst = "m_axi">   --->   Core 121 'm_axi' <Latency = 0> <II = 1> <Delay = 1.00> <Adapter> <Opcode : 'read' 'write' 'readreq' 'writereq' 'writeresp'>

State 30 <SV = 29> <Delay = 3.65>
ST_30 : Operation 123 [46/68] (3.65ns)   --->   "%empty_100 = writeresp i1 @_ssdm_op_WriteResp.m_axi.p1i32, i32 %gmem1_addr" [/home/ayvol/vitis-accel-CNN/vitis_accel_prj/kernel_wrapper.cpp:18]   --->   Operation 123 'writeresp' 'empty_100' <Predicate = true> <Delay = 3.65> <CoreInst = "m_axi">   --->   Core 121 'm_axi' <Latency = 0> <II = 1> <Delay = 1.00> <Adapter> <Opcode : 'read' 'write' 'readreq' 'writereq' 'writeresp'>

State 31 <SV = 30> <Delay = 3.65>
ST_31 : Operation 124 [45/68] (3.65ns)   --->   "%empty_100 = writeresp i1 @_ssdm_op_WriteResp.m_axi.p1i32, i32 %gmem1_addr" [/home/ayvol/vitis-accel-CNN/vitis_accel_prj/kernel_wrapper.cpp:18]   --->   Operation 124 'writeresp' 'empty_100' <Predicate = true> <Delay = 3.65> <CoreInst = "m_axi">   --->   Core 121 'm_axi' <Latency = 0> <II = 1> <Delay = 1.00> <Adapter> <Opcode : 'read' 'write' 'readreq' 'writereq' 'writeresp'>

State 32 <SV = 31> <Delay = 3.65>
ST_32 : Operation 125 [44/68] (3.65ns)   --->   "%empty_100 = writeresp i1 @_ssdm_op_WriteResp.m_axi.p1i32, i32 %gmem1_addr" [/home/ayvol/vitis-accel-CNN/vitis_accel_prj/kernel_wrapper.cpp:18]   --->   Operation 125 'writeresp' 'empty_100' <Predicate = true> <Delay = 3.65> <CoreInst = "m_axi">   --->   Core 121 'm_axi' <Latency = 0> <II = 1> <Delay = 1.00> <Adapter> <Opcode : 'read' 'write' 'readreq' 'writereq' 'writeresp'>

State 33 <SV = 32> <Delay = 3.65>
ST_33 : Operation 126 [43/68] (3.65ns)   --->   "%empty_100 = writeresp i1 @_ssdm_op_WriteResp.m_axi.p1i32, i32 %gmem1_addr" [/home/ayvol/vitis-accel-CNN/vitis_accel_prj/kernel_wrapper.cpp:18]   --->   Operation 126 'writeresp' 'empty_100' <Predicate = true> <Delay = 3.65> <CoreInst = "m_axi">   --->   Core 121 'm_axi' <Latency = 0> <II = 1> <Delay = 1.00> <Adapter> <Opcode : 'read' 'write' 'readreq' 'writereq' 'writeresp'>

State 34 <SV = 33> <Delay = 3.65>
ST_34 : Operation 127 [42/68] (3.65ns)   --->   "%empty_100 = writeresp i1 @_ssdm_op_WriteResp.m_axi.p1i32, i32 %gmem1_addr" [/home/ayvol/vitis-accel-CNN/vitis_accel_prj/kernel_wrapper.cpp:18]   --->   Operation 127 'writeresp' 'empty_100' <Predicate = true> <Delay = 3.65> <CoreInst = "m_axi">   --->   Core 121 'm_axi' <Latency = 0> <II = 1> <Delay = 1.00> <Adapter> <Opcode : 'read' 'write' 'readreq' 'writereq' 'writeresp'>

State 35 <SV = 34> <Delay = 3.65>
ST_35 : Operation 128 [41/68] (3.65ns)   --->   "%empty_100 = writeresp i1 @_ssdm_op_WriteResp.m_axi.p1i32, i32 %gmem1_addr" [/home/ayvol/vitis-accel-CNN/vitis_accel_prj/kernel_wrapper.cpp:18]   --->   Operation 128 'writeresp' 'empty_100' <Predicate = true> <Delay = 3.65> <CoreInst = "m_axi">   --->   Core 121 'm_axi' <Latency = 0> <II = 1> <Delay = 1.00> <Adapter> <Opcode : 'read' 'write' 'readreq' 'writereq' 'writeresp'>

State 36 <SV = 35> <Delay = 3.65>
ST_36 : Operation 129 [40/68] (3.65ns)   --->   "%empty_100 = writeresp i1 @_ssdm_op_WriteResp.m_axi.p1i32, i32 %gmem1_addr" [/home/ayvol/vitis-accel-CNN/vitis_accel_prj/kernel_wrapper.cpp:18]   --->   Operation 129 'writeresp' 'empty_100' <Predicate = true> <Delay = 3.65> <CoreInst = "m_axi">   --->   Core 121 'm_axi' <Latency = 0> <II = 1> <Delay = 1.00> <Adapter> <Opcode : 'read' 'write' 'readreq' 'writereq' 'writeresp'>

State 37 <SV = 36> <Delay = 3.65>
ST_37 : Operation 130 [39/68] (3.65ns)   --->   "%empty_100 = writeresp i1 @_ssdm_op_WriteResp.m_axi.p1i32, i32 %gmem1_addr" [/home/ayvol/vitis-accel-CNN/vitis_accel_prj/kernel_wrapper.cpp:18]   --->   Operation 130 'writeresp' 'empty_100' <Predicate = true> <Delay = 3.65> <CoreInst = "m_axi">   --->   Core 121 'm_axi' <Latency = 0> <II = 1> <Delay = 1.00> <Adapter> <Opcode : 'read' 'write' 'readreq' 'writereq' 'writeresp'>

State 38 <SV = 37> <Delay = 3.65>
ST_38 : Operation 131 [38/68] (3.65ns)   --->   "%empty_100 = writeresp i1 @_ssdm_op_WriteResp.m_axi.p1i32, i32 %gmem1_addr" [/home/ayvol/vitis-accel-CNN/vitis_accel_prj/kernel_wrapper.cpp:18]   --->   Operation 131 'writeresp' 'empty_100' <Predicate = true> <Delay = 3.65> <CoreInst = "m_axi">   --->   Core 121 'm_axi' <Latency = 0> <II = 1> <Delay = 1.00> <Adapter> <Opcode : 'read' 'write' 'readreq' 'writereq' 'writeresp'>

State 39 <SV = 38> <Delay = 3.65>
ST_39 : Operation 132 [37/68] (3.65ns)   --->   "%empty_100 = writeresp i1 @_ssdm_op_WriteResp.m_axi.p1i32, i32 %gmem1_addr" [/home/ayvol/vitis-accel-CNN/vitis_accel_prj/kernel_wrapper.cpp:18]   --->   Operation 132 'writeresp' 'empty_100' <Predicate = true> <Delay = 3.65> <CoreInst = "m_axi">   --->   Core 121 'm_axi' <Latency = 0> <II = 1> <Delay = 1.00> <Adapter> <Opcode : 'read' 'write' 'readreq' 'writereq' 'writeresp'>

State 40 <SV = 39> <Delay = 3.65>
ST_40 : Operation 133 [36/68] (3.65ns)   --->   "%empty_100 = writeresp i1 @_ssdm_op_WriteResp.m_axi.p1i32, i32 %gmem1_addr" [/home/ayvol/vitis-accel-CNN/vitis_accel_prj/kernel_wrapper.cpp:18]   --->   Operation 133 'writeresp' 'empty_100' <Predicate = true> <Delay = 3.65> <CoreInst = "m_axi">   --->   Core 121 'm_axi' <Latency = 0> <II = 1> <Delay = 1.00> <Adapter> <Opcode : 'read' 'write' 'readreq' 'writereq' 'writeresp'>

State 41 <SV = 40> <Delay = 3.65>
ST_41 : Operation 134 [35/68] (3.65ns)   --->   "%empty_100 = writeresp i1 @_ssdm_op_WriteResp.m_axi.p1i32, i32 %gmem1_addr" [/home/ayvol/vitis-accel-CNN/vitis_accel_prj/kernel_wrapper.cpp:18]   --->   Operation 134 'writeresp' 'empty_100' <Predicate = true> <Delay = 3.65> <CoreInst = "m_axi">   --->   Core 121 'm_axi' <Latency = 0> <II = 1> <Delay = 1.00> <Adapter> <Opcode : 'read' 'write' 'readreq' 'writereq' 'writeresp'>

State 42 <SV = 41> <Delay = 3.65>
ST_42 : Operation 135 [34/68] (3.65ns)   --->   "%empty_100 = writeresp i1 @_ssdm_op_WriteResp.m_axi.p1i32, i32 %gmem1_addr" [/home/ayvol/vitis-accel-CNN/vitis_accel_prj/kernel_wrapper.cpp:18]   --->   Operation 135 'writeresp' 'empty_100' <Predicate = true> <Delay = 3.65> <CoreInst = "m_axi">   --->   Core 121 'm_axi' <Latency = 0> <II = 1> <Delay = 1.00> <Adapter> <Opcode : 'read' 'write' 'readreq' 'writereq' 'writeresp'>

State 43 <SV = 42> <Delay = 3.65>
ST_43 : Operation 136 [33/68] (3.65ns)   --->   "%empty_100 = writeresp i1 @_ssdm_op_WriteResp.m_axi.p1i32, i32 %gmem1_addr" [/home/ayvol/vitis-accel-CNN/vitis_accel_prj/kernel_wrapper.cpp:18]   --->   Operation 136 'writeresp' 'empty_100' <Predicate = true> <Delay = 3.65> <CoreInst = "m_axi">   --->   Core 121 'm_axi' <Latency = 0> <II = 1> <Delay = 1.00> <Adapter> <Opcode : 'read' 'write' 'readreq' 'writereq' 'writeresp'>

State 44 <SV = 43> <Delay = 3.65>
ST_44 : Operation 137 [32/68] (3.65ns)   --->   "%empty_100 = writeresp i1 @_ssdm_op_WriteResp.m_axi.p1i32, i32 %gmem1_addr" [/home/ayvol/vitis-accel-CNN/vitis_accel_prj/kernel_wrapper.cpp:18]   --->   Operation 137 'writeresp' 'empty_100' <Predicate = true> <Delay = 3.65> <CoreInst = "m_axi">   --->   Core 121 'm_axi' <Latency = 0> <II = 1> <Delay = 1.00> <Adapter> <Opcode : 'read' 'write' 'readreq' 'writereq' 'writeresp'>

State 45 <SV = 44> <Delay = 3.65>
ST_45 : Operation 138 [31/68] (3.65ns)   --->   "%empty_100 = writeresp i1 @_ssdm_op_WriteResp.m_axi.p1i32, i32 %gmem1_addr" [/home/ayvol/vitis-accel-CNN/vitis_accel_prj/kernel_wrapper.cpp:18]   --->   Operation 138 'writeresp' 'empty_100' <Predicate = true> <Delay = 3.65> <CoreInst = "m_axi">   --->   Core 121 'm_axi' <Latency = 0> <II = 1> <Delay = 1.00> <Adapter> <Opcode : 'read' 'write' 'readreq' 'writereq' 'writeresp'>

State 46 <SV = 45> <Delay = 3.65>
ST_46 : Operation 139 [30/68] (3.65ns)   --->   "%empty_100 = writeresp i1 @_ssdm_op_WriteResp.m_axi.p1i32, i32 %gmem1_addr" [/home/ayvol/vitis-accel-CNN/vitis_accel_prj/kernel_wrapper.cpp:18]   --->   Operation 139 'writeresp' 'empty_100' <Predicate = true> <Delay = 3.65> <CoreInst = "m_axi">   --->   Core 121 'm_axi' <Latency = 0> <II = 1> <Delay = 1.00> <Adapter> <Opcode : 'read' 'write' 'readreq' 'writereq' 'writeresp'>

State 47 <SV = 46> <Delay = 3.65>
ST_47 : Operation 140 [29/68] (3.65ns)   --->   "%empty_100 = writeresp i1 @_ssdm_op_WriteResp.m_axi.p1i32, i32 %gmem1_addr" [/home/ayvol/vitis-accel-CNN/vitis_accel_prj/kernel_wrapper.cpp:18]   --->   Operation 140 'writeresp' 'empty_100' <Predicate = true> <Delay = 3.65> <CoreInst = "m_axi">   --->   Core 121 'm_axi' <Latency = 0> <II = 1> <Delay = 1.00> <Adapter> <Opcode : 'read' 'write' 'readreq' 'writereq' 'writeresp'>

State 48 <SV = 47> <Delay = 3.65>
ST_48 : Operation 141 [28/68] (3.65ns)   --->   "%empty_100 = writeresp i1 @_ssdm_op_WriteResp.m_axi.p1i32, i32 %gmem1_addr" [/home/ayvol/vitis-accel-CNN/vitis_accel_prj/kernel_wrapper.cpp:18]   --->   Operation 141 'writeresp' 'empty_100' <Predicate = true> <Delay = 3.65> <CoreInst = "m_axi">   --->   Core 121 'm_axi' <Latency = 0> <II = 1> <Delay = 1.00> <Adapter> <Opcode : 'read' 'write' 'readreq' 'writereq' 'writeresp'>

State 49 <SV = 48> <Delay = 3.65>
ST_49 : Operation 142 [27/68] (3.65ns)   --->   "%empty_100 = writeresp i1 @_ssdm_op_WriteResp.m_axi.p1i32, i32 %gmem1_addr" [/home/ayvol/vitis-accel-CNN/vitis_accel_prj/kernel_wrapper.cpp:18]   --->   Operation 142 'writeresp' 'empty_100' <Predicate = true> <Delay = 3.65> <CoreInst = "m_axi">   --->   Core 121 'm_axi' <Latency = 0> <II = 1> <Delay = 1.00> <Adapter> <Opcode : 'read' 'write' 'readreq' 'writereq' 'writeresp'>

State 50 <SV = 49> <Delay = 3.65>
ST_50 : Operation 143 [26/68] (3.65ns)   --->   "%empty_100 = writeresp i1 @_ssdm_op_WriteResp.m_axi.p1i32, i32 %gmem1_addr" [/home/ayvol/vitis-accel-CNN/vitis_accel_prj/kernel_wrapper.cpp:18]   --->   Operation 143 'writeresp' 'empty_100' <Predicate = true> <Delay = 3.65> <CoreInst = "m_axi">   --->   Core 121 'm_axi' <Latency = 0> <II = 1> <Delay = 1.00> <Adapter> <Opcode : 'read' 'write' 'readreq' 'writereq' 'writeresp'>

State 51 <SV = 50> <Delay = 3.65>
ST_51 : Operation 144 [25/68] (3.65ns)   --->   "%empty_100 = writeresp i1 @_ssdm_op_WriteResp.m_axi.p1i32, i32 %gmem1_addr" [/home/ayvol/vitis-accel-CNN/vitis_accel_prj/kernel_wrapper.cpp:18]   --->   Operation 144 'writeresp' 'empty_100' <Predicate = true> <Delay = 3.65> <CoreInst = "m_axi">   --->   Core 121 'm_axi' <Latency = 0> <II = 1> <Delay = 1.00> <Adapter> <Opcode : 'read' 'write' 'readreq' 'writereq' 'writeresp'>

State 52 <SV = 51> <Delay = 3.65>
ST_52 : Operation 145 [24/68] (3.65ns)   --->   "%empty_100 = writeresp i1 @_ssdm_op_WriteResp.m_axi.p1i32, i32 %gmem1_addr" [/home/ayvol/vitis-accel-CNN/vitis_accel_prj/kernel_wrapper.cpp:18]   --->   Operation 145 'writeresp' 'empty_100' <Predicate = true> <Delay = 3.65> <CoreInst = "m_axi">   --->   Core 121 'm_axi' <Latency = 0> <II = 1> <Delay = 1.00> <Adapter> <Opcode : 'read' 'write' 'readreq' 'writereq' 'writeresp'>

State 53 <SV = 52> <Delay = 3.65>
ST_53 : Operation 146 [23/68] (3.65ns)   --->   "%empty_100 = writeresp i1 @_ssdm_op_WriteResp.m_axi.p1i32, i32 %gmem1_addr" [/home/ayvol/vitis-accel-CNN/vitis_accel_prj/kernel_wrapper.cpp:18]   --->   Operation 146 'writeresp' 'empty_100' <Predicate = true> <Delay = 3.65> <CoreInst = "m_axi">   --->   Core 121 'm_axi' <Latency = 0> <II = 1> <Delay = 1.00> <Adapter> <Opcode : 'read' 'write' 'readreq' 'writereq' 'writeresp'>

State 54 <SV = 53> <Delay = 3.65>
ST_54 : Operation 147 [22/68] (3.65ns)   --->   "%empty_100 = writeresp i1 @_ssdm_op_WriteResp.m_axi.p1i32, i32 %gmem1_addr" [/home/ayvol/vitis-accel-CNN/vitis_accel_prj/kernel_wrapper.cpp:18]   --->   Operation 147 'writeresp' 'empty_100' <Predicate = true> <Delay = 3.65> <CoreInst = "m_axi">   --->   Core 121 'm_axi' <Latency = 0> <II = 1> <Delay = 1.00> <Adapter> <Opcode : 'read' 'write' 'readreq' 'writereq' 'writeresp'>

State 55 <SV = 54> <Delay = 3.65>
ST_55 : Operation 148 [21/68] (3.65ns)   --->   "%empty_100 = writeresp i1 @_ssdm_op_WriteResp.m_axi.p1i32, i32 %gmem1_addr" [/home/ayvol/vitis-accel-CNN/vitis_accel_prj/kernel_wrapper.cpp:18]   --->   Operation 148 'writeresp' 'empty_100' <Predicate = true> <Delay = 3.65> <CoreInst = "m_axi">   --->   Core 121 'm_axi' <Latency = 0> <II = 1> <Delay = 1.00> <Adapter> <Opcode : 'read' 'write' 'readreq' 'writereq' 'writeresp'>

State 56 <SV = 55> <Delay = 3.65>
ST_56 : Operation 149 [20/68] (3.65ns)   --->   "%empty_100 = writeresp i1 @_ssdm_op_WriteResp.m_axi.p1i32, i32 %gmem1_addr" [/home/ayvol/vitis-accel-CNN/vitis_accel_prj/kernel_wrapper.cpp:18]   --->   Operation 149 'writeresp' 'empty_100' <Predicate = true> <Delay = 3.65> <CoreInst = "m_axi">   --->   Core 121 'm_axi' <Latency = 0> <II = 1> <Delay = 1.00> <Adapter> <Opcode : 'read' 'write' 'readreq' 'writereq' 'writeresp'>

State 57 <SV = 56> <Delay = 3.65>
ST_57 : Operation 150 [19/68] (3.65ns)   --->   "%empty_100 = writeresp i1 @_ssdm_op_WriteResp.m_axi.p1i32, i32 %gmem1_addr" [/home/ayvol/vitis-accel-CNN/vitis_accel_prj/kernel_wrapper.cpp:18]   --->   Operation 150 'writeresp' 'empty_100' <Predicate = true> <Delay = 3.65> <CoreInst = "m_axi">   --->   Core 121 'm_axi' <Latency = 0> <II = 1> <Delay = 1.00> <Adapter> <Opcode : 'read' 'write' 'readreq' 'writereq' 'writeresp'>

State 58 <SV = 57> <Delay = 3.65>
ST_58 : Operation 151 [18/68] (3.65ns)   --->   "%empty_100 = writeresp i1 @_ssdm_op_WriteResp.m_axi.p1i32, i32 %gmem1_addr" [/home/ayvol/vitis-accel-CNN/vitis_accel_prj/kernel_wrapper.cpp:18]   --->   Operation 151 'writeresp' 'empty_100' <Predicate = true> <Delay = 3.65> <CoreInst = "m_axi">   --->   Core 121 'm_axi' <Latency = 0> <II = 1> <Delay = 1.00> <Adapter> <Opcode : 'read' 'write' 'readreq' 'writereq' 'writeresp'>

State 59 <SV = 58> <Delay = 3.65>
ST_59 : Operation 152 [17/68] (3.65ns)   --->   "%empty_100 = writeresp i1 @_ssdm_op_WriteResp.m_axi.p1i32, i32 %gmem1_addr" [/home/ayvol/vitis-accel-CNN/vitis_accel_prj/kernel_wrapper.cpp:18]   --->   Operation 152 'writeresp' 'empty_100' <Predicate = true> <Delay = 3.65> <CoreInst = "m_axi">   --->   Core 121 'm_axi' <Latency = 0> <II = 1> <Delay = 1.00> <Adapter> <Opcode : 'read' 'write' 'readreq' 'writereq' 'writeresp'>

State 60 <SV = 59> <Delay = 3.65>
ST_60 : Operation 153 [16/68] (3.65ns)   --->   "%empty_100 = writeresp i1 @_ssdm_op_WriteResp.m_axi.p1i32, i32 %gmem1_addr" [/home/ayvol/vitis-accel-CNN/vitis_accel_prj/kernel_wrapper.cpp:18]   --->   Operation 153 'writeresp' 'empty_100' <Predicate = true> <Delay = 3.65> <CoreInst = "m_axi">   --->   Core 121 'm_axi' <Latency = 0> <II = 1> <Delay = 1.00> <Adapter> <Opcode : 'read' 'write' 'readreq' 'writereq' 'writeresp'>

State 61 <SV = 60> <Delay = 3.65>
ST_61 : Operation 154 [15/68] (3.65ns)   --->   "%empty_100 = writeresp i1 @_ssdm_op_WriteResp.m_axi.p1i32, i32 %gmem1_addr" [/home/ayvol/vitis-accel-CNN/vitis_accel_prj/kernel_wrapper.cpp:18]   --->   Operation 154 'writeresp' 'empty_100' <Predicate = true> <Delay = 3.65> <CoreInst = "m_axi">   --->   Core 121 'm_axi' <Latency = 0> <II = 1> <Delay = 1.00> <Adapter> <Opcode : 'read' 'write' 'readreq' 'writereq' 'writeresp'>

State 62 <SV = 61> <Delay = 3.65>
ST_62 : Operation 155 [14/68] (3.65ns)   --->   "%empty_100 = writeresp i1 @_ssdm_op_WriteResp.m_axi.p1i32, i32 %gmem1_addr" [/home/ayvol/vitis-accel-CNN/vitis_accel_prj/kernel_wrapper.cpp:18]   --->   Operation 155 'writeresp' 'empty_100' <Predicate = true> <Delay = 3.65> <CoreInst = "m_axi">   --->   Core 121 'm_axi' <Latency = 0> <II = 1> <Delay = 1.00> <Adapter> <Opcode : 'read' 'write' 'readreq' 'writereq' 'writeresp'>

State 63 <SV = 62> <Delay = 3.65>
ST_63 : Operation 156 [13/68] (3.65ns)   --->   "%empty_100 = writeresp i1 @_ssdm_op_WriteResp.m_axi.p1i32, i32 %gmem1_addr" [/home/ayvol/vitis-accel-CNN/vitis_accel_prj/kernel_wrapper.cpp:18]   --->   Operation 156 'writeresp' 'empty_100' <Predicate = true> <Delay = 3.65> <CoreInst = "m_axi">   --->   Core 121 'm_axi' <Latency = 0> <II = 1> <Delay = 1.00> <Adapter> <Opcode : 'read' 'write' 'readreq' 'writereq' 'writeresp'>

State 64 <SV = 63> <Delay = 3.65>
ST_64 : Operation 157 [12/68] (3.65ns)   --->   "%empty_100 = writeresp i1 @_ssdm_op_WriteResp.m_axi.p1i32, i32 %gmem1_addr" [/home/ayvol/vitis-accel-CNN/vitis_accel_prj/kernel_wrapper.cpp:18]   --->   Operation 157 'writeresp' 'empty_100' <Predicate = true> <Delay = 3.65> <CoreInst = "m_axi">   --->   Core 121 'm_axi' <Latency = 0> <II = 1> <Delay = 1.00> <Adapter> <Opcode : 'read' 'write' 'readreq' 'writereq' 'writeresp'>

State 65 <SV = 64> <Delay = 3.65>
ST_65 : Operation 158 [11/68] (3.65ns)   --->   "%empty_100 = writeresp i1 @_ssdm_op_WriteResp.m_axi.p1i32, i32 %gmem1_addr" [/home/ayvol/vitis-accel-CNN/vitis_accel_prj/kernel_wrapper.cpp:18]   --->   Operation 158 'writeresp' 'empty_100' <Predicate = true> <Delay = 3.65> <CoreInst = "m_axi">   --->   Core 121 'm_axi' <Latency = 0> <II = 1> <Delay = 1.00> <Adapter> <Opcode : 'read' 'write' 'readreq' 'writereq' 'writeresp'>

State 66 <SV = 65> <Delay = 3.65>
ST_66 : Operation 159 [10/68] (3.65ns)   --->   "%empty_100 = writeresp i1 @_ssdm_op_WriteResp.m_axi.p1i32, i32 %gmem1_addr" [/home/ayvol/vitis-accel-CNN/vitis_accel_prj/kernel_wrapper.cpp:18]   --->   Operation 159 'writeresp' 'empty_100' <Predicate = true> <Delay = 3.65> <CoreInst = "m_axi">   --->   Core 121 'm_axi' <Latency = 0> <II = 1> <Delay = 1.00> <Adapter> <Opcode : 'read' 'write' 'readreq' 'writereq' 'writeresp'>

State 67 <SV = 66> <Delay = 3.65>
ST_67 : Operation 160 [9/68] (3.65ns)   --->   "%empty_100 = writeresp i1 @_ssdm_op_WriteResp.m_axi.p1i32, i32 %gmem1_addr" [/home/ayvol/vitis-accel-CNN/vitis_accel_prj/kernel_wrapper.cpp:18]   --->   Operation 160 'writeresp' 'empty_100' <Predicate = true> <Delay = 3.65> <CoreInst = "m_axi">   --->   Core 121 'm_axi' <Latency = 0> <II = 1> <Delay = 1.00> <Adapter> <Opcode : 'read' 'write' 'readreq' 'writereq' 'writeresp'>

State 68 <SV = 67> <Delay = 3.65>
ST_68 : Operation 161 [8/68] (3.65ns)   --->   "%empty_100 = writeresp i1 @_ssdm_op_WriteResp.m_axi.p1i32, i32 %gmem1_addr" [/home/ayvol/vitis-accel-CNN/vitis_accel_prj/kernel_wrapper.cpp:18]   --->   Operation 161 'writeresp' 'empty_100' <Predicate = true> <Delay = 3.65> <CoreInst = "m_axi">   --->   Core 121 'm_axi' <Latency = 0> <II = 1> <Delay = 1.00> <Adapter> <Opcode : 'read' 'write' 'readreq' 'writereq' 'writeresp'>

State 69 <SV = 68> <Delay = 3.65>
ST_69 : Operation 162 [7/68] (3.65ns)   --->   "%empty_100 = writeresp i1 @_ssdm_op_WriteResp.m_axi.p1i32, i32 %gmem1_addr" [/home/ayvol/vitis-accel-CNN/vitis_accel_prj/kernel_wrapper.cpp:18]   --->   Operation 162 'writeresp' 'empty_100' <Predicate = true> <Delay = 3.65> <CoreInst = "m_axi">   --->   Core 121 'm_axi' <Latency = 0> <II = 1> <Delay = 1.00> <Adapter> <Opcode : 'read' 'write' 'readreq' 'writereq' 'writeresp'>

State 70 <SV = 69> <Delay = 3.65>
ST_70 : Operation 163 [6/68] (3.65ns)   --->   "%empty_100 = writeresp i1 @_ssdm_op_WriteResp.m_axi.p1i32, i32 %gmem1_addr" [/home/ayvol/vitis-accel-CNN/vitis_accel_prj/kernel_wrapper.cpp:18]   --->   Operation 163 'writeresp' 'empty_100' <Predicate = true> <Delay = 3.65> <CoreInst = "m_axi">   --->   Core 121 'm_axi' <Latency = 0> <II = 1> <Delay = 1.00> <Adapter> <Opcode : 'read' 'write' 'readreq' 'writereq' 'writeresp'>

State 71 <SV = 70> <Delay = 3.65>
ST_71 : Operation 164 [5/68] (3.65ns)   --->   "%empty_100 = writeresp i1 @_ssdm_op_WriteResp.m_axi.p1i32, i32 %gmem1_addr" [/home/ayvol/vitis-accel-CNN/vitis_accel_prj/kernel_wrapper.cpp:18]   --->   Operation 164 'writeresp' 'empty_100' <Predicate = true> <Delay = 3.65> <CoreInst = "m_axi">   --->   Core 121 'm_axi' <Latency = 0> <II = 1> <Delay = 1.00> <Adapter> <Opcode : 'read' 'write' 'readreq' 'writereq' 'writeresp'>

State 72 <SV = 71> <Delay = 3.65>
ST_72 : Operation 165 [4/68] (3.65ns)   --->   "%empty_100 = writeresp i1 @_ssdm_op_WriteResp.m_axi.p1i32, i32 %gmem1_addr" [/home/ayvol/vitis-accel-CNN/vitis_accel_prj/kernel_wrapper.cpp:18]   --->   Operation 165 'writeresp' 'empty_100' <Predicate = true> <Delay = 3.65> <CoreInst = "m_axi">   --->   Core 121 'm_axi' <Latency = 0> <II = 1> <Delay = 1.00> <Adapter> <Opcode : 'read' 'write' 'readreq' 'writereq' 'writeresp'>

State 73 <SV = 72> <Delay = 3.65>
ST_73 : Operation 166 [3/68] (3.65ns)   --->   "%empty_100 = writeresp i1 @_ssdm_op_WriteResp.m_axi.p1i32, i32 %gmem1_addr" [/home/ayvol/vitis-accel-CNN/vitis_accel_prj/kernel_wrapper.cpp:18]   --->   Operation 166 'writeresp' 'empty_100' <Predicate = true> <Delay = 3.65> <CoreInst = "m_axi">   --->   Core 121 'm_axi' <Latency = 0> <II = 1> <Delay = 1.00> <Adapter> <Opcode : 'read' 'write' 'readreq' 'writereq' 'writeresp'>

State 74 <SV = 73> <Delay = 3.65>
ST_74 : Operation 167 [2/68] (3.65ns)   --->   "%empty_100 = writeresp i1 @_ssdm_op_WriteResp.m_axi.p1i32, i32 %gmem1_addr" [/home/ayvol/vitis-accel-CNN/vitis_accel_prj/kernel_wrapper.cpp:18]   --->   Operation 167 'writeresp' 'empty_100' <Predicate = true> <Delay = 3.65> <CoreInst = "m_axi">   --->   Core 121 'm_axi' <Latency = 0> <II = 1> <Delay = 1.00> <Adapter> <Opcode : 'read' 'write' 'readreq' 'writereq' 'writeresp'>

State 75 <SV = 74> <Delay = 3.65>
ST_75 : Operation 168 [1/1] (0.00ns)   --->   "%specinterface_ln0 = specinterface void @_ssdm_op_SpecInterface, i64 %out_r, void @ap_fifo_str, i32 0, i32 0, void @p_str, i32 0, i32 0, void @p_str, void @p_str, void @p_str, i32 2, i32 2, i32 16, i32 16, void @p_str, void @ScalarProp_str, i32 4294967295, i32 0"   --->   Operation 168 'specinterface' 'specinterface_ln0' <Predicate = true> <Delay = 0.00>
ST_75 : Operation 169 [1/1] (0.00ns)   --->   "%specinterface_ln0 = specinterface void @_ssdm_op_SpecInterface, i13 %n, void @ap_fifo_str, i32 0, i32 0, void @p_str, i32 0, i32 0, void @p_str, void @p_str, void @p_str, i32 2, i32 2, i32 16, i32 16, void @p_str, void @ScalarProp_str, i32 4294967295, i32 0"   --->   Operation 169 'specinterface' 'specinterface_ln0' <Predicate = true> <Delay = 0.00>
ST_75 : Operation 170 [1/1] (0.00ns)   --->   "%specinterface_ln0 = specinterface void @_ssdm_op_SpecInterface, i160 %output_r, void @empty_0, i32 0, i32 0, void @empty_7, i32 0, i32 0, void @empty_7, void @empty_7, void @empty_7, i32 0, i32 0, i32 0, i32 0, void @empty_7, void @empty_7, i32 4294967295, i32 0"   --->   Operation 170 'specinterface' 'specinterface_ln0' <Predicate = true> <Delay = 0.00>
ST_75 : Operation 171 [1/1] (0.00ns)   --->   "%specinterface_ln0 = specinterface void @_ssdm_op_SpecInterface, i32 %gmem1, void @empty_16, i32 0, i32 0, void @empty_7, i32 64, i32 0, void @empty_5, void @empty_10, void @empty_7, i32 16, i32 16, i32 16, i32 16, void @empty_7, void @empty_7, i32 4294967295, i32 0"   --->   Operation 171 'specinterface' 'specinterface_ln0' <Predicate = true> <Delay = 0.00>
ST_75 : Operation 172 [1/68] (3.65ns)   --->   "%empty_100 = writeresp i1 @_ssdm_op_WriteResp.m_axi.p1i32, i32 %gmem1_addr" [/home/ayvol/vitis-accel-CNN/vitis_accel_prj/kernel_wrapper.cpp:18]   --->   Operation 172 'writeresp' 'empty_100' <Predicate = true> <Delay = 3.65> <CoreInst = "m_axi">   --->   Core 121 'm_axi' <Latency = 0> <II = 1> <Delay = 1.00> <Adapter> <Opcode : 'read' 'write' 'readreq' 'writereq' 'writeresp'>
ST_75 : Operation 173 [1/1] (0.00ns)   --->   "%ret_ln22 = ret" [/home/ayvol/vitis-accel-CNN/vitis_accel_prj/kernel_wrapper.cpp:22]   --->   Operation 173 'ret' 'ret_ln22' <Predicate = true> <Delay = 0.00>


============================================================
+ Verbose Summary: Binding
============================================================
STG Binding: 
---------------- STG Properties BEGIN ----------------
- Is combinational: 0
- Is one-state seq: 0
- Is datapath-only: 0
- Is pipelined: 0
- Is top level: 0
Port [ Return ] is wired: 1; IO mode=ap_ctrl_hs:ce=0
Port [ gmem1]:  wired=1; compound=1; hidden=0; nouse=0; global=0; static=0; extern=0; dir=1; type=4; pingpong=0; private_global=0; IO mode=m_axi:ce=0
Port [ out_r]:  wired=1; compound=1; hidden=0; nouse=0; global=0; static=0; extern=0; dir=0; type=3; pingpong=0; private_global=0; IO mode=ap_fifo:ce=0
Port [ output_r]:  wired=1; compound=1; hidden=0; nouse=0; global=0; static=0; extern=0; dir=0; type=3; pingpong=0; private_global=0; IO mode=ap_fifo:ce=0
Port [ n]:  wired=1; compound=1; hidden=0; nouse=0; global=0; static=0; extern=0; dir=0; type=3; pingpong=0; private_global=0; IO mode=ap_fifo:ce=0
---------------- STG Properties END ------------------

---------------- Datapath Model BEGIN ----------------

<LifeTime>
<method=bitvector/>
out_read          (read          ) [ 0000000000000000000000000000000000000000000000000000000000000000000000000000]
n_read            (read          ) [ 0000000000000000000000000000000000000000000000000000000000000000000000000000]
output_read       (read          ) [ 0000000000000000000000000000000000000000000000000000000000000000000000000000]
tmp_3             (partselect    ) [ 0011111100000000000000000000000000000000000000000000000000000000000000000000]
p_shl             (bitconcatenate) [ 0000000000000000000000000000000000000000000000000000000000000000000000000000]
p_shl_cast2       (zext          ) [ 0000000000000000000000000000000000000000000000000000000000000000000000000000]
p_shl1            (bitconcatenate) [ 0000000000000000000000000000000000000000000000000000000000000000000000000000]
zext_ln20         (zext          ) [ 0000000000000000000000000000000000000000000000000000000000000000000000000000]
add_ln20_1        (add           ) [ 0000000000000000000000000000000000000000000000000000000000000000000000000000]
shl_ln            (bitconcatenate) [ 0000000000000000000000000000000000000000000000000000000000000000000000000000]
zext_ln20_1       (zext          ) [ 0000000000000000000000000000000000000000000000000000000000000000000000000000]
add_ln20          (add           ) [ 0000000000000000000000000000000000000000000000000000000000000000000000000000]
trunc_ln18        (trunc         ) [ 0011000000000000000000000000000000000000000000000000000000000000000000000000]
tmp_s             (partselect    ) [ 0011100000000000000000000000000000000000000000000000000000000000000000000000]
tmp_1             (partselect    ) [ 0011110000000000000000000000000000000000000000000000000000000000000000000000]
tmp_2             (partselect    ) [ 0011111000000000000000000000000000000000000000000000000000000000000000000000]
trunc_ln          (partselect    ) [ 0000000000000000000000000000000000000000000000000000000000000000000000000000]
sext_ln18         (sext          ) [ 0000000000000000000000000000000000000000000000000000000000000000000000000000]
gmem1_addr        (getelementptr ) [ 0011111111111111111111111111111111111111111111111111111111111111111111111111]
empty             (writereq      ) [ 0000000000000000000000000000000000000000000000000000000000000000000000000000]
write_ln18        (write         ) [ 0000000000000000000000000000000000000000000000000000000000000000000000000000]
write_ln18        (write         ) [ 0000000000000000000000000000000000000000000000000000000000000000000000000000]
write_ln18        (write         ) [ 0000000000000000000000000000000000000000000000000000000000000000000000000000]
write_ln18        (write         ) [ 0000000000000000000000000000000000000000000000000000000000000000000000000000]
write_ln18        (write         ) [ 0000000000000000000000000000000000000000000000000000000000000000000000000000]
specinterface_ln0 (specinterface ) [ 0000000000000000000000000000000000000000000000000000000000000000000000000000]
specinterface_ln0 (specinterface ) [ 0000000000000000000000000000000000000000000000000000000000000000000000000000]
specinterface_ln0 (specinterface ) [ 0000000000000000000000000000000000000000000000000000000000000000000000000000]
specinterface_ln0 (specinterface ) [ 0000000000000000000000000000000000000000000000000000000000000000000000000000]
empty_100         (writeresp     ) [ 0000000000000000000000000000000000000000000000000000000000000000000000000000]
ret_ln22          (ret           ) [ 0000000000000000000000000000000000000000000000000000000000000000000000000000]
</LifeTime>

<model>

<comp_list>
<comp id="0" class="1000" name="gmem1">
<pin_list>
<pin id="1" dir="1" index="0" bw="1" slack="0"/>
</pin_list>
<bind>
<StgValue><ssdm name="gmem1"/></StgValue>
</bind>
</comp>

<comp id="2" class="1000" name="out_r">
<pin_list>
<pin id="3" dir="1" index="0" bw="1" slack="0"/>
</pin_list>
<bind>
<StgValue><ssdm name="out_r"/></StgValue>
</bind>
</comp>

<comp id="4" class="1000" name="output_r">
<pin_list>
<pin id="5" dir="1" index="0" bw="1" slack="0"/>
</pin_list>
<bind>
<StgValue><ssdm name="output_r"/></StgValue>
</bind>
</comp>

<comp id="6" class="1000" name="n">
<pin_list>
<pin id="7" dir="1" index="0" bw="1" slack="0"/>
</pin_list>
<bind>
<StgValue><ssdm name="n"/></StgValue>
</bind>
</comp>

<comp id="8" class="1001" name="const_8">
<pin_list>
<pin id="9" dir="1" index="0" bw="1" slack="0"/>
</pin_list>
<bind>
<StgValue><ssdm name="_ssdm_op_Read.ap_fifo.i64P0A"/></StgValue>
</bind>
</comp>

<comp id="10" class="1001" name="const_10">
<pin_list>
<pin id="11" dir="1" index="0" bw="1" slack="0"/>
</pin_list>
<bind>
<StgValue><ssdm name="_ssdm_op_Read.ap_fifo.i13P0A"/></StgValue>
</bind>
</comp>

<comp id="12" class="1001" name="const_12">
<pin_list>
<pin id="13" dir="1" index="0" bw="1" slack="0"/>
</pin_list>
<bind>
<StgValue><ssdm name="_ssdm_op_Read.ap_fifo.volatile.i160P0A"/></StgValue>
</bind>
</comp>

<comp id="14" class="1001" name="const_14">
<pin_list>
<pin id="15" dir="1" index="0" bw="1" slack="0"/>
</pin_list>
<bind>
<StgValue><ssdm name="_ssdm_op_PartSelect.i32.i160.i32.i32"/></StgValue>
</bind>
</comp>

<comp id="16" class="1001" name="const_16">
<pin_list>
<pin id="17" dir="1" index="0" bw="1" slack="0"/>
</pin_list>
<bind>
<StgValue><ssdm name=""/></StgValue>
</bind>
</comp>

<comp id="18" class="1001" name="const_18">
<pin_list>
<pin id="19" dir="1" index="0" bw="1" slack="0"/>
</pin_list>
<bind>
<StgValue><ssdm name=""/></StgValue>
</bind>
</comp>

<comp id="20" class="1001" name="const_20">
<pin_list>
<pin id="21" dir="1" index="0" bw="1" slack="0"/>
</pin_list>
<bind>
<StgValue><ssdm name="_ssdm_op_BitConcatenate.i16.i13.i3"/></StgValue>
</bind>
</comp>

<comp id="22" class="1001" name="const_22">
<pin_list>
<pin id="23" dir="1" index="0" bw="1" slack="0"/>
</pin_list>
<bind>
<StgValue><ssdm name=""/></StgValue>
</bind>
</comp>

<comp id="24" class="1001" name="const_24">
<pin_list>
<pin id="25" dir="1" index="0" bw="1" slack="0"/>
</pin_list>
<bind>
<StgValue><ssdm name="_ssdm_op_BitConcatenate.i14.i13.i1"/></StgValue>
</bind>
</comp>

<comp id="26" class="1001" name="const_26">
<pin_list>
<pin id="27" dir="1" index="0" bw="1" slack="0"/>
</pin_list>
<bind>
<StgValue><ssdm name=""/></StgValue>
</bind>
</comp>

<comp id="28" class="1001" name="const_28">
<pin_list>
<pin id="29" dir="1" index="0" bw="1" slack="0"/>
</pin_list>
<bind>
<StgValue><ssdm name="_ssdm_op_BitConcatenate.i18.i17.i1"/></StgValue>
</bind>
</comp>

<comp id="30" class="1001" name="const_30">
<pin_list>
<pin id="31" dir="1" index="0" bw="1" slack="0"/>
</pin_list>
<bind>
<StgValue><ssdm name=""/></StgValue>
</bind>
</comp>

<comp id="32" class="1001" name="const_32">
<pin_list>
<pin id="33" dir="1" index="0" bw="1" slack="0"/>
</pin_list>
<bind>
<StgValue><ssdm name=""/></StgValue>
</bind>
</comp>

<comp id="34" class="1001" name="const_34">
<pin_list>
<pin id="35" dir="1" index="0" bw="1" slack="0"/>
</pin_list>
<bind>
<StgValue><ssdm name=""/></StgValue>
</bind>
</comp>

<comp id="36" class="1001" name="const_36">
<pin_list>
<pin id="37" dir="1" index="0" bw="1" slack="0"/>
</pin_list>
<bind>
<StgValue><ssdm name=""/></StgValue>
</bind>
</comp>

<comp id="38" class="1001" name="const_38">
<pin_list>
<pin id="39" dir="1" index="0" bw="1" slack="0"/>
</pin_list>
<bind>
<StgValue><ssdm name=""/></StgValue>
</bind>
</comp>

<comp id="40" class="1001" name="const_40">
<pin_list>
<pin id="41" dir="1" index="0" bw="1" slack="0"/>
</pin_list>
<bind>
<StgValue><ssdm name=""/></StgValue>
</bind>
</comp>

<comp id="42" class="1001" name="const_42">
<pin_list>
<pin id="43" dir="1" index="0" bw="1" slack="0"/>
</pin_list>
<bind>
<StgValue><ssdm name="_ssdm_op_PartSelect.i62.i64.i32.i32"/></StgValue>
</bind>
</comp>

<comp id="44" class="1001" name="const_44">
<pin_list>
<pin id="45" dir="1" index="0" bw="1" slack="0"/>
</pin_list>
<bind>
<StgValue><ssdm name=""/></StgValue>
</bind>
</comp>

<comp id="46" class="1001" name="const_46">
<pin_list>
<pin id="47" dir="1" index="0" bw="1" slack="0"/>
</pin_list>
<bind>
<StgValue><ssdm name="_ssdm_op_WriteReq.m_axi.p1i32"/></StgValue>
</bind>
</comp>

<comp id="48" class="1001" name="const_48">
<pin_list>
<pin id="49" dir="1" index="0" bw="1" slack="0"/>
</pin_list>
<bind>
<StgValue><ssdm name=""/></StgValue>
</bind>
</comp>

<comp id="50" class="1001" name="const_50">
<pin_list>
<pin id="51" dir="1" index="0" bw="1" slack="0"/>
</pin_list>
<bind>
<StgValue><ssdm name="_ssdm_op_Write.m_axi.p1i32"/></StgValue>
</bind>
</comp>

<comp id="52" class="1001" name="const_52">
<pin_list>
<pin id="53" dir="1" index="0" bw="1" slack="0"/>
</pin_list>
<bind>
<StgValue><ssdm name=""/></StgValue>
</bind>
</comp>

<comp id="54" class="1001" name="const_54">
<pin_list>
<pin id="55" dir="1" index="0" bw="1" slack="0"/>
</pin_list>
<bind>
<StgValue><ssdm name="_ssdm_op_WriteResp.m_axi.p1i32"/></StgValue>
</bind>
</comp>

<comp id="56" class="1001" name="const_56">
<pin_list>
<pin id="57" dir="1" index="0" bw="1" slack="2147483647"/>
</pin_list>
<bind>
<StgValue><ssdm name="_ssdm_op_SpecInterface"/></StgValue>
</bind>
</comp>

<comp id="58" class="1001" name="const_58">
<pin_list>
<pin id="59" dir="1" index="0" bw="1" slack="2147483647"/>
</pin_list>
<bind>
<StgValue><ssdm name="ap_fifo_str"/></StgValue>
</bind>
</comp>

<comp id="60" class="1001" name="const_60">
<pin_list>
<pin id="61" dir="1" index="0" bw="1" slack="2147483647"/>
</pin_list>
<bind>
<StgValue><ssdm name=""/></StgValue>
</bind>
</comp>

<comp id="62" class="1001" name="const_62">
<pin_list>
<pin id="63" dir="1" index="0" bw="1" slack="2147483647"/>
</pin_list>
<bind>
<StgValue><ssdm name="p_str"/></StgValue>
</bind>
</comp>

<comp id="64" class="1001" name="const_64">
<pin_list>
<pin id="65" dir="1" index="0" bw="1" slack="2147483647"/>
</pin_list>
<bind>
<StgValue><ssdm name=""/></StgValue>
</bind>
</comp>

<comp id="66" class="1001" name="const_66">
<pin_list>
<pin id="67" dir="1" index="0" bw="1" slack="2147483647"/>
</pin_list>
<bind>
<StgValue><ssdm name="ScalarProp_str"/></StgValue>
</bind>
</comp>

<comp id="68" class="1001" name="const_68">
<pin_list>
<pin id="69" dir="1" index="0" bw="1" slack="2147483647"/>
</pin_list>
<bind>
<StgValue><ssdm name=""/></StgValue>
</bind>
</comp>

<comp id="70" class="1001" name="const_70">
<pin_list>
<pin id="71" dir="1" index="0" bw="1" slack="2147483647"/>
</pin_list>
<bind>
<StgValue><ssdm name="empty_0"/></StgValue>
</bind>
</comp>

<comp id="72" class="1001" name="const_72">
<pin_list>
<pin id="73" dir="1" index="0" bw="1" slack="2147483647"/>
</pin_list>
<bind>
<StgValue><ssdm name="empty_7"/></StgValue>
</bind>
</comp>

<comp id="74" class="1001" name="const_74">
<pin_list>
<pin id="75" dir="1" index="0" bw="1" slack="2147483647"/>
</pin_list>
<bind>
<StgValue><ssdm name="empty_16"/></StgValue>
</bind>
</comp>

<comp id="76" class="1001" name="const_76">
<pin_list>
<pin id="77" dir="1" index="0" bw="1" slack="2147483647"/>
</pin_list>
<bind>
<StgValue><ssdm name="empty_5"/></StgValue>
</bind>
</comp>

<comp id="78" class="1001" name="const_78">
<pin_list>
<pin id="79" dir="1" index="0" bw="1" slack="2147483647"/>
</pin_list>
<bind>
<StgValue><ssdm name="empty_10"/></StgValue>
</bind>
</comp>

<comp id="80" class="1004" name="out_read_read_fu_80">
<pin_list>
<pin id="81" dir="0" index="0" bw="64" slack="0"/>
<pin id="82" dir="0" index="1" bw="64" slack="0"/>
<pin id="83" dir="1" index="2" bw="64" slack="0"/>
</pin_list>
<bind>
<opcode="read(1150) " fcode="read"/>
<opset="out_read/1 "/>
</bind>
</comp>

<comp id="86" class="1004" name="n_read_read_fu_86">
<pin_list>
<pin id="87" dir="0" index="0" bw="13" slack="0"/>
<pin id="88" dir="0" index="1" bw="13" slack="0"/>
<pin id="89" dir="1" index="2" bw="13" slack="0"/>
</pin_list>
<bind>
<opcode="read(1150) " fcode="read"/>
<opset="n_read/1 "/>
</bind>
</comp>

<comp id="92" class="1004" name="output_read_read_fu_92">
<pin_list>
<pin id="93" dir="0" index="0" bw="160" slack="0"/>
<pin id="94" dir="0" index="1" bw="160" slack="0"/>
<pin id="95" dir="1" index="2" bw="160" slack="0"/>
</pin_list>
<bind>
<opcode="read(1150) " fcode="read"/>
<opset="output_read/1 "/>
</bind>
</comp>

<comp id="98" class="1004" name="grp_writeresp_fu_98">
<pin_list>
<pin id="99" dir="0" index="0" bw="1" slack="0"/>
<pin id="100" dir="0" index="1" bw="32" slack="1"/>
<pin id="101" dir="0" index="2" bw="4" slack="0"/>
<pin id="102" dir="1" index="3" bw="1" slack="2147483647"/>
</pin_list>
<bind>
<opcode="writereq(1155) writeresp(1158) " fcode="writeresp"/>
<opset="empty/2 empty_100/8 "/>
</bind>
</comp>

<comp id="105" class="1004" name="write_ln18_write_fu_105">
<pin_list>
<pin id="106" dir="0" index="0" bw="0" slack="0"/>
<pin id="107" dir="0" index="1" bw="32" slack="2"/>
<pin id="108" dir="0" index="2" bw="32" slack="2"/>
<pin id="109" dir="0" index="3" bw="1" slack="0"/>
<pin id="110" dir="1" index="4" bw="0" slack="2147483647"/>
</pin_list>
<bind>
<opcode="write(1151) " fcode="write"/>
<opset="write_ln18/3 "/>
</bind>
</comp>

<comp id="113" class="1004" name="write_ln18_write_fu_113">
<pin_list>
<pin id="114" dir="0" index="0" bw="0" slack="0"/>
<pin id="115" dir="0" index="1" bw="32" slack="3"/>
<pin id="116" dir="0" index="2" bw="32" slack="3"/>
<pin id="117" dir="0" index="3" bw="1" slack="0"/>
<pin id="118" dir="1" index="4" bw="0" slack="2147483647"/>
</pin_list>
<bind>
<opcode="write(1151) " fcode="write"/>
<opset="write_ln18/4 "/>
</bind>
</comp>

<comp id="121" class="1004" name="write_ln18_write_fu_121">
<pin_list>
<pin id="122" dir="0" index="0" bw="0" slack="0"/>
<pin id="123" dir="0" index="1" bw="32" slack="4"/>
<pin id="124" dir="0" index="2" bw="32" slack="4"/>
<pin id="125" dir="0" index="3" bw="1" slack="0"/>
<pin id="126" dir="1" index="4" bw="0" slack="2147483647"/>
</pin_list>
<bind>
<opcode="write(1151) " fcode="write"/>
<opset="write_ln18/5 "/>
</bind>
</comp>

<comp id="129" class="1004" name="write_ln18_write_fu_129">
<pin_list>
<pin id="130" dir="0" index="0" bw="0" slack="0"/>
<pin id="131" dir="0" index="1" bw="32" slack="5"/>
<pin id="132" dir="0" index="2" bw="32" slack="5"/>
<pin id="133" dir="0" index="3" bw="1" slack="0"/>
<pin id="134" dir="1" index="4" bw="0" slack="2147483647"/>
</pin_list>
<bind>
<opcode="write(1151) " fcode="write"/>
<opset="write_ln18/6 "/>
</bind>
</comp>

<comp id="137" class="1004" name="write_ln18_write_fu_137">
<pin_list>
<pin id="138" dir="0" index="0" bw="0" slack="0"/>
<pin id="139" dir="0" index="1" bw="32" slack="6"/>
<pin id="140" dir="0" index="2" bw="32" slack="6"/>
<pin id="141" dir="0" index="3" bw="1" slack="0"/>
<pin id="142" dir="1" index="4" bw="0" slack="2147483647"/>
</pin_list>
<bind>
<opcode="write(1151) " fcode="write"/>
<opset="write_ln18/7 "/>
</bind>
</comp>

<comp id="146" class="1004" name="tmp_3_fu_146">
<pin_list>
<pin id="147" dir="0" index="0" bw="32" slack="0"/>
<pin id="148" dir="0" index="1" bw="160" slack="0"/>
<pin id="149" dir="0" index="2" bw="9" slack="0"/>
<pin id="150" dir="0" index="3" bw="9" slack="0"/>
<pin id="151" dir="1" index="4" bw="32" slack="6"/>
</pin_list>
<bind>
<opcode="partselect(1002) " fcode="partselect"/>
<opset="tmp_3/1 "/>
</bind>
</comp>

<comp id="156" class="1004" name="p_shl_fu_156">
<pin_list>
<pin id="157" dir="0" index="0" bw="16" slack="0"/>
<pin id="158" dir="0" index="1" bw="13" slack="0"/>
<pin id="159" dir="0" index="2" bw="1" slack="0"/>
<pin id="160" dir="1" index="3" bw="16" slack="0"/>
</pin_list>
<bind>
<opcode="bitconcatenate(1004) " fcode="bitconcatenate"/>
<opset="p_shl/1 "/>
</bind>
</comp>

<comp id="164" class="1004" name="p_shl_cast2_fu_164">
<pin_list>
<pin id="165" dir="0" index="0" bw="16" slack="0"/>
<pin id="166" dir="1" index="1" bw="17" slack="0"/>
</pin_list>
<bind>
<opcode="zext(34) " fcode="zext"/>
<opset="p_shl_cast2/1 "/>
</bind>
</comp>

<comp id="168" class="1004" name="p_shl1_fu_168">
<pin_list>
<pin id="169" dir="0" index="0" bw="14" slack="0"/>
<pin id="170" dir="0" index="1" bw="13" slack="0"/>
<pin id="171" dir="0" index="2" bw="1" slack="0"/>
<pin id="172" dir="1" index="3" bw="14" slack="0"/>
</pin_list>
<bind>
<opcode="bitconcatenate(1004) " fcode="bitconcatenate"/>
<opset="p_shl1/1 "/>
</bind>
</comp>

<comp id="176" class="1004" name="zext_ln20_fu_176">
<pin_list>
<pin id="177" dir="0" index="0" bw="14" slack="0"/>
<pin id="178" dir="1" index="1" bw="17" slack="0"/>
</pin_list>
<bind>
<opcode="zext(34) " fcode="zext"/>
<opset="zext_ln20/1 "/>
</bind>
</comp>

<comp id="180" class="1004" name="add_ln20_1_fu_180">
<pin_list>
<pin id="181" dir="0" index="0" bw="16" slack="0"/>
<pin id="182" dir="0" index="1" bw="14" slack="0"/>
<pin id="183" dir="1" index="2" bw="17" slack="0"/>
</pin_list>
<bind>
<opcode="add(8) " fcode="add"/>
<opset="add_ln20_1/1 "/>
</bind>
</comp>

<comp id="186" class="1004" name="shl_ln_fu_186">
<pin_list>
<pin id="187" dir="0" index="0" bw="18" slack="0"/>
<pin id="188" dir="0" index="1" bw="17" slack="0"/>
<pin id="189" dir="0" index="2" bw="1" slack="0"/>
<pin id="190" dir="1" index="3" bw="18" slack="0"/>
</pin_list>
<bind>
<opcode="bitconcatenate(1004) " fcode="bitconcatenate"/>
<opset="shl_ln/1 "/>
</bind>
</comp>

<comp id="194" class="1004" name="zext_ln20_1_fu_194">
<pin_list>
<pin id="195" dir="0" index="0" bw="18" slack="0"/>
<pin id="196" dir="1" index="1" bw="64" slack="0"/>
</pin_list>
<bind>
<opcode="zext(34) " fcode="zext"/>
<opset="zext_ln20_1/1 "/>
</bind>
</comp>

<comp id="198" class="1004" name="add_ln20_fu_198">
<pin_list>
<pin id="199" dir="0" index="0" bw="64" slack="0"/>
<pin id="200" dir="0" index="1" bw="18" slack="0"/>
<pin id="201" dir="1" index="2" bw="64" slack="0"/>
</pin_list>
<bind>
<opcode="add(8) " fcode="add"/>
<opset="add_ln20/1 "/>
</bind>
</comp>

<comp id="204" class="1004" name="trunc_ln18_fu_204">
<pin_list>
<pin id="205" dir="0" index="0" bw="160" slack="0"/>
<pin id="206" dir="1" index="1" bw="32" slack="2"/>
</pin_list>
<bind>
<opcode="trunc(33) " fcode="trunc"/>
<opset="trunc_ln18/1 "/>
</bind>
</comp>

<comp id="208" class="1004" name="tmp_s_fu_208">
<pin_list>
<pin id="209" dir="0" index="0" bw="32" slack="0"/>
<pin id="210" dir="0" index="1" bw="160" slack="0"/>
<pin id="211" dir="0" index="2" bw="7" slack="0"/>
<pin id="212" dir="0" index="3" bw="7" slack="0"/>
<pin id="213" dir="1" index="4" bw="32" slack="3"/>
</pin_list>
<bind>
<opcode="partselect(1002) " fcode="partselect"/>
<opset="tmp_s/1 "/>
</bind>
</comp>

<comp id="218" class="1004" name="tmp_1_fu_218">
<pin_list>
<pin id="219" dir="0" index="0" bw="32" slack="0"/>
<pin id="220" dir="0" index="1" bw="160" slack="0"/>
<pin id="221" dir="0" index="2" bw="8" slack="0"/>
<pin id="222" dir="0" index="3" bw="8" slack="0"/>
<pin id="223" dir="1" index="4" bw="32" slack="4"/>
</pin_list>
<bind>
<opcode="partselect(1002) " fcode="partselect"/>
<opset="tmp_1/1 "/>
</bind>
</comp>

<comp id="228" class="1004" name="tmp_2_fu_228">
<pin_list>
<pin id="229" dir="0" index="0" bw="32" slack="0"/>
<pin id="230" dir="0" index="1" bw="160" slack="0"/>
<pin id="231" dir="0" index="2" bw="8" slack="0"/>
<pin id="232" dir="0" index="3" bw="8" slack="0"/>
<pin id="233" dir="1" index="4" bw="32" slack="5"/>
</pin_list>
<bind>
<opcode="partselect(1002) " fcode="partselect"/>
<opset="tmp_2/1 "/>
</bind>
</comp>

<comp id="238" class="1004" name="trunc_ln_fu_238">
<pin_list>
<pin id="239" dir="0" index="0" bw="62" slack="0"/>
<pin id="240" dir="0" index="1" bw="64" slack="0"/>
<pin id="241" dir="0" index="2" bw="3" slack="0"/>
<pin id="242" dir="0" index="3" bw="7" slack="0"/>
<pin id="243" dir="1" index="4" bw="62" slack="0"/>
</pin_list>
<bind>
<opcode="partselect(1002) " fcode="partselect"/>
<opset="trunc_ln/1 "/>
</bind>
</comp>

<comp id="248" class="1004" name="sext_ln18_fu_248">
<pin_list>
<pin id="249" dir="0" index="0" bw="62" slack="0"/>
<pin id="250" dir="1" index="1" bw="64" slack="0"/>
</pin_list>
<bind>
<opcode="sext(35) " fcode="sext"/>
<opset="sext_ln18/1 "/>
</bind>
</comp>

<comp id="252" class="1004" name="gmem1_addr_fu_252">
<pin_list>
<pin id="253" dir="0" index="0" bw="32" slack="0"/>
<pin id="254" dir="0" index="1" bw="62" slack="0"/>
<pin id="255" dir="1" index="2" bw="32" slack="1"/>
</pin_list>
<bind>
<opcode="getelementptr(29) " fcode="getelementptr"/>
<opset="gmem1_addr/1 "/>
</bind>
</comp>

<comp id="258" class="1005" name="tmp_3_reg_258">
<pin_list>
<pin id="259" dir="0" index="0" bw="32" slack="6"/>
<pin id="260" dir="1" index="1" bw="32" slack="6"/>
</pin_list>
<bind>
<opset="tmp_3 "/>
</bind>
</comp>

<comp id="263" class="1005" name="trunc_ln18_reg_263">
<pin_list>
<pin id="264" dir="0" index="0" bw="32" slack="2"/>
<pin id="265" dir="1" index="1" bw="32" slack="2"/>
</pin_list>
<bind>
<opset="trunc_ln18 "/>
</bind>
</comp>

<comp id="268" class="1005" name="tmp_s_reg_268">
<pin_list>
<pin id="269" dir="0" index="0" bw="32" slack="3"/>
<pin id="270" dir="1" index="1" bw="32" slack="3"/>
</pin_list>
<bind>
<opset="tmp_s "/>
</bind>
</comp>

<comp id="273" class="1005" name="tmp_1_reg_273">
<pin_list>
<pin id="274" dir="0" index="0" bw="32" slack="4"/>
<pin id="275" dir="1" index="1" bw="32" slack="4"/>
</pin_list>
<bind>
<opset="tmp_1 "/>
</bind>
</comp>

<comp id="278" class="1005" name="tmp_2_reg_278">
<pin_list>
<pin id="279" dir="0" index="0" bw="32" slack="5"/>
<pin id="280" dir="1" index="1" bw="32" slack="5"/>
</pin_list>
<bind>
<opset="tmp_2 "/>
</bind>
</comp>

<comp id="283" class="1005" name="gmem1_addr_reg_283">
<pin_list>
<pin id="284" dir="0" index="0" bw="32" slack="1"/>
<pin id="285" dir="1" index="1" bw="32" slack="1"/>
</pin_list>
<bind>
<opset="gmem1_addr "/>
</bind>
</comp>

</comp_list>

<net_list>
<net id="84"><net_src comp="8" pin="0"/><net_sink comp="80" pin=0"/></net>

<net id="85"><net_src comp="2" pin="0"/><net_sink comp="80" pin=1"/></net>

<net id="90"><net_src comp="10" pin="0"/><net_sink comp="86" pin=0"/></net>

<net id="91"><net_src comp="6" pin="0"/><net_sink comp="86" pin=1"/></net>

<net id="96"><net_src comp="12" pin="0"/><net_sink comp="92" pin=0"/></net>

<net id="97"><net_src comp="4" pin="0"/><net_sink comp="92" pin=1"/></net>

<net id="103"><net_src comp="46" pin="0"/><net_sink comp="98" pin=0"/></net>

<net id="104"><net_src comp="48" pin="0"/><net_sink comp="98" pin=2"/></net>

<net id="111"><net_src comp="50" pin="0"/><net_sink comp="105" pin=0"/></net>

<net id="112"><net_src comp="52" pin="0"/><net_sink comp="105" pin=3"/></net>

<net id="119"><net_src comp="50" pin="0"/><net_sink comp="113" pin=0"/></net>

<net id="120"><net_src comp="52" pin="0"/><net_sink comp="113" pin=3"/></net>

<net id="127"><net_src comp="50" pin="0"/><net_sink comp="121" pin=0"/></net>

<net id="128"><net_src comp="52" pin="0"/><net_sink comp="121" pin=3"/></net>

<net id="135"><net_src comp="50" pin="0"/><net_sink comp="129" pin=0"/></net>

<net id="136"><net_src comp="52" pin="0"/><net_sink comp="129" pin=3"/></net>

<net id="143"><net_src comp="50" pin="0"/><net_sink comp="137" pin=0"/></net>

<net id="144"><net_src comp="52" pin="0"/><net_sink comp="137" pin=3"/></net>

<net id="145"><net_src comp="54" pin="0"/><net_sink comp="98" pin=0"/></net>

<net id="152"><net_src comp="14" pin="0"/><net_sink comp="146" pin=0"/></net>

<net id="153"><net_src comp="92" pin="2"/><net_sink comp="146" pin=1"/></net>

<net id="154"><net_src comp="16" pin="0"/><net_sink comp="146" pin=2"/></net>

<net id="155"><net_src comp="18" pin="0"/><net_sink comp="146" pin=3"/></net>

<net id="161"><net_src comp="20" pin="0"/><net_sink comp="156" pin=0"/></net>

<net id="162"><net_src comp="86" pin="2"/><net_sink comp="156" pin=1"/></net>

<net id="163"><net_src comp="22" pin="0"/><net_sink comp="156" pin=2"/></net>

<net id="167"><net_src comp="156" pin="3"/><net_sink comp="164" pin=0"/></net>

<net id="173"><net_src comp="24" pin="0"/><net_sink comp="168" pin=0"/></net>

<net id="174"><net_src comp="86" pin="2"/><net_sink comp="168" pin=1"/></net>

<net id="175"><net_src comp="26" pin="0"/><net_sink comp="168" pin=2"/></net>

<net id="179"><net_src comp="168" pin="3"/><net_sink comp="176" pin=0"/></net>

<net id="184"><net_src comp="164" pin="1"/><net_sink comp="180" pin=0"/></net>

<net id="185"><net_src comp="176" pin="1"/><net_sink comp="180" pin=1"/></net>

<net id="191"><net_src comp="28" pin="0"/><net_sink comp="186" pin=0"/></net>

<net id="192"><net_src comp="180" pin="2"/><net_sink comp="186" pin=1"/></net>

<net id="193"><net_src comp="26" pin="0"/><net_sink comp="186" pin=2"/></net>

<net id="197"><net_src comp="186" pin="3"/><net_sink comp="194" pin=0"/></net>

<net id="202"><net_src comp="80" pin="2"/><net_sink comp="198" pin=0"/></net>

<net id="203"><net_src comp="194" pin="1"/><net_sink comp="198" pin=1"/></net>

<net id="207"><net_src comp="92" pin="2"/><net_sink comp="204" pin=0"/></net>

<net id="214"><net_src comp="14" pin="0"/><net_sink comp="208" pin=0"/></net>

<net id="215"><net_src comp="92" pin="2"/><net_sink comp="208" pin=1"/></net>

<net id="216"><net_src comp="30" pin="0"/><net_sink comp="208" pin=2"/></net>

<net id="217"><net_src comp="32" pin="0"/><net_sink comp="208" pin=3"/></net>

<net id="224"><net_src comp="14" pin="0"/><net_sink comp="218" pin=0"/></net>

<net id="225"><net_src comp="92" pin="2"/><net_sink comp="218" pin=1"/></net>

<net id="226"><net_src comp="34" pin="0"/><net_sink comp="218" pin=2"/></net>

<net id="227"><net_src comp="36" pin="0"/><net_sink comp="218" pin=3"/></net>

<net id="234"><net_src comp="14" pin="0"/><net_sink comp="228" pin=0"/></net>

<net id="235"><net_src comp="92" pin="2"/><net_sink comp="228" pin=1"/></net>

<net id="236"><net_src comp="38" pin="0"/><net_sink comp="228" pin=2"/></net>

<net id="237"><net_src comp="40" pin="0"/><net_sink comp="228" pin=3"/></net>

<net id="244"><net_src comp="42" pin="0"/><net_sink comp="238" pin=0"/></net>

<net id="245"><net_src comp="198" pin="2"/><net_sink comp="238" pin=1"/></net>

<net id="246"><net_src comp="44" pin="0"/><net_sink comp="238" pin=2"/></net>

<net id="247"><net_src comp="32" pin="0"/><net_sink comp="238" pin=3"/></net>

<net id="251"><net_src comp="238" pin="4"/><net_sink comp="248" pin=0"/></net>

<net id="256"><net_src comp="0" pin="0"/><net_sink comp="252" pin=0"/></net>

<net id="257"><net_src comp="248" pin="1"/><net_sink comp="252" pin=1"/></net>

<net id="261"><net_src comp="146" pin="4"/><net_sink comp="258" pin=0"/></net>

<net id="262"><net_src comp="258" pin="1"/><net_sink comp="137" pin=2"/></net>

<net id="266"><net_src comp="204" pin="1"/><net_sink comp="263" pin=0"/></net>

<net id="267"><net_src comp="263" pin="1"/><net_sink comp="105" pin=2"/></net>

<net id="271"><net_src comp="208" pin="4"/><net_sink comp="268" pin=0"/></net>

<net id="272"><net_src comp="268" pin="1"/><net_sink comp="113" pin=2"/></net>

<net id="276"><net_src comp="218" pin="4"/><net_sink comp="273" pin=0"/></net>

<net id="277"><net_src comp="273" pin="1"/><net_sink comp="121" pin=2"/></net>

<net id="281"><net_src comp="228" pin="4"/><net_sink comp="278" pin=0"/></net>

<net id="282"><net_src comp="278" pin="1"/><net_sink comp="129" pin=2"/></net>

<net id="286"><net_src comp="252" pin="2"/><net_sink comp="283" pin=0"/></net>

<net id="287"><net_src comp="283" pin="1"/><net_sink comp="98" pin=1"/></net>

<net id="288"><net_src comp="283" pin="1"/><net_sink comp="105" pin=1"/></net>

<net id="289"><net_src comp="283" pin="1"/><net_sink comp="113" pin=1"/></net>

<net id="290"><net_src comp="283" pin="1"/><net_sink comp="121" pin=1"/></net>

<net id="291"><net_src comp="283" pin="1"/><net_sink comp="129" pin=1"/></net>

<net id="292"><net_src comp="283" pin="1"/><net_sink comp="137" pin=1"/></net>

</net_list>

</model> 
---------------- Datapath Model END ------------------

* FSMD analyzer results:
  - Output states:
	Port: gmem1 | {2 3 4 5 6 7 8 9 10 11 12 13 14 15 16 17 18 19 20 21 22 23 24 25 26 27 28 29 30 31 32 33 34 35 36 37 38 39 40 41 42 43 44 45 46 47 48 49 50 51 52 53 54 55 56 57 58 59 60 61 62 63 64 65 66 67 68 69 70 71 72 73 74 75 }
 - Input state : 
	Port: write_result : out_r | {1 }
	Port: write_result : output_r | {1 }
	Port: write_result : n | {1 }
  - Chain level:
	State 1
		p_shl_cast2 : 1
		zext_ln20 : 1
		add_ln20_1 : 2
		shl_ln : 3
		zext_ln20_1 : 4
		add_ln20 : 5
		trunc_ln : 6
		sext_ln18 : 7
		gmem1_addr : 8
	State 2
	State 3
	State 4
	State 5
	State 6
	State 7
	State 8
	State 9
	State 10
	State 11
	State 12
	State 13
	State 14
	State 15
	State 16
	State 17
	State 18
	State 19
	State 20
	State 21
	State 22
	State 23
	State 24
	State 25
	State 26
	State 27
	State 28
	State 29
	State 30
	State 31
	State 32
	State 33
	State 34
	State 35
	State 36
	State 37
	State 38
	State 39
	State 40
	State 41
	State 42
	State 43
	State 44
	State 45
	State 46
	State 47
	State 48
	State 49
	State 50
	State 51
	State 52
	State 53
	State 54
	State 55
	State 56
	State 57
	State 58
	State 59
	State 60
	State 61
	State 62
	State 63
	State 64
	State 65
	State 66
	State 67
	State 68
	State 69
	State 70
	State 71
	State 72
	State 73
	State 74
	State 75


============================================================
+ Verbose Summary: Datapath Resource usage 
============================================================

* Functional unit list:
|----------|-------------------------|---------|---------|
| Operation|     Functional Unit     |    FF   |   LUT   |
|----------|-------------------------|---------|---------|
|    add   |    add_ln20_1_fu_180    |    0    |    23   |
|          |     add_ln20_fu_198     |    0    |    71   |
|----------|-------------------------|---------|---------|
|          |   out_read_read_fu_80   |    0    |    0    |
|   read   |    n_read_read_fu_86    |    0    |    0    |
|          |  output_read_read_fu_92 |    0    |    0    |
|----------|-------------------------|---------|---------|
| writeresp|   grp_writeresp_fu_98   |    0    |    0    |
|----------|-------------------------|---------|---------|
|          | write_ln18_write_fu_105 |    0    |    0    |
|          | write_ln18_write_fu_113 |    0    |    0    |
|   write  | write_ln18_write_fu_121 |    0    |    0    |
|          | write_ln18_write_fu_129 |    0    |    0    |
|          | write_ln18_write_fu_137 |    0    |    0    |
|----------|-------------------------|---------|---------|
|          |       tmp_3_fu_146      |    0    |    0    |
|          |       tmp_s_fu_208      |    0    |    0    |
|partselect|       tmp_1_fu_218      |    0    |    0    |
|          |       tmp_2_fu_228      |    0    |    0    |
|          |     trunc_ln_fu_238     |    0    |    0    |
|----------|-------------------------|---------|---------|
|          |       p_shl_fu_156      |    0    |    0    |
|bitconcatenate|      p_shl1_fu_168      |    0    |    0    |
|          |      shl_ln_fu_186      |    0    |    0    |
|----------|-------------------------|---------|---------|
|          |    p_shl_cast2_fu_164   |    0    |    0    |
|   zext   |     zext_ln20_fu_176    |    0    |    0    |
|          |    zext_ln20_1_fu_194   |    0    |    0    |
|----------|-------------------------|---------|---------|
|   trunc  |    trunc_ln18_fu_204    |    0    |    0    |
|----------|-------------------------|---------|---------|
|   sext   |     sext_ln18_fu_248    |    0    |    0    |
|----------|-------------------------|---------|---------|
|   Total  |                         |    0    |    94   |
|----------|-------------------------|---------|---------|

Memories:
N/A

* Register list:
+------------------+--------+
|                  |   FF   |
+------------------+--------+
|gmem1_addr_reg_283|   32   |
|   tmp_1_reg_273  |   32   |
|   tmp_2_reg_278  |   32   |
|   tmp_3_reg_258  |   32   |
|   tmp_s_reg_268  |   32   |
|trunc_ln18_reg_263|   32   |
+------------------+--------+
|       Total      |   192  |
+------------------+--------+

* Multiplexer (MUX) list: 
|---------------------|------|------|------|--------||---------|
|         Comp        |  Pin | Size |  BW  | S x BW ||  Delay  |
|---------------------|------|------|------|--------||---------|
| grp_writeresp_fu_98 |  p0  |   2  |   1  |    2   |
|---------------------|------|------|------|--------||---------|
|        Total        |      |      |      |    2   ||  0.387  |
|---------------------|------|------|------|--------||---------|



* Summary:
+-----------+--------+--------+--------+
|           |  Delay |   FF   |   LUT  |
+-----------+--------+--------+--------+
|  Function |    -   |    0   |   94   |
|   Memory  |    -   |    -   |    -   |
|Multiplexer|    0   |    -   |    -   |
|  Register |    -   |   192  |    -   |
+-----------+--------+--------+--------+
|   Total   |    0   |   192  |   94   |
+-----------+--------+--------+--------+
