

================================================================
== Vitis HLS Report for 'conv_2d_cl_array_ap_fixed_3u_array_ap_fixed_16_6_5_3_0_16u_config2_s'
================================================================
* Date:           Thu Jul  4 18:58:24 2024

* Version:        2022.2 (Build 3670227 on Oct 13 2022)
* Project:        kernel_wrapper
* Solution:       solution (Vitis Kernel Flow Target)
* Product family: virtexuplus
* Target device:  xcu55c-fsvh2892-2L-e


================================================================
== Performance Estimates
================================================================
+ Timing: 
    * Summary: 
    +--------+---------+----------+------------+
    |  Clock |  Target | Estimated| Uncertainty|
    +--------+---------+----------+------------+
    |ap_clk  |  5.00 ns|  3.625 ns|     1.35 ns|
    +--------+---------+----------+------------+

+ Latency: 
    * Summary: 
    +---------+---------+-----------+-----------+------+------+---------+
    |  Latency (cycles) |   Latency (absolute)  |   Interval  | Pipeline|
    |   min   |   max   |    min    |    max    |  min |  max |   Type  |
    +---------+---------+-----------+-----------+------+------+---------+
    |     3074|     3074|  15.370 us|  15.370 us|  3074|  3074|       no|
    +---------+---------+-----------+-----------+------+------+---------+

    + Detail: 
        * Instance: 
        +-----------------------------------------------------------------------------------+------------------------------------------------------------------------+---------+---------+-----------+-----------+-----+-----+---------+
        |                                                                                   |                                                                        |  Latency (cycles) |   Latency (absolute)  |  Interval | Pipeline|
        |                                      Instance                                     |                                 Module                                 |   min   |   max   |    min    |    max    | min | max |   Type  |
        +-----------------------------------------------------------------------------------+------------------------------------------------------------------------+---------+---------+-----------+-----------+-----+-----+---------+
        |grp_compute_output_buffer_2d_array_array_ap_fixed_16_6_5_3_0_16u_config2_s_fu_134  |compute_output_buffer_2d_array_array_ap_fixed_16_6_5_3_0_16u_config2_s  |        2|        2|  10.000 ns|  10.000 ns|    3|    3|      yes|
        +-----------------------------------------------------------------------------------+------------------------------------------------------------------------+---------+---------+-----------+-----------+-----+-----+---------+

        * Loop: 
        +----------------------------------+---------+---------+----------+-----------+-----------+------+----------+
        |                                  |  Latency (cycles) | Iteration|  Initiation Interval  | Trip |          |
        |             Loop Name            |   min   |   max   |  Latency |  achieved |   target  | Count| Pipelined|
        +----------------------------------+---------+---------+----------+-----------+-----------+------+----------+
        |- ReadInputHeight_ReadInputWidth  |     3072|     3072|         4|          3|          1|  1024|       yes|
        +----------------------------------+---------+---------+----------+-----------+-----------+------+----------+



================================================================
== Utilization Estimates
================================================================
* Summary: 
+---------------------+---------+------+---------+---------+-----+
|         Name        | BRAM_18K|  DSP |    FF   |   LUT   | URAM|
+---------------------+---------+------+---------+---------+-----+
|DSP                  |        -|     -|        -|        -|    -|
|Expression           |        -|     -|        0|       44|    -|
|FIFO                 |        -|     -|        -|        -|    -|
|Instance             |        -|    29|     2007|     7587|    -|
|Memory               |        -|     -|        -|        -|    -|
|Multiplexer          |        -|     -|        -|      110|    -|
|Register             |        -|     -|       20|        -|    -|
+---------------------+---------+------+---------+---------+-----+
|Total                |        0|    29|     2027|     7741|    0|
+---------------------+---------+------+---------+---------+-----+
|Available SLR        |     1344|  3008|   869120|   434560|  320|
+---------------------+---------+------+---------+---------+-----+
|Utilization SLR (%)  |        0|    ~0|       ~0|        1|    0|
+---------------------+---------+------+---------+---------+-----+
|Available            |     4032|  9024|  2607360|  1303680|  960|
+---------------------+---------+------+---------+---------+-----+
|Utilization (%)      |        0|    ~0|       ~0|       ~0|    0|
+---------------------+---------+------+---------+---------+-----+

+ Detail: 
    * Instance: 
    +-----------------------------------------------------------------------------------+------------------------------------------------------------------------+---------+----+------+------+-----+
    |                                      Instance                                     |                                 Module                                 | BRAM_18K| DSP|  FF  |  LUT | URAM|
    +-----------------------------------------------------------------------------------+------------------------------------------------------------------------+---------+----+------+------+-----+
    |grp_compute_output_buffer_2d_array_array_ap_fixed_16_6_5_3_0_16u_config2_s_fu_134  |compute_output_buffer_2d_array_array_ap_fixed_16_6_5_3_0_16u_config2_s  |        0|  29|  2007|  7587|    0|
    +-----------------------------------------------------------------------------------+------------------------------------------------------------------------+---------+----+------+------+-----+
    |Total                                                                              |                                                                        |        0|  29|  2007|  7587|    0|
    +-----------------------------------------------------------------------------------+------------------------------------------------------------------------+---------+----+------+------+-----+

    * DSP: 
    N/A

    * Memory: 
    N/A

    * FIFO: 
    N/A

    * Expression: 
    +------------------------------------------+----------+----+---+----+------------+------------+
    |               Variable Name              | Operation| DSP| FF| LUT| Bitwidth P0| Bitwidth P1|
    +------------------------------------------+----------+----+---+----+------------+------------+
    |add_ln79_fu_231_p2                        |         +|   0|  0|  18|          11|           1|
    |ap_block_pp0_stage0_11001_ignoreCallOp28  |       and|   0|  0|   2|           1|           1|
    |ap_block_state2_pp0_stage1_iter0          |       and|   0|  0|   2|           1|           1|
    |ap_block_state4_pp0_stage0_iter1          |       and|   0|  0|   2|           1|           1|
    |ap_condition_163                          |       and|   0|  0|   2|           1|           1|
    |icmp_ln79_fu_225_p2                       |      icmp|   0|  0|  12|          11|          12|
    |ap_block_pp0_stage0_11001                 |        or|   0|  0|   2|           1|           1|
    |ap_block_pp0_stage1_11001                 |        or|   0|  0|   2|           1|           1|
    |ap_enable_pp0                             |       xor|   0|  0|   2|           1|           2|
    +------------------------------------------+----------+----+---+----+------------+------------+
    |Total                                     |          |   0|  0|  44|          29|          21|
    +------------------------------------------+----------+----+---+----+------------+------------+

    * Multiplexer: 
    +--------------------------------------+----+-----------+-----+-----------+
    |                 Name                 | LUT| Input Size| Bits| Total Bits|
    +--------------------------------------+----+-----------+-----+-----------+
    |ap_NS_fsm                             |  20|          4|    1|          4|
    |ap_done_int                           |   9|          2|    1|          2|
    |ap_enable_reg_pp0_iter0               |   9|          2|    1|          2|
    |ap_enable_reg_pp0_iter0_reg           |   9|          2|    1|          2|
    |ap_enable_reg_pp0_iter1               |   9|          2|    1|          2|
    |ap_sig_allocacmp_indvar_flatten_load  |   9|          2|   11|         22|
    |indvar_flatten_fu_124                 |   9|          2|   11|         22|
    |input_r_blk_n                         |   9|          2|    1|          2|
    |layer2_out_blk_n                      |   9|          2|    1|          2|
    |layer2_out_write                      |   9|          2|    1|          2|
    |real_start                            |   9|          2|    1|          2|
    +--------------------------------------+----+-----------+-----+-----------+
    |Total                                 | 110|         24|   31|         64|
    +--------------------------------------+----+-----------+-----+-----------+

    * Register: 
    +------------------------------------------------------------------------------------------------+----+----+-----+-----------+
    |                                              Name                                              | FF | LUT| Bits| Const Bits|
    +------------------------------------------------------------------------------------------------+----+----+-----+-----------+
    |ap_CS_fsm                                                                                       |   3|   0|    3|          0|
    |ap_done_reg                                                                                     |   1|   0|    1|          0|
    |ap_enable_reg_pp0_iter0_reg                                                                     |   1|   0|    1|          0|
    |ap_enable_reg_pp0_iter1                                                                         |   1|   0|    1|          0|
    |grp_compute_output_buffer_2d_array_array_ap_fixed_16_6_5_3_0_16u_config2_s_fu_134_ap_start_reg  |   1|   0|    1|          0|
    |icmp_ln79_reg_276                                                                               |   1|   0|    1|          0|
    |indvar_flatten_fu_124                                                                           |  11|   0|   11|          0|
    |start_once_reg                                                                                  |   1|   0|    1|          0|
    +------------------------------------------------------------------------------------------------+----+----+-----+-----------+
    |Total                                                                                           |  20|   0|   20|          0|
    +------------------------------------------------------------------------------------------------+----+----+-----+-----------+



================================================================
== Interface
================================================================
* Summary: 
+---------------------------+-----+-----+------------+------------------------------------------------------------------------+--------------+
|         RTL Ports         | Dir | Bits|  Protocol  |                              Source Object                             |    C Type    |
+---------------------------+-----+-----+------------+------------------------------------------------------------------------+--------------+
|ap_clk                     |   in|    1|  ap_ctrl_hs|  conv_2d_cl<array<ap_fixed,3u>,array<ap_fixed<16,6,5,3,0>,16u>,config2>|  return value|
|ap_rst                     |   in|    1|  ap_ctrl_hs|  conv_2d_cl<array<ap_fixed,3u>,array<ap_fixed<16,6,5,3,0>,16u>,config2>|  return value|
|ap_start                   |   in|    1|  ap_ctrl_hs|  conv_2d_cl<array<ap_fixed,3u>,array<ap_fixed<16,6,5,3,0>,16u>,config2>|  return value|
|start_full_n               |   in|    1|  ap_ctrl_hs|  conv_2d_cl<array<ap_fixed,3u>,array<ap_fixed<16,6,5,3,0>,16u>,config2>|  return value|
|ap_done                    |  out|    1|  ap_ctrl_hs|  conv_2d_cl<array<ap_fixed,3u>,array<ap_fixed<16,6,5,3,0>,16u>,config2>|  return value|
|ap_continue                |   in|    1|  ap_ctrl_hs|  conv_2d_cl<array<ap_fixed,3u>,array<ap_fixed<16,6,5,3,0>,16u>,config2>|  return value|
|ap_idle                    |  out|    1|  ap_ctrl_hs|  conv_2d_cl<array<ap_fixed,3u>,array<ap_fixed<16,6,5,3,0>,16u>,config2>|  return value|
|ap_ready                   |  out|    1|  ap_ctrl_hs|  conv_2d_cl<array<ap_fixed,3u>,array<ap_fixed<16,6,5,3,0>,16u>,config2>|  return value|
|start_out                  |  out|    1|  ap_ctrl_hs|  conv_2d_cl<array<ap_fixed,3u>,array<ap_fixed<16,6,5,3,0>,16u>,config2>|  return value|
|start_write                |  out|    1|  ap_ctrl_hs|  conv_2d_cl<array<ap_fixed,3u>,array<ap_fixed<16,6,5,3,0>,16u>,config2>|  return value|
|input_r_dout               |   in|   48|     ap_fifo|                                                                 input_r|       pointer|
|input_r_num_data_valid     |   in|   11|     ap_fifo|                                                                 input_r|       pointer|
|input_r_fifo_cap           |   in|   11|     ap_fifo|                                                                 input_r|       pointer|
|input_r_empty_n            |   in|    1|     ap_fifo|                                                                 input_r|       pointer|
|input_r_read               |  out|    1|     ap_fifo|                                                                 input_r|       pointer|
|layer2_out_din             |  out|  256|     ap_fifo|                                                              layer2_out|       pointer|
|layer2_out_num_data_valid  |   in|   11|     ap_fifo|                                                              layer2_out|       pointer|
|layer2_out_fifo_cap        |   in|   11|     ap_fifo|                                                              layer2_out|       pointer|
|layer2_out_full_n          |   in|    1|     ap_fifo|                                                              layer2_out|       pointer|
|layer2_out_write           |  out|    1|     ap_fifo|                                                              layer2_out|       pointer|
+---------------------------+-----+-----+------------+------------------------------------------------------------------------+--------------+

